DEBUG - 2025-07-29 05:20:57 --> Session: Class initialized using 'CodeIgniter\Session\Handlers\FileHandler' driver.
DEBUG - 2025-07-29 05:20:57 --> User IP: ::1
DEBUG - 2025-07-29 08:31:20 --> Session: Class initialized using 'CodeIgniter\Session\Handlers\FileHandler' driver.
DEBUG - 2025-07-29 08:31:20 --> User IP: ::1
DEBUG - 2025-07-29 08:31:29 --> Session: Class initialized using 'CodeIgniter\Session\Handlers\FileHandler' driver.
DEBUG - 2025-07-29 08:31:29 --> User IP: ::1
DEBUG - 2025-07-29 08:31:29 --> Session: Class initialized using 'CodeIgniter\Session\Handlers\FileHandler' driver.
DEBUG - 2025-07-29 08:31:29 --> User IP: ::1
DEBUG - 2025-07-29 08:31:51 --> Session: Class initialized using 'CodeIgniter\Session\Handlers\FileHandler' driver.
DEBUG - 2025-07-29 08:31:51 --> User IP: ::1
DEBUG - 2025-07-29 08:31:51 --> Session: Class initialized using 'CodeIgniter\Session\Handlers\FileHandler' driver.
DEBUG - 2025-07-29 08:31:51 --> User IP: ::1
DEBUG - 2025-07-29 08:34:16 --> Session: Class initialized using 'CodeIgniter\Session\Handlers\FileHandler' driver.
DEBUG - 2025-07-29 08:34:16 --> User IP: ::1
DEBUG - 2025-07-29 08:34:16 --> Session: Class initialized using 'CodeIgniter\Session\Handlers\FileHandler' driver.
DEBUG - 2025-07-29 08:34:16 --> User IP: ::1
DEBUG - 2025-07-29 08:36:03 --> Session: Class initialized using 'CodeIgniter\Session\Handlers\FileHandler' driver.
DEBUG - 2025-07-29 08:36:03 --> User IP: ::1
DEBUG - 2025-07-29 08:36:08 --> Session: Class initialized using 'CodeIgniter\Session\Handlers\FileHandler' driver.
DEBUG - 2025-07-29 08:36:08 --> User IP: ::1
DEBUG - 2025-07-29 08:36:14 --> Session: Class initialized using 'CodeIgniter\Session\Handlers\FileHandler' driver.
DEBUG - 2025-07-29 08:36:14 --> User IP: ::1
DEBUG - 2025-07-29 08:36:16 --> Session: Class initialized using 'CodeIgniter\Session\Handlers\FileHandler' driver.
DEBUG - 2025-07-29 08:36:16 --> User IP: ::1
DEBUG - 2025-07-29 08:36:18 --> Session: Class initialized using 'CodeIgniter\Session\Handlers\FileHandler' driver.
DEBUG - 2025-07-29 08:36:18 --> User IP: ::1
DEBUG - 2025-07-29 08:36:20 --> Session: Class initialized using 'CodeIgniter\Session\Handlers\FileHandler' driver.
DEBUG - 2025-07-29 08:36:20 --> User IP: ::1
DEBUG - 2025-07-29 08:36:21 --> Session: Class initialized using 'CodeIgniter\Session\Handlers\FileHandler' driver.
DEBUG - 2025-07-29 08:36:21 --> User IP: ::1
DEBUG - 2025-07-29 08:36:21 --> Session: Class initialized using 'CodeIgniter\Session\Handlers\FileHandler' driver.
DEBUG - 2025-07-29 08:36:21 --> User IP: ::1
DEBUG - 2025-07-29 08:42:13 --> Session: Class initialized using 'CodeIgniter\Session\Handlers\FileHandler' driver.
DEBUG - 2025-07-29 08:42:13 --> User IP: ::1
DEBUG - 2025-07-29 08:42:16 --> Session: Class initialized using 'CodeIgniter\Session\Handlers\FileHandler' driver.
DEBUG - 2025-07-29 08:42:16 --> User IP: ::1
DEBUG - 2025-07-29 08:42:19 --> Session: Class initialized using 'CodeIgniter\Session\Handlers\FileHandler' driver.
DEBUG - 2025-07-29 08:42:19 --> User IP: ::1
DEBUG - 2025-07-29 08:42:21 --> Session: Class initialized using 'CodeIgniter\Session\Handlers\FileHandler' driver.
DEBUG - 2025-07-29 08:42:21 --> User IP: ::1
DEBUG - 2025-07-29 08:42:27 --> Session: Class initialized using 'CodeIgniter\Session\Handlers\FileHandler' driver.
DEBUG - 2025-07-29 08:42:27 --> User IP: ::1
DEBUG - 2025-07-29 08:42:30 --> Session: Class initialized using 'CodeIgniter\Session\Handlers\FileHandler' driver.
DEBUG - 2025-07-29 08:42:30 --> User IP: ::1
DEBUG - 2025-07-29 08:42:31 --> Session: Class initialized using 'CodeIgniter\Session\Handlers\FileHandler' driver.
DEBUG - 2025-07-29 08:42:31 --> User IP: ::1
DEBUG - 2025-07-29 08:42:31 --> Session: Class initialized using 'CodeIgniter\Session\Handlers\FileHandler' driver.
DEBUG - 2025-07-29 08:42:31 --> User IP: ::1
DEBUG - 2025-07-29 08:42:31 --> Session: Class initialized using 'CodeIgniter\Session\Handlers\FileHandler' driver.
DEBUG - 2025-07-29 08:42:31 --> User IP: ::1
DEBUG - 2025-07-29 08:51:28 --> Session: Class initialized using 'CodeIgniter\Session\Handlers\FileHandler' driver.
DEBUG - 2025-07-29 08:51:28 --> User IP: ::1
DEBUG - 2025-07-29 08:51:29 --> Session: Class initialized using 'CodeIgniter\Session\Handlers\FileHandler' driver.
DEBUG - 2025-07-29 08:51:29 --> User IP: ::1
DEBUG - 2025-07-29 08:51:29 --> Session: Class initialized using 'CodeIgniter\Session\Handlers\FileHandler' driver.
DEBUG - 2025-07-29 08:51:29 --> User IP: ::1
DEBUG - 2025-07-29 08:51:29 --> Session: Class initialized using 'CodeIgniter\Session\Handlers\FileHandler' driver.
DEBUG - 2025-07-29 08:51:29 --> User IP: ::1
DEBUG - 2025-07-29 08:54:25 --> Session: Class initialized using 'CodeIgniter\Session\Handlers\FileHandler' driver.
DEBUG - 2025-07-29 08:54:26 --> User IP: ::1
DEBUG - 2025-07-29 08:54:28 --> Session: Class initialized using 'CodeIgniter\Session\Handlers\FileHandler' driver.
DEBUG - 2025-07-29 08:54:28 --> User IP: ::1
DEBUG - 2025-07-29 08:54:34 --> Session: Class initialized using 'CodeIgniter\Session\Handlers\FileHandler' driver.
DEBUG - 2025-07-29 08:54:34 --> User IP: ::1
DEBUG - 2025-07-29 08:54:36 --> Session: Class initialized using 'CodeIgniter\Session\Handlers\FileHandler' driver.
DEBUG - 2025-07-29 08:54:36 --> User IP: ::1
DEBUG - 2025-07-29 08:54:37 --> Session: Class initialized using 'CodeIgniter\Session\Handlers\FileHandler' driver.
DEBUG - 2025-07-29 08:54:37 --> User IP: ::1
DEBUG - 2025-07-29 08:54:37 --> Session: Class initialized using 'CodeIgniter\Session\Handlers\FileHandler' driver.
DEBUG - 2025-07-29 08:54:37 --> User IP: ::1
DEBUG - 2025-07-29 08:54:37 --> Session: Class initialized using 'CodeIgniter\Session\Handlers\FileHandler' driver.
DEBUG - 2025-07-29 08:54:37 --> User IP: ::1
DEBUG - 2025-07-29 08:56:17 --> Session: Class initialized using 'CodeIgniter\Session\Handlers\FileHandler' driver.
DEBUG - 2025-07-29 08:56:17 --> User IP: ::1
ERROR - 2025-07-29 08:56:17 --> mysqli_sql_exception: Unknown column 'first_name' in 'field list' in C:\xampp\htdocs\gighz\system\Database\MySQLi\Connection.php:312
Stack trace:
#0 C:\xampp\htdocs\gighz\system\Database\MySQLi\Connection.php(312): mysqli->query('UPDATE employee...', 0)
#1 C:\xampp\htdocs\gighz\system\Database\BaseConnection.php(734): CodeIgniter\Database\MySQLi\Connection->execute('UPDATE employee...')
#2 C:\xampp\htdocs\gighz\system\Database\BaseConnection.php(648): CodeIgniter\Database\BaseConnection->simpleQuery('UPDATE employee...')
#3 C:\xampp\htdocs\gighz\app\Controllers\Hrms.php(588): CodeIgniter\Database\BaseConnection->query('UPDATE employee...', Array)
#4 C:\xampp\htdocs\gighz\system\CodeIgniter.php(933): App\Controllers\Hrms->updateEmployee()
#5 C:\xampp\htdocs\gighz\system\CodeIgniter.php(509): CodeIgniter\CodeIgniter->runController(Object(App\Controllers\Hrms))
#6 C:\xampp\htdocs\gighz\system\CodeIgniter.php(355): CodeIgniter\CodeIgniter->handleRequest(NULL, Object(Config\Cache), false)
#7 C:\xampp\htdocs\gighz\system\Boot.php(334): CodeIgniter\CodeIgniter->run()
#8 C:\xampp\htdocs\gighz\system\Boot.php(67): CodeIgniter\Boot::runCodeIgniter(Object(CodeIgniter\CodeIgniter))
#9 C:\xampp\htdocs\gighz\public\index.php(56): CodeIgniter\Boot::bootWeb(Object(Config\Paths))
#10 {main}
CRITICAL - 2025-07-29 08:56:17 --> CodeIgniter\Database\Exceptions\DatabaseException: Unknown column 'first_name' in 'field list'
[Method: POST, Route: hrms/updateemployee]
in SYSTEMPATH\Database\BaseConnection.php on line 688.
 1 APPPATH\Controllers\Hrms.php(588): CodeIgniter\Database\BaseConnection->query('UPDATE employees SET no = ?, first_name = ?, last_name = ?, initial = ?, name = ?, dob = ?, doj = ?, official_mail = ?, personal_mail = ?, phone_no = ?, alternate_no = ?, emergency_contact = ?, alter_contact = ?, role = ?, emp_id = ?, attendance_id = ?, designation = ?, dept = ?, grade = ?, source_hire = ?, exprience = ?, blood_group = ?, marriage = ?, aadhaar = ?, pan = ?, city = ?, pincode = ?, residential_address = ?, permanent_address = ?, course_name = ?, institute = ?, course_completed_date = ?, course_grade = ?, guradian_name = ?, emp_status = ?, image = ?, additional_dept = ? WHERE emp_id = ?', [...])
 2 SYSTEMPATH\CodeIgniter.php(933): App\Controllers\Hrms->updateEmployee()
 3 SYSTEMPATH\CodeIgniter.php(509): CodeIgniter\CodeIgniter->runController(Object(App\Controllers\Hrms))
 4 SYSTEMPATH\CodeIgniter.php(355): CodeIgniter\CodeIgniter->handleRequest(null, Object(Config\Cache), false)
 5 SYSTEMPATH\Boot.php(334): CodeIgniter\CodeIgniter->run()
 6 SYSTEMPATH\Boot.php(67): CodeIgniter\Boot::runCodeIgniter(Object(CodeIgniter\CodeIgniter))
 7 FCPATH\index.php(56): CodeIgniter\Boot::bootWeb(Object(Config\Paths))
CRITICAL - 2025-07-29 08:56:17 --> [Caused by] CodeIgniter\Database\Exceptions\DatabaseException: Unknown column 'first_name' in 'field list'
in SYSTEMPATH\Database\MySQLi\Connection.php on line 317.
 1 SYSTEMPATH\Database\BaseConnection.php(734): CodeIgniter\Database\MySQLi\Connection->execute('UPDATE employees SET no = \'36\', first_name = \'Magendiran\', last_name = \'\', initial = \'M\', name = \'Magendiran M\', dob = \'2003-11-17\', doj = \'2024-09-25\', official_mail = \'magendiran.m@gighz.net\', personal_mail = \'mmagi1617@gmail.com\', phone_no = \'9025155783\', alternate_no = \'8489654631\', emergency_contact = \'9025155783\', alter_contact = \'8489654631\', role = \'3\', emp_id = \'GZ44\', attendance_id = \'23\', designation = \'44\', dept = \'4\', grade = \'E1\', source_hire = \'Job Fare Tirupattur\', exprience = \'1\', blood_group = \'O+\', marriage = \'UnMarried\', aadhaar = \'6430 3022 7701\', pan = \'GMPPM6508A\', city = \'Tirupattur\', pincode = \'635 710\', residential_address = \'374 - Gundureddiyur village, Mittur Post, Tirupattur Taluk and District, Tamil Nadu, 635 710\', permanent_address = \'374 - Gundureddiyur village, Mittur Post, Tirupattur Taluk and District, Tamil Nadu, 635 710\', course_name = \'B.Sc Computer Science\', institute = \'Govt Arts & Science College, Tirupattur\', course_completed_date = \'2023-05\', course_grade = \'7.3\', guradian_name = \'Murugan.S\', emp_status = \'1\', image = \'Magendiran copy2.png\', additional_dept = \'\' WHERE emp_id = \'GZ44\'')
 2 SYSTEMPATH\Database\BaseConnection.php(648): CodeIgniter\Database\BaseConnection->simpleQuery('UPDATE employees SET no = \'36\', first_name = \'Magendiran\', last_name = \'\', initial = \'M\', name = \'Magendiran M\', dob = \'2003-11-17\', doj = \'2024-09-25\', official_mail = \'magendiran.m@gighz.net\', personal_mail = \'mmagi1617@gmail.com\', phone_no = \'9025155783\', alternate_no = \'8489654631\', emergency_contact = \'9025155783\', alter_contact = \'8489654631\', role = \'3\', emp_id = \'GZ44\', attendance_id = \'23\', designation = \'44\', dept = \'4\', grade = \'E1\', source_hire = \'Job Fare Tirupattur\', exprience = \'1\', blood_group = \'O+\', marriage = \'UnMarried\', aadhaar = \'6430 3022 7701\', pan = \'GMPPM6508A\', city = \'Tirupattur\', pincode = \'635 710\', residential_address = \'374 - Gundureddiyur village, Mittur Post, Tirupattur Taluk and District, Tamil Nadu, 635 710\', permanent_address = \'374 - Gundureddiyur village, Mittur Post, Tirupattur Taluk and District, Tamil Nadu, 635 710\', course_name = \'B.Sc Computer Science\', institute = \'Govt Arts & Science College, Tirupattur\', course_completed_date = \'2023-05\', course_grade = \'7.3\', guradian_name = \'Murugan.S\', emp_status = \'1\', image = \'Magendiran copy2.png\', additional_dept = \'\' WHERE emp_id = \'GZ44\'')
 3 APPPATH\Controllers\Hrms.php(588): CodeIgniter\Database\BaseConnection->query('UPDATE employees SET no = ?, first_name = ?, last_name = ?, initial = ?, name = ?, dob = ?, doj = ?, official_mail = ?, personal_mail = ?, phone_no = ?, alternate_no = ?, emergency_contact = ?, alter_contact = ?, role = ?, emp_id = ?, attendance_id = ?, designation = ?, dept = ?, grade = ?, source_hire = ?, exprience = ?, blood_group = ?, marriage = ?, aadhaar = ?, pan = ?, city = ?, pincode = ?, residential_address = ?, permanent_address = ?, course_name = ?, institute = ?, course_completed_date = ?, course_grade = ?, guradian_name = ?, emp_status = ?, image = ?, additional_dept = ? WHERE emp_id = ?', [...])
 4 SYSTEMPATH\CodeIgniter.php(933): App\Controllers\Hrms->updateEmployee()
 5 SYSTEMPATH\CodeIgniter.php(509): CodeIgniter\CodeIgniter->runController(Object(App\Controllers\Hrms))
 6 SYSTEMPATH\CodeIgniter.php(355): CodeIgniter\CodeIgniter->handleRequest(null, Object(Config\Cache), false)
 7 SYSTEMPATH\Boot.php(334): CodeIgniter\CodeIgniter->run()
 8 SYSTEMPATH\Boot.php(67): CodeIgniter\Boot::runCodeIgniter(Object(CodeIgniter\CodeIgniter))
 9 FCPATH\index.php(56): CodeIgniter\Boot::bootWeb(Object(Config\Paths))
CRITICAL - 2025-07-29 08:56:17 --> [Caused by] mysqli_sql_exception: Unknown column 'first_name' in 'field list'
in SYSTEMPATH\Database\MySQLi\Connection.php on line 312.
 1 SYSTEMPATH\Database\MySQLi\Connection.php(312): mysqli->query('UPDATE employees SET no = \'36\', first_name = \'Magendiran\', last_name = \'\', initial = \'M\', name = \'Magendiran M\', dob = \'2003-11-17\', doj = \'2024-09-25\', official_mail = \'magendiran.m@gighz.net\', personal_mail = \'mmagi1617@gmail.com\', phone_no = \'9025155783\', alternate_no = \'8489654631\', emergency_contact = \'9025155783\', alter_contact = \'8489654631\', role = \'3\', emp_id = \'GZ44\', attendance_id = \'23\', designation = \'44\', dept = \'4\', grade = \'E1\', source_hire = \'Job Fare Tirupattur\', exprience = \'1\', blood_group = \'O+\', marriage = \'UnMarried\', aadhaar = \'6430 3022 7701\', pan = \'GMPPM6508A\', city = \'Tirupattur\', pincode = \'635 710\', residential_address = \'374 - Gundureddiyur village, Mittur Post, Tirupattur Taluk and District, Tamil Nadu, 635 710\', permanent_address = \'374 - Gundureddiyur village, Mittur Post, Tirupattur Taluk and District, Tamil Nadu, 635 710\', course_name = \'B.Sc Computer Science\', institute = \'Govt Arts & Science College, Tirupattur\', course_completed_date = \'2023-05\', course_grade = \'7.3\', guradian_name = \'Murugan.S\', emp_status = \'1\', image = \'Magendiran copy2.png\', additional_dept = \'\' WHERE emp_id = \'GZ44\'', 0)
 2 SYSTEMPATH\Database\BaseConnection.php(734): CodeIgniter\Database\MySQLi\Connection->execute('UPDATE employees SET no = \'36\', first_name = \'Magendiran\', last_name = \'\', initial = \'M\', name = \'Magendiran M\', dob = \'2003-11-17\', doj = \'2024-09-25\', official_mail = \'magendiran.m@gighz.net\', personal_mail = \'mmagi1617@gmail.com\', phone_no = \'9025155783\', alternate_no = \'8489654631\', emergency_contact = \'9025155783\', alter_contact = \'8489654631\', role = \'3\', emp_id = \'GZ44\', attendance_id = \'23\', designation = \'44\', dept = \'4\', grade = \'E1\', source_hire = \'Job Fare Tirupattur\', exprience = \'1\', blood_group = \'O+\', marriage = \'UnMarried\', aadhaar = \'6430 3022 7701\', pan = \'GMPPM6508A\', city = \'Tirupattur\', pincode = \'635 710\', residential_address = \'374 - Gundureddiyur village, Mittur Post, Tirupattur Taluk and District, Tamil Nadu, 635 710\', permanent_address = \'374 - Gundureddiyur village, Mittur Post, Tirupattur Taluk and District, Tamil Nadu, 635 710\', course_name = \'B.Sc Computer Science\', institute = \'Govt Arts & Science College, Tirupattur\', course_completed_date = \'2023-05\', course_grade = \'7.3\', guradian_name = \'Murugan.S\', emp_status = \'1\', image = \'Magendiran copy2.png\', additional_dept = \'\' WHERE emp_id = \'GZ44\'')
 3 SYSTEMPATH\Database\BaseConnection.php(648): CodeIgniter\Database\BaseConnection->simpleQuery('UPDATE employees SET no = \'36\', first_name = \'Magendiran\', last_name = \'\', initial = \'M\', name = \'Magendiran M\', dob = \'2003-11-17\', doj = \'2024-09-25\', official_mail = \'magendiran.m@gighz.net\', personal_mail = \'mmagi1617@gmail.com\', phone_no = \'9025155783\', alternate_no = \'8489654631\', emergency_contact = \'9025155783\', alter_contact = \'8489654631\', role = \'3\', emp_id = \'GZ44\', attendance_id = \'23\', designation = \'44\', dept = \'4\', grade = \'E1\', source_hire = \'Job Fare Tirupattur\', exprience = \'1\', blood_group = \'O+\', marriage = \'UnMarried\', aadhaar = \'6430 3022 7701\', pan = \'GMPPM6508A\', city = \'Tirupattur\', pincode = \'635 710\', residential_address = \'374 - Gundureddiyur village, Mittur Post, Tirupattur Taluk and District, Tamil Nadu, 635 710\', permanent_address = \'374 - Gundureddiyur village, Mittur Post, Tirupattur Taluk and District, Tamil Nadu, 635 710\', course_name = \'B.Sc Computer Science\', institute = \'Govt Arts & Science College, Tirupattur\', course_completed_date = \'2023-05\', course_grade = \'7.3\', guradian_name = \'Murugan.S\', emp_status = \'1\', image = \'Magendiran copy2.png\', additional_dept = \'\' WHERE emp_id = \'GZ44\'')
 4 APPPATH\Controllers\Hrms.php(588): CodeIgniter\Database\BaseConnection->query('UPDATE employees SET no = ?, first_name = ?, last_name = ?, initial = ?, name = ?, dob = ?, doj = ?, official_mail = ?, personal_mail = ?, phone_no = ?, alternate_no = ?, emergency_contact = ?, alter_contact = ?, role = ?, emp_id = ?, attendance_id = ?, designation = ?, dept = ?, grade = ?, source_hire = ?, exprience = ?, blood_group = ?, marriage = ?, aadhaar = ?, pan = ?, city = ?, pincode = ?, residential_address = ?, permanent_address = ?, course_name = ?, institute = ?, course_completed_date = ?, course_grade = ?, guradian_name = ?, emp_status = ?, image = ?, additional_dept = ? WHERE emp_id = ?', [...])
 5 SYSTEMPATH\CodeIgniter.php(933): App\Controllers\Hrms->updateEmployee()
 6 SYSTEMPATH\CodeIgniter.php(509): CodeIgniter\CodeIgniter->runController(Object(App\Controllers\Hrms))
 7 SYSTEMPATH\CodeIgniter.php(355): CodeIgniter\CodeIgniter->handleRequest(null, Object(Config\Cache), false)
 8 SYSTEMPATH\Boot.php(334): CodeIgniter\CodeIgniter->run()
 9 SYSTEMPATH\Boot.php(67): CodeIgniter\Boot::runCodeIgniter(Object(CodeIgniter\CodeIgniter))
10 FCPATH\index.php(56): CodeIgniter\Boot::bootWeb(Object(Config\Paths))
DEBUG - 2025-07-29 08:58:31 --> Session: Class initialized using 'CodeIgniter\Session\Handlers\FileHandler' driver.
DEBUG - 2025-07-29 08:58:31 --> User IP: ::1
DEBUG - 2025-07-29 08:58:34 --> Session: Class initialized using 'CodeIgniter\Session\Handlers\FileHandler' driver.
DEBUG - 2025-07-29 08:58:34 --> User IP: ::1
DEBUG - 2025-07-29 08:58:37 --> Session: Class initialized using 'CodeIgniter\Session\Handlers\FileHandler' driver.
DEBUG - 2025-07-29 08:58:37 --> User IP: ::1
DEBUG - 2025-07-29 08:58:39 --> Session: Class initialized using 'CodeIgniter\Session\Handlers\FileHandler' driver.
DEBUG - 2025-07-29 08:58:39 --> User IP: ::1
DEBUG - 2025-07-29 08:58:40 --> Session: Class initialized using 'CodeIgniter\Session\Handlers\FileHandler' driver.
DEBUG - 2025-07-29 08:58:40 --> User IP: ::1
DEBUG - 2025-07-29 08:58:40 --> Session: Class initialized using 'CodeIgniter\Session\Handlers\FileHandler' driver.
DEBUG - 2025-07-29 08:58:40 --> User IP: ::1
DEBUG - 2025-07-29 08:58:41 --> Session: Class initialized using 'CodeIgniter\Session\Handlers\FileHandler' driver.
DEBUG - 2025-07-29 08:58:41 --> User IP: ::1
DEBUG - 2025-07-29 08:59:14 --> Session: Class initialized using 'CodeIgniter\Session\Handlers\FileHandler' driver.
DEBUG - 2025-07-29 08:59:14 --> User IP: ::1
DEBUG - 2025-07-29 10:18:36 --> Session: Class initialized using 'CodeIgniter\Session\Handlers\FileHandler' driver.
DEBUG - 2025-07-29 10:18:36 --> User IP: ::1
DEBUG - 2025-07-29 10:19:51 --> Session: Class initialized using 'CodeIgniter\Session\Handlers\FileHandler' driver.
DEBUG - 2025-07-29 10:19:51 --> User IP: ::1
DEBUG - 2025-07-29 10:20:19 --> Session: Class initialized using 'CodeIgniter\Session\Handlers\FileHandler' driver.
DEBUG - 2025-07-29 10:20:19 --> User IP: ::1
DEBUG - 2025-07-29 10:20:43 --> Session: Class initialized using 'CodeIgniter\Session\Handlers\FileHandler' driver.
DEBUG - 2025-07-29 10:20:43 --> User IP: ::1
DEBUG - 2025-07-29 10:22:23 --> Session: Class initialized using 'CodeIgniter\Session\Handlers\FileHandler' driver.
DEBUG - 2025-07-29 10:22:23 --> User IP: ::1
DEBUG - 2025-07-29 10:22:28 --> Session: Class initialized using 'CodeIgniter\Session\Handlers\FileHandler' driver.
DEBUG - 2025-07-29 10:22:28 --> User IP: ::1
DEBUG - 2025-07-29 10:23:21 --> Session: Class initialized using 'CodeIgniter\Session\Handlers\FileHandler' driver.
DEBUG - 2025-07-29 10:23:21 --> User IP: ::1
DEBUG - 2025-07-29 10:23:25 --> Session: Class initialized using 'CodeIgniter\Session\Handlers\FileHandler' driver.
DEBUG - 2025-07-29 10:23:25 --> User IP: ::1
DEBUG - 2025-07-29 10:37:11 --> Session: Class initialized using 'CodeIgniter\Session\Handlers\FileHandler' driver.
DEBUG - 2025-07-29 10:37:11 --> User IP: ::1
DEBUG - 2025-07-29 10:38:51 --> Session: Class initialized using 'CodeIgniter\Session\Handlers\FileHandler' driver.
DEBUG - 2025-07-29 10:38:51 --> User IP: ::1
DEBUG - 2025-07-29 10:41:01 --> Session: Class initialized using 'CodeIgniter\Session\Handlers\FileHandler' driver.
DEBUG - 2025-07-29 10:41:01 --> User IP: ::1
DEBUG - 2025-07-29 10:41:02 --> Session: Class initialized using 'CodeIgniter\Session\Handlers\FileHandler' driver.
DEBUG - 2025-07-29 10:41:02 --> User IP: ::1
DEBUG - 2025-07-29 10:42:09 --> Session: Class initialized using 'CodeIgniter\Session\Handlers\FileHandler' driver.
DEBUG - 2025-07-29 10:42:09 --> User IP: ::1
DEBUG - 2025-07-29 10:42:10 --> Session: Class initialized using 'CodeIgniter\Session\Handlers\FileHandler' driver.
DEBUG - 2025-07-29 10:42:10 --> User IP: ::1
DEBUG - 2025-07-29 10:42:35 --> Session: Class initialized using 'CodeIgniter\Session\Handlers\FileHandler' driver.
DEBUG - 2025-07-29 10:42:35 --> User IP: ::1
DEBUG - 2025-07-29 10:42:36 --> Session: Class initialized using 'CodeIgniter\Session\Handlers\FileHandler' driver.
DEBUG - 2025-07-29 10:42:36 --> User IP: ::1
DEBUG - 2025-07-29 10:42:54 --> Session: Class initialized using 'CodeIgniter\Session\Handlers\FileHandler' driver.
DEBUG - 2025-07-29 10:42:54 --> User IP: ::1
DEBUG - 2025-07-29 10:43:12 --> Session: Class initialized using 'CodeIgniter\Session\Handlers\FileHandler' driver.
DEBUG - 2025-07-29 10:43:12 --> User IP: ::1
DEBUG - 2025-07-29 10:43:12 --> Session: Class initialized using 'CodeIgniter\Session\Handlers\FileHandler' driver.
DEBUG - 2025-07-29 10:43:12 --> User IP: ::1
DEBUG - 2025-07-29 10:43:19 --> Session: Class initialized using 'CodeIgniter\Session\Handlers\FileHandler' driver.
DEBUG - 2025-07-29 10:43:19 --> User IP: ::1
DEBUG - 2025-07-29 10:43:54 --> Session: Class initialized using 'CodeIgniter\Session\Handlers\FileHandler' driver.
DEBUG - 2025-07-29 10:43:54 --> User IP: ::1
DEBUG - 2025-07-29 10:43:55 --> Session: Class initialized using 'CodeIgniter\Session\Handlers\FileHandler' driver.
DEBUG - 2025-07-29 10:43:55 --> User IP: ::1
DEBUG - 2025-07-29 10:43:56 --> Session: Class initialized using 'CodeIgniter\Session\Handlers\FileHandler' driver.
DEBUG - 2025-07-29 10:43:56 --> User IP: ::1
DEBUG - 2025-07-29 10:44:47 --> Session: Class initialized using 'CodeIgniter\Session\Handlers\FileHandler' driver.
DEBUG - 2025-07-29 10:44:47 --> User IP: ::1
DEBUG - 2025-07-29 10:44:51 --> Session: Class initialized using 'CodeIgniter\Session\Handlers\FileHandler' driver.
DEBUG - 2025-07-29 10:44:51 --> User IP: ::1
DEBUG - 2025-07-29 10:44:53 --> Session: Class initialized using 'CodeIgniter\Session\Handlers\FileHandler' driver.
DEBUG - 2025-07-29 10:44:53 --> User IP: ::1
DEBUG - 2025-07-29 10:44:54 --> Session: Class initialized using 'CodeIgniter\Session\Handlers\FileHandler' driver.
DEBUG - 2025-07-29 10:44:54 --> User IP: ::1
DEBUG - 2025-07-29 10:48:05 --> Session: Class initialized using 'CodeIgniter\Session\Handlers\FileHandler' driver.
DEBUG - 2025-07-29 10:48:05 --> User IP: ::1
DEBUG - 2025-07-29 10:48:05 --> Session: Class initialized using 'CodeIgniter\Session\Handlers\FileHandler' driver.
DEBUG - 2025-07-29 10:48:05 --> User IP: ::1
DEBUG - 2025-07-29 10:48:07 --> Session: Class initialized using 'CodeIgniter\Session\Handlers\FileHandler' driver.
DEBUG - 2025-07-29 10:48:07 --> User IP: ::1
DEBUG - 2025-07-29 10:48:16 --> Session: Class initialized using 'CodeIgniter\Session\Handlers\FileHandler' driver.
DEBUG - 2025-07-29 10:48:16 --> User IP: ::1
DEBUG - 2025-07-29 10:48:17 --> Session: Class initialized using 'CodeIgniter\Session\Handlers\FileHandler' driver.
DEBUG - 2025-07-29 10:48:17 --> User IP: ::1
DEBUG - 2025-07-29 10:48:19 --> Session: Class initialized using 'CodeIgniter\Session\Handlers\FileHandler' driver.
DEBUG - 2025-07-29 10:48:19 --> User IP: ::1
DEBUG - 2025-07-29 10:48:19 --> Session: Class initialized using 'CodeIgniter\Session\Handlers\FileHandler' driver.
DEBUG - 2025-07-29 10:48:19 --> User IP: ::1
DEBUG - 2025-07-29 10:48:20 --> Session: Class initialized using 'CodeIgniter\Session\Handlers\FileHandler' driver.
DEBUG - 2025-07-29 10:48:20 --> User IP: ::1
DEBUG - 2025-07-29 10:51:38 --> Session: Class initialized using 'CodeIgniter\Session\Handlers\FileHandler' driver.
DEBUG - 2025-07-29 10:51:38 --> User IP: ::1
DEBUG - 2025-07-29 10:51:39 --> Session: Class initialized using 'CodeIgniter\Session\Handlers\FileHandler' driver.
DEBUG - 2025-07-29 10:51:39 --> User IP: ::1
DEBUG - 2025-07-29 10:52:37 --> Session: Class initialized using 'CodeIgniter\Session\Handlers\FileHandler' driver.
DEBUG - 2025-07-29 10:52:37 --> User IP: ::1
DEBUG - 2025-07-29 10:52:38 --> Session: Class initialized using 'CodeIgniter\Session\Handlers\FileHandler' driver.
DEBUG - 2025-07-29 10:52:38 --> User IP: ::1
DEBUG - 2025-07-29 10:52:43 --> Session: Class initialized using 'CodeIgniter\Session\Handlers\FileHandler' driver.
DEBUG - 2025-07-29 10:52:43 --> User IP: ::1
DEBUG - 2025-07-29 10:52:43 --> Session: Class initialized using 'CodeIgniter\Session\Handlers\FileHandler' driver.
DEBUG - 2025-07-29 10:52:43 --> User IP: ::1
DEBUG - 2025-07-29 10:52:45 --> Session: Class initialized using 'CodeIgniter\Session\Handlers\FileHandler' driver.
DEBUG - 2025-07-29 10:52:45 --> User IP: ::1
DEBUG - 2025-07-29 10:52:52 --> Session: Class initialized using 'CodeIgniter\Session\Handlers\FileHandler' driver.
DEBUG - 2025-07-29 10:52:52 --> User IP: ::1
DEBUG - 2025-07-29 10:52:54 --> Session: Class initialized using 'CodeIgniter\Session\Handlers\FileHandler' driver.
DEBUG - 2025-07-29 10:52:54 --> User IP: ::1
DEBUG - 2025-07-29 10:53:57 --> Session: Class initialized using 'CodeIgniter\Session\Handlers\FileHandler' driver.
DEBUG - 2025-07-29 10:53:57 --> User IP: ::1
DEBUG - 2025-07-29 10:53:58 --> Session: Class initialized using 'CodeIgniter\Session\Handlers\FileHandler' driver.
DEBUG - 2025-07-29 10:53:58 --> User IP: ::1
DEBUG - 2025-07-29 10:53:59 --> Session: Class initialized using 'CodeIgniter\Session\Handlers\FileHandler' driver.
DEBUG - 2025-07-29 10:53:59 --> User IP: ::1
DEBUG - 2025-07-29 10:54:03 --> Session: Class initialized using 'CodeIgniter\Session\Handlers\FileHandler' driver.
DEBUG - 2025-07-29 10:54:03 --> User IP: ::1
DEBUG - 2025-07-29 10:54:07 --> Session: Class initialized using 'CodeIgniter\Session\Handlers\FileHandler' driver.
DEBUG - 2025-07-29 10:54:08 --> User IP: ::1
DEBUG - 2025-07-29 10:54:08 --> Session: Class initialized using 'CodeIgniter\Session\Handlers\FileHandler' driver.
DEBUG - 2025-07-29 10:54:08 --> User IP: ::1
DEBUG - 2025-07-29 10:54:09 --> Session: Class initialized using 'CodeIgniter\Session\Handlers\FileHandler' driver.
DEBUG - 2025-07-29 10:54:09 --> User IP: ::1
DEBUG - 2025-07-29 10:54:10 --> Session: Class initialized using 'CodeIgniter\Session\Handlers\FileHandler' driver.
DEBUG - 2025-07-29 10:54:10 --> User IP: ::1
DEBUG - 2025-07-29 10:55:11 --> Session: Class initialized using 'CodeIgniter\Session\Handlers\FileHandler' driver.
DEBUG - 2025-07-29 10:55:11 --> User IP: ::1
DEBUG - 2025-07-29 10:55:12 --> Session: Class initialized using 'CodeIgniter\Session\Handlers\FileHandler' driver.
DEBUG - 2025-07-29 10:55:12 --> User IP: ::1
DEBUG - 2025-07-29 10:55:15 --> Session: Class initialized using 'CodeIgniter\Session\Handlers\FileHandler' driver.
DEBUG - 2025-07-29 10:55:15 --> User IP: ::1
DEBUG - 2025-07-29 10:55:19 --> Session: Class initialized using 'CodeIgniter\Session\Handlers\FileHandler' driver.
DEBUG - 2025-07-29 10:55:19 --> User IP: ::1
DEBUG - 2025-07-29 10:55:19 --> Session: Class initialized using 'CodeIgniter\Session\Handlers\FileHandler' driver.
DEBUG - 2025-07-29 10:55:19 --> User IP: ::1
DEBUG - 2025-07-29 10:55:20 --> Session: Class initialized using 'CodeIgniter\Session\Handlers\FileHandler' driver.
DEBUG - 2025-07-29 10:55:20 --> User IP: ::1
DEBUG - 2025-07-29 10:55:24 --> Session: Class initialized using 'CodeIgniter\Session\Handlers\FileHandler' driver.
DEBUG - 2025-07-29 10:55:24 --> User IP: ::1
DEBUG - 2025-07-29 10:56:34 --> Session: Class initialized using 'CodeIgniter\Session\Handlers\FileHandler' driver.
DEBUG - 2025-07-29 10:56:34 --> User IP: ::1
DEBUG - 2025-07-29 10:56:35 --> Session: Class initialized using 'CodeIgniter\Session\Handlers\FileHandler' driver.
DEBUG - 2025-07-29 10:56:35 --> User IP: ::1
DEBUG - 2025-07-29 10:56:37 --> Session: Class initialized using 'CodeIgniter\Session\Handlers\FileHandler' driver.
DEBUG - 2025-07-29 10:56:37 --> User IP: ::1
DEBUG - 2025-07-29 10:56:40 --> Session: Class initialized using 'CodeIgniter\Session\Handlers\FileHandler' driver.
DEBUG - 2025-07-29 10:56:40 --> User IP: ::1
DEBUG - 2025-07-29 10:57:43 --> Session: Class initialized using 'CodeIgniter\Session\Handlers\FileHandler' driver.
DEBUG - 2025-07-29 10:57:43 --> User IP: ::1
DEBUG - 2025-07-29 10:57:44 --> Session: Class initialized using 'CodeIgniter\Session\Handlers\FileHandler' driver.
DEBUG - 2025-07-29 10:57:44 --> User IP: ::1
DEBUG - 2025-07-29 10:57:46 --> Session: Class initialized using 'CodeIgniter\Session\Handlers\FileHandler' driver.
DEBUG - 2025-07-29 10:57:46 --> User IP: ::1
DEBUG - 2025-07-29 10:57:48 --> Session: Class initialized using 'CodeIgniter\Session\Handlers\FileHandler' driver.
DEBUG - 2025-07-29 10:57:48 --> User IP: ::1
DEBUG - 2025-07-29 10:57:50 --> Session: Class initialized using 'CodeIgniter\Session\Handlers\FileHandler' driver.
DEBUG - 2025-07-29 10:57:50 --> User IP: ::1
DEBUG - 2025-07-29 10:58:18 --> Session: Class initialized using 'CodeIgniter\Session\Handlers\FileHandler' driver.
DEBUG - 2025-07-29 10:58:18 --> User IP: ::1
DEBUG - 2025-07-29 11:01:38 --> Session: Class initialized using 'CodeIgniter\Session\Handlers\FileHandler' driver.
DEBUG - 2025-07-29 11:01:38 --> User IP: ::1
DEBUG - 2025-07-29 11:01:39 --> Session: Class initialized using 'CodeIgniter\Session\Handlers\FileHandler' driver.
DEBUG - 2025-07-29 11:01:39 --> User IP: ::1
DEBUG - 2025-07-29 11:01:41 --> Session: Class initialized using 'CodeIgniter\Session\Handlers\FileHandler' driver.
DEBUG - 2025-07-29 11:01:41 --> User IP: ::1
DEBUG - 2025-07-29 11:01:44 --> Session: Class initialized using 'CodeIgniter\Session\Handlers\FileHandler' driver.
DEBUG - 2025-07-29 11:01:44 --> User IP: ::1
DEBUG - 2025-07-29 11:01:48 --> Session: Class initialized using 'CodeIgniter\Session\Handlers\FileHandler' driver.
DEBUG - 2025-07-29 11:01:48 --> User IP: ::1
DEBUG - 2025-07-29 11:10:41 --> Session: Class initialized using 'CodeIgniter\Session\Handlers\FileHandler' driver.
DEBUG - 2025-07-29 11:10:41 --> User IP: ::1
DEBUG - 2025-07-29 11:10:41 --> Session: Class initialized using 'CodeIgniter\Session\Handlers\FileHandler' driver.
DEBUG - 2025-07-29 11:10:41 --> User IP: ::1
DEBUG - 2025-07-29 11:10:43 --> Session: Class initialized using 'CodeIgniter\Session\Handlers\FileHandler' driver.
DEBUG - 2025-07-29 11:10:43 --> User IP: ::1
DEBUG - 2025-07-29 11:10:44 --> Session: Class initialized using 'CodeIgniter\Session\Handlers\FileHandler' driver.
DEBUG - 2025-07-29 11:10:44 --> User IP: ::1
DEBUG - 2025-07-29 11:10:48 --> Session: Class initialized using 'CodeIgniter\Session\Handlers\FileHandler' driver.
DEBUG - 2025-07-29 11:10:48 --> User IP: ::1
DEBUG - 2025-07-29 11:10:49 --> Session: Class initialized using 'CodeIgniter\Session\Handlers\FileHandler' driver.
DEBUG - 2025-07-29 11:10:49 --> User IP: ::1
DEBUG - 2025-07-29 11:12:59 --> Session: Class initialized using 'CodeIgniter\Session\Handlers\FileHandler' driver.
DEBUG - 2025-07-29 11:12:59 --> User IP: ::1
DEBUG - 2025-07-29 11:13:08 --> Session: Class initialized using 'CodeIgniter\Session\Handlers\FileHandler' driver.
DEBUG - 2025-07-29 11:13:08 --> User IP: ::1
DEBUG - 2025-07-29 11:13:09 --> Session: Class initialized using 'CodeIgniter\Session\Handlers\FileHandler' driver.
DEBUG - 2025-07-29 11:13:09 --> User IP: ::1
DEBUG - 2025-07-29 11:13:10 --> Session: Class initialized using 'CodeIgniter\Session\Handlers\FileHandler' driver.
DEBUG - 2025-07-29 11:13:10 --> User IP: ::1
DEBUG - 2025-07-29 11:13:13 --> Session: Class initialized using 'CodeIgniter\Session\Handlers\FileHandler' driver.
DEBUG - 2025-07-29 11:13:13 --> User IP: ::1
DEBUG - 2025-07-29 11:13:15 --> Session: Class initialized using 'CodeIgniter\Session\Handlers\FileHandler' driver.
DEBUG - 2025-07-29 11:13:15 --> User IP: ::1
DEBUG - 2025-07-29 11:13:16 --> Session: Class initialized using 'CodeIgniter\Session\Handlers\FileHandler' driver.
DEBUG - 2025-07-29 11:13:16 --> User IP: ::1
DEBUG - 2025-07-29 11:28:01 --> Session: Class initialized using 'CodeIgniter\Session\Handlers\FileHandler' driver.
DEBUG - 2025-07-29 11:28:01 --> User IP: ::1
DEBUG - 2025-07-29 11:28:02 --> Session: Class initialized using 'CodeIgniter\Session\Handlers\FileHandler' driver.
DEBUG - 2025-07-29 11:28:02 --> User IP: ::1
DEBUG - 2025-07-29 11:28:04 --> Session: Class initialized using 'CodeIgniter\Session\Handlers\FileHandler' driver.
DEBUG - 2025-07-29 11:28:04 --> User IP: ::1
DEBUG - 2025-07-29 11:28:08 --> Session: Class initialized using 'CodeIgniter\Session\Handlers\FileHandler' driver.
DEBUG - 2025-07-29 11:28:08 --> User IP: ::1
DEBUG - 2025-07-29 11:28:27 --> Session: Class initialized using 'CodeIgniter\Session\Handlers\FileHandler' driver.
DEBUG - 2025-07-29 11:28:27 --> User IP: ::1
DEBUG - 2025-07-29 11:28:28 --> Session: Class initialized using 'CodeIgniter\Session\Handlers\FileHandler' driver.
DEBUG - 2025-07-29 11:28:28 --> User IP: ::1
DEBUG - 2025-07-29 11:28:29 --> Session: Class initialized using 'CodeIgniter\Session\Handlers\FileHandler' driver.
DEBUG - 2025-07-29 11:28:29 --> User IP: ::1
DEBUG - 2025-07-29 11:28:31 --> Session: Class initialized using 'CodeIgniter\Session\Handlers\FileHandler' driver.
DEBUG - 2025-07-29 11:28:31 --> User IP: ::1
DEBUG - 2025-07-29 11:30:08 --> Session: Class initialized using 'CodeIgniter\Session\Handlers\FileHandler' driver.
DEBUG - 2025-07-29 11:30:08 --> User IP: ::1
DEBUG - 2025-07-29 11:30:18 --> Session: Class initialized using 'CodeIgniter\Session\Handlers\FileHandler' driver.
DEBUG - 2025-07-29 11:30:18 --> User IP: ::1
DEBUG - 2025-07-29 11:30:19 --> Session: Class initialized using 'CodeIgniter\Session\Handlers\FileHandler' driver.
DEBUG - 2025-07-29 11:30:19 --> User IP: ::1
DEBUG - 2025-07-29 11:33:18 --> Session: Class initialized using 'CodeIgniter\Session\Handlers\FileHandler' driver.
DEBUG - 2025-07-29 11:33:18 --> User IP: ::1
DEBUG - 2025-07-29 11:33:19 --> Session: Class initialized using 'CodeIgniter\Session\Handlers\FileHandler' driver.
DEBUG - 2025-07-29 11:33:19 --> User IP: ::1
DEBUG - 2025-07-29 11:33:20 --> Session: Class initialized using 'CodeIgniter\Session\Handlers\FileHandler' driver.
DEBUG - 2025-07-29 11:33:20 --> User IP: ::1
DEBUG - 2025-07-29 11:33:21 --> Session: Class initialized using 'CodeIgniter\Session\Handlers\FileHandler' driver.
DEBUG - 2025-07-29 11:33:21 --> User IP: ::1
DEBUG - 2025-07-29 11:34:56 --> Session: Class initialized using 'CodeIgniter\Session\Handlers\FileHandler' driver.
DEBUG - 2025-07-29 11:34:56 --> User IP: ::1
DEBUG - 2025-07-29 11:34:56 --> Session: Class initialized using 'CodeIgniter\Session\Handlers\FileHandler' driver.
DEBUG - 2025-07-29 11:34:56 --> User IP: ::1
DEBUG - 2025-07-29 11:34:57 --> Session: Class initialized using 'CodeIgniter\Session\Handlers\FileHandler' driver.
DEBUG - 2025-07-29 11:34:57 --> User IP: ::1
DEBUG - 2025-07-29 11:35:00 --> Session: Class initialized using 'CodeIgniter\Session\Handlers\FileHandler' driver.
DEBUG - 2025-07-29 11:35:00 --> User IP: ::1
DEBUG - 2025-07-29 11:35:13 --> Session: Class initialized using 'CodeIgniter\Session\Handlers\FileHandler' driver.
DEBUG - 2025-07-29 11:35:13 --> User IP: ::1
DEBUG - 2025-07-29 11:35:14 --> Session: Class initialized using 'CodeIgniter\Session\Handlers\FileHandler' driver.
DEBUG - 2025-07-29 11:35:14 --> User IP: ::1
DEBUG - 2025-07-29 11:35:16 --> Session: Class initialized using 'CodeIgniter\Session\Handlers\FileHandler' driver.
DEBUG - 2025-07-29 11:35:16 --> User IP: ::1
DEBUG - 2025-07-29 11:35:19 --> Session: Class initialized using 'CodeIgniter\Session\Handlers\FileHandler' driver.
DEBUG - 2025-07-29 11:35:19 --> User IP: ::1
DEBUG - 2025-07-29 11:36:11 --> Session: Class initialized using 'CodeIgniter\Session\Handlers\FileHandler' driver.
DEBUG - 2025-07-29 11:36:11 --> User IP: ::1
DEBUG - 2025-07-29 11:36:12 --> Session: Class initialized using 'CodeIgniter\Session\Handlers\FileHandler' driver.
DEBUG - 2025-07-29 11:36:12 --> User IP: ::1
DEBUG - 2025-07-29 11:36:13 --> Session: Class initialized using 'CodeIgniter\Session\Handlers\FileHandler' driver.
DEBUG - 2025-07-29 11:36:13 --> User IP: ::1
DEBUG - 2025-07-29 11:36:16 --> Session: Class initialized using 'CodeIgniter\Session\Handlers\FileHandler' driver.
DEBUG - 2025-07-29 11:36:16 --> User IP: ::1
DEBUG - 2025-07-29 11:36:19 --> Session: Class initialized using 'CodeIgniter\Session\Handlers\FileHandler' driver.
DEBUG - 2025-07-29 11:36:19 --> User IP: ::1
DEBUG - 2025-07-29 11:36:21 --> Session: Class initialized using 'CodeIgniter\Session\Handlers\FileHandler' driver.
DEBUG - 2025-07-29 11:36:21 --> User IP: ::1
DEBUG - 2025-07-29 11:36:23 --> Session: Class initialized using 'CodeIgniter\Session\Handlers\FileHandler' driver.
DEBUG - 2025-07-29 11:36:23 --> User IP: ::1
DEBUG - 2025-07-29 11:36:38 --> Session: Class initialized using 'CodeIgniter\Session\Handlers\FileHandler' driver.
DEBUG - 2025-07-29 11:36:38 --> User IP: ::1
DEBUG - 2025-07-29 11:36:38 --> Session: Class initialized using 'CodeIgniter\Session\Handlers\FileHandler' driver.
DEBUG - 2025-07-29 11:36:38 --> User IP: ::1
DEBUG - 2025-07-29 11:36:39 --> Session: Class initialized using 'CodeIgniter\Session\Handlers\FileHandler' driver.
DEBUG - 2025-07-29 11:36:39 --> User IP: ::1
DEBUG - 2025-07-29 11:36:41 --> Session: Class initialized using 'CodeIgniter\Session\Handlers\FileHandler' driver.
DEBUG - 2025-07-29 11:36:41 --> User IP: ::1
DEBUG - 2025-07-29 11:36:46 --> Session: Class initialized using 'CodeIgniter\Session\Handlers\FileHandler' driver.
DEBUG - 2025-07-29 11:36:46 --> User IP: ::1
DEBUG - 2025-07-29 11:36:48 --> Session: Class initialized using 'CodeIgniter\Session\Handlers\FileHandler' driver.
DEBUG - 2025-07-29 11:36:48 --> User IP: ::1
DEBUG - 2025-07-29 11:36:57 --> Session: Class initialized using 'CodeIgniter\Session\Handlers\FileHandler' driver.
DEBUG - 2025-07-29 11:36:57 --> User IP: ::1
DEBUG - 2025-07-29 11:39:16 --> Session: Class initialized using 'CodeIgniter\Session\Handlers\FileHandler' driver.
DEBUG - 2025-07-29 11:39:16 --> User IP: ::1
DEBUG - 2025-07-29 11:39:40 --> Session: Class initialized using 'CodeIgniter\Session\Handlers\FileHandler' driver.
DEBUG - 2025-07-29 11:39:40 --> User IP: ::1
DEBUG - 2025-07-29 11:39:41 --> Session: Class initialized using 'CodeIgniter\Session\Handlers\FileHandler' driver.
DEBUG - 2025-07-29 11:39:41 --> User IP: ::1
DEBUG - 2025-07-29 11:39:42 --> Session: Class initialized using 'CodeIgniter\Session\Handlers\FileHandler' driver.
DEBUG - 2025-07-29 11:39:42 --> User IP: ::1
DEBUG - 2025-07-29 11:39:45 --> Session: Class initialized using 'CodeIgniter\Session\Handlers\FileHandler' driver.
DEBUG - 2025-07-29 11:39:45 --> User IP: ::1
DEBUG - 2025-07-29 11:40:08 --> Session: Class initialized using 'CodeIgniter\Session\Handlers\FileHandler' driver.
DEBUG - 2025-07-29 11:40:08 --> User IP: ::1
DEBUG - 2025-07-29 11:45:09 --> Session: Class initialized using 'CodeIgniter\Session\Handlers\FileHandler' driver.
DEBUG - 2025-07-29 11:45:09 --> User IP: ::1
DEBUG - 2025-07-29 11:45:09 --> Session: Class initialized using 'CodeIgniter\Session\Handlers\FileHandler' driver.
DEBUG - 2025-07-29 11:45:09 --> User IP: ::1
DEBUG - 2025-07-29 11:45:10 --> Session: Class initialized using 'CodeIgniter\Session\Handlers\FileHandler' driver.
DEBUG - 2025-07-29 11:45:10 --> User IP: ::1
DEBUG - 2025-07-29 11:45:13 --> Session: Class initialized using 'CodeIgniter\Session\Handlers\FileHandler' driver.
DEBUG - 2025-07-29 11:45:13 --> User IP: ::1
DEBUG - 2025-07-29 11:45:35 --> Session: Class initialized using 'CodeIgniter\Session\Handlers\FileHandler' driver.
DEBUG - 2025-07-29 11:45:35 --> User IP: ::1
DEBUG - 2025-07-29 11:46:01 --> Session: Class initialized using 'CodeIgniter\Session\Handlers\FileHandler' driver.
DEBUG - 2025-07-29 11:46:01 --> User IP: ::1
DEBUG - 2025-07-29 11:46:05 --> Session: Class initialized using 'CodeIgniter\Session\Handlers\FileHandler' driver.
DEBUG - 2025-07-29 11:46:05 --> User IP: ::1
DEBUG - 2025-07-29 11:46:54 --> Session: Class initialized using 'CodeIgniter\Session\Handlers\FileHandler' driver.
DEBUG - 2025-07-29 11:46:54 --> User IP: ::1
DEBUG - 2025-07-29 11:46:54 --> Session: Class initialized using 'CodeIgniter\Session\Handlers\FileHandler' driver.
DEBUG - 2025-07-29 11:46:54 --> User IP: ::1
DEBUG - 2025-07-29 11:46:56 --> Session: Class initialized using 'CodeIgniter\Session\Handlers\FileHandler' driver.
DEBUG - 2025-07-29 11:46:56 --> User IP: ::1
DEBUG - 2025-07-29 11:47:02 --> Session: Class initialized using 'CodeIgniter\Session\Handlers\FileHandler' driver.
DEBUG - 2025-07-29 11:47:02 --> User IP: ::1
DEBUG - 2025-07-29 11:47:25 --> Session: Class initialized using 'CodeIgniter\Session\Handlers\FileHandler' driver.
DEBUG - 2025-07-29 11:47:25 --> User IP: ::1
DEBUG - 2025-07-29 11:47:28 --> Session: Class initialized using 'CodeIgniter\Session\Handlers\FileHandler' driver.
DEBUG - 2025-07-29 11:47:28 --> User IP: ::1
DEBUG - 2025-07-29 11:47:33 --> Session: Class initialized using 'CodeIgniter\Session\Handlers\FileHandler' driver.
DEBUG - 2025-07-29 11:47:33 --> User IP: ::1
DEBUG - 2025-07-29 11:47:33 --> Session: Class initialized using 'CodeIgniter\Session\Handlers\FileHandler' driver.
DEBUG - 2025-07-29 11:47:33 --> User IP: ::1
DEBUG - 2025-07-29 11:47:52 --> Session: Class initialized using 'CodeIgniter\Session\Handlers\FileHandler' driver.
DEBUG - 2025-07-29 11:47:52 --> User IP: ::1
DEBUG - 2025-07-29 11:47:53 --> Session: Class initialized using 'CodeIgniter\Session\Handlers\FileHandler' driver.
DEBUG - 2025-07-29 11:47:53 --> User IP: ::1
DEBUG - 2025-07-29 11:47:55 --> Session: Class initialized using 'CodeIgniter\Session\Handlers\FileHandler' driver.
DEBUG - 2025-07-29 11:47:55 --> User IP: ::1
DEBUG - 2025-07-29 12:28:02 --> Session: Class initialized using 'CodeIgniter\Session\Handlers\FileHandler' driver.
DEBUG - 2025-07-29 12:28:02 --> User IP: ::1
DEBUG - 2025-07-29 12:35:05 --> Session: Class initialized using 'CodeIgniter\Session\Handlers\FileHandler' driver.
DEBUG - 2025-07-29 12:35:05 --> User IP: ::1
DEBUG - 2025-07-29 12:35:15 --> Session: Class initialized using 'CodeIgniter\Session\Handlers\FileHandler' driver.
DEBUG - 2025-07-29 12:35:15 --> User IP: ::1
DEBUG - 2025-07-29 12:35:16 --> Session: Class initialized using 'CodeIgniter\Session\Handlers\FileHandler' driver.
DEBUG - 2025-07-29 12:35:16 --> User IP: ::1
DEBUG - 2025-07-29 12:35:27 --> Session: Class initialized using 'CodeIgniter\Session\Handlers\FileHandler' driver.
DEBUG - 2025-07-29 12:35:27 --> User IP: ::1
DEBUG - 2025-07-29 12:35:35 --> Session: Class initialized using 'CodeIgniter\Session\Handlers\FileHandler' driver.
DEBUG - 2025-07-29 12:35:35 --> User IP: ::1
DEBUG - 2025-07-29 12:35:35 --> Session: Class initialized using 'CodeIgniter\Session\Handlers\FileHandler' driver.
DEBUG - 2025-07-29 12:35:35 --> User IP: ::1
DEBUG - 2025-07-29 12:35:45 --> Session: Class initialized using 'CodeIgniter\Session\Handlers\FileHandler' driver.
DEBUG - 2025-07-29 12:35:45 --> User IP: ::1
DEBUG - 2025-07-29 12:35:45 --> Session: Class initialized using 'CodeIgniter\Session\Handlers\FileHandler' driver.
DEBUG - 2025-07-29 12:35:45 --> User IP: ::1
DEBUG - 2025-07-29 12:35:53 --> Session: Class initialized using 'CodeIgniter\Session\Handlers\FileHandler' driver.
DEBUG - 2025-07-29 12:35:53 --> User IP: ::1
DEBUG - 2025-07-29 12:36:31 --> Session: Class initialized using 'CodeIgniter\Session\Handlers\FileHandler' driver.
DEBUG - 2025-07-29 12:36:31 --> User IP: ::1
DEBUG - 2025-07-29 12:36:32 --> Session: Class initialized using 'CodeIgniter\Session\Handlers\FileHandler' driver.
DEBUG - 2025-07-29 12:36:32 --> User IP: ::1
DEBUG - 2025-07-29 12:36:33 --> Session: Class initialized using 'CodeIgniter\Session\Handlers\FileHandler' driver.
DEBUG - 2025-07-29 12:36:33 --> User IP: ::1
DEBUG - 2025-07-29 12:36:34 --> Session: Class initialized using 'CodeIgniter\Session\Handlers\FileHandler' driver.
DEBUG - 2025-07-29 12:36:34 --> User IP: ::1
DEBUG - 2025-07-29 12:36:35 --> Session: Class initialized using 'CodeIgniter\Session\Handlers\FileHandler' driver.
DEBUG - 2025-07-29 12:36:35 --> User IP: ::1
DEBUG - 2025-07-29 12:36:37 --> Session: Class initialized using 'CodeIgniter\Session\Handlers\FileHandler' driver.
DEBUG - 2025-07-29 12:36:37 --> User IP: ::1
DEBUG - 2025-07-29 12:36:37 --> Session: Class initialized using 'CodeIgniter\Session\Handlers\FileHandler' driver.
DEBUG - 2025-07-29 12:36:37 --> User IP: ::1
DEBUG - 2025-07-29 12:38:35 --> Session: Class initialized using 'CodeIgniter\Session\Handlers\FileHandler' driver.
DEBUG - 2025-07-29 12:38:35 --> User IP: ::1
DEBUG - 2025-07-29 12:38:36 --> Session: Class initialized using 'CodeIgniter\Session\Handlers\FileHandler' driver.
DEBUG - 2025-07-29 12:38:36 --> User IP: ::1
DEBUG - 2025-07-29 12:38:37 --> Session: Class initialized using 'CodeIgniter\Session\Handlers\FileHandler' driver.
DEBUG - 2025-07-29 12:38:37 --> User IP: ::1
DEBUG - 2025-07-29 12:39:16 --> Session: Class initialized using 'CodeIgniter\Session\Handlers\FileHandler' driver.
DEBUG - 2025-07-29 12:39:16 --> User IP: ::1
DEBUG - 2025-07-29 12:39:17 --> Session: Class initialized using 'CodeIgniter\Session\Handlers\FileHandler' driver.
DEBUG - 2025-07-29 12:39:17 --> User IP: ::1
DEBUG - 2025-07-29 12:39:18 --> Session: Class initialized using 'CodeIgniter\Session\Handlers\FileHandler' driver.
DEBUG - 2025-07-29 12:39:18 --> User IP: ::1
DEBUG - 2025-07-29 12:39:25 --> Session: Class initialized using 'CodeIgniter\Session\Handlers\FileHandler' driver.
DEBUG - 2025-07-29 12:39:25 --> User IP: ::1
DEBUG - 2025-07-29 12:39:28 --> Session: Class initialized using 'CodeIgniter\Session\Handlers\FileHandler' driver.
DEBUG - 2025-07-29 12:39:28 --> User IP: ::1
DEBUG - 2025-07-29 12:39:29 --> Session: Class initialized using 'CodeIgniter\Session\Handlers\FileHandler' driver.
DEBUG - 2025-07-29 12:39:29 --> User IP: ::1
DEBUG - 2025-07-29 12:41:44 --> Session: Class initialized using 'CodeIgniter\Session\Handlers\FileHandler' driver.
DEBUG - 2025-07-29 12:41:44 --> User IP: ::1
DEBUG - 2025-07-29 12:41:45 --> Session: Class initialized using 'CodeIgniter\Session\Handlers\FileHandler' driver.
DEBUG - 2025-07-29 12:41:45 --> User IP: ::1
