DEBUG - 2025-04-26 04:33:06 --> User IP: ::1
DEBUG - 2025-04-26 04:33:06 --> Session: Class initialized using 'CodeIgniter\Session\Handlers\FileHandler' driver.
DEBUG - 2025-04-26 04:33:16 --> User IP: ::1
DEBUG - 2025-04-26 04:33:16 --> Session: Class initialized using 'CodeIgniter\Session\Handlers\FileHandler' driver.
DEBUG - 2025-04-26 04:33:16 --> User IP: ::1
DEBUG - 2025-04-26 04:33:16 --> Session: Class initialized using 'CodeIgniter\Session\Handlers\FileHandler' driver.
DEBUG - 2025-04-26 04:34:27 --> User IP: ::1
DEBUG - 2025-04-26 04:34:27 --> Session: Class initialized using 'CodeIgniter\Session\Handlers\FileHandler' driver.
DEBUG - 2025-04-26 04:34:30 --> User IP: ::1
DEBUG - 2025-04-26 04:34:30 --> Session: Class initialized using 'CodeIgniter\Session\Handlers\FileHandler' driver.
DEBUG - 2025-04-26 04:34:32 --> User IP: ::1
DEBUG - 2025-04-26 04:34:32 --> User ID: 23, Date: 2025-04-25
DEBUG - 2025-04-26 04:34:38 --> User IP: ::1
DEBUG - 2025-04-26 04:34:38 --> User ID: 23, Date: 2025-04-25
DEBUG - 2025-04-26 04:35:30 --> User IP: ::1
DEBUG - 2025-04-26 04:35:30 --> Session: Class initialized using 'CodeIgniter\Session\Handlers\FileHandler' driver.
DEBUG - 2025-04-26 04:35:30 --> User IP: ::1
DEBUG - 2025-04-26 04:35:30 --> Session: Class initialized using 'CodeIgniter\Session\Handlers\FileHandler' driver.
DEBUG - 2025-04-26 04:35:36 --> User IP: ::1
DEBUG - 2025-04-26 04:35:36 --> Session: Class initialized using 'CodeIgniter\Session\Handlers\FileHandler' driver.
DEBUG - 2025-04-26 04:35:36 --> User IP: ::1
DEBUG - 2025-04-26 04:35:36 --> Session: Class initialized using 'CodeIgniter\Session\Handlers\FileHandler' driver.
DEBUG - 2025-04-26 04:35:44 --> User IP: ::1
DEBUG - 2025-04-26 04:35:44 --> Session: Class initialized using 'CodeIgniter\Session\Handlers\FileHandler' driver.
DEBUG - 2025-04-26 04:35:48 --> User IP: ::1
DEBUG - 2025-04-26 04:35:48 --> User ID: 17, Date: 2025-04-25
DEBUG - 2025-04-26 06:09:14 --> User IP: ::1
DEBUG - 2025-04-26 06:09:14 --> Session: Class initialized using 'CodeIgniter\Session\Handlers\FileHandler' driver.
DEBUG - 2025-04-26 06:11:42 --> User IP: ::1
DEBUG - 2025-04-26 06:11:42 --> Session: Class initialized using 'CodeIgniter\Session\Handlers\FileHandler' driver.
DEBUG - 2025-04-26 06:11:55 --> User IP: ::1
DEBUG - 2025-04-26 06:11:55 --> Session: Class initialized using 'CodeIgniter\Session\Handlers\FileHandler' driver.
DEBUG - 2025-04-26 06:15:21 --> User IP: ::1
DEBUG - 2025-04-26 06:15:21 --> Session: Class initialized using 'CodeIgniter\Session\Handlers\FileHandler' driver.
DEBUG - 2025-04-26 06:16:14 --> User IP: ::1
DEBUG - 2025-04-26 06:16:14 --> Session: Class initialized using 'CodeIgniter\Session\Handlers\FileHandler' driver.
DEBUG - 2025-04-26 06:16:30 --> User IP: ::1
DEBUG - 2025-04-26 06:16:30 --> Session: Class initialized using 'CodeIgniter\Session\Handlers\FileHandler' driver.
DEBUG - 2025-04-26 06:16:57 --> User IP: ::1
DEBUG - 2025-04-26 06:16:57 --> Session: Class initialized using 'CodeIgniter\Session\Handlers\FileHandler' driver.
DEBUG - 2025-04-26 06:17:03 --> User IP: ::1
DEBUG - 2025-04-26 06:17:03 --> Session: Class initialized using 'CodeIgniter\Session\Handlers\FileHandler' driver.
DEBUG - 2025-04-26 06:17:14 --> User IP: ::1
DEBUG - 2025-04-26 06:17:14 --> Session: Class initialized using 'CodeIgniter\Session\Handlers\FileHandler' driver.
DEBUG - 2025-04-26 06:17:32 --> User IP: ::1
DEBUG - 2025-04-26 06:17:32 --> Session: Class initialized using 'CodeIgniter\Session\Handlers\FileHandler' driver.
DEBUG - 2025-04-26 06:17:53 --> User IP: ::1
DEBUG - 2025-04-26 06:17:53 --> Session: Class initialized using 'CodeIgniter\Session\Handlers\FileHandler' driver.
DEBUG - 2025-04-26 06:18:03 --> User IP: ::1
DEBUG - 2025-04-26 06:18:03 --> Session: Class initialized using 'CodeIgniter\Session\Handlers\FileHandler' driver.
DEBUG - 2025-04-26 06:18:05 --> User IP: ::1
DEBUG - 2025-04-26 06:18:05 --> Session: Class initialized using 'CodeIgniter\Session\Handlers\FileHandler' driver.
DEBUG - 2025-04-26 06:18:14 --> User IP: ::1
DEBUG - 2025-04-26 06:18:14 --> Session: Class initialized using 'CodeIgniter\Session\Handlers\FileHandler' driver.
DEBUG - 2025-04-26 06:18:21 --> User IP: ::1
DEBUG - 2025-04-26 06:18:21 --> Session: Class initialized using 'CodeIgniter\Session\Handlers\FileHandler' driver.
DEBUG - 2025-04-26 06:18:37 --> User IP: ::1
DEBUG - 2025-04-26 06:18:37 --> Session: Class initialized using 'CodeIgniter\Session\Handlers\FileHandler' driver.
DEBUG - 2025-04-26 06:18:53 --> User IP: ::1
DEBUG - 2025-04-26 06:18:53 --> Session: Class initialized using 'CodeIgniter\Session\Handlers\FileHandler' driver.
DEBUG - 2025-04-26 06:20:02 --> User IP: ::1
DEBUG - 2025-04-26 06:20:02 --> Session: Class initialized using 'CodeIgniter\Session\Handlers\FileHandler' driver.
DEBUG - 2025-04-26 06:20:19 --> User IP: ::1
DEBUG - 2025-04-26 06:20:19 --> Session: Class initialized using 'CodeIgniter\Session\Handlers\FileHandler' driver.
DEBUG - 2025-04-26 06:20:34 --> User IP: ::1
DEBUG - 2025-04-26 06:20:34 --> Session: Class initialized using 'CodeIgniter\Session\Handlers\FileHandler' driver.
DEBUG - 2025-04-26 06:20:43 --> User IP: ::1
DEBUG - 2025-04-26 06:20:43 --> Session: Class initialized using 'CodeIgniter\Session\Handlers\FileHandler' driver.
DEBUG - 2025-04-26 06:21:06 --> User IP: ::1
DEBUG - 2025-04-26 06:21:06 --> Session: Class initialized using 'CodeIgniter\Session\Handlers\FileHandler' driver.
DEBUG - 2025-04-26 06:21:10 --> User IP: ::1
DEBUG - 2025-04-26 06:21:10 --> Session: Class initialized using 'CodeIgniter\Session\Handlers\FileHandler' driver.
DEBUG - 2025-04-26 06:21:24 --> User IP: ::1
DEBUG - 2025-04-26 06:21:24 --> Session: Class initialized using 'CodeIgniter\Session\Handlers\FileHandler' driver.
DEBUG - 2025-04-26 06:21:27 --> User IP: ::1
DEBUG - 2025-04-26 06:21:27 --> Session: Class initialized using 'CodeIgniter\Session\Handlers\FileHandler' driver.
DEBUG - 2025-04-26 06:21:28 --> User IP: ::1
DEBUG - 2025-04-26 06:21:28 --> Session: Class initialized using 'CodeIgniter\Session\Handlers\FileHandler' driver.
DEBUG - 2025-04-26 06:21:29 --> User IP: ::1
DEBUG - 2025-04-26 06:21:29 --> Session: Class initialized using 'CodeIgniter\Session\Handlers\FileHandler' driver.
DEBUG - 2025-04-26 06:21:46 --> User IP: ::1
DEBUG - 2025-04-26 06:21:46 --> Session: Class initialized using 'CodeIgniter\Session\Handlers\FileHandler' driver.
DEBUG - 2025-04-26 06:22:01 --> User IP: ::1
DEBUG - 2025-04-26 06:22:01 --> Session: Class initialized using 'CodeIgniter\Session\Handlers\FileHandler' driver.
DEBUG - 2025-04-26 06:22:10 --> User IP: ::1
DEBUG - 2025-04-26 06:22:10 --> Session: Class initialized using 'CodeIgniter\Session\Handlers\FileHandler' driver.
DEBUG - 2025-04-26 06:22:24 --> User IP: ::1
DEBUG - 2025-04-26 06:22:24 --> Session: Class initialized using 'CodeIgniter\Session\Handlers\FileHandler' driver.
DEBUG - 2025-04-26 06:22:44 --> User IP: ::1
DEBUG - 2025-04-26 06:22:44 --> Session: Class initialized using 'CodeIgniter\Session\Handlers\FileHandler' driver.
DEBUG - 2025-04-26 06:22:52 --> User IP: ::1
DEBUG - 2025-04-26 06:22:52 --> Session: Class initialized using 'CodeIgniter\Session\Handlers\FileHandler' driver.
DEBUG - 2025-04-26 06:23:06 --> User IP: ::1
DEBUG - 2025-04-26 06:23:06 --> Session: Class initialized using 'CodeIgniter\Session\Handlers\FileHandler' driver.
DEBUG - 2025-04-26 06:23:15 --> User IP: ::1
DEBUG - 2025-04-26 06:23:15 --> Session: Class initialized using 'CodeIgniter\Session\Handlers\FileHandler' driver.
DEBUG - 2025-04-26 06:23:32 --> User IP: ::1
DEBUG - 2025-04-26 06:23:32 --> Session: Class initialized using 'CodeIgniter\Session\Handlers\FileHandler' driver.
DEBUG - 2025-04-26 06:23:52 --> User IP: ::1
DEBUG - 2025-04-26 06:23:52 --> Session: Class initialized using 'CodeIgniter\Session\Handlers\FileHandler' driver.
DEBUG - 2025-04-26 06:23:58 --> User IP: ::1
DEBUG - 2025-04-26 06:23:58 --> Session: Class initialized using 'CodeIgniter\Session\Handlers\FileHandler' driver.
DEBUG - 2025-04-26 06:24:09 --> User IP: ::1
DEBUG - 2025-04-26 06:24:10 --> Session: Class initialized using 'CodeIgniter\Session\Handlers\FileHandler' driver.
DEBUG - 2025-04-26 06:24:26 --> User IP: ::1
DEBUG - 2025-04-26 06:24:26 --> Session: Class initialized using 'CodeIgniter\Session\Handlers\FileHandler' driver.
DEBUG - 2025-04-26 06:25:29 --> User IP: ::1
DEBUG - 2025-04-26 06:25:29 --> Session: Class initialized using 'CodeIgniter\Session\Handlers\FileHandler' driver.
DEBUG - 2025-04-26 06:25:46 --> User IP: ::1
DEBUG - 2025-04-26 06:25:46 --> Session: Class initialized using 'CodeIgniter\Session\Handlers\FileHandler' driver.
DEBUG - 2025-04-26 06:25:51 --> User IP: ::1
DEBUG - 2025-04-26 06:25:51 --> Session: Class initialized using 'CodeIgniter\Session\Handlers\FileHandler' driver.
DEBUG - 2025-04-26 06:25:57 --> User IP: ::1
DEBUG - 2025-04-26 06:25:57 --> Session: Class initialized using 'CodeIgniter\Session\Handlers\FileHandler' driver.
DEBUG - 2025-04-26 06:26:01 --> User IP: ::1
DEBUG - 2025-04-26 06:26:01 --> Session: Class initialized using 'CodeIgniter\Session\Handlers\FileHandler' driver.
DEBUG - 2025-04-26 06:26:11 --> User IP: ::1
DEBUG - 2025-04-26 06:26:11 --> Session: Class initialized using 'CodeIgniter\Session\Handlers\FileHandler' driver.
DEBUG - 2025-04-26 06:26:26 --> User IP: ::1
DEBUG - 2025-04-26 06:26:26 --> Session: Class initialized using 'CodeIgniter\Session\Handlers\FileHandler' driver.
DEBUG - 2025-04-26 06:26:38 --> User IP: ::1
DEBUG - 2025-04-26 06:26:38 --> Session: Class initialized using 'CodeIgniter\Session\Handlers\FileHandler' driver.
DEBUG - 2025-04-26 06:26:52 --> User IP: ::1
DEBUG - 2025-04-26 06:26:52 --> Session: Class initialized using 'CodeIgniter\Session\Handlers\FileHandler' driver.
DEBUG - 2025-04-26 06:27:00 --> User IP: ::1
DEBUG - 2025-04-26 06:27:00 --> Session: Class initialized using 'CodeIgniter\Session\Handlers\FileHandler' driver.
DEBUG - 2025-04-26 06:27:20 --> User IP: ::1
DEBUG - 2025-04-26 06:27:20 --> Session: Class initialized using 'CodeIgniter\Session\Handlers\FileHandler' driver.
DEBUG - 2025-04-26 06:27:57 --> User IP: ::1
DEBUG - 2025-04-26 06:27:57 --> Session: Class initialized using 'CodeIgniter\Session\Handlers\FileHandler' driver.
DEBUG - 2025-04-26 06:28:31 --> User IP: ::1
DEBUG - 2025-04-26 06:28:31 --> Session: Class initialized using 'CodeIgniter\Session\Handlers\FileHandler' driver.
DEBUG - 2025-04-26 06:29:06 --> User IP: ::1
DEBUG - 2025-04-26 06:29:06 --> Session: Class initialized using 'CodeIgniter\Session\Handlers\FileHandler' driver.
DEBUG - 2025-04-26 06:34:12 --> User IP: ::1
DEBUG - 2025-04-26 06:34:12 --> Session: Class initialized using 'CodeIgniter\Session\Handlers\FileHandler' driver.
DEBUG - 2025-04-26 06:34:12 --> User IP: ::1
DEBUG - 2025-04-26 06:34:12 --> Session: Class initialized using 'CodeIgniter\Session\Handlers\FileHandler' driver.
DEBUG - 2025-04-26 06:34:21 --> User IP: ::1
DEBUG - 2025-04-26 06:34:21 --> Session: Class initialized using 'CodeIgniter\Session\Handlers\FileHandler' driver.
DEBUG - 2025-04-26 06:34:21 --> User IP: ::1
DEBUG - 2025-04-26 06:34:21 --> Session: Class initialized using 'CodeIgniter\Session\Handlers\FileHandler' driver.
DEBUG - 2025-04-26 06:34:33 --> User IP: ::1
DEBUG - 2025-04-26 06:34:33 --> Session: Class initialized using 'CodeIgniter\Session\Handlers\FileHandler' driver.
DEBUG - 2025-04-26 06:34:36 --> User IP: ::1
DEBUG - 2025-04-26 06:34:36 --> Session: Class initialized using 'CodeIgniter\Session\Handlers\FileHandler' driver.
DEBUG - 2025-04-26 06:34:40 --> User IP: ::1
DEBUG - 2025-04-26 06:34:40 --> Session: Class initialized using 'CodeIgniter\Session\Handlers\FileHandler' driver.
DEBUG - 2025-04-26 06:34:40 --> User IP: ::1
DEBUG - 2025-04-26 06:34:40 --> Session: Class initialized using 'CodeIgniter\Session\Handlers\FileHandler' driver.
DEBUG - 2025-04-26 06:52:40 --> User IP: ::1
DEBUG - 2025-04-26 06:52:40 --> Session: Class initialized using 'CodeIgniter\Session\Handlers\FileHandler' driver.
DEBUG - 2025-04-26 07:00:24 --> User IP: ::1
DEBUG - 2025-04-26 07:00:24 --> Session: Class initialized using 'CodeIgniter\Session\Handlers\FileHandler' driver.
DEBUG - 2025-04-26 07:00:56 --> User IP: ::1
DEBUG - 2025-04-26 07:00:56 --> Session: Class initialized using 'CodeIgniter\Session\Handlers\FileHandler' driver.
DEBUG - 2025-04-26 07:05:02 --> User IP: ::1
DEBUG - 2025-04-26 07:05:02 --> Session: Class initialized using 'CodeIgniter\Session\Handlers\FileHandler' driver.
DEBUG - 2025-04-26 07:05:17 --> User IP: ::1
DEBUG - 2025-04-26 07:05:17 --> Session: Class initialized using 'CodeIgniter\Session\Handlers\FileHandler' driver.
DEBUG - 2025-04-26 07:06:03 --> User IP: ::1
DEBUG - 2025-04-26 07:06:03 --> Session: Class initialized using 'CodeIgniter\Session\Handlers\FileHandler' driver.
DEBUG - 2025-04-26 07:10:03 --> User IP: ::1
DEBUG - 2025-04-26 07:10:03 --> Session: Class initialized using 'CodeIgniter\Session\Handlers\FileHandler' driver.
DEBUG - 2025-04-26 07:31:02 --> User IP: ::1
DEBUG - 2025-04-26 07:31:02 --> Session: Class initialized using 'CodeIgniter\Session\Handlers\FileHandler' driver.
DEBUG - 2025-04-26 07:34:25 --> User IP: ::1
DEBUG - 2025-04-26 07:34:25 --> Session: Class initialized using 'CodeIgniter\Session\Handlers\FileHandler' driver.
DEBUG - 2025-04-26 07:34:35 --> User IP: ::1
DEBUG - 2025-04-26 07:34:35 --> Session: Class initialized using 'CodeIgniter\Session\Handlers\FileHandler' driver.
DEBUG - 2025-04-26 07:34:35 --> User IP: ::1
DEBUG - 2025-04-26 07:34:35 --> Session: Class initialized using 'CodeIgniter\Session\Handlers\FileHandler' driver.
DEBUG - 2025-04-26 07:35:05 --> User IP: ::1
DEBUG - 2025-04-26 07:35:05 --> Session: Class initialized using 'CodeIgniter\Session\Handlers\FileHandler' driver.
DEBUG - 2025-04-26 07:35:05 --> User IP: ::1
DEBUG - 2025-04-26 07:35:05 --> Session: Class initialized using 'CodeIgniter\Session\Handlers\FileHandler' driver.
DEBUG - 2025-04-26 07:35:08 --> User IP: ::1
DEBUG - 2025-04-26 07:35:08 --> Session: Class initialized using 'CodeIgniter\Session\Handlers\FileHandler' driver.
DEBUG - 2025-04-26 07:35:13 --> User IP: ::1
DEBUG - 2025-04-26 07:35:13 --> Session: Class initialized using 'CodeIgniter\Session\Handlers\FileHandler' driver.
DEBUG - 2025-04-26 07:35:13 --> User IP: ::1
DEBUG - 2025-04-26 07:35:13 --> Session: Class initialized using 'CodeIgniter\Session\Handlers\FileHandler' driver.
DEBUG - 2025-04-26 07:40:14 --> User IP: ::1
DEBUG - 2025-04-26 07:40:14 --> Session: Class initialized using 'CodeIgniter\Session\Handlers\FileHandler' driver.
DEBUG - 2025-04-26 07:48:44 --> User IP: ::1
DEBUG - 2025-04-26 07:48:44 --> Session: Class initialized using 'CodeIgniter\Session\Handlers\FileHandler' driver.
DEBUG - 2025-04-26 07:48:59 --> User IP: ::1
DEBUG - 2025-04-26 07:48:59 --> Session: Class initialized using 'CodeIgniter\Session\Handlers\FileHandler' driver.
DEBUG - 2025-04-26 07:48:59 --> User IP: ::1
DEBUG - 2025-04-26 07:48:59 --> Session: Class initialized using 'CodeIgniter\Session\Handlers\FileHandler' driver.
DEBUG - 2025-04-26 07:50:37 --> User IP: ::1
DEBUG - 2025-04-26 07:50:37 --> Session: Class initialized using 'CodeIgniter\Session\Handlers\FileHandler' driver.
DEBUG - 2025-04-26 07:50:51 --> User IP: ::1
DEBUG - 2025-04-26 07:50:51 --> Session: Class initialized using 'CodeIgniter\Session\Handlers\FileHandler' driver.
DEBUG - 2025-04-26 07:50:51 --> User IP: ::1
DEBUG - 2025-04-26 07:50:51 --> Session: Class initialized using 'CodeIgniter\Session\Handlers\FileHandler' driver.
DEBUG - 2025-04-26 07:50:53 --> User IP: ::1
DEBUG - 2025-04-26 07:50:53 --> Session: Class initialized using 'CodeIgniter\Session\Handlers\FileHandler' driver.
DEBUG - 2025-04-26 08:01:20 --> User IP: ::1
DEBUG - 2025-04-26 08:01:20 --> Session: Class initialized using 'CodeIgniter\Session\Handlers\FileHandler' driver.
DEBUG - 2025-04-26 08:01:26 --> User IP: ::1
DEBUG - 2025-04-26 08:01:26 --> Session: Class initialized using 'CodeIgniter\Session\Handlers\FileHandler' driver.
DEBUG - 2025-04-26 08:01:38 --> User IP: ::1
DEBUG - 2025-04-26 08:01:38 --> Session: Class initialized using 'CodeIgniter\Session\Handlers\FileHandler' driver.
DEBUG - 2025-04-26 08:01:39 --> User IP: ::1
DEBUG - 2025-04-26 08:01:39 --> Session: Class initialized using 'CodeIgniter\Session\Handlers\FileHandler' driver.
DEBUG - 2025-04-26 08:04:53 --> User IP: ::1
DEBUG - 2025-04-26 08:04:53 --> Session: Class initialized using 'CodeIgniter\Session\Handlers\FileHandler' driver.
DEBUG - 2025-04-26 08:05:06 --> User IP: ::1
DEBUG - 2025-04-26 08:05:06 --> Session: Class initialized using 'CodeIgniter\Session\Handlers\FileHandler' driver.
CRITICAL - 2025-04-26 08:05:06 --> Error: Object of class CodeIgniter\HTTP\Response could not be converted to string
[Method: POST, Route: hr/change-status/84/rejected/admin/6]
in APPPATH\Controllers\HRController.php on line 199.
 1 SYSTEMPATH\CodeIgniter.php(933): App\Controllers\HRController->change_status('84', 'rejected', 'admin', '6')
 2 SYSTEMPATH\CodeIgniter.php(509): CodeIgniter\CodeIgniter->runController(Object(App\Controllers\HRController))
 3 SYSTEMPATH\CodeIgniter.php(355): CodeIgniter\CodeIgniter->handleRequest(null, Object(Config\Cache), false)
 4 SYSTEMPATH\Boot.php(334): CodeIgniter\CodeIgniter->run()
 5 SYSTEMPATH\Boot.php(67): CodeIgniter\Boot::runCodeIgniter(Object(CodeIgniter\CodeIgniter))
 6 FCPATH\index.php(56): CodeIgniter\Boot::bootWeb(Object(Config\Paths))
 7 SYSTEMPATH\rewrite.php(44): require_once('C:\\xampp\\htdocs\\gighz\\public\\index.php')
DEBUG - 2025-04-26 08:09:31 --> User IP: ::1
DEBUG - 2025-04-26 08:09:31 --> Session: Class initialized using 'CodeIgniter\Session\Handlers\FileHandler' driver.
DEBUG - 2025-04-26 08:09:39 --> User IP: ::1
DEBUG - 2025-04-26 08:09:39 --> Session: Class initialized using 'CodeIgniter\Session\Handlers\FileHandler' driver.
DEBUG - 2025-04-26 08:09:39 --> User IP: ::1
DEBUG - 2025-04-26 08:09:39 --> Session: Class initialized using 'CodeIgniter\Session\Handlers\FileHandler' driver.
DEBUG - 2025-04-26 08:10:49 --> User IP: ::1
DEBUG - 2025-04-26 08:10:49 --> Session: Class initialized using 'CodeIgniter\Session\Handlers\FileHandler' driver.
DEBUG - 2025-04-26 08:11:00 --> User IP: ::1
DEBUG - 2025-04-26 08:11:00 --> Session: Class initialized using 'CodeIgniter\Session\Handlers\FileHandler' driver.
DEBUG - 2025-04-26 08:11:00 --> User IP: ::1
DEBUG - 2025-04-26 08:11:00 --> Session: Class initialized using 'CodeIgniter\Session\Handlers\FileHandler' driver.
DEBUG - 2025-04-26 08:11:06 --> User IP: ::1
DEBUG - 2025-04-26 08:11:06 --> Session: Class initialized using 'CodeIgniter\Session\Handlers\FileHandler' driver.
DEBUG - 2025-04-26 09:09:47 --> User IP: ::1
DEBUG - 2025-04-26 09:09:47 --> Session: Class initialized using 'CodeIgniter\Session\Handlers\FileHandler' driver.
DEBUG - 2025-04-26 09:09:50 --> User IP: ::1
DEBUG - 2025-04-26 09:09:50 --> Session: Class initialized using 'CodeIgniter\Session\Handlers\FileHandler' driver.
DEBUG - 2025-04-26 09:10:00 --> User IP: ::1
DEBUG - 2025-04-26 09:10:00 --> Session: Class initialized using 'CodeIgniter\Session\Handlers\FileHandler' driver.
DEBUG - 2025-04-26 09:10:00 --> User IP: ::1
DEBUG - 2025-04-26 09:10:00 --> Session: Class initialized using 'CodeIgniter\Session\Handlers\FileHandler' driver.
DEBUG - 2025-04-26 09:10:27 --> User IP: ::1
DEBUG - 2025-04-26 09:10:27 --> Session: Class initialized using 'CodeIgniter\Session\Handlers\FileHandler' driver.
DEBUG - 2025-04-26 09:10:28 --> User IP: ::1
DEBUG - 2025-04-26 09:10:28 --> Session: Class initialized using 'CodeIgniter\Session\Handlers\FileHandler' driver.
DEBUG - 2025-04-26 09:13:31 --> User IP: ::1
DEBUG - 2025-04-26 09:13:31 --> Session: Class initialized using 'CodeIgniter\Session\Handlers\FileHandler' driver.
DEBUG - 2025-04-26 09:13:42 --> User IP: ::1
DEBUG - 2025-04-26 09:13:42 --> Session: Class initialized using 'CodeIgniter\Session\Handlers\FileHandler' driver.
DEBUG - 2025-04-26 09:13:46 --> User IP: ::1
DEBUG - 2025-04-26 09:13:46 --> Session: Class initialized using 'CodeIgniter\Session\Handlers\FileHandler' driver.
DEBUG - 2025-04-26 09:16:50 --> User IP: ::1
DEBUG - 2025-04-26 09:16:50 --> Session: Class initialized using 'CodeIgniter\Session\Handlers\FileHandler' driver.
DEBUG - 2025-04-26 09:17:04 --> User IP: ::1
DEBUG - 2025-04-26 09:17:04 --> Session: Class initialized using 'CodeIgniter\Session\Handlers\FileHandler' driver.
DEBUG - 2025-04-26 09:17:04 --> User IP: ::1
DEBUG - 2025-04-26 09:17:04 --> Session: Class initialized using 'CodeIgniter\Session\Handlers\FileHandler' driver.
DEBUG - 2025-04-26 10:09:30 --> User IP: ::1
DEBUG - 2025-04-26 10:09:30 --> Session: Class initialized using 'CodeIgniter\Session\Handlers\FileHandler' driver.
DEBUG - 2025-04-26 10:09:30 --> User IP: ::1
DEBUG - 2025-04-26 10:09:30 --> Session: Class initialized using 'CodeIgniter\Session\Handlers\FileHandler' driver.
