DEBUG - 2025-09-03 05:09:48 --> Session: Class initialized using 'CodeIgniter\Session\Handlers\FileHandler' driver.
DEBUG - 2025-09-03 05:09:48 --> User IP: ::1
DEBUG - 2025-09-03 05:09:50 --> Session: Class initialized using 'CodeIgniter\Session\Handlers\FileHandler' driver.
DEBUG - 2025-09-03 05:09:50 --> User IP: ::1
DEBUG - 2025-09-03 05:09:51 --> Session: Class initialized using 'CodeIgniter\Session\Handlers\FileHandler' driver.
DEBUG - 2025-09-03 05:09:51 --> User IP: ::1
DEBUG - 2025-09-03 05:09:55 --> Session: Class initialized using 'CodeIgniter\Session\Handlers\FileHandler' driver.
DEBUG - 2025-09-03 05:09:55 --> User IP: ::1
DEBUG - 2025-09-03 05:10:08 --> Session: Class initialized using 'CodeIgniter\Session\Handlers\FileHandler' driver.
DEBUG - 2025-09-03 05:10:08 --> User IP: ::1
DEBUG - 2025-09-03 05:10:09 --> Session: Class initialized using 'CodeIgniter\Session\Handlers\FileHandler' driver.
DEBUG - 2025-09-03 05:10:09 --> User IP: ::1
DEBUG - 2025-09-03 05:10:27 --> Session: Class initialized using 'CodeIgniter\Session\Handlers\FileHandler' driver.
DEBUG - 2025-09-03 05:10:27 --> User IP: ::1
DEBUG - 2025-09-03 05:10:27 --> Session: Class initialized using 'CodeIgniter\Session\Handlers\FileHandler' driver.
DEBUG - 2025-09-03 05:10:27 --> User IP: ::1
DEBUG - 2025-09-03 06:40:50 --> Session: Class initialized using 'CodeIgniter\Session\Handlers\FileHandler' driver.
DEBUG - 2025-09-03 06:40:50 --> User IP: ::1
DEBUG - 2025-09-03 06:40:54 --> Session: Class initialized using 'CodeIgniter\Session\Handlers\FileHandler' driver.
DEBUG - 2025-09-03 06:40:54 --> User IP: ::1
DEBUG - 2025-09-03 06:40:55 --> Session: Class initialized using 'CodeIgniter\Session\Handlers\FileHandler' driver.
DEBUG - 2025-09-03 06:40:55 --> User IP: ::1
DEBUG - 2025-09-03 06:41:10 --> Session: Class initialized using 'CodeIgniter\Session\Handlers\FileHandler' driver.
DEBUG - 2025-09-03 06:41:10 --> User IP: ::1
DEBUG - 2025-09-03 06:41:15 --> Session: Class initialized using 'CodeIgniter\Session\Handlers\FileHandler' driver.
DEBUG - 2025-09-03 06:41:15 --> User IP: ::1
DEBUG - 2025-09-03 06:41:16 --> Session: Class initialized using 'CodeIgniter\Session\Handlers\FileHandler' driver.
DEBUG - 2025-09-03 06:41:16 --> User IP: ::1
DEBUG - 2025-09-03 06:41:16 --> Session: Class initialized using 'CodeIgniter\Session\Handlers\FileHandler' driver.
DEBUG - 2025-09-03 06:41:16 --> User IP: ::1
DEBUG - 2025-09-03 06:41:17 --> Session: Class initialized using 'CodeIgniter\Session\Handlers\FileHandler' driver.
DEBUG - 2025-09-03 06:41:17 --> User IP: ::1
DEBUG - 2025-09-03 06:41:37 --> Session: Class initialized using 'CodeIgniter\Session\Handlers\FileHandler' driver.
DEBUG - 2025-09-03 06:41:37 --> User IP: ::1
DEBUG - 2025-09-03 06:41:40 --> Session: Class initialized using 'CodeIgniter\Session\Handlers\FileHandler' driver.
DEBUG - 2025-09-03 06:41:40 --> User IP: ::1
DEBUG - 2025-09-03 06:41:50 --> Session: Class initialized using 'CodeIgniter\Session\Handlers\FileHandler' driver.
DEBUG - 2025-09-03 06:41:50 --> User IP: ::1
DEBUG - 2025-09-03 06:41:50 --> Session: Class initialized using 'CodeIgniter\Session\Handlers\FileHandler' driver.
DEBUG - 2025-09-03 06:41:50 --> User IP: ::1
DEBUG - 2025-09-03 06:41:51 --> Session: Class initialized using 'CodeIgniter\Session\Handlers\FileHandler' driver.
DEBUG - 2025-09-03 06:41:51 --> User IP: ::1
DEBUG - 2025-09-03 06:50:33 --> Session: Class initialized using 'CodeIgniter\Session\Handlers\FileHandler' driver.
DEBUG - 2025-09-03 06:50:33 --> User IP: ::1
DEBUG - 2025-09-03 06:50:34 --> Session: Class initialized using 'CodeIgniter\Session\Handlers\FileHandler' driver.
DEBUG - 2025-09-03 06:50:34 --> User IP: ::1
DEBUG - 2025-09-03 06:50:34 --> Session: Class initialized using 'CodeIgniter\Session\Handlers\FileHandler' driver.
DEBUG - 2025-09-03 06:50:34 --> User IP: ::1
DEBUG - 2025-09-03 06:50:35 --> Session: Class initialized using 'CodeIgniter\Session\Handlers\FileHandler' driver.
DEBUG - 2025-09-03 06:50:35 --> User IP: ::1
DEBUG - 2025-09-03 06:51:32 --> Session: Class initialized using 'CodeIgniter\Session\Handlers\FileHandler' driver.
DEBUG - 2025-09-03 06:51:32 --> User IP: ::1
DEBUG - 2025-09-03 06:51:33 --> Session: Class initialized using 'CodeIgniter\Session\Handlers\FileHandler' driver.
DEBUG - 2025-09-03 06:51:33 --> User IP: ::1
DEBUG - 2025-09-03 06:51:33 --> Session: Class initialized using 'CodeIgniter\Session\Handlers\FileHandler' driver.
DEBUG - 2025-09-03 06:51:33 --> User IP: ::1
ERROR - 2025-09-03 06:51:33 --> mysqli_sql_exception: You have an error in your SQL syntax; check the manual that corresponds to your MySQL server version for the right syntax to use near '? AND ?
        AND pay_empid = ?
        AND transaction_type = ? 
        AND ' at line 8 in C:\xampp\htdocs\ems\system\Database\MySQLi\Connection.php:312
Stack trace:
#0 C:\xampp\htdocs\ems\system\Database\MySQLi\Connection.php(312): mysqli->query('\n    SELECT \n  ...', 0)
#1 C:\xampp\htdocs\ems\system\Database\BaseConnection.php(734): CodeIgniter\Database\MySQLi\Connection->execute('\n    SELECT \n  ...')
#2 C:\xampp\htdocs\ems\system\Database\BaseConnection.php(648): CodeIgniter\Database\BaseConnection->simpleQuery('\n    SELECT \n  ...')
#3 C:\xampp\htdocs\ems\app\Controllers\PayRole.php(509): CodeIgniter\Database\BaseConnection->query('\n    SELECT \n  ...', Array)
#4 C:\xampp\htdocs\ems\system\CodeIgniter.php(933): App\Controllers\PayRole->getattendance('8', '2025')
#5 C:\xampp\htdocs\ems\system\CodeIgniter.php(509): CodeIgniter\CodeIgniter->runController(Object(App\Controllers\PayRole))
#6 C:\xampp\htdocs\ems\system\CodeIgniter.php(355): CodeIgniter\CodeIgniter->handleRequest(NULL, Object(Config\Cache), false)
#7 C:\xampp\htdocs\ems\system\Boot.php(334): CodeIgniter\CodeIgniter->run()
#8 C:\xampp\htdocs\ems\system\Boot.php(67): CodeIgniter\Boot::runCodeIgniter(Object(CodeIgniter\CodeIgniter))
#9 C:\xampp\htdocs\ems\public\index.php(56): CodeIgniter\Boot::bootWeb(Object(Config\Paths))
#10 {main}
CRITICAL - 2025-09-03 06:51:33 --> CodeIgniter\Database\Exceptions\DatabaseException: You have an error in your SQL syntax; check the manual that corresponds to your MySQL server version for the right syntax to use near '? AND ?
        AND pay_empid = ?
        AND transaction_type = ? 
        AND ' at line 8
[Method: GET, Route: payrole/getattendance/8/2025]
in SYSTEMPATH\Database\BaseConnection.php on line 688.
 1 APPPATH\Controllers\PayRole.php(509): CodeIgniter\Database\BaseConnection->query('
    SELECT 
        pay_id, 
        pay_type, 
        pay_total_amount AS amount
    FROM 
        gighz.payments
    WHERE 
        pay_date BETWEEN ? AND ?
        AND pay_empid = ?
        AND transaction_type = ? 
        AND (payment_type = ? OR payment_type = ?)
', [...])
 2 SYSTEMPATH\CodeIgniter.php(933): App\Controllers\PayRole->getattendance('8', '2025')
 3 SYSTEMPATH\CodeIgniter.php(509): CodeIgniter\CodeIgniter->runController(Object(App\Controllers\PayRole))
 4 SYSTEMPATH\CodeIgniter.php(355): CodeIgniter\CodeIgniter->handleRequest(null, Object(Config\Cache), false)
 5 SYSTEMPATH\Boot.php(334): CodeIgniter\CodeIgniter->run()
 6 SYSTEMPATH\Boot.php(67): CodeIgniter\Boot::runCodeIgniter(Object(CodeIgniter\CodeIgniter))
 7 FCPATH\index.php(56): CodeIgniter\Boot::bootWeb(Object(Config\Paths))
CRITICAL - 2025-09-03 06:51:33 --> [Caused by] CodeIgniter\Database\Exceptions\DatabaseException: You have an error in your SQL syntax; check the manual that corresponds to your MySQL server version for the right syntax to use near '? AND ?
        AND pay_empid = ?
        AND transaction_type = ? 
        AND ' at line 8
in SYSTEMPATH\Database\MySQLi\Connection.php on line 317.
 1 SYSTEMPATH\Database\BaseConnection.php(734): CodeIgniter\Database\MySQLi\Connection->execute('
    SELECT 
        pay_id, 
        pay_type, 
        pay_total_amount AS amount
    FROM 
        gighz.payments
    WHERE 
        pay_date BETWEEN ? AND ?
        AND pay_empid = ?
        AND transaction_type = ? 
        AND (payment_type = ? OR payment_type = ?)
')
 2 SYSTEMPATH\Database\BaseConnection.php(648): CodeIgniter\Database\BaseConnection->simpleQuery('
    SELECT 
        pay_id, 
        pay_type, 
        pay_total_amount AS amount
    FROM 
        gighz.payments
    WHERE 
        pay_date BETWEEN ? AND ?
        AND pay_empid = ?
        AND transaction_type = ? 
        AND (payment_type = ? OR payment_type = ?)
')
 3 APPPATH\Controllers\PayRole.php(509): CodeIgniter\Database\BaseConnection->query('
    SELECT 
        pay_id, 
        pay_type, 
        pay_total_amount AS amount
    FROM 
        gighz.payments
    WHERE 
        pay_date BETWEEN ? AND ?
        AND pay_empid = ?
        AND transaction_type = ? 
        AND (payment_type = ? OR payment_type = ?)
', [...])
 4 SYSTEMPATH\CodeIgniter.php(933): App\Controllers\PayRole->getattendance('8', '2025')
 5 SYSTEMPATH\CodeIgniter.php(509): CodeIgniter\CodeIgniter->runController(Object(App\Controllers\PayRole))
 6 SYSTEMPATH\CodeIgniter.php(355): CodeIgniter\CodeIgniter->handleRequest(null, Object(Config\Cache), false)
 7 SYSTEMPATH\Boot.php(334): CodeIgniter\CodeIgniter->run()
 8 SYSTEMPATH\Boot.php(67): CodeIgniter\Boot::runCodeIgniter(Object(CodeIgniter\CodeIgniter))
 9 FCPATH\index.php(56): CodeIgniter\Boot::bootWeb(Object(Config\Paths))
CRITICAL - 2025-09-03 06:51:33 --> [Caused by] mysqli_sql_exception: You have an error in your SQL syntax; check the manual that corresponds to your MySQL server version for the right syntax to use near '? AND ?
        AND pay_empid = ?
        AND transaction_type = ? 
        AND ' at line 8
in SYSTEMPATH\Database\MySQLi\Connection.php on line 312.
 1 SYSTEMPATH\Database\MySQLi\Connection.php(312): mysqli->query('
    SELECT 
        pay_id, 
        pay_type, 
        pay_total_amount AS amount
    FROM 
        gighz.payments
    WHERE 
        pay_date BETWEEN ? AND ?
        AND pay_empid = ?
        AND transaction_type = ? 
        AND (payment_type = ? OR payment_type = ?)
', 0)
 2 SYSTEMPATH\Database\BaseConnection.php(734): CodeIgniter\Database\MySQLi\Connection->execute('
    SELECT 
        pay_id, 
        pay_type, 
        pay_total_amount AS amount
    FROM 
        gighz.payments
    WHERE 
        pay_date BETWEEN ? AND ?
        AND pay_empid = ?
        AND transaction_type = ? 
        AND (payment_type = ? OR payment_type = ?)
')
 3 SYSTEMPATH\Database\BaseConnection.php(648): CodeIgniter\Database\BaseConnection->simpleQuery('
    SELECT 
        pay_id, 
        pay_type, 
        pay_total_amount AS amount
    FROM 
        gighz.payments
    WHERE 
        pay_date BETWEEN ? AND ?
        AND pay_empid = ?
        AND transaction_type = ? 
        AND (payment_type = ? OR payment_type = ?)
')
 4 APPPATH\Controllers\PayRole.php(509): CodeIgniter\Database\BaseConnection->query('
    SELECT 
        pay_id, 
        pay_type, 
        pay_total_amount AS amount
    FROM 
        gighz.payments
    WHERE 
        pay_date BETWEEN ? AND ?
        AND pay_empid = ?
        AND transaction_type = ? 
        AND (payment_type = ? OR payment_type = ?)
', [...])
 5 SYSTEMPATH\CodeIgniter.php(933): App\Controllers\PayRole->getattendance('8', '2025')
 6 SYSTEMPATH\CodeIgniter.php(509): CodeIgniter\CodeIgniter->runController(Object(App\Controllers\PayRole))
 7 SYSTEMPATH\CodeIgniter.php(355): CodeIgniter\CodeIgniter->handleRequest(null, Object(Config\Cache), false)
 8 SYSTEMPATH\Boot.php(334): CodeIgniter\CodeIgniter->run()
 9 SYSTEMPATH\Boot.php(67): CodeIgniter\Boot::runCodeIgniter(Object(CodeIgniter\CodeIgniter))
10 FCPATH\index.php(56): CodeIgniter\Boot::bootWeb(Object(Config\Paths))
DEBUG - 2025-09-03 06:51:33 --> Session: Class initialized using 'CodeIgniter\Session\Handlers\FileHandler' driver.
DEBUG - 2025-09-03 06:51:33 --> User IP: ::1
DEBUG - 2025-09-03 06:51:46 --> Session: Class initialized using 'CodeIgniter\Session\Handlers\FileHandler' driver.
DEBUG - 2025-09-03 06:51:46 --> User IP: ::1
DEBUG - 2025-09-03 06:51:47 --> Session: Class initialized using 'CodeIgniter\Session\Handlers\FileHandler' driver.
DEBUG - 2025-09-03 06:51:47 --> User IP: ::1
DEBUG - 2025-09-03 06:51:47 --> Session: Class initialized using 'CodeIgniter\Session\Handlers\FileHandler' driver.
DEBUG - 2025-09-03 06:51:47 --> User IP: ::1
DEBUG - 2025-09-03 06:51:47 --> Session: Class initialized using 'CodeIgniter\Session\Handlers\FileHandler' driver.
DEBUG - 2025-09-03 06:51:48 --> User IP: ::1
DEBUG - 2025-09-03 06:52:03 --> Session: Class initialized using 'CodeIgniter\Session\Handlers\FileHandler' driver.
DEBUG - 2025-09-03 06:52:03 --> User IP: ::1
DEBUG - 2025-09-03 06:52:06 --> Session: Class initialized using 'CodeIgniter\Session\Handlers\FileHandler' driver.
DEBUG - 2025-09-03 06:52:06 --> User IP: ::1
DEBUG - 2025-09-03 06:52:20 --> Session: Class initialized using 'CodeIgniter\Session\Handlers\FileHandler' driver.
DEBUG - 2025-09-03 06:52:20 --> User IP: ::1
DEBUG - 2025-09-03 06:52:20 --> Session: Class initialized using 'CodeIgniter\Session\Handlers\FileHandler' driver.
DEBUG - 2025-09-03 06:52:20 --> User IP: ::1
DEBUG - 2025-09-03 06:52:21 --> Session: Class initialized using 'CodeIgniter\Session\Handlers\FileHandler' driver.
DEBUG - 2025-09-03 06:52:21 --> User IP: ::1
DEBUG - 2025-09-03 06:52:30 --> Session: Class initialized using 'CodeIgniter\Session\Handlers\FileHandler' driver.
DEBUG - 2025-09-03 06:52:30 --> User IP: ::1
DEBUG - 2025-09-03 06:52:33 --> Session: Class initialized using 'CodeIgniter\Session\Handlers\FileHandler' driver.
DEBUG - 2025-09-03 06:52:33 --> User IP: ::1
DEBUG - 2025-09-03 06:52:43 --> Session: Class initialized using 'CodeIgniter\Session\Handlers\FileHandler' driver.
DEBUG - 2025-09-03 06:52:43 --> User IP: ::1
DEBUG - 2025-09-03 06:52:43 --> Session: Class initialized using 'CodeIgniter\Session\Handlers\FileHandler' driver.
DEBUG - 2025-09-03 06:52:43 --> User IP: ::1
DEBUG - 2025-09-03 06:52:44 --> Session: Class initialized using 'CodeIgniter\Session\Handlers\FileHandler' driver.
DEBUG - 2025-09-03 06:52:44 --> User IP: ::1
DEBUG - 2025-09-03 08:40:11 --> Session: Class initialized using 'CodeIgniter\Session\Handlers\FileHandler' driver.
DEBUG - 2025-09-03 08:40:11 --> User IP: ::1
DEBUG - 2025-09-03 08:40:22 --> Session: Class initialized using 'CodeIgniter\Session\Handlers\FileHandler' driver.
DEBUG - 2025-09-03 08:40:22 --> User IP: ::1
DEBUG - 2025-09-03 08:40:43 --> Session: Class initialized using 'CodeIgniter\Session\Handlers\FileHandler' driver.
DEBUG - 2025-09-03 08:40:43 --> User IP: ::1
DEBUG - 2025-09-03 08:51:39 --> Session: Class initialized using 'CodeIgniter\Session\Handlers\FileHandler' driver.
DEBUG - 2025-09-03 08:51:39 --> User IP: ::1
DEBUG - 2025-09-03 08:51:40 --> Session: Class initialized using 'CodeIgniter\Session\Handlers\FileHandler' driver.
DEBUG - 2025-09-03 08:51:40 --> User IP: ::1
DEBUG - 2025-09-03 08:52:30 --> Session: Class initialized using 'CodeIgniter\Session\Handlers\FileHandler' driver.
DEBUG - 2025-09-03 08:52:30 --> User IP: ::1
DEBUG - 2025-09-03 08:52:40 --> Session: Class initialized using 'CodeIgniter\Session\Handlers\FileHandler' driver.
DEBUG - 2025-09-03 08:52:40 --> User IP: ::1
DEBUG - 2025-09-03 08:53:33 --> Session: Class initialized using 'CodeIgniter\Session\Handlers\FileHandler' driver.
DEBUG - 2025-09-03 08:53:33 --> User IP: ::1
DEBUG - 2025-09-03 08:53:33 --> Session: Class initialized using 'CodeIgniter\Session\Handlers\FileHandler' driver.
DEBUG - 2025-09-03 08:53:33 --> User IP: ::1
DEBUG - 2025-09-03 08:54:32 --> Session: Class initialized using 'CodeIgniter\Session\Handlers\FileHandler' driver.
DEBUG - 2025-09-03 08:54:32 --> User IP: ::1
DEBUG - 2025-09-03 08:54:33 --> Session: Class initialized using 'CodeIgniter\Session\Handlers\FileHandler' driver.
DEBUG - 2025-09-03 08:54:33 --> User IP: ::1
DEBUG - 2025-09-03 08:55:33 --> Session: Class initialized using 'CodeIgniter\Session\Handlers\FileHandler' driver.
DEBUG - 2025-09-03 08:55:33 --> User IP: ::1
DEBUG - 2025-09-03 08:55:33 --> Session: Class initialized using 'CodeIgniter\Session\Handlers\FileHandler' driver.
DEBUG - 2025-09-03 08:55:33 --> User IP: ::1
DEBUG - 2025-09-03 08:56:33 --> Session: Class initialized using 'CodeIgniter\Session\Handlers\FileHandler' driver.
DEBUG - 2025-09-03 08:56:33 --> User IP: ::1
DEBUG - 2025-09-03 08:56:33 --> Session: Class initialized using 'CodeIgniter\Session\Handlers\FileHandler' driver.
DEBUG - 2025-09-03 08:56:33 --> User IP: ::1
DEBUG - 2025-09-03 08:57:33 --> Session: Class initialized using 'CodeIgniter\Session\Handlers\FileHandler' driver.
DEBUG - 2025-09-03 08:57:33 --> User IP: ::1
DEBUG - 2025-09-03 08:57:33 --> Session: Class initialized using 'CodeIgniter\Session\Handlers\FileHandler' driver.
DEBUG - 2025-09-03 08:57:33 --> User IP: ::1
DEBUG - 2025-09-03 08:58:33 --> Session: Class initialized using 'CodeIgniter\Session\Handlers\FileHandler' driver.
DEBUG - 2025-09-03 08:58:33 --> User IP: ::1
DEBUG - 2025-09-03 08:58:33 --> Session: Class initialized using 'CodeIgniter\Session\Handlers\FileHandler' driver.
DEBUG - 2025-09-03 08:58:33 --> User IP: ::1
DEBUG - 2025-09-03 08:59:33 --> Session: Class initialized using 'CodeIgniter\Session\Handlers\FileHandler' driver.
DEBUG - 2025-09-03 08:59:33 --> User IP: ::1
DEBUG - 2025-09-03 08:59:33 --> Session: Class initialized using 'CodeIgniter\Session\Handlers\FileHandler' driver.
DEBUG - 2025-09-03 08:59:33 --> User IP: ::1
DEBUG - 2025-09-03 09:00:34 --> Session: Class initialized using 'CodeIgniter\Session\Handlers\FileHandler' driver.
DEBUG - 2025-09-03 09:00:34 --> User IP: ::1
DEBUG - 2025-09-03 09:00:34 --> Session: Class initialized using 'CodeIgniter\Session\Handlers\FileHandler' driver.
DEBUG - 2025-09-03 09:00:34 --> User IP: ::1
DEBUG - 2025-09-03 09:01:35 --> Session: Class initialized using 'CodeIgniter\Session\Handlers\FileHandler' driver.
DEBUG - 2025-09-03 09:01:35 --> User IP: ::1
DEBUG - 2025-09-03 09:01:35 --> Session: Class initialized using 'CodeIgniter\Session\Handlers\FileHandler' driver.
DEBUG - 2025-09-03 09:01:35 --> User IP: ::1
DEBUG - 2025-09-03 09:02:36 --> Session: Class initialized using 'CodeIgniter\Session\Handlers\FileHandler' driver.
DEBUG - 2025-09-03 09:02:36 --> User IP: ::1
DEBUG - 2025-09-03 09:02:36 --> Session: Class initialized using 'CodeIgniter\Session\Handlers\FileHandler' driver.
DEBUG - 2025-09-03 09:02:36 --> User IP: ::1
DEBUG - 2025-09-03 09:03:37 --> Session: Class initialized using 'CodeIgniter\Session\Handlers\FileHandler' driver.
DEBUG - 2025-09-03 09:03:37 --> User IP: ::1
DEBUG - 2025-09-03 09:03:37 --> Session: Class initialized using 'CodeIgniter\Session\Handlers\FileHandler' driver.
DEBUG - 2025-09-03 09:03:37 --> User IP: ::1
DEBUG - 2025-09-03 09:04:38 --> Session: Class initialized using 'CodeIgniter\Session\Handlers\FileHandler' driver.
DEBUG - 2025-09-03 09:04:38 --> User IP: ::1
DEBUG - 2025-09-03 09:04:38 --> Session: Class initialized using 'CodeIgniter\Session\Handlers\FileHandler' driver.
DEBUG - 2025-09-03 09:04:38 --> User IP: ::1
DEBUG - 2025-09-03 09:05:39 --> Session: Class initialized using 'CodeIgniter\Session\Handlers\FileHandler' driver.
DEBUG - 2025-09-03 09:05:39 --> User IP: ::1
DEBUG - 2025-09-03 09:05:39 --> Session: Class initialized using 'CodeIgniter\Session\Handlers\FileHandler' driver.
DEBUG - 2025-09-03 09:05:39 --> User IP: ::1
DEBUG - 2025-09-03 09:06:40 --> Session: Class initialized using 'CodeIgniter\Session\Handlers\FileHandler' driver.
DEBUG - 2025-09-03 09:06:40 --> User IP: ::1
DEBUG - 2025-09-03 09:06:40 --> Session: Class initialized using 'CodeIgniter\Session\Handlers\FileHandler' driver.
DEBUG - 2025-09-03 09:06:40 --> User IP: ::1
DEBUG - 2025-09-03 09:07:41 --> Session: Class initialized using 'CodeIgniter\Session\Handlers\FileHandler' driver.
DEBUG - 2025-09-03 09:07:41 --> User IP: ::1
DEBUG - 2025-09-03 09:07:41 --> Session: Class initialized using 'CodeIgniter\Session\Handlers\FileHandler' driver.
DEBUG - 2025-09-03 09:07:41 --> User IP: ::1
DEBUG - 2025-09-03 09:08:42 --> Session: Class initialized using 'CodeIgniter\Session\Handlers\FileHandler' driver.
DEBUG - 2025-09-03 09:08:42 --> User IP: ::1
DEBUG - 2025-09-03 09:08:42 --> Session: Class initialized using 'CodeIgniter\Session\Handlers\FileHandler' driver.
DEBUG - 2025-09-03 09:08:42 --> User IP: ::1
DEBUG - 2025-09-03 09:09:32 --> Session: Class initialized using 'CodeIgniter\Session\Handlers\FileHandler' driver.
DEBUG - 2025-09-03 09:09:32 --> User IP: ::1
DEBUG - 2025-09-03 09:09:33 --> Session: Class initialized using 'CodeIgniter\Session\Handlers\FileHandler' driver.
DEBUG - 2025-09-03 09:09:33 --> User IP: ::1
DEBUG - 2025-09-03 09:10:33 --> Session: Class initialized using 'CodeIgniter\Session\Handlers\FileHandler' driver.
DEBUG - 2025-09-03 09:10:33 --> User IP: ::1
DEBUG - 2025-09-03 09:10:33 --> Session: Class initialized using 'CodeIgniter\Session\Handlers\FileHandler' driver.
DEBUG - 2025-09-03 09:10:33 --> User IP: ::1
DEBUG - 2025-09-03 09:11:34 --> Session: Class initialized using 'CodeIgniter\Session\Handlers\FileHandler' driver.
DEBUG - 2025-09-03 09:11:34 --> User IP: ::1
DEBUG - 2025-09-03 09:11:34 --> Session: Class initialized using 'CodeIgniter\Session\Handlers\FileHandler' driver.
DEBUG - 2025-09-03 09:11:34 --> User IP: ::1
DEBUG - 2025-09-03 09:12:35 --> Session: Class initialized using 'CodeIgniter\Session\Handlers\FileHandler' driver.
DEBUG - 2025-09-03 09:12:35 --> User IP: ::1
DEBUG - 2025-09-03 09:12:35 --> Session: Class initialized using 'CodeIgniter\Session\Handlers\FileHandler' driver.
DEBUG - 2025-09-03 09:12:35 --> User IP: ::1
DEBUG - 2025-09-03 09:13:36 --> Session: Class initialized using 'CodeIgniter\Session\Handlers\FileHandler' driver.
DEBUG - 2025-09-03 09:13:36 --> User IP: ::1
DEBUG - 2025-09-03 09:13:36 --> Session: Class initialized using 'CodeIgniter\Session\Handlers\FileHandler' driver.
DEBUG - 2025-09-03 09:13:36 --> User IP: ::1
DEBUG - 2025-09-03 09:14:37 --> Session: Class initialized using 'CodeIgniter\Session\Handlers\FileHandler' driver.
DEBUG - 2025-09-03 09:14:37 --> User IP: ::1
DEBUG - 2025-09-03 09:14:37 --> Session: Class initialized using 'CodeIgniter\Session\Handlers\FileHandler' driver.
DEBUG - 2025-09-03 09:14:37 --> User IP: ::1
DEBUG - 2025-09-03 09:15:38 --> Session: Class initialized using 'CodeIgniter\Session\Handlers\FileHandler' driver.
DEBUG - 2025-09-03 09:15:38 --> User IP: ::1
DEBUG - 2025-09-03 09:15:38 --> Session: Class initialized using 'CodeIgniter\Session\Handlers\FileHandler' driver.
DEBUG - 2025-09-03 09:15:38 --> User IP: ::1
DEBUG - 2025-09-03 09:16:39 --> Session: Class initialized using 'CodeIgniter\Session\Handlers\FileHandler' driver.
DEBUG - 2025-09-03 09:16:39 --> User IP: ::1
DEBUG - 2025-09-03 09:16:39 --> Session: Class initialized using 'CodeIgniter\Session\Handlers\FileHandler' driver.
DEBUG - 2025-09-03 09:16:39 --> User IP: ::1
DEBUG - 2025-09-03 09:17:40 --> Session: Class initialized using 'CodeIgniter\Session\Handlers\FileHandler' driver.
DEBUG - 2025-09-03 09:17:40 --> User IP: ::1
DEBUG - 2025-09-03 09:17:40 --> Session: Class initialized using 'CodeIgniter\Session\Handlers\FileHandler' driver.
DEBUG - 2025-09-03 09:17:40 --> User IP: ::1
DEBUG - 2025-09-03 09:18:41 --> Session: Class initialized using 'CodeIgniter\Session\Handlers\FileHandler' driver.
DEBUG - 2025-09-03 09:18:41 --> User IP: ::1
DEBUG - 2025-09-03 09:18:41 --> Session: Class initialized using 'CodeIgniter\Session\Handlers\FileHandler' driver.
DEBUG - 2025-09-03 09:18:41 --> User IP: ::1
DEBUG - 2025-09-03 09:19:42 --> Session: Class initialized using 'CodeIgniter\Session\Handlers\FileHandler' driver.
DEBUG - 2025-09-03 09:19:42 --> User IP: ::1
DEBUG - 2025-09-03 09:19:42 --> Session: Class initialized using 'CodeIgniter\Session\Handlers\FileHandler' driver.
DEBUG - 2025-09-03 09:19:42 --> User IP: ::1
DEBUG - 2025-09-03 09:20:43 --> Session: Class initialized using 'CodeIgniter\Session\Handlers\FileHandler' driver.
DEBUG - 2025-09-03 09:20:43 --> User IP: ::1
DEBUG - 2025-09-03 09:20:43 --> Session: Class initialized using 'CodeIgniter\Session\Handlers\FileHandler' driver.
DEBUG - 2025-09-03 09:20:43 --> User IP: ::1
DEBUG - 2025-09-03 09:21:44 --> Session: Class initialized using 'CodeIgniter\Session\Handlers\FileHandler' driver.
DEBUG - 2025-09-03 09:21:44 --> User IP: ::1
DEBUG - 2025-09-03 09:21:44 --> Session: Class initialized using 'CodeIgniter\Session\Handlers\FileHandler' driver.
DEBUG - 2025-09-03 09:21:44 --> User IP: ::1
DEBUG - 2025-09-03 09:22:45 --> Session: Class initialized using 'CodeIgniter\Session\Handlers\FileHandler' driver.
DEBUG - 2025-09-03 09:22:45 --> User IP: ::1
DEBUG - 2025-09-03 09:22:45 --> Session: Class initialized using 'CodeIgniter\Session\Handlers\FileHandler' driver.
DEBUG - 2025-09-03 09:22:45 --> User IP: ::1
DEBUG - 2025-09-03 09:23:24 --> Session: Class initialized using 'CodeIgniter\Session\Handlers\FileHandler' driver.
DEBUG - 2025-09-03 09:23:24 --> User IP: ::1
DEBUG - 2025-09-03 09:24:11 --> Session: Class initialized using 'CodeIgniter\Session\Handlers\FileHandler' driver.
DEBUG - 2025-09-03 09:24:11 --> User IP: ::1
DEBUG - 2025-09-03 09:24:14 --> Session: Class initialized using 'CodeIgniter\Session\Handlers\FileHandler' driver.
DEBUG - 2025-09-03 09:24:14 --> User IP: ::1
DEBUG - 2025-09-03 09:24:36 --> Session: Class initialized using 'CodeIgniter\Session\Handlers\FileHandler' driver.
DEBUG - 2025-09-03 09:24:36 --> User IP: ::1
DEBUG - 2025-09-03 09:24:53 --> Session: Class initialized using 'CodeIgniter\Session\Handlers\FileHandler' driver.
DEBUG - 2025-09-03 09:24:53 --> User IP: ::1
DEBUG - 2025-09-03 09:25:03 --> Session: Class initialized using 'CodeIgniter\Session\Handlers\FileHandler' driver.
DEBUG - 2025-09-03 09:25:03 --> User IP: ::1
DEBUG - 2025-09-03 09:25:16 --> Session: Class initialized using 'CodeIgniter\Session\Handlers\FileHandler' driver.
DEBUG - 2025-09-03 09:25:16 --> User IP: ::1
DEBUG - 2025-09-03 09:50:28 --> Session: Class initialized using 'CodeIgniter\Session\Handlers\FileHandler' driver.
DEBUG - 2025-09-03 09:50:28 --> User IP: ::1
DEBUG - 2025-09-03 09:51:30 --> Session: Class initialized using 'CodeIgniter\Session\Handlers\FileHandler' driver.
DEBUG - 2025-09-03 09:51:30 --> User IP: ::1
DEBUG - 2025-09-03 09:52:30 --> Session: Class initialized using 'CodeIgniter\Session\Handlers\FileHandler' driver.
DEBUG - 2025-09-03 09:52:30 --> User IP: ::1
DEBUG - 2025-09-03 09:53:29 --> Session: Class initialized using 'CodeIgniter\Session\Handlers\FileHandler' driver.
DEBUG - 2025-09-03 09:53:29 --> User IP: ::1
DEBUG - 2025-09-03 09:54:29 --> Session: Class initialized using 'CodeIgniter\Session\Handlers\FileHandler' driver.
DEBUG - 2025-09-03 09:54:29 --> User IP: ::1
DEBUG - 2025-09-03 09:55:29 --> Session: Class initialized using 'CodeIgniter\Session\Handlers\FileHandler' driver.
DEBUG - 2025-09-03 09:55:29 --> User IP: ::1
DEBUG - 2025-09-03 09:56:29 --> Session: Class initialized using 'CodeIgniter\Session\Handlers\FileHandler' driver.
DEBUG - 2025-09-03 09:56:29 --> User IP: ::1
DEBUG - 2025-09-03 09:57:29 --> Session: Class initialized using 'CodeIgniter\Session\Handlers\FileHandler' driver.
DEBUG - 2025-09-03 09:57:29 --> User IP: ::1
DEBUG - 2025-09-03 09:58:29 --> Session: Class initialized using 'CodeIgniter\Session\Handlers\FileHandler' driver.
DEBUG - 2025-09-03 09:58:29 --> User IP: ::1
DEBUG - 2025-09-03 09:59:29 --> Session: Class initialized using 'CodeIgniter\Session\Handlers\FileHandler' driver.
DEBUG - 2025-09-03 09:59:29 --> User IP: ::1
DEBUG - 2025-09-03 10:00:29 --> Session: Class initialized using 'CodeIgniter\Session\Handlers\FileHandler' driver.
DEBUG - 2025-09-03 10:00:29 --> User IP: ::1
DEBUG - 2025-09-03 10:01:30 --> Session: Class initialized using 'CodeIgniter\Session\Handlers\FileHandler' driver.
DEBUG - 2025-09-03 10:01:30 --> User IP: ::1
DEBUG - 2025-09-03 10:02:31 --> Session: Class initialized using 'CodeIgniter\Session\Handlers\FileHandler' driver.
DEBUG - 2025-09-03 10:02:31 --> User IP: ::1
DEBUG - 2025-09-03 10:03:32 --> Session: Class initialized using 'CodeIgniter\Session\Handlers\FileHandler' driver.
DEBUG - 2025-09-03 10:03:32 --> User IP: ::1
DEBUG - 2025-09-03 10:04:33 --> Session: Class initialized using 'CodeIgniter\Session\Handlers\FileHandler' driver.
DEBUG - 2025-09-03 10:04:33 --> User IP: ::1
DEBUG - 2025-09-03 10:05:34 --> Session: Class initialized using 'CodeIgniter\Session\Handlers\FileHandler' driver.
DEBUG - 2025-09-03 10:05:34 --> User IP: ::1
DEBUG - 2025-09-03 10:06:35 --> Session: Class initialized using 'CodeIgniter\Session\Handlers\FileHandler' driver.
DEBUG - 2025-09-03 10:06:35 --> User IP: ::1
DEBUG - 2025-09-03 10:07:36 --> Session: Class initialized using 'CodeIgniter\Session\Handlers\FileHandler' driver.
DEBUG - 2025-09-03 10:07:36 --> User IP: ::1
DEBUG - 2025-09-03 10:08:37 --> Session: Class initialized using 'CodeIgniter\Session\Handlers\FileHandler' driver.
DEBUG - 2025-09-03 10:08:37 --> User IP: ::1
DEBUG - 2025-09-03 10:09:38 --> Session: Class initialized using 'CodeIgniter\Session\Handlers\FileHandler' driver.
DEBUG - 2025-09-03 10:09:38 --> User IP: ::1
DEBUG - 2025-09-03 10:10:39 --> Session: Class initialized using 'CodeIgniter\Session\Handlers\FileHandler' driver.
DEBUG - 2025-09-03 10:10:39 --> User IP: ::1
DEBUG - 2025-09-03 10:11:40 --> Session: Class initialized using 'CodeIgniter\Session\Handlers\FileHandler' driver.
DEBUG - 2025-09-03 10:11:40 --> User IP: ::1
DEBUG - 2025-09-03 10:12:41 --> Session: Class initialized using 'CodeIgniter\Session\Handlers\FileHandler' driver.
DEBUG - 2025-09-03 10:12:41 --> User IP: ::1
DEBUG - 2025-09-03 10:13:42 --> Session: Class initialized using 'CodeIgniter\Session\Handlers\FileHandler' driver.
DEBUG - 2025-09-03 10:13:42 --> User IP: ::1
DEBUG - 2025-09-03 10:14:43 --> Session: Class initialized using 'CodeIgniter\Session\Handlers\FileHandler' driver.
DEBUG - 2025-09-03 10:14:43 --> User IP: ::1
DEBUG - 2025-09-03 10:15:44 --> Session: Class initialized using 'CodeIgniter\Session\Handlers\FileHandler' driver.
DEBUG - 2025-09-03 10:15:44 --> User IP: ::1
DEBUG - 2025-09-03 10:16:45 --> Session: Class initialized using 'CodeIgniter\Session\Handlers\FileHandler' driver.
DEBUG - 2025-09-03 10:16:45 --> User IP: ::1
DEBUG - 2025-09-03 10:17:46 --> Session: Class initialized using 'CodeIgniter\Session\Handlers\FileHandler' driver.
DEBUG - 2025-09-03 10:17:46 --> User IP: ::1
DEBUG - 2025-09-03 10:18:47 --> Session: Class initialized using 'CodeIgniter\Session\Handlers\FileHandler' driver.
DEBUG - 2025-09-03 10:18:47 --> User IP: ::1
DEBUG - 2025-09-03 10:19:30 --> Session: Class initialized using 'CodeIgniter\Session\Handlers\FileHandler' driver.
DEBUG - 2025-09-03 10:19:30 --> User IP: ::1
DEBUG - 2025-09-03 10:20:30 --> Session: Class initialized using 'CodeIgniter\Session\Handlers\FileHandler' driver.
DEBUG - 2025-09-03 10:20:30 --> User IP: ::1
DEBUG - 2025-09-03 10:21:31 --> Session: Class initialized using 'CodeIgniter\Session\Handlers\FileHandler' driver.
DEBUG - 2025-09-03 10:21:31 --> User IP: ::1
DEBUG - 2025-09-03 10:22:32 --> Session: Class initialized using 'CodeIgniter\Session\Handlers\FileHandler' driver.
DEBUG - 2025-09-03 10:22:32 --> User IP: ::1
DEBUG - 2025-09-03 10:23:33 --> Session: Class initialized using 'CodeIgniter\Session\Handlers\FileHandler' driver.
DEBUG - 2025-09-03 10:23:33 --> User IP: ::1
DEBUG - 2025-09-03 10:24:34 --> Session: Class initialized using 'CodeIgniter\Session\Handlers\FileHandler' driver.
DEBUG - 2025-09-03 10:24:34 --> User IP: ::1
DEBUG - 2025-09-03 10:25:35 --> Session: Class initialized using 'CodeIgniter\Session\Handlers\FileHandler' driver.
DEBUG - 2025-09-03 10:25:35 --> User IP: ::1
DEBUG - 2025-09-03 10:26:36 --> Session: Class initialized using 'CodeIgniter\Session\Handlers\FileHandler' driver.
DEBUG - 2025-09-03 10:26:36 --> User IP: ::1
DEBUG - 2025-09-03 10:27:37 --> Session: Class initialized using 'CodeIgniter\Session\Handlers\FileHandler' driver.
DEBUG - 2025-09-03 10:27:37 --> User IP: ::1
DEBUG - 2025-09-03 10:28:38 --> Session: Class initialized using 'CodeIgniter\Session\Handlers\FileHandler' driver.
DEBUG - 2025-09-03 10:28:38 --> User IP: ::1
DEBUG - 2025-09-03 10:29:39 --> Session: Class initialized using 'CodeIgniter\Session\Handlers\FileHandler' driver.
DEBUG - 2025-09-03 10:29:39 --> User IP: ::1
DEBUG - 2025-09-03 10:30:40 --> Session: Class initialized using 'CodeIgniter\Session\Handlers\FileHandler' driver.
DEBUG - 2025-09-03 10:30:40 --> User IP: ::1
DEBUG - 2025-09-03 10:31:41 --> Session: Class initialized using 'CodeIgniter\Session\Handlers\FileHandler' driver.
DEBUG - 2025-09-03 10:31:41 --> User IP: ::1
DEBUG - 2025-09-03 10:32:42 --> Session: Class initialized using 'CodeIgniter\Session\Handlers\FileHandler' driver.
DEBUG - 2025-09-03 10:32:42 --> User IP: ::1
DEBUG - 2025-09-03 10:33:43 --> Session: Class initialized using 'CodeIgniter\Session\Handlers\FileHandler' driver.
DEBUG - 2025-09-03 10:33:43 --> User IP: ::1
DEBUG - 2025-09-03 10:34:44 --> Session: Class initialized using 'CodeIgniter\Session\Handlers\FileHandler' driver.
DEBUG - 2025-09-03 10:34:44 --> User IP: ::1
DEBUG - 2025-09-03 10:35:45 --> Session: Class initialized using 'CodeIgniter\Session\Handlers\FileHandler' driver.
DEBUG - 2025-09-03 10:35:45 --> User IP: ::1
DEBUG - 2025-09-03 10:36:46 --> Session: Class initialized using 'CodeIgniter\Session\Handlers\FileHandler' driver.
DEBUG - 2025-09-03 10:36:46 --> User IP: ::1
DEBUG - 2025-09-03 10:37:47 --> Session: Class initialized using 'CodeIgniter\Session\Handlers\FileHandler' driver.
DEBUG - 2025-09-03 10:37:47 --> User IP: ::1
DEBUG - 2025-09-03 10:38:48 --> Session: Class initialized using 'CodeIgniter\Session\Handlers\FileHandler' driver.
DEBUG - 2025-09-03 10:38:48 --> User IP: ::1
DEBUG - 2025-09-03 10:39:49 --> Session: Class initialized using 'CodeIgniter\Session\Handlers\FileHandler' driver.
DEBUG - 2025-09-03 10:39:49 --> User IP: ::1
DEBUG - 2025-09-03 10:40:50 --> Session: Class initialized using 'CodeIgniter\Session\Handlers\FileHandler' driver.
DEBUG - 2025-09-03 10:40:50 --> User IP: ::1
DEBUG - 2025-09-03 10:41:51 --> Session: Class initialized using 'CodeIgniter\Session\Handlers\FileHandler' driver.
DEBUG - 2025-09-03 10:41:51 --> User IP: ::1
DEBUG - 2025-09-03 10:42:52 --> Session: Class initialized using 'CodeIgniter\Session\Handlers\FileHandler' driver.
DEBUG - 2025-09-03 10:42:52 --> User IP: ::1
DEBUG - 2025-09-03 10:43:53 --> Session: Class initialized using 'CodeIgniter\Session\Handlers\FileHandler' driver.
DEBUG - 2025-09-03 10:43:53 --> User IP: ::1
DEBUG - 2025-09-03 10:44:54 --> Session: Class initialized using 'CodeIgniter\Session\Handlers\FileHandler' driver.
DEBUG - 2025-09-03 10:44:54 --> User IP: ::1
DEBUG - 2025-09-03 10:45:55 --> Session: Class initialized using 'CodeIgniter\Session\Handlers\FileHandler' driver.
DEBUG - 2025-09-03 10:45:55 --> User IP: ::1
DEBUG - 2025-09-03 10:46:56 --> Session: Class initialized using 'CodeIgniter\Session\Handlers\FileHandler' driver.
DEBUG - 2025-09-03 10:46:56 --> User IP: ::1
DEBUG - 2025-09-03 10:47:57 --> Session: Class initialized using 'CodeIgniter\Session\Handlers\FileHandler' driver.
DEBUG - 2025-09-03 10:47:57 --> User IP: ::1
DEBUG - 2025-09-03 10:48:58 --> Session: Class initialized using 'CodeIgniter\Session\Handlers\FileHandler' driver.
DEBUG - 2025-09-03 10:48:58 --> User IP: ::1
DEBUG - 2025-09-03 10:49:59 --> Session: Class initialized using 'CodeIgniter\Session\Handlers\FileHandler' driver.
DEBUG - 2025-09-03 10:49:59 --> User IP: ::1
DEBUG - 2025-09-03 10:50:59 --> Session: Class initialized using 'CodeIgniter\Session\Handlers\FileHandler' driver.
DEBUG - 2025-09-03 10:50:59 --> User IP: ::1
DEBUG - 2025-09-03 10:51:59 --> Session: Class initialized using 'CodeIgniter\Session\Handlers\FileHandler' driver.
DEBUG - 2025-09-03 10:51:59 --> User IP: ::1
DEBUG - 2025-09-03 10:52:59 --> Session: Class initialized using 'CodeIgniter\Session\Handlers\FileHandler' driver.
DEBUG - 2025-09-03 10:52:59 --> User IP: ::1
DEBUG - 2025-09-03 10:53:35 --> Session: Class initialized using 'CodeIgniter\Session\Handlers\FileHandler' driver.
DEBUG - 2025-09-03 10:53:35 --> User IP: ::1
DEBUG - 2025-09-03 10:53:37 --> Session: Class initialized using 'CodeIgniter\Session\Handlers\FileHandler' driver.
DEBUG - 2025-09-03 10:53:37 --> User IP: ::1
DEBUG - 2025-09-03 10:54:38 --> Session: Class initialized using 'CodeIgniter\Session\Handlers\FileHandler' driver.
DEBUG - 2025-09-03 10:54:38 --> User IP: ::1
DEBUG - 2025-09-03 10:55:38 --> Session: Class initialized using 'CodeIgniter\Session\Handlers\FileHandler' driver.
DEBUG - 2025-09-03 10:55:38 --> User IP: ::1
DEBUG - 2025-09-03 10:56:25 --> Session: Class initialized using 'CodeIgniter\Session\Handlers\FileHandler' driver.
DEBUG - 2025-09-03 10:56:26 --> User IP: ::1
DEBUG - 2025-09-03 10:56:33 --> Session: Class initialized using 'CodeIgniter\Session\Handlers\FileHandler' driver.
DEBUG - 2025-09-03 10:56:33 --> User IP: ::1
DEBUG - 2025-09-03 10:56:35 --> Session: Class initialized using 'CodeIgniter\Session\Handlers\FileHandler' driver.
DEBUG - 2025-09-03 10:56:35 --> User IP: ::1
DEBUG - 2025-09-03 10:56:36 --> Session: Class initialized using 'CodeIgniter\Session\Handlers\FileHandler' driver.
DEBUG - 2025-09-03 10:56:36 --> User IP: ::1
DEBUG - 2025-09-03 10:56:45 --> Session: Class initialized using 'CodeIgniter\Session\Handlers\FileHandler' driver.
DEBUG - 2025-09-03 10:56:45 --> User IP: ::1
DEBUG - 2025-09-03 10:57:17 --> Session: Class initialized using 'CodeIgniter\Session\Handlers\FileHandler' driver.
DEBUG - 2025-09-03 10:57:17 --> User IP: ::1
DEBUG - 2025-09-03 10:58:19 --> Session: Class initialized using 'CodeIgniter\Session\Handlers\FileHandler' driver.
DEBUG - 2025-09-03 10:58:19 --> User IP: ::1
DEBUG - 2025-09-03 10:59:19 --> Session: Class initialized using 'CodeIgniter\Session\Handlers\FileHandler' driver.
DEBUG - 2025-09-03 10:59:19 --> User IP: ::1
DEBUG - 2025-09-03 11:00:19 --> Session: Class initialized using 'CodeIgniter\Session\Handlers\FileHandler' driver.
DEBUG - 2025-09-03 11:00:19 --> User IP: ::1
DEBUG - 2025-09-03 11:01:19 --> Session: Class initialized using 'CodeIgniter\Session\Handlers\FileHandler' driver.
DEBUG - 2025-09-03 11:01:19 --> User IP: ::1
DEBUG - 2025-09-03 11:02:19 --> Session: Class initialized using 'CodeIgniter\Session\Handlers\FileHandler' driver.
DEBUG - 2025-09-03 11:02:19 --> User IP: ::1
DEBUG - 2025-09-03 11:03:19 --> Session: Class initialized using 'CodeIgniter\Session\Handlers\FileHandler' driver.
DEBUG - 2025-09-03 11:03:19 --> User IP: ::1
DEBUG - 2025-09-03 11:04:19 --> Session: Class initialized using 'CodeIgniter\Session\Handlers\FileHandler' driver.
DEBUG - 2025-09-03 11:04:19 --> User IP: ::1
DEBUG - 2025-09-03 11:05:20 --> Session: Class initialized using 'CodeIgniter\Session\Handlers\FileHandler' driver.
DEBUG - 2025-09-03 11:05:20 --> User IP: ::1
DEBUG - 2025-09-03 11:06:21 --> Session: Class initialized using 'CodeIgniter\Session\Handlers\FileHandler' driver.
DEBUG - 2025-09-03 11:06:21 --> User IP: ::1
DEBUG - 2025-09-03 11:07:22 --> Session: Class initialized using 'CodeIgniter\Session\Handlers\FileHandler' driver.
DEBUG - 2025-09-03 11:07:22 --> User IP: ::1
DEBUG - 2025-09-03 11:08:23 --> Session: Class initialized using 'CodeIgniter\Session\Handlers\FileHandler' driver.
DEBUG - 2025-09-03 11:08:23 --> User IP: ::1
DEBUG - 2025-09-03 11:09:24 --> Session: Class initialized using 'CodeIgniter\Session\Handlers\FileHandler' driver.
DEBUG - 2025-09-03 11:09:24 --> User IP: ::1
DEBUG - 2025-09-03 11:10:25 --> Session: Class initialized using 'CodeIgniter\Session\Handlers\FileHandler' driver.
DEBUG - 2025-09-03 11:10:25 --> User IP: ::1
DEBUG - 2025-09-03 11:11:26 --> Session: Class initialized using 'CodeIgniter\Session\Handlers\FileHandler' driver.
DEBUG - 2025-09-03 11:11:26 --> User IP: ::1
DEBUG - 2025-09-03 11:12:27 --> Session: Class initialized using 'CodeIgniter\Session\Handlers\FileHandler' driver.
DEBUG - 2025-09-03 11:12:27 --> User IP: ::1
DEBUG - 2025-09-03 11:13:28 --> Session: Class initialized using 'CodeIgniter\Session\Handlers\FileHandler' driver.
DEBUG - 2025-09-03 11:13:28 --> User IP: ::1
DEBUG - 2025-09-03 11:14:29 --> Session: Class initialized using 'CodeIgniter\Session\Handlers\FileHandler' driver.
DEBUG - 2025-09-03 11:14:29 --> User IP: ::1
DEBUG - 2025-09-03 11:15:30 --> Session: Class initialized using 'CodeIgniter\Session\Handlers\FileHandler' driver.
DEBUG - 2025-09-03 11:15:30 --> User IP: ::1
DEBUG - 2025-09-03 11:16:31 --> Session: Class initialized using 'CodeIgniter\Session\Handlers\FileHandler' driver.
DEBUG - 2025-09-03 11:16:31 --> User IP: ::1
DEBUG - 2025-09-03 11:17:32 --> Session: Class initialized using 'CodeIgniter\Session\Handlers\FileHandler' driver.
DEBUG - 2025-09-03 11:17:32 --> User IP: ::1
DEBUG - 2025-09-03 11:18:33 --> Session: Class initialized using 'CodeIgniter\Session\Handlers\FileHandler' driver.
DEBUG - 2025-09-03 11:18:33 --> User IP: ::1
DEBUG - 2025-09-03 11:19:34 --> Session: Class initialized using 'CodeIgniter\Session\Handlers\FileHandler' driver.
DEBUG - 2025-09-03 11:19:34 --> User IP: ::1
DEBUG - 2025-09-03 11:20:35 --> Session: Class initialized using 'CodeIgniter\Session\Handlers\FileHandler' driver.
DEBUG - 2025-09-03 11:20:35 --> User IP: ::1
DEBUG - 2025-09-03 11:21:36 --> Session: Class initialized using 'CodeIgniter\Session\Handlers\FileHandler' driver.
DEBUG - 2025-09-03 11:21:36 --> User IP: ::1
DEBUG - 2025-09-03 11:22:37 --> Session: Class initialized using 'CodeIgniter\Session\Handlers\FileHandler' driver.
DEBUG - 2025-09-03 11:22:37 --> User IP: ::1
DEBUG - 2025-09-03 11:23:38 --> Session: Class initialized using 'CodeIgniter\Session\Handlers\FileHandler' driver.
DEBUG - 2025-09-03 11:23:38 --> User IP: ::1
DEBUG - 2025-09-03 11:24:39 --> Session: Class initialized using 'CodeIgniter\Session\Handlers\FileHandler' driver.
DEBUG - 2025-09-03 11:24:39 --> User IP: ::1
DEBUG - 2025-09-03 11:25:40 --> Session: Class initialized using 'CodeIgniter\Session\Handlers\FileHandler' driver.
DEBUG - 2025-09-03 11:25:40 --> User IP: ::1
DEBUG - 2025-09-03 11:26:14 --> Session: Class initialized using 'CodeIgniter\Session\Handlers\FileHandler' driver.
DEBUG - 2025-09-03 11:26:14 --> User IP: ::1
DEBUG - 2025-09-03 11:26:14 --> Session: Class initialized using 'CodeIgniter\Session\Handlers\FileHandler' driver.
DEBUG - 2025-09-03 11:26:14 --> User IP: ::1
DEBUG - 2025-09-03 11:27:15 --> Session: Class initialized using 'CodeIgniter\Session\Handlers\FileHandler' driver.
DEBUG - 2025-09-03 11:27:15 --> User IP: ::1
DEBUG - 2025-09-03 11:28:15 --> Session: Class initialized using 'CodeIgniter\Session\Handlers\FileHandler' driver.
DEBUG - 2025-09-03 11:28:15 --> User IP: ::1
DEBUG - 2025-09-03 11:29:15 --> Session: Class initialized using 'CodeIgniter\Session\Handlers\FileHandler' driver.
DEBUG - 2025-09-03 11:29:15 --> User IP: ::1
DEBUG - 2025-09-03 11:30:15 --> Session: Class initialized using 'CodeIgniter\Session\Handlers\FileHandler' driver.
DEBUG - 2025-09-03 11:30:15 --> User IP: ::1
DEBUG - 2025-09-03 11:31:15 --> Session: Class initialized using 'CodeIgniter\Session\Handlers\FileHandler' driver.
DEBUG - 2025-09-03 11:31:15 --> User IP: ::1
DEBUG - 2025-09-03 11:32:15 --> Session: Class initialized using 'CodeIgniter\Session\Handlers\FileHandler' driver.
DEBUG - 2025-09-03 11:32:15 --> User IP: ::1
DEBUG - 2025-09-03 11:33:15 --> Session: Class initialized using 'CodeIgniter\Session\Handlers\FileHandler' driver.
DEBUG - 2025-09-03 11:33:15 --> User IP: ::1
DEBUG - 2025-09-03 11:34:16 --> Session: Class initialized using 'CodeIgniter\Session\Handlers\FileHandler' driver.
DEBUG - 2025-09-03 11:34:16 --> User IP: ::1
DEBUG - 2025-09-03 11:35:17 --> Session: Class initialized using 'CodeIgniter\Session\Handlers\FileHandler' driver.
DEBUG - 2025-09-03 11:35:17 --> User IP: ::1
DEBUG - 2025-09-03 11:36:18 --> Session: Class initialized using 'CodeIgniter\Session\Handlers\FileHandler' driver.
DEBUG - 2025-09-03 11:36:18 --> User IP: ::1
DEBUG - 2025-09-03 11:37:19 --> Session: Class initialized using 'CodeIgniter\Session\Handlers\FileHandler' driver.
DEBUG - 2025-09-03 11:37:19 --> User IP: ::1
DEBUG - 2025-09-03 11:38:20 --> Session: Class initialized using 'CodeIgniter\Session\Handlers\FileHandler' driver.
DEBUG - 2025-09-03 11:38:20 --> User IP: ::1
DEBUG - 2025-09-03 11:39:21 --> Session: Class initialized using 'CodeIgniter\Session\Handlers\FileHandler' driver.
DEBUG - 2025-09-03 11:39:21 --> User IP: ::1
DEBUG - 2025-09-03 11:40:22 --> Session: Class initialized using 'CodeIgniter\Session\Handlers\FileHandler' driver.
DEBUG - 2025-09-03 11:40:22 --> User IP: ::1
DEBUG - 2025-09-03 11:41:23 --> Session: Class initialized using 'CodeIgniter\Session\Handlers\FileHandler' driver.
DEBUG - 2025-09-03 11:41:23 --> User IP: ::1
DEBUG - 2025-09-03 11:42:24 --> Session: Class initialized using 'CodeIgniter\Session\Handlers\FileHandler' driver.
DEBUG - 2025-09-03 11:42:24 --> User IP: ::1
DEBUG - 2025-09-03 11:43:25 --> Session: Class initialized using 'CodeIgniter\Session\Handlers\FileHandler' driver.
DEBUG - 2025-09-03 11:43:25 --> User IP: ::1
DEBUG - 2025-09-03 11:44:26 --> Session: Class initialized using 'CodeIgniter\Session\Handlers\FileHandler' driver.
DEBUG - 2025-09-03 11:44:26 --> User IP: ::1
DEBUG - 2025-09-03 11:45:27 --> Session: Class initialized using 'CodeIgniter\Session\Handlers\FileHandler' driver.
DEBUG - 2025-09-03 11:45:27 --> User IP: ::1
DEBUG - 2025-09-03 11:46:28 --> Session: Class initialized using 'CodeIgniter\Session\Handlers\FileHandler' driver.
DEBUG - 2025-09-03 11:46:28 --> User IP: ::1
DEBUG - 2025-09-03 11:47:29 --> Session: Class initialized using 'CodeIgniter\Session\Handlers\FileHandler' driver.
DEBUG - 2025-09-03 11:47:29 --> User IP: ::1
DEBUG - 2025-09-03 11:48:30 --> Session: Class initialized using 'CodeIgniter\Session\Handlers\FileHandler' driver.
DEBUG - 2025-09-03 11:48:30 --> User IP: ::1
DEBUG - 2025-09-03 11:49:31 --> Session: Class initialized using 'CodeIgniter\Session\Handlers\FileHandler' driver.
DEBUG - 2025-09-03 11:49:31 --> User IP: ::1
DEBUG - 2025-09-03 11:50:32 --> Session: Class initialized using 'CodeIgniter\Session\Handlers\FileHandler' driver.
DEBUG - 2025-09-03 11:50:32 --> User IP: ::1
DEBUG - 2025-09-03 11:51:33 --> Session: Class initialized using 'CodeIgniter\Session\Handlers\FileHandler' driver.
DEBUG - 2025-09-03 11:51:33 --> User IP: ::1
DEBUG - 2025-09-03 11:52:34 --> Session: Class initialized using 'CodeIgniter\Session\Handlers\FileHandler' driver.
DEBUG - 2025-09-03 11:52:34 --> User IP: ::1
DEBUG - 2025-09-03 11:53:35 --> Session: Class initialized using 'CodeIgniter\Session\Handlers\FileHandler' driver.
DEBUG - 2025-09-03 11:53:35 --> User IP: ::1
DEBUG - 2025-09-03 11:54:36 --> Session: Class initialized using 'CodeIgniter\Session\Handlers\FileHandler' driver.
DEBUG - 2025-09-03 11:54:36 --> User IP: ::1
DEBUG - 2025-09-03 11:55:37 --> Session: Class initialized using 'CodeIgniter\Session\Handlers\FileHandler' driver.
DEBUG - 2025-09-03 11:55:37 --> User IP: ::1
DEBUG - 2025-09-03 11:56:38 --> Session: Class initialized using 'CodeIgniter\Session\Handlers\FileHandler' driver.
DEBUG - 2025-09-03 11:56:38 --> User IP: ::1
DEBUG - 2025-09-03 11:57:39 --> Session: Class initialized using 'CodeIgniter\Session\Handlers\FileHandler' driver.
DEBUG - 2025-09-03 11:57:39 --> User IP: ::1
DEBUG - 2025-09-03 11:58:40 --> Session: Class initialized using 'CodeIgniter\Session\Handlers\FileHandler' driver.
DEBUG - 2025-09-03 11:58:40 --> User IP: ::1
DEBUG - 2025-09-03 11:59:41 --> Session: Class initialized using 'CodeIgniter\Session\Handlers\FileHandler' driver.
DEBUG - 2025-09-03 11:59:41 --> User IP: ::1
DEBUG - 2025-09-03 12:00:42 --> Session: Class initialized using 'CodeIgniter\Session\Handlers\FileHandler' driver.
DEBUG - 2025-09-03 12:00:42 --> User IP: ::1
DEBUG - 2025-09-03 12:01:43 --> Session: Class initialized using 'CodeIgniter\Session\Handlers\FileHandler' driver.
DEBUG - 2025-09-03 12:01:43 --> User IP: ::1
DEBUG - 2025-09-03 12:02:44 --> Session: Class initialized using 'CodeIgniter\Session\Handlers\FileHandler' driver.
DEBUG - 2025-09-03 12:02:44 --> User IP: ::1
DEBUG - 2025-09-03 12:03:45 --> Session: Class initialized using 'CodeIgniter\Session\Handlers\FileHandler' driver.
DEBUG - 2025-09-03 12:03:45 --> User IP: ::1
DEBUG - 2025-09-03 12:04:46 --> Session: Class initialized using 'CodeIgniter\Session\Handlers\FileHandler' driver.
DEBUG - 2025-09-03 12:04:46 --> User IP: ::1
DEBUG - 2025-09-03 12:05:47 --> Session: Class initialized using 'CodeIgniter\Session\Handlers\FileHandler' driver.
DEBUG - 2025-09-03 12:05:47 --> User IP: ::1
DEBUG - 2025-09-03 12:06:48 --> Session: Class initialized using 'CodeIgniter\Session\Handlers\FileHandler' driver.
DEBUG - 2025-09-03 12:06:48 --> User IP: ::1
DEBUG - 2025-09-03 12:07:49 --> Session: Class initialized using 'CodeIgniter\Session\Handlers\FileHandler' driver.
DEBUG - 2025-09-03 12:07:49 --> User IP: ::1
DEBUG - 2025-09-03 12:08:50 --> Session: Class initialized using 'CodeIgniter\Session\Handlers\FileHandler' driver.
DEBUG - 2025-09-03 12:08:50 --> User IP: ::1
DEBUG - 2025-09-03 12:09:51 --> Session: Class initialized using 'CodeIgniter\Session\Handlers\FileHandler' driver.
DEBUG - 2025-09-03 12:09:51 --> User IP: ::1
DEBUG - 2025-09-03 12:10:52 --> Session: Class initialized using 'CodeIgniter\Session\Handlers\FileHandler' driver.
DEBUG - 2025-09-03 12:10:52 --> User IP: ::1
DEBUG - 2025-09-03 12:11:53 --> Session: Class initialized using 'CodeIgniter\Session\Handlers\FileHandler' driver.
DEBUG - 2025-09-03 12:11:53 --> User IP: ::1
DEBUG - 2025-09-03 12:12:54 --> Session: Class initialized using 'CodeIgniter\Session\Handlers\FileHandler' driver.
DEBUG - 2025-09-03 12:12:54 --> User IP: ::1
DEBUG - 2025-09-03 12:13:55 --> Session: Class initialized using 'CodeIgniter\Session\Handlers\FileHandler' driver.
DEBUG - 2025-09-03 12:13:55 --> User IP: ::1
DEBUG - 2025-09-03 12:14:56 --> Session: Class initialized using 'CodeIgniter\Session\Handlers\FileHandler' driver.
DEBUG - 2025-09-03 12:14:56 --> User IP: ::1
DEBUG - 2025-09-03 12:15:57 --> Session: Class initialized using 'CodeIgniter\Session\Handlers\FileHandler' driver.
DEBUG - 2025-09-03 12:15:57 --> User IP: ::1
DEBUG - 2025-09-03 12:16:58 --> Session: Class initialized using 'CodeIgniter\Session\Handlers\FileHandler' driver.
DEBUG - 2025-09-03 12:16:58 --> User IP: ::1
DEBUG - 2025-09-03 12:17:59 --> Session: Class initialized using 'CodeIgniter\Session\Handlers\FileHandler' driver.
DEBUG - 2025-09-03 12:17:59 --> User IP: ::1
DEBUG - 2025-09-03 12:18:59 --> Session: Class initialized using 'CodeIgniter\Session\Handlers\FileHandler' driver.
DEBUG - 2025-09-03 12:18:59 --> User IP: ::1
DEBUG - 2025-09-03 12:19:59 --> Session: Class initialized using 'CodeIgniter\Session\Handlers\FileHandler' driver.
DEBUG - 2025-09-03 12:19:59 --> User IP: ::1
DEBUG - 2025-09-03 12:20:59 --> Session: Class initialized using 'CodeIgniter\Session\Handlers\FileHandler' driver.
DEBUG - 2025-09-03 12:20:59 --> User IP: ::1
DEBUG - 2025-09-03 12:21:59 --> Session: Class initialized using 'CodeIgniter\Session\Handlers\FileHandler' driver.
DEBUG - 2025-09-03 12:21:59 --> User IP: ::1
DEBUG - 2025-09-03 12:22:59 --> Session: Class initialized using 'CodeIgniter\Session\Handlers\FileHandler' driver.
DEBUG - 2025-09-03 12:22:59 --> User IP: ::1
DEBUG - 2025-09-03 12:23:59 --> Session: Class initialized using 'CodeIgniter\Session\Handlers\FileHandler' driver.
DEBUG - 2025-09-03 12:23:59 --> User IP: ::1
DEBUG - 2025-09-03 12:24:59 --> Session: Class initialized using 'CodeIgniter\Session\Handlers\FileHandler' driver.
DEBUG - 2025-09-03 12:24:59 --> User IP: ::1
DEBUG - 2025-09-03 12:25:59 --> Session: Class initialized using 'CodeIgniter\Session\Handlers\FileHandler' driver.
DEBUG - 2025-09-03 12:25:59 --> User IP: ::1
DEBUG - 2025-09-03 12:26:59 --> Session: Class initialized using 'CodeIgniter\Session\Handlers\FileHandler' driver.
DEBUG - 2025-09-03 12:26:59 --> User IP: ::1
DEBUG - 2025-09-03 12:27:59 --> Session: Class initialized using 'CodeIgniter\Session\Handlers\FileHandler' driver.
DEBUG - 2025-09-03 12:27:59 --> User IP: ::1
DEBUG - 2025-09-03 12:28:59 --> Session: Class initialized using 'CodeIgniter\Session\Handlers\FileHandler' driver.
DEBUG - 2025-09-03 12:28:59 --> User IP: ::1
DEBUG - 2025-09-03 12:29:59 --> Session: Class initialized using 'CodeIgniter\Session\Handlers\FileHandler' driver.
DEBUG - 2025-09-03 12:29:59 --> User IP: ::1
DEBUG - 2025-09-03 12:30:59 --> Session: Class initialized using 'CodeIgniter\Session\Handlers\FileHandler' driver.
DEBUG - 2025-09-03 12:30:59 --> User IP: ::1
DEBUG - 2025-09-03 12:31:59 --> Session: Class initialized using 'CodeIgniter\Session\Handlers\FileHandler' driver.
DEBUG - 2025-09-03 12:31:59 --> User IP: ::1
DEBUG - 2025-09-03 12:32:59 --> Session: Class initialized using 'CodeIgniter\Session\Handlers\FileHandler' driver.
DEBUG - 2025-09-03 12:32:59 --> User IP: ::1
DEBUG - 2025-09-03 12:33:59 --> Session: Class initialized using 'CodeIgniter\Session\Handlers\FileHandler' driver.
DEBUG - 2025-09-03 12:33:59 --> User IP: ::1
DEBUG - 2025-09-03 12:34:59 --> Session: Class initialized using 'CodeIgniter\Session\Handlers\FileHandler' driver.
DEBUG - 2025-09-03 12:34:59 --> User IP: ::1
DEBUG - 2025-09-03 12:35:59 --> Session: Class initialized using 'CodeIgniter\Session\Handlers\FileHandler' driver.
DEBUG - 2025-09-03 12:35:59 --> User IP: ::1
DEBUG - 2025-09-03 12:36:59 --> Session: Class initialized using 'CodeIgniter\Session\Handlers\FileHandler' driver.
DEBUG - 2025-09-03 12:36:59 --> User IP: ::1
DEBUG - 2025-09-03 12:37:15 --> Session: Class initialized using 'CodeIgniter\Session\Handlers\FileHandler' driver.
DEBUG - 2025-09-03 12:37:15 --> User IP: ::1
DEBUG - 2025-09-03 12:38:16 --> Session: Class initialized using 'CodeIgniter\Session\Handlers\FileHandler' driver.
DEBUG - 2025-09-03 12:38:16 --> User IP: ::1
DEBUG - 2025-09-03 12:39:17 --> Session: Class initialized using 'CodeIgniter\Session\Handlers\FileHandler' driver.
DEBUG - 2025-09-03 12:39:17 --> User IP: ::1
DEBUG - 2025-09-03 12:40:18 --> Session: Class initialized using 'CodeIgniter\Session\Handlers\FileHandler' driver.
DEBUG - 2025-09-03 12:40:18 --> User IP: ::1
DEBUG - 2025-09-03 12:41:19 --> Session: Class initialized using 'CodeIgniter\Session\Handlers\FileHandler' driver.
DEBUG - 2025-09-03 12:41:19 --> User IP: ::1
DEBUG - 2025-09-03 12:42:20 --> Session: Class initialized using 'CodeIgniter\Session\Handlers\FileHandler' driver.
DEBUG - 2025-09-03 12:42:20 --> User IP: ::1
DEBUG - 2025-09-03 12:43:21 --> Session: Class initialized using 'CodeIgniter\Session\Handlers\FileHandler' driver.
DEBUG - 2025-09-03 12:43:21 --> User IP: ::1
