DEBUG - 2025-06-30 03:58:13 --> User IP: ::1
DEBUG - 2025-06-30 03:58:13 --> Session: Class initialized using 'CodeIgniter\Session\Handlers\FileHandler' driver.
DEBUG - 2025-06-30 03:58:14 --> User IP: ::1
DEBUG - 2025-06-30 03:58:14 --> User IP: ::1
DEBUG - 2025-06-30 03:58:30 --> User IP: ::1
CRITICAL - 2025-06-30 03:58:30 --> TypeError: min(): Argument #1 ($value) must be of type array, float given
[Method: GET, Route: payrole/deleteadditionaldata/44]
in APPPATH\Controllers\PayRole.php on line 1164.
 1 APPPATH\Controllers\PayRole.php(1164): min(200.0)
 2 SYSTEMPATH\CodeIgniter.php(933): App\Controllers\PayRole->deleteadditionaldata('44')
 3 SYSTEMPATH\CodeIgniter.php(509): CodeIgniter\CodeIgniter->runController(Object(App\Controllers\PayRole))
 4 SYSTEMPATH\CodeIgniter.php(355): CodeIgniter\CodeIgniter->handleRequest(null, Object(Config\Cache), false)
 5 SYSTEMPATH\Boot.php(334): CodeIgniter\CodeIgniter->run()
 6 SYSTEMPATH\Boot.php(67): CodeIgniter\Boot::runCodeIgniter(Object(CodeIgniter\CodeIgniter))
 7 FCPATH\index.php(56): CodeIgniter\Boot::bootWeb(Object(Config\Paths))
DEBUG - 2025-06-30 04:09:47 --> User IP: ::1
DEBUG - 2025-06-30 04:11:33 --> User IP: ::1
DEBUG - 2025-06-30 04:12:40 --> User IP: ::1
DEBUG - 2025-06-30 04:22:03 --> User IP: ::1
DEBUG - 2025-06-30 04:22:03 --> Session: Class initialized using 'CodeIgniter\Session\Handlers\FileHandler' driver.
DEBUG - 2025-06-30 04:22:03 --> User IP: ::1
DEBUG - 2025-06-30 04:22:03 --> User IP: ::1
DEBUG - 2025-06-30 04:23:11 --> User IP: ::1
DEBUG - 2025-06-30 04:23:15 --> User IP: ::1
DEBUG - 2025-06-30 04:23:31 --> User IP: ::1
DEBUG - 2025-06-30 04:23:46 --> User IP: ::1
DEBUG - 2025-06-30 04:28:39 --> User IP: ::1
DEBUG - 2025-06-30 04:28:39 --> Session: Class initialized using 'CodeIgniter\Session\Handlers\FileHandler' driver.
DEBUG - 2025-06-30 04:28:40 --> User IP: ::1
DEBUG - 2025-06-30 04:28:40 --> User IP: ::1
DEBUG - 2025-06-30 04:28:42 --> User IP: ::1
DEBUG - 2025-06-30 04:28:45 --> User IP: ::1
DEBUG - 2025-06-30 04:28:53 --> User IP: ::1
DEBUG - 2025-06-30 04:29:52 --> User IP: ::1
DEBUG - 2025-06-30 04:29:59 --> User IP: ::1
DEBUG - 2025-06-30 04:30:03 --> User IP: ::1
DEBUG - 2025-06-30 04:30:06 --> User IP: ::1
DEBUG - 2025-06-30 04:30:28 --> User IP: ::1
DEBUG - 2025-06-30 04:32:24 --> User IP: ::1
DEBUG - 2025-06-30 04:33:12 --> User IP: ::1
DEBUG - 2025-06-30 04:38:18 --> User IP: ::1
DEBUG - 2025-06-30 04:38:18 --> Session: Class initialized using 'CodeIgniter\Session\Handlers\FileHandler' driver.
DEBUG - 2025-06-30 04:38:19 --> User IP: ::1
DEBUG - 2025-06-30 04:38:19 --> User IP: ::1
ERROR - 2025-06-30 04:38:19 --> mysqli_sql_exception: You have an error in your SQL syntax; check the manual that corresponds to your MySQL server version for the right syntax to use near '? AND ?
                        AND pay_empid = ?
                        AND tr' at line 3 in C:\xampp\htdocs\gighz\system\Database\MySQLi\Connection.php:312
Stack trace:
#0 C:\xampp\htdocs\gighz\system\Database\MySQLi\Connection.php(312): mysqli->query('\n              ...', 0)
#1 C:\xampp\htdocs\gighz\system\Database\BaseConnection.php(734): CodeIgniter\Database\MySQLi\Connection->execute('\n              ...')
#2 C:\xampp\htdocs\gighz\system\Database\BaseConnection.php(648): CodeIgniter\Database\BaseConnection->simpleQuery('\n              ...')
#3 C:\xampp\htdocs\gighz\app\Controllers\PayRole.php(426): CodeIgniter\Database\BaseConnection->query('\n              ...', Array)
#4 C:\xampp\htdocs\gighz\system\CodeIgniter.php(933): App\Controllers\PayRole->getattendance('5', '2025')
#5 C:\xampp\htdocs\gighz\system\CodeIgniter.php(509): CodeIgniter\CodeIgniter->runController(Object(App\Controllers\PayRole))
#6 C:\xampp\htdocs\gighz\system\CodeIgniter.php(355): CodeIgniter\CodeIgniter->handleRequest(NULL, Object(Config\Cache), false)
#7 C:\xampp\htdocs\gighz\system\Boot.php(334): CodeIgniter\CodeIgniter->run()
#8 C:\xampp\htdocs\gighz\system\Boot.php(67): CodeIgniter\Boot::runCodeIgniter(Object(CodeIgniter\CodeIgniter))
#9 C:\xampp\htdocs\gighz\public\index.php(56): CodeIgniter\Boot::bootWeb(Object(Config\Paths))
#10 {main}
CRITICAL - 2025-06-30 04:38:19 --> CodeIgniter\Database\Exceptions\DatabaseException: You have an error in your SQL syntax; check the manual that corresponds to your MySQL server version for the right syntax to use near '? AND ?
                        AND pay_empid = ?
                        AND tr' at line 3
[Method: GET, Route: payrole/getattendance/5/2025]
in SYSTEMPATH\Database\BaseConnection.php on line 688.
 1 APPPATH\Controllers\PayRole.php(426): CodeIgniter\Database\BaseConnection->query('
                    SELECT pay_id, pay_type, deduction_amount AS deduction
                        FROM payments
                        WHERE deducted_date BETWEEN ? AND ?
                        AND pay_empid = ?
                        AND transaction_type = ?
                        AND payment_type = ?
                    ', [...])
 2 SYSTEMPATH\CodeIgniter.php(933): App\Controllers\PayRole->getattendance('5', '2025')
 3 SYSTEMPATH\CodeIgniter.php(509): CodeIgniter\CodeIgniter->runController(Object(App\Controllers\PayRole))
 4 SYSTEMPATH\CodeIgniter.php(355): CodeIgniter\CodeIgniter->handleRequest(null, Object(Config\Cache), false)
 5 SYSTEMPATH\Boot.php(334): CodeIgniter\CodeIgniter->run()
 6 SYSTEMPATH\Boot.php(67): CodeIgniter\Boot::runCodeIgniter(Object(CodeIgniter\CodeIgniter))
 7 FCPATH\index.php(56): CodeIgniter\Boot::bootWeb(Object(Config\Paths))
CRITICAL - 2025-06-30 04:38:19 --> [Caused by] CodeIgniter\Database\Exceptions\DatabaseException: You have an error in your SQL syntax; check the manual that corresponds to your MySQL server version for the right syntax to use near '? AND ?
                        AND pay_empid = ?
                        AND tr' at line 3
in SYSTEMPATH\Database\MySQLi\Connection.php on line 317.
 1 SYSTEMPATH\Database\BaseConnection.php(734): CodeIgniter\Database\MySQLi\Connection->execute('
                    SELECT pay_id, pay_type, deduction_amount AS deduction
                        FROM payments
                        WHERE deducted_date BETWEEN ? AND ?
                        AND pay_empid = ?
                        AND transaction_type = ?
                        AND payment_type = ?
                    ')
 2 SYSTEMPATH\Database\BaseConnection.php(648): CodeIgniter\Database\BaseConnection->simpleQuery('
                    SELECT pay_id, pay_type, deduction_amount AS deduction
                        FROM payments
                        WHERE deducted_date BETWEEN ? AND ?
                        AND pay_empid = ?
                        AND transaction_type = ?
                        AND payment_type = ?
                    ')
 3 APPPATH\Controllers\PayRole.php(426): CodeIgniter\Database\BaseConnection->query('
                    SELECT pay_id, pay_type, deduction_amount AS deduction
                        FROM payments
                        WHERE deducted_date BETWEEN ? AND ?
                        AND pay_empid = ?
                        AND transaction_type = ?
                        AND payment_type = ?
                    ', [...])
 4 SYSTEMPATH\CodeIgniter.php(933): App\Controllers\PayRole->getattendance('5', '2025')
 5 SYSTEMPATH\CodeIgniter.php(509): CodeIgniter\CodeIgniter->runController(Object(App\Controllers\PayRole))
 6 SYSTEMPATH\CodeIgniter.php(355): CodeIgniter\CodeIgniter->handleRequest(null, Object(Config\Cache), false)
 7 SYSTEMPATH\Boot.php(334): CodeIgniter\CodeIgniter->run()
 8 SYSTEMPATH\Boot.php(67): CodeIgniter\Boot::runCodeIgniter(Object(CodeIgniter\CodeIgniter))
 9 FCPATH\index.php(56): CodeIgniter\Boot::bootWeb(Object(Config\Paths))
CRITICAL - 2025-06-30 04:38:19 --> [Caused by] mysqli_sql_exception: You have an error in your SQL syntax; check the manual that corresponds to your MySQL server version for the right syntax to use near '? AND ?
                        AND pay_empid = ?
                        AND tr' at line 3
in SYSTEMPATH\Database\MySQLi\Connection.php on line 312.
 1 SYSTEMPATH\Database\MySQLi\Connection.php(312): mysqli->query('
                    SELECT pay_id, pay_type, deduction_amount AS deduction
                        FROM payments
                        WHERE deducted_date BETWEEN ? AND ?
                        AND pay_empid = ?
                        AND transaction_type = ?
                        AND payment_type = ?
                    ', 0)
 2 SYSTEMPATH\Database\BaseConnection.php(734): CodeIgniter\Database\MySQLi\Connection->execute('
                    SELECT pay_id, pay_type, deduction_amount AS deduction
                        FROM payments
                        WHERE deducted_date BETWEEN ? AND ?
                        AND pay_empid = ?
                        AND transaction_type = ?
                        AND payment_type = ?
                    ')
 3 SYSTEMPATH\Database\BaseConnection.php(648): CodeIgniter\Database\BaseConnection->simpleQuery('
                    SELECT pay_id, pay_type, deduction_amount AS deduction
                        FROM payments
                        WHERE deducted_date BETWEEN ? AND ?
                        AND pay_empid = ?
                        AND transaction_type = ?
                        AND payment_type = ?
                    ')
 4 APPPATH\Controllers\PayRole.php(426): CodeIgniter\Database\BaseConnection->query('
                    SELECT pay_id, pay_type, deduction_amount AS deduction
                        FROM payments
                        WHERE deducted_date BETWEEN ? AND ?
                        AND pay_empid = ?
                        AND transaction_type = ?
                        AND payment_type = ?
                    ', [...])
 5 SYSTEMPATH\CodeIgniter.php(933): App\Controllers\PayRole->getattendance('5', '2025')
 6 SYSTEMPATH\CodeIgniter.php(509): CodeIgniter\CodeIgniter->runController(Object(App\Controllers\PayRole))
 7 SYSTEMPATH\CodeIgniter.php(355): CodeIgniter\CodeIgniter->handleRequest(null, Object(Config\Cache), false)
 8 SYSTEMPATH\Boot.php(334): CodeIgniter\CodeIgniter->run()
 9 SYSTEMPATH\Boot.php(67): CodeIgniter\Boot::runCodeIgniter(Object(CodeIgniter\CodeIgniter))
10 FCPATH\index.php(56): CodeIgniter\Boot::bootWeb(Object(Config\Paths))
DEBUG - 2025-06-30 04:41:45 --> User IP: ::1
CRITICAL - 2025-06-30 04:41:45 --> ArgumentCountError: Too few arguments to function App\Controllers\PayRole::getattendance(), 0 passed in C:\xampp\htdocs\gighz\system\CodeIgniter.php on line 933 and exactly 2 expected
[Method: GET, Route: payrole/getattendance]
in APPPATH\Controllers\PayRole.php on line 64.
 1 SYSTEMPATH\CodeIgniter.php(933): App\Controllers\PayRole->getattendance()
 2 SYSTEMPATH\CodeIgniter.php(509): CodeIgniter\CodeIgniter->runController(Object(App\Controllers\PayRole))
 3 SYSTEMPATH\CodeIgniter.php(355): CodeIgniter\CodeIgniter->handleRequest(null, Object(Config\Cache), false)
 4 SYSTEMPATH\Boot.php(334): CodeIgniter\CodeIgniter->run()
 5 SYSTEMPATH\Boot.php(67): CodeIgniter\Boot::runCodeIgniter(Object(CodeIgniter\CodeIgniter))
 6 FCPATH\index.php(56): CodeIgniter\Boot::bootWeb(Object(Config\Paths))
DEBUG - 2025-06-30 04:52:31 --> User IP: ::1
DEBUG - 2025-06-30 04:53:01 --> User IP: ::1
DEBUG - 2025-06-30 04:53:01 --> Session: Class initialized using 'CodeIgniter\Session\Handlers\FileHandler' driver.
DEBUG - 2025-06-30 04:53:01 --> User IP: ::1
DEBUG - 2025-06-30 04:53:02 --> User IP: ::1
DEBUG - 2025-06-30 04:53:19 --> User IP: ::1
DEBUG - 2025-06-30 04:53:19 --> Session: Class initialized using 'CodeIgniter\Session\Handlers\FileHandler' driver.
DEBUG - 2025-06-30 04:53:19 --> User IP: ::1
DEBUG - 2025-06-30 04:53:20 --> User IP: ::1
DEBUG - 2025-06-30 04:53:25 --> User IP: ::1
DEBUG - 2025-06-30 04:53:46 --> User IP: ::1
DEBUG - 2025-06-30 04:55:24 --> User IP: ::1
DEBUG - 2025-06-30 04:55:24 --> Session: Class initialized using 'CodeIgniter\Session\Handlers\FileHandler' driver.
DEBUG - 2025-06-30 04:55:24 --> User IP: ::1
DEBUG - 2025-06-30 04:55:25 --> User IP: ::1
DEBUG - 2025-06-30 04:55:29 --> User IP: ::1
DEBUG - 2025-06-30 04:55:54 --> User IP: ::1
DEBUG - 2025-06-30 04:55:54 --> Session: Class initialized using 'CodeIgniter\Session\Handlers\FileHandler' driver.
DEBUG - 2025-06-30 04:55:55 --> User IP: ::1
DEBUG - 2025-06-30 04:55:55 --> User IP: ::1
ERROR - 2025-06-30 04:55:55 --> mysqli_sql_exception: You have an error in your SQL syntax; check the manual that corresponds to your MySQL server version for the right syntax to use near '?
                        AND transaction_type = ?
                        AND p' at line 4 in C:\xampp\htdocs\gighz\system\Database\MySQLi\Connection.php:312
Stack trace:
#0 C:\xampp\htdocs\gighz\system\Database\MySQLi\Connection.php(312): mysqli->query('\n              ...', 0)
#1 C:\xampp\htdocs\gighz\system\Database\BaseConnection.php(734): CodeIgniter\Database\MySQLi\Connection->execute('\n              ...')
#2 C:\xampp\htdocs\gighz\system\Database\BaseConnection.php(648): CodeIgniter\Database\BaseConnection->simpleQuery('\n              ...')
#3 C:\xampp\htdocs\gighz\app\Controllers\PayRole.php(427): CodeIgniter\Database\BaseConnection->query('\n              ...', Array)
#4 C:\xampp\htdocs\gighz\system\CodeIgniter.php(933): App\Controllers\PayRole->getattendance('5', '2025')
#5 C:\xampp\htdocs\gighz\system\CodeIgniter.php(509): CodeIgniter\CodeIgniter->runController(Object(App\Controllers\PayRole))
#6 C:\xampp\htdocs\gighz\system\CodeIgniter.php(355): CodeIgniter\CodeIgniter->handleRequest(NULL, Object(Config\Cache), false)
#7 C:\xampp\htdocs\gighz\system\Boot.php(334): CodeIgniter\CodeIgniter->run()
#8 C:\xampp\htdocs\gighz\system\Boot.php(67): CodeIgniter\Boot::runCodeIgniter(Object(CodeIgniter\CodeIgniter))
#9 C:\xampp\htdocs\gighz\public\index.php(56): CodeIgniter\Boot::bootWeb(Object(Config\Paths))
#10 {main}
CRITICAL - 2025-06-30 04:55:55 --> CodeIgniter\Database\Exceptions\DatabaseException: You have an error in your SQL syntax; check the manual that corresponds to your MySQL server version for the right syntax to use near '?
                        AND transaction_type = ?
                        AND p' at line 4
[Method: GET, Route: payrole/getattendance/5/2025]
in SYSTEMPATH\Database\BaseConnection.php on line 688.
 1 APPPATH\Controllers\PayRole.php(427): CodeIgniter\Database\BaseConnection->query('
                    SELECT pay_id, pay_type, deduction_amount AS deduction
                        FROM payments
                        WHERE deducted_date BETWEEN  \'2025-06-25\' AND \'2025-07-24\'
                        AND pay_empid = ?
                        AND transaction_type = ?
                        AND payment_type = ?
                    ', [...])
 2 SYSTEMPATH\CodeIgniter.php(933): App\Controllers\PayRole->getattendance('5', '2025')
 3 SYSTEMPATH\CodeIgniter.php(509): CodeIgniter\CodeIgniter->runController(Object(App\Controllers\PayRole))
 4 SYSTEMPATH\CodeIgniter.php(355): CodeIgniter\CodeIgniter->handleRequest(null, Object(Config\Cache), false)
 5 SYSTEMPATH\Boot.php(334): CodeIgniter\CodeIgniter->run()
 6 SYSTEMPATH\Boot.php(67): CodeIgniter\Boot::runCodeIgniter(Object(CodeIgniter\CodeIgniter))
 7 FCPATH\index.php(56): CodeIgniter\Boot::bootWeb(Object(Config\Paths))
CRITICAL - 2025-06-30 04:55:55 --> [Caused by] CodeIgniter\Database\Exceptions\DatabaseException: You have an error in your SQL syntax; check the manual that corresponds to your MySQL server version for the right syntax to use near '?
                        AND transaction_type = ?
                        AND p' at line 4
in SYSTEMPATH\Database\MySQLi\Connection.php on line 317.
 1 SYSTEMPATH\Database\BaseConnection.php(734): CodeIgniter\Database\MySQLi\Connection->execute('
                    SELECT pay_id, pay_type, deduction_amount AS deduction
                        FROM payments
                        WHERE deducted_date BETWEEN  \'2025-06-25\' AND \'2025-07-24\'
                        AND pay_empid = ?
                        AND transaction_type = ?
                        AND payment_type = ?
                    ')
 2 SYSTEMPATH\Database\BaseConnection.php(648): CodeIgniter\Database\BaseConnection->simpleQuery('
                    SELECT pay_id, pay_type, deduction_amount AS deduction
                        FROM payments
                        WHERE deducted_date BETWEEN  \'2025-06-25\' AND \'2025-07-24\'
                        AND pay_empid = ?
                        AND transaction_type = ?
                        AND payment_type = ?
                    ')
 3 APPPATH\Controllers\PayRole.php(427): CodeIgniter\Database\BaseConnection->query('
                    SELECT pay_id, pay_type, deduction_amount AS deduction
                        FROM payments
                        WHERE deducted_date BETWEEN  \'2025-06-25\' AND \'2025-07-24\'
                        AND pay_empid = ?
                        AND transaction_type = ?
                        AND payment_type = ?
                    ', [...])
 4 SYSTEMPATH\CodeIgniter.php(933): App\Controllers\PayRole->getattendance('5', '2025')
 5 SYSTEMPATH\CodeIgniter.php(509): CodeIgniter\CodeIgniter->runController(Object(App\Controllers\PayRole))
 6 SYSTEMPATH\CodeIgniter.php(355): CodeIgniter\CodeIgniter->handleRequest(null, Object(Config\Cache), false)
 7 SYSTEMPATH\Boot.php(334): CodeIgniter\CodeIgniter->run()
 8 SYSTEMPATH\Boot.php(67): CodeIgniter\Boot::runCodeIgniter(Object(CodeIgniter\CodeIgniter))
 9 FCPATH\index.php(56): CodeIgniter\Boot::bootWeb(Object(Config\Paths))
CRITICAL - 2025-06-30 04:55:55 --> [Caused by] mysqli_sql_exception: You have an error in your SQL syntax; check the manual that corresponds to your MySQL server version for the right syntax to use near '?
                        AND transaction_type = ?
                        AND p' at line 4
in SYSTEMPATH\Database\MySQLi\Connection.php on line 312.
 1 SYSTEMPATH\Database\MySQLi\Connection.php(312): mysqli->query('
                    SELECT pay_id, pay_type, deduction_amount AS deduction
                        FROM payments
                        WHERE deducted_date BETWEEN  \'2025-06-25\' AND \'2025-07-24\'
                        AND pay_empid = ?
                        AND transaction_type = ?
                        AND payment_type = ?
                    ', 0)
 2 SYSTEMPATH\Database\BaseConnection.php(734): CodeIgniter\Database\MySQLi\Connection->execute('
                    SELECT pay_id, pay_type, deduction_amount AS deduction
                        FROM payments
                        WHERE deducted_date BETWEEN  \'2025-06-25\' AND \'2025-07-24\'
                        AND pay_empid = ?
                        AND transaction_type = ?
                        AND payment_type = ?
                    ')
 3 SYSTEMPATH\Database\BaseConnection.php(648): CodeIgniter\Database\BaseConnection->simpleQuery('
                    SELECT pay_id, pay_type, deduction_amount AS deduction
                        FROM payments
                        WHERE deducted_date BETWEEN  \'2025-06-25\' AND \'2025-07-24\'
                        AND pay_empid = ?
                        AND transaction_type = ?
                        AND payment_type = ?
                    ')
 4 APPPATH\Controllers\PayRole.php(427): CodeIgniter\Database\BaseConnection->query('
                    SELECT pay_id, pay_type, deduction_amount AS deduction
                        FROM payments
                        WHERE deducted_date BETWEEN  \'2025-06-25\' AND \'2025-07-24\'
                        AND pay_empid = ?
                        AND transaction_type = ?
                        AND payment_type = ?
                    ', [...])
 5 SYSTEMPATH\CodeIgniter.php(933): App\Controllers\PayRole->getattendance('5', '2025')
 6 SYSTEMPATH\CodeIgniter.php(509): CodeIgniter\CodeIgniter->runController(Object(App\Controllers\PayRole))
 7 SYSTEMPATH\CodeIgniter.php(355): CodeIgniter\CodeIgniter->handleRequest(null, Object(Config\Cache), false)
 8 SYSTEMPATH\Boot.php(334): CodeIgniter\CodeIgniter->run()
 9 SYSTEMPATH\Boot.php(67): CodeIgniter\Boot::runCodeIgniter(Object(CodeIgniter\CodeIgniter))
10 FCPATH\index.php(56): CodeIgniter\Boot::bootWeb(Object(Config\Paths))
DEBUG - 2025-06-30 04:56:07 --> User IP: ::1
DEBUG - 2025-06-30 04:56:07 --> Session: Class initialized using 'CodeIgniter\Session\Handlers\FileHandler' driver.
DEBUG - 2025-06-30 04:56:07 --> User IP: ::1
DEBUG - 2025-06-30 04:56:08 --> User IP: ::1
DEBUG - 2025-06-30 04:56:12 --> User IP: ::1
DEBUG - 2025-06-30 04:57:35 --> User IP: ::1
DEBUG - 2025-06-30 05:01:24 --> User IP: ::1
DEBUG - 2025-06-30 05:01:55 --> User IP: ::1
DEBUG - 2025-06-30 05:02:52 --> User IP: ::1
DEBUG - 2025-06-30 05:02:53 --> User IP: ::1
DEBUG - 2025-06-30 05:03:04 --> User IP: ::1
DEBUG - 2025-06-30 05:04:51 --> User IP: ::1
DEBUG - 2025-06-30 05:06:28 --> User IP: ::1
DEBUG - 2025-06-30 05:07:45 --> User IP: ::1
DEBUG - 2025-06-30 05:07:45 --> Session: Class initialized using 'CodeIgniter\Session\Handlers\FileHandler' driver.
DEBUG - 2025-06-30 05:07:45 --> User IP: ::1
DEBUG - 2025-06-30 05:07:46 --> User IP: ::1
DEBUG - 2025-06-30 05:09:26 --> User IP: ::1
DEBUG - 2025-06-30 05:09:26 --> Session: Class initialized using 'CodeIgniter\Session\Handlers\FileHandler' driver.
DEBUG - 2025-06-30 05:09:26 --> User IP: ::1
DEBUG - 2025-06-30 05:09:27 --> User IP: ::1
DEBUG - 2025-06-30 05:10:32 --> User IP: ::1
DEBUG - 2025-06-30 05:10:32 --> Session: Class initialized using 'CodeIgniter\Session\Handlers\FileHandler' driver.
DEBUG - 2025-06-30 05:10:32 --> User IP: ::1
DEBUG - 2025-06-30 05:10:33 --> User IP: ::1
DEBUG - 2025-06-30 05:11:25 --> User IP: ::1
DEBUG - 2025-06-30 05:12:45 --> User IP: ::1
DEBUG - 2025-06-30 05:12:46 --> User IP: ::1
DEBUG - 2025-06-30 05:12:50 --> User IP: ::1
DEBUG - 2025-06-30 05:15:45 --> User IP: ::1
DEBUG - 2025-06-30 05:15:45 --> Session: Class initialized using 'CodeIgniter\Session\Handlers\FileHandler' driver.
DEBUG - 2025-06-30 05:15:46 --> User IP: ::1
DEBUG - 2025-06-30 05:15:46 --> User IP: ::1
DEBUG - 2025-06-30 05:16:01 --> User IP: ::1
DEBUG - 2025-06-30 05:16:03 --> User IP: ::1
DEBUG - 2025-06-30 05:16:03 --> User IP: ::1
DEBUG - 2025-06-30 05:16:08 --> User IP: ::1
DEBUG - 2025-06-30 05:16:48 --> User IP: ::1
DEBUG - 2025-06-30 05:16:53 --> User IP: ::1
DEBUG - 2025-06-30 06:10:09 --> User IP: ::1
DEBUG - 2025-06-30 06:10:09 --> Session: Class initialized using 'CodeIgniter\Session\Handlers\FileHandler' driver.
DEBUG - 2025-06-30 06:10:10 --> User IP: ::1
DEBUG - 2025-06-30 06:10:50 --> User IP: ::1
DEBUG - 2025-06-30 06:11:00 --> User IP: ::1
DEBUG - 2025-06-30 06:12:59 --> User IP: ::1
DEBUG - 2025-06-30 06:12:59 --> Session: Class initialized using 'CodeIgniter\Session\Handlers\FileHandler' driver.
DEBUG - 2025-06-30 06:12:59 --> User IP: ::1
DEBUG - 2025-06-30 06:13:02 --> User IP: ::1
DEBUG - 2025-06-30 06:13:07 --> User IP: ::1
DEBUG - 2025-06-30 06:14:11 --> User IP: ::1
DEBUG - 2025-06-30 06:14:11 --> Session: Class initialized using 'CodeIgniter\Session\Handlers\FileHandler' driver.
DEBUG - 2025-06-30 06:14:12 --> User IP: ::1
DEBUG - 2025-06-30 06:14:16 --> User IP: ::1
DEBUG - 2025-06-30 06:14:20 --> User IP: ::1
DEBUG - 2025-06-30 06:14:22 --> User IP: ::1
DEBUG - 2025-06-30 06:14:50 --> User IP: ::1
DEBUG - 2025-06-30 06:14:50 --> Session: Class initialized using 'CodeIgniter\Session\Handlers\FileHandler' driver.
DEBUG - 2025-06-30 06:14:50 --> User IP: ::1
DEBUG - 2025-06-30 06:14:59 --> User IP: ::1
DEBUG - 2025-06-30 06:15:02 --> User IP: ::1
DEBUG - 2025-06-30 06:15:04 --> User IP: ::1
DEBUG - 2025-06-30 06:15:33 --> User IP: ::1
DEBUG - 2025-06-30 06:15:33 --> Session: Class initialized using 'CodeIgniter\Session\Handlers\FileHandler' driver.
DEBUG - 2025-06-30 06:15:33 --> User IP: ::1
DEBUG - 2025-06-30 06:15:38 --> User IP: ::1
DEBUG - 2025-06-30 06:15:42 --> User IP: ::1
DEBUG - 2025-06-30 06:15:44 --> User IP: ::1
DEBUG - 2025-06-30 06:16:50 --> User IP: ::1
DEBUG - 2025-06-30 06:16:50 --> Session: Class initialized using 'CodeIgniter\Session\Handlers\FileHandler' driver.
DEBUG - 2025-06-30 06:16:50 --> User IP: ::1
DEBUG - 2025-06-30 06:17:49 --> User IP: ::1
DEBUG - 2025-06-30 06:17:49 --> Session: Class initialized using 'CodeIgniter\Session\Handlers\FileHandler' driver.
DEBUG - 2025-06-30 06:17:49 --> User IP: ::1
DEBUG - 2025-06-30 06:18:06 --> User IP: ::1
DEBUG - 2025-06-30 06:18:06 --> Session: Class initialized using 'CodeIgniter\Session\Handlers\FileHandler' driver.
DEBUG - 2025-06-30 06:18:07 --> User IP: ::1
DEBUG - 2025-06-30 06:18:16 --> User IP: ::1
DEBUG - 2025-06-30 06:18:16 --> Session: Class initialized using 'CodeIgniter\Session\Handlers\FileHandler' driver.
DEBUG - 2025-06-30 06:18:16 --> User IP: ::1
DEBUG - 2025-06-30 06:18:18 --> User IP: ::1
DEBUG - 2025-06-30 06:18:18 --> Session: Class initialized using 'CodeIgniter\Session\Handlers\FileHandler' driver.
DEBUG - 2025-06-30 06:18:18 --> User IP: ::1
DEBUG - 2025-06-30 06:18:23 --> User IP: ::1
DEBUG - 2025-06-30 06:18:23 --> Session: Class initialized using 'CodeIgniter\Session\Handlers\FileHandler' driver.
DEBUG - 2025-06-30 06:18:23 --> User IP: ::1
DEBUG - 2025-06-30 06:18:41 --> User IP: ::1
DEBUG - 2025-06-30 06:18:41 --> Session: Class initialized using 'CodeIgniter\Session\Handlers\FileHandler' driver.
DEBUG - 2025-06-30 06:18:41 --> User IP: ::1
DEBUG - 2025-06-30 06:18:49 --> User IP: ::1
DEBUG - 2025-06-30 06:18:49 --> Session: Class initialized using 'CodeIgniter\Session\Handlers\FileHandler' driver.
DEBUG - 2025-06-30 06:18:50 --> User IP: ::1
DEBUG - 2025-06-30 06:18:58 --> User IP: ::1
DEBUG - 2025-06-30 06:19:00 --> User IP: ::1
DEBUG - 2025-06-30 06:20:08 --> User IP: ::1
DEBUG - 2025-06-30 06:20:08 --> Session: Class initialized using 'CodeIgniter\Session\Handlers\FileHandler' driver.
DEBUG - 2025-06-30 06:20:08 --> User IP: ::1
DEBUG - 2025-06-30 06:20:13 --> User IP: ::1
DEBUG - 2025-06-30 06:20:16 --> User IP: ::1
DEBUG - 2025-06-30 06:20:18 --> User IP: ::1
DEBUG - 2025-06-30 06:21:02 --> User IP: ::1
DEBUG - 2025-06-30 06:21:02 --> Session: Class initialized using 'CodeIgniter\Session\Handlers\FileHandler' driver.
DEBUG - 2025-06-30 06:21:02 --> User IP: ::1
DEBUG - 2025-06-30 06:21:09 --> User IP: ::1
DEBUG - 2025-06-30 06:21:09 --> Session: Class initialized using 'CodeIgniter\Session\Handlers\FileHandler' driver.
DEBUG - 2025-06-30 06:21:10 --> User IP: ::1
DEBUG - 2025-06-30 06:21:51 --> User IP: ::1
DEBUG - 2025-06-30 06:21:51 --> Session: Class initialized using 'CodeIgniter\Session\Handlers\FileHandler' driver.
DEBUG - 2025-06-30 06:21:51 --> User IP: ::1
DEBUG - 2025-06-30 06:21:58 --> User IP: ::1
DEBUG - 2025-06-30 06:21:58 --> Session: Class initialized using 'CodeIgniter\Session\Handlers\FileHandler' driver.
DEBUG - 2025-06-30 06:21:59 --> User IP: ::1
DEBUG - 2025-06-30 06:22:09 --> User IP: ::1
DEBUG - 2025-06-30 06:22:09 --> Session: Class initialized using 'CodeIgniter\Session\Handlers\FileHandler' driver.
DEBUG - 2025-06-30 06:22:09 --> User IP: ::1
DEBUG - 2025-06-30 06:22:24 --> User IP: ::1
DEBUG - 2025-06-30 06:22:24 --> Session: Class initialized using 'CodeIgniter\Session\Handlers\FileHandler' driver.
DEBUG - 2025-06-30 06:22:24 --> User IP: ::1
DEBUG - 2025-06-30 06:22:25 --> User IP: ::1
DEBUG - 2025-06-30 06:22:25 --> Session: Class initialized using 'CodeIgniter\Session\Handlers\FileHandler' driver.
DEBUG - 2025-06-30 06:22:26 --> User IP: ::1
DEBUG - 2025-06-30 06:22:41 --> User IP: ::1
DEBUG - 2025-06-30 06:22:41 --> Session: Class initialized using 'CodeIgniter\Session\Handlers\FileHandler' driver.
DEBUG - 2025-06-30 06:22:41 --> User IP: ::1
DEBUG - 2025-06-30 06:23:11 --> User IP: ::1
DEBUG - 2025-06-30 06:23:11 --> Session: Class initialized using 'CodeIgniter\Session\Handlers\FileHandler' driver.
DEBUG - 2025-06-30 06:23:11 --> User IP: ::1
DEBUG - 2025-06-30 06:23:24 --> User IP: ::1
DEBUG - 2025-06-30 06:23:24 --> Session: Class initialized using 'CodeIgniter\Session\Handlers\FileHandler' driver.
DEBUG - 2025-06-30 06:23:24 --> User IP: ::1
DEBUG - 2025-06-30 06:23:40 --> User IP: ::1
DEBUG - 2025-06-30 06:23:40 --> Session: Class initialized using 'CodeIgniter\Session\Handlers\FileHandler' driver.
DEBUG - 2025-06-30 06:23:41 --> User IP: ::1
DEBUG - 2025-06-30 06:24:08 --> User IP: ::1
DEBUG - 2025-06-30 06:24:08 --> Session: Class initialized using 'CodeIgniter\Session\Handlers\FileHandler' driver.
DEBUG - 2025-06-30 06:24:08 --> User IP: ::1
DEBUG - 2025-06-30 06:25:12 --> User IP: ::1
DEBUG - 2025-06-30 06:25:13 --> Session: Class initialized using 'CodeIgniter\Session\Handlers\FileHandler' driver.
DEBUG - 2025-06-30 06:25:13 --> User IP: ::1
DEBUG - 2025-06-30 06:25:25 --> User IP: ::1
DEBUG - 2025-06-30 06:25:25 --> Session: Class initialized using 'CodeIgniter\Session\Handlers\FileHandler' driver.
DEBUG - 2025-06-30 06:25:25 --> User IP: ::1
DEBUG - 2025-06-30 06:25:27 --> User IP: ::1
DEBUG - 2025-06-30 06:25:27 --> Session: Class initialized using 'CodeIgniter\Session\Handlers\FileHandler' driver.
DEBUG - 2025-06-30 06:25:27 --> User IP: ::1
DEBUG - 2025-06-30 06:25:38 --> User IP: ::1
DEBUG - 2025-06-30 06:25:38 --> Session: Class initialized using 'CodeIgniter\Session\Handlers\FileHandler' driver.
DEBUG - 2025-06-30 06:25:38 --> User IP: ::1
DEBUG - 2025-06-30 06:26:50 --> User IP: ::1
DEBUG - 2025-06-30 06:26:50 --> Session: Class initialized using 'CodeIgniter\Session\Handlers\FileHandler' driver.
DEBUG - 2025-06-30 06:26:51 --> User IP: ::1
DEBUG - 2025-06-30 06:26:56 --> User IP: ::1
DEBUG - 2025-06-30 06:26:56 --> Session: Class initialized using 'CodeIgniter\Session\Handlers\FileHandler' driver.
DEBUG - 2025-06-30 06:26:56 --> User IP: ::1
DEBUG - 2025-06-30 06:27:40 --> User IP: ::1
DEBUG - 2025-06-30 06:27:40 --> Session: Class initialized using 'CodeIgniter\Session\Handlers\FileHandler' driver.
DEBUG - 2025-06-30 06:27:40 --> User IP: ::1
DEBUG - 2025-06-30 06:27:47 --> User IP: ::1
DEBUG - 2025-06-30 06:27:47 --> Session: Class initialized using 'CodeIgniter\Session\Handlers\FileHandler' driver.
DEBUG - 2025-06-30 06:27:47 --> User IP: ::1
DEBUG - 2025-06-30 06:28:08 --> User IP: ::1
DEBUG - 2025-06-30 06:28:08 --> Session: Class initialized using 'CodeIgniter\Session\Handlers\FileHandler' driver.
DEBUG - 2025-06-30 06:28:08 --> User IP: ::1
DEBUG - 2025-06-30 06:28:09 --> User IP: ::1
DEBUG - 2025-06-30 06:28:09 --> Session: Class initialized using 'CodeIgniter\Session\Handlers\FileHandler' driver.
DEBUG - 2025-06-30 06:28:09 --> User IP: ::1
DEBUG - 2025-06-30 06:28:42 --> User IP: ::1
DEBUG - 2025-06-30 06:28:42 --> Session: Class initialized using 'CodeIgniter\Session\Handlers\FileHandler' driver.
DEBUG - 2025-06-30 06:28:42 --> User IP: ::1
DEBUG - 2025-06-30 06:28:44 --> User IP: ::1
DEBUG - 2025-06-30 06:28:44 --> Session: Class initialized using 'CodeIgniter\Session\Handlers\FileHandler' driver.
DEBUG - 2025-06-30 06:28:44 --> User IP: ::1
DEBUG - 2025-06-30 06:28:50 --> User IP: ::1
DEBUG - 2025-06-30 06:28:50 --> Session: Class initialized using 'CodeIgniter\Session\Handlers\FileHandler' driver.
DEBUG - 2025-06-30 06:28:50 --> User IP: ::1
DEBUG - 2025-06-30 06:30:00 --> User IP: ::1
DEBUG - 2025-06-30 06:30:00 --> Session: Class initialized using 'CodeIgniter\Session\Handlers\FileHandler' driver.
DEBUG - 2025-06-30 06:30:01 --> User IP: ::1
DEBUG - 2025-06-30 06:31:18 --> User IP: ::1
DEBUG - 2025-06-30 06:31:18 --> Session: Class initialized using 'CodeIgniter\Session\Handlers\FileHandler' driver.
DEBUG - 2025-06-30 06:31:18 --> User IP: ::1
DEBUG - 2025-06-30 06:31:48 --> User IP: ::1
DEBUG - 2025-06-30 06:31:48 --> Session: Class initialized using 'CodeIgniter\Session\Handlers\FileHandler' driver.
DEBUG - 2025-06-30 06:31:48 --> User IP: ::1
DEBUG - 2025-06-30 06:31:49 --> User IP: ::1
DEBUG - 2025-06-30 06:31:49 --> Session: Class initialized using 'CodeIgniter\Session\Handlers\FileHandler' driver.
DEBUG - 2025-06-30 06:31:49 --> User IP: ::1
DEBUG - 2025-06-30 06:32:35 --> User IP: ::1
DEBUG - 2025-06-30 06:32:35 --> Session: Class initialized using 'CodeIgniter\Session\Handlers\FileHandler' driver.
DEBUG - 2025-06-30 06:32:35 --> User IP: ::1
DEBUG - 2025-06-30 06:33:05 --> User IP: ::1
DEBUG - 2025-06-30 06:33:05 --> Session: Class initialized using 'CodeIgniter\Session\Handlers\FileHandler' driver.
DEBUG - 2025-06-30 06:33:05 --> User IP: ::1
DEBUG - 2025-06-30 06:33:22 --> User IP: ::1
DEBUG - 2025-06-30 06:33:22 --> Session: Class initialized using 'CodeIgniter\Session\Handlers\FileHandler' driver.
DEBUG - 2025-06-30 06:33:22 --> User IP: ::1
DEBUG - 2025-06-30 06:35:14 --> User IP: ::1
DEBUG - 2025-06-30 06:35:14 --> Session: Class initialized using 'CodeIgniter\Session\Handlers\FileHandler' driver.
DEBUG - 2025-06-30 06:35:15 --> User IP: ::1
DEBUG - 2025-06-30 06:35:59 --> User IP: ::1
DEBUG - 2025-06-30 06:35:59 --> Session: Class initialized using 'CodeIgniter\Session\Handlers\FileHandler' driver.
DEBUG - 2025-06-30 06:36:00 --> User IP: ::1
DEBUG - 2025-06-30 06:36:14 --> User IP: ::1
DEBUG - 2025-06-30 06:36:14 --> Session: Class initialized using 'CodeIgniter\Session\Handlers\FileHandler' driver.
DEBUG - 2025-06-30 06:36:14 --> User IP: ::1
DEBUG - 2025-06-30 06:36:41 --> User IP: ::1
DEBUG - 2025-06-30 06:36:41 --> Session: Class initialized using 'CodeIgniter\Session\Handlers\FileHandler' driver.
DEBUG - 2025-06-30 06:36:41 --> User IP: ::1
DEBUG - 2025-06-30 06:37:12 --> User IP: ::1
DEBUG - 2025-06-30 06:37:12 --> Session: Class initialized using 'CodeIgniter\Session\Handlers\FileHandler' driver.
DEBUG - 2025-06-30 06:37:12 --> User IP: ::1
DEBUG - 2025-06-30 07:18:05 --> User IP: ::1
DEBUG - 2025-06-30 07:18:11 --> User IP: ::1
DEBUG - 2025-06-30 07:18:14 --> User IP: ::1
DEBUG - 2025-06-30 07:18:17 --> User IP: ::1
DEBUG - 2025-06-30 07:23:55 --> User IP: ::1
DEBUG - 2025-06-30 07:28:25 --> User IP: ::1
DEBUG - 2025-06-30 07:28:25 --> Session: Class initialized using 'CodeIgniter\Session\Handlers\FileHandler' driver.
DEBUG - 2025-06-30 07:28:25 --> User IP: ::1
DEBUG - 2025-06-30 07:28:45 --> User IP: ::1
DEBUG - 2025-06-30 07:29:21 --> User IP: ::1
DEBUG - 2025-06-30 07:29:21 --> Session: Class initialized using 'CodeIgniter\Session\Handlers\FileHandler' driver.
DEBUG - 2025-06-30 07:29:21 --> User IP: ::1
DEBUG - 2025-06-30 08:16:56 --> User IP: ::1
DEBUG - 2025-06-30 08:16:56 --> Session: Class initialized using 'CodeIgniter\Session\Handlers\FileHandler' driver.
DEBUG - 2025-06-30 08:16:57 --> User IP: ::1
DEBUG - 2025-06-30 08:25:00 --> User IP: ::1
DEBUG - 2025-06-30 08:25:00 --> Session: Class initialized using 'CodeIgniter\Session\Handlers\FileHandler' driver.
DEBUG - 2025-06-30 08:25:01 --> User IP: ::1
DEBUG - 2025-06-30 08:25:04 --> User IP: ::1
DEBUG - 2025-06-30 08:25:55 --> User IP: ::1
DEBUG - 2025-06-30 08:25:55 --> Session: Class initialized using 'CodeIgniter\Session\Handlers\FileHandler' driver.
DEBUG - 2025-06-30 08:25:56 --> User IP: ::1
DEBUG - 2025-06-30 08:26:01 --> User IP: ::1
DEBUG - 2025-06-30 08:26:06 --> User IP: ::1
DEBUG - 2025-06-30 08:26:06 --> Session: Class initialized using 'CodeIgniter\Session\Handlers\FileHandler' driver.
DEBUG - 2025-06-30 08:26:07 --> User IP: ::1
DEBUG - 2025-06-30 08:26:11 --> User IP: ::1
DEBUG - 2025-06-30 08:26:30 --> User IP: ::1
DEBUG - 2025-06-30 08:26:30 --> Session: Class initialized using 'CodeIgniter\Session\Handlers\FileHandler' driver.
DEBUG - 2025-06-30 08:26:31 --> User IP: ::1
DEBUG - 2025-06-30 08:26:33 --> User IP: ::1
DEBUG - 2025-06-30 08:26:35 --> User IP: ::1
ERROR - 2025-06-30 08:26:35 --> mysqli_sql_exception: You have an error in your SQL syntax; check the manual that corresponds to your MySQL server version for the right syntax to use near '? AND pay_type =? ORDER BY created_at DESC' at line 1 in C:\xampp\htdocs\gighz\system\Database\MySQLi\Connection.php:312
Stack trace:
#0 C:\xampp\htdocs\gighz\system\Database\MySQLi\Connection.php(312): mysqli->query('SELECT * FROM p...', 0)
#1 C:\xampp\htdocs\gighz\system\Database\BaseConnection.php(734): CodeIgniter\Database\MySQLi\Connection->execute('SELECT * FROM p...')
#2 C:\xampp\htdocs\gighz\system\Database\BaseConnection.php(648): CodeIgniter\Database\BaseConnection->simpleQuery('SELECT * FROM p...')
#3 C:\xampp\htdocs\gighz\app\Controllers\PayRole.php(1310): CodeIgniter\Database\BaseConnection->query('SELECT * FROM p...', Array)
#4 C:\xampp\htdocs\gighz\system\CodeIgniter.php(933): App\Controllers\PayRole->getemployeespayments()
#5 C:\xampp\htdocs\gighz\system\CodeIgniter.php(509): CodeIgniter\CodeIgniter->runController(Object(App\Controllers\PayRole))
#6 C:\xampp\htdocs\gighz\system\CodeIgniter.php(355): CodeIgniter\CodeIgniter->handleRequest(NULL, Object(Config\Cache), false)
#7 C:\xampp\htdocs\gighz\system\Boot.php(334): CodeIgniter\CodeIgniter->run()
#8 C:\xampp\htdocs\gighz\system\Boot.php(67): CodeIgniter\Boot::runCodeIgniter(Object(CodeIgniter\CodeIgniter))
#9 C:\xampp\htdocs\gighz\public\index.php(56): CodeIgniter\Boot::bootWeb(Object(Config\Paths))
#10 {main}
CRITICAL - 2025-06-30 08:26:35 --> CodeIgniter\Database\Exceptions\DatabaseException: You have an error in your SQL syntax; check the manual that corresponds to your MySQL server version for the right syntax to use near '? AND pay_type =? ORDER BY created_at DESC' at line 1
[Method: GET, Route: payrole/getemployeespayments]
in SYSTEMPATH\Database\BaseConnection.php on line 688.
 1 APPPATH\Controllers\PayRole.php(1310): CodeIgniter\Database\BaseConnection->query('SELECT * FROM payments WHERE pay_empid =? AND pay_type =? ORDER BY created_at DESC', [...])
 2 SYSTEMPATH\CodeIgniter.php(933): App\Controllers\PayRole->getemployeespayments()
 3 SYSTEMPATH\CodeIgniter.php(509): CodeIgniter\CodeIgniter->runController(Object(App\Controllers\PayRole))
 4 SYSTEMPATH\CodeIgniter.php(355): CodeIgniter\CodeIgniter->handleRequest(null, Object(Config\Cache), false)
 5 SYSTEMPATH\Boot.php(334): CodeIgniter\CodeIgniter->run()
 6 SYSTEMPATH\Boot.php(67): CodeIgniter\Boot::runCodeIgniter(Object(CodeIgniter\CodeIgniter))
 7 FCPATH\index.php(56): CodeIgniter\Boot::bootWeb(Object(Config\Paths))
CRITICAL - 2025-06-30 08:26:35 --> [Caused by] CodeIgniter\Database\Exceptions\DatabaseException: You have an error in your SQL syntax; check the manual that corresponds to your MySQL server version for the right syntax to use near '? AND pay_type =? ORDER BY created_at DESC' at line 1
in SYSTEMPATH\Database\MySQLi\Connection.php on line 317.
 1 SYSTEMPATH\Database\BaseConnection.php(734): CodeIgniter\Database\MySQLi\Connection->execute('SELECT * FROM payments WHERE pay_empid =? AND pay_type =? ORDER BY created_at DESC')
 2 SYSTEMPATH\Database\BaseConnection.php(648): CodeIgniter\Database\BaseConnection->simpleQuery('SELECT * FROM payments WHERE pay_empid =? AND pay_type =? ORDER BY created_at DESC')
 3 APPPATH\Controllers\PayRole.php(1310): CodeIgniter\Database\BaseConnection->query('SELECT * FROM payments WHERE pay_empid =? AND pay_type =? ORDER BY created_at DESC', [...])
 4 SYSTEMPATH\CodeIgniter.php(933): App\Controllers\PayRole->getemployeespayments()
 5 SYSTEMPATH\CodeIgniter.php(509): CodeIgniter\CodeIgniter->runController(Object(App\Controllers\PayRole))
 6 SYSTEMPATH\CodeIgniter.php(355): CodeIgniter\CodeIgniter->handleRequest(null, Object(Config\Cache), false)
 7 SYSTEMPATH\Boot.php(334): CodeIgniter\CodeIgniter->run()
 8 SYSTEMPATH\Boot.php(67): CodeIgniter\Boot::runCodeIgniter(Object(CodeIgniter\CodeIgniter))
 9 FCPATH\index.php(56): CodeIgniter\Boot::bootWeb(Object(Config\Paths))
CRITICAL - 2025-06-30 08:26:35 --> [Caused by] mysqli_sql_exception: You have an error in your SQL syntax; check the manual that corresponds to your MySQL server version for the right syntax to use near '? AND pay_type =? ORDER BY created_at DESC' at line 1
in SYSTEMPATH\Database\MySQLi\Connection.php on line 312.
 1 SYSTEMPATH\Database\MySQLi\Connection.php(312): mysqli->query('SELECT * FROM payments WHERE pay_empid =? AND pay_type =? ORDER BY created_at DESC', 0)
 2 SYSTEMPATH\Database\BaseConnection.php(734): CodeIgniter\Database\MySQLi\Connection->execute('SELECT * FROM payments WHERE pay_empid =? AND pay_type =? ORDER BY created_at DESC')
 3 SYSTEMPATH\Database\BaseConnection.php(648): CodeIgniter\Database\BaseConnection->simpleQuery('SELECT * FROM payments WHERE pay_empid =? AND pay_type =? ORDER BY created_at DESC')
 4 APPPATH\Controllers\PayRole.php(1310): CodeIgniter\Database\BaseConnection->query('SELECT * FROM payments WHERE pay_empid =? AND pay_type =? ORDER BY created_at DESC', [...])
 5 SYSTEMPATH\CodeIgniter.php(933): App\Controllers\PayRole->getemployeespayments()
 6 SYSTEMPATH\CodeIgniter.php(509): CodeIgniter\CodeIgniter->runController(Object(App\Controllers\PayRole))
 7 SYSTEMPATH\CodeIgniter.php(355): CodeIgniter\CodeIgniter->handleRequest(null, Object(Config\Cache), false)
 8 SYSTEMPATH\Boot.php(334): CodeIgniter\CodeIgniter->run()
 9 SYSTEMPATH\Boot.php(67): CodeIgniter\Boot::runCodeIgniter(Object(CodeIgniter\CodeIgniter))
10 FCPATH\index.php(56): CodeIgniter\Boot::bootWeb(Object(Config\Paths))
DEBUG - 2025-06-30 08:27:14 --> User IP: ::1
DEBUG - 2025-06-30 08:27:14 --> Session: Class initialized using 'CodeIgniter\Session\Handlers\FileHandler' driver.
DEBUG - 2025-06-30 08:27:15 --> User IP: ::1
DEBUG - 2025-06-30 08:27:18 --> User IP: ::1
DEBUG - 2025-06-30 08:27:20 --> User IP: ::1
DEBUG - 2025-06-30 08:28:06 --> User IP: ::1
DEBUG - 2025-06-30 08:28:06 --> Session: Class initialized using 'CodeIgniter\Session\Handlers\FileHandler' driver.
DEBUG - 2025-06-30 08:28:07 --> User IP: ::1
DEBUG - 2025-06-30 08:28:09 --> User IP: ::1
DEBUG - 2025-06-30 08:28:11 --> User IP: ::1
DEBUG - 2025-06-30 08:30:37 --> User IP: ::1
DEBUG - 2025-06-30 08:30:37 --> Session: Class initialized using 'CodeIgniter\Session\Handlers\FileHandler' driver.
DEBUG - 2025-06-30 08:30:38 --> User IP: ::1
DEBUG - 2025-06-30 08:30:40 --> User IP: ::1
DEBUG - 2025-06-30 08:30:42 --> User IP: ::1
DEBUG - 2025-06-30 08:34:56 --> User IP: ::1
DEBUG - 2025-06-30 08:34:56 --> Session: Class initialized using 'CodeIgniter\Session\Handlers\FileHandler' driver.
DEBUG - 2025-06-30 08:34:57 --> User IP: ::1
DEBUG - 2025-06-30 08:35:01 --> User IP: ::1
DEBUG - 2025-06-30 08:35:03 --> User IP: ::1
DEBUG - 2025-06-30 08:37:05 --> User IP: ::1
DEBUG - 2025-06-30 08:37:05 --> Session: Class initialized using 'CodeIgniter\Session\Handlers\FileHandler' driver.
DEBUG - 2025-06-30 08:37:05 --> User IP: ::1
DEBUG - 2025-06-30 08:37:08 --> User IP: ::1
DEBUG - 2025-06-30 08:37:09 --> User IP: ::1
DEBUG - 2025-06-30 08:37:12 --> User IP: ::1
DEBUG - 2025-06-30 08:37:25 --> User IP: ::1
DEBUG - 2025-06-30 08:37:25 --> Session: Class initialized using 'CodeIgniter\Session\Handlers\FileHandler' driver.
DEBUG - 2025-06-30 08:37:26 --> User IP: ::1
DEBUG - 2025-06-30 08:37:27 --> User IP: ::1
DEBUG - 2025-06-30 08:37:29 --> User IP: ::1
DEBUG - 2025-06-30 08:37:42 --> User IP: ::1
DEBUG - 2025-06-30 08:37:42 --> Session: Class initialized using 'CodeIgniter\Session\Handlers\FileHandler' driver.
DEBUG - 2025-06-30 08:37:42 --> User IP: ::1
DEBUG - 2025-06-30 08:37:44 --> User IP: ::1
DEBUG - 2025-06-30 08:37:47 --> User IP: ::1
DEBUG - 2025-06-30 08:39:12 --> User IP: ::1
DEBUG - 2025-06-30 08:39:12 --> Session: Class initialized using 'CodeIgniter\Session\Handlers\FileHandler' driver.
DEBUG - 2025-06-30 08:39:13 --> User IP: ::1
DEBUG - 2025-06-30 08:39:16 --> User IP: ::1
DEBUG - 2025-06-30 08:39:18 --> User IP: ::1
DEBUG - 2025-06-30 08:39:37 --> User IP: ::1
DEBUG - 2025-06-30 08:39:37 --> Session: Class initialized using 'CodeIgniter\Session\Handlers\FileHandler' driver.
DEBUG - 2025-06-30 08:39:38 --> User IP: ::1
DEBUG - 2025-06-30 08:39:41 --> User IP: ::1
DEBUG - 2025-06-30 08:39:43 --> User IP: ::1
DEBUG - 2025-06-30 08:42:48 --> User IP: ::1
DEBUG - 2025-06-30 08:42:48 --> Session: Class initialized using 'CodeIgniter\Session\Handlers\FileHandler' driver.
DEBUG - 2025-06-30 08:42:49 --> User IP: ::1
DEBUG - 2025-06-30 08:42:55 --> User IP: ::1
DEBUG - 2025-06-30 08:42:57 --> User IP: ::1
DEBUG - 2025-06-30 09:46:15 --> User IP: ::1
DEBUG - 2025-06-30 09:46:15 --> Session: Class initialized using 'CodeIgniter\Session\Handlers\FileHandler' driver.
DEBUG - 2025-06-30 09:46:16 --> User IP: ::1
DEBUG - 2025-06-30 09:46:19 --> User IP: ::1
DEBUG - 2025-06-30 09:46:23 --> User IP: ::1
DEBUG - 2025-06-30 09:50:58 --> User IP: ::1
DEBUG - 2025-06-30 09:50:58 --> Session: Class initialized using 'CodeIgniter\Session\Handlers\FileHandler' driver.
DEBUG - 2025-06-30 09:50:58 --> User IP: ::1
DEBUG - 2025-06-30 09:51:01 --> User IP: ::1
DEBUG - 2025-06-30 09:51:03 --> User IP: ::1
DEBUG - 2025-06-30 09:53:30 --> User IP: ::1
DEBUG - 2025-06-30 09:53:30 --> Session: Class initialized using 'CodeIgniter\Session\Handlers\FileHandler' driver.
DEBUG - 2025-06-30 09:53:31 --> User IP: ::1
DEBUG - 2025-06-30 09:53:34 --> User IP: ::1
DEBUG - 2025-06-30 09:53:36 --> User IP: ::1
DEBUG - 2025-06-30 09:54:04 --> User IP: ::1
DEBUG - 2025-06-30 09:54:04 --> Session: Class initialized using 'CodeIgniter\Session\Handlers\FileHandler' driver.
DEBUG - 2025-06-30 09:54:05 --> User IP: ::1
DEBUG - 2025-06-30 09:54:09 --> User IP: ::1
DEBUG - 2025-06-30 09:54:11 --> User IP: ::1
DEBUG - 2025-06-30 09:55:05 --> User IP: ::1
DEBUG - 2025-06-30 09:55:05 --> Session: Class initialized using 'CodeIgniter\Session\Handlers\FileHandler' driver.
DEBUG - 2025-06-30 09:55:05 --> User IP: ::1
DEBUG - 2025-06-30 09:55:09 --> User IP: ::1
DEBUG - 2025-06-30 09:55:11 --> User IP: ::1
DEBUG - 2025-06-30 09:55:18 --> User IP: ::1
DEBUG - 2025-06-30 09:55:18 --> Session: Class initialized using 'CodeIgniter\Session\Handlers\FileHandler' driver.
DEBUG - 2025-06-30 09:55:18 --> User IP: ::1
DEBUG - 2025-06-30 09:55:23 --> User IP: ::1
DEBUG - 2025-06-30 09:55:24 --> User IP: ::1
