DEBUG - 2025-06-16 04:07:59 --> User IP: ::1
DEBUG - 2025-06-16 04:07:59 --> Session: Class initialized using 'CodeIgniter\Session\Handlers\FileHandler' driver.
DEBUG - 2025-06-16 04:08:30 --> User IP: ::1
DEBUG - 2025-06-16 04:08:30 --> Session: Class initialized using 'CodeIgniter\Session\Handlers\FileHandler' driver.
DEBUG - 2025-06-16 04:08:30 --> User IP: ::1
DEBUG - 2025-06-16 04:08:30 --> Session: Class initialized using 'CodeIgniter\Session\Handlers\FileHandler' driver.
DEBUG - 2025-06-16 04:08:39 --> User IP: ::1
DEBUG - 2025-06-16 04:08:39 --> Session: Class initialized using 'CodeIgniter\Session\Handlers\FileHandler' driver.
DEBUG - 2025-06-16 04:08:39 --> User IP: ::1
DEBUG - 2025-06-16 04:08:51 --> User IP: ::1
DEBUG - 2025-06-16 04:08:51 --> Session: Class initialized using 'CodeIgniter\Session\Handlers\FileHandler' driver.
DEBUG - 2025-06-16 04:08:51 --> User IP: ::1
DEBUG - 2025-06-16 04:09:34 --> User IP: ::1
DEBUG - 2025-06-16 04:09:34 --> Session: Class initialized using 'CodeIgniter\Session\Handlers\FileHandler' driver.
DEBUG - 2025-06-16 04:09:34 --> User IP: ::1
DEBUG - 2025-06-16 04:10:25 --> User IP: ::1
DEBUG - 2025-06-16 04:10:25 --> Session: Class initialized using 'CodeIgniter\Session\Handlers\FileHandler' driver.
DEBUG - 2025-06-16 04:10:26 --> User IP: ::1
DEBUG - 2025-06-16 04:10:54 --> User IP: ::1
DEBUG - 2025-06-16 04:10:54 --> Session: Class initialized using 'CodeIgniter\Session\Handlers\FileHandler' driver.
DEBUG - 2025-06-16 04:10:55 --> User IP: ::1
DEBUG - 2025-06-16 04:12:25 --> User IP: ::1
DEBUG - 2025-06-16 04:12:25 --> Session: Class initialized using 'CodeIgniter\Session\Handlers\FileHandler' driver.
DEBUG - 2025-06-16 04:12:26 --> User IP: ::1
DEBUG - 2025-06-16 04:12:44 --> User IP: ::1
DEBUG - 2025-06-16 04:12:44 --> Session: Class initialized using 'CodeIgniter\Session\Handlers\FileHandler' driver.
DEBUG - 2025-06-16 04:12:45 --> User IP: ::1
DEBUG - 2025-06-16 04:13:15 --> User IP: ::1
DEBUG - 2025-06-16 04:13:15 --> Session: Class initialized using 'CodeIgniter\Session\Handlers\FileHandler' driver.
DEBUG - 2025-06-16 04:13:15 --> User IP: ::1
DEBUG - 2025-06-16 04:13:54 --> User IP: ::1
DEBUG - 2025-06-16 04:13:54 --> Session: Class initialized using 'CodeIgniter\Session\Handlers\FileHandler' driver.
DEBUG - 2025-06-16 04:13:55 --> User IP: ::1
DEBUG - 2025-06-16 04:14:17 --> User IP: ::1
DEBUG - 2025-06-16 04:14:17 --> Session: Class initialized using 'CodeIgniter\Session\Handlers\FileHandler' driver.
DEBUG - 2025-06-16 04:14:17 --> User IP: ::1
DEBUG - 2025-06-16 04:14:31 --> User IP: ::1
DEBUG - 2025-06-16 04:14:31 --> Session: Class initialized using 'CodeIgniter\Session\Handlers\FileHandler' driver.
DEBUG - 2025-06-16 04:14:31 --> User IP: ::1
DEBUG - 2025-06-16 04:14:51 --> User IP: ::1
DEBUG - 2025-06-16 04:14:51 --> Session: Class initialized using 'CodeIgniter\Session\Handlers\FileHandler' driver.
DEBUG - 2025-06-16 04:14:51 --> User IP: ::1
DEBUG - 2025-06-16 04:15:02 --> User IP: ::1
DEBUG - 2025-06-16 04:15:02 --> Session: Class initialized using 'CodeIgniter\Session\Handlers\FileHandler' driver.
DEBUG - 2025-06-16 04:15:03 --> User IP: ::1
DEBUG - 2025-06-16 04:15:14 --> User IP: ::1
DEBUG - 2025-06-16 04:15:14 --> Session: Class initialized using 'CodeIgniter\Session\Handlers\FileHandler' driver.
DEBUG - 2025-06-16 04:15:14 --> User IP: ::1
DEBUG - 2025-06-16 04:15:26 --> User IP: ::1
DEBUG - 2025-06-16 04:15:26 --> Session: Class initialized using 'CodeIgniter\Session\Handlers\FileHandler' driver.
DEBUG - 2025-06-16 04:15:26 --> User IP: ::1
DEBUG - 2025-06-16 04:16:30 --> User IP: ::1
DEBUG - 2025-06-16 04:16:31 --> Session: Class initialized using 'CodeIgniter\Session\Handlers\FileHandler' driver.
DEBUG - 2025-06-16 04:16:31 --> User IP: ::1
DEBUG - 2025-06-16 04:16:43 --> User IP: ::1
DEBUG - 2025-06-16 04:16:43 --> Session: Class initialized using 'CodeIgniter\Session\Handlers\FileHandler' driver.
DEBUG - 2025-06-16 04:16:44 --> User IP: ::1
DEBUG - 2025-06-16 04:17:02 --> User IP: ::1
DEBUG - 2025-06-16 04:17:02 --> Session: Class initialized using 'CodeIgniter\Session\Handlers\FileHandler' driver.
DEBUG - 2025-06-16 04:17:03 --> User IP: ::1
DEBUG - 2025-06-16 04:17:13 --> User IP: ::1
DEBUG - 2025-06-16 04:17:13 --> Session: Class initialized using 'CodeIgniter\Session\Handlers\FileHandler' driver.
DEBUG - 2025-06-16 04:17:14 --> User IP: ::1
DEBUG - 2025-06-16 04:51:47 --> User IP: ::1
DEBUG - 2025-06-16 04:51:47 --> Session: Class initialized using 'CodeIgniter\Session\Handlers\FileHandler' driver.
DEBUG - 2025-06-16 04:51:47 --> User IP: ::1
DEBUG - 2025-06-16 04:52:09 --> User IP: ::1
DEBUG - 2025-06-16 04:52:09 --> Session: Class initialized using 'CodeIgniter\Session\Handlers\FileHandler' driver.
DEBUG - 2025-06-16 04:52:09 --> User IP: ::1
DEBUG - 2025-06-16 04:54:10 --> User IP: ::1
DEBUG - 2025-06-16 04:54:10 --> Session: Class initialized using 'CodeIgniter\Session\Handlers\FileHandler' driver.
DEBUG - 2025-06-16 04:54:10 --> User IP: ::1
DEBUG - 2025-06-16 05:27:37 --> User IP: ::1
DEBUG - 2025-06-16 05:27:37 --> Session: Class initialized using 'CodeIgniter\Session\Handlers\FileHandler' driver.
DEBUG - 2025-06-16 05:27:37 --> User IP: ::1
DEBUG - 2025-06-16 05:33:42 --> User IP: ::1
DEBUG - 2025-06-16 05:33:42 --> Session: Class initialized using 'CodeIgniter\Session\Handlers\FileHandler' driver.
DEBUG - 2025-06-16 05:33:42 --> User IP: ::1
DEBUG - 2025-06-16 05:33:46 --> User IP: ::1
DEBUG - 2025-06-16 05:41:28 --> User IP: ::1
DEBUG - 2025-06-16 05:41:28 --> Session: Class initialized using 'CodeIgniter\Session\Handlers\FileHandler' driver.
DEBUG - 2025-06-16 05:41:29 --> User IP: ::1
DEBUG - 2025-06-16 05:41:33 --> User IP: ::1
DEBUG - 2025-06-16 05:41:47 --> User IP: ::1
DEBUG - 2025-06-16 05:41:47 --> Session: Class initialized using 'CodeIgniter\Session\Handlers\FileHandler' driver.
DEBUG - 2025-06-16 05:41:47 --> User IP: ::1
DEBUG - 2025-06-16 05:41:50 --> User IP: ::1
DEBUG - 2025-06-16 05:42:16 --> User IP: ::1
DEBUG - 2025-06-16 05:42:16 --> Session: Class initialized using 'CodeIgniter\Session\Handlers\FileHandler' driver.
DEBUG - 2025-06-16 05:42:17 --> User IP: ::1
DEBUG - 2025-06-16 05:42:21 --> User IP: ::1
DEBUG - 2025-06-16 05:42:33 --> User IP: ::1
DEBUG - 2025-06-16 05:42:38 --> User IP: ::1
DEBUG - 2025-06-16 05:44:47 --> User IP: ::1
DEBUG - 2025-06-16 05:44:47 --> Session: Class initialized using 'CodeIgniter\Session\Handlers\FileHandler' driver.
DEBUG - 2025-06-16 05:44:48 --> User IP: ::1
DEBUG - 2025-06-16 05:44:51 --> User IP: ::1
DEBUG - 2025-06-16 05:45:32 --> User IP: ::1
DEBUG - 2025-06-16 05:45:32 --> Session: Class initialized using 'CodeIgniter\Session\Handlers\FileHandler' driver.
DEBUG - 2025-06-16 05:45:32 --> User IP: ::1
DEBUG - 2025-06-16 05:45:36 --> User IP: ::1
DEBUG - 2025-06-16 06:03:25 --> User IP: ::1
DEBUG - 2025-06-16 06:03:25 --> Session: Class initialized using 'CodeIgniter\Session\Handlers\FileHandler' driver.
DEBUG - 2025-06-16 06:03:33 --> User IP: ::1
DEBUG - 2025-06-16 06:03:33 --> Session: Class initialized using 'CodeIgniter\Session\Handlers\FileHandler' driver.
DEBUG - 2025-06-16 06:03:33 --> User IP: ::1
DEBUG - 2025-06-16 06:03:37 --> User IP: ::1
DEBUG - 2025-06-16 06:03:50 --> User IP: ::1
CRITICAL - 2025-06-16 06:03:50 --> Error: Object of class CodeIgniter\Database\MySQLi\Result could not be converted to string
[Method: GET, Route: payrole/get_additional_pay_details]
in APPPATH\Controllers\PayRole.php on line 462.
 1 SYSTEMPATH\CodeIgniter.php(933): App\Controllers\PayRole->get_additional_pay_details()
 2 SYSTEMPATH\CodeIgniter.php(509): CodeIgniter\CodeIgniter->runController(Object(App\Controllers\PayRole))
 3 SYSTEMPATH\CodeIgniter.php(355): CodeIgniter\CodeIgniter->handleRequest(null, Object(Config\Cache), false)
 4 SYSTEMPATH\Boot.php(334): CodeIgniter\CodeIgniter->run()
 5 SYSTEMPATH\Boot.php(67): CodeIgniter\Boot::runCodeIgniter(Object(CodeIgniter\CodeIgniter))
 6 FCPATH\index.php(56): CodeIgniter\Boot::bootWeb(Object(Config\Paths))
 7 SYSTEMPATH\rewrite.php(44): require_once('C:\\xampp\\htdocs\\gighz\\public\\index.php')
DEBUG - 2025-06-16 06:04:44 --> User IP: ::1
CRITICAL - 2025-06-16 06:04:44 --> Error: Object of class CodeIgniter\HTTP\Response could not be converted to string
[Method: GET, Route: payrole/get_additional_pay_details]
in APPPATH\Controllers\PayRole.php on line 462.
 1 SYSTEMPATH\CodeIgniter.php(933): App\Controllers\PayRole->get_additional_pay_details()
 2 SYSTEMPATH\CodeIgniter.php(509): CodeIgniter\CodeIgniter->runController(Object(App\Controllers\PayRole))
 3 SYSTEMPATH\CodeIgniter.php(355): CodeIgniter\CodeIgniter->handleRequest(null, Object(Config\Cache), false)
 4 SYSTEMPATH\Boot.php(334): CodeIgniter\CodeIgniter->run()
 5 SYSTEMPATH\Boot.php(67): CodeIgniter\Boot::runCodeIgniter(Object(CodeIgniter\CodeIgniter))
 6 FCPATH\index.php(56): CodeIgniter\Boot::bootWeb(Object(Config\Paths))
 7 SYSTEMPATH\rewrite.php(44): require_once('C:\\xampp\\htdocs\\gighz\\public\\index.php')
DEBUG - 2025-06-16 06:04:56 --> User IP: ::1
DEBUG - 2025-06-16 06:05:42 --> User IP: ::1
DEBUG - 2025-06-16 06:07:25 --> User IP: ::1
DEBUG - 2025-06-16 06:08:21 --> User IP: ::1
CRITICAL - 2025-06-16 06:08:21 --> ErrorException: Attempt to read property "amount" on array
[Method: GET, Route: payrole/get_additional_pay_details]
in APPPATH\Controllers\PayRole.php on line 463.
 1 APPPATH\Controllers\PayRole.php(463): CodeIgniter\Debug\Exceptions->errorHandler(2, 'Attempt to read property "amount" on array', 'C:\\xampp\\htdocs\\gighz\\app\\Controllers\\PayRole.php', 463)
 2 SYSTEMPATH\CodeIgniter.php(933): App\Controllers\PayRole->get_additional_pay_details()
 3 SYSTEMPATH\CodeIgniter.php(509): CodeIgniter\CodeIgniter->runController(Object(App\Controllers\PayRole))
 4 SYSTEMPATH\CodeIgniter.php(355): CodeIgniter\CodeIgniter->handleRequest(null, Object(Config\Cache), false)
 5 SYSTEMPATH\Boot.php(334): CodeIgniter\CodeIgniter->run()
 6 SYSTEMPATH\Boot.php(67): CodeIgniter\Boot::runCodeIgniter(Object(CodeIgniter\CodeIgniter))
 7 FCPATH\index.php(56): CodeIgniter\Boot::bootWeb(Object(Config\Paths))
 8 SYSTEMPATH\rewrite.php(44): require_once('C:\\xampp\\htdocs\\gighz\\public\\index.php')
DEBUG - 2025-06-16 06:08:55 --> User IP: ::1
CRITICAL - 2025-06-16 06:08:55 --> ErrorException: Undefined array key "amount"
[Method: GET, Route: payrole/get_additional_pay_details]
in APPPATH\Controllers\PayRole.php on line 463.
 1 APPPATH\Controllers\PayRole.php(463): CodeIgniter\Debug\Exceptions->errorHandler(2, 'Undefined array key "amount"', 'C:\\xampp\\htdocs\\gighz\\app\\Controllers\\PayRole.php', 463)
 2 SYSTEMPATH\CodeIgniter.php(933): App\Controllers\PayRole->get_additional_pay_details()
 3 SYSTEMPATH\CodeIgniter.php(509): CodeIgniter\CodeIgniter->runController(Object(App\Controllers\PayRole))
 4 SYSTEMPATH\CodeIgniter.php(355): CodeIgniter\CodeIgniter->handleRequest(null, Object(Config\Cache), false)
 5 SYSTEMPATH\Boot.php(334): CodeIgniter\CodeIgniter->run()
 6 SYSTEMPATH\Boot.php(67): CodeIgniter\Boot::runCodeIgniter(Object(CodeIgniter\CodeIgniter))
 7 FCPATH\index.php(56): CodeIgniter\Boot::bootWeb(Object(Config\Paths))
 8 SYSTEMPATH\rewrite.php(44): require_once('C:\\xampp\\htdocs\\gighz\\public\\index.php')
DEBUG - 2025-06-16 06:09:14 --> User IP: ::1
DEBUG - 2025-06-16 06:09:33 --> User IP: ::1
DEBUG - 2025-06-16 06:09:53 --> User IP: ::1
DEBUG - 2025-06-16 06:09:58 --> User IP: ::1
DEBUG - 2025-06-16 06:10:12 --> User IP: ::1
DEBUG - 2025-06-16 06:10:30 --> User IP: ::1
DEBUG - 2025-06-16 06:12:45 --> User IP: ::1
DEBUG - 2025-06-16 06:12:57 --> User IP: ::1
DEBUG - 2025-06-16 06:13:03 --> User IP: ::1
DEBUG - 2025-06-16 06:13:05 --> User IP: ::1
DEBUG - 2025-06-16 06:13:43 --> User IP: ::1
DEBUG - 2025-06-16 06:18:37 --> User IP: ::1
DEBUG - 2025-06-16 06:18:37 --> Session: Class initialized using 'CodeIgniter\Session\Handlers\FileHandler' driver.
DEBUG - 2025-06-16 06:18:38 --> User IP: ::1
DEBUG - 2025-06-16 06:27:30 --> User IP: ::1
DEBUG - 2025-06-16 06:27:30 --> Session: Class initialized using 'CodeIgniter\Session\Handlers\FileHandler' driver.
DEBUG - 2025-06-16 06:27:30 --> User IP: ::1
DEBUG - 2025-06-16 06:27:34 --> User IP: ::1
DEBUG - 2025-06-16 06:27:56 --> User IP: ::1
DEBUG - 2025-06-16 06:27:56 --> Session: Class initialized using 'CodeIgniter\Session\Handlers\FileHandler' driver.
DEBUG - 2025-06-16 06:27:56 --> User IP: ::1
DEBUG - 2025-06-16 06:28:00 --> User IP: ::1
DEBUG - 2025-06-16 06:28:06 --> User IP: ::1
DEBUG - 2025-06-16 06:30:58 --> User IP: ::1
DEBUG - 2025-06-16 06:30:58 --> Session: Class initialized using 'CodeIgniter\Session\Handlers\FileHandler' driver.
DEBUG - 2025-06-16 06:30:59 --> User IP: ::1
DEBUG - 2025-06-16 06:31:01 --> User IP: ::1
DEBUG - 2025-06-16 06:31:03 --> User IP: ::1
DEBUG - 2025-06-16 06:31:30 --> User IP: ::1
DEBUG - 2025-06-16 06:31:30 --> Session: Class initialized using 'CodeIgniter\Session\Handlers\FileHandler' driver.
DEBUG - 2025-06-16 06:31:31 --> User IP: ::1
DEBUG - 2025-06-16 06:31:34 --> User IP: ::1
DEBUG - 2025-06-16 06:31:36 --> User IP: ::1
DEBUG - 2025-06-16 06:31:50 --> User IP: ::1
DEBUG - 2025-06-16 06:31:53 --> User IP: ::1
DEBUG - 2025-06-16 06:32:15 --> User IP: ::1
DEBUG - 2025-06-16 06:32:15 --> Session: Class initialized using 'CodeIgniter\Session\Handlers\FileHandler' driver.
DEBUG - 2025-06-16 06:32:15 --> User IP: ::1
DEBUG - 2025-06-16 06:32:19 --> User IP: ::1
DEBUG - 2025-06-16 06:32:22 --> User IP: ::1
DEBUG - 2025-06-16 06:36:19 --> User IP: ::1
DEBUG - 2025-06-16 06:36:19 --> Session: Class initialized using 'CodeIgniter\Session\Handlers\FileHandler' driver.
DEBUG - 2025-06-16 06:36:19 --> User IP: ::1
DEBUG - 2025-06-16 06:36:22 --> User IP: ::1
DEBUG - 2025-06-16 06:36:28 --> User IP: ::1
DEBUG - 2025-06-16 06:36:57 --> User IP: ::1
DEBUG - 2025-06-16 06:36:57 --> Session: Class initialized using 'CodeIgniter\Session\Handlers\FileHandler' driver.
DEBUG - 2025-06-16 06:36:57 --> User IP: ::1
DEBUG - 2025-06-16 06:37:00 --> User IP: ::1
DEBUG - 2025-06-16 06:37:03 --> User IP: ::1
DEBUG - 2025-06-16 06:37:03 --> User IP: ::1
DEBUG - 2025-06-16 06:37:03 --> Session: Class initialized using 'CodeIgniter\Session\Handlers\FileHandler' driver.
DEBUG - 2025-06-16 06:37:04 --> User IP: ::1
DEBUG - 2025-06-16 06:37:08 --> User IP: ::1
DEBUG - 2025-06-16 06:37:21 --> User IP: ::1
DEBUG - 2025-06-16 06:37:44 --> User IP: ::1
DEBUG - 2025-06-16 06:37:47 --> User IP: ::1
DEBUG - 2025-06-16 06:37:56 --> User IP: ::1
DEBUG - 2025-06-16 06:38:50 --> User IP: ::1
DEBUG - 2025-06-16 06:38:50 --> Session: Class initialized using 'CodeIgniter\Session\Handlers\FileHandler' driver.
DEBUG - 2025-06-16 06:38:51 --> User IP: ::1
DEBUG - 2025-06-16 06:38:53 --> User IP: ::1
DEBUG - 2025-06-16 06:38:56 --> User IP: ::1
DEBUG - 2025-06-16 06:39:00 --> User IP: ::1
DEBUG - 2025-06-16 06:39:02 --> User IP: ::1
DEBUG - 2025-06-16 06:39:04 --> User IP: ::1
DEBUG - 2025-06-16 06:39:38 --> User IP: ::1
DEBUG - 2025-06-16 06:39:38 --> Session: Class initialized using 'CodeIgniter\Session\Handlers\FileHandler' driver.
DEBUG - 2025-06-16 06:39:38 --> User IP: ::1
DEBUG - 2025-06-16 06:39:42 --> User IP: ::1
DEBUG - 2025-06-16 06:39:44 --> User IP: ::1
DEBUG - 2025-06-16 06:39:50 --> User IP: ::1
DEBUG - 2025-06-16 06:39:52 --> User IP: ::1
DEBUG - 2025-06-16 06:39:55 --> User IP: ::1
DEBUG - 2025-06-16 06:39:57 --> User IP: ::1
DEBUG - 2025-06-16 06:44:41 --> User IP: ::1
DEBUG - 2025-06-16 06:44:45 --> User IP: ::1
DEBUG - 2025-06-16 06:44:50 --> User IP: ::1
DEBUG - 2025-06-16 06:44:52 --> User IP: ::1
DEBUG - 2025-06-16 06:45:36 --> User IP: ::1
DEBUG - 2025-06-16 06:57:58 --> User IP: ::1
DEBUG - 2025-06-16 06:57:58 --> Session: Class initialized using 'CodeIgniter\Session\Handlers\FileHandler' driver.
DEBUG - 2025-06-16 06:57:58 --> User IP: ::1
DEBUG - 2025-06-16 07:00:00 --> User IP: ::1
DEBUG - 2025-06-16 07:00:00 --> Session: Class initialized using 'CodeIgniter\Session\Handlers\FileHandler' driver.
DEBUG - 2025-06-16 07:00:00 --> User IP: ::1
DEBUG - 2025-06-16 07:00:11 --> User IP: ::1
DEBUG - 2025-06-16 07:00:11 --> Session: Class initialized using 'CodeIgniter\Session\Handlers\FileHandler' driver.
DEBUG - 2025-06-16 07:00:11 --> User IP: ::1
DEBUG - 2025-06-16 07:00:14 --> User IP: ::1
DEBUG - 2025-06-16 07:00:19 --> User IP: ::1
DEBUG - 2025-06-16 07:00:22 --> User IP: ::1
DEBUG - 2025-06-16 07:02:12 --> User IP: ::1
DEBUG - 2025-06-16 07:02:12 --> Session: Class initialized using 'CodeIgniter\Session\Handlers\FileHandler' driver.
DEBUG - 2025-06-16 07:02:12 --> User IP: ::1
DEBUG - 2025-06-16 07:02:15 --> User IP: ::1
DEBUG - 2025-06-16 07:02:21 --> User IP: ::1
DEBUG - 2025-06-16 07:02:31 --> User IP: ::1
DEBUG - 2025-06-16 07:03:28 --> User IP: ::1
DEBUG - 2025-06-16 07:03:28 --> Session: Class initialized using 'CodeIgniter\Session\Handlers\FileHandler' driver.
DEBUG - 2025-06-16 07:03:28 --> User IP: ::1
DEBUG - 2025-06-16 07:03:30 --> User IP: ::1
DEBUG - 2025-06-16 07:03:37 --> User IP: ::1
DEBUG - 2025-06-16 07:03:43 --> User IP: ::1
DEBUG - 2025-06-16 07:07:56 --> User IP: ::1
DEBUG - 2025-06-16 07:07:56 --> Session: Class initialized using 'CodeIgniter\Session\Handlers\FileHandler' driver.
DEBUG - 2025-06-16 07:07:56 --> User IP: ::1
DEBUG - 2025-06-16 07:07:58 --> User IP: ::1
DEBUG - 2025-06-16 07:08:01 --> User IP: ::1
DEBUG - 2025-06-16 07:08:10 --> User IP: ::1
DEBUG - 2025-06-16 07:08:13 --> User IP: ::1
DEBUG - 2025-06-16 07:39:33 --> User IP: ::1
DEBUG - 2025-06-16 07:39:36 --> User IP: ::1
DEBUG - 2025-06-16 07:43:09 --> User IP: ::1
DEBUG - 2025-06-16 07:43:09 --> Session: Class initialized using 'CodeIgniter\Session\Handlers\FileHandler' driver.
DEBUG - 2025-06-16 07:43:09 --> User IP: ::1
DEBUG - 2025-06-16 07:43:13 --> User IP: ::1
DEBUG - 2025-06-16 07:43:20 --> User IP: ::1
DEBUG - 2025-06-16 07:44:59 --> User IP: ::1
DEBUG - 2025-06-16 07:44:59 --> Session: Class initialized using 'CodeIgniter\Session\Handlers\FileHandler' driver.
DEBUG - 2025-06-16 07:45:00 --> User IP: ::1
DEBUG - 2025-06-16 07:45:02 --> User IP: ::1
DEBUG - 2025-06-16 07:45:04 --> User IP: ::1
DEBUG - 2025-06-16 07:50:11 --> User IP: ::1
DEBUG - 2025-06-16 07:50:11 --> Session: Class initialized using 'CodeIgniter\Session\Handlers\FileHandler' driver.
DEBUG - 2025-06-16 07:50:11 --> User IP: ::1
DEBUG - 2025-06-16 07:50:14 --> User IP: ::1
DEBUG - 2025-06-16 07:50:17 --> User IP: ::1
DEBUG - 2025-06-16 07:52:12 --> User IP: ::1
DEBUG - 2025-06-16 07:52:12 --> Session: Class initialized using 'CodeIgniter\Session\Handlers\FileHandler' driver.
DEBUG - 2025-06-16 07:52:13 --> User IP: ::1
DEBUG - 2025-06-16 07:52:16 --> User IP: ::1
DEBUG - 2025-06-16 07:52:19 --> User IP: ::1
DEBUG - 2025-06-16 07:55:09 --> User IP: ::1
DEBUG - 2025-06-16 07:55:09 --> Session: Class initialized using 'CodeIgniter\Session\Handlers\FileHandler' driver.
DEBUG - 2025-06-16 07:55:09 --> User IP: ::1
DEBUG - 2025-06-16 07:55:12 --> User IP: ::1
DEBUG - 2025-06-16 07:55:16 --> User IP: ::1
DEBUG - 2025-06-16 08:00:55 --> User IP: ::1
DEBUG - 2025-06-16 08:00:55 --> Session: Class initialized using 'CodeIgniter\Session\Handlers\FileHandler' driver.
DEBUG - 2025-06-16 08:00:55 --> User IP: ::1
DEBUG - 2025-06-16 08:00:58 --> User IP: ::1
DEBUG - 2025-06-16 08:01:01 --> User IP: ::1
DEBUG - 2025-06-16 08:04:04 --> User IP: ::1
DEBUG - 2025-06-16 08:04:04 --> Session: Class initialized using 'CodeIgniter\Session\Handlers\FileHandler' driver.
DEBUG - 2025-06-16 08:04:04 --> User IP: ::1
DEBUG - 2025-06-16 08:04:08 --> User IP: ::1
DEBUG - 2025-06-16 08:04:11 --> User IP: ::1
DEBUG - 2025-06-16 08:04:55 --> User IP: ::1
DEBUG - 2025-06-16 08:04:55 --> Session: Class initialized using 'CodeIgniter\Session\Handlers\FileHandler' driver.
DEBUG - 2025-06-16 08:04:55 --> User IP: ::1
DEBUG - 2025-06-16 08:04:58 --> User IP: ::1
DEBUG - 2025-06-16 08:05:00 --> User IP: ::1
DEBUG - 2025-06-16 08:05:44 --> User IP: ::1
DEBUG - 2025-06-16 08:05:46 --> User IP: ::1
DEBUG - 2025-06-16 08:06:29 --> User IP: ::1
DEBUG - 2025-06-16 08:06:29 --> Session: Class initialized using 'CodeIgniter\Session\Handlers\FileHandler' driver.
DEBUG - 2025-06-16 08:06:29 --> User IP: ::1
DEBUG - 2025-06-16 08:06:32 --> User IP: ::1
DEBUG - 2025-06-16 08:06:39 --> User IP: ::1
DEBUG - 2025-06-16 08:07:08 --> User IP: ::1
DEBUG - 2025-06-16 08:07:15 --> User IP: ::1
DEBUG - 2025-06-16 08:07:18 --> User IP: ::1
DEBUG - 2025-06-16 11:21:12 --> User IP: ::1
DEBUG - 2025-06-16 11:21:12 --> Session: Class initialized using 'CodeIgniter\Session\Handlers\FileHandler' driver.
DEBUG - 2025-06-16 11:21:12 --> User IP: ::1
DEBUG - 2025-06-16 11:21:17 --> User IP: ::1
DEBUG - 2025-06-16 11:21:22 --> User IP: ::1
DEBUG - 2025-06-16 11:21:48 --> User IP: ::1
DEBUG - 2025-06-16 11:25:17 --> User IP: ::1
DEBUG - 2025-06-16 11:25:17 --> Session: Class initialized using 'CodeIgniter\Session\Handlers\FileHandler' driver.
DEBUG - 2025-06-16 11:25:17 --> User IP: ::1
DEBUG - 2025-06-16 11:25:23 --> User IP: ::1
DEBUG - 2025-06-16 11:33:27 --> User IP: ::1
DEBUG - 2025-06-16 11:33:27 --> Session: Class initialized using 'CodeIgniter\Session\Handlers\FileHandler' driver.
DEBUG - 2025-06-16 11:33:27 --> User IP: ::1
DEBUG - 2025-06-16 11:33:30 --> User IP: ::1
DEBUG - 2025-06-16 11:33:32 --> User IP: ::1
DEBUG - 2025-06-16 11:33:43 --> User IP: ::1
DEBUG - 2025-06-16 11:40:05 --> User IP: ::1
DEBUG - 2025-06-16 11:40:05 --> Session: Class initialized using 'CodeIgniter\Session\Handlers\FileHandler' driver.
DEBUG - 2025-06-16 11:40:05 --> User IP: ::1
DEBUG - 2025-06-16 11:40:09 --> User IP: ::1
DEBUG - 2025-06-16 11:40:11 --> User IP: ::1
DEBUG - 2025-06-16 11:40:21 --> User IP: ::1
DEBUG - 2025-06-16 11:40:30 --> User IP: ::1
DEBUG - 2025-06-16 11:40:33 --> User IP: ::1
DEBUG - 2025-06-16 11:40:50 --> User IP: ::1
DEBUG - 2025-06-16 12:26:37 --> User IP: ::1
DEBUG - 2025-06-16 12:26:37 --> Session: Class initialized using 'CodeIgniter\Session\Handlers\FileHandler' driver.
DEBUG - 2025-06-16 12:26:37 --> User IP: ::1
DEBUG - 2025-06-16 12:27:26 --> User IP: ::1
DEBUG - 2025-06-16 12:27:26 --> Session: Class initialized using 'CodeIgniter\Session\Handlers\FileHandler' driver.
DEBUG - 2025-06-16 12:27:26 --> User IP: ::1
DEBUG - 2025-06-16 12:27:51 --> User IP: ::1
DEBUG - 2025-06-16 12:27:51 --> Session: Class initialized using 'CodeIgniter\Session\Handlers\FileHandler' driver.
DEBUG - 2025-06-16 12:27:51 --> User IP: ::1
DEBUG - 2025-06-16 12:28:08 --> User IP: ::1
DEBUG - 2025-06-16 12:28:08 --> Session: Class initialized using 'CodeIgniter\Session\Handlers\FileHandler' driver.
DEBUG - 2025-06-16 12:28:08 --> User IP: ::1
DEBUG - 2025-06-16 12:28:20 --> User IP: ::1
DEBUG - 2025-06-16 12:31:36 --> User IP: ::1
DEBUG - 2025-06-16 12:31:36 --> Session: Class initialized using 'CodeIgniter\Session\Handlers\FileHandler' driver.
DEBUG - 2025-06-16 12:31:36 --> User IP: ::1
DEBUG - 2025-06-16 12:31:59 --> User IP: ::1
DEBUG - 2025-06-16 12:32:03 --> User IP: ::1
DEBUG - 2025-06-16 12:32:45 --> User IP: ::1
DEBUG - 2025-06-16 12:32:45 --> Session: Class initialized using 'CodeIgniter\Session\Handlers\FileHandler' driver.
DEBUG - 2025-06-16 12:32:46 --> User IP: ::1
DEBUG - 2025-06-16 12:33:48 --> User IP: ::1
DEBUG - 2025-06-16 12:34:10 --> User IP: ::1
DEBUG - 2025-06-16 12:34:45 --> User IP: ::1
DEBUG - 2025-06-16 12:36:09 --> User IP: ::1
DEBUG - 2025-06-16 12:36:11 --> User IP: ::1
DEBUG - 2025-06-16 12:39:00 --> User IP: ::1
DEBUG - 2025-06-16 12:39:04 --> User IP: ::1
DEBUG - 2025-06-16 12:39:12 --> User IP: ::1
DEBUG - 2025-06-16 12:39:15 --> User IP: ::1
DEBUG - 2025-06-16 12:39:19 --> User IP: ::1
DEBUG - 2025-06-16 12:39:24 --> User IP: ::1
DEBUG - 2025-06-16 12:39:26 --> User IP: ::1
DEBUG - 2025-06-16 12:39:28 --> User IP: ::1
DEBUG - 2025-06-16 12:45:32 --> User IP: ::1
DEBUG - 2025-06-16 12:45:33 --> User IP: ::1
DEBUG - 2025-06-16 12:46:33 --> User IP: ::1
DEBUG - 2025-06-16 12:46:33 --> Session: Class initialized using 'CodeIgniter\Session\Handlers\FileHandler' driver.
DEBUG - 2025-06-16 12:46:33 --> User IP: ::1
DEBUG - 2025-06-16 12:46:39 --> User IP: ::1
DEBUG - 2025-06-16 12:46:41 --> User IP: ::1
DEBUG - 2025-06-16 12:46:48 --> User IP: ::1
DEBUG - 2025-06-16 12:46:49 --> User IP: ::1
DEBUG - 2025-06-16 12:46:57 --> User IP: ::1
DEBUG - 2025-06-16 12:46:57 --> User IP: ::1
DEBUG - 2025-06-16 12:48:28 --> User IP: ::1
DEBUG - 2025-06-16 12:48:28 --> Session: Class initialized using 'CodeIgniter\Session\Handlers\FileHandler' driver.
DEBUG - 2025-06-16 12:48:28 --> User IP: ::1
DEBUG - 2025-06-16 12:48:32 --> User IP: ::1
DEBUG - 2025-06-16 12:48:34 --> User IP: ::1
DEBUG - 2025-06-16 12:48:46 --> User IP: ::1
DEBUG - 2025-06-16 12:48:46 --> User IP: ::1
DEBUG - 2025-06-16 13:03:44 --> User IP: ::1
DEBUG - 2025-06-16 13:03:47 --> User IP: ::1
DEBUG - 2025-06-16 13:04:42 --> User IP: ::1
DEBUG - 2025-06-16 13:04:42 --> Session: Class initialized using 'CodeIgniter\Session\Handlers\FileHandler' driver.
DEBUG - 2025-06-16 13:04:43 --> User IP: ::1
