DEBUG - 2025-03-31 04:07:07 --> User IP: ::1
DEBUG - 2025-03-31 04:07:07 --> Session: Class initialized using 'CodeIgniter\Session\Handlers\FileHandler' driver.
DEBUG - 2025-03-31 04:08:22 --> User IP: ::1
DEBUG - 2025-03-31 04:08:22 --> Session: Class initialized using 'CodeIgniter\Session\Handlers\FileHandler' driver.
DEBUG - 2025-03-31 04:08:22 --> User IP: ::1
DEBUG - 2025-03-31 04:08:22 --> Session: Class initialized using 'CodeIgniter\Session\Handlers\FileHandler' driver.
DEBUG - 2025-03-31 04:08:26 --> User IP: ::1
DEBUG - 2025-03-31 04:08:26 --> Session: Class initialized using 'CodeIgniter\Session\Handlers\FileHandler' driver.
DEBUG - 2025-03-31 04:08:27 --> User IP: ::1
DEBUG - 2025-03-31 04:08:27 --> Session: Class initialized using 'CodeIgniter\Session\Handlers\FileHandler' driver.
DEBUG - 2025-03-31 04:08:34 --> User IP: ::1
DEBUG - 2025-03-31 04:08:34 --> Session: Class initialized using 'CodeIgniter\Session\Handlers\FileHandler' driver.
DEBUG - 2025-03-31 04:08:42 --> User IP: ::1
DEBUG - 2025-03-31 04:08:42 --> Session: Class initialized using 'CodeIgniter\Session\Handlers\FileHandler' driver.
DEBUG - 2025-03-31 04:08:42 --> User IP: ::1
DEBUG - 2025-03-31 04:08:42 --> Session: Class initialized using 'CodeIgniter\Session\Handlers\FileHandler' driver.
DEBUG - 2025-03-31 04:08:48 --> User IP: ::1
DEBUG - 2025-03-31 04:08:50 --> User IP: ::1
DEBUG - 2025-03-31 04:10:02 --> User IP: ::1
DEBUG - 2025-03-31 04:10:02 --> Session: Class initialized using 'CodeIgniter\Session\Handlers\FileHandler' driver.
DEBUG - 2025-03-31 04:18:09 --> User IP: ::1
DEBUG - 2025-03-31 04:18:09 --> Session: Class initialized using 'CodeIgniter\Session\Handlers\FileHandler' driver.
CRITICAL - 2025-03-31 04:18:09 --> ErrorException: Undefined variable $months
[Method: GET, Route: demo]
in APPPATH\Views\requirments\EmployeeAttendance.php on line 25.
 1 APPPATH\Views\requirments\EmployeeAttendance.php(25): CodeIgniter\Debug\Exceptions->errorHandler(2, 'Undefined variable $months', 'C:\\xampp\\htdocs\\gighz\\app\\Views\\requirments\\EmployeeAttendance.php', 25)
 2 SYSTEMPATH\View\View.php(234): include('C:\\xampp\\htdocs\\gighz\\app\\Views\\requirments\\EmployeeAttendance.php')
 3 SYSTEMPATH\View\View.php(237): CodeIgniter\View\View->CodeIgniter\View\{closure}()
 4 SYSTEMPATH\Common.php(1171): CodeIgniter\View\View->render('requirments/EmployeeAttendance', [], true)
 5 APPPATH\Controllers\Dashboard.php(91): view('requirments/EmployeeAttendance', [...])
 6 SYSTEMPATH\CodeIgniter.php(933): App\Controllers\Dashboard->demo()
 7 SYSTEMPATH\CodeIgniter.php(509): CodeIgniter\CodeIgniter->runController(Object(App\Controllers\Dashboard))
 8 SYSTEMPATH\CodeIgniter.php(355): CodeIgniter\CodeIgniter->handleRequest(null, Object(Config\Cache), false)
 9 SYSTEMPATH\Boot.php(334): CodeIgniter\CodeIgniter->run()
10 SYSTEMPATH\Boot.php(67): CodeIgniter\Boot::runCodeIgniter(Object(CodeIgniter\CodeIgniter))
11 FCPATH\index.php(56): CodeIgniter\Boot::bootWeb(Object(Config\Paths))
12 SYSTEMPATH\rewrite.php(44): require_once('C:\\xampp\\htdocs\\gighz\\public\\index.php')
DEBUG - 2025-03-31 04:18:45 --> User IP: ::1
DEBUG - 2025-03-31 04:18:45 --> Session: Class initialized using 'CodeIgniter\Session\Handlers\FileHandler' driver.
DEBUG - 2025-03-31 04:19:05 --> User IP: ::1
DEBUG - 2025-03-31 04:19:05 --> User ID: 23, Date: 2025-03-25
DEBUG - 2025-03-31 04:19:15 --> User IP: ::1
DEBUG - 2025-03-31 04:19:15 --> Session: Class initialized using 'CodeIgniter\Session\Handlers\FileHandler' driver.
DEBUG - 2025-03-31 04:22:23 --> User IP: ::1
DEBUG - 2025-03-31 04:22:23 --> Session: Class initialized using 'CodeIgniter\Session\Handlers\FileHandler' driver.
DEBUG - 2025-03-31 04:22:24 --> User IP: ::1
DEBUG - 2025-03-31 04:22:24 --> Session: Class initialized using 'CodeIgniter\Session\Handlers\FileHandler' driver.
DEBUG - 2025-03-31 04:22:29 --> User IP: ::1
DEBUG - 2025-03-31 04:22:29 --> Session: Class initialized using 'CodeIgniter\Session\Handlers\FileHandler' driver.
DEBUG - 2025-03-31 04:22:57 --> User IP: ::1
DEBUG - 2025-03-31 04:22:57 --> User ID: 23, Date: 2025-03-22
DEBUG - 2025-03-31 04:23:04 --> User IP: ::1
DEBUG - 2025-03-31 04:23:04 --> User ID: 23, Date: 2025-03-23
DEBUG - 2025-03-31 04:23:07 --> User IP: ::1
DEBUG - 2025-03-31 04:23:07 --> User ID: 23, Date: 2025-03-22
DEBUG - 2025-03-31 04:23:17 --> User IP: ::1
DEBUG - 2025-03-31 04:23:17 --> User ID: 23, Date: 2025-03-20
DEBUG - 2025-03-31 04:23:19 --> User IP: ::1
DEBUG - 2025-03-31 04:23:19 --> User ID: 23, Date: 2025-03-19
DEBUG - 2025-03-31 04:23:23 --> User IP: ::1
DEBUG - 2025-03-31 04:23:23 --> User ID: 23, Date: 2025-03-17
DEBUG - 2025-03-31 04:23:26 --> User IP: ::1
DEBUG - 2025-03-31 04:23:26 --> User ID: 23, Date: 2025-03-21
DEBUG - 2025-03-31 04:23:31 --> User IP: ::1
DEBUG - 2025-03-31 04:23:31 --> User ID: 23, Date: 2025-03-22
DEBUG - 2025-03-31 04:47:20 --> User IP: ::1
DEBUG - 2025-03-31 04:47:20 --> Session: Class initialized using 'CodeIgniter\Session\Handlers\FileHandler' driver.
DEBUG - 2025-03-31 04:47:31 --> User IP: ::1
DEBUG - 2025-03-31 04:47:31 --> Session: Class initialized using 'CodeIgniter\Session\Handlers\FileHandler' driver.
DEBUG - 2025-03-31 04:47:34 --> User IP: ::1
DEBUG - 2025-03-31 04:47:34 --> Session: Class initialized using 'CodeIgniter\Session\Handlers\FileHandler' driver.
DEBUG - 2025-03-31 04:47:51 --> User IP: ::1
DEBUG - 2025-03-31 04:47:51 --> Session: Class initialized using 'CodeIgniter\Session\Handlers\FileHandler' driver.
DEBUG - 2025-03-31 04:48:00 --> User IP: ::1
DEBUG - 2025-03-31 04:48:00 --> Session: Class initialized using 'CodeIgniter\Session\Handlers\FileHandler' driver.
DEBUG - 2025-03-31 04:48:07 --> User IP: ::1
DEBUG - 2025-03-31 04:48:07 --> Session: Class initialized using 'CodeIgniter\Session\Handlers\FileHandler' driver.
DEBUG - 2025-03-31 04:48:17 --> User IP: ::1
DEBUG - 2025-03-31 04:48:17 --> Session: Class initialized using 'CodeIgniter\Session\Handlers\FileHandler' driver.
DEBUG - 2025-03-31 04:48:18 --> User IP: ::1
DEBUG - 2025-03-31 04:48:18 --> Session: Class initialized using 'CodeIgniter\Session\Handlers\FileHandler' driver.
DEBUG - 2025-03-31 04:48:53 --> User IP: ::1
DEBUG - 2025-03-31 04:48:53 --> Session: Class initialized using 'CodeIgniter\Session\Handlers\FileHandler' driver.
DEBUG - 2025-03-31 04:49:02 --> User IP: ::1
DEBUG - 2025-03-31 04:49:02 --> Session: Class initialized using 'CodeIgniter\Session\Handlers\FileHandler' driver.
DEBUG - 2025-03-31 04:50:41 --> User IP: ::1
DEBUG - 2025-03-31 04:50:41 --> Session: Class initialized using 'CodeIgniter\Session\Handlers\FileHandler' driver.
DEBUG - 2025-03-31 04:50:42 --> User IP: ::1
DEBUG - 2025-03-31 04:50:42 --> Session: Class initialized using 'CodeIgniter\Session\Handlers\FileHandler' driver.
DEBUG - 2025-03-31 04:50:51 --> User IP: ::1
DEBUG - 2025-03-31 04:50:51 --> Session: Class initialized using 'CodeIgniter\Session\Handlers\FileHandler' driver.
DEBUG - 2025-03-31 04:50:52 --> User IP: ::1
DEBUG - 2025-03-31 04:50:53 --> Session: Class initialized using 'CodeIgniter\Session\Handlers\FileHandler' driver.
DEBUG - 2025-03-31 04:51:07 --> User IP: ::1
DEBUG - 2025-03-31 04:51:08 --> Session: Class initialized using 'CodeIgniter\Session\Handlers\FileHandler' driver.
DEBUG - 2025-03-31 04:51:09 --> User IP: ::1
DEBUG - 2025-03-31 04:51:09 --> Session: Class initialized using 'CodeIgniter\Session\Handlers\FileHandler' driver.
DEBUG - 2025-03-31 04:51:24 --> User IP: ::1
DEBUG - 2025-03-31 04:51:24 --> Session: Class initialized using 'CodeIgniter\Session\Handlers\FileHandler' driver.
DEBUG - 2025-03-31 04:51:47 --> User IP: ::1
DEBUG - 2025-03-31 04:51:47 --> Session: Class initialized using 'CodeIgniter\Session\Handlers\FileHandler' driver.
DEBUG - 2025-03-31 04:52:31 --> User IP: ::1
DEBUG - 2025-03-31 04:52:31 --> Session: Class initialized using 'CodeIgniter\Session\Handlers\FileHandler' driver.
DEBUG - 2025-03-31 04:52:46 --> User IP: ::1
DEBUG - 2025-03-31 04:52:46 --> Session: Class initialized using 'CodeIgniter\Session\Handlers\FileHandler' driver.
DEBUG - 2025-03-31 04:52:50 --> User IP: ::1
DEBUG - 2025-03-31 04:52:50 --> Session: Class initialized using 'CodeIgniter\Session\Handlers\FileHandler' driver.
DEBUG - 2025-03-31 04:52:51 --> User IP: ::1
DEBUG - 2025-03-31 04:52:51 --> Session: Class initialized using 'CodeIgniter\Session\Handlers\FileHandler' driver.
DEBUG - 2025-03-31 04:52:56 --> User IP: ::1
DEBUG - 2025-03-31 04:52:56 --> Session: Class initialized using 'CodeIgniter\Session\Handlers\FileHandler' driver.
DEBUG - 2025-03-31 04:52:57 --> User IP: ::1
DEBUG - 2025-03-31 04:52:57 --> Session: Class initialized using 'CodeIgniter\Session\Handlers\FileHandler' driver.
DEBUG - 2025-03-31 04:57:06 --> User IP: ::1
DEBUG - 2025-03-31 04:57:06 --> Session: Class initialized using 'CodeIgniter\Session\Handlers\FileHandler' driver.
DEBUG - 2025-03-31 04:59:00 --> User IP: ::1
DEBUG - 2025-03-31 04:59:00 --> Session: Class initialized using 'CodeIgniter\Session\Handlers\FileHandler' driver.
DEBUG - 2025-03-31 04:59:02 --> User IP: ::1
DEBUG - 2025-03-31 04:59:02 --> Session: Class initialized using 'CodeIgniter\Session\Handlers\FileHandler' driver.
DEBUG - 2025-03-31 04:59:03 --> User IP: ::1
DEBUG - 2025-03-31 04:59:03 --> Session: Class initialized using 'CodeIgniter\Session\Handlers\FileHandler' driver.
DEBUG - 2025-03-31 04:59:04 --> User IP: ::1
DEBUG - 2025-03-31 04:59:04 --> Session: Class initialized using 'CodeIgniter\Session\Handlers\FileHandler' driver.
DEBUG - 2025-03-31 05:00:44 --> User IP: ::1
DEBUG - 2025-03-31 05:00:44 --> User ID: 23, Date: 2025-03-19
DEBUG - 2025-03-31 05:02:20 --> User IP: ::1
DEBUG - 2025-03-31 05:02:20 --> Session: Class initialized using 'CodeIgniter\Session\Handlers\FileHandler' driver.
DEBUG - 2025-03-31 05:02:31 --> User IP: ::1
DEBUG - 2025-03-31 05:02:31 --> Session: Class initialized using 'CodeIgniter\Session\Handlers\FileHandler' driver.
DEBUG - 2025-03-31 05:03:56 --> User IP: ::1
DEBUG - 2025-03-31 05:03:56 --> User ID: 23, Date: 2025-03-26
DEBUG - 2025-03-31 05:04:00 --> User IP: ::1
DEBUG - 2025-03-31 05:04:00 --> User ID: 23, Date: 2025-03-26
DEBUG - 2025-03-31 05:06:45 --> User IP: ::1
DEBUG - 2025-03-31 05:06:45 --> User ID: 23, Date: 2025-03-25
DEBUG - 2025-03-31 05:07:46 --> User IP: ::1
DEBUG - 2025-03-31 05:07:46 --> Session: Class initialized using 'CodeIgniter\Session\Handlers\FileHandler' driver.
DEBUG - 2025-03-31 05:07:48 --> User IP: ::1
DEBUG - 2025-03-31 05:07:48 --> Session: Class initialized using 'CodeIgniter\Session\Handlers\FileHandler' driver.
DEBUG - 2025-03-31 05:08:18 --> User IP: ::1
DEBUG - 2025-03-31 05:08:18 --> Session: Class initialized using 'CodeIgniter\Session\Handlers\FileHandler' driver.
DEBUG - 2025-03-31 05:08:23 --> User IP: ::1
DEBUG - 2025-03-31 05:08:23 --> Session: Class initialized using 'CodeIgniter\Session\Handlers\FileHandler' driver.
DEBUG - 2025-03-31 05:08:26 --> User IP: ::1
DEBUG - 2025-03-31 05:08:26 --> Session: Class initialized using 'CodeIgniter\Session\Handlers\FileHandler' driver.
DEBUG - 2025-03-31 07:30:27 --> User IP: ::1
DEBUG - 2025-03-31 07:30:27 --> Session: Class initialized using 'CodeIgniter\Session\Handlers\FileHandler' driver.
DEBUG - 2025-03-31 07:30:28 --> User IP: ::1
DEBUG - 2025-03-31 07:30:28 --> Session: Class initialized using 'CodeIgniter\Session\Handlers\FileHandler' driver.
DEBUG - 2025-03-31 07:30:29 --> User IP: ::1
DEBUG - 2025-03-31 07:30:29 --> Session: Class initialized using 'CodeIgniter\Session\Handlers\FileHandler' driver.
DEBUG - 2025-03-31 07:30:36 --> User IP: ::1
DEBUG - 2025-03-31 07:30:37 --> Session: Class initialized using 'CodeIgniter\Session\Handlers\FileHandler' driver.
DEBUG - 2025-03-31 07:30:37 --> User IP: ::1
DEBUG - 2025-03-31 07:30:37 --> Session: Class initialized using 'CodeIgniter\Session\Handlers\FileHandler' driver.
DEBUG - 2025-03-31 07:30:45 --> User IP: ::1
DEBUG - 2025-03-31 07:30:45 --> Session: Class initialized using 'CodeIgniter\Session\Handlers\FileHandler' driver.
DEBUG - 2025-03-31 07:30:45 --> User IP: ::1
DEBUG - 2025-03-31 07:30:45 --> Session: Class initialized using 'CodeIgniter\Session\Handlers\FileHandler' driver.
DEBUG - 2025-03-31 07:30:52 --> User IP: ::1
DEBUG - 2025-03-31 07:30:52 --> Session: Class initialized using 'CodeIgniter\Session\Handlers\FileHandler' driver.
DEBUG - 2025-03-31 07:30:52 --> User IP: ::1
DEBUG - 2025-03-31 07:30:52 --> Session: Class initialized using 'CodeIgniter\Session\Handlers\FileHandler' driver.
DEBUG - 2025-03-31 07:31:24 --> User IP: ::1
DEBUG - 2025-03-31 07:31:24 --> Session: Class initialized using 'CodeIgniter\Session\Handlers\FileHandler' driver.
DEBUG - 2025-03-31 07:31:40 --> User IP: ::1
DEBUG - 2025-03-31 07:31:40 --> Session: Class initialized using 'CodeIgniter\Session\Handlers\FileHandler' driver.
DEBUG - 2025-03-31 07:43:21 --> User IP: ::1
DEBUG - 2025-03-31 07:43:21 --> Session: Class initialized using 'CodeIgniter\Session\Handlers\FileHandler' driver.
DEBUG - 2025-03-31 07:48:07 --> User IP: ::1
DEBUG - 2025-03-31 07:48:07 --> Session: Class initialized using 'CodeIgniter\Session\Handlers\FileHandler' driver.
DEBUG - 2025-03-31 07:49:16 --> User IP: ::1
DEBUG - 2025-03-31 07:49:16 --> Session: Class initialized using 'CodeIgniter\Session\Handlers\FileHandler' driver.
DEBUG - 2025-03-31 07:49:48 --> User IP: ::1
DEBUG - 2025-03-31 07:49:48 --> Session: Class initialized using 'CodeIgniter\Session\Handlers\FileHandler' driver.
DEBUG - 2025-03-31 07:55:57 --> User IP: ::1
DEBUG - 2025-03-31 07:55:57 --> Session: Class initialized using 'CodeIgniter\Session\Handlers\FileHandler' driver.
DEBUG - 2025-03-31 07:56:40 --> User IP: ::1
DEBUG - 2025-03-31 07:56:40 --> Session: Class initialized using 'CodeIgniter\Session\Handlers\FileHandler' driver.
DEBUG - 2025-03-31 07:57:32 --> User IP: ::1
DEBUG - 2025-03-31 07:57:32 --> Session: Class initialized using 'CodeIgniter\Session\Handlers\FileHandler' driver.
DEBUG - 2025-03-31 08:08:38 --> User IP: ::1
DEBUG - 2025-03-31 08:08:38 --> Session: Class initialized using 'CodeIgniter\Session\Handlers\FileHandler' driver.
DEBUG - 2025-03-31 08:11:54 --> User IP: ::1
DEBUG - 2025-03-31 08:11:54 --> Session: Class initialized using 'CodeIgniter\Session\Handlers\FileHandler' driver.
DEBUG - 2025-03-31 08:12:00 --> User IP: ::1
DEBUG - 2025-03-31 08:12:00 --> User ID: 23, Date: 2025-03-26
DEBUG - 2025-03-31 08:13:37 --> User IP: ::1
DEBUG - 2025-03-31 08:13:37 --> Session: Class initialized using 'CodeIgniter\Session\Handlers\FileHandler' driver.
CRITICAL - 2025-03-31 08:13:37 --> ErrorException: Undefined array key "work_status"
[Method: GET, Route: demo]
in APPPATH\Views\requirments\EmployeeAttendance.php on line 84.
 1 APPPATH\Views\requirments\EmployeeAttendance.php(84): CodeIgniter\Debug\Exceptions->errorHandler(2, 'Undefined array key "work_status"', 'C:\\xampp\\htdocs\\gighz\\app\\Views\\requirments\\EmployeeAttendance.php', 84)
 2 SYSTEMPATH\View\View.php(234): include('C:\\xampp\\htdocs\\gighz\\app\\Views\\requirments\\EmployeeAttendance.php')
 3 SYSTEMPATH\View\View.php(237): CodeIgniter\View\View->CodeIgniter\View\{closure}()
 4 SYSTEMPATH\Common.php(1171): CodeIgniter\View\View->render('requirments/EmployeeAttendance', [], true)
 5 APPPATH\Controllers\Dashboard.php(91): view('requirments/EmployeeAttendance', [...])
 6 SYSTEMPATH\CodeIgniter.php(933): App\Controllers\Dashboard->demo()
 7 SYSTEMPATH\CodeIgniter.php(509): CodeIgniter\CodeIgniter->runController(Object(App\Controllers\Dashboard))
 8 SYSTEMPATH\CodeIgniter.php(355): CodeIgniter\CodeIgniter->handleRequest(null, Object(Config\Cache), false)
 9 SYSTEMPATH\Boot.php(334): CodeIgniter\CodeIgniter->run()
10 SYSTEMPATH\Boot.php(67): CodeIgniter\Boot::runCodeIgniter(Object(CodeIgniter\CodeIgniter))
11 FCPATH\index.php(56): CodeIgniter\Boot::bootWeb(Object(Config\Paths))
12 SYSTEMPATH\rewrite.php(44): require_once('C:\\xampp\\htdocs\\gighz\\public\\index.php')
DEBUG - 2025-03-31 08:14:56 --> User IP: ::1
DEBUG - 2025-03-31 08:14:56 --> Session: Class initialized using 'CodeIgniter\Session\Handlers\FileHandler' driver.
CRITICAL - 2025-03-31 08:14:56 --> ErrorException: Undefined variable $workStatus
[Method: GET, Route: demo]
in APPPATH\Views\requirments\EmployeeAttendance.php on line 84.
 1 APPPATH\Views\requirments\EmployeeAttendance.php(84): CodeIgniter\Debug\Exceptions->errorHandler(2, 'Undefined variable $workStatus', 'C:\\xampp\\htdocs\\gighz\\app\\Views\\requirments\\EmployeeAttendance.php', 84)
 2 SYSTEMPATH\View\View.php(234): include('C:\\xampp\\htdocs\\gighz\\app\\Views\\requirments\\EmployeeAttendance.php')
 3 SYSTEMPATH\View\View.php(237): CodeIgniter\View\View->CodeIgniter\View\{closure}()
 4 SYSTEMPATH\Common.php(1171): CodeIgniter\View\View->render('requirments/EmployeeAttendance', [], true)
 5 APPPATH\Controllers\Dashboard.php(91): view('requirments/EmployeeAttendance', [...])
 6 SYSTEMPATH\CodeIgniter.php(933): App\Controllers\Dashboard->demo()
 7 SYSTEMPATH\CodeIgniter.php(509): CodeIgniter\CodeIgniter->runController(Object(App\Controllers\Dashboard))
 8 SYSTEMPATH\CodeIgniter.php(355): CodeIgniter\CodeIgniter->handleRequest(null, Object(Config\Cache), false)
 9 SYSTEMPATH\Boot.php(334): CodeIgniter\CodeIgniter->run()
10 SYSTEMPATH\Boot.php(67): CodeIgniter\Boot::runCodeIgniter(Object(CodeIgniter\CodeIgniter))
11 FCPATH\index.php(56): CodeIgniter\Boot::bootWeb(Object(Config\Paths))
12 SYSTEMPATH\rewrite.php(44): require_once('C:\\xampp\\htdocs\\gighz\\public\\index.php')
DEBUG - 2025-03-31 08:19:02 --> User IP: ::1
DEBUG - 2025-03-31 08:19:02 --> Session: Class initialized using 'CodeIgniter\Session\Handlers\FileHandler' driver.
CRITICAL - 2025-03-31 08:19:02 --> TypeError: Cannot access offset of type string on string
[Method: GET, Route: demo]
in APPPATH\Views\requirments\EmployeeAttendance.php on line 84.
 1 SYSTEMPATH\View\View.php(234): include()
 2 SYSTEMPATH\View\View.php(237): CodeIgniter\View\View->CodeIgniter\View\{closure}()
 3 SYSTEMPATH\Common.php(1171): CodeIgniter\View\View->render('requirments/EmployeeAttendance', [], true)
 4 APPPATH\Controllers\Dashboard.php(91): view('requirments/EmployeeAttendance', [...])
 5 SYSTEMPATH\CodeIgniter.php(933): App\Controllers\Dashboard->demo()
 6 SYSTEMPATH\CodeIgniter.php(509): CodeIgniter\CodeIgniter->runController(Object(App\Controllers\Dashboard))
 7 SYSTEMPATH\CodeIgniter.php(355): CodeIgniter\CodeIgniter->handleRequest(null, Object(Config\Cache), false)
 8 SYSTEMPATH\Boot.php(334): CodeIgniter\CodeIgniter->run()
 9 SYSTEMPATH\Boot.php(67): CodeIgniter\Boot::runCodeIgniter(Object(CodeIgniter\CodeIgniter))
10 FCPATH\index.php(56): CodeIgniter\Boot::bootWeb(Object(Config\Paths))
11 SYSTEMPATH\rewrite.php(44): require_once('C:\\xampp\\htdocs\\gighz\\public\\index.php')
DEBUG - 2025-03-31 08:19:38 --> User IP: ::1
DEBUG - 2025-03-31 08:19:38 --> Session: Class initialized using 'CodeIgniter\Session\Handlers\FileHandler' driver.
CRITICAL - 2025-03-31 08:19:38 --> TypeError: Cannot access offset of type string on string
[Method: GET, Route: demo]
in APPPATH\Views\requirments\EmployeeAttendance.php on line 84.
 1 SYSTEMPATH\View\View.php(234): include()
 2 SYSTEMPATH\View\View.php(237): CodeIgniter\View\View->CodeIgniter\View\{closure}()
 3 SYSTEMPATH\Common.php(1171): CodeIgniter\View\View->render('requirments/EmployeeAttendance', [], true)
 4 APPPATH\Controllers\Dashboard.php(91): view('requirments/EmployeeAttendance', [...])
 5 SYSTEMPATH\CodeIgniter.php(933): App\Controllers\Dashboard->demo()
 6 SYSTEMPATH\CodeIgniter.php(509): CodeIgniter\CodeIgniter->runController(Object(App\Controllers\Dashboard))
 7 SYSTEMPATH\CodeIgniter.php(355): CodeIgniter\CodeIgniter->handleRequest(null, Object(Config\Cache), false)
 8 SYSTEMPATH\Boot.php(334): CodeIgniter\CodeIgniter->run()
 9 SYSTEMPATH\Boot.php(67): CodeIgniter\Boot::runCodeIgniter(Object(CodeIgniter\CodeIgniter))
10 FCPATH\index.php(56): CodeIgniter\Boot::bootWeb(Object(Config\Paths))
11 SYSTEMPATH\rewrite.php(44): require_once('C:\\xampp\\htdocs\\gighz\\public\\index.php')
DEBUG - 2025-03-31 08:19:39 --> User IP: ::1
DEBUG - 2025-03-31 08:19:39 --> Session: Class initialized using 'CodeIgniter\Session\Handlers\FileHandler' driver.
CRITICAL - 2025-03-31 08:19:39 --> TypeError: Cannot access offset of type string on string
[Method: GET, Route: demo]
in APPPATH\Views\requirments\EmployeeAttendance.php on line 84.
 1 SYSTEMPATH\View\View.php(234): include()
 2 SYSTEMPATH\View\View.php(237): CodeIgniter\View\View->CodeIgniter\View\{closure}()
 3 SYSTEMPATH\Common.php(1171): CodeIgniter\View\View->render('requirments/EmployeeAttendance', [], true)
 4 APPPATH\Controllers\Dashboard.php(91): view('requirments/EmployeeAttendance', [...])
 5 SYSTEMPATH\CodeIgniter.php(933): App\Controllers\Dashboard->demo()
 6 SYSTEMPATH\CodeIgniter.php(509): CodeIgniter\CodeIgniter->runController(Object(App\Controllers\Dashboard))
 7 SYSTEMPATH\CodeIgniter.php(355): CodeIgniter\CodeIgniter->handleRequest(null, Object(Config\Cache), false)
 8 SYSTEMPATH\Boot.php(334): CodeIgniter\CodeIgniter->run()
 9 SYSTEMPATH\Boot.php(67): CodeIgniter\Boot::runCodeIgniter(Object(CodeIgniter\CodeIgniter))
10 FCPATH\index.php(56): CodeIgniter\Boot::bootWeb(Object(Config\Paths))
11 SYSTEMPATH\rewrite.php(44): require_once('C:\\xampp\\htdocs\\gighz\\public\\index.php')
DEBUG - 2025-03-31 08:20:11 --> User IP: ::1
CRITICAL - 2025-03-31 08:20:11 --> TypeError: Cannot access offset of type string on string
[Method: GET, Route: demo]
in APPPATH\Models\AttendanceModel.php on line 306.
 1 APPPATH\Controllers\Dashboard.php(80): App\Models\AttendanceModel->getEmployeesLeaves('GZ44', null, null)
 2 SYSTEMPATH\CodeIgniter.php(933): App\Controllers\Dashboard->demo()
 3 SYSTEMPATH\CodeIgniter.php(509): CodeIgniter\CodeIgniter->runController(Object(App\Controllers\Dashboard))
 4 SYSTEMPATH\CodeIgniter.php(355): CodeIgniter\CodeIgniter->handleRequest(null, Object(Config\Cache), false)
 5 SYSTEMPATH\Boot.php(334): CodeIgniter\CodeIgniter->run()
 6 SYSTEMPATH\Boot.php(67): CodeIgniter\Boot::runCodeIgniter(Object(CodeIgniter\CodeIgniter))
 7 FCPATH\index.php(56): CodeIgniter\Boot::bootWeb(Object(Config\Paths))
 8 SYSTEMPATH\rewrite.php(44): require_once('C:\\xampp\\htdocs\\gighz\\public\\index.php')
DEBUG - 2025-03-31 08:20:20 --> User IP: ::1
DEBUG - 2025-03-31 08:20:20 --> Session: Class initialized using 'CodeIgniter\Session\Handlers\FileHandler' driver.
DEBUG - 2025-03-31 08:20:33 --> User IP: ::1
CRITICAL - 2025-03-31 08:20:33 --> TypeError: Cannot access offset of type string on string
[Method: GET, Route: demo]
in APPPATH\Models\AttendanceModel.php on line 306.
 1 APPPATH\Controllers\Dashboard.php(80): App\Models\AttendanceModel->getEmployeesLeaves('GZ44', null, null)
 2 SYSTEMPATH\CodeIgniter.php(933): App\Controllers\Dashboard->demo()
 3 SYSTEMPATH\CodeIgniter.php(509): CodeIgniter\CodeIgniter->runController(Object(App\Controllers\Dashboard))
 4 SYSTEMPATH\CodeIgniter.php(355): CodeIgniter\CodeIgniter->handleRequest(null, Object(Config\Cache), false)
 5 SYSTEMPATH\Boot.php(334): CodeIgniter\CodeIgniter->run()
 6 SYSTEMPATH\Boot.php(67): CodeIgniter\Boot::runCodeIgniter(Object(CodeIgniter\CodeIgniter))
 7 FCPATH\index.php(56): CodeIgniter\Boot::bootWeb(Object(Config\Paths))
 8 SYSTEMPATH\rewrite.php(44): require_once('C:\\xampp\\htdocs\\gighz\\public\\index.php')
DEBUG - 2025-03-31 08:20:48 --> User IP: ::1
DEBUG - 2025-03-31 08:20:49 --> Session: Class initialized using 'CodeIgniter\Session\Handlers\FileHandler' driver.
DEBUG - 2025-03-31 08:23:49 --> User IP: ::1
DEBUG - 2025-03-31 08:23:49 --> Session: Class initialized using 'CodeIgniter\Session\Handlers\FileHandler' driver.
CRITICAL - 2025-03-31 08:23:49 --> TypeError: strpos(): Argument #1 ($haystack) must be of type string, array given
[Method: GET, Route: demo]
in APPPATH\Views\requirments\EmployeeAttendance.php on line 90.
 1 APPPATH\Views\requirments\EmployeeAttendance.php(90): strpos([...], 'Absent')
 2 SYSTEMPATH\View\View.php(234): include('C:\\xampp\\htdocs\\gighz\\app\\Views\\requirments\\EmployeeAttendance.php')
 3 SYSTEMPATH\View\View.php(237): CodeIgniter\View\View->CodeIgniter\View\{closure}()
 4 SYSTEMPATH\Common.php(1171): CodeIgniter\View\View->render('requirments/EmployeeAttendance', [], true)
 5 APPPATH\Controllers\Dashboard.php(91): view('requirments/EmployeeAttendance', [...])
 6 SYSTEMPATH\CodeIgniter.php(933): App\Controllers\Dashboard->demo()
 7 SYSTEMPATH\CodeIgniter.php(509): CodeIgniter\CodeIgniter->runController(Object(App\Controllers\Dashboard))
 8 SYSTEMPATH\CodeIgniter.php(355): CodeIgniter\CodeIgniter->handleRequest(null, Object(Config\Cache), false)
 9 SYSTEMPATH\Boot.php(334): CodeIgniter\CodeIgniter->run()
10 SYSTEMPATH\Boot.php(67): CodeIgniter\Boot::runCodeIgniter(Object(CodeIgniter\CodeIgniter))
11 FCPATH\index.php(56): CodeIgniter\Boot::bootWeb(Object(Config\Paths))
12 SYSTEMPATH\rewrite.php(44): require_once('C:\\xampp\\htdocs\\gighz\\public\\index.php')
DEBUG - 2025-03-31 08:24:04 --> User IP: ::1
DEBUG - 2025-03-31 08:24:04 --> Session: Class initialized using 'CodeIgniter\Session\Handlers\FileHandler' driver.
DEBUG - 2025-03-31 08:24:13 --> User IP: ::1
DEBUG - 2025-03-31 08:24:13 --> Session: Class initialized using 'CodeIgniter\Session\Handlers\FileHandler' driver.
DEBUG - 2025-03-31 08:24:46 --> User IP: ::1
DEBUG - 2025-03-31 08:24:47 --> Session: Class initialized using 'CodeIgniter\Session\Handlers\FileHandler' driver.
DEBUG - 2025-03-31 08:25:21 --> User IP: ::1
DEBUG - 2025-03-31 08:25:21 --> Session: Class initialized using 'CodeIgniter\Session\Handlers\FileHandler' driver.
CRITICAL - 2025-03-31 08:25:21 --> ErrorException: Undefined variable $color
[Method: GET, Route: demo]
in APPPATH\Views\requirments\EmployeeAttendance.php on line 94.
 1 APPPATH\Views\requirments\EmployeeAttendance.php(94): CodeIgniter\Debug\Exceptions->errorHandler(2, 'Undefined variable $color', 'C:\\xampp\\htdocs\\gighz\\app\\Views\\requirments\\EmployeeAttendance.php', 94)
 2 SYSTEMPATH\View\View.php(234): include('C:\\xampp\\htdocs\\gighz\\app\\Views\\requirments\\EmployeeAttendance.php')
 3 SYSTEMPATH\View\View.php(237): CodeIgniter\View\View->CodeIgniter\View\{closure}()
 4 SYSTEMPATH\Common.php(1171): CodeIgniter\View\View->render('requirments/EmployeeAttendance', [], true)
 5 APPPATH\Controllers\Dashboard.php(91): view('requirments/EmployeeAttendance', [...])
 6 SYSTEMPATH\CodeIgniter.php(933): App\Controllers\Dashboard->demo()
 7 SYSTEMPATH\CodeIgniter.php(509): CodeIgniter\CodeIgniter->runController(Object(App\Controllers\Dashboard))
 8 SYSTEMPATH\CodeIgniter.php(355): CodeIgniter\CodeIgniter->handleRequest(null, Object(Config\Cache), false)
 9 SYSTEMPATH\Boot.php(334): CodeIgniter\CodeIgniter->run()
10 SYSTEMPATH\Boot.php(67): CodeIgniter\Boot::runCodeIgniter(Object(CodeIgniter\CodeIgniter))
11 FCPATH\index.php(56): CodeIgniter\Boot::bootWeb(Object(Config\Paths))
12 SYSTEMPATH\rewrite.php(44): require_once('C:\\xampp\\htdocs\\gighz\\public\\index.php')
DEBUG - 2025-03-31 08:25:29 --> User IP: ::1
DEBUG - 2025-03-31 08:25:30 --> Session: Class initialized using 'CodeIgniter\Session\Handlers\FileHandler' driver.
DEBUG - 2025-03-31 08:25:41 --> User IP: ::1
DEBUG - 2025-03-31 08:25:41 --> Session: Class initialized using 'CodeIgniter\Session\Handlers\FileHandler' driver.
DEBUG - 2025-03-31 08:25:44 --> User IP: ::1
DEBUG - 2025-03-31 08:25:44 --> User ID: 23, Date: 2025-03-26
DEBUG - 2025-03-31 08:25:46 --> User IP: ::1
DEBUG - 2025-03-31 08:25:46 --> User ID: 23, Date: 2025-03-25
DEBUG - 2025-03-31 08:27:44 --> User IP: ::1
DEBUG - 2025-03-31 08:27:44 --> Session: Class initialized using 'CodeIgniter\Session\Handlers\FileHandler' driver.
DEBUG - 2025-03-31 08:28:00 --> User IP: ::1
DEBUG - 2025-03-31 08:28:00 --> Session: Class initialized using 'CodeIgniter\Session\Handlers\FileHandler' driver.
DEBUG - 2025-03-31 08:28:38 --> User IP: ::1
DEBUG - 2025-03-31 08:28:38 --> Session: Class initialized using 'CodeIgniter\Session\Handlers\FileHandler' driver.
DEBUG - 2025-03-31 09:40:05 --> User IP: ::1
DEBUG - 2025-03-31 09:40:05 --> User ID: 23, Date: 2025-03-26
DEBUG - 2025-03-31 09:40:57 --> User IP: ::1
DEBUG - 2025-03-31 09:40:57 --> Session: Class initialized using 'CodeIgniter\Session\Handlers\FileHandler' driver.
DEBUG - 2025-03-31 09:41:02 --> User IP: ::1
DEBUG - 2025-03-31 09:41:02 --> Session: Class initialized using 'CodeIgniter\Session\Handlers\FileHandler' driver.
DEBUG - 2025-03-31 09:41:21 --> User IP: ::1
DEBUG - 2025-03-31 09:41:21 --> Session: Class initialized using 'CodeIgniter\Session\Handlers\FileHandler' driver.
DEBUG - 2025-03-31 09:42:08 --> User IP: ::1
DEBUG - 2025-03-31 09:42:08 --> Session: Class initialized using 'CodeIgniter\Session\Handlers\FileHandler' driver.
DEBUG - 2025-03-31 09:43:04 --> User IP: ::1
DEBUG - 2025-03-31 09:43:04 --> Session: Class initialized using 'CodeIgniter\Session\Handlers\FileHandler' driver.
DEBUG - 2025-03-31 09:44:04 --> User IP: ::1
DEBUG - 2025-03-31 09:44:04 --> Session: Class initialized using 'CodeIgniter\Session\Handlers\FileHandler' driver.
DEBUG - 2025-03-31 09:44:53 --> User IP: ::1
DEBUG - 2025-03-31 09:44:53 --> Session: Class initialized using 'CodeIgniter\Session\Handlers\FileHandler' driver.
DEBUG - 2025-03-31 09:45:01 --> User IP: ::1
DEBUG - 2025-03-31 09:45:01 --> Session: Class initialized using 'CodeIgniter\Session\Handlers\FileHandler' driver.
DEBUG - 2025-03-31 09:45:20 --> User IP: ::1
DEBUG - 2025-03-31 09:45:21 --> Session: Class initialized using 'CodeIgniter\Session\Handlers\FileHandler' driver.
DEBUG - 2025-03-31 09:45:31 --> User IP: ::1
DEBUG - 2025-03-31 09:45:31 --> Session: Class initialized using 'CodeIgniter\Session\Handlers\FileHandler' driver.
DEBUG - 2025-03-31 09:45:42 --> User IP: ::1
DEBUG - 2025-03-31 09:45:42 --> Session: Class initialized using 'CodeIgniter\Session\Handlers\FileHandler' driver.
DEBUG - 2025-03-31 09:49:56 --> User IP: ::1
DEBUG - 2025-03-31 09:49:56 --> Session: Class initialized using 'CodeIgniter\Session\Handlers\FileHandler' driver.
DEBUG - 2025-03-31 09:50:20 --> User IP: ::1
DEBUG - 2025-03-31 09:50:20 --> Session: Class initialized using 'CodeIgniter\Session\Handlers\FileHandler' driver.
DEBUG - 2025-03-31 09:51:57 --> User IP: ::1
DEBUG - 2025-03-31 09:51:57 --> Session: Class initialized using 'CodeIgniter\Session\Handlers\FileHandler' driver.
DEBUG - 2025-03-31 09:55:17 --> User IP: ::1
DEBUG - 2025-03-31 09:55:17 --> Session: Class initialized using 'CodeIgniter\Session\Handlers\FileHandler' driver.
DEBUG - 2025-03-31 09:55:18 --> User IP: ::1
DEBUG - 2025-03-31 09:55:18 --> Session: Class initialized using 'CodeIgniter\Session\Handlers\FileHandler' driver.
DEBUG - 2025-03-31 09:55:48 --> User IP: ::1
DEBUG - 2025-03-31 09:55:48 --> Session: Class initialized using 'CodeIgniter\Session\Handlers\FileHandler' driver.
DEBUG - 2025-03-31 09:55:49 --> User IP: ::1
DEBUG - 2025-03-31 09:55:49 --> Session: Class initialized using 'CodeIgniter\Session\Handlers\FileHandler' driver.
DEBUG - 2025-03-31 09:55:50 --> User IP: ::1
DEBUG - 2025-03-31 09:55:50 --> Session: Class initialized using 'CodeIgniter\Session\Handlers\FileHandler' driver.
DEBUG - 2025-03-31 09:55:56 --> User IP: ::1
DEBUG - 2025-03-31 09:55:56 --> Session: Class initialized using 'CodeIgniter\Session\Handlers\FileHandler' driver.
DEBUG - 2025-03-31 09:55:56 --> User IP: ::1
DEBUG - 2025-03-31 09:55:56 --> Session: Class initialized using 'CodeIgniter\Session\Handlers\FileHandler' driver.
DEBUG - 2025-03-31 09:56:58 --> User IP: ::1
DEBUG - 2025-03-31 09:56:58 --> Session: Class initialized using 'CodeIgniter\Session\Handlers\FileHandler' driver.
DEBUG - 2025-03-31 09:56:59 --> User IP: ::1
DEBUG - 2025-03-31 09:56:59 --> Session: Class initialized using 'CodeIgniter\Session\Handlers\FileHandler' driver.
DEBUG - 2025-03-31 09:57:00 --> User IP: ::1
DEBUG - 2025-03-31 09:57:00 --> Session: Class initialized using 'CodeIgniter\Session\Handlers\FileHandler' driver.
DEBUG - 2025-03-31 09:57:22 --> User IP: ::1
DEBUG - 2025-03-31 09:57:22 --> Session: Class initialized using 'CodeIgniter\Session\Handlers\FileHandler' driver.
DEBUG - 2025-03-31 09:57:23 --> User IP: ::1
DEBUG - 2025-03-31 09:57:23 --> Session: Class initialized using 'CodeIgniter\Session\Handlers\FileHandler' driver.
DEBUG - 2025-03-31 09:58:56 --> User IP: ::1
DEBUG - 2025-03-31 09:58:56 --> Session: Class initialized using 'CodeIgniter\Session\Handlers\FileHandler' driver.
DEBUG - 2025-03-31 09:58:57 --> User IP: ::1
DEBUG - 2025-03-31 09:58:57 --> Session: Class initialized using 'CodeIgniter\Session\Handlers\FileHandler' driver.
DEBUG - 2025-03-31 09:59:04 --> User IP: ::1
DEBUG - 2025-03-31 09:59:04 --> Session: Class initialized using 'CodeIgniter\Session\Handlers\FileHandler' driver.
DEBUG - 2025-03-31 10:00:28 --> User IP: ::1
DEBUG - 2025-03-31 10:00:28 --> Session: Class initialized using 'CodeIgniter\Session\Handlers\FileHandler' driver.
DEBUG - 2025-03-31 10:01:12 --> User IP: ::1
DEBUG - 2025-03-31 10:01:12 --> User ID: 23, Date: 2025-03-25
DEBUG - 2025-03-31 10:04:37 --> User IP: ::1
DEBUG - 2025-03-31 10:04:37 --> Session: Class initialized using 'CodeIgniter\Session\Handlers\FileHandler' driver.
DEBUG - 2025-03-31 10:04:51 --> User IP: ::1
DEBUG - 2025-03-31 10:04:51 --> Session: Class initialized using 'CodeIgniter\Session\Handlers\FileHandler' driver.
DEBUG - 2025-03-31 12:19:22 --> User IP: ::1
DEBUG - 2025-03-31 12:19:23 --> Session: Class initialized using 'CodeIgniter\Session\Handlers\FileHandler' driver.
DEBUG - 2025-03-31 12:19:35 --> User IP: ::1
DEBUG - 2025-03-31 12:19:35 --> User ID: 23, Date: 2025-01-30
DEBUG - 2025-03-31 12:19:40 --> User IP: ::1
DEBUG - 2025-03-31 12:19:40 --> User ID: 23, Date: 2025-02-13
DEBUG - 2025-03-31 12:21:05 --> User IP: ::1
DEBUG - 2025-03-31 12:21:05 --> Session: Class initialized using 'CodeIgniter\Session\Handlers\FileHandler' driver.
DEBUG - 2025-03-31 12:21:44 --> User IP: ::1
DEBUG - 2025-03-31 12:21:44 --> Session: Class initialized using 'CodeIgniter\Session\Handlers\FileHandler' driver.
DEBUG - 2025-03-31 12:21:58 --> User IP: ::1
DEBUG - 2025-03-31 12:21:58 --> Session: Class initialized using 'CodeIgniter\Session\Handlers\FileHandler' driver.
DEBUG - 2025-03-31 12:21:58 --> User IP: ::1
DEBUG - 2025-03-31 12:21:58 --> Session: Class initialized using 'CodeIgniter\Session\Handlers\FileHandler' driver.
DEBUG - 2025-03-31 12:22:11 --> User IP: ::1
DEBUG - 2025-03-31 12:22:11 --> Session: Class initialized using 'CodeIgniter\Session\Handlers\FileHandler' driver.
DEBUG - 2025-03-31 12:22:11 --> User IP: ::1
DEBUG - 2025-03-31 12:22:11 --> Session: Class initialized using 'CodeIgniter\Session\Handlers\FileHandler' driver.
DEBUG - 2025-03-31 12:22:15 --> User IP: ::1
DEBUG - 2025-03-31 12:22:15 --> Session: Class initialized using 'CodeIgniter\Session\Handlers\FileHandler' driver.
DEBUG - 2025-03-31 12:25:44 --> User IP: ::1
DEBUG - 2025-03-31 12:25:44 --> Session: Class initialized using 'CodeIgniter\Session\Handlers\FileHandler' driver.
DEBUG - 2025-03-31 12:26:39 --> User IP: ::1
DEBUG - 2025-03-31 12:26:39 --> Session: Class initialized using 'CodeIgniter\Session\Handlers\FileHandler' driver.
DEBUG - 2025-03-31 12:34:06 --> User IP: ::1
DEBUG - 2025-03-31 12:34:06 --> Session: Class initialized using 'CodeIgniter\Session\Handlers\FileHandler' driver.
DEBUG - 2025-03-31 12:34:16 --> User IP: ::1
DEBUG - 2025-03-31 12:34:17 --> Session: Class initialized using 'CodeIgniter\Session\Handlers\FileHandler' driver.
DEBUG - 2025-03-31 12:36:13 --> User IP: ::1
DEBUG - 2025-03-31 12:36:13 --> Session: Class initialized using 'CodeIgniter\Session\Handlers\FileHandler' driver.
DEBUG - 2025-03-31 12:37:19 --> User IP: ::1
DEBUG - 2025-03-31 12:37:19 --> Session: Class initialized using 'CodeIgniter\Session\Handlers\FileHandler' driver.
DEBUG - 2025-03-31 12:38:11 --> User IP: ::1
DEBUG - 2025-03-31 12:38:11 --> Session: Class initialized using 'CodeIgniter\Session\Handlers\FileHandler' driver.
DEBUG - 2025-03-31 12:38:21 --> User IP: ::1
DEBUG - 2025-03-31 12:38:21 --> Session: Class initialized using 'CodeIgniter\Session\Handlers\FileHandler' driver.
DEBUG - 2025-03-31 12:38:27 --> User IP: ::1
DEBUG - 2025-03-31 12:38:27 --> Session: Class initialized using 'CodeIgniter\Session\Handlers\FileHandler' driver.
DEBUG - 2025-03-31 12:38:56 --> User IP: ::1
DEBUG - 2025-03-31 12:38:56 --> Session: Class initialized using 'CodeIgniter\Session\Handlers\FileHandler' driver.
DEBUG - 2025-03-31 12:39:55 --> User IP: ::1
DEBUG - 2025-03-31 12:39:55 --> Session: Class initialized using 'CodeIgniter\Session\Handlers\FileHandler' driver.
DEBUG - 2025-03-31 12:40:22 --> User IP: ::1
DEBUG - 2025-03-31 12:40:22 --> Session: Class initialized using 'CodeIgniter\Session\Handlers\FileHandler' driver.
DEBUG - 2025-03-31 12:41:55 --> User IP: ::1
DEBUG - 2025-03-31 12:41:55 --> Session: Class initialized using 'CodeIgniter\Session\Handlers\FileHandler' driver.
DEBUG - 2025-03-31 12:42:23 --> User IP: ::1
DEBUG - 2025-03-31 12:42:23 --> Session: Class initialized using 'CodeIgniter\Session\Handlers\FileHandler' driver.
DEBUG - 2025-03-31 12:45:39 --> User IP: ::1
DEBUG - 2025-03-31 12:45:40 --> Session: Class initialized using 'CodeIgniter\Session\Handlers\FileHandler' driver.
DEBUG - 2025-03-31 12:48:15 --> User IP: ::1
DEBUG - 2025-03-31 12:48:15 --> Session: Class initialized using 'CodeIgniter\Session\Handlers\FileHandler' driver.
DEBUG - 2025-03-31 12:51:06 --> User IP: ::1
DEBUG - 2025-03-31 12:51:07 --> Session: Class initialized using 'CodeIgniter\Session\Handlers\FileHandler' driver.
