DEBUG - 2025-07-21 03:51:48 --> Session: Class initialized using 'CodeIgniter\Session\Handlers\FileHandler' driver.
DEBUG - 2025-07-21 03:51:51 --> Session: Class initialized using 'CodeIgniter\Session\Handlers\FileHandler' driver.
DEBUG - 2025-07-21 03:51:51 --> User IP: ::1
DEBUG - 2025-07-21 03:51:53 --> Session: Class initialized using 'CodeIgniter\Session\Handlers\FileHandler' driver.
DEBUG - 2025-07-21 03:51:54 --> Session: Class initialized using 'CodeIgniter\Session\Handlers\FileHandler' driver.
DEBUG - 2025-07-21 03:51:59 --> Session: Class initialized using 'CodeIgniter\Session\Handlers\FileHandler' driver.
DEBUG - 2025-07-21 03:51:59 --> User IP: ::1
DEBUG - 2025-07-21 03:52:15 --> Session: Class initialized using 'CodeIgniter\Session\Handlers\FileHandler' driver.
DEBUG - 2025-07-21 03:52:15 --> User IP: ::1
DEBUG - 2025-07-21 03:52:15 --> Session: Class initialized using 'CodeIgniter\Session\Handlers\FileHandler' driver.
DEBUG - 2025-07-21 03:52:15 --> User IP: ::1
DEBUG - 2025-07-21 03:52:39 --> Session: Class initialized using 'CodeIgniter\Session\Handlers\FileHandler' driver.
DEBUG - 2025-07-21 03:52:39 --> User IP: ::1
DEBUG - 2025-07-21 03:52:40 --> Session: Class initialized using 'CodeIgniter\Session\Handlers\FileHandler' driver.
DEBUG - 2025-07-21 03:52:40 --> User IP: ::1
DEBUG - 2025-07-21 04:10:10 --> Session: Class initialized using 'CodeIgniter\Session\Handlers\FileHandler' driver.
DEBUG - 2025-07-21 04:10:10 --> User IP: ::1
DEBUG - 2025-07-21 04:10:11 --> Session: Class initialized using 'CodeIgniter\Session\Handlers\FileHandler' driver.
DEBUG - 2025-07-21 04:10:11 --> User IP: ::1
DEBUG - 2025-07-21 04:11:00 --> Session: Class initialized using 'CodeIgniter\Session\Handlers\FileHandler' driver.
DEBUG - 2025-07-21 04:11:00 --> User IP: ::1
DEBUG - 2025-07-21 04:11:01 --> Session: Class initialized using 'CodeIgniter\Session\Handlers\FileHandler' driver.
DEBUG - 2025-07-21 04:11:01 --> User IP: ::1
DEBUG - 2025-07-21 04:13:59 --> Session: Class initialized using 'CodeIgniter\Session\Handlers\FileHandler' driver.
DEBUG - 2025-07-21 04:13:59 --> User IP: ::1
DEBUG - 2025-07-21 04:14:00 --> Session: Class initialized using 'CodeIgniter\Session\Handlers\FileHandler' driver.
DEBUG - 2025-07-21 04:14:00 --> User IP: ::1
DEBUG - 2025-07-21 04:14:13 --> Session: Class initialized using 'CodeIgniter\Session\Handlers\FileHandler' driver.
DEBUG - 2025-07-21 04:14:13 --> User IP: ::1
DEBUG - 2025-07-21 04:14:14 --> Session: Class initialized using 'CodeIgniter\Session\Handlers\FileHandler' driver.
DEBUG - 2025-07-21 04:14:14 --> User IP: ::1
DEBUG - 2025-07-21 04:21:13 --> Session: Class initialized using 'CodeIgniter\Session\Handlers\FileHandler' driver.
DEBUG - 2025-07-21 04:21:13 --> User IP: ::1
DEBUG - 2025-07-21 04:21:14 --> Session: Class initialized using 'CodeIgniter\Session\Handlers\FileHandler' driver.
DEBUG - 2025-07-21 04:21:14 --> User IP: ::1
DEBUG - 2025-07-21 04:23:18 --> Session: Class initialized using 'CodeIgniter\Session\Handlers\FileHandler' driver.
DEBUG - 2025-07-21 04:23:18 --> User IP: ::1
DEBUG - 2025-07-21 04:23:19 --> Session: Class initialized using 'CodeIgniter\Session\Handlers\FileHandler' driver.
DEBUG - 2025-07-21 04:23:19 --> User IP: ::1
DEBUG - 2025-07-21 04:27:19 --> Session: Class initialized using 'CodeIgniter\Session\Handlers\FileHandler' driver.
DEBUG - 2025-07-21 04:27:19 --> User IP: ::1
DEBUG - 2025-07-21 04:27:20 --> Session: Class initialized using 'CodeIgniter\Session\Handlers\FileHandler' driver.
DEBUG - 2025-07-21 04:27:20 --> User IP: ::1
DEBUG - 2025-07-21 04:27:37 --> Session: Class initialized using 'CodeIgniter\Session\Handlers\FileHandler' driver.
DEBUG - 2025-07-21 04:27:37 --> User IP: ::1
DEBUG - 2025-07-21 04:27:37 --> Session: Class initialized using 'CodeIgniter\Session\Handlers\FileHandler' driver.
DEBUG - 2025-07-21 04:27:37 --> User IP: ::1
DEBUG - 2025-07-21 04:37:58 --> Session: Class initialized using 'CodeIgniter\Session\Handlers\FileHandler' driver.
DEBUG - 2025-07-21 04:37:58 --> User IP: ::1
DEBUG - 2025-07-21 04:37:58 --> Session: Class initialized using 'CodeIgniter\Session\Handlers\FileHandler' driver.
DEBUG - 2025-07-21 04:37:58 --> User IP: ::1
DEBUG - 2025-07-21 05:04:44 --> Session: Class initialized using 'CodeIgniter\Session\Handlers\FileHandler' driver.
DEBUG - 2025-07-21 05:04:44 --> User IP: ::1
DEBUG - 2025-07-21 05:05:02 --> Session: Class initialized using 'CodeIgniter\Session\Handlers\FileHandler' driver.
DEBUG - 2025-07-21 05:05:02 --> User IP: ::1
DEBUG - 2025-07-21 05:06:08 --> Session: Class initialized using 'CodeIgniter\Session\Handlers\FileHandler' driver.
DEBUG - 2025-07-21 05:06:08 --> User IP: ::1
DEBUG - 2025-07-21 05:06:10 --> Session: Class initialized using 'CodeIgniter\Session\Handlers\FileHandler' driver.
DEBUG - 2025-07-21 05:06:10 --> User IP: ::1
DEBUG - 2025-07-21 05:06:10 --> Session: Class initialized using 'CodeIgniter\Session\Handlers\FileHandler' driver.
DEBUG - 2025-07-21 05:06:10 --> User IP: ::1
DEBUG - 2025-07-21 05:06:13 --> Session: Class initialized using 'CodeIgniter\Session\Handlers\FileHandler' driver.
DEBUG - 2025-07-21 05:06:13 --> User IP: ::1
DEBUG - 2025-07-21 05:06:37 --> Session: Class initialized using 'CodeIgniter\Session\Handlers\FileHandler' driver.
DEBUG - 2025-07-21 05:06:37 --> User IP: ::1
DEBUG - 2025-07-21 05:06:37 --> Session: Class initialized using 'CodeIgniter\Session\Handlers\FileHandler' driver.
DEBUG - 2025-07-21 05:06:37 --> User IP: ::1
DEBUG - 2025-07-21 05:07:08 --> Session: Class initialized using 'CodeIgniter\Session\Handlers\FileHandler' driver.
DEBUG - 2025-07-21 05:07:08 --> User IP: ::1
DEBUG - 2025-07-21 05:07:08 --> Session: Class initialized using 'CodeIgniter\Session\Handlers\FileHandler' driver.
DEBUG - 2025-07-21 05:07:08 --> User IP: ::1
DEBUG - 2025-07-21 05:07:11 --> Session: Class initialized using 'CodeIgniter\Session\Handlers\FileHandler' driver.
DEBUG - 2025-07-21 05:07:11 --> User IP: ::1
DEBUG - 2025-07-21 05:07:59 --> Session: Class initialized using 'CodeIgniter\Session\Handlers\FileHandler' driver.
DEBUG - 2025-07-21 05:07:59 --> User IP: ::1
DEBUG - 2025-07-21 05:18:32 --> Session: Class initialized using 'CodeIgniter\Session\Handlers\FileHandler' driver.
DEBUG - 2025-07-21 05:18:32 --> User IP: ::1
DEBUG - 2025-07-21 07:04:49 --> Session: Class initialized using 'CodeIgniter\Session\Handlers\FileHandler' driver.
DEBUG - 2025-07-21 07:04:49 --> User IP: ::1
DEBUG - 2025-07-21 07:12:47 --> Session: Class initialized using 'CodeIgniter\Session\Handlers\FileHandler' driver.
DEBUG - 2025-07-21 07:12:47 --> User IP: ::1
CRITICAL - 2025-07-21 07:12:47 --> ErrorException: Trying to access array offset on value of type null
[Method: GET, Route: hrms/getpositions/4]
in APPPATH\Controllers\Hrms.php on line 192.
 1 APPPATH\Controllers\Hrms.php(192): CodeIgniter\Debug\Exceptions->errorHandler(2, 'Trying to access array offset on value of type null', 'C:\\xampp\\htdocs\\gighz\\app\\Controllers\\Hrms.php', 192)
 2 SYSTEMPATH\CodeIgniter.php(933): App\Controllers\Hrms->getpositions('4')
 3 SYSTEMPATH\CodeIgniter.php(509): CodeIgniter\CodeIgniter->runController(Object(App\Controllers\Hrms))
 4 SYSTEMPATH\CodeIgniter.php(355): CodeIgniter\CodeIgniter->handleRequest(null, Object(Config\Cache), false)
 5 SYSTEMPATH\Boot.php(334): CodeIgniter\CodeIgniter->run()
 6 SYSTEMPATH\Boot.php(67): CodeIgniter\Boot::runCodeIgniter(Object(CodeIgniter\CodeIgniter))
 7 FCPATH\index.php(56): CodeIgniter\Boot::bootWeb(Object(Config\Paths))
DEBUG - 2025-07-21 07:13:34 --> Session: Class initialized using 'CodeIgniter\Session\Handlers\FileHandler' driver.
DEBUG - 2025-07-21 07:13:34 --> User IP: ::1
CRITICAL - 2025-07-21 07:13:34 --> ErrorException: Trying to access array offset on value of type null
[Method: GET, Route: hrms/getpositions/4]
in APPPATH\Controllers\Hrms.php on line 192.
 1 APPPATH\Controllers\Hrms.php(192): CodeIgniter\Debug\Exceptions->errorHandler(2, 'Trying to access array offset on value of type null', 'C:\\xampp\\htdocs\\gighz\\app\\Controllers\\Hrms.php', 192)
 2 SYSTEMPATH\CodeIgniter.php(933): App\Controllers\Hrms->getpositions('4')
 3 SYSTEMPATH\CodeIgniter.php(509): CodeIgniter\CodeIgniter->runController(Object(App\Controllers\Hrms))
 4 SYSTEMPATH\CodeIgniter.php(355): CodeIgniter\CodeIgniter->handleRequest(null, Object(Config\Cache), false)
 5 SYSTEMPATH\Boot.php(334): CodeIgniter\CodeIgniter->run()
 6 SYSTEMPATH\Boot.php(67): CodeIgniter\Boot::runCodeIgniter(Object(CodeIgniter\CodeIgniter))
 7 FCPATH\index.php(56): CodeIgniter\Boot::bootWeb(Object(Config\Paths))
DEBUG - 2025-07-21 07:13:45 --> Session: Class initialized using 'CodeIgniter\Session\Handlers\FileHandler' driver.
DEBUG - 2025-07-21 07:13:45 --> User IP: ::1
DEBUG - 2025-07-21 07:15:04 --> Session: Class initialized using 'CodeIgniter\Session\Handlers\FileHandler' driver.
DEBUG - 2025-07-21 07:15:04 --> User IP: ::1
DEBUG - 2025-07-21 07:15:08 --> Session: Class initialized using 'CodeIgniter\Session\Handlers\FileHandler' driver.
DEBUG - 2025-07-21 07:15:08 --> User IP: ::1
DEBUG - 2025-07-21 07:15:24 --> Session: Class initialized using 'CodeIgniter\Session\Handlers\FileHandler' driver.
DEBUG - 2025-07-21 07:15:24 --> User IP: ::1
CRITICAL - 2025-07-21 07:15:24 --> ErrorException: Undefined array key "department"
[Method: GET, Route: hrms/getpositions/1]
in APPPATH\Controllers\Hrms.php on line 192.
 1 APPPATH\Controllers\Hrms.php(192): CodeIgniter\Debug\Exceptions->errorHandler(2, 'Undefined array key "department"', 'C:\\xampp\\htdocs\\gighz\\app\\Controllers\\Hrms.php', 192)
 2 SYSTEMPATH\CodeIgniter.php(933): App\Controllers\Hrms->getpositions('1')
 3 SYSTEMPATH\CodeIgniter.php(509): CodeIgniter\CodeIgniter->runController(Object(App\Controllers\Hrms))
 4 SYSTEMPATH\CodeIgniter.php(355): CodeIgniter\CodeIgniter->handleRequest(null, Object(Config\Cache), false)
 5 SYSTEMPATH\Boot.php(334): CodeIgniter\CodeIgniter->run()
 6 SYSTEMPATH\Boot.php(67): CodeIgniter\Boot::runCodeIgniter(Object(CodeIgniter\CodeIgniter))
 7 FCPATH\index.php(56): CodeIgniter\Boot::bootWeb(Object(Config\Paths))
DEBUG - 2025-07-21 07:15:35 --> Session: Class initialized using 'CodeIgniter\Session\Handlers\FileHandler' driver.
DEBUG - 2025-07-21 07:15:35 --> User IP: ::1
DEBUG - 2025-07-21 07:18:47 --> Session: Class initialized using 'CodeIgniter\Session\Handlers\FileHandler' driver.
DEBUG - 2025-07-21 07:18:48 --> User IP: ::1
CRITICAL - 2025-07-21 07:18:48 --> ErrorException: Undefined array key 0
[Method: GET, Route: hrms/getpositions/4]
in APPPATH\Controllers\Hrms.php on line 192.
 1 APPPATH\Controllers\Hrms.php(192): CodeIgniter\Debug\Exceptions->errorHandler(2, 'Undefined array key 0', 'C:\\xampp\\htdocs\\gighz\\app\\Controllers\\Hrms.php', 192)
 2 SYSTEMPATH\CodeIgniter.php(933): App\Controllers\Hrms->getpositions('4')
 3 SYSTEMPATH\CodeIgniter.php(509): CodeIgniter\CodeIgniter->runController(Object(App\Controllers\Hrms))
 4 SYSTEMPATH\CodeIgniter.php(355): CodeIgniter\CodeIgniter->handleRequest(null, Object(Config\Cache), false)
 5 SYSTEMPATH\Boot.php(334): CodeIgniter\CodeIgniter->run()
 6 SYSTEMPATH\Boot.php(67): CodeIgniter\Boot::runCodeIgniter(Object(CodeIgniter\CodeIgniter))
 7 FCPATH\index.php(56): CodeIgniter\Boot::bootWeb(Object(Config\Paths))
DEBUG - 2025-07-21 07:18:53 --> Session: Class initialized using 'CodeIgniter\Session\Handlers\FileHandler' driver.
DEBUG - 2025-07-21 07:18:53 --> User IP: ::1
DEBUG - 2025-07-21 07:18:54 --> Session: Class initialized using 'CodeIgniter\Session\Handlers\FileHandler' driver.
DEBUG - 2025-07-21 07:18:54 --> User IP: ::1
DEBUG - 2025-07-21 07:18:55 --> Session: Class initialized using 'CodeIgniter\Session\Handlers\FileHandler' driver.
DEBUG - 2025-07-21 07:18:56 --> User IP: ::1
DEBUG - 2025-07-21 07:29:50 --> Session: Class initialized using 'CodeIgniter\Session\Handlers\FileHandler' driver.
DEBUG - 2025-07-21 07:29:50 --> User IP: ::1
DEBUG - 2025-07-21 07:31:55 --> Session: Class initialized using 'CodeIgniter\Session\Handlers\FileHandler' driver.
DEBUG - 2025-07-21 07:31:55 --> User IP: ::1
DEBUG - 2025-07-21 07:44:01 --> Session: Class initialized using 'CodeIgniter\Session\Handlers\FileHandler' driver.
DEBUG - 2025-07-21 07:44:01 --> User IP: ::1
DEBUG - 2025-07-21 07:44:01 --> Session: Class initialized using 'CodeIgniter\Session\Handlers\FileHandler' driver.
DEBUG - 2025-07-21 07:44:01 --> User IP: ::1
DEBUG - 2025-07-21 07:44:50 --> Session: Class initialized using 'CodeIgniter\Session\Handlers\FileHandler' driver.
DEBUG - 2025-07-21 07:44:50 --> User IP: ::1
DEBUG - 2025-07-21 07:45:42 --> Session: Class initialized using 'CodeIgniter\Session\Handlers\FileHandler' driver.
DEBUG - 2025-07-21 07:45:42 --> User IP: ::1
DEBUG - 2025-07-21 07:57:54 --> Session: Class initialized using 'CodeIgniter\Session\Handlers\FileHandler' driver.
DEBUG - 2025-07-21 07:57:55 --> User IP: ::1
DEBUG - 2025-07-21 07:58:11 --> Session: Class initialized using 'CodeIgniter\Session\Handlers\FileHandler' driver.
DEBUG - 2025-07-21 07:58:11 --> User IP: ::1
DEBUG - 2025-07-21 07:59:08 --> Session: Class initialized using 'CodeIgniter\Session\Handlers\FileHandler' driver.
DEBUG - 2025-07-21 07:59:08 --> User IP: ::1
DEBUG - 2025-07-21 07:59:13 --> Session: Class initialized using 'CodeIgniter\Session\Handlers\FileHandler' driver.
DEBUG - 2025-07-21 07:59:13 --> User IP: ::1
DEBUG - 2025-07-21 08:00:20 --> Session: Class initialized using 'CodeIgniter\Session\Handlers\FileHandler' driver.
DEBUG - 2025-07-21 08:00:20 --> User IP: ::1
DEBUG - 2025-07-21 08:00:24 --> Session: Class initialized using 'CodeIgniter\Session\Handlers\FileHandler' driver.
DEBUG - 2025-07-21 08:00:24 --> User IP: ::1
DEBUG - 2025-07-21 08:02:41 --> Session: Class initialized using 'CodeIgniter\Session\Handlers\FileHandler' driver.
DEBUG - 2025-07-21 08:02:41 --> User IP: ::1
DEBUG - 2025-07-21 08:02:44 --> Session: Class initialized using 'CodeIgniter\Session\Handlers\FileHandler' driver.
DEBUG - 2025-07-21 08:02:44 --> User IP: ::1
DEBUG - 2025-07-21 09:00:02 --> Session: Class initialized using 'CodeIgniter\Session\Handlers\FileHandler' driver.
DEBUG - 2025-07-21 09:00:02 --> User IP: ::1
DEBUG - 2025-07-21 09:02:16 --> Session: Class initialized using 'CodeIgniter\Session\Handlers\FileHandler' driver.
DEBUG - 2025-07-21 09:02:16 --> User IP: ::1
DEBUG - 2025-07-21 09:02:19 --> Session: Class initialized using 'CodeIgniter\Session\Handlers\FileHandler' driver.
DEBUG - 2025-07-21 09:02:19 --> User IP: ::1
DEBUG - 2025-07-21 09:12:44 --> Session: Class initialized using 'CodeIgniter\Session\Handlers\FileHandler' driver.
DEBUG - 2025-07-21 09:12:44 --> User IP: ::1
DEBUG - 2025-07-21 09:13:32 --> Session: Class initialized using 'CodeIgniter\Session\Handlers\FileHandler' driver.
DEBUG - 2025-07-21 09:13:32 --> User IP: ::1
DEBUG - 2025-07-21 09:13:33 --> Session: Class initialized using 'CodeIgniter\Session\Handlers\FileHandler' driver.
DEBUG - 2025-07-21 09:13:33 --> User IP: ::1
DEBUG - 2025-07-21 09:13:34 --> Session: Class initialized using 'CodeIgniter\Session\Handlers\FileHandler' driver.
DEBUG - 2025-07-21 09:13:34 --> User IP: ::1
CRITICAL - 2025-07-21 09:13:34 --> ErrorException: Undefined array key 0
[Method: GET, Route: hrms/getpositions/4]
in APPPATH\Controllers\Hrms.php on line 193.
 1 APPPATH\Controllers\Hrms.php(193): CodeIgniter\Debug\Exceptions->errorHandler(2, 'Undefined array key 0', 'C:\\xampp\\htdocs\\gighz\\app\\Controllers\\Hrms.php', 193)
 2 SYSTEMPATH\CodeIgniter.php(933): App\Controllers\Hrms->getpositions('4')
 3 SYSTEMPATH\CodeIgniter.php(509): CodeIgniter\CodeIgniter->runController(Object(App\Controllers\Hrms))
 4 SYSTEMPATH\CodeIgniter.php(355): CodeIgniter\CodeIgniter->handleRequest(null, Object(Config\Cache), false)
 5 SYSTEMPATH\Boot.php(334): CodeIgniter\CodeIgniter->run()
 6 SYSTEMPATH\Boot.php(67): CodeIgniter\Boot::runCodeIgniter(Object(CodeIgniter\CodeIgniter))
 7 FCPATH\index.php(56): CodeIgniter\Boot::bootWeb(Object(Config\Paths))
DEBUG - 2025-07-21 09:13:41 --> Session: Class initialized using 'CodeIgniter\Session\Handlers\FileHandler' driver.
DEBUG - 2025-07-21 09:13:41 --> User IP: ::1
DEBUG - 2025-07-21 09:13:48 --> Session: Class initialized using 'CodeIgniter\Session\Handlers\FileHandler' driver.
DEBUG - 2025-07-21 09:13:48 --> User IP: ::1
DEBUG - 2025-07-21 09:13:49 --> Session: Class initialized using 'CodeIgniter\Session\Handlers\FileHandler' driver.
DEBUG - 2025-07-21 09:13:49 --> User IP: ::1
DEBUG - 2025-07-21 09:14:04 --> Session: Class initialized using 'CodeIgniter\Session\Handlers\FileHandler' driver.
DEBUG - 2025-07-21 09:14:04 --> User IP: ::1
DEBUG - 2025-07-21 09:14:05 --> Session: Class initialized using 'CodeIgniter\Session\Handlers\FileHandler' driver.
DEBUG - 2025-07-21 09:14:05 --> User IP: ::1
DEBUG - 2025-07-21 09:14:07 --> Session: Class initialized using 'CodeIgniter\Session\Handlers\FileHandler' driver.
DEBUG - 2025-07-21 09:14:07 --> User IP: ::1
DEBUG - 2025-07-21 09:52:42 --> Session: Class initialized using 'CodeIgniter\Session\Handlers\FileHandler' driver.
DEBUG - 2025-07-21 09:52:42 --> User IP: ::1
CRITICAL - 2025-07-21 09:52:42 --> ErrorException: Undefined variable $data
[Method: GET, Route: hrms/studentdetails/1]
in APPPATH\Views\hrms\studentdetails.php on line 23.
 1 APPPATH\Views\hrms\studentdetails.php(23): CodeIgniter\Debug\Exceptions->errorHandler(2, 'Undefined variable $data', 'C:\\xampp\\htdocs\\gighz\\app\\Views\\hrms\\studentdetails.php', 23)
 2 SYSTEMPATH\View\View.php(234): include('C:\\xampp\\htdocs\\gighz\\app\\Views\\hrms\\studentdetails.php')
 3 SYSTEMPATH\View\View.php(237): CodeIgniter\View\View->CodeIgniter\View\{closure}()
 4 SYSTEMPATH\Common.php(1171): CodeIgniter\View\View->render('hrms/studentdetails', [], true)
 5 APPPATH\Controllers\Hrms.php(184): view('hrms/studentdetails', [...])
 6 SYSTEMPATH\CodeIgniter.php(933): App\Controllers\Hrms->studentdetails('1')
 7 SYSTEMPATH\CodeIgniter.php(509): CodeIgniter\CodeIgniter->runController(Object(App\Controllers\Hrms))
 8 SYSTEMPATH\CodeIgniter.php(355): CodeIgniter\CodeIgniter->handleRequest(null, Object(Config\Cache), false)
 9 SYSTEMPATH\Boot.php(334): CodeIgniter\CodeIgniter->run()
10 SYSTEMPATH\Boot.php(67): CodeIgniter\Boot::runCodeIgniter(Object(CodeIgniter\CodeIgniter))
11 FCPATH\index.php(56): CodeIgniter\Boot::bootWeb(Object(Config\Paths))
DEBUG - 2025-07-21 09:53:28 --> Session: Class initialized using 'CodeIgniter\Session\Handlers\FileHandler' driver.
DEBUG - 2025-07-21 09:53:28 --> User IP: ::1
CRITICAL - 2025-07-21 09:53:28 --> ErrorException: Undefined variable $data
[Method: GET, Route: hrms/studentdetails/1]
in APPPATH\Views\hrms\studentdetails.php on line 23.
 1 APPPATH\Views\hrms\studentdetails.php(23): CodeIgniter\Debug\Exceptions->errorHandler(2, 'Undefined variable $data', 'C:\\xampp\\htdocs\\gighz\\app\\Views\\hrms\\studentdetails.php', 23)
 2 SYSTEMPATH\View\View.php(234): include('C:\\xampp\\htdocs\\gighz\\app\\Views\\hrms\\studentdetails.php')
 3 SYSTEMPATH\View\View.php(237): CodeIgniter\View\View->CodeIgniter\View\{closure}()
 4 SYSTEMPATH\Common.php(1171): CodeIgniter\View\View->render('hrms/studentdetails', [], true)
 5 APPPATH\Controllers\Hrms.php(184): view('hrms/studentdetails', [...])
 6 SYSTEMPATH\CodeIgniter.php(933): App\Controllers\Hrms->studentdetails('1')
 7 SYSTEMPATH\CodeIgniter.php(509): CodeIgniter\CodeIgniter->runController(Object(App\Controllers\Hrms))
 8 SYSTEMPATH\CodeIgniter.php(355): CodeIgniter\CodeIgniter->handleRequest(null, Object(Config\Cache), false)
 9 SYSTEMPATH\Boot.php(334): CodeIgniter\CodeIgniter->run()
10 SYSTEMPATH\Boot.php(67): CodeIgniter\Boot::runCodeIgniter(Object(CodeIgniter\CodeIgniter))
11 FCPATH\index.php(56): CodeIgniter\Boot::bootWeb(Object(Config\Paths))
DEBUG - 2025-07-21 09:53:52 --> Session: Class initialized using 'CodeIgniter\Session\Handlers\FileHandler' driver.
DEBUG - 2025-07-21 09:53:52 --> User IP: ::1
DEBUG - 2025-07-21 09:54:23 --> Session: Class initialized using 'CodeIgniter\Session\Handlers\FileHandler' driver.
DEBUG - 2025-07-21 09:54:23 --> User IP: ::1
CRITICAL - 2025-07-21 09:54:23 --> ErrorException: Undefined variable $name
[Method: GET, Route: hrms/studentdetails/1]
in APPPATH\Views\hrms\studentdetails.php on line 23.
 1 APPPATH\Views\hrms\studentdetails.php(23): CodeIgniter\Debug\Exceptions->errorHandler(2, 'Undefined variable $name', 'C:\\xampp\\htdocs\\gighz\\app\\Views\\hrms\\studentdetails.php', 23)
 2 SYSTEMPATH\View\View.php(234): include('C:\\xampp\\htdocs\\gighz\\app\\Views\\hrms\\studentdetails.php')
 3 SYSTEMPATH\View\View.php(237): CodeIgniter\View\View->CodeIgniter\View\{closure}()
 4 SYSTEMPATH\Common.php(1171): CodeIgniter\View\View->render('hrms/studentdetails', [], true)
 5 APPPATH\Controllers\Hrms.php(184): view('hrms/studentdetails', [...])
 6 SYSTEMPATH\CodeIgniter.php(933): App\Controllers\Hrms->studentdetails('1')
 7 SYSTEMPATH\CodeIgniter.php(509): CodeIgniter\CodeIgniter->runController(Object(App\Controllers\Hrms))
 8 SYSTEMPATH\CodeIgniter.php(355): CodeIgniter\CodeIgniter->handleRequest(null, Object(Config\Cache), false)
 9 SYSTEMPATH\Boot.php(334): CodeIgniter\CodeIgniter->run()
10 SYSTEMPATH\Boot.php(67): CodeIgniter\Boot::runCodeIgniter(Object(CodeIgniter\CodeIgniter))
11 FCPATH\index.php(56): CodeIgniter\Boot::bootWeb(Object(Config\Paths))
DEBUG - 2025-07-21 09:54:48 --> Session: Class initialized using 'CodeIgniter\Session\Handlers\FileHandler' driver.
DEBUG - 2025-07-21 09:54:48 --> User IP: ::1
DEBUG - 2025-07-21 10:19:10 --> Session: Class initialized using 'CodeIgniter\Session\Handlers\FileHandler' driver.
DEBUG - 2025-07-21 10:19:10 --> User IP: ::1
DEBUG - 2025-07-21 10:23:10 --> Session: Class initialized using 'CodeIgniter\Session\Handlers\FileHandler' driver.
DEBUG - 2025-07-21 10:23:10 --> User IP: ::1
DEBUG - 2025-07-21 10:32:09 --> Session: Class initialized using 'CodeIgniter\Session\Handlers\FileHandler' driver.
DEBUG - 2025-07-21 10:32:09 --> User IP: ::1
DEBUG - 2025-07-21 10:32:37 --> Session: Class initialized using 'CodeIgniter\Session\Handlers\FileHandler' driver.
DEBUG - 2025-07-21 10:32:37 --> User IP: ::1
DEBUG - 2025-07-21 10:33:07 --> Session: Class initialized using 'CodeIgniter\Session\Handlers\FileHandler' driver.
DEBUG - 2025-07-21 10:33:07 --> User IP: ::1
DEBUG - 2025-07-21 10:33:29 --> Session: Class initialized using 'CodeIgniter\Session\Handlers\FileHandler' driver.
DEBUG - 2025-07-21 10:33:29 --> User IP: ::1
DEBUG - 2025-07-21 10:39:33 --> Session: Class initialized using 'CodeIgniter\Session\Handlers\FileHandler' driver.
DEBUG - 2025-07-21 10:39:33 --> User IP: ::1
DEBUG - 2025-07-21 10:39:40 --> Session: Class initialized using 'CodeIgniter\Session\Handlers\FileHandler' driver.
DEBUG - 2025-07-21 10:39:40 --> User IP: ::1
DEBUG - 2025-07-21 10:41:31 --> Session: Class initialized using 'CodeIgniter\Session\Handlers\FileHandler' driver.
DEBUG - 2025-07-21 10:41:31 --> User IP: ::1
DEBUG - 2025-07-21 11:44:34 --> Session: Class initialized using 'CodeIgniter\Session\Handlers\FileHandler' driver.
DEBUG - 2025-07-21 11:44:34 --> User IP: ::1
DEBUG - 2025-07-21 11:46:06 --> Session: Class initialized using 'CodeIgniter\Session\Handlers\FileHandler' driver.
DEBUG - 2025-07-21 11:46:06 --> User IP: ::1
DEBUG - 2025-07-21 11:48:38 --> Session: Class initialized using 'CodeIgniter\Session\Handlers\FileHandler' driver.
DEBUG - 2025-07-21 11:48:38 --> User IP: ::1
DEBUG - 2025-07-21 11:50:53 --> Session: Class initialized using 'CodeIgniter\Session\Handlers\FileHandler' driver.
DEBUG - 2025-07-21 11:50:53 --> User IP: ::1
DEBUG - 2025-07-21 11:51:22 --> Session: Class initialized using 'CodeIgniter\Session\Handlers\FileHandler' driver.
DEBUG - 2025-07-21 11:51:22 --> User IP: ::1
DEBUG - 2025-07-21 11:54:18 --> Session: Class initialized using 'CodeIgniter\Session\Handlers\FileHandler' driver.
DEBUG - 2025-07-21 11:54:18 --> User IP: ::1
DEBUG - 2025-07-21 11:54:41 --> Session: Class initialized using 'CodeIgniter\Session\Handlers\FileHandler' driver.
DEBUG - 2025-07-21 11:54:41 --> User IP: ::1
DEBUG - 2025-07-21 11:55:09 --> Session: Class initialized using 'CodeIgniter\Session\Handlers\FileHandler' driver.
DEBUG - 2025-07-21 11:55:09 --> User IP: ::1
DEBUG - 2025-07-21 12:00:43 --> Session: Class initialized using 'CodeIgniter\Session\Handlers\FileHandler' driver.
DEBUG - 2025-07-21 12:00:43 --> User IP: ::1
DEBUG - 2025-07-21 12:01:05 --> Session: Class initialized using 'CodeIgniter\Session\Handlers\FileHandler' driver.
DEBUG - 2025-07-21 12:01:05 --> User IP: ::1
DEBUG - 2025-07-21 12:02:09 --> Session: Class initialized using 'CodeIgniter\Session\Handlers\FileHandler' driver.
DEBUG - 2025-07-21 12:02:09 --> User IP: ::1
DEBUG - 2025-07-21 12:09:18 --> Session: Class initialized using 'CodeIgniter\Session\Handlers\FileHandler' driver.
DEBUG - 2025-07-21 12:09:18 --> User IP: ::1
DEBUG - 2025-07-21 12:09:51 --> Session: Class initialized using 'CodeIgniter\Session\Handlers\FileHandler' driver.
DEBUG - 2025-07-21 12:09:51 --> User IP: ::1
DEBUG - 2025-07-21 12:10:35 --> Session: Class initialized using 'CodeIgniter\Session\Handlers\FileHandler' driver.
DEBUG - 2025-07-21 12:10:35 --> User IP: ::1
DEBUG - 2025-07-21 12:12:48 --> Session: Class initialized using 'CodeIgniter\Session\Handlers\FileHandler' driver.
DEBUG - 2025-07-21 12:12:48 --> User IP: ::1
DEBUG - 2025-07-21 12:13:09 --> Session: Class initialized using 'CodeIgniter\Session\Handlers\FileHandler' driver.
DEBUG - 2025-07-21 12:13:09 --> User IP: ::1
DEBUG - 2025-07-21 12:17:40 --> Session: Class initialized using 'CodeIgniter\Session\Handlers\FileHandler' driver.
DEBUG - 2025-07-21 12:17:40 --> User IP: ::1
DEBUG - 2025-07-21 12:17:53 --> Session: Class initialized using 'CodeIgniter\Session\Handlers\FileHandler' driver.
DEBUG - 2025-07-21 12:17:53 --> User IP: ::1
DEBUG - 2025-07-21 12:20:28 --> Session: Class initialized using 'CodeIgniter\Session\Handlers\FileHandler' driver.
DEBUG - 2025-07-21 12:20:28 --> User IP: ::1
DEBUG - 2025-07-21 12:20:44 --> Session: Class initialized using 'CodeIgniter\Session\Handlers\FileHandler' driver.
DEBUG - 2025-07-21 12:20:44 --> User IP: ::1
DEBUG - 2025-07-21 12:22:55 --> Session: Class initialized using 'CodeIgniter\Session\Handlers\FileHandler' driver.
DEBUG - 2025-07-21 12:22:55 --> User IP: ::1
DEBUG - 2025-07-21 12:23:21 --> Session: Class initialized using 'CodeIgniter\Session\Handlers\FileHandler' driver.
DEBUG - 2025-07-21 12:23:21 --> User IP: ::1
DEBUG - 2025-07-21 12:25:08 --> Session: Class initialized using 'CodeIgniter\Session\Handlers\FileHandler' driver.
DEBUG - 2025-07-21 12:25:08 --> User IP: ::1
DEBUG - 2025-07-21 12:28:06 --> Session: Class initialized using 'CodeIgniter\Session\Handlers\FileHandler' driver.
DEBUG - 2025-07-21 12:28:06 --> User IP: ::1
DEBUG - 2025-07-21 12:29:07 --> Session: Class initialized using 'CodeIgniter\Session\Handlers\FileHandler' driver.
DEBUG - 2025-07-21 12:29:07 --> User IP: ::1
DEBUG - 2025-07-21 12:29:26 --> Session: Class initialized using 'CodeIgniter\Session\Handlers\FileHandler' driver.
DEBUG - 2025-07-21 12:29:26 --> User IP: ::1
DEBUG - 2025-07-21 12:31:02 --> Session: Class initialized using 'CodeIgniter\Session\Handlers\FileHandler' driver.
DEBUG - 2025-07-21 12:31:02 --> User IP: ::1
DEBUG - 2025-07-21 12:31:04 --> Session: Class initialized using 'CodeIgniter\Session\Handlers\FileHandler' driver.
DEBUG - 2025-07-21 12:31:04 --> User IP: ::1
DEBUG - 2025-07-21 12:31:08 --> Session: Class initialized using 'CodeIgniter\Session\Handlers\FileHandler' driver.
DEBUG - 2025-07-21 12:31:08 --> User IP: ::1
DEBUG - 2025-07-21 12:31:09 --> Session: Class initialized using 'CodeIgniter\Session\Handlers\FileHandler' driver.
DEBUG - 2025-07-21 12:31:09 --> User IP: ::1
DEBUG - 2025-07-21 12:33:54 --> Session: Class initialized using 'CodeIgniter\Session\Handlers\FileHandler' driver.
DEBUG - 2025-07-21 12:33:54 --> User IP: ::1
DEBUG - 2025-07-21 12:33:54 --> Session: Class initialized using 'CodeIgniter\Session\Handlers\FileHandler' driver.
DEBUG - 2025-07-21 12:33:54 --> User IP: ::1
DEBUG - 2025-07-21 12:34:15 --> Session: Class initialized using 'CodeIgniter\Session\Handlers\FileHandler' driver.
DEBUG - 2025-07-21 12:34:15 --> User IP: ::1
DEBUG - 2025-07-21 12:34:15 --> Session: Class initialized using 'CodeIgniter\Session\Handlers\FileHandler' driver.
DEBUG - 2025-07-21 12:34:15 --> User IP: ::1
DEBUG - 2025-07-21 12:35:09 --> Session: Class initialized using 'CodeIgniter\Session\Handlers\FileHandler' driver.
DEBUG - 2025-07-21 12:35:09 --> User IP: ::1
DEBUG - 2025-07-21 12:35:10 --> Session: Class initialized using 'CodeIgniter\Session\Handlers\FileHandler' driver.
DEBUG - 2025-07-21 12:35:10 --> User IP: ::1
DEBUG - 2025-07-21 12:35:11 --> Session: Class initialized using 'CodeIgniter\Session\Handlers\FileHandler' driver.
DEBUG - 2025-07-21 12:35:11 --> User IP: ::1
DEBUG - 2025-07-21 12:35:11 --> Session: Class initialized using 'CodeIgniter\Session\Handlers\FileHandler' driver.
DEBUG - 2025-07-21 12:35:11 --> User IP: ::1
DEBUG - 2025-07-21 12:35:34 --> Session: Class initialized using 'CodeIgniter\Session\Handlers\FileHandler' driver.
DEBUG - 2025-07-21 12:35:34 --> User IP: ::1
DEBUG - 2025-07-21 12:35:35 --> Session: Class initialized using 'CodeIgniter\Session\Handlers\FileHandler' driver.
DEBUG - 2025-07-21 12:35:35 --> User IP: ::1
DEBUG - 2025-07-21 12:36:30 --> Session: Class initialized using 'CodeIgniter\Session\Handlers\FileHandler' driver.
DEBUG - 2025-07-21 12:36:30 --> User IP: ::1
DEBUG - 2025-07-21 12:36:30 --> Session: Class initialized using 'CodeIgniter\Session\Handlers\FileHandler' driver.
DEBUG - 2025-07-21 12:36:30 --> User IP: ::1
DEBUG - 2025-07-21 12:37:41 --> Session: Class initialized using 'CodeIgniter\Session\Handlers\FileHandler' driver.
DEBUG - 2025-07-21 12:37:41 --> User IP: ::1
DEBUG - 2025-07-21 12:37:41 --> Session: Class initialized using 'CodeIgniter\Session\Handlers\FileHandler' driver.
DEBUG - 2025-07-21 12:37:41 --> User IP: ::1
DEBUG - 2025-07-21 12:38:17 --> Session: Class initialized using 'CodeIgniter\Session\Handlers\FileHandler' driver.
DEBUG - 2025-07-21 12:38:17 --> User IP: ::1
DEBUG - 2025-07-21 12:38:17 --> Session: Class initialized using 'CodeIgniter\Session\Handlers\FileHandler' driver.
DEBUG - 2025-07-21 12:38:17 --> User IP: ::1
DEBUG - 2025-07-21 12:38:38 --> Session: Class initialized using 'CodeIgniter\Session\Handlers\FileHandler' driver.
DEBUG - 2025-07-21 12:38:38 --> User IP: ::1
DEBUG - 2025-07-21 12:38:39 --> Session: Class initialized using 'CodeIgniter\Session\Handlers\FileHandler' driver.
DEBUG - 2025-07-21 12:38:39 --> User IP: ::1
DEBUG - 2025-07-21 12:38:46 --> Session: Class initialized using 'CodeIgniter\Session\Handlers\FileHandler' driver.
DEBUG - 2025-07-21 12:38:46 --> User IP: ::1
DEBUG - 2025-07-21 12:38:47 --> Session: Class initialized using 'CodeIgniter\Session\Handlers\FileHandler' driver.
DEBUG - 2025-07-21 12:38:47 --> User IP: ::1
DEBUG - 2025-07-21 12:38:52 --> Session: Class initialized using 'CodeIgniter\Session\Handlers\FileHandler' driver.
DEBUG - 2025-07-21 12:38:52 --> User IP: ::1
DEBUG - 2025-07-21 12:38:53 --> Session: Class initialized using 'CodeIgniter\Session\Handlers\FileHandler' driver.
DEBUG - 2025-07-21 12:38:53 --> User IP: ::1
DEBUG - 2025-07-21 12:40:08 --> Session: Class initialized using 'CodeIgniter\Session\Handlers\FileHandler' driver.
DEBUG - 2025-07-21 12:40:08 --> User IP: ::1
DEBUG - 2025-07-21 12:40:09 --> Session: Class initialized using 'CodeIgniter\Session\Handlers\FileHandler' driver.
DEBUG - 2025-07-21 12:40:09 --> User IP: ::1
DEBUG - 2025-07-21 12:40:16 --> Session: Class initialized using 'CodeIgniter\Session\Handlers\FileHandler' driver.
DEBUG - 2025-07-21 12:40:16 --> User IP: ::1
DEBUG - 2025-07-21 12:40:17 --> Session: Class initialized using 'CodeIgniter\Session\Handlers\FileHandler' driver.
DEBUG - 2025-07-21 12:40:17 --> User IP: ::1
DEBUG - 2025-07-21 12:41:09 --> Session: Class initialized using 'CodeIgniter\Session\Handlers\FileHandler' driver.
DEBUG - 2025-07-21 12:41:09 --> User IP: ::1
DEBUG - 2025-07-21 12:41:09 --> Session: Class initialized using 'CodeIgniter\Session\Handlers\FileHandler' driver.
DEBUG - 2025-07-21 12:41:09 --> User IP: ::1
