DEBUG - 2025-09-10 07:06:16 --> Session: Class initialized using 'CodeIgniter\Session\Handlers\FileHandler' driver.
DEBUG - 2025-09-10 07:06:16 --> User IP: ::1
DEBUG - 2025-09-10 07:06:49 --> Session: Class initialized using 'CodeIgniter\Session\Handlers\FileHandler' driver.
DEBUG - 2025-09-10 07:06:49 --> User IP: ::1
DEBUG - 2025-09-10 07:07:07 --> Session: Class initialized using 'CodeIgniter\Session\Handlers\FileHandler' driver.
DEBUG - 2025-09-10 07:07:07 --> User IP: ::1
DEBUG - 2025-09-10 07:07:20 --> Session: Class initialized using 'CodeIgniter\Session\Handlers\FileHandler' driver.
DEBUG - 2025-09-10 07:07:20 --> User IP: ::1
DEBUG - 2025-09-10 07:07:54 --> Session: Class initialized using 'CodeIgniter\Session\Handlers\FileHandler' driver.
DEBUG - 2025-09-10 07:07:54 --> User IP: ::1
DEBUG - 2025-09-10 07:08:42 --> Session: Class initialized using 'CodeIgniter\Session\Handlers\FileHandler' driver.
DEBUG - 2025-09-10 07:08:42 --> User IP: ::1
DEBUG - 2025-09-10 07:13:57 --> Session: Class initialized using 'CodeIgniter\Session\Handlers\FileHandler' driver.
DEBUG - 2025-09-10 07:13:57 --> User IP: ::1
DEBUG - 2025-09-10 07:14:14 --> Session: Class initialized using 'CodeIgniter\Session\Handlers\FileHandler' driver.
DEBUG - 2025-09-10 07:14:14 --> User IP: ::1
DEBUG - 2025-09-10 07:16:09 --> Session: Class initialized using 'CodeIgniter\Session\Handlers\FileHandler' driver.
DEBUG - 2025-09-10 07:16:09 --> User IP: ::1
DEBUG - 2025-09-10 07:16:51 --> Session: Class initialized using 'CodeIgniter\Session\Handlers\FileHandler' driver.
DEBUG - 2025-09-10 07:16:51 --> User IP: ::1
DEBUG - 2025-09-10 07:17:06 --> Session: Class initialized using 'CodeIgniter\Session\Handlers\FileHandler' driver.
DEBUG - 2025-09-10 07:17:06 --> User IP: ::1
DEBUG - 2025-09-10 07:17:15 --> Session: Class initialized using 'CodeIgniter\Session\Handlers\FileHandler' driver.
DEBUG - 2025-09-10 07:17:15 --> User IP: ::1
DEBUG - 2025-09-10 07:17:37 --> Session: Class initialized using 'CodeIgniter\Session\Handlers\FileHandler' driver.
DEBUG - 2025-09-10 07:17:37 --> User IP: ::1
DEBUG - 2025-09-10 07:17:46 --> Session: Class initialized using 'CodeIgniter\Session\Handlers\FileHandler' driver.
DEBUG - 2025-09-10 07:17:46 --> User IP: ::1
DEBUG - 2025-09-10 07:18:22 --> Session: Class initialized using 'CodeIgniter\Session\Handlers\FileHandler' driver.
DEBUG - 2025-09-10 07:18:22 --> User IP: ::1
DEBUG - 2025-09-10 07:18:31 --> Session: Class initialized using 'CodeIgniter\Session\Handlers\FileHandler' driver.
DEBUG - 2025-09-10 07:18:31 --> User IP: ::1
DEBUG - 2025-09-10 07:19:05 --> Session: Class initialized using 'CodeIgniter\Session\Handlers\FileHandler' driver.
DEBUG - 2025-09-10 07:19:05 --> User IP: ::1
DEBUG - 2025-09-10 07:21:28 --> Session: Class initialized using 'CodeIgniter\Session\Handlers\FileHandler' driver.
DEBUG - 2025-09-10 07:21:28 --> User IP: ::1
DEBUG - 2025-09-10 07:21:39 --> Session: Class initialized using 'CodeIgniter\Session\Handlers\FileHandler' driver.
DEBUG - 2025-09-10 07:21:39 --> User IP: ::1
DEBUG - 2025-09-10 07:23:11 --> Session: Class initialized using 'CodeIgniter\Session\Handlers\FileHandler' driver.
DEBUG - 2025-09-10 07:23:11 --> User IP: ::1
DEBUG - 2025-09-10 07:23:28 --> Session: Class initialized using 'CodeIgniter\Session\Handlers\FileHandler' driver.
DEBUG - 2025-09-10 07:23:28 --> User IP: ::1
DEBUG - 2025-09-10 07:23:37 --> Session: Class initialized using 'CodeIgniter\Session\Handlers\FileHandler' driver.
DEBUG - 2025-09-10 07:23:37 --> User IP: ::1
DEBUG - 2025-09-10 07:24:18 --> Session: Class initialized using 'CodeIgniter\Session\Handlers\FileHandler' driver.
DEBUG - 2025-09-10 07:24:18 --> User IP: ::1
DEBUG - 2025-09-10 07:25:42 --> Session: Class initialized using 'CodeIgniter\Session\Handlers\FileHandler' driver.
DEBUG - 2025-09-10 07:25:42 --> User IP: ::1
DEBUG - 2025-09-10 07:26:01 --> Session: Class initialized using 'CodeIgniter\Session\Handlers\FileHandler' driver.
DEBUG - 2025-09-10 07:26:01 --> User IP: ::1
DEBUG - 2025-09-10 07:26:28 --> Session: Class initialized using 'CodeIgniter\Session\Handlers\FileHandler' driver.
DEBUG - 2025-09-10 07:26:28 --> User IP: ::1
DEBUG - 2025-09-10 07:26:53 --> Session: Class initialized using 'CodeIgniter\Session\Handlers\FileHandler' driver.
DEBUG - 2025-09-10 07:26:53 --> User IP: ::1
DEBUG - 2025-09-10 07:27:00 --> Session: Class initialized using 'CodeIgniter\Session\Handlers\FileHandler' driver.
DEBUG - 2025-09-10 07:27:00 --> User IP: ::1
DEBUG - 2025-09-10 07:27:22 --> Session: Class initialized using 'CodeIgniter\Session\Handlers\FileHandler' driver.
DEBUG - 2025-09-10 07:27:22 --> User IP: ::1
DEBUG - 2025-09-10 07:27:28 --> Session: Class initialized using 'CodeIgniter\Session\Handlers\FileHandler' driver.
DEBUG - 2025-09-10 07:27:28 --> User IP: ::1
DEBUG - 2025-09-10 07:27:32 --> Session: Class initialized using 'CodeIgniter\Session\Handlers\FileHandler' driver.
DEBUG - 2025-09-10 07:27:32 --> User IP: ::1
DEBUG - 2025-09-10 07:27:39 --> Session: Class initialized using 'CodeIgniter\Session\Handlers\FileHandler' driver.
DEBUG - 2025-09-10 07:27:39 --> User IP: ::1
DEBUG - 2025-09-10 07:28:13 --> Session: Class initialized using 'CodeIgniter\Session\Handlers\FileHandler' driver.
DEBUG - 2025-09-10 07:28:13 --> User IP: ::1
DEBUG - 2025-09-10 07:28:21 --> Session: Class initialized using 'CodeIgniter\Session\Handlers\FileHandler' driver.
DEBUG - 2025-09-10 07:28:21 --> User IP: ::1
DEBUG - 2025-09-10 07:28:33 --> Session: Class initialized using 'CodeIgniter\Session\Handlers\FileHandler' driver.
DEBUG - 2025-09-10 07:28:33 --> User IP: ::1
DEBUG - 2025-09-10 08:19:03 --> Session: Class initialized using 'CodeIgniter\Session\Handlers\FileHandler' driver.
DEBUG - 2025-09-10 08:19:03 --> User IP: ::1
DEBUG - 2025-09-10 08:19:24 --> Session: Class initialized using 'CodeIgniter\Session\Handlers\FileHandler' driver.
DEBUG - 2025-09-10 08:19:24 --> User IP: ::1
DEBUG - 2025-09-10 08:19:58 --> Session: Class initialized using 'CodeIgniter\Session\Handlers\FileHandler' driver.
DEBUG - 2025-09-10 08:19:58 --> User IP: ::1
DEBUG - 2025-09-10 08:20:04 --> Session: Class initialized using 'CodeIgniter\Session\Handlers\FileHandler' driver.
DEBUG - 2025-09-10 08:20:04 --> User IP: ::1
DEBUG - 2025-09-10 08:21:20 --> Session: Class initialized using 'CodeIgniter\Session\Handlers\FileHandler' driver.
DEBUG - 2025-09-10 08:21:20 --> User IP: ::1
DEBUG - 2025-09-10 08:21:30 --> Session: Class initialized using 'CodeIgniter\Session\Handlers\FileHandler' driver.
DEBUG - 2025-09-10 08:21:30 --> User IP: ::1
DEBUG - 2025-09-10 08:21:35 --> Session: Class initialized using 'CodeIgniter\Session\Handlers\FileHandler' driver.
DEBUG - 2025-09-10 08:21:35 --> User IP: ::1
DEBUG - 2025-09-10 08:23:12 --> Session: Class initialized using 'CodeIgniter\Session\Handlers\FileHandler' driver.
DEBUG - 2025-09-10 08:23:12 --> User IP: ::1
DEBUG - 2025-09-10 08:23:20 --> Session: Class initialized using 'CodeIgniter\Session\Handlers\FileHandler' driver.
DEBUG - 2025-09-10 08:23:20 --> User IP: ::1
DEBUG - 2025-09-10 08:24:47 --> Session: Class initialized using 'CodeIgniter\Session\Handlers\FileHandler' driver.
DEBUG - 2025-09-10 08:24:47 --> User IP: ::1
DEBUG - 2025-09-10 08:27:39 --> Session: Class initialized using 'CodeIgniter\Session\Handlers\FileHandler' driver.
DEBUG - 2025-09-10 08:27:39 --> User IP: ::1
DEBUG - 2025-09-10 08:28:21 --> Session: Class initialized using 'CodeIgniter\Session\Handlers\FileHandler' driver.
DEBUG - 2025-09-10 08:28:21 --> User IP: ::1
DEBUG - 2025-09-10 08:28:48 --> Session: Class initialized using 'CodeIgniter\Session\Handlers\FileHandler' driver.
DEBUG - 2025-09-10 08:28:48 --> User IP: ::1
DEBUG - 2025-09-10 08:29:19 --> Session: Class initialized using 'CodeIgniter\Session\Handlers\FileHandler' driver.
DEBUG - 2025-09-10 08:29:19 --> User IP: ::1
DEBUG - 2025-09-10 08:30:50 --> Session: Class initialized using 'CodeIgniter\Session\Handlers\FileHandler' driver.
DEBUG - 2025-09-10 08:30:50 --> User IP: ::1
DEBUG - 2025-09-10 08:31:06 --> Session: Class initialized using 'CodeIgniter\Session\Handlers\FileHandler' driver.
DEBUG - 2025-09-10 08:31:06 --> User IP: ::1
DEBUG - 2025-09-10 08:31:12 --> Session: Class initialized using 'CodeIgniter\Session\Handlers\FileHandler' driver.
DEBUG - 2025-09-10 08:31:12 --> User IP: ::1
DEBUG - 2025-09-10 08:32:24 --> Session: Class initialized using 'CodeIgniter\Session\Handlers\FileHandler' driver.
DEBUG - 2025-09-10 08:32:24 --> User IP: ::1
DEBUG - 2025-09-10 08:32:57 --> Session: Class initialized using 'CodeIgniter\Session\Handlers\FileHandler' driver.
DEBUG - 2025-09-10 08:32:57 --> User IP: ::1
DEBUG - 2025-09-10 08:33:26 --> Session: Class initialized using 'CodeIgniter\Session\Handlers\FileHandler' driver.
DEBUG - 2025-09-10 08:33:26 --> User IP: ::1
DEBUG - 2025-09-10 08:34:30 --> Session: Class initialized using 'CodeIgniter\Session\Handlers\FileHandler' driver.
DEBUG - 2025-09-10 08:34:30 --> User IP: ::1
DEBUG - 2025-09-10 08:35:45 --> Session: Class initialized using 'CodeIgniter\Session\Handlers\FileHandler' driver.
DEBUG - 2025-09-10 08:35:45 --> User IP: ::1
DEBUG - 2025-09-10 08:38:01 --> Session: Class initialized using 'CodeIgniter\Session\Handlers\FileHandler' driver.
DEBUG - 2025-09-10 08:38:01 --> User IP: ::1
DEBUG - 2025-09-10 08:38:04 --> Session: Class initialized using 'CodeIgniter\Session\Handlers\FileHandler' driver.
DEBUG - 2025-09-10 08:38:04 --> User IP: ::1
DEBUG - 2025-09-10 08:38:06 --> Session: Class initialized using 'CodeIgniter\Session\Handlers\FileHandler' driver.
DEBUG - 2025-09-10 08:38:06 --> User IP: ::1
DEBUG - 2025-09-10 08:38:19 --> Session: Class initialized using 'CodeIgniter\Session\Handlers\FileHandler' driver.
DEBUG - 2025-09-10 08:38:19 --> User IP: ::1
DEBUG - 2025-09-10 08:38:21 --> Session: Class initialized using 'CodeIgniter\Session\Handlers\FileHandler' driver.
DEBUG - 2025-09-10 08:38:21 --> User IP: ::1
DEBUG - 2025-09-10 08:38:21 --> Session: Class initialized using 'CodeIgniter\Session\Handlers\FileHandler' driver.
DEBUG - 2025-09-10 08:38:21 --> User IP: ::1
DEBUG - 2025-09-10 08:38:22 --> Session: Class initialized using 'CodeIgniter\Session\Handlers\FileHandler' driver.
DEBUG - 2025-09-10 08:38:22 --> User IP: ::1
DEBUG - 2025-09-10 08:38:23 --> Session: Class initialized using 'CodeIgniter\Session\Handlers\FileHandler' driver.
DEBUG - 2025-09-10 08:38:23 --> User IP: ::1
DEBUG - 2025-09-10 08:40:35 --> Session: Class initialized using 'CodeIgniter\Session\Handlers\FileHandler' driver.
DEBUG - 2025-09-10 08:40:35 --> User IP: ::1
DEBUG - 2025-09-10 08:40:47 --> Session: Class initialized using 'CodeIgniter\Session\Handlers\FileHandler' driver.
DEBUG - 2025-09-10 08:40:47 --> User IP: ::1
DEBUG - 2025-09-10 08:41:29 --> Session: Class initialized using 'CodeIgniter\Session\Handlers\FileHandler' driver.
DEBUG - 2025-09-10 08:41:29 --> User IP: ::1
DEBUG - 2025-09-10 08:41:53 --> Session: Class initialized using 'CodeIgniter\Session\Handlers\FileHandler' driver.
DEBUG - 2025-09-10 08:41:53 --> User IP: ::1
DEBUG - 2025-09-10 08:43:59 --> Session: Class initialized using 'CodeIgniter\Session\Handlers\FileHandler' driver.
DEBUG - 2025-09-10 08:43:59 --> User IP: ::1
DEBUG - 2025-09-10 08:44:13 --> Session: Class initialized using 'CodeIgniter\Session\Handlers\FileHandler' driver.
DEBUG - 2025-09-10 08:44:13 --> User IP: ::1
DEBUG - 2025-09-10 08:45:06 --> Session: Class initialized using 'CodeIgniter\Session\Handlers\FileHandler' driver.
DEBUG - 2025-09-10 08:45:06 --> User IP: ::1
DEBUG - 2025-09-10 08:45:25 --> Session: Class initialized using 'CodeIgniter\Session\Handlers\FileHandler' driver.
DEBUG - 2025-09-10 08:45:25 --> User IP: ::1
DEBUG - 2025-09-10 08:45:31 --> Session: Class initialized using 'CodeIgniter\Session\Handlers\FileHandler' driver.
DEBUG - 2025-09-10 08:45:31 --> User IP: ::1
DEBUG - 2025-09-10 08:45:38 --> Session: Class initialized using 'CodeIgniter\Session\Handlers\FileHandler' driver.
DEBUG - 2025-09-10 08:45:38 --> User IP: ::1
DEBUG - 2025-09-10 08:45:56 --> Session: Class initialized using 'CodeIgniter\Session\Handlers\FileHandler' driver.
DEBUG - 2025-09-10 08:45:56 --> User IP: ::1
DEBUG - 2025-09-10 08:46:55 --> Session: Class initialized using 'CodeIgniter\Session\Handlers\FileHandler' driver.
DEBUG - 2025-09-10 08:46:55 --> User IP: ::1
DEBUG - 2025-09-10 08:48:22 --> Session: Class initialized using 'CodeIgniter\Session\Handlers\FileHandler' driver.
DEBUG - 2025-09-10 08:48:22 --> User IP: ::1
DEBUG - 2025-09-10 08:48:44 --> Session: Class initialized using 'CodeIgniter\Session\Handlers\FileHandler' driver.
DEBUG - 2025-09-10 08:48:44 --> User IP: ::1
DEBUG - 2025-09-10 08:49:10 --> Session: Class initialized using 'CodeIgniter\Session\Handlers\FileHandler' driver.
DEBUG - 2025-09-10 08:49:10 --> User IP: ::1
DEBUG - 2025-09-10 08:50:32 --> Session: Class initialized using 'CodeIgniter\Session\Handlers\FileHandler' driver.
DEBUG - 2025-09-10 08:50:32 --> User IP: ::1
DEBUG - 2025-09-10 08:51:07 --> Session: Class initialized using 'CodeIgniter\Session\Handlers\FileHandler' driver.
DEBUG - 2025-09-10 08:51:07 --> User IP: ::1
DEBUG - 2025-09-10 08:51:15 --> Session: Class initialized using 'CodeIgniter\Session\Handlers\FileHandler' driver.
DEBUG - 2025-09-10 08:51:15 --> User IP: ::1
DEBUG - 2025-09-10 08:51:34 --> Session: Class initialized using 'CodeIgniter\Session\Handlers\FileHandler' driver.
DEBUG - 2025-09-10 08:51:34 --> User IP: ::1
DEBUG - 2025-09-10 08:51:36 --> Session: Class initialized using 'CodeIgniter\Session\Handlers\FileHandler' driver.
DEBUG - 2025-09-10 08:51:36 --> User IP: ::1
DEBUG - 2025-09-10 08:51:48 --> Session: Class initialized using 'CodeIgniter\Session\Handlers\FileHandler' driver.
DEBUG - 2025-09-10 08:51:48 --> User IP: ::1
DEBUG - 2025-09-10 08:51:52 --> Session: Class initialized using 'CodeIgniter\Session\Handlers\FileHandler' driver.
DEBUG - 2025-09-10 08:51:52 --> User IP: ::1
DEBUG - 2025-09-10 08:51:56 --> Session: Class initialized using 'CodeIgniter\Session\Handlers\FileHandler' driver.
DEBUG - 2025-09-10 08:51:56 --> User IP: ::1
DEBUG - 2025-09-10 08:52:39 --> Session: Class initialized using 'CodeIgniter\Session\Handlers\FileHandler' driver.
DEBUG - 2025-09-10 08:52:39 --> User IP: ::1
DEBUG - 2025-09-10 08:52:43 --> Session: Class initialized using 'CodeIgniter\Session\Handlers\FileHandler' driver.
DEBUG - 2025-09-10 08:52:43 --> User IP: ::1
DEBUG - 2025-09-10 08:54:49 --> Session: Class initialized using 'CodeIgniter\Session\Handlers\FileHandler' driver.
DEBUG - 2025-09-10 08:54:49 --> User IP: ::1
DEBUG - 2025-09-10 08:55:35 --> Session: Class initialized using 'CodeIgniter\Session\Handlers\FileHandler' driver.
DEBUG - 2025-09-10 08:55:35 --> User IP: ::1
DEBUG - 2025-09-10 08:56:13 --> Session: Class initialized using 'CodeIgniter\Session\Handlers\FileHandler' driver.
DEBUG - 2025-09-10 08:56:13 --> User IP: ::1
DEBUG - 2025-09-10 08:57:32 --> Session: Class initialized using 'CodeIgniter\Session\Handlers\FileHandler' driver.
DEBUG - 2025-09-10 08:57:32 --> User IP: ::1
DEBUG - 2025-09-10 08:57:54 --> Session: Class initialized using 'CodeIgniter\Session\Handlers\FileHandler' driver.
DEBUG - 2025-09-10 08:57:54 --> User IP: ::1
DEBUG - 2025-09-10 08:58:03 --> Session: Class initialized using 'CodeIgniter\Session\Handlers\FileHandler' driver.
DEBUG - 2025-09-10 08:58:03 --> User IP: ::1
DEBUG - 2025-09-10 08:58:37 --> Session: Class initialized using 'CodeIgniter\Session\Handlers\FileHandler' driver.
DEBUG - 2025-09-10 08:58:37 --> User IP: ::1
DEBUG - 2025-09-10 08:58:59 --> Session: Class initialized using 'CodeIgniter\Session\Handlers\FileHandler' driver.
DEBUG - 2025-09-10 08:58:59 --> User IP: ::1
DEBUG - 2025-09-10 08:59:09 --> Session: Class initialized using 'CodeIgniter\Session\Handlers\FileHandler' driver.
DEBUG - 2025-09-10 08:59:09 --> User IP: ::1
DEBUG - 2025-09-10 08:59:14 --> Session: Class initialized using 'CodeIgniter\Session\Handlers\FileHandler' driver.
DEBUG - 2025-09-10 08:59:14 --> User IP: ::1
DEBUG - 2025-09-10 08:59:25 --> Session: Class initialized using 'CodeIgniter\Session\Handlers\FileHandler' driver.
DEBUG - 2025-09-10 08:59:25 --> User IP: ::1
DEBUG - 2025-09-10 08:59:37 --> Session: Class initialized using 'CodeIgniter\Session\Handlers\FileHandler' driver.
DEBUG - 2025-09-10 08:59:37 --> User IP: ::1
DEBUG - 2025-09-10 09:02:24 --> Session: Class initialized using 'CodeIgniter\Session\Handlers\FileHandler' driver.
DEBUG - 2025-09-10 09:02:24 --> User IP: ::1
DEBUG - 2025-09-10 09:02:26 --> Session: Class initialized using 'CodeIgniter\Session\Handlers\FileHandler' driver.
DEBUG - 2025-09-10 09:02:26 --> User IP: ::1
DEBUG - 2025-09-10 09:03:52 --> Session: Class initialized using 'CodeIgniter\Session\Handlers\FileHandler' driver.
DEBUG - 2025-09-10 09:03:52 --> User IP: ::1
DEBUG - 2025-09-10 09:03:56 --> Session: Class initialized using 'CodeIgniter\Session\Handlers\FileHandler' driver.
DEBUG - 2025-09-10 09:03:56 --> User IP: ::1
DEBUG - 2025-09-10 09:05:10 --> Session: Class initialized using 'CodeIgniter\Session\Handlers\FileHandler' driver.
DEBUG - 2025-09-10 09:05:10 --> User IP: ::1
DEBUG - 2025-09-10 09:05:36 --> Session: Class initialized using 'CodeIgniter\Session\Handlers\FileHandler' driver.
DEBUG - 2025-09-10 09:05:36 --> User IP: ::1
DEBUG - 2025-09-10 09:05:47 --> Session: Class initialized using 'CodeIgniter\Session\Handlers\FileHandler' driver.
DEBUG - 2025-09-10 09:05:47 --> User IP: ::1
DEBUG - 2025-09-10 09:05:56 --> Session: Class initialized using 'CodeIgniter\Session\Handlers\FileHandler' driver.
DEBUG - 2025-09-10 09:05:56 --> User IP: ::1
DEBUG - 2025-09-10 09:07:30 --> Session: Class initialized using 'CodeIgniter\Session\Handlers\FileHandler' driver.
DEBUG - 2025-09-10 09:07:30 --> User IP: ::1
DEBUG - 2025-09-10 09:08:22 --> Session: Class initialized using 'CodeIgniter\Session\Handlers\FileHandler' driver.
DEBUG - 2025-09-10 09:08:22 --> User IP: ::1
DEBUG - 2025-09-10 09:08:32 --> Session: Class initialized using 'CodeIgniter\Session\Handlers\FileHandler' driver.
DEBUG - 2025-09-10 09:08:32 --> User IP: ::1
DEBUG - 2025-09-10 09:08:41 --> Session: Class initialized using 'CodeIgniter\Session\Handlers\FileHandler' driver.
DEBUG - 2025-09-10 09:08:41 --> User IP: ::1
DEBUG - 2025-09-10 09:09:06 --> Session: Class initialized using 'CodeIgniter\Session\Handlers\FileHandler' driver.
DEBUG - 2025-09-10 09:09:06 --> User IP: ::1
DEBUG - 2025-09-10 09:09:31 --> Session: Class initialized using 'CodeIgniter\Session\Handlers\FileHandler' driver.
DEBUG - 2025-09-10 09:09:31 --> User IP: ::1
DEBUG - 2025-09-10 09:09:44 --> Session: Class initialized using 'CodeIgniter\Session\Handlers\FileHandler' driver.
DEBUG - 2025-09-10 09:09:44 --> User IP: ::1
DEBUG - 2025-09-10 09:10:10 --> Session: Class initialized using 'CodeIgniter\Session\Handlers\FileHandler' driver.
DEBUG - 2025-09-10 09:10:10 --> User IP: ::1
DEBUG - 2025-09-10 09:10:33 --> Session: Class initialized using 'CodeIgniter\Session\Handlers\FileHandler' driver.
DEBUG - 2025-09-10 09:10:33 --> User IP: ::1
DEBUG - 2025-09-10 09:10:44 --> Session: Class initialized using 'CodeIgniter\Session\Handlers\FileHandler' driver.
DEBUG - 2025-09-10 09:10:44 --> User IP: ::1
DEBUG - 2025-09-10 09:11:07 --> Session: Class initialized using 'CodeIgniter\Session\Handlers\FileHandler' driver.
DEBUG - 2025-09-10 09:11:07 --> User IP: ::1
DEBUG - 2025-09-10 09:12:20 --> Session: Class initialized using 'CodeIgniter\Session\Handlers\FileHandler' driver.
DEBUG - 2025-09-10 09:12:20 --> User IP: ::1
DEBUG - 2025-09-10 09:15:10 --> Session: Class initialized using 'CodeIgniter\Session\Handlers\FileHandler' driver.
DEBUG - 2025-09-10 09:15:10 --> User IP: ::1
DEBUG - 2025-09-10 09:15:39 --> Session: Class initialized using 'CodeIgniter\Session\Handlers\FileHandler' driver.
DEBUG - 2025-09-10 09:15:39 --> User IP: ::1
DEBUG - 2025-09-10 09:16:47 --> Session: Class initialized using 'CodeIgniter\Session\Handlers\FileHandler' driver.
DEBUG - 2025-09-10 09:16:47 --> User IP: ::1
DEBUG - 2025-09-10 09:19:17 --> Session: Class initialized using 'CodeIgniter\Session\Handlers\FileHandler' driver.
DEBUG - 2025-09-10 09:19:17 --> User IP: ::1
DEBUG - 2025-09-10 09:19:24 --> Session: Class initialized using 'CodeIgniter\Session\Handlers\FileHandler' driver.
DEBUG - 2025-09-10 09:19:24 --> User IP: ::1
DEBUG - 2025-09-10 09:21:15 --> Session: Class initialized using 'CodeIgniter\Session\Handlers\FileHandler' driver.
DEBUG - 2025-09-10 09:21:15 --> User IP: ::1
DEBUG - 2025-09-10 09:21:31 --> Session: Class initialized using 'CodeIgniter\Session\Handlers\FileHandler' driver.
DEBUG - 2025-09-10 09:21:31 --> User IP: ::1
DEBUG - 2025-09-10 09:21:52 --> Session: Class initialized using 'CodeIgniter\Session\Handlers\FileHandler' driver.
DEBUG - 2025-09-10 09:21:52 --> User IP: ::1
DEBUG - 2025-09-10 09:24:16 --> Session: Class initialized using 'CodeIgniter\Session\Handlers\FileHandler' driver.
DEBUG - 2025-09-10 09:24:16 --> User IP: ::1
DEBUG - 2025-09-10 09:30:52 --> Session: Class initialized using 'CodeIgniter\Session\Handlers\FileHandler' driver.
DEBUG - 2025-09-10 09:30:52 --> User IP: ::1
DEBUG - 2025-09-10 09:31:51 --> Session: Class initialized using 'CodeIgniter\Session\Handlers\FileHandler' driver.
DEBUG - 2025-09-10 09:31:51 --> User IP: ::1
DEBUG - 2025-09-10 09:33:13 --> Session: Class initialized using 'CodeIgniter\Session\Handlers\FileHandler' driver.
DEBUG - 2025-09-10 09:33:13 --> User IP: ::1
DEBUG - 2025-09-10 09:34:03 --> Session: Class initialized using 'CodeIgniter\Session\Handlers\FileHandler' driver.
DEBUG - 2025-09-10 09:34:03 --> User IP: ::1
DEBUG - 2025-09-10 09:36:27 --> Session: Class initialized using 'CodeIgniter\Session\Handlers\FileHandler' driver.
DEBUG - 2025-09-10 09:36:27 --> User IP: ::1
DEBUG - 2025-09-10 09:37:02 --> Session: Class initialized using 'CodeIgniter\Session\Handlers\FileHandler' driver.
DEBUG - 2025-09-10 09:37:02 --> User IP: ::1
DEBUG - 2025-09-10 09:38:01 --> Session: Class initialized using 'CodeIgniter\Session\Handlers\FileHandler' driver.
DEBUG - 2025-09-10 09:38:01 --> User IP: ::1
DEBUG - 2025-09-10 09:38:16 --> Session: Class initialized using 'CodeIgniter\Session\Handlers\FileHandler' driver.
DEBUG - 2025-09-10 09:38:16 --> User IP: ::1
DEBUG - 2025-09-10 10:08:32 --> Session: Class initialized using 'CodeIgniter\Session\Handlers\FileHandler' driver.
DEBUG - 2025-09-10 10:08:32 --> User IP: ::1
DEBUG - 2025-09-10 10:08:36 --> Session: Class initialized using 'CodeIgniter\Session\Handlers\FileHandler' driver.
DEBUG - 2025-09-10 10:14:37 --> Session: Class initialized using 'CodeIgniter\Session\Handlers\FileHandler' driver.
DEBUG - 2025-09-10 10:14:37 --> User IP: ::1
DEBUG - 2025-09-10 10:14:39 --> Session: Class initialized using 'CodeIgniter\Session\Handlers\FileHandler' driver.
DEBUG - 2025-09-10 10:14:39 --> User IP: ::1
DEBUG - 2025-09-10 10:16:33 --> Session: Class initialized using 'CodeIgniter\Session\Handlers\FileHandler' driver.
DEBUG - 2025-09-10 10:16:33 --> User IP: ::1
DEBUG - 2025-09-10 10:16:38 --> Session: Class initialized using 'CodeIgniter\Session\Handlers\FileHandler' driver.
DEBUG - 2025-09-10 10:16:38 --> User IP: ::1
DEBUG - 2025-09-10 10:19:14 --> Session: Class initialized using 'CodeIgniter\Session\Handlers\FileHandler' driver.
DEBUG - 2025-09-10 10:19:14 --> User IP: ::1
DEBUG - 2025-09-10 10:22:04 --> Session: Class initialized using 'CodeIgniter\Session\Handlers\FileHandler' driver.
DEBUG - 2025-09-10 10:22:04 --> User IP: ::1
DEBUG - 2025-09-10 10:22:07 --> Session: Class initialized using 'CodeIgniter\Session\Handlers\FileHandler' driver.
DEBUG - 2025-09-10 10:22:07 --> User IP: ::1
DEBUG - 2025-09-10 10:23:09 --> Session: Class initialized using 'CodeIgniter\Session\Handlers\FileHandler' driver.
DEBUG - 2025-09-10 10:23:09 --> User IP: ::1
DEBUG - 2025-09-10 10:23:27 --> Session: Class initialized using 'CodeIgniter\Session\Handlers\FileHandler' driver.
DEBUG - 2025-09-10 10:23:27 --> User IP: ::1
DEBUG - 2025-09-10 10:23:29 --> Session: Class initialized using 'CodeIgniter\Session\Handlers\FileHandler' driver.
DEBUG - 2025-09-10 10:24:37 --> Session: Class initialized using 'CodeIgniter\Session\Handlers\FileHandler' driver.
DEBUG - 2025-09-10 10:24:37 --> User IP: ::1
DEBUG - 2025-09-10 10:24:48 --> Session: Class initialized using 'CodeIgniter\Session\Handlers\FileHandler' driver.
DEBUG - 2025-09-10 10:26:14 --> Session: Class initialized using 'CodeIgniter\Session\Handlers\FileHandler' driver.
DEBUG - 2025-09-10 10:26:14 --> User IP: ::1
DEBUG - 2025-09-10 10:26:23 --> Session: Class initialized using 'CodeIgniter\Session\Handlers\FileHandler' driver.
DEBUG - 2025-09-10 10:26:23 --> User IP: ::1
DEBUG - 2025-09-10 10:26:59 --> Session: Class initialized using 'CodeIgniter\Session\Handlers\FileHandler' driver.
DEBUG - 2025-09-10 10:26:59 --> User IP: ::1
DEBUG - 2025-09-10 10:27:05 --> Session: Class initialized using 'CodeIgniter\Session\Handlers\FileHandler' driver.
DEBUG - 2025-09-10 10:27:05 --> User IP: ::1
DEBUG - 2025-09-10 10:29:53 --> Session: Class initialized using 'CodeIgniter\Session\Handlers\FileHandler' driver.
DEBUG - 2025-09-10 10:29:53 --> User IP: ::1
DEBUG - 2025-09-10 10:30:13 --> Session: Class initialized using 'CodeIgniter\Session\Handlers\FileHandler' driver.
DEBUG - 2025-09-10 10:30:13 --> User IP: ::1
DEBUG - 2025-09-10 10:30:13 --> Session: Class initialized using 'CodeIgniter\Session\Handlers\FileHandler' driver.
DEBUG - 2025-09-10 10:30:13 --> User IP: ::1
DEBUG - 2025-09-10 10:30:18 --> Session: Class initialized using 'CodeIgniter\Session\Handlers\FileHandler' driver.
DEBUG - 2025-09-10 10:30:18 --> User IP: ::1
DEBUG - 2025-09-10 10:30:18 --> Session: Class initialized using 'CodeIgniter\Session\Handlers\FileHandler' driver.
DEBUG - 2025-09-10 10:30:18 --> User IP: ::1
DEBUG - 2025-09-10 10:30:28 --> Session: Class initialized using 'CodeIgniter\Session\Handlers\FileHandler' driver.
DEBUG - 2025-09-10 10:30:28 --> User IP: ::1
DEBUG - 2025-09-10 10:30:30 --> Session: Class initialized using 'CodeIgniter\Session\Handlers\FileHandler' driver.
DEBUG - 2025-09-10 10:30:30 --> User IP: ::1
DEBUG - 2025-09-10 10:30:36 --> Session: Class initialized using 'CodeIgniter\Session\Handlers\FileHandler' driver.
DEBUG - 2025-09-10 10:30:36 --> User IP: ::1
DEBUG - 2025-09-10 10:30:37 --> Session: Class initialized using 'CodeIgniter\Session\Handlers\FileHandler' driver.
DEBUG - 2025-09-10 10:30:37 --> User IP: ::1
DEBUG - 2025-09-10 10:30:40 --> Session: Class initialized using 'CodeIgniter\Session\Handlers\FileHandler' driver.
DEBUG - 2025-09-10 10:30:40 --> User IP: ::1
DEBUG - 2025-09-10 10:30:43 --> Session: Class initialized using 'CodeIgniter\Session\Handlers\FileHandler' driver.
DEBUG - 2025-09-10 10:30:43 --> User IP: ::1
DEBUG - 2025-09-10 10:30:43 --> Session: Class initialized using 'CodeIgniter\Session\Handlers\FileHandler' driver.
DEBUG - 2025-09-10 10:30:43 --> User IP: ::1
DEBUG - 2025-09-10 10:30:43 --> Session: Class initialized using 'CodeIgniter\Session\Handlers\FileHandler' driver.
DEBUG - 2025-09-10 10:30:43 --> User IP: ::1
DEBUG - 2025-09-10 10:30:52 --> Session: Class initialized using 'CodeIgniter\Session\Handlers\FileHandler' driver.
DEBUG - 2025-09-10 10:30:52 --> User IP: ::1
DEBUG - 2025-09-10 10:30:52 --> Session: Class initialized using 'CodeIgniter\Session\Handlers\FileHandler' driver.
DEBUG - 2025-09-10 10:30:52 --> User IP: ::1
DEBUG - 2025-09-10 10:32:41 --> Session: Class initialized using 'CodeIgniter\Session\Handlers\FileHandler' driver.
DEBUG - 2025-09-10 10:32:41 --> User IP: ::1
DEBUG - 2025-09-10 10:32:59 --> Session: Class initialized using 'CodeIgniter\Session\Handlers\FileHandler' driver.
DEBUG - 2025-09-10 10:32:59 --> User IP: ::1
DEBUG - 2025-09-10 10:34:29 --> Session: Class initialized using 'CodeIgniter\Session\Handlers\FileHandler' driver.
DEBUG - 2025-09-10 10:34:29 --> User IP: ::1
DEBUG - 2025-09-10 10:35:38 --> Session: Class initialized using 'CodeIgniter\Session\Handlers\FileHandler' driver.
DEBUG - 2025-09-10 10:35:38 --> User IP: ::1
DEBUG - 2025-09-10 10:36:20 --> Session: Class initialized using 'CodeIgniter\Session\Handlers\FileHandler' driver.
DEBUG - 2025-09-10 10:36:20 --> User IP: ::1
DEBUG - 2025-09-10 10:38:17 --> Session: Class initialized using 'CodeIgniter\Session\Handlers\FileHandler' driver.
DEBUG - 2025-09-10 10:38:17 --> User IP: ::1
DEBUG - 2025-09-10 10:38:52 --> Session: Class initialized using 'CodeIgniter\Session\Handlers\FileHandler' driver.
DEBUG - 2025-09-10 10:38:52 --> User IP: ::1
DEBUG - 2025-09-10 10:39:27 --> Session: Class initialized using 'CodeIgniter\Session\Handlers\FileHandler' driver.
DEBUG - 2025-09-10 10:39:27 --> User IP: ::1
DEBUG - 2025-09-10 10:39:36 --> Session: Class initialized using 'CodeIgniter\Session\Handlers\FileHandler' driver.
DEBUG - 2025-09-10 10:39:36 --> User IP: ::1
DEBUG - 2025-09-10 10:39:58 --> Session: Class initialized using 'CodeIgniter\Session\Handlers\FileHandler' driver.
DEBUG - 2025-09-10 10:39:58 --> User IP: ::1
DEBUG - 2025-09-10 10:40:04 --> Session: Class initialized using 'CodeIgniter\Session\Handlers\FileHandler' driver.
DEBUG - 2025-09-10 10:40:04 --> User IP: ::1
DEBUG - 2025-09-10 10:40:54 --> Session: Class initialized using 'CodeIgniter\Session\Handlers\FileHandler' driver.
DEBUG - 2025-09-10 10:40:54 --> User IP: ::1
DEBUG - 2025-09-10 10:40:56 --> Session: Class initialized using 'CodeIgniter\Session\Handlers\FileHandler' driver.
DEBUG - 2025-09-10 10:40:56 --> User IP: ::1
DEBUG - 2025-09-10 10:41:26 --> Session: Class initialized using 'CodeIgniter\Session\Handlers\FileHandler' driver.
DEBUG - 2025-09-10 10:41:26 --> User IP: ::1
DEBUG - 2025-09-10 10:41:52 --> Session: Class initialized using 'CodeIgniter\Session\Handlers\FileHandler' driver.
DEBUG - 2025-09-10 10:41:52 --> User IP: ::1
DEBUG - 2025-09-10 10:42:19 --> Session: Class initialized using 'CodeIgniter\Session\Handlers\FileHandler' driver.
DEBUG - 2025-09-10 10:42:19 --> User IP: ::1
DEBUG - 2025-09-10 10:42:29 --> Session: Class initialized using 'CodeIgniter\Session\Handlers\FileHandler' driver.
DEBUG - 2025-09-10 10:42:29 --> User IP: ::1
DEBUG - 2025-09-10 10:50:44 --> Session: Class initialized using 'CodeIgniter\Session\Handlers\FileHandler' driver.
DEBUG - 2025-09-10 10:50:44 --> User IP: ::1
DEBUG - 2025-09-10 10:50:51 --> Session: Class initialized using 'CodeIgniter\Session\Handlers\FileHandler' driver.
DEBUG - 2025-09-10 10:50:51 --> User IP: ::1
DEBUG - 2025-09-10 10:52:39 --> Session: Class initialized using 'CodeIgniter\Session\Handlers\FileHandler' driver.
DEBUG - 2025-09-10 10:52:39 --> User IP: ::1
DEBUG - 2025-09-10 10:53:31 --> Session: Class initialized using 'CodeIgniter\Session\Handlers\FileHandler' driver.
DEBUG - 2025-09-10 10:53:31 --> User IP: ::1
DEBUG - 2025-09-10 10:59:59 --> Session: Class initialized using 'CodeIgniter\Session\Handlers\FileHandler' driver.
DEBUG - 2025-09-10 10:59:59 --> User IP: ::1
DEBUG - 2025-09-10 11:05:35 --> Session: Class initialized using 'CodeIgniter\Session\Handlers\FileHandler' driver.
DEBUG - 2025-09-10 11:05:35 --> User IP: ::1
DEBUG - 2025-09-10 11:07:03 --> Session: Class initialized using 'CodeIgniter\Session\Handlers\FileHandler' driver.
DEBUG - 2025-09-10 11:07:03 --> User IP: ::1
DEBUG - 2025-09-10 11:07:23 --> Session: Class initialized using 'CodeIgniter\Session\Handlers\FileHandler' driver.
DEBUG - 2025-09-10 11:07:23 --> User IP: ::1
DEBUG - 2025-09-10 11:07:31 --> Session: Class initialized using 'CodeIgniter\Session\Handlers\FileHandler' driver.
DEBUG - 2025-09-10 11:07:31 --> User IP: ::1
DEBUG - 2025-09-10 11:07:56 --> Session: Class initialized using 'CodeIgniter\Session\Handlers\FileHandler' driver.
DEBUG - 2025-09-10 11:07:56 --> User IP: ::1
DEBUG - 2025-09-10 11:08:10 --> Session: Class initialized using 'CodeIgniter\Session\Handlers\FileHandler' driver.
DEBUG - 2025-09-10 11:08:10 --> User IP: ::1
DEBUG - 2025-09-10 11:08:26 --> Session: Class initialized using 'CodeIgniter\Session\Handlers\FileHandler' driver.
DEBUG - 2025-09-10 11:08:26 --> User IP: ::1
DEBUG - 2025-09-10 11:08:49 --> Session: Class initialized using 'CodeIgniter\Session\Handlers\FileHandler' driver.
DEBUG - 2025-09-10 11:08:49 --> User IP: ::1
ERROR - 2025-09-10 11:08:51 --> Email: sendWithMail throwed ErrorException: mail(): Failed to connect to mailserver at &quot;localhost&quot; port 25, verify your &quot;SMTP&quot; and &quot;smtp_port&quot; setting in php.ini or use ini_set() in C:\xampp\htdocs\gighz\system\Email\Email.php:1764
Stack trace:
#0 [internal function]: CodeIgniter\Debug\Exceptions->errorHandler(2, 'mail(): Failed ...', 'C:\\xampp\\htdocs...', 1764)
#1 C:\xampp\htdocs\gighz\system\Email\Email.php(1764): mail('rahox85672@knil...', '=??Q?=4F=54=50=...', '<p>Your OTP is<...', 'Date: Wed, 10 S...', '-f itsupport@gi...')
#2 C:\xampp\htdocs\gighz\system\Email\Email.php(1696): CodeIgniter\Email\Email->sendWithMail()
#3 C:\xampp\htdocs\gighz\system\Email\Email.php(1591): CodeIgniter\Email\Email->spoolEmail()
#4 C:\xampp\htdocs\gighz\app\Helpers\mail_helper.php(33): CodeIgniter\Email\Email->send()
#5 C:\xampp\htdocs\gighz\app\Controllers\Auth.php(241): password_email('rahox85672@knil...', 'OTP for Passwor...', '<p>Your OTP is<...')
#6 C:\xampp\htdocs\gighz\system\CodeIgniter.php(933): App\Controllers\Auth->send_otp()
#7 C:\xampp\htdocs\gighz\system\CodeIgniter.php(509): CodeIgniter\CodeIgniter->runController(Object(App\Controllers\Auth))
#8 C:\xampp\htdocs\gighz\system\CodeIgniter.php(355): CodeIgniter\CodeIgniter->handleRequest(NULL, Object(Config\Cache), false)
#9 C:\xampp\htdocs\gighz\system\Boot.php(334): CodeIgniter\CodeIgniter->run()
#10 C:\xampp\htdocs\gighz\system\Boot.php(67): CodeIgniter\Boot::runCodeIgniter(Object(CodeIgniter\CodeIgniter))
#11 C:\xampp\htdocs\gighz\public\index.php(56): CodeIgniter\Boot::bootWeb(Object(Config\Paths))
#12 {main}
ERROR - 2025-09-10 11:08:51 --> Email: Unable to send email using PHP mail(). Your server might not be configured to send mail using this method.
ERROR - 2025-09-10 11:08:51 --> 
DEBUG - 2025-09-10 11:11:57 --> Session: Class initialized using 'CodeIgniter\Session\Handlers\FileHandler' driver.
DEBUG - 2025-09-10 11:11:57 --> User IP: ::1
DEBUG - 2025-09-10 11:12:19 --> Session: Class initialized using 'CodeIgniter\Session\Handlers\FileHandler' driver.
DEBUG - 2025-09-10 11:12:19 --> User IP: ::1
DEBUG - 2025-09-10 11:13:29 --> Session: Class initialized using 'CodeIgniter\Session\Handlers\FileHandler' driver.
DEBUG - 2025-09-10 11:13:29 --> User IP: ::1
DEBUG - 2025-09-10 11:13:46 --> Session: Class initialized using 'CodeIgniter\Session\Handlers\FileHandler' driver.
DEBUG - 2025-09-10 11:13:46 --> User IP: ::1
DEBUG - 2025-09-10 11:14:35 --> Session: Class initialized using 'CodeIgniter\Session\Handlers\FileHandler' driver.
DEBUG - 2025-09-10 11:14:35 --> User IP: ::1
DEBUG - 2025-09-10 11:14:56 --> Session: Class initialized using 'CodeIgniter\Session\Handlers\FileHandler' driver.
DEBUG - 2025-09-10 11:14:56 --> User IP: ::1
DEBUG - 2025-09-10 11:42:15 --> Session: Class initialized using 'CodeIgniter\Session\Handlers\FileHandler' driver.
DEBUG - 2025-09-10 11:42:15 --> User IP: ::1
DEBUG - 2025-09-10 11:49:45 --> Session: Class initialized using 'CodeIgniter\Session\Handlers\FileHandler' driver.
DEBUG - 2025-09-10 11:49:45 --> User IP: ::1
DEBUG - 2025-09-10 11:50:02 --> Session: Class initialized using 'CodeIgniter\Session\Handlers\FileHandler' driver.
DEBUG - 2025-09-10 11:50:02 --> User IP: ::1
DEBUG - 2025-09-10 12:08:45 --> Session: Class initialized using 'CodeIgniter\Session\Handlers\FileHandler' driver.
DEBUG - 2025-09-10 12:08:45 --> User IP: ::1
DEBUG - 2025-09-10 12:09:07 --> Session: Class initialized using 'CodeIgniter\Session\Handlers\FileHandler' driver.
DEBUG - 2025-09-10 12:09:07 --> User IP: ::1
DEBUG - 2025-09-10 12:09:39 --> Session: Class initialized using 'CodeIgniter\Session\Handlers\FileHandler' driver.
DEBUG - 2025-09-10 12:09:39 --> User IP: ::1
DEBUG - 2025-09-10 12:10:32 --> Session: Class initialized using 'CodeIgniter\Session\Handlers\FileHandler' driver.
DEBUG - 2025-09-10 12:10:32 --> User IP: ::1
DEBUG - 2025-09-10 12:11:21 --> Session: Class initialized using 'CodeIgniter\Session\Handlers\FileHandler' driver.
DEBUG - 2025-09-10 12:11:21 --> User IP: ::1
DEBUG - 2025-09-10 12:20:16 --> Session: Class initialized using 'CodeIgniter\Session\Handlers\FileHandler' driver.
DEBUG - 2025-09-10 12:20:16 --> User IP: ::1
DEBUG - 2025-09-10 12:20:19 --> Session: Class initialized using 'CodeIgniter\Session\Handlers\FileHandler' driver.
DEBUG - 2025-09-10 12:20:19 --> User IP: ::1
DEBUG - 2025-09-10 12:20:34 --> Session: Class initialized using 'CodeIgniter\Session\Handlers\FileHandler' driver.
DEBUG - 2025-09-10 12:20:34 --> User IP: ::1
DEBUG - 2025-09-10 12:20:37 --> Session: Class initialized using 'CodeIgniter\Session\Handlers\FileHandler' driver.
DEBUG - 2025-09-10 12:20:37 --> User IP: ::1
DEBUG - 2025-09-10 12:20:42 --> Session: Class initialized using 'CodeIgniter\Session\Handlers\FileHandler' driver.
DEBUG - 2025-09-10 12:20:42 --> User IP: ::1
DEBUG - 2025-09-10 12:20:49 --> Session: Class initialized using 'CodeIgniter\Session\Handlers\FileHandler' driver.
DEBUG - 2025-09-10 12:20:49 --> User IP: ::1
DEBUG - 2025-09-10 12:21:16 --> Session: Class initialized using 'CodeIgniter\Session\Handlers\FileHandler' driver.
DEBUG - 2025-09-10 12:21:16 --> User IP: ::1
DEBUG - 2025-09-10 12:21:27 --> Session: Class initialized using 'CodeIgniter\Session\Handlers\FileHandler' driver.
DEBUG - 2025-09-10 12:21:27 --> User IP: ::1
DEBUG - 2025-09-10 12:22:18 --> Session: Class initialized using 'CodeIgniter\Session\Handlers\FileHandler' driver.
DEBUG - 2025-09-10 12:22:18 --> User IP: ::1
DEBUG - 2025-09-10 12:23:23 --> Session: Class initialized using 'CodeIgniter\Session\Handlers\FileHandler' driver.
DEBUG - 2025-09-10 12:23:23 --> User IP: ::1
DEBUG - 2025-09-10 12:23:33 --> Session: Class initialized using 'CodeIgniter\Session\Handlers\FileHandler' driver.
DEBUG - 2025-09-10 12:23:33 --> User IP: ::1
DEBUG - 2025-09-10 12:24:30 --> Session: Class initialized using 'CodeIgniter\Session\Handlers\FileHandler' driver.
DEBUG - 2025-09-10 12:24:30 --> User IP: ::1
DEBUG - 2025-09-10 12:27:21 --> Session: Class initialized using 'CodeIgniter\Session\Handlers\FileHandler' driver.
DEBUG - 2025-09-10 12:27:21 --> User IP: ::1
DEBUG - 2025-09-10 12:27:31 --> Session: Class initialized using 'CodeIgniter\Session\Handlers\FileHandler' driver.
DEBUG - 2025-09-10 12:27:31 --> User IP: ::1
DEBUG - 2025-09-10 12:27:31 --> Session: Class initialized using 'CodeIgniter\Session\Handlers\FileHandler' driver.
DEBUG - 2025-09-10 12:27:31 --> User IP: ::1
DEBUG - 2025-09-10 12:36:14 --> Session: Class initialized using 'CodeIgniter\Session\Handlers\FileHandler' driver.
DEBUG - 2025-09-10 12:36:14 --> User IP: ::1
DEBUG - 2025-09-10 12:36:14 --> Session: Class initialized using 'CodeIgniter\Session\Handlers\FileHandler' driver.
DEBUG - 2025-09-10 12:36:14 --> User IP: ::1
DEBUG - 2025-09-10 12:36:25 --> Session: Class initialized using 'CodeIgniter\Session\Handlers\FileHandler' driver.
DEBUG - 2025-09-10 12:36:25 --> User IP: ::1
DEBUG - 2025-09-10 12:51:47 --> Session: Class initialized using 'CodeIgniter\Session\Handlers\FileHandler' driver.
DEBUG - 2025-09-10 12:51:47 --> User IP: ::1
DEBUG - 2025-09-10 12:52:07 --> Session: Class initialized using 'CodeIgniter\Session\Handlers\FileHandler' driver.
DEBUG - 2025-09-10 12:52:07 --> User IP: ::1
DEBUG - 2025-09-10 12:52:22 --> Session: Class initialized using 'CodeIgniter\Session\Handlers\FileHandler' driver.
DEBUG - 2025-09-10 12:52:22 --> User IP: ::1
DEBUG - 2025-09-10 12:52:27 --> Session: Class initialized using 'CodeIgniter\Session\Handlers\FileHandler' driver.
DEBUG - 2025-09-10 12:52:27 --> User IP: ::1
DEBUG - 2025-09-10 12:52:33 --> Session: Class initialized using 'CodeIgniter\Session\Handlers\FileHandler' driver.
DEBUG - 2025-09-10 12:52:33 --> User IP: ::1
DEBUG - 2025-09-10 12:52:55 --> Session: Class initialized using 'CodeIgniter\Session\Handlers\FileHandler' driver.
DEBUG - 2025-09-10 12:52:55 --> User IP: ::1
DEBUG - 2025-09-10 12:55:38 --> Session: Class initialized using 'CodeIgniter\Session\Handlers\FileHandler' driver.
DEBUG - 2025-09-10 12:55:38 --> User IP: ::1
DEBUG - 2025-09-10 12:55:54 --> Session: Class initialized using 'CodeIgniter\Session\Handlers\FileHandler' driver.
DEBUG - 2025-09-10 12:55:54 --> User IP: ::1
