DEBUG - 2025-08-12 05:26:58 --> Session: Class initialized using 'CodeIgniter\Session\Handlers\FileHandler' driver.
DEBUG - 2025-08-12 05:26:58 --> User IP: ::1
DEBUG - 2025-08-12 05:27:23 --> Session: Class initialized using 'CodeIgniter\Session\Handlers\FileHandler' driver.
DEBUG - 2025-08-12 05:27:23 --> User IP: ::1
DEBUG - 2025-08-12 05:27:24 --> Session: Class initialized using 'CodeIgniter\Session\Handlers\FileHandler' driver.
DEBUG - 2025-08-12 05:27:24 --> User IP: ::1
DEBUG - 2025-08-12 05:27:36 --> Session: Class initialized using 'CodeIgniter\Session\Handlers\FileHandler' driver.
DEBUG - 2025-08-12 05:27:36 --> User IP: ::1
DEBUG - 2025-08-12 05:27:36 --> Session: Class initialized using 'CodeIgniter\Session\Handlers\FileHandler' driver.
DEBUG - 2025-08-12 05:27:36 --> User IP: ::1
DEBUG - 2025-08-12 05:27:49 --> Session: Class initialized using 'CodeIgniter\Session\Handlers\FileHandler' driver.
DEBUG - 2025-08-12 05:27:49 --> User IP: ::1
DEBUG - 2025-08-12 05:27:49 --> Session: Class initialized using 'CodeIgniter\Session\Handlers\FileHandler' driver.
DEBUG - 2025-08-12 05:27:49 --> User IP: ::1
DEBUG - 2025-08-12 05:27:58 --> Session: Class initialized using 'CodeIgniter\Session\Handlers\FileHandler' driver.
DEBUG - 2025-08-12 05:27:58 --> User IP: ::1
DEBUG - 2025-08-12 05:27:58 --> Session: Class initialized using 'CodeIgniter\Session\Handlers\FileHandler' driver.
DEBUG - 2025-08-12 05:27:58 --> User IP: ::1
DEBUG - 2025-08-12 05:28:15 --> Session: Class initialized using 'CodeIgniter\Session\Handlers\FileHandler' driver.
DEBUG - 2025-08-12 05:28:15 --> User IP: ::1
DEBUG - 2025-08-12 05:28:15 --> Session: Class initialized using 'CodeIgniter\Session\Handlers\FileHandler' driver.
DEBUG - 2025-08-12 05:28:15 --> User IP: ::1
DEBUG - 2025-08-12 05:28:19 --> Session: Class initialized using 'CodeIgniter\Session\Handlers\FileHandler' driver.
DEBUG - 2025-08-12 05:28:19 --> User IP: ::1
DEBUG - 2025-08-12 05:28:20 --> Session: Class initialized using 'CodeIgniter\Session\Handlers\FileHandler' driver.
DEBUG - 2025-08-12 05:28:20 --> User IP: ::1
DEBUG - 2025-08-12 06:47:16 --> Session: Class initialized using 'CodeIgniter\Session\Handlers\FileHandler' driver.
DEBUG - 2025-08-12 06:47:16 --> User IP: ::1
DEBUG - 2025-08-12 06:47:19 --> Session: Class initialized using 'CodeIgniter\Session\Handlers\FileHandler' driver.
DEBUG - 2025-08-12 06:47:19 --> User IP: ::1
DEBUG - 2025-08-12 06:47:19 --> Session: Class initialized using 'CodeIgniter\Session\Handlers\FileHandler' driver.
DEBUG - 2025-08-12 06:47:19 --> User IP: ::1
DEBUG - 2025-08-12 07:00:26 --> Session: Class initialized using 'CodeIgniter\Session\Handlers\FileHandler' driver.
DEBUG - 2025-08-12 07:00:26 --> User IP: ::1
DEBUG - 2025-08-12 07:00:27 --> Session: Class initialized using 'CodeIgniter\Session\Handlers\FileHandler' driver.
DEBUG - 2025-08-12 07:00:27 --> User IP: ::1
DEBUG - 2025-08-12 07:00:47 --> Session: Class initialized using 'CodeIgniter\Session\Handlers\FileHandler' driver.
DEBUG - 2025-08-12 07:00:47 --> User IP: ::1
DEBUG - 2025-08-12 07:00:59 --> Session: Class initialized using 'CodeIgniter\Session\Handlers\FileHandler' driver.
DEBUG - 2025-08-12 07:00:59 --> User IP: ::1
DEBUG - 2025-08-12 07:01:42 --> Session: Class initialized using 'CodeIgniter\Session\Handlers\FileHandler' driver.
DEBUG - 2025-08-12 07:01:42 --> User IP: ::1
DEBUG - 2025-08-12 07:01:42 --> Session: Class initialized using 'CodeIgniter\Session\Handlers\FileHandler' driver.
DEBUG - 2025-08-12 07:01:42 --> User IP: ::1
DEBUG - 2025-08-12 07:01:54 --> Session: Class initialized using 'CodeIgniter\Session\Handlers\FileHandler' driver.
DEBUG - 2025-08-12 07:01:54 --> User IP: ::1
DEBUG - 2025-08-12 07:02:13 --> Session: Class initialized using 'CodeIgniter\Session\Handlers\FileHandler' driver.
DEBUG - 2025-08-12 07:02:13 --> User IP: ::1
DEBUG - 2025-08-12 07:02:24 --> Session: Class initialized using 'CodeIgniter\Session\Handlers\FileHandler' driver.
DEBUG - 2025-08-12 07:02:24 --> User IP: ::1
DEBUG - 2025-08-12 07:02:25 --> Session: Class initialized using 'CodeIgniter\Session\Handlers\FileHandler' driver.
DEBUG - 2025-08-12 07:02:25 --> User IP: ::1
DEBUG - 2025-08-12 07:02:45 --> Session: Class initialized using 'CodeIgniter\Session\Handlers\FileHandler' driver.
DEBUG - 2025-08-12 07:02:45 --> User IP: ::1
DEBUG - 2025-08-12 07:02:46 --> Session: Class initialized using 'CodeIgniter\Session\Handlers\FileHandler' driver.
DEBUG - 2025-08-12 07:02:46 --> User IP: ::1
DEBUG - 2025-08-12 07:04:01 --> Session: Class initialized using 'CodeIgniter\Session\Handlers\FileHandler' driver.
DEBUG - 2025-08-12 07:04:01 --> User IP: ::1
DEBUG - 2025-08-12 07:04:01 --> Session: Class initialized using 'CodeIgniter\Session\Handlers\FileHandler' driver.
DEBUG - 2025-08-12 07:04:01 --> User IP: ::1
DEBUG - 2025-08-12 07:04:09 --> Session: Class initialized using 'CodeIgniter\Session\Handlers\FileHandler' driver.
DEBUG - 2025-08-12 07:04:09 --> User IP: ::1
DEBUG - 2025-08-12 07:04:10 --> Session: Class initialized using 'CodeIgniter\Session\Handlers\FileHandler' driver.
DEBUG - 2025-08-12 07:04:10 --> User IP: ::1
DEBUG - 2025-08-12 07:04:12 --> Session: Class initialized using 'CodeIgniter\Session\Handlers\FileHandler' driver.
DEBUG - 2025-08-12 07:04:12 --> User IP: ::1
DEBUG - 2025-08-12 07:04:18 --> Session: Class initialized using 'CodeIgniter\Session\Handlers\FileHandler' driver.
DEBUG - 2025-08-12 07:04:18 --> User IP: ::1
DEBUG - 2025-08-12 07:04:19 --> Session: Class initialized using 'CodeIgniter\Session\Handlers\FileHandler' driver.
DEBUG - 2025-08-12 07:04:19 --> User IP: ::1
DEBUG - 2025-08-12 07:04:36 --> Session: Class initialized using 'CodeIgniter\Session\Handlers\FileHandler' driver.
DEBUG - 2025-08-12 07:04:36 --> User IP: ::1
DEBUG - 2025-08-12 07:07:41 --> Session: Class initialized using 'CodeIgniter\Session\Handlers\FileHandler' driver.
DEBUG - 2025-08-12 07:07:41 --> User IP: ::1
DEBUG - 2025-08-12 07:07:41 --> Session: Class initialized using 'CodeIgniter\Session\Handlers\FileHandler' driver.
DEBUG - 2025-08-12 07:07:41 --> User IP: ::1
DEBUG - 2025-08-12 07:07:45 --> Session: Class initialized using 'CodeIgniter\Session\Handlers\FileHandler' driver.
DEBUG - 2025-08-12 07:07:45 --> User IP: ::1
DEBUG - 2025-08-12 07:08:03 --> Session: Class initialized using 'CodeIgniter\Session\Handlers\FileHandler' driver.
DEBUG - 2025-08-12 07:08:03 --> User IP: ::1
DEBUG - 2025-08-12 07:08:16 --> Session: Class initialized using 'CodeIgniter\Session\Handlers\FileHandler' driver.
DEBUG - 2025-08-12 07:08:16 --> User IP: ::1
DEBUG - 2025-08-12 07:08:17 --> Session: Class initialized using 'CodeIgniter\Session\Handlers\FileHandler' driver.
DEBUG - 2025-08-12 07:08:17 --> User IP: ::1
DEBUG - 2025-08-12 07:09:16 --> Session: Class initialized using 'CodeIgniter\Session\Handlers\FileHandler' driver.
DEBUG - 2025-08-12 07:09:16 --> User IP: ::1
DEBUG - 2025-08-12 07:09:31 --> Session: Class initialized using 'CodeIgniter\Session\Handlers\FileHandler' driver.
DEBUG - 2025-08-12 07:09:31 --> User IP: ::1
DEBUG - 2025-08-12 07:09:31 --> Session: Class initialized using 'CodeIgniter\Session\Handlers\FileHandler' driver.
DEBUG - 2025-08-12 07:09:31 --> User IP: ::1
DEBUG - 2025-08-12 07:09:37 --> Session: Class initialized using 'CodeIgniter\Session\Handlers\FileHandler' driver.
DEBUG - 2025-08-12 07:09:37 --> User IP: ::1
DEBUG - 2025-08-12 07:09:43 --> Session: Class initialized using 'CodeIgniter\Session\Handlers\FileHandler' driver.
DEBUG - 2025-08-12 07:09:43 --> User IP: ::1
DEBUG - 2025-08-12 07:09:44 --> Session: Class initialized using 'CodeIgniter\Session\Handlers\FileHandler' driver.
DEBUG - 2025-08-12 07:09:44 --> User IP: ::1
DEBUG - 2025-08-12 07:09:58 --> Session: Class initialized using 'CodeIgniter\Session\Handlers\FileHandler' driver.
DEBUG - 2025-08-12 07:09:58 --> User IP: ::1
DEBUG - 2025-08-12 07:09:59 --> Session: Class initialized using 'CodeIgniter\Session\Handlers\FileHandler' driver.
DEBUG - 2025-08-12 07:09:59 --> User IP: ::1
DEBUG - 2025-08-12 07:10:05 --> Session: Class initialized using 'CodeIgniter\Session\Handlers\FileHandler' driver.
DEBUG - 2025-08-12 07:10:05 --> User IP: ::1
DEBUG - 2025-08-12 07:10:07 --> Session: Class initialized using 'CodeIgniter\Session\Handlers\FileHandler' driver.
DEBUG - 2025-08-12 07:10:07 --> User IP: ::1
DEBUG - 2025-08-12 07:10:18 --> Session: Class initialized using 'CodeIgniter\Session\Handlers\FileHandler' driver.
DEBUG - 2025-08-12 07:10:18 --> User IP: ::1
DEBUG - 2025-08-12 07:10:19 --> Session: Class initialized using 'CodeIgniter\Session\Handlers\FileHandler' driver.
DEBUG - 2025-08-12 07:10:19 --> User IP: ::1
DEBUG - 2025-08-12 07:14:01 --> Session: Class initialized using 'CodeIgniter\Session\Handlers\FileHandler' driver.
DEBUG - 2025-08-12 07:14:01 --> User IP: ::1
DEBUG - 2025-08-12 07:14:02 --> Session: Class initialized using 'CodeIgniter\Session\Handlers\FileHandler' driver.
DEBUG - 2025-08-12 07:14:02 --> User IP: ::1
DEBUG - 2025-08-12 07:14:17 --> Session: Class initialized using 'CodeIgniter\Session\Handlers\FileHandler' driver.
DEBUG - 2025-08-12 07:14:17 --> User IP: ::1
DEBUG - 2025-08-12 07:23:33 --> Session: Class initialized using 'CodeIgniter\Session\Handlers\FileHandler' driver.
DEBUG - 2025-08-12 07:23:33 --> User IP: ::1
DEBUG - 2025-08-12 07:23:34 --> Session: Class initialized using 'CodeIgniter\Session\Handlers\FileHandler' driver.
DEBUG - 2025-08-12 07:23:34 --> User IP: ::1
DEBUG - 2025-08-12 07:24:26 --> Session: Class initialized using 'CodeIgniter\Session\Handlers\FileHandler' driver.
DEBUG - 2025-08-12 07:24:26 --> User IP: ::1
DEBUG - 2025-08-12 07:24:27 --> Session: Class initialized using 'CodeIgniter\Session\Handlers\FileHandler' driver.
DEBUG - 2025-08-12 07:24:27 --> User IP: ::1
DEBUG - 2025-08-12 07:25:10 --> Session: Class initialized using 'CodeIgniter\Session\Handlers\FileHandler' driver.
DEBUG - 2025-08-12 07:25:10 --> User IP: ::1
DEBUG - 2025-08-12 07:25:11 --> Session: Class initialized using 'CodeIgniter\Session\Handlers\FileHandler' driver.
DEBUG - 2025-08-12 07:25:11 --> User IP: ::1
DEBUG - 2025-08-12 07:25:48 --> Session: Class initialized using 'CodeIgniter\Session\Handlers\FileHandler' driver.
DEBUG - 2025-08-12 07:25:48 --> User IP: ::1
DEBUG - 2025-08-12 07:25:48 --> Session: Class initialized using 'CodeIgniter\Session\Handlers\FileHandler' driver.
DEBUG - 2025-08-12 07:25:49 --> User IP: ::1
DEBUG - 2025-08-12 07:26:29 --> Session: Class initialized using 'CodeIgniter\Session\Handlers\FileHandler' driver.
DEBUG - 2025-08-12 07:26:29 --> User IP: ::1
DEBUG - 2025-08-12 07:26:30 --> Session: Class initialized using 'CodeIgniter\Session\Handlers\FileHandler' driver.
DEBUG - 2025-08-12 07:26:30 --> User IP: ::1
DEBUG - 2025-08-12 07:26:38 --> Session: Class initialized using 'CodeIgniter\Session\Handlers\FileHandler' driver.
DEBUG - 2025-08-12 07:26:38 --> User IP: ::1
DEBUG - 2025-08-12 07:26:38 --> Session: Class initialized using 'CodeIgniter\Session\Handlers\FileHandler' driver.
DEBUG - 2025-08-12 07:26:38 --> User IP: ::1
DEBUG - 2025-08-12 09:01:56 --> Session: Class initialized using 'CodeIgniter\Session\Handlers\FileHandler' driver.
DEBUG - 2025-08-12 09:01:56 --> User IP: ::1
CRITICAL - 2025-08-12 09:01:57 --> ErrorException: Undefined variable $emp_id
[Method: GET, Route: hrms/appraisal_details/2]
in APPPATH\Views\hrms\appraisal_details.php on line 188.
 1 APPPATH\Views\hrms\appraisal_details.php(188): CodeIgniter\Debug\Exceptions->errorHandler(2, 'Undefined variable $emp_id', 'C:\\xampp\\htdocs\\ems\\app\\Views\\hrms\\appraisal_details.php', 188)
 2 SYSTEMPATH\View\View.php(234): include('C:\\xampp\\htdocs\\ems\\app\\Views\\hrms\\appraisal_details.php')
 3 SYSTEMPATH\View\View.php(237): CodeIgniter\View\View->CodeIgniter\View\{closure}()
 4 SYSTEMPATH\Common.php(1171): CodeIgniter\View\View->render('hrms/appraisal_details', [], true)
 5 APPPATH\Controllers\Hrms.php(973): view('hrms/appraisal_details', [...])
 6 SYSTEMPATH\CodeIgniter.php(933): App\Controllers\Hrms->appraisal_details('2')
 7 SYSTEMPATH\CodeIgniter.php(509): CodeIgniter\CodeIgniter->runController(Object(App\Controllers\Hrms))
 8 SYSTEMPATH\CodeIgniter.php(355): CodeIgniter\CodeIgniter->handleRequest(null, Object(Config\Cache), false)
 9 SYSTEMPATH\Boot.php(334): CodeIgniter\CodeIgniter->run()
10 SYSTEMPATH\Boot.php(67): CodeIgniter\Boot::runCodeIgniter(Object(CodeIgniter\CodeIgniter))
11 FCPATH\index.php(56): CodeIgniter\Boot::bootWeb(Object(Config\Paths))
DEBUG - 2025-08-12 09:02:45 --> Session: Class initialized using 'CodeIgniter\Session\Handlers\FileHandler' driver.
DEBUG - 2025-08-12 09:02:45 --> User IP: ::1
DEBUG - 2025-08-12 09:02:46 --> Session: Class initialized using 'CodeIgniter\Session\Handlers\FileHandler' driver.
DEBUG - 2025-08-12 09:02:46 --> User IP: ::1
DEBUG - 2025-08-12 09:03:22 --> Session: Class initialized using 'CodeIgniter\Session\Handlers\FileHandler' driver.
DEBUG - 2025-08-12 09:03:22 --> User IP: ::1
DEBUG - 2025-08-12 09:03:23 --> Session: Class initialized using 'CodeIgniter\Session\Handlers\FileHandler' driver.
DEBUG - 2025-08-12 09:03:23 --> User IP: ::1
DEBUG - 2025-08-12 09:04:02 --> Session: Class initialized using 'CodeIgniter\Session\Handlers\FileHandler' driver.
DEBUG - 2025-08-12 09:04:02 --> User IP: ::1
DEBUG - 2025-08-12 09:04:03 --> Session: Class initialized using 'CodeIgniter\Session\Handlers\FileHandler' driver.
DEBUG - 2025-08-12 09:04:03 --> User IP: ::1
DEBUG - 2025-08-12 09:04:55 --> Session: Class initialized using 'CodeIgniter\Session\Handlers\FileHandler' driver.
DEBUG - 2025-08-12 09:04:55 --> User IP: ::1
DEBUG - 2025-08-12 09:04:56 --> Session: Class initialized using 'CodeIgniter\Session\Handlers\FileHandler' driver.
DEBUG - 2025-08-12 09:04:56 --> User IP: ::1
DEBUG - 2025-08-12 09:05:18 --> Session: Class initialized using 'CodeIgniter\Session\Handlers\FileHandler' driver.
DEBUG - 2025-08-12 09:05:18 --> User IP: ::1
DEBUG - 2025-08-12 09:05:18 --> Session: Class initialized using 'CodeIgniter\Session\Handlers\FileHandler' driver.
DEBUG - 2025-08-12 09:05:18 --> User IP: ::1
DEBUG - 2025-08-12 09:05:35 --> Session: Class initialized using 'CodeIgniter\Session\Handlers\FileHandler' driver.
DEBUG - 2025-08-12 09:05:35 --> User IP: ::1
DEBUG - 2025-08-12 09:05:35 --> Session: Class initialized using 'CodeIgniter\Session\Handlers\FileHandler' driver.
DEBUG - 2025-08-12 09:05:35 --> User IP: ::1
DEBUG - 2025-08-12 09:05:47 --> Session: Class initialized using 'CodeIgniter\Session\Handlers\FileHandler' driver.
DEBUG - 2025-08-12 09:05:47 --> User IP: ::1
DEBUG - 2025-08-12 09:05:47 --> Session: Class initialized using 'CodeIgniter\Session\Handlers\FileHandler' driver.
DEBUG - 2025-08-12 09:05:47 --> User IP: ::1
DEBUG - 2025-08-12 09:06:21 --> Session: Class initialized using 'CodeIgniter\Session\Handlers\FileHandler' driver.
DEBUG - 2025-08-12 09:06:21 --> User IP: ::1
DEBUG - 2025-08-12 09:06:22 --> Session: Class initialized using 'CodeIgniter\Session\Handlers\FileHandler' driver.
DEBUG - 2025-08-12 09:06:22 --> User IP: ::1
DEBUG - 2025-08-12 09:06:34 --> Session: Class initialized using 'CodeIgniter\Session\Handlers\FileHandler' driver.
DEBUG - 2025-08-12 09:06:34 --> User IP: ::1
DEBUG - 2025-08-12 09:06:35 --> Session: Class initialized using 'CodeIgniter\Session\Handlers\FileHandler' driver.
DEBUG - 2025-08-12 09:06:35 --> User IP: ::1
DEBUG - 2025-08-12 09:06:40 --> Session: Class initialized using 'CodeIgniter\Session\Handlers\FileHandler' driver.
DEBUG - 2025-08-12 09:06:40 --> User IP: ::1
DEBUG - 2025-08-12 09:07:14 --> Session: Class initialized using 'CodeIgniter\Session\Handlers\FileHandler' driver.
DEBUG - 2025-08-12 09:07:14 --> User IP: ::1
DEBUG - 2025-08-12 09:07:15 --> Session: Class initialized using 'CodeIgniter\Session\Handlers\FileHandler' driver.
DEBUG - 2025-08-12 09:07:15 --> User IP: ::1
DEBUG - 2025-08-12 09:07:17 --> Session: Class initialized using 'CodeIgniter\Session\Handlers\FileHandler' driver.
DEBUG - 2025-08-12 09:07:17 --> User IP: ::1
DEBUG - 2025-08-12 09:07:49 --> Session: Class initialized using 'CodeIgniter\Session\Handlers\FileHandler' driver.
DEBUG - 2025-08-12 09:07:49 --> User IP: ::1
DEBUG - 2025-08-12 09:07:50 --> Session: Class initialized using 'CodeIgniter\Session\Handlers\FileHandler' driver.
DEBUG - 2025-08-12 09:07:50 --> User IP: ::1
DEBUG - 2025-08-12 09:07:51 --> Session: Class initialized using 'CodeIgniter\Session\Handlers\FileHandler' driver.
DEBUG - 2025-08-12 09:07:51 --> User IP: ::1
DEBUG - 2025-08-12 09:08:09 --> Session: Class initialized using 'CodeIgniter\Session\Handlers\FileHandler' driver.
DEBUG - 2025-08-12 09:08:09 --> User IP: ::1
DEBUG - 2025-08-12 09:08:10 --> Session: Class initialized using 'CodeIgniter\Session\Handlers\FileHandler' driver.
DEBUG - 2025-08-12 09:08:10 --> User IP: ::1
DEBUG - 2025-08-12 09:08:12 --> Session: Class initialized using 'CodeIgniter\Session\Handlers\FileHandler' driver.
DEBUG - 2025-08-12 09:08:12 --> User IP: ::1
DEBUG - 2025-08-12 09:09:00 --> Session: Class initialized using 'CodeIgniter\Session\Handlers\FileHandler' driver.
DEBUG - 2025-08-12 09:09:00 --> User IP: ::1
DEBUG - 2025-08-12 09:09:00 --> Session: Class initialized using 'CodeIgniter\Session\Handlers\FileHandler' driver.
DEBUG - 2025-08-12 09:09:00 --> User IP: ::1
DEBUG - 2025-08-12 09:10:55 --> Session: Class initialized using 'CodeIgniter\Session\Handlers\FileHandler' driver.
DEBUG - 2025-08-12 09:10:55 --> User IP: ::1
DEBUG - 2025-08-12 09:10:55 --> Session: Class initialized using 'CodeIgniter\Session\Handlers\FileHandler' driver.
DEBUG - 2025-08-12 09:10:55 --> User IP: ::1
DEBUG - 2025-08-12 09:11:08 --> Session: Class initialized using 'CodeIgniter\Session\Handlers\FileHandler' driver.
DEBUG - 2025-08-12 09:11:08 --> User IP: ::1
DEBUG - 2025-08-12 09:11:40 --> Session: Class initialized using 'CodeIgniter\Session\Handlers\FileHandler' driver.
DEBUG - 2025-08-12 09:11:40 --> User IP: ::1
DEBUG - 2025-08-12 09:11:41 --> Session: Class initialized using 'CodeIgniter\Session\Handlers\FileHandler' driver.
DEBUG - 2025-08-12 09:11:41 --> User IP: ::1
DEBUG - 2025-08-12 09:11:57 --> Session: Class initialized using 'CodeIgniter\Session\Handlers\FileHandler' driver.
DEBUG - 2025-08-12 09:11:57 --> User IP: ::1
DEBUG - 2025-08-12 09:13:10 --> Session: Class initialized using 'CodeIgniter\Session\Handlers\FileHandler' driver.
DEBUG - 2025-08-12 09:13:10 --> User IP: ::1
DEBUG - 2025-08-12 09:13:11 --> Session: Class initialized using 'CodeIgniter\Session\Handlers\FileHandler' driver.
DEBUG - 2025-08-12 09:13:11 --> User IP: ::1
DEBUG - 2025-08-12 09:13:54 --> Session: Class initialized using 'CodeIgniter\Session\Handlers\FileHandler' driver.
DEBUG - 2025-08-12 09:13:54 --> User IP: ::1
DEBUG - 2025-08-12 09:13:54 --> Session: Class initialized using 'CodeIgniter\Session\Handlers\FileHandler' driver.
DEBUG - 2025-08-12 09:13:55 --> User IP: ::1
DEBUG - 2025-08-12 09:14:25 --> Session: Class initialized using 'CodeIgniter\Session\Handlers\FileHandler' driver.
DEBUG - 2025-08-12 09:14:25 --> User IP: ::1
DEBUG - 2025-08-12 09:15:26 --> Session: Class initialized using 'CodeIgniter\Session\Handlers\FileHandler' driver.
DEBUG - 2025-08-12 09:15:26 --> User IP: ::1
DEBUG - 2025-08-12 09:15:27 --> Session: Class initialized using 'CodeIgniter\Session\Handlers\FileHandler' driver.
DEBUG - 2025-08-12 09:15:27 --> User IP: ::1
DEBUG - 2025-08-12 09:18:51 --> Session: Class initialized using 'CodeIgniter\Session\Handlers\FileHandler' driver.
DEBUG - 2025-08-12 09:18:51 --> User IP: ::1
DEBUG - 2025-08-12 09:18:52 --> Session: Class initialized using 'CodeIgniter\Session\Handlers\FileHandler' driver.
DEBUG - 2025-08-12 09:18:52 --> User IP: ::1
DEBUG - 2025-08-12 09:19:04 --> Session: Class initialized using 'CodeIgniter\Session\Handlers\FileHandler' driver.
DEBUG - 2025-08-12 09:19:04 --> User IP: ::1
DEBUG - 2025-08-12 09:19:38 --> Session: Class initialized using 'CodeIgniter\Session\Handlers\FileHandler' driver.
DEBUG - 2025-08-12 09:19:38 --> User IP: ::1
DEBUG - 2025-08-12 09:40:19 --> Session: Class initialized using 'CodeIgniter\Session\Handlers\FileHandler' driver.
DEBUG - 2025-08-12 09:40:19 --> User IP: ::1
DEBUG - 2025-08-12 09:40:20 --> Session: Class initialized using 'CodeIgniter\Session\Handlers\FileHandler' driver.
DEBUG - 2025-08-12 09:40:20 --> User IP: ::1
DEBUG - 2025-08-12 09:40:21 --> Session: Class initialized using 'CodeIgniter\Session\Handlers\FileHandler' driver.
DEBUG - 2025-08-12 09:40:21 --> User IP: ::1
DEBUG - 2025-08-12 09:40:33 --> Session: Class initialized using 'CodeIgniter\Session\Handlers\FileHandler' driver.
DEBUG - 2025-08-12 09:40:33 --> User IP: ::1
CRITICAL - 2025-08-12 09:40:33 --> ErrorException: Undefined variable $disabled
[Method: GET, Route: hrms/appraisal_details/5]
in APPPATH\Views\hrms\appraisal_details.php on line 269.
 1 APPPATH\Views\hrms\appraisal_details.php(269): CodeIgniter\Debug\Exceptions->errorHandler(2, 'Undefined variable $disabled', 'C:\\xampp\\htdocs\\ems\\app\\Views\\hrms\\appraisal_details.php', 269)
 2 SYSTEMPATH\View\View.php(234): include('C:\\xampp\\htdocs\\ems\\app\\Views\\hrms\\appraisal_details.php')
 3 SYSTEMPATH\View\View.php(237): CodeIgniter\View\View->CodeIgniter\View\{closure}()
 4 SYSTEMPATH\Common.php(1171): CodeIgniter\View\View->render('hrms/appraisal_details', [], true)
 5 APPPATH\Controllers\Hrms.php(974): view('hrms/appraisal_details', [...])
 6 SYSTEMPATH\CodeIgniter.php(933): App\Controllers\Hrms->appraisal_details('5')
 7 SYSTEMPATH\CodeIgniter.php(509): CodeIgniter\CodeIgniter->runController(Object(App\Controllers\Hrms))
 8 SYSTEMPATH\CodeIgniter.php(355): CodeIgniter\CodeIgniter->handleRequest(null, Object(Config\Cache), false)
 9 SYSTEMPATH\Boot.php(334): CodeIgniter\CodeIgniter->run()
10 SYSTEMPATH\Boot.php(67): CodeIgniter\Boot::runCodeIgniter(Object(CodeIgniter\CodeIgniter))
11 FCPATH\index.php(56): CodeIgniter\Boot::bootWeb(Object(Config\Paths))
DEBUG - 2025-08-12 09:43:21 --> Session: Class initialized using 'CodeIgniter\Session\Handlers\FileHandler' driver.
DEBUG - 2025-08-12 09:43:21 --> User IP: ::1
CRITICAL - 2025-08-12 09:43:21 --> ErrorException: Undefined variable $disabled
[Method: GET, Route: hrms/appraisal_details/5]
in APPPATH\Views\hrms\appraisal_details.php on line 269.
 1 APPPATH\Views\hrms\appraisal_details.php(269): CodeIgniter\Debug\Exceptions->errorHandler(2, 'Undefined variable $disabled', 'C:\\xampp\\htdocs\\ems\\app\\Views\\hrms\\appraisal_details.php', 269)
 2 SYSTEMPATH\View\View.php(234): include('C:\\xampp\\htdocs\\ems\\app\\Views\\hrms\\appraisal_details.php')
 3 SYSTEMPATH\View\View.php(237): CodeIgniter\View\View->CodeIgniter\View\{closure}()
 4 SYSTEMPATH\Common.php(1171): CodeIgniter\View\View->render('hrms/appraisal_details', [], true)
 5 APPPATH\Controllers\Hrms.php(974): view('hrms/appraisal_details', [...])
 6 SYSTEMPATH\CodeIgniter.php(933): App\Controllers\Hrms->appraisal_details('5')
 7 SYSTEMPATH\CodeIgniter.php(509): CodeIgniter\CodeIgniter->runController(Object(App\Controllers\Hrms))
 8 SYSTEMPATH\CodeIgniter.php(355): CodeIgniter\CodeIgniter->handleRequest(null, Object(Config\Cache), false)
 9 SYSTEMPATH\Boot.php(334): CodeIgniter\CodeIgniter->run()
10 SYSTEMPATH\Boot.php(67): CodeIgniter\Boot::runCodeIgniter(Object(CodeIgniter\CodeIgniter))
11 FCPATH\index.php(56): CodeIgniter\Boot::bootWeb(Object(Config\Paths))
DEBUG - 2025-08-12 09:44:11 --> Session: Class initialized using 'CodeIgniter\Session\Handlers\FileHandler' driver.
DEBUG - 2025-08-12 09:44:11 --> User IP: ::1
DEBUG - 2025-08-12 09:44:12 --> Session: Class initialized using 'CodeIgniter\Session\Handlers\FileHandler' driver.
DEBUG - 2025-08-12 09:44:12 --> User IP: ::1
DEBUG - 2025-08-12 09:44:23 --> Session: Class initialized using 'CodeIgniter\Session\Handlers\FileHandler' driver.
DEBUG - 2025-08-12 09:44:23 --> User IP: ::1
DEBUG - 2025-08-12 09:44:23 --> Session: Class initialized using 'CodeIgniter\Session\Handlers\FileHandler' driver.
DEBUG - 2025-08-12 09:44:23 --> User IP: ::1
DEBUG - 2025-08-12 09:45:02 --> Session: Class initialized using 'CodeIgniter\Session\Handlers\FileHandler' driver.
DEBUG - 2025-08-12 09:45:02 --> User IP: ::1
DEBUG - 2025-08-12 09:45:02 --> Session: Class initialized using 'CodeIgniter\Session\Handlers\FileHandler' driver.
DEBUG - 2025-08-12 09:45:02 --> User IP: ::1
DEBUG - 2025-08-12 09:45:05 --> Session: Class initialized using 'CodeIgniter\Session\Handlers\FileHandler' driver.
DEBUG - 2025-08-12 09:45:05 --> User IP: ::1
DEBUG - 2025-08-12 09:45:06 --> Session: Class initialized using 'CodeIgniter\Session\Handlers\FileHandler' driver.
DEBUG - 2025-08-12 09:45:06 --> User IP: ::1
DEBUG - 2025-08-12 09:45:16 --> Session: Class initialized using 'CodeIgniter\Session\Handlers\FileHandler' driver.
DEBUG - 2025-08-12 09:45:16 --> User IP: ::1
DEBUG - 2025-08-12 09:45:16 --> Session: Class initialized using 'CodeIgniter\Session\Handlers\FileHandler' driver.
DEBUG - 2025-08-12 09:45:16 --> User IP: ::1
DEBUG - 2025-08-12 09:45:18 --> Session: Class initialized using 'CodeIgniter\Session\Handlers\FileHandler' driver.
DEBUG - 2025-08-12 09:45:18 --> User IP: ::1
DEBUG - 2025-08-12 09:45:19 --> Session: Class initialized using 'CodeIgniter\Session\Handlers\FileHandler' driver.
DEBUG - 2025-08-12 09:45:19 --> User IP: ::1
DEBUG - 2025-08-12 09:45:27 --> Session: Class initialized using 'CodeIgniter\Session\Handlers\FileHandler' driver.
DEBUG - 2025-08-12 09:45:27 --> User IP: ::1
DEBUG - 2025-08-12 09:45:28 --> Session: Class initialized using 'CodeIgniter\Session\Handlers\FileHandler' driver.
DEBUG - 2025-08-12 09:45:28 --> User IP: ::1
DEBUG - 2025-08-12 09:45:40 --> Session: Class initialized using 'CodeIgniter\Session\Handlers\FileHandler' driver.
DEBUG - 2025-08-12 09:45:40 --> User IP: ::1
DEBUG - 2025-08-12 09:45:40 --> Session: Class initialized using 'CodeIgniter\Session\Handlers\FileHandler' driver.
DEBUG - 2025-08-12 09:45:40 --> User IP: ::1
DEBUG - 2025-08-12 09:45:44 --> Session: Class initialized using 'CodeIgniter\Session\Handlers\FileHandler' driver.
DEBUG - 2025-08-12 09:45:44 --> User IP: ::1
DEBUG - 2025-08-12 09:45:45 --> Session: Class initialized using 'CodeIgniter\Session\Handlers\FileHandler' driver.
DEBUG - 2025-08-12 09:45:45 --> User IP: ::1
DEBUG - 2025-08-12 09:45:49 --> Session: Class initialized using 'CodeIgniter\Session\Handlers\FileHandler' driver.
DEBUG - 2025-08-12 09:45:49 --> User IP: ::1
DEBUG - 2025-08-12 09:45:49 --> Session: Class initialized using 'CodeIgniter\Session\Handlers\FileHandler' driver.
DEBUG - 2025-08-12 09:45:50 --> User IP: ::1
DEBUG - 2025-08-12 09:45:54 --> Session: Class initialized using 'CodeIgniter\Session\Handlers\FileHandler' driver.
DEBUG - 2025-08-12 09:45:54 --> User IP: ::1
DEBUG - 2025-08-12 09:45:55 --> Session: Class initialized using 'CodeIgniter\Session\Handlers\FileHandler' driver.
DEBUG - 2025-08-12 09:45:55 --> User IP: ::1
DEBUG - 2025-08-12 09:45:59 --> Session: Class initialized using 'CodeIgniter\Session\Handlers\FileHandler' driver.
DEBUG - 2025-08-12 09:45:59 --> User IP: ::1
DEBUG - 2025-08-12 09:45:59 --> Session: Class initialized using 'CodeIgniter\Session\Handlers\FileHandler' driver.
DEBUG - 2025-08-12 09:45:59 --> User IP: ::1
DEBUG - 2025-08-12 09:56:25 --> Session: Class initialized using 'CodeIgniter\Session\Handlers\FileHandler' driver.
DEBUG - 2025-08-12 09:56:25 --> User IP: ::1
DEBUG - 2025-08-12 09:56:26 --> Session: Class initialized using 'CodeIgniter\Session\Handlers\FileHandler' driver.
DEBUG - 2025-08-12 09:56:26 --> User IP: ::1
DEBUG - 2025-08-12 09:56:31 --> Session: Class initialized using 'CodeIgniter\Session\Handlers\FileHandler' driver.
DEBUG - 2025-08-12 09:56:31 --> User IP: ::1
DEBUG - 2025-08-12 09:56:31 --> Session: Class initialized using 'CodeIgniter\Session\Handlers\FileHandler' driver.
DEBUG - 2025-08-12 09:56:31 --> User IP: ::1
DEBUG - 2025-08-12 09:57:30 --> Session: Class initialized using 'CodeIgniter\Session\Handlers\FileHandler' driver.
DEBUG - 2025-08-12 09:57:30 --> User IP: ::1
DEBUG - 2025-08-12 09:57:34 --> Session: Class initialized using 'CodeIgniter\Session\Handlers\FileHandler' driver.
DEBUG - 2025-08-12 09:57:34 --> User IP: ::1
DEBUG - 2025-08-12 09:58:59 --> Session: Class initialized using 'CodeIgniter\Session\Handlers\FileHandler' driver.
DEBUG - 2025-08-12 09:58:59 --> User IP: ::1
DEBUG - 2025-08-12 09:59:00 --> Session: Class initialized using 'CodeIgniter\Session\Handlers\FileHandler' driver.
DEBUG - 2025-08-12 09:59:00 --> User IP: ::1
DEBUG - 2025-08-12 09:59:05 --> Session: Class initialized using 'CodeIgniter\Session\Handlers\FileHandler' driver.
DEBUG - 2025-08-12 09:59:05 --> User IP: ::1
DEBUG - 2025-08-12 09:59:06 --> Session: Class initialized using 'CodeIgniter\Session\Handlers\FileHandler' driver.
DEBUG - 2025-08-12 09:59:06 --> User IP: ::1
DEBUG - 2025-08-12 09:59:08 --> Session: Class initialized using 'CodeIgniter\Session\Handlers\FileHandler' driver.
DEBUG - 2025-08-12 09:59:08 --> User IP: ::1
DEBUG - 2025-08-12 09:59:08 --> Session: Class initialized using 'CodeIgniter\Session\Handlers\FileHandler' driver.
DEBUG - 2025-08-12 09:59:08 --> User IP: ::1
DEBUG - 2025-08-12 09:59:10 --> Session: Class initialized using 'CodeIgniter\Session\Handlers\FileHandler' driver.
DEBUG - 2025-08-12 09:59:10 --> User IP: ::1
DEBUG - 2025-08-12 09:59:11 --> Session: Class initialized using 'CodeIgniter\Session\Handlers\FileHandler' driver.
DEBUG - 2025-08-12 09:59:11 --> User IP: ::1
DEBUG - 2025-08-12 10:02:52 --> Session: Class initialized using 'CodeIgniter\Session\Handlers\FileHandler' driver.
DEBUG - 2025-08-12 10:02:52 --> User IP: ::1
DEBUG - 2025-08-12 10:02:53 --> Session: Class initialized using 'CodeIgniter\Session\Handlers\FileHandler' driver.
DEBUG - 2025-08-12 10:02:53 --> User IP: ::1
DEBUG - 2025-08-12 10:02:55 --> Session: Class initialized using 'CodeIgniter\Session\Handlers\FileHandler' driver.
DEBUG - 2025-08-12 10:02:55 --> User IP: ::1
DEBUG - 2025-08-12 10:03:51 --> Session: Class initialized using 'CodeIgniter\Session\Handlers\FileHandler' driver.
DEBUG - 2025-08-12 10:03:51 --> User IP: ::1
DEBUG - 2025-08-12 10:03:52 --> Session: Class initialized using 'CodeIgniter\Session\Handlers\FileHandler' driver.
DEBUG - 2025-08-12 10:03:52 --> User IP: ::1
DEBUG - 2025-08-12 10:03:53 --> Session: Class initialized using 'CodeIgniter\Session\Handlers\FileHandler' driver.
DEBUG - 2025-08-12 10:03:53 --> User IP: ::1
DEBUG - 2025-08-12 10:09:42 --> Session: Class initialized using 'CodeIgniter\Session\Handlers\FileHandler' driver.
DEBUG - 2025-08-12 10:09:42 --> User IP: ::1
DEBUG - 2025-08-12 10:09:43 --> Session: Class initialized using 'CodeIgniter\Session\Handlers\FileHandler' driver.
DEBUG - 2025-08-12 10:09:43 --> User IP: ::1
DEBUG - 2025-08-12 10:09:45 --> Session: Class initialized using 'CodeIgniter\Session\Handlers\FileHandler' driver.
DEBUG - 2025-08-12 10:09:45 --> User IP: ::1
DEBUG - 2025-08-12 10:10:03 --> Session: Class initialized using 'CodeIgniter\Session\Handlers\FileHandler' driver.
DEBUG - 2025-08-12 10:10:03 --> User IP: ::1
DEBUG - 2025-08-12 10:10:12 --> Session: Class initialized using 'CodeIgniter\Session\Handlers\FileHandler' driver.
DEBUG - 2025-08-12 10:10:12 --> User IP: ::1
DEBUG - 2025-08-12 10:10:36 --> Session: Class initialized using 'CodeIgniter\Session\Handlers\FileHandler' driver.
DEBUG - 2025-08-12 10:10:37 --> User IP: ::1
DEBUG - 2025-08-12 10:10:46 --> Session: Class initialized using 'CodeIgniter\Session\Handlers\FileHandler' driver.
DEBUG - 2025-08-12 10:10:46 --> User IP: ::1
DEBUG - 2025-08-12 10:16:47 --> Session: Class initialized using 'CodeIgniter\Session\Handlers\FileHandler' driver.
DEBUG - 2025-08-12 10:16:47 --> User IP: ::1
DEBUG - 2025-08-12 10:17:00 --> Session: Class initialized using 'CodeIgniter\Session\Handlers\FileHandler' driver.
DEBUG - 2025-08-12 10:17:00 --> User IP: ::1
DEBUG - 2025-08-12 10:20:42 --> Session: Class initialized using 'CodeIgniter\Session\Handlers\FileHandler' driver.
DEBUG - 2025-08-12 10:20:42 --> User IP: ::1
DEBUG - 2025-08-12 10:29:00 --> Session: Class initialized using 'CodeIgniter\Session\Handlers\FileHandler' driver.
DEBUG - 2025-08-12 10:29:00 --> User IP: ::1
DEBUG - 2025-08-12 10:29:03 --> Session: Class initialized using 'CodeIgniter\Session\Handlers\FileHandler' driver.
DEBUG - 2025-08-12 10:38:53 --> Session: Class initialized using 'CodeIgniter\Session\Handlers\FileHandler' driver.
DEBUG - 2025-08-12 10:38:53 --> User IP: ::1
DEBUG - 2025-08-12 10:38:55 --> Session: Class initialized using 'CodeIgniter\Session\Handlers\FileHandler' driver.
DEBUG - 2025-08-12 10:38:55 --> User IP: ::1
DEBUG - 2025-08-12 10:38:57 --> Session: Class initialized using 'CodeIgniter\Session\Handlers\FileHandler' driver.
DEBUG - 2025-08-12 10:38:57 --> User IP: ::1
CRITICAL - 2025-08-12 10:38:57 --> CodeIgniter\Files\Exceptions\FileNotFoundException: File not found: "C:\xampp\htdocs\ems\public\templates/hr/01_NEW JOINING FORM Employee.docx"
[Method: GET, Route: hrms/downloadEmployeeForm]
in SYSTEMPATH\Files\File.php on line 51.
 1 SYSTEMPATH\Files\File.php(51): CodeIgniter\Files\Exceptions\FileNotFoundException::forFileNotFound('C:\\xampp\\htdocs\\ems\\public\\templates/hr/01_NEW JOINING FORM Employee.docx')
 2 SYSTEMPATH\HTTP\DownloadResponse.php(106): CodeIgniter\Files\File->__construct('C:\\xampp\\htdocs\\ems\\public\\templates/hr/01_NEW JOINING FORM Employee.docx', true)
 3 SYSTEMPATH\HTTP\ResponseTrait.php(742): CodeIgniter\HTTP\DownloadResponse->setFilePath('C:\\xampp\\htdocs\\ems\\public\\templates/hr/01_NEW JOINING FORM Employee.docx')
 4 APPPATH\Controllers\Hrms.php(36): CodeIgniter\HTTP\Response->download('01_NEW JOINING FORM Employee.docx', null)
 5 SYSTEMPATH\CodeIgniter.php(933): App\Controllers\Hrms->downloadEmployeeForm()
 6 SYSTEMPATH\CodeIgniter.php(509): CodeIgniter\CodeIgniter->runController(Object(App\Controllers\Hrms))
 7 SYSTEMPATH\CodeIgniter.php(355): CodeIgniter\CodeIgniter->handleRequest(null, Object(Config\Cache), false)
 8 SYSTEMPATH\Boot.php(334): CodeIgniter\CodeIgniter->run()
 9 SYSTEMPATH\Boot.php(67): CodeIgniter\Boot::runCodeIgniter(Object(CodeIgniter\CodeIgniter))
10 FCPATH\index.php(56): CodeIgniter\Boot::bootWeb(Object(Config\Paths))
DEBUG - 2025-08-12 10:39:51 --> Session: Class initialized using 'CodeIgniter\Session\Handlers\FileHandler' driver.
DEBUG - 2025-08-12 10:39:51 --> User IP: ::1
DEBUG - 2025-08-12 10:39:53 --> Session: Class initialized using 'CodeIgniter\Session\Handlers\FileHandler' driver.
DEBUG - 2025-08-12 10:39:53 --> User IP: ::1
DEBUG - 2025-08-12 10:39:55 --> Session: Class initialized using 'CodeIgniter\Session\Handlers\FileHandler' driver.
DEBUG - 2025-08-12 10:39:55 --> User IP: ::1
DEBUG - 2025-08-12 10:40:33 --> Session: Class initialized using 'CodeIgniter\Session\Handlers\FileHandler' driver.
DEBUG - 2025-08-12 10:40:33 --> User IP: ::1
DEBUG - 2025-08-12 10:40:33 --> Session: Class initialized using 'CodeIgniter\Session\Handlers\FileHandler' driver.
DEBUG - 2025-08-12 10:40:33 --> User IP: ::1
DEBUG - 2025-08-12 10:40:45 --> Session: Class initialized using 'CodeIgniter\Session\Handlers\FileHandler' driver.
DEBUG - 2025-08-12 10:40:45 --> User IP: ::1
DEBUG - 2025-08-12 10:40:45 --> Session: Class initialized using 'CodeIgniter\Session\Handlers\FileHandler' driver.
DEBUG - 2025-08-12 10:40:45 --> User IP: ::1
DEBUG - 2025-08-12 10:41:49 --> Session: Class initialized using 'CodeIgniter\Session\Handlers\FileHandler' driver.
DEBUG - 2025-08-12 10:41:49 --> User IP: ::1
DEBUG - 2025-08-12 10:44:00 --> Session: Class initialized using 'CodeIgniter\Session\Handlers\FileHandler' driver.
DEBUG - 2025-08-12 10:44:00 --> User IP: ::1
DEBUG - 2025-08-12 10:44:12 --> Session: Class initialized using 'CodeIgniter\Session\Handlers\FileHandler' driver.
DEBUG - 2025-08-12 10:44:12 --> User IP: ::1
DEBUG - 2025-08-12 10:46:31 --> Session: Class initialized using 'CodeIgniter\Session\Handlers\FileHandler' driver.
DEBUG - 2025-08-12 10:46:31 --> User IP: ::1
DEBUG - 2025-08-12 10:46:35 --> Session: Class initialized using 'CodeIgniter\Session\Handlers\FileHandler' driver.
DEBUG - 2025-08-12 10:46:35 --> User IP: ::1
DEBUG - 2025-08-12 10:46:52 --> Session: Class initialized using 'CodeIgniter\Session\Handlers\FileHandler' driver.
DEBUG - 2025-08-12 10:46:52 --> User IP: ::1
DEBUG - 2025-08-12 10:47:05 --> Session: Class initialized using 'CodeIgniter\Session\Handlers\FileHandler' driver.
DEBUG - 2025-08-12 10:47:05 --> User IP: ::1
DEBUG - 2025-08-12 10:47:05 --> Session: Class initialized using 'CodeIgniter\Session\Handlers\FileHandler' driver.
DEBUG - 2025-08-12 10:47:05 --> User IP: ::1
DEBUG - 2025-08-12 10:47:05 --> Session: Class initialized using 'CodeIgniter\Session\Handlers\FileHandler' driver.
DEBUG - 2025-08-12 10:47:05 --> User IP: ::1
DEBUG - 2025-08-12 10:47:38 --> Session: Class initialized using 'CodeIgniter\Session\Handlers\FileHandler' driver.
DEBUG - 2025-08-12 10:47:38 --> User IP: ::1
DEBUG - 2025-08-12 10:47:41 --> Session: Class initialized using 'CodeIgniter\Session\Handlers\FileHandler' driver.
DEBUG - 2025-08-12 10:47:41 --> User IP: ::1
DEBUG - 2025-08-12 10:47:45 --> Session: Class initialized using 'CodeIgniter\Session\Handlers\FileHandler' driver.
DEBUG - 2025-08-12 10:47:45 --> User IP: ::1
DEBUG - 2025-08-12 10:47:49 --> Session: Class initialized using 'CodeIgniter\Session\Handlers\FileHandler' driver.
DEBUG - 2025-08-12 10:47:49 --> User IP: ::1
DEBUG - 2025-08-12 10:51:23 --> Session: Class initialized using 'CodeIgniter\Session\Handlers\FileHandler' driver.
DEBUG - 2025-08-12 10:51:24 --> User IP: ::1
DEBUG - 2025-08-12 10:52:05 --> Session: Class initialized using 'CodeIgniter\Session\Handlers\FileHandler' driver.
DEBUG - 2025-08-12 10:52:05 --> User IP: ::1
DEBUG - 2025-08-12 10:52:55 --> Session: Class initialized using 'CodeIgniter\Session\Handlers\FileHandler' driver.
DEBUG - 2025-08-12 10:52:55 --> User IP: ::1
DEBUG - 2025-08-12 10:53:38 --> Session: Class initialized using 'CodeIgniter\Session\Handlers\FileHandler' driver.
DEBUG - 2025-08-12 10:53:38 --> User IP: ::1
DEBUG - 2025-08-12 10:54:30 --> Session: Class initialized using 'CodeIgniter\Session\Handlers\FileHandler' driver.
DEBUG - 2025-08-12 10:54:30 --> User IP: ::1
DEBUG - 2025-08-12 10:55:18 --> Session: Class initialized using 'CodeIgniter\Session\Handlers\FileHandler' driver.
DEBUG - 2025-08-12 10:55:18 --> User IP: ::1
DEBUG - 2025-08-12 10:55:22 --> Session: Class initialized using 'CodeIgniter\Session\Handlers\FileHandler' driver.
DEBUG - 2025-08-12 10:55:22 --> User IP: ::1
DEBUG - 2025-08-12 10:55:25 --> Session: Class initialized using 'CodeIgniter\Session\Handlers\FileHandler' driver.
DEBUG - 2025-08-12 10:55:25 --> User IP: ::1
DEBUG - 2025-08-12 10:55:30 --> Session: Class initialized using 'CodeIgniter\Session\Handlers\FileHandler' driver.
DEBUG - 2025-08-12 10:55:30 --> User IP: ::1
DEBUG - 2025-08-12 11:45:30 --> Session: Class initialized using 'CodeIgniter\Session\Handlers\FileHandler' driver.
DEBUG - 2025-08-12 11:45:30 --> User IP: ::1
CRITICAL - 2025-08-12 11:45:31 --> ErrorException: Undefined variable $emp_id
[Method: GET, Route: hrms/employeeRegister]
in APPPATH\Views\hrms\register_employees.php on line 573.
 1 APPPATH\Views\hrms\register_employees.php(573): CodeIgniter\Debug\Exceptions->errorHandler(2, 'Undefined variable $emp_id', 'C:\\xampp\\htdocs\\ems\\app\\Views\\hrms\\register_employees.php', 573)
 2 SYSTEMPATH\View\View.php(234): include('C:\\xampp\\htdocs\\ems\\app\\Views\\hrms\\register_employees.php')
 3 SYSTEMPATH\View\View.php(237): CodeIgniter\View\View->CodeIgniter\View\{closure}()
 4 SYSTEMPATH\Common.php(1171): CodeIgniter\View\View->render('hrms/register_employees', [], true)
 5 APPPATH\Controllers\Hrms.php(475): view('hrms/register_employees', [...])
 6 SYSTEMPATH\CodeIgniter.php(933): App\Controllers\Hrms->employeeRegister()
 7 SYSTEMPATH\CodeIgniter.php(509): CodeIgniter\CodeIgniter->runController(Object(App\Controllers\Hrms))
 8 SYSTEMPATH\CodeIgniter.php(355): CodeIgniter\CodeIgniter->handleRequest(null, Object(Config\Cache), false)
 9 SYSTEMPATH\Boot.php(334): CodeIgniter\CodeIgniter->run()
10 SYSTEMPATH\Boot.php(67): CodeIgniter\Boot::runCodeIgniter(Object(CodeIgniter\CodeIgniter))
11 FCPATH\index.php(56): CodeIgniter\Boot::bootWeb(Object(Config\Paths))
DEBUG - 2025-08-12 11:54:40 --> Session: Class initialized using 'CodeIgniter\Session\Handlers\FileHandler' driver.
DEBUG - 2025-08-12 11:54:40 --> User IP: ::1
CRITICAL - 2025-08-12 11:54:40 --> ErrorException: Undefined variable $emp_id
[Method: GET, Route: hrms/employeeRegister]
in APPPATH\Views\hrms\register_employees.php on line 573.
 1 APPPATH\Views\hrms\register_employees.php(573): CodeIgniter\Debug\Exceptions->errorHandler(2, 'Undefined variable $emp_id', 'C:\\xampp\\htdocs\\ems\\app\\Views\\hrms\\register_employees.php', 573)
 2 SYSTEMPATH\View\View.php(234): include('C:\\xampp\\htdocs\\ems\\app\\Views\\hrms\\register_employees.php')
 3 SYSTEMPATH\View\View.php(237): CodeIgniter\View\View->CodeIgniter\View\{closure}()
 4 SYSTEMPATH\Common.php(1171): CodeIgniter\View\View->render('hrms/register_employees', [], true)
 5 APPPATH\Controllers\Hrms.php(475): view('hrms/register_employees', [...])
 6 SYSTEMPATH\CodeIgniter.php(933): App\Controllers\Hrms->employeeRegister()
 7 SYSTEMPATH\CodeIgniter.php(509): CodeIgniter\CodeIgniter->runController(Object(App\Controllers\Hrms))
 8 SYSTEMPATH\CodeIgniter.php(355): CodeIgniter\CodeIgniter->handleRequest(null, Object(Config\Cache), false)
 9 SYSTEMPATH\Boot.php(334): CodeIgniter\CodeIgniter->run()
10 SYSTEMPATH\Boot.php(67): CodeIgniter\Boot::runCodeIgniter(Object(CodeIgniter\CodeIgniter))
11 FCPATH\index.php(56): CodeIgniter\Boot::bootWeb(Object(Config\Paths))
