DEBUG - 2025-02-12 04:58:06 --> Session: Class initialized using 'CodeIgniter\Session\Handlers\FileHandler' driver.
DEBUG - 2025-02-12 04:58:17 --> Session: Class initialized using 'CodeIgniter\Session\Handlers\FileHandler' driver.
DEBUG - 2025-02-12 04:58:17 --> Session: Class initialized using 'CodeIgniter\Session\Handlers\FileHandler' driver.
DEBUG - 2025-02-12 04:58:44 --> Session: Class initialized using 'CodeIgniter\Session\Handlers\FileHandler' driver.
DEBUG - 2025-02-12 04:58:45 --> Session: Class initialized using 'CodeIgniter\Session\Handlers\FileHandler' driver.
DEBUG - 2025-02-12 04:58:47 --> Session: Class initialized using 'CodeIgniter\Session\Handlers\FileHandler' driver.
DEBUG - 2025-02-12 04:58:48 --> Session: Class initialized using 'CodeIgniter\Session\Handlers\FileHandler' driver.
DEBUG - 2025-02-12 04:58:49 --> Session: Class initialized using 'CodeIgniter\Session\Handlers\FileHandler' driver.
DEBUG - 2025-02-12 04:58:50 --> Session: Class initialized using 'CodeIgniter\Session\Handlers\FileHandler' driver.
DEBUG - 2025-02-12 04:58:56 --> Session: Class initialized using 'CodeIgniter\Session\Handlers\FileHandler' driver.
DEBUG - 2025-02-12 04:58:57 --> Session: Class initialized using 'CodeIgniter\Session\Handlers\FileHandler' driver.
DEBUG - 2025-02-12 04:58:59 --> Session: Class initialized using 'CodeIgniter\Session\Handlers\FileHandler' driver.
DEBUG - 2025-02-12 04:59:00 --> Session: Class initialized using 'CodeIgniter\Session\Handlers\FileHandler' driver.
DEBUG - 2025-02-12 04:59:01 --> Session: Class initialized using 'CodeIgniter\Session\Handlers\FileHandler' driver.
DEBUG - 2025-02-12 04:59:44 --> Session: Class initialized using 'CodeIgniter\Session\Handlers\FileHandler' driver.
DEBUG - 2025-02-12 04:59:44 --> Session: Class initialized using 'CodeIgniter\Session\Handlers\FileHandler' driver.
DEBUG - 2025-02-12 04:59:55 --> Session: Class initialized using 'CodeIgniter\Session\Handlers\FileHandler' driver.
DEBUG - 2025-02-12 04:59:55 --> Session: Class initialized using 'CodeIgniter\Session\Handlers\FileHandler' driver.
DEBUG - 2025-02-12 05:00:15 --> Session: Class initialized using 'CodeIgniter\Session\Handlers\FileHandler' driver.
DEBUG - 2025-02-12 05:00:15 --> Session: Class initialized using 'CodeIgniter\Session\Handlers\FileHandler' driver.
DEBUG - 2025-02-12 05:01:13 --> Session: Class initialized using 'CodeIgniter\Session\Handlers\FileHandler' driver.
DEBUG - 2025-02-12 05:01:13 --> Session: Class initialized using 'CodeIgniter\Session\Handlers\FileHandler' driver.
DEBUG - 2025-02-12 05:07:37 --> Session: Class initialized using 'CodeIgniter\Session\Handlers\FileHandler' driver.
DEBUG - 2025-02-12 05:07:40 --> Session: Class initialized using 'CodeIgniter\Session\Handlers\FileHandler' driver.
DEBUG - 2025-02-12 05:07:41 --> Session: Class initialized using 'CodeIgniter\Session\Handlers\FileHandler' driver.
DEBUG - 2025-02-12 05:07:42 --> Session: Class initialized using 'CodeIgniter\Session\Handlers\FileHandler' driver.
DEBUG - 2025-02-12 05:08:19 --> Session: Class initialized using 'CodeIgniter\Session\Handlers\FileHandler' driver.
DEBUG - 2025-02-12 05:08:20 --> Session: Class initialized using 'CodeIgniter\Session\Handlers\FileHandler' driver.
DEBUG - 2025-02-12 05:08:21 --> Session: Class initialized using 'CodeIgniter\Session\Handlers\FileHandler' driver.
DEBUG - 2025-02-12 05:08:39 --> Session: Class initialized using 'CodeIgniter\Session\Handlers\FileHandler' driver.
DEBUG - 2025-02-12 05:08:49 --> Session: Class initialized using 'CodeIgniter\Session\Handlers\FileHandler' driver.
DEBUG - 2025-02-12 05:08:49 --> Session: Class initialized using 'CodeIgniter\Session\Handlers\FileHandler' driver.
DEBUG - 2025-02-12 05:08:52 --> Session: Class initialized using 'CodeIgniter\Session\Handlers\FileHandler' driver.
DEBUG - 2025-02-12 05:08:57 --> Session: Class initialized using 'CodeIgniter\Session\Handlers\FileHandler' driver.
DEBUG - 2025-02-12 05:09:00 --> Session: Class initialized using 'CodeIgniter\Session\Handlers\FileHandler' driver.
DEBUG - 2025-02-12 05:09:02 --> Session: Class initialized using 'CodeIgniter\Session\Handlers\FileHandler' driver.
DEBUG - 2025-02-12 05:30:31 --> Session: Class initialized using 'CodeIgniter\Session\Handlers\FileHandler' driver.
DEBUG - 2025-02-12 05:31:07 --> Session: Class initialized using 'CodeIgniter\Session\Handlers\FileHandler' driver.
DEBUG - 2025-02-12 05:31:24 --> Session: Class initialized using 'CodeIgniter\Session\Handlers\FileHandler' driver.
DEBUG - 2025-02-12 05:31:37 --> Session: Class initialized using 'CodeIgniter\Session\Handlers\FileHandler' driver.
DEBUG - 2025-02-12 05:31:41 --> Session: Class initialized using 'CodeIgniter\Session\Handlers\FileHandler' driver.
DEBUG - 2025-02-12 05:31:42 --> Session: Class initialized using 'CodeIgniter\Session\Handlers\FileHandler' driver.
DEBUG - 2025-02-12 05:31:43 --> Session: Class initialized using 'CodeIgniter\Session\Handlers\FileHandler' driver.
DEBUG - 2025-02-12 05:31:52 --> Session: Class initialized using 'CodeIgniter\Session\Handlers\FileHandler' driver.
DEBUG - 2025-02-12 05:31:55 --> Session: Class initialized using 'CodeIgniter\Session\Handlers\FileHandler' driver.
DEBUG - 2025-02-12 05:31:56 --> Session: Class initialized using 'CodeIgniter\Session\Handlers\FileHandler' driver.
DEBUG - 2025-02-12 05:32:12 --> Session: Class initialized using 'CodeIgniter\Session\Handlers\FileHandler' driver.
DEBUG - 2025-02-12 05:32:13 --> Session: Class initialized using 'CodeIgniter\Session\Handlers\FileHandler' driver.
DEBUG - 2025-02-12 05:35:00 --> Session: Class initialized using 'CodeIgniter\Session\Handlers\FileHandler' driver.
DEBUG - 2025-02-12 05:35:02 --> Session: Class initialized using 'CodeIgniter\Session\Handlers\FileHandler' driver.
DEBUG - 2025-02-12 05:35:19 --> Session: Class initialized using 'CodeIgniter\Session\Handlers\FileHandler' driver.
DEBUG - 2025-02-12 05:35:39 --> Session: Class initialized using 'CodeIgniter\Session\Handlers\FileHandler' driver.
DEBUG - 2025-02-12 05:35:41 --> Session: Class initialized using 'CodeIgniter\Session\Handlers\FileHandler' driver.
DEBUG - 2025-02-12 05:35:42 --> Session: Class initialized using 'CodeIgniter\Session\Handlers\FileHandler' driver.
DEBUG - 2025-02-12 05:36:30 --> Session: Class initialized using 'CodeIgniter\Session\Handlers\FileHandler' driver.
DEBUG - 2025-02-12 05:36:43 --> Session: Class initialized using 'CodeIgniter\Session\Handlers\FileHandler' driver.
DEBUG - 2025-02-12 05:37:24 --> Session: Class initialized using 'CodeIgniter\Session\Handlers\FileHandler' driver.
DEBUG - 2025-02-12 05:37:32 --> Session: Class initialized using 'CodeIgniter\Session\Handlers\FileHandler' driver.
DEBUG - 2025-02-12 05:37:39 --> Session: Class initialized using 'CodeIgniter\Session\Handlers\FileHandler' driver.
DEBUG - 2025-02-12 05:37:39 --> Session: Class initialized using 'CodeIgniter\Session\Handlers\FileHandler' driver.
DEBUG - 2025-02-12 05:37:41 --> Session: Class initialized using 'CodeIgniter\Session\Handlers\FileHandler' driver.
DEBUG - 2025-02-12 05:37:42 --> Session: Class initialized using 'CodeIgniter\Session\Handlers\FileHandler' driver.
DEBUG - 2025-02-12 05:37:55 --> Session: Class initialized using 'CodeIgniter\Session\Handlers\FileHandler' driver.
DEBUG - 2025-02-12 05:38:06 --> Session: Class initialized using 'CodeIgniter\Session\Handlers\FileHandler' driver.
DEBUG - 2025-02-12 05:38:11 --> Session: Class initialized using 'CodeIgniter\Session\Handlers\FileHandler' driver.
DEBUG - 2025-02-12 05:38:24 --> Session: Class initialized using 'CodeIgniter\Session\Handlers\FileHandler' driver.
DEBUG - 2025-02-12 05:38:33 --> Session: Class initialized using 'CodeIgniter\Session\Handlers\FileHandler' driver.
DEBUG - 2025-02-12 05:38:55 --> Session: Class initialized using 'CodeIgniter\Session\Handlers\FileHandler' driver.
DEBUG - 2025-02-12 05:38:55 --> Session: Class initialized using 'CodeIgniter\Session\Handlers\FileHandler' driver.
DEBUG - 2025-02-12 05:39:03 --> Session: Class initialized using 'CodeIgniter\Session\Handlers\FileHandler' driver.
DEBUG - 2025-02-12 05:39:05 --> Session: Class initialized using 'CodeIgniter\Session\Handlers\FileHandler' driver.
DEBUG - 2025-02-12 07:46:20 --> Session: Class initialized using 'CodeIgniter\Session\Handlers\FileHandler' driver.
DEBUG - 2025-02-12 07:46:28 --> Session: Class initialized using 'CodeIgniter\Session\Handlers\FileHandler' driver.
DEBUG - 2025-02-12 07:46:29 --> Session: Class initialized using 'CodeIgniter\Session\Handlers\FileHandler' driver.
DEBUG - 2025-02-12 07:46:33 --> Session: Class initialized using 'CodeIgniter\Session\Handlers\FileHandler' driver.
DEBUG - 2025-02-12 07:46:35 --> Session: Class initialized using 'CodeIgniter\Session\Handlers\FileHandler' driver.
DEBUG - 2025-02-12 08:05:06 --> Session: Class initialized using 'CodeIgniter\Session\Handlers\FileHandler' driver.
DEBUG - 2025-02-12 08:05:39 --> Session: Class initialized using 'CodeIgniter\Session\Handlers\FileHandler' driver.
DEBUG - 2025-02-12 08:05:58 --> Session: Class initialized using 'CodeIgniter\Session\Handlers\FileHandler' driver.
DEBUG - 2025-02-12 08:05:59 --> Session: Class initialized using 'CodeIgniter\Session\Handlers\FileHandler' driver.
DEBUG - 2025-02-12 08:06:37 --> Session: Class initialized using 'CodeIgniter\Session\Handlers\FileHandler' driver.
DEBUG - 2025-02-12 08:06:44 --> Session: Class initialized using 'CodeIgniter\Session\Handlers\FileHandler' driver.
DEBUG - 2025-02-12 08:06:45 --> Session: Class initialized using 'CodeIgniter\Session\Handlers\FileHandler' driver.
DEBUG - 2025-02-12 08:06:55 --> Session: Class initialized using 'CodeIgniter\Session\Handlers\FileHandler' driver.
DEBUG - 2025-02-12 08:08:39 --> Session: Class initialized using 'CodeIgniter\Session\Handlers\FileHandler' driver.
DEBUG - 2025-02-12 08:08:41 --> Session: Class initialized using 'CodeIgniter\Session\Handlers\FileHandler' driver.
DEBUG - 2025-02-12 08:08:42 --> Session: Class initialized using 'CodeIgniter\Session\Handlers\FileHandler' driver.
DEBUG - 2025-02-12 08:08:43 --> Session: Class initialized using 'CodeIgniter\Session\Handlers\FileHandler' driver.
DEBUG - 2025-02-12 09:34:51 --> Session: Class initialized using 'CodeIgniter\Session\Handlers\FileHandler' driver.
DEBUG - 2025-02-12 09:35:07 --> Session: Class initialized using 'CodeIgniter\Session\Handlers\FileHandler' driver.
DEBUG - 2025-02-12 09:35:16 --> Session: Class initialized using 'CodeIgniter\Session\Handlers\FileHandler' driver.
DEBUG - 2025-02-12 09:35:47 --> Session: Class initialized using 'CodeIgniter\Session\Handlers\FileHandler' driver.
DEBUG - 2025-02-12 09:45:48 --> Session: Class initialized using 'CodeIgniter\Session\Handlers\FileHandler' driver.
DEBUG - 2025-02-12 09:55:48 --> Session: Class initialized using 'CodeIgniter\Session\Handlers\FileHandler' driver.
DEBUG - 2025-02-12 10:05:48 --> Session: Class initialized using 'CodeIgniter\Session\Handlers\FileHandler' driver.
DEBUG - 2025-02-12 10:15:48 --> Session: Class initialized using 'CodeIgniter\Session\Handlers\FileHandler' driver.
DEBUG - 2025-02-12 10:26:23 --> Session: Class initialized using 'CodeIgniter\Session\Handlers\FileHandler' driver.
DEBUG - 2025-02-12 10:36:23 --> Session: Class initialized using 'CodeIgniter\Session\Handlers\FileHandler' driver.
DEBUG - 2025-02-12 10:42:51 --> Session: Class initialized using 'CodeIgniter\Session\Handlers\FileHandler' driver.
DEBUG - 2025-02-12 10:44:14 --> Session: Class initialized using 'CodeIgniter\Session\Handlers\FileHandler' driver.
DEBUG - 2025-02-12 10:44:15 --> Session: Class initialized using 'CodeIgniter\Session\Handlers\FileHandler' driver.
DEBUG - 2025-02-12 10:44:48 --> Session: Class initialized using 'CodeIgniter\Session\Handlers\FileHandler' driver.
DEBUG - 2025-02-12 10:46:12 --> Session: Class initialized using 'CodeIgniter\Session\Handlers\FileHandler' driver.
DEBUG - 2025-02-12 10:48:28 --> Session: Class initialized using 'CodeIgniter\Session\Handlers\FileHandler' driver.
DEBUG - 2025-02-12 10:48:30 --> Session: Class initialized using 'CodeIgniter\Session\Handlers\FileHandler' driver.
DEBUG - 2025-02-12 10:48:34 --> Session: Class initialized using 'CodeIgniter\Session\Handlers\FileHandler' driver.
DEBUG - 2025-02-12 10:49:06 --> Session: Class initialized using 'CodeIgniter\Session\Handlers\FileHandler' driver.
DEBUG - 2025-02-12 10:49:08 --> Session: Class initialized using 'CodeIgniter\Session\Handlers\FileHandler' driver.
DEBUG - 2025-02-12 10:57:55 --> Session: Class initialized using 'CodeIgniter\Session\Handlers\FileHandler' driver.
DEBUG - 2025-02-12 10:58:16 --> Session: Class initialized using 'CodeIgniter\Session\Handlers\FileHandler' driver.
DEBUG - 2025-02-12 10:58:45 --> Session: Class initialized using 'CodeIgniter\Session\Handlers\FileHandler' driver.
DEBUG - 2025-02-12 10:58:49 --> Session: Class initialized using 'CodeIgniter\Session\Handlers\FileHandler' driver.
DEBUG - 2025-02-12 10:58:49 --> Session: Class initialized using 'CodeIgniter\Session\Handlers\FileHandler' driver.
DEBUG - 2025-02-12 10:59:59 --> Session: Class initialized using 'CodeIgniter\Session\Handlers\FileHandler' driver.
DEBUG - 2025-02-12 11:00:25 --> Session: Class initialized using 'CodeIgniter\Session\Handlers\FileHandler' driver.
DEBUG - 2025-02-12 11:00:55 --> Session: Class initialized using 'CodeIgniter\Session\Handlers\FileHandler' driver.
DEBUG - 2025-02-12 11:00:59 --> Session: Class initialized using 'CodeIgniter\Session\Handlers\FileHandler' driver.
DEBUG - 2025-02-12 11:01:47 --> Session: Class initialized using 'CodeIgniter\Session\Handlers\FileHandler' driver.
DEBUG - 2025-02-12 11:06:17 --> Session: Class initialized using 'CodeIgniter\Session\Handlers\FileHandler' driver.
DEBUG - 2025-02-12 11:16:38 --> Session: Class initialized using 'CodeIgniter\Session\Handlers\FileHandler' driver.
DEBUG - 2025-02-12 11:16:57 --> Session: Class initialized using 'CodeIgniter\Session\Handlers\FileHandler' driver.
DEBUG - 2025-02-12 11:17:00 --> Session: Class initialized using 'CodeIgniter\Session\Handlers\FileHandler' driver.
DEBUG - 2025-02-12 11:17:22 --> Session: Class initialized using 'CodeIgniter\Session\Handlers\FileHandler' driver.
ERROR - 2025-02-12 11:17:22 --> mysqli_sql_exception: Table 'gighz.compensations' doesn't exist in C:\xampp\htdocs\gighz\system\Database\MySQLi\Connection.php:312
Stack trace:
#0 C:\xampp\htdocs\gighz\system\Database\MySQLi\Connection.php(312): mysqli->query('SHOW COLUMNS FR...', 0)
#1 C:\xampp\htdocs\gighz\system\Database\BaseConnection.php(734): CodeIgniter\Database\MySQLi\Connection->execute('SHOW COLUMNS FR...')
#2 C:\xampp\htdocs\gighz\system\Database\BaseConnection.php(648): CodeIgniter\Database\BaseConnection->simpleQuery('SHOW COLUMNS FR...')
#3 C:\xampp\htdocs\gighz\system\Database\BaseConnection.php(1564): CodeIgniter\Database\BaseConnection->query('SHOW COLUMNS FR...')
#4 C:\xampp\htdocs\gighz\app\Models\CompensationModel.php(58): CodeIgniter\Database\BaseConnection->getFieldNames('compensations')
#5 C:\xampp\htdocs\gighz\app\Models\CompensationModel.php(53): App\Models\CompensationModel->getAllColumns()
#6 C:\xampp\htdocs\gighz\app\Controllers\CompensationController.php(25): App\Models\CompensationModel->__construct()
#7 C:\xampp\htdocs\gighz\system\CodeIgniter.php(933): App\Controllers\CompensationController->applyCompensation()
#8 C:\xampp\htdocs\gighz\system\CodeIgniter.php(509): CodeIgniter\CodeIgniter->runController(Object(App\Controllers\CompensationController))
#9 C:\xampp\htdocs\gighz\system\CodeIgniter.php(355): CodeIgniter\CodeIgniter->handleRequest(NULL, Object(Config\Cache), false)
#10 C:\xampp\htdocs\gighz\system\Boot.php(334): CodeIgniter\CodeIgniter->run()
#11 C:\xampp\htdocs\gighz\system\Boot.php(67): CodeIgniter\Boot::runCodeIgniter(Object(CodeIgniter\CodeIgniter))
#12 C:\xampp\htdocs\gighz\public\index.php(56): CodeIgniter\Boot::bootWeb(Object(Config\Paths))
#13 C:\xampp\htdocs\gighz\system\rewrite.php(44): require_once('C:\\xampp\\htdocs...')
#14 {main}
CRITICAL - 2025-02-12 11:17:22 --> CodeIgniter\Database\Exceptions\DatabaseException: Table 'gighz.compensations' doesn't exist
[Method: POST, Route: compensation-request]
in SYSTEMPATH\Database\BaseConnection.php on line 688.
 1 SYSTEMPATH\Database\BaseConnection.php(1564): CodeIgniter\Database\BaseConnection->query('SHOW COLUMNS FROM `compensations`')
 2 APPPATH\Models\CompensationModel.php(58): CodeIgniter\Database\BaseConnection->getFieldNames('compensations')
 3 APPPATH\Models\CompensationModel.php(53): App\Models\CompensationModel->getAllColumns()
 4 APPPATH\Controllers\CompensationController.php(25): App\Models\CompensationModel->__construct()
 5 SYSTEMPATH\CodeIgniter.php(933): App\Controllers\CompensationController->applyCompensation()
 6 SYSTEMPATH\CodeIgniter.php(509): CodeIgniter\CodeIgniter->runController(Object(App\Controllers\CompensationController))
 7 SYSTEMPATH\CodeIgniter.php(355): CodeIgniter\CodeIgniter->handleRequest(null, Object(Config\Cache), false)
 8 SYSTEMPATH\Boot.php(334): CodeIgniter\CodeIgniter->run()
 9 SYSTEMPATH\Boot.php(67): CodeIgniter\Boot::runCodeIgniter(Object(CodeIgniter\CodeIgniter))
10 FCPATH\index.php(56): CodeIgniter\Boot::bootWeb(Object(Config\Paths))
11 SYSTEMPATH\rewrite.php(44): require_once('C:\\xampp\\htdocs\\gighz\\public\\index.php')
CRITICAL - 2025-02-12 11:17:22 --> [Caused by] CodeIgniter\Database\Exceptions\DatabaseException: Table 'gighz.compensations' doesn't exist
in SYSTEMPATH\Database\MySQLi\Connection.php on line 317.
 1 SYSTEMPATH\Database\BaseConnection.php(734): CodeIgniter\Database\MySQLi\Connection->execute('SHOW COLUMNS FROM `compensations`')
 2 SYSTEMPATH\Database\BaseConnection.php(648): CodeIgniter\Database\BaseConnection->simpleQuery('SHOW COLUMNS FROM `compensations`')
 3 SYSTEMPATH\Database\BaseConnection.php(1564): CodeIgniter\Database\BaseConnection->query('SHOW COLUMNS FROM `compensations`')
 4 APPPATH\Models\CompensationModel.php(58): CodeIgniter\Database\BaseConnection->getFieldNames('compensations')
 5 APPPATH\Models\CompensationModel.php(53): App\Models\CompensationModel->getAllColumns()
 6 APPPATH\Controllers\CompensationController.php(25): App\Models\CompensationModel->__construct()
 7 SYSTEMPATH\CodeIgniter.php(933): App\Controllers\CompensationController->applyCompensation()
 8 SYSTEMPATH\CodeIgniter.php(509): CodeIgniter\CodeIgniter->runController(Object(App\Controllers\CompensationController))
 9 SYSTEMPATH\CodeIgniter.php(355): CodeIgniter\CodeIgniter->handleRequest(null, Object(Config\Cache), false)
10 SYSTEMPATH\Boot.php(334): CodeIgniter\CodeIgniter->run()
11 SYSTEMPATH\Boot.php(67): CodeIgniter\Boot::runCodeIgniter(Object(CodeIgniter\CodeIgniter))
12 FCPATH\index.php(56): CodeIgniter\Boot::bootWeb(Object(Config\Paths))
13 SYSTEMPATH\rewrite.php(44): require_once('C:\\xampp\\htdocs\\gighz\\public\\index.php')
CRITICAL - 2025-02-12 11:17:22 --> [Caused by] mysqli_sql_exception: Table 'gighz.compensations' doesn't exist
in SYSTEMPATH\Database\MySQLi\Connection.php on line 312.
 1 SYSTEMPATH\Database\MySQLi\Connection.php(312): mysqli->query('SHOW COLUMNS FROM `compensations`', 0)
 2 SYSTEMPATH\Database\BaseConnection.php(734): CodeIgniter\Database\MySQLi\Connection->execute('SHOW COLUMNS FROM `compensations`')
 3 SYSTEMPATH\Database\BaseConnection.php(648): CodeIgniter\Database\BaseConnection->simpleQuery('SHOW COLUMNS FROM `compensations`')
 4 SYSTEMPATH\Database\BaseConnection.php(1564): CodeIgniter\Database\BaseConnection->query('SHOW COLUMNS FROM `compensations`')
 5 APPPATH\Models\CompensationModel.php(58): CodeIgniter\Database\BaseConnection->getFieldNames('compensations')
 6 APPPATH\Models\CompensationModel.php(53): App\Models\CompensationModel->getAllColumns()
 7 APPPATH\Controllers\CompensationController.php(25): App\Models\CompensationModel->__construct()
 8 SYSTEMPATH\CodeIgniter.php(933): App\Controllers\CompensationController->applyCompensation()
 9 SYSTEMPATH\CodeIgniter.php(509): CodeIgniter\CodeIgniter->runController(Object(App\Controllers\CompensationController))
10 SYSTEMPATH\CodeIgniter.php(355): CodeIgniter\CodeIgniter->handleRequest(null, Object(Config\Cache), false)
11 SYSTEMPATH\Boot.php(334): CodeIgniter\CodeIgniter->run()
12 SYSTEMPATH\Boot.php(67): CodeIgniter\Boot::runCodeIgniter(Object(CodeIgniter\CodeIgniter))
13 FCPATH\index.php(56): CodeIgniter\Boot::bootWeb(Object(Config\Paths))
14 SYSTEMPATH\rewrite.php(44): require_once('C:\\xampp\\htdocs\\gighz\\public\\index.php')
DEBUG - 2025-02-12 11:17:57 --> Session: Class initialized using 'CodeIgniter\Session\Handlers\FileHandler' driver.
DEBUG - 2025-02-12 11:18:21 --> Session: Class initialized using 'CodeIgniter\Session\Handlers\FileHandler' driver.
DEBUG - 2025-02-12 11:22:37 --> Session: Class initialized using 'CodeIgniter\Session\Handlers\FileHandler' driver.
WARNING - 2025-02-12 11:22:37 --> [DEPRECATED] DateTime::__construct(): Passing null to parameter #1 ($datetime) of type string is deprecated in APPPATH\Controllers\CompensationController.php on line 47.
 1 APPPATH\Controllers\CompensationController.php(47): DateTime->__construct(null)
 2 SYSTEMPATH\CodeIgniter.php(933): App\Controllers\CompensationController->applyCompensation()
 3 SYSTEMPATH\CodeIgniter.php(509): CodeIgniter\CodeIgniter->runController(Object(App\Controllers\CompensationController))
 4 SYSTEMPATH\CodeIgniter.php(355): CodeIgniter\CodeIgniter->handleRequest(null, Object(Config\Cache), false)
 5 SYSTEMPATH\Boot.php(334): CodeIgniter\CodeIgniter->run()
 6 SYSTEMPATH\Boot.php(67): CodeIgniter\Boot::runCodeIgniter(Object(CodeIgniter\CodeIgniter))
 7 FCPATH\index.php(56): CodeIgniter\Boot::bootWeb(Object(Config\Paths))
 8 SYSTEMPATH\rewrite.php(44): require_once('C:\\xampp\\htdocs\\gighz\\public\\index.php')
WARNING - 2025-02-12 11:22:37 --> [DEPRECATED] DateTime::__construct(): Passing null to parameter #1 ($datetime) of type string is deprecated in APPPATH\Controllers\CompensationController.php on line 48.
 1 APPPATH\Controllers\CompensationController.php(48): DateTime->__construct(null)
 2 SYSTEMPATH\CodeIgniter.php(933): App\Controllers\CompensationController->applyCompensation()
 3 SYSTEMPATH\CodeIgniter.php(509): CodeIgniter\CodeIgniter->runController(Object(App\Controllers\CompensationController))
 4 SYSTEMPATH\CodeIgniter.php(355): CodeIgniter\CodeIgniter->handleRequest(null, Object(Config\Cache), false)
 5 SYSTEMPATH\Boot.php(334): CodeIgniter\CodeIgniter->run()
 6 SYSTEMPATH\Boot.php(67): CodeIgniter\Boot::runCodeIgniter(Object(CodeIgniter\CodeIgniter))
 7 FCPATH\index.php(56): CodeIgniter\Boot::bootWeb(Object(Config\Paths))
 8 SYSTEMPATH\rewrite.php(44): require_once('C:\\xampp\\htdocs\\gighz\\public\\index.php')
CRITICAL - 2025-02-12 11:22:37 --> Error: Object of class DateTime could not be converted to string
[Method: POST, Route: compensation-request]
in SYSTEMPATH\Database\Query.php on line 337.
 1 SYSTEMPATH\Database\Query.php(337): strtr('INSERT INTO `compensation_request` (`emp_id`, `start_date`, `end_date`, `num_of_days`, `reason`) VALUES (:emp_id:, :start_date:, :end_date:, :num_of_days:, :reason:)', [...])
 2 SYSTEMPATH\Database\Query.php(312): CodeIgniter\Database\Query->matchNamedBinds('INSERT INTO `compensation_request` (`emp_id`, `start_date`, `end_date`, `num_of_days`, `reason`) VALUES (:emp_id:, :start_date:, :end_date:, :num_of_days:, :reason:)', [...])
 3 SYSTEMPATH\Database\Query.php(163): CodeIgniter\Database\Query->compileBinds()
 4 SYSTEMPATH\Database\BaseConnection.php(648): CodeIgniter\Database\Query->getQuery()
 5 SYSTEMPATH\Database\BaseBuilder.php(2340): CodeIgniter\Database\BaseConnection->query('INSERT INTO `compensation_request` (`emp_id`, `start_date`, `end_date`, `num_of_days`, `reason`) VALUES (:emp_id:, :start_date:, :end_date:, :num_of_days:, :reason:)', [...], false)
 6 SYSTEMPATH\Model.php(394): CodeIgniter\Database\BaseBuilder->insert()
 7 SYSTEMPATH\BaseModel.php(839): CodeIgniter\Model->doInsert([...])
 8 SYSTEMPATH\Model.php(800): CodeIgniter\BaseModel->insert([...], false)
 9 SYSTEMPATH\BaseModel.php(750): CodeIgniter\Model->insert([...], false)
10 APPPATH\Controllers\CompensationController.php(64): CodeIgniter\BaseModel->save([...])
11 SYSTEMPATH\CodeIgniter.php(933): App\Controllers\CompensationController->applyCompensation()
12 SYSTEMPATH\CodeIgniter.php(509): CodeIgniter\CodeIgniter->runController(Object(App\Controllers\CompensationController))
13 SYSTEMPATH\CodeIgniter.php(355): CodeIgniter\CodeIgniter->handleRequest(null, Object(Config\Cache), false)
14 SYSTEMPATH\Boot.php(334): CodeIgniter\CodeIgniter->run()
15 SYSTEMPATH\Boot.php(67): CodeIgniter\Boot::runCodeIgniter(Object(CodeIgniter\CodeIgniter))
16 FCPATH\index.php(56): CodeIgniter\Boot::bootWeb(Object(Config\Paths))
17 SYSTEMPATH\rewrite.php(44): require_once('C:\\xampp\\htdocs\\gighz\\public\\index.php')
DEBUG - 2025-02-12 11:24:34 --> Session: Class initialized using 'CodeIgniter\Session\Handlers\FileHandler' driver.
WARNING - 2025-02-12 11:24:34 --> [DEPRECATED] DateTime::__construct(): Passing null to parameter #1 ($datetime) of type string is deprecated in APPPATH\Controllers\CompensationController.php on line 51.
 1 APPPATH\Controllers\CompensationController.php(51): DateTime->__construct(null)
 2 SYSTEMPATH\CodeIgniter.php(933): App\Controllers\CompensationController->applyCompensation()
 3 SYSTEMPATH\CodeIgniter.php(509): CodeIgniter\CodeIgniter->runController(Object(App\Controllers\CompensationController))
 4 SYSTEMPATH\CodeIgniter.php(355): CodeIgniter\CodeIgniter->handleRequest(null, Object(Config\Cache), false)
 5 SYSTEMPATH\Boot.php(334): CodeIgniter\CodeIgniter->run()
 6 SYSTEMPATH\Boot.php(67): CodeIgniter\Boot::runCodeIgniter(Object(CodeIgniter\CodeIgniter))
 7 FCPATH\index.php(56): CodeIgniter\Boot::bootWeb(Object(Config\Paths))
 8 SYSTEMPATH\rewrite.php(44): require_once('C:\\xampp\\htdocs\\gighz\\public\\index.php')
WARNING - 2025-02-12 11:24:34 --> [DEPRECATED] DateTime::__construct(): Passing null to parameter #1 ($datetime) of type string is deprecated in APPPATH\Controllers\CompensationController.php on line 52.
 1 APPPATH\Controllers\CompensationController.php(52): DateTime->__construct(null)
 2 SYSTEMPATH\CodeIgniter.php(933): App\Controllers\CompensationController->applyCompensation()
 3 SYSTEMPATH\CodeIgniter.php(509): CodeIgniter\CodeIgniter->runController(Object(App\Controllers\CompensationController))
 4 SYSTEMPATH\CodeIgniter.php(355): CodeIgniter\CodeIgniter->handleRequest(null, Object(Config\Cache), false)
 5 SYSTEMPATH\Boot.php(334): CodeIgniter\CodeIgniter->run()
 6 SYSTEMPATH\Boot.php(67): CodeIgniter\Boot::runCodeIgniter(Object(CodeIgniter\CodeIgniter))
 7 FCPATH\index.php(56): CodeIgniter\Boot::bootWeb(Object(Config\Paths))
 8 SYSTEMPATH\rewrite.php(44): require_once('C:\\xampp\\htdocs\\gighz\\public\\index.php')
ERROR - 2025-02-12 11:24:34 --> mysqli_sql_exception: Column 'start_date' cannot be null in C:\xampp\htdocs\gighz\system\Database\MySQLi\Connection.php:312
Stack trace:
#0 C:\xampp\htdocs\gighz\system\Database\MySQLi\Connection.php(312): mysqli->query('INSERT INTO `co...', 0)
#1 C:\xampp\htdocs\gighz\system\Database\BaseConnection.php(734): CodeIgniter\Database\MySQLi\Connection->execute('INSERT INTO `co...')
#2 C:\xampp\htdocs\gighz\system\Database\BaseConnection.php(648): CodeIgniter\Database\BaseConnection->simpleQuery('INSERT INTO `co...')
#3 C:\xampp\htdocs\gighz\system\Database\BaseBuilder.php(2340): CodeIgniter\Database\BaseConnection->query('INSERT INTO `co...', Array, false)
#4 C:\xampp\htdocs\gighz\system\Model.php(394): CodeIgniter\Database\BaseBuilder->insert()
#5 C:\xampp\htdocs\gighz\system\BaseModel.php(839): CodeIgniter\Model->doInsert(Array)
#6 C:\xampp\htdocs\gighz\system\Model.php(800): CodeIgniter\BaseModel->insert(Array, false)
#7 C:\xampp\htdocs\gighz\system\BaseModel.php(750): CodeIgniter\Model->insert(Array, false)
#8 C:\xampp\htdocs\gighz\app\Controllers\CompensationController.php(66): CodeIgniter\BaseModel->save(Array)
#9 C:\xampp\htdocs\gighz\system\CodeIgniter.php(933): App\Controllers\CompensationController->applyCompensation()
#10 C:\xampp\htdocs\gighz\system\CodeIgniter.php(509): CodeIgniter\CodeIgniter->runController(Object(App\Controllers\CompensationController))
#11 C:\xampp\htdocs\gighz\system\CodeIgniter.php(355): CodeIgniter\CodeIgniter->handleRequest(NULL, Object(Config\Cache), false)
#12 C:\xampp\htdocs\gighz\system\Boot.php(334): CodeIgniter\CodeIgniter->run()
#13 C:\xampp\htdocs\gighz\system\Boot.php(67): CodeIgniter\Boot::runCodeIgniter(Object(CodeIgniter\CodeIgniter))
#14 C:\xampp\htdocs\gighz\public\index.php(56): CodeIgniter\Boot::bootWeb(Object(Config\Paths))
#15 C:\xampp\htdocs\gighz\system\rewrite.php(44): require_once('C:\\xampp\\htdocs...')
#16 {main}
CRITICAL - 2025-02-12 11:24:34 --> CodeIgniter\Database\Exceptions\DatabaseException: Column 'start_date' cannot be null
[Method: POST, Route: compensation-request]
in SYSTEMPATH\Database\BaseConnection.php on line 688.
 1 SYSTEMPATH\Database\BaseBuilder.php(2340): CodeIgniter\Database\BaseConnection->query('INSERT INTO `compensation_request` (`emp_id`, `start_date`, `end_date`, `num_of_days`, `reason`) VALUES (:emp_id:, :start_date:, :end_date:, :num_of_days:, :reason:)', [...], false)
 2 SYSTEMPATH\Model.php(394): CodeIgniter\Database\BaseBuilder->insert()
 3 SYSTEMPATH\BaseModel.php(839): CodeIgniter\Model->doInsert([...])
 4 SYSTEMPATH\Model.php(800): CodeIgniter\BaseModel->insert([...], false)
 5 SYSTEMPATH\BaseModel.php(750): CodeIgniter\Model->insert([...], false)
 6 APPPATH\Controllers\CompensationController.php(66): CodeIgniter\BaseModel->save([...])
 7 SYSTEMPATH\CodeIgniter.php(933): App\Controllers\CompensationController->applyCompensation()
 8 SYSTEMPATH\CodeIgniter.php(509): CodeIgniter\CodeIgniter->runController(Object(App\Controllers\CompensationController))
 9 SYSTEMPATH\CodeIgniter.php(355): CodeIgniter\CodeIgniter->handleRequest(null, Object(Config\Cache), false)
10 SYSTEMPATH\Boot.php(334): CodeIgniter\CodeIgniter->run()
11 SYSTEMPATH\Boot.php(67): CodeIgniter\Boot::runCodeIgniter(Object(CodeIgniter\CodeIgniter))
12 FCPATH\index.php(56): CodeIgniter\Boot::bootWeb(Object(Config\Paths))
13 SYSTEMPATH\rewrite.php(44): require_once('C:\\xampp\\htdocs\\gighz\\public\\index.php')
CRITICAL - 2025-02-12 11:24:34 --> [Caused by] CodeIgniter\Database\Exceptions\DatabaseException: Column 'start_date' cannot be null
in SYSTEMPATH\Database\MySQLi\Connection.php on line 317.
 1 SYSTEMPATH\Database\BaseConnection.php(734): CodeIgniter\Database\MySQLi\Connection->execute('INSERT INTO `compensation_request` (`emp_id`, `start_date`, `end_date`, `num_of_days`, `reason`) VALUES (\'admin\', NULL, NULL, 1, \'sd\')')
 2 SYSTEMPATH\Database\BaseConnection.php(648): CodeIgniter\Database\BaseConnection->simpleQuery('INSERT INTO `compensation_request` (`emp_id`, `start_date`, `end_date`, `num_of_days`, `reason`) VALUES (\'admin\', NULL, NULL, 1, \'sd\')')
 3 SYSTEMPATH\Database\BaseBuilder.php(2340): CodeIgniter\Database\BaseConnection->query('INSERT INTO `compensation_request` (`emp_id`, `start_date`, `end_date`, `num_of_days`, `reason`) VALUES (:emp_id:, :start_date:, :end_date:, :num_of_days:, :reason:)', [...], false)
 4 SYSTEMPATH\Model.php(394): CodeIgniter\Database\BaseBuilder->insert()
 5 SYSTEMPATH\BaseModel.php(839): CodeIgniter\Model->doInsert([...])
 6 SYSTEMPATH\Model.php(800): CodeIgniter\BaseModel->insert([...], false)
 7 SYSTEMPATH\BaseModel.php(750): CodeIgniter\Model->insert([...], false)
 8 APPPATH\Controllers\CompensationController.php(66): CodeIgniter\BaseModel->save([...])
 9 SYSTEMPATH\CodeIgniter.php(933): App\Controllers\CompensationController->applyCompensation()
10 SYSTEMPATH\CodeIgniter.php(509): CodeIgniter\CodeIgniter->runController(Object(App\Controllers\CompensationController))
11 SYSTEMPATH\CodeIgniter.php(355): CodeIgniter\CodeIgniter->handleRequest(null, Object(Config\Cache), false)
12 SYSTEMPATH\Boot.php(334): CodeIgniter\CodeIgniter->run()
13 SYSTEMPATH\Boot.php(67): CodeIgniter\Boot::runCodeIgniter(Object(CodeIgniter\CodeIgniter))
14 FCPATH\index.php(56): CodeIgniter\Boot::bootWeb(Object(Config\Paths))
15 SYSTEMPATH\rewrite.php(44): require_once('C:\\xampp\\htdocs\\gighz\\public\\index.php')
CRITICAL - 2025-02-12 11:24:34 --> [Caused by] mysqli_sql_exception: Column 'start_date' cannot be null
in SYSTEMPATH\Database\MySQLi\Connection.php on line 312.
 1 SYSTEMPATH\Database\MySQLi\Connection.php(312): mysqli->query('INSERT INTO `compensation_request` (`emp_id`, `start_date`, `end_date`, `num_of_days`, `reason`) VALUES (\'admin\', NULL, NULL, 1, \'sd\')', 0)
 2 SYSTEMPATH\Database\BaseConnection.php(734): CodeIgniter\Database\MySQLi\Connection->execute('INSERT INTO `compensation_request` (`emp_id`, `start_date`, `end_date`, `num_of_days`, `reason`) VALUES (\'admin\', NULL, NULL, 1, \'sd\')')
 3 SYSTEMPATH\Database\BaseConnection.php(648): CodeIgniter\Database\BaseConnection->simpleQuery('INSERT INTO `compensation_request` (`emp_id`, `start_date`, `end_date`, `num_of_days`, `reason`) VALUES (\'admin\', NULL, NULL, 1, \'sd\')')
 4 SYSTEMPATH\Database\BaseBuilder.php(2340): CodeIgniter\Database\BaseConnection->query('INSERT INTO `compensation_request` (`emp_id`, `start_date`, `end_date`, `num_of_days`, `reason`) VALUES (:emp_id:, :start_date:, :end_date:, :num_of_days:, :reason:)', [...], false)
 5 SYSTEMPATH\Model.php(394): CodeIgniter\Database\BaseBuilder->insert()
 6 SYSTEMPATH\BaseModel.php(839): CodeIgniter\Model->doInsert([...])
 7 SYSTEMPATH\Model.php(800): CodeIgniter\BaseModel->insert([...], false)
 8 SYSTEMPATH\BaseModel.php(750): CodeIgniter\Model->insert([...], false)
 9 APPPATH\Controllers\CompensationController.php(66): CodeIgniter\BaseModel->save([...])
10 SYSTEMPATH\CodeIgniter.php(933): App\Controllers\CompensationController->applyCompensation()
11 SYSTEMPATH\CodeIgniter.php(509): CodeIgniter\CodeIgniter->runController(Object(App\Controllers\CompensationController))
12 SYSTEMPATH\CodeIgniter.php(355): CodeIgniter\CodeIgniter->handleRequest(null, Object(Config\Cache), false)
13 SYSTEMPATH\Boot.php(334): CodeIgniter\CodeIgniter->run()
14 SYSTEMPATH\Boot.php(67): CodeIgniter\Boot::runCodeIgniter(Object(CodeIgniter\CodeIgniter))
15 FCPATH\index.php(56): CodeIgniter\Boot::bootWeb(Object(Config\Paths))
16 SYSTEMPATH\rewrite.php(44): require_once('C:\\xampp\\htdocs\\gighz\\public\\index.php')
DEBUG - 2025-02-12 11:24:49 --> Session: Class initialized using 'CodeIgniter\Session\Handlers\FileHandler' driver.
DEBUG - 2025-02-12 11:24:53 --> Session: Class initialized using 'CodeIgniter\Session\Handlers\FileHandler' driver.
WARNING - 2025-02-12 11:24:53 --> [DEPRECATED] DateTime::__construct(): Passing null to parameter #1 ($datetime) of type string is deprecated in APPPATH\Controllers\CompensationController.php on line 51.
 1 APPPATH\Controllers\CompensationController.php(51): DateTime->__construct(null)
 2 SYSTEMPATH\CodeIgniter.php(933): App\Controllers\CompensationController->applyCompensation()
 3 SYSTEMPATH\CodeIgniter.php(509): CodeIgniter\CodeIgniter->runController(Object(App\Controllers\CompensationController))
 4 SYSTEMPATH\CodeIgniter.php(355): CodeIgniter\CodeIgniter->handleRequest(null, Object(Config\Cache), false)
 5 SYSTEMPATH\Boot.php(334): CodeIgniter\CodeIgniter->run()
 6 SYSTEMPATH\Boot.php(67): CodeIgniter\Boot::runCodeIgniter(Object(CodeIgniter\CodeIgniter))
 7 FCPATH\index.php(56): CodeIgniter\Boot::bootWeb(Object(Config\Paths))
 8 SYSTEMPATH\rewrite.php(44): require_once('C:\\xampp\\htdocs\\gighz\\public\\index.php')
WARNING - 2025-02-12 11:24:53 --> [DEPRECATED] DateTime::__construct(): Passing null to parameter #1 ($datetime) of type string is deprecated in APPPATH\Controllers\CompensationController.php on line 52.
 1 APPPATH\Controllers\CompensationController.php(52): DateTime->__construct(null)
 2 SYSTEMPATH\CodeIgniter.php(933): App\Controllers\CompensationController->applyCompensation()
 3 SYSTEMPATH\CodeIgniter.php(509): CodeIgniter\CodeIgniter->runController(Object(App\Controllers\CompensationController))
 4 SYSTEMPATH\CodeIgniter.php(355): CodeIgniter\CodeIgniter->handleRequest(null, Object(Config\Cache), false)
 5 SYSTEMPATH\Boot.php(334): CodeIgniter\CodeIgniter->run()
 6 SYSTEMPATH\Boot.php(67): CodeIgniter\Boot::runCodeIgniter(Object(CodeIgniter\CodeIgniter))
 7 FCPATH\index.php(56): CodeIgniter\Boot::bootWeb(Object(Config\Paths))
 8 SYSTEMPATH\rewrite.php(44): require_once('C:\\xampp\\htdocs\\gighz\\public\\index.php')
ERROR - 2025-02-12 11:24:53 --> mysqli_sql_exception: Column 'start_date' cannot be null in C:\xampp\htdocs\gighz\system\Database\MySQLi\Connection.php:312
Stack trace:
#0 C:\xampp\htdocs\gighz\system\Database\MySQLi\Connection.php(312): mysqli->query('INSERT INTO `co...', 0)
#1 C:\xampp\htdocs\gighz\system\Database\BaseConnection.php(734): CodeIgniter\Database\MySQLi\Connection->execute('INSERT INTO `co...')
#2 C:\xampp\htdocs\gighz\system\Database\BaseConnection.php(648): CodeIgniter\Database\BaseConnection->simpleQuery('INSERT INTO `co...')
#3 C:\xampp\htdocs\gighz\system\Database\BaseBuilder.php(2340): CodeIgniter\Database\BaseConnection->query('INSERT INTO `co...', Array, false)
#4 C:\xampp\htdocs\gighz\system\Model.php(394): CodeIgniter\Database\BaseBuilder->insert()
#5 C:\xampp\htdocs\gighz\system\BaseModel.php(839): CodeIgniter\Model->doInsert(Array)
#6 C:\xampp\htdocs\gighz\system\Model.php(800): CodeIgniter\BaseModel->insert(Array, false)
#7 C:\xampp\htdocs\gighz\system\BaseModel.php(750): CodeIgniter\Model->insert(Array, false)
#8 C:\xampp\htdocs\gighz\app\Controllers\CompensationController.php(66): CodeIgniter\BaseModel->save(Array)
#9 C:\xampp\htdocs\gighz\system\CodeIgniter.php(933): App\Controllers\CompensationController->applyCompensation()
#10 C:\xampp\htdocs\gighz\system\CodeIgniter.php(509): CodeIgniter\CodeIgniter->runController(Object(App\Controllers\CompensationController))
#11 C:\xampp\htdocs\gighz\system\CodeIgniter.php(355): CodeIgniter\CodeIgniter->handleRequest(NULL, Object(Config\Cache), false)
#12 C:\xampp\htdocs\gighz\system\Boot.php(334): CodeIgniter\CodeIgniter->run()
#13 C:\xampp\htdocs\gighz\system\Boot.php(67): CodeIgniter\Boot::runCodeIgniter(Object(CodeIgniter\CodeIgniter))
#14 C:\xampp\htdocs\gighz\public\index.php(56): CodeIgniter\Boot::bootWeb(Object(Config\Paths))
#15 C:\xampp\htdocs\gighz\system\rewrite.php(44): require_once('C:\\xampp\\htdocs...')
#16 {main}
CRITICAL - 2025-02-12 11:24:53 --> CodeIgniter\Database\Exceptions\DatabaseException: Column 'start_date' cannot be null
[Method: POST, Route: compensation-request]
in SYSTEMPATH\Database\BaseConnection.php on line 688.
 1 SYSTEMPATH\Database\BaseBuilder.php(2340): CodeIgniter\Database\BaseConnection->query('INSERT INTO `compensation_request` (`emp_id`, `start_date`, `end_date`, `num_of_days`, `reason`) VALUES (:emp_id:, :start_date:, :end_date:, :num_of_days:, :reason:)', [...], false)
 2 SYSTEMPATH\Model.php(394): CodeIgniter\Database\BaseBuilder->insert()
 3 SYSTEMPATH\BaseModel.php(839): CodeIgniter\Model->doInsert([...])
 4 SYSTEMPATH\Model.php(800): CodeIgniter\BaseModel->insert([...], false)
 5 SYSTEMPATH\BaseModel.php(750): CodeIgniter\Model->insert([...], false)
 6 APPPATH\Controllers\CompensationController.php(66): CodeIgniter\BaseModel->save([...])
 7 SYSTEMPATH\CodeIgniter.php(933): App\Controllers\CompensationController->applyCompensation()
 8 SYSTEMPATH\CodeIgniter.php(509): CodeIgniter\CodeIgniter->runController(Object(App\Controllers\CompensationController))
 9 SYSTEMPATH\CodeIgniter.php(355): CodeIgniter\CodeIgniter->handleRequest(null, Object(Config\Cache), false)
10 SYSTEMPATH\Boot.php(334): CodeIgniter\CodeIgniter->run()
11 SYSTEMPATH\Boot.php(67): CodeIgniter\Boot::runCodeIgniter(Object(CodeIgniter\CodeIgniter))
12 FCPATH\index.php(56): CodeIgniter\Boot::bootWeb(Object(Config\Paths))
13 SYSTEMPATH\rewrite.php(44): require_once('C:\\xampp\\htdocs\\gighz\\public\\index.php')
CRITICAL - 2025-02-12 11:24:53 --> [Caused by] CodeIgniter\Database\Exceptions\DatabaseException: Column 'start_date' cannot be null
in SYSTEMPATH\Database\MySQLi\Connection.php on line 317.
 1 SYSTEMPATH\Database\BaseConnection.php(734): CodeIgniter\Database\MySQLi\Connection->execute('INSERT INTO `compensation_request` (`emp_id`, `start_date`, `end_date`, `num_of_days`, `reason`) VALUES (\'admin\', NULL, NULL, 1, \'test-1\')')
 2 SYSTEMPATH\Database\BaseConnection.php(648): CodeIgniter\Database\BaseConnection->simpleQuery('INSERT INTO `compensation_request` (`emp_id`, `start_date`, `end_date`, `num_of_days`, `reason`) VALUES (\'admin\', NULL, NULL, 1, \'test-1\')')
 3 SYSTEMPATH\Database\BaseBuilder.php(2340): CodeIgniter\Database\BaseConnection->query('INSERT INTO `compensation_request` (`emp_id`, `start_date`, `end_date`, `num_of_days`, `reason`) VALUES (:emp_id:, :start_date:, :end_date:, :num_of_days:, :reason:)', [...], false)
 4 SYSTEMPATH\Model.php(394): CodeIgniter\Database\BaseBuilder->insert()
 5 SYSTEMPATH\BaseModel.php(839): CodeIgniter\Model->doInsert([...])
 6 SYSTEMPATH\Model.php(800): CodeIgniter\BaseModel->insert([...], false)
 7 SYSTEMPATH\BaseModel.php(750): CodeIgniter\Model->insert([...], false)
 8 APPPATH\Controllers\CompensationController.php(66): CodeIgniter\BaseModel->save([...])
 9 SYSTEMPATH\CodeIgniter.php(933): App\Controllers\CompensationController->applyCompensation()
10 SYSTEMPATH\CodeIgniter.php(509): CodeIgniter\CodeIgniter->runController(Object(App\Controllers\CompensationController))
11 SYSTEMPATH\CodeIgniter.php(355): CodeIgniter\CodeIgniter->handleRequest(null, Object(Config\Cache), false)
12 SYSTEMPATH\Boot.php(334): CodeIgniter\CodeIgniter->run()
13 SYSTEMPATH\Boot.php(67): CodeIgniter\Boot::runCodeIgniter(Object(CodeIgniter\CodeIgniter))
14 FCPATH\index.php(56): CodeIgniter\Boot::bootWeb(Object(Config\Paths))
15 SYSTEMPATH\rewrite.php(44): require_once('C:\\xampp\\htdocs\\gighz\\public\\index.php')
CRITICAL - 2025-02-12 11:24:53 --> [Caused by] mysqli_sql_exception: Column 'start_date' cannot be null
in SYSTEMPATH\Database\MySQLi\Connection.php on line 312.
 1 SYSTEMPATH\Database\MySQLi\Connection.php(312): mysqli->query('INSERT INTO `compensation_request` (`emp_id`, `start_date`, `end_date`, `num_of_days`, `reason`) VALUES (\'admin\', NULL, NULL, 1, \'test-1\')', 0)
 2 SYSTEMPATH\Database\BaseConnection.php(734): CodeIgniter\Database\MySQLi\Connection->execute('INSERT INTO `compensation_request` (`emp_id`, `start_date`, `end_date`, `num_of_days`, `reason`) VALUES (\'admin\', NULL, NULL, 1, \'test-1\')')
 3 SYSTEMPATH\Database\BaseConnection.php(648): CodeIgniter\Database\BaseConnection->simpleQuery('INSERT INTO `compensation_request` (`emp_id`, `start_date`, `end_date`, `num_of_days`, `reason`) VALUES (\'admin\', NULL, NULL, 1, \'test-1\')')
 4 SYSTEMPATH\Database\BaseBuilder.php(2340): CodeIgniter\Database\BaseConnection->query('INSERT INTO `compensation_request` (`emp_id`, `start_date`, `end_date`, `num_of_days`, `reason`) VALUES (:emp_id:, :start_date:, :end_date:, :num_of_days:, :reason:)', [...], false)
 5 SYSTEMPATH\Model.php(394): CodeIgniter\Database\BaseBuilder->insert()
 6 SYSTEMPATH\BaseModel.php(839): CodeIgniter\Model->doInsert([...])
 7 SYSTEMPATH\Model.php(800): CodeIgniter\BaseModel->insert([...], false)
 8 SYSTEMPATH\BaseModel.php(750): CodeIgniter\Model->insert([...], false)
 9 APPPATH\Controllers\CompensationController.php(66): CodeIgniter\BaseModel->save([...])
10 SYSTEMPATH\CodeIgniter.php(933): App\Controllers\CompensationController->applyCompensation()
11 SYSTEMPATH\CodeIgniter.php(509): CodeIgniter\CodeIgniter->runController(Object(App\Controllers\CompensationController))
12 SYSTEMPATH\CodeIgniter.php(355): CodeIgniter\CodeIgniter->handleRequest(null, Object(Config\Cache), false)
13 SYSTEMPATH\Boot.php(334): CodeIgniter\CodeIgniter->run()
14 SYSTEMPATH\Boot.php(67): CodeIgniter\Boot::runCodeIgniter(Object(CodeIgniter\CodeIgniter))
15 FCPATH\index.php(56): CodeIgniter\Boot::bootWeb(Object(Config\Paths))
16 SYSTEMPATH\rewrite.php(44): require_once('C:\\xampp\\htdocs\\gighz\\public\\index.php')
DEBUG - 2025-02-12 11:25:15 --> Session: Class initialized using 'CodeIgniter\Session\Handlers\FileHandler' driver.
DEBUG - 2025-02-12 11:25:17 --> Session: Class initialized using 'CodeIgniter\Session\Handlers\FileHandler' driver.
DEBUG - 2025-02-12 11:25:29 --> Session: Class initialized using 'CodeIgniter\Session\Handlers\FileHandler' driver.
DEBUG - 2025-02-12 11:28:11 --> Session: Class initialized using 'CodeIgniter\Session\Handlers\FileHandler' driver.
DEBUG - 2025-02-12 11:28:49 --> Session: Class initialized using 'CodeIgniter\Session\Handlers\FileHandler' driver.
DEBUG - 2025-02-12 11:32:28 --> Session: Class initialized using 'CodeIgniter\Session\Handlers\FileHandler' driver.
DEBUG - 2025-02-12 11:34:16 --> Session: Class initialized using 'CodeIgniter\Session\Handlers\FileHandler' driver.
DEBUG - 2025-02-12 11:34:22 --> Session: Class initialized using 'CodeIgniter\Session\Handlers\FileHandler' driver.
DEBUG - 2025-02-12 11:34:30 --> Session: Class initialized using 'CodeIgniter\Session\Handlers\FileHandler' driver.
DEBUG - 2025-02-12 11:34:49 --> Session: Class initialized using 'CodeIgniter\Session\Handlers\FileHandler' driver.
DEBUG - 2025-02-12 11:34:59 --> Session: Class initialized using 'CodeIgniter\Session\Handlers\FileHandler' driver.
DEBUG - 2025-02-12 11:35:18 --> Session: Class initialized using 'CodeIgniter\Session\Handlers\FileHandler' driver.
DEBUG - 2025-02-12 11:35:27 --> Session: Class initialized using 'CodeIgniter\Session\Handlers\FileHandler' driver.
DEBUG - 2025-02-12 11:35:41 --> Session: Class initialized using 'CodeIgniter\Session\Handlers\FileHandler' driver.
DEBUG - 2025-02-12 11:35:55 --> Session: Class initialized using 'CodeIgniter\Session\Handlers\FileHandler' driver.
DEBUG - 2025-02-12 11:36:07 --> Session: Class initialized using 'CodeIgniter\Session\Handlers\FileHandler' driver.
DEBUG - 2025-02-12 11:36:08 --> Session: Class initialized using 'CodeIgniter\Session\Handlers\FileHandler' driver.
DEBUG - 2025-02-12 11:36:27 --> Session: Class initialized using 'CodeIgniter\Session\Handlers\FileHandler' driver.
DEBUG - 2025-02-12 11:36:31 --> Session: Class initialized using 'CodeIgniter\Session\Handlers\FileHandler' driver.
DEBUG - 2025-02-12 11:36:39 --> Session: Class initialized using 'CodeIgniter\Session\Handlers\FileHandler' driver.
DEBUG - 2025-02-12 11:36:45 --> Session: Class initialized using 'CodeIgniter\Session\Handlers\FileHandler' driver.
DEBUG - 2025-02-12 11:37:50 --> Session: Class initialized using 'CodeIgniter\Session\Handlers\FileHandler' driver.
DEBUG - 2025-02-12 11:38:06 --> Session: Class initialized using 'CodeIgniter\Session\Handlers\FileHandler' driver.
DEBUG - 2025-02-12 11:38:08 --> Session: Class initialized using 'CodeIgniter\Session\Handlers\FileHandler' driver.
DEBUG - 2025-02-12 11:38:44 --> Session: Class initialized using 'CodeIgniter\Session\Handlers\FileHandler' driver.
DEBUG - 2025-02-12 11:38:47 --> Session: Class initialized using 'CodeIgniter\Session\Handlers\FileHandler' driver.
DEBUG - 2025-02-12 11:39:14 --> Session: Class initialized using 'CodeIgniter\Session\Handlers\FileHandler' driver.
DEBUG - 2025-02-12 11:40:38 --> Session: Class initialized using 'CodeIgniter\Session\Handlers\FileHandler' driver.
DEBUG - 2025-02-12 11:40:59 --> Session: Class initialized using 'CodeIgniter\Session\Handlers\FileHandler' driver.
DEBUG - 2025-02-12 11:41:00 --> Session: Class initialized using 'CodeIgniter\Session\Handlers\FileHandler' driver.
DEBUG - 2025-02-12 11:41:06 --> Session: Class initialized using 'CodeIgniter\Session\Handlers\FileHandler' driver.
DEBUG - 2025-02-12 11:51:07 --> Session: Class initialized using 'CodeIgniter\Session\Handlers\FileHandler' driver.
DEBUG - 2025-02-12 12:01:07 --> Session: Class initialized using 'CodeIgniter\Session\Handlers\FileHandler' driver.
DEBUG - 2025-02-12 12:01:07 --> Session: Class initialized using 'CodeIgniter\Session\Handlers\FileHandler' driver.
DEBUG - 2025-02-12 12:01:23 --> Session: Class initialized using 'CodeIgniter\Session\Handlers\FileHandler' driver.
DEBUG - 2025-02-12 12:01:29 --> Session: Class initialized using 'CodeIgniter\Session\Handlers\FileHandler' driver.
DEBUG - 2025-02-12 12:03:53 --> Session: Class initialized using 'CodeIgniter\Session\Handlers\FileHandler' driver.
DEBUG - 2025-02-12 12:04:20 --> Session: Class initialized using 'CodeIgniter\Session\Handlers\FileHandler' driver.
DEBUG - 2025-02-12 12:11:28 --> Session: Class initialized using 'CodeIgniter\Session\Handlers\FileHandler' driver.
DEBUG - 2025-02-12 12:11:29 --> Session: Class initialized using 'CodeIgniter\Session\Handlers\FileHandler' driver.
DEBUG - 2025-02-12 12:11:46 --> Session: Class initialized using 'CodeIgniter\Session\Handlers\FileHandler' driver.
DEBUG - 2025-02-12 12:25:16 --> Session: Class initialized using 'CodeIgniter\Session\Handlers\FileHandler' driver.
DEBUG - 2025-02-12 12:25:17 --> Session: Class initialized using 'CodeIgniter\Session\Handlers\FileHandler' driver.
ERROR - 2025-02-12 12:25:17 --> mysqli_sql_exception: Unknown column 'leave_request.start_date' in 'where clause' in C:\xampp\htdocs\gighz\system\Database\MySQLi\Connection.php:312
Stack trace:
#0 C:\xampp\htdocs\gighz\system\Database\MySQLi\Connection.php(312): mysqli->query('SELECT COUNT(*)...', 0)
#1 C:\xampp\htdocs\gighz\system\Database\BaseConnection.php(734): CodeIgniter\Database\MySQLi\Connection->execute('SELECT COUNT(*)...')
#2 C:\xampp\htdocs\gighz\system\Database\BaseConnection.php(648): CodeIgniter\Database\BaseConnection->simpleQuery('SELECT COUNT(*)...')
#3 C:\xampp\htdocs\gighz\system\Database\BaseBuilder.php(1728): CodeIgniter\Database\BaseConnection->query('SELECT COUNT(*)...', Array, false)
#4 C:\xampp\htdocs\gighz\app\Models\CompensationModel.php(74): CodeIgniter\Database\BaseBuilder->countAllResults()
#5 C:\xampp\htdocs\gighz\app\Controllers\HRController.php(26): App\Models\CompensationModel->getAllCompensationrequest()
#6 C:\xampp\htdocs\gighz\system\CodeIgniter.php(933): App\Controllers\HRController->index()
#7 C:\xampp\htdocs\gighz\system\CodeIgniter.php(509): CodeIgniter\CodeIgniter->runController(Object(App\Controllers\HRController))
#8 C:\xampp\htdocs\gighz\system\CodeIgniter.php(355): CodeIgniter\CodeIgniter->handleRequest(NULL, Object(Config\Cache), false)
#9 C:\xampp\htdocs\gighz\system\Boot.php(334): CodeIgniter\CodeIgniter->run()
#10 C:\xampp\htdocs\gighz\system\Boot.php(67): CodeIgniter\Boot::runCodeIgniter(Object(CodeIgniter\CodeIgniter))
#11 C:\xampp\htdocs\gighz\public\index.php(56): CodeIgniter\Boot::bootWeb(Object(Config\Paths))
#12 C:\xampp\htdocs\gighz\system\rewrite.php(44): require_once('C:\\xampp\\htdocs...')
#13 {main}
CRITICAL - 2025-02-12 12:25:17 --> CodeIgniter\Database\Exceptions\DatabaseException: Unknown column 'leave_request.start_date' in 'where clause'
[Method: GET, Route: dashboard/hr]
in SYSTEMPATH\Database\BaseConnection.php on line 688.
 1 SYSTEMPATH\Database\BaseBuilder.php(1728): CodeIgniter\Database\BaseConnection->query('SELECT COUNT(*) AS `numrows`
FROM `compensation_request`
WHERE YEAR(leave_request.start_date) = :YEAR(leave_request.start_date):', [...], false)
 2 APPPATH\Models\CompensationModel.php(74): CodeIgniter\Database\BaseBuilder->countAllResults()
 3 APPPATH\Controllers\HRController.php(26): App\Models\CompensationModel->getAllCompensationrequest()
 4 SYSTEMPATH\CodeIgniter.php(933): App\Controllers\HRController->index()
 5 SYSTEMPATH\CodeIgniter.php(509): CodeIgniter\CodeIgniter->runController(Object(App\Controllers\HRController))
 6 SYSTEMPATH\CodeIgniter.php(355): CodeIgniter\CodeIgniter->handleRequest(null, Object(Config\Cache), false)
 7 SYSTEMPATH\Boot.php(334): CodeIgniter\CodeIgniter->run()
 8 SYSTEMPATH\Boot.php(67): CodeIgniter\Boot::runCodeIgniter(Object(CodeIgniter\CodeIgniter))
 9 FCPATH\index.php(56): CodeIgniter\Boot::bootWeb(Object(Config\Paths))
10 SYSTEMPATH\rewrite.php(44): require_once('C:\\xampp\\htdocs\\gighz\\public\\index.php')
CRITICAL - 2025-02-12 12:25:17 --> [Caused by] CodeIgniter\Database\Exceptions\DatabaseException: Unknown column 'leave_request.start_date' in 'where clause'
in SYSTEMPATH\Database\MySQLi\Connection.php on line 317.
 1 SYSTEMPATH\Database\BaseConnection.php(734): CodeIgniter\Database\MySQLi\Connection->execute('SELECT COUNT(*) AS `numrows`
FROM `compensation_request`
WHERE YEAR(leave_request.start_date) = \'2025\'')
 2 SYSTEMPATH\Database\BaseConnection.php(648): CodeIgniter\Database\BaseConnection->simpleQuery('SELECT COUNT(*) AS `numrows`
FROM `compensation_request`
WHERE YEAR(leave_request.start_date) = \'2025\'')
 3 SYSTEMPATH\Database\BaseBuilder.php(1728): CodeIgniter\Database\BaseConnection->query('SELECT COUNT(*) AS `numrows`
FROM `compensation_request`
WHERE YEAR(leave_request.start_date) = :YEAR(leave_request.start_date):', [...], false)
 4 APPPATH\Models\CompensationModel.php(74): CodeIgniter\Database\BaseBuilder->countAllResults()
 5 APPPATH\Controllers\HRController.php(26): App\Models\CompensationModel->getAllCompensationrequest()
 6 SYSTEMPATH\CodeIgniter.php(933): App\Controllers\HRController->index()
 7 SYSTEMPATH\CodeIgniter.php(509): CodeIgniter\CodeIgniter->runController(Object(App\Controllers\HRController))
 8 SYSTEMPATH\CodeIgniter.php(355): CodeIgniter\CodeIgniter->handleRequest(null, Object(Config\Cache), false)
 9 SYSTEMPATH\Boot.php(334): CodeIgniter\CodeIgniter->run()
10 SYSTEMPATH\Boot.php(67): CodeIgniter\Boot::runCodeIgniter(Object(CodeIgniter\CodeIgniter))
11 FCPATH\index.php(56): CodeIgniter\Boot::bootWeb(Object(Config\Paths))
12 SYSTEMPATH\rewrite.php(44): require_once('C:\\xampp\\htdocs\\gighz\\public\\index.php')
CRITICAL - 2025-02-12 12:25:17 --> [Caused by] mysqli_sql_exception: Unknown column 'leave_request.start_date' in 'where clause'
in SYSTEMPATH\Database\MySQLi\Connection.php on line 312.
 1 SYSTEMPATH\Database\MySQLi\Connection.php(312): mysqli->query('SELECT COUNT(*) AS `numrows`
FROM `compensation_request`
WHERE YEAR(leave_request.start_date) = \'2025\'', 0)
 2 SYSTEMPATH\Database\BaseConnection.php(734): CodeIgniter\Database\MySQLi\Connection->execute('SELECT COUNT(*) AS `numrows`
FROM `compensation_request`
WHERE YEAR(leave_request.start_date) = \'2025\'')
 3 SYSTEMPATH\Database\BaseConnection.php(648): CodeIgniter\Database\BaseConnection->simpleQuery('SELECT COUNT(*) AS `numrows`
FROM `compensation_request`
WHERE YEAR(leave_request.start_date) = \'2025\'')
 4 SYSTEMPATH\Database\BaseBuilder.php(1728): CodeIgniter\Database\BaseConnection->query('SELECT COUNT(*) AS `numrows`
FROM `compensation_request`
WHERE YEAR(leave_request.start_date) = :YEAR(leave_request.start_date):', [...], false)
 5 APPPATH\Models\CompensationModel.php(74): CodeIgniter\Database\BaseBuilder->countAllResults()
 6 APPPATH\Controllers\HRController.php(26): App\Models\CompensationModel->getAllCompensationrequest()
 7 SYSTEMPATH\CodeIgniter.php(933): App\Controllers\HRController->index()
 8 SYSTEMPATH\CodeIgniter.php(509): CodeIgniter\CodeIgniter->runController(Object(App\Controllers\HRController))
 9 SYSTEMPATH\CodeIgniter.php(355): CodeIgniter\CodeIgniter->handleRequest(null, Object(Config\Cache), false)
10 SYSTEMPATH\Boot.php(334): CodeIgniter\CodeIgniter->run()
11 SYSTEMPATH\Boot.php(67): CodeIgniter\Boot::runCodeIgniter(Object(CodeIgniter\CodeIgniter))
12 FCPATH\index.php(56): CodeIgniter\Boot::bootWeb(Object(Config\Paths))
13 SYSTEMPATH\rewrite.php(44): require_once('C:\\xampp\\htdocs\\gighz\\public\\index.php')
DEBUG - 2025-02-12 12:26:20 --> Session: Class initialized using 'CodeIgniter\Session\Handlers\FileHandler' driver.
ERROR - 2025-02-12 12:26:20 --> mysqli_sql_exception: Unknown column 'leave_request.start_date' in 'where clause' in C:\xampp\htdocs\gighz\system\Database\MySQLi\Connection.php:312
Stack trace:
#0 C:\xampp\htdocs\gighz\system\Database\MySQLi\Connection.php(312): mysqli->query('SELECT COUNT(*)...', 0)
#1 C:\xampp\htdocs\gighz\system\Database\BaseConnection.php(734): CodeIgniter\Database\MySQLi\Connection->execute('SELECT COUNT(*)...')
#2 C:\xampp\htdocs\gighz\system\Database\BaseConnection.php(648): CodeIgniter\Database\BaseConnection->simpleQuery('SELECT COUNT(*)...')
#3 C:\xampp\htdocs\gighz\system\Database\BaseBuilder.php(1728): CodeIgniter\Database\BaseConnection->query('SELECT COUNT(*)...', Array, false)
#4 C:\xampp\htdocs\gighz\app\Models\CompensationModel.php(74): CodeIgniter\Database\BaseBuilder->countAllResults()
#5 C:\xampp\htdocs\gighz\app\Controllers\HRController.php(26): App\Models\CompensationModel->getAllCompensationrequest()
#6 C:\xampp\htdocs\gighz\system\CodeIgniter.php(933): App\Controllers\HRController->index()
#7 C:\xampp\htdocs\gighz\system\CodeIgniter.php(509): CodeIgniter\CodeIgniter->runController(Object(App\Controllers\HRController))
#8 C:\xampp\htdocs\gighz\system\CodeIgniter.php(355): CodeIgniter\CodeIgniter->handleRequest(NULL, Object(Config\Cache), false)
#9 C:\xampp\htdocs\gighz\system\Boot.php(334): CodeIgniter\CodeIgniter->run()
#10 C:\xampp\htdocs\gighz\system\Boot.php(67): CodeIgniter\Boot::runCodeIgniter(Object(CodeIgniter\CodeIgniter))
#11 C:\xampp\htdocs\gighz\public\index.php(56): CodeIgniter\Boot::bootWeb(Object(Config\Paths))
#12 C:\xampp\htdocs\gighz\system\rewrite.php(44): require_once('C:\\xampp\\htdocs...')
#13 {main}
CRITICAL - 2025-02-12 12:26:20 --> CodeIgniter\Database\Exceptions\DatabaseException: Unknown column 'leave_request.start_date' in 'where clause'
[Method: GET, Route: dashboard/hr]
in SYSTEMPATH\Database\BaseConnection.php on line 688.
 1 SYSTEMPATH\Database\BaseBuilder.php(1728): CodeIgniter\Database\BaseConnection->query('SELECT COUNT(*) AS `numrows`
FROM `compensation_request`
WHERE YEAR(leave_request.start_date) = :YEAR(leave_request.start_date):', [...], false)
 2 APPPATH\Models\CompensationModel.php(74): CodeIgniter\Database\BaseBuilder->countAllResults()
 3 APPPATH\Controllers\HRController.php(26): App\Models\CompensationModel->getAllCompensationrequest()
 4 SYSTEMPATH\CodeIgniter.php(933): App\Controllers\HRController->index()
 5 SYSTEMPATH\CodeIgniter.php(509): CodeIgniter\CodeIgniter->runController(Object(App\Controllers\HRController))
 6 SYSTEMPATH\CodeIgniter.php(355): CodeIgniter\CodeIgniter->handleRequest(null, Object(Config\Cache), false)
 7 SYSTEMPATH\Boot.php(334): CodeIgniter\CodeIgniter->run()
 8 SYSTEMPATH\Boot.php(67): CodeIgniter\Boot::runCodeIgniter(Object(CodeIgniter\CodeIgniter))
 9 FCPATH\index.php(56): CodeIgniter\Boot::bootWeb(Object(Config\Paths))
10 SYSTEMPATH\rewrite.php(44): require_once('C:\\xampp\\htdocs\\gighz\\public\\index.php')
CRITICAL - 2025-02-12 12:26:20 --> [Caused by] CodeIgniter\Database\Exceptions\DatabaseException: Unknown column 'leave_request.start_date' in 'where clause'
in SYSTEMPATH\Database\MySQLi\Connection.php on line 317.
 1 SYSTEMPATH\Database\BaseConnection.php(734): CodeIgniter\Database\MySQLi\Connection->execute('SELECT COUNT(*) AS `numrows`
FROM `compensation_request`
WHERE YEAR(leave_request.start_date) = \'2025\'')
 2 SYSTEMPATH\Database\BaseConnection.php(648): CodeIgniter\Database\BaseConnection->simpleQuery('SELECT COUNT(*) AS `numrows`
FROM `compensation_request`
WHERE YEAR(leave_request.start_date) = \'2025\'')
 3 SYSTEMPATH\Database\BaseBuilder.php(1728): CodeIgniter\Database\BaseConnection->query('SELECT COUNT(*) AS `numrows`
FROM `compensation_request`
WHERE YEAR(leave_request.start_date) = :YEAR(leave_request.start_date):', [...], false)
 4 APPPATH\Models\CompensationModel.php(74): CodeIgniter\Database\BaseBuilder->countAllResults()
 5 APPPATH\Controllers\HRController.php(26): App\Models\CompensationModel->getAllCompensationrequest()
 6 SYSTEMPATH\CodeIgniter.php(933): App\Controllers\HRController->index()
 7 SYSTEMPATH\CodeIgniter.php(509): CodeIgniter\CodeIgniter->runController(Object(App\Controllers\HRController))
 8 SYSTEMPATH\CodeIgniter.php(355): CodeIgniter\CodeIgniter->handleRequest(null, Object(Config\Cache), false)
 9 SYSTEMPATH\Boot.php(334): CodeIgniter\CodeIgniter->run()
10 SYSTEMPATH\Boot.php(67): CodeIgniter\Boot::runCodeIgniter(Object(CodeIgniter\CodeIgniter))
11 FCPATH\index.php(56): CodeIgniter\Boot::bootWeb(Object(Config\Paths))
12 SYSTEMPATH\rewrite.php(44): require_once('C:\\xampp\\htdocs\\gighz\\public\\index.php')
CRITICAL - 2025-02-12 12:26:20 --> [Caused by] mysqli_sql_exception: Unknown column 'leave_request.start_date' in 'where clause'
in SYSTEMPATH\Database\MySQLi\Connection.php on line 312.
 1 SYSTEMPATH\Database\MySQLi\Connection.php(312): mysqli->query('SELECT COUNT(*) AS `numrows`
FROM `compensation_request`
WHERE YEAR(leave_request.start_date) = \'2025\'', 0)
 2 SYSTEMPATH\Database\BaseConnection.php(734): CodeIgniter\Database\MySQLi\Connection->execute('SELECT COUNT(*) AS `numrows`
FROM `compensation_request`
WHERE YEAR(leave_request.start_date) = \'2025\'')
 3 SYSTEMPATH\Database\BaseConnection.php(648): CodeIgniter\Database\BaseConnection->simpleQuery('SELECT COUNT(*) AS `numrows`
FROM `compensation_request`
WHERE YEAR(leave_request.start_date) = \'2025\'')
 4 SYSTEMPATH\Database\BaseBuilder.php(1728): CodeIgniter\Database\BaseConnection->query('SELECT COUNT(*) AS `numrows`
FROM `compensation_request`
WHERE YEAR(leave_request.start_date) = :YEAR(leave_request.start_date):', [...], false)
 5 APPPATH\Models\CompensationModel.php(74): CodeIgniter\Database\BaseBuilder->countAllResults()
 6 APPPATH\Controllers\HRController.php(26): App\Models\CompensationModel->getAllCompensationrequest()
 7 SYSTEMPATH\CodeIgniter.php(933): App\Controllers\HRController->index()
 8 SYSTEMPATH\CodeIgniter.php(509): CodeIgniter\CodeIgniter->runController(Object(App\Controllers\HRController))
 9 SYSTEMPATH\CodeIgniter.php(355): CodeIgniter\CodeIgniter->handleRequest(null, Object(Config\Cache), false)
10 SYSTEMPATH\Boot.php(334): CodeIgniter\CodeIgniter->run()
11 SYSTEMPATH\Boot.php(67): CodeIgniter\Boot::runCodeIgniter(Object(CodeIgniter\CodeIgniter))
12 FCPATH\index.php(56): CodeIgniter\Boot::bootWeb(Object(Config\Paths))
13 SYSTEMPATH\rewrite.php(44): require_once('C:\\xampp\\htdocs\\gighz\\public\\index.php')
DEBUG - 2025-02-12 12:26:21 --> Session: Class initialized using 'CodeIgniter\Session\Handlers\FileHandler' driver.
ERROR - 2025-02-12 12:26:21 --> mysqli_sql_exception: Unknown column 'leave_request.start_date' in 'where clause' in C:\xampp\htdocs\gighz\system\Database\MySQLi\Connection.php:312
Stack trace:
#0 C:\xampp\htdocs\gighz\system\Database\MySQLi\Connection.php(312): mysqli->query('SELECT COUNT(*)...', 0)
#1 C:\xampp\htdocs\gighz\system\Database\BaseConnection.php(734): CodeIgniter\Database\MySQLi\Connection->execute('SELECT COUNT(*)...')
#2 C:\xampp\htdocs\gighz\system\Database\BaseConnection.php(648): CodeIgniter\Database\BaseConnection->simpleQuery('SELECT COUNT(*)...')
#3 C:\xampp\htdocs\gighz\system\Database\BaseBuilder.php(1728): CodeIgniter\Database\BaseConnection->query('SELECT COUNT(*)...', Array, false)
#4 C:\xampp\htdocs\gighz\app\Models\CompensationModel.php(74): CodeIgniter\Database\BaseBuilder->countAllResults()
#5 C:\xampp\htdocs\gighz\app\Controllers\HRController.php(26): App\Models\CompensationModel->getAllCompensationrequest()
#6 C:\xampp\htdocs\gighz\system\CodeIgniter.php(933): App\Controllers\HRController->index()
#7 C:\xampp\htdocs\gighz\system\CodeIgniter.php(509): CodeIgniter\CodeIgniter->runController(Object(App\Controllers\HRController))
#8 C:\xampp\htdocs\gighz\system\CodeIgniter.php(355): CodeIgniter\CodeIgniter->handleRequest(NULL, Object(Config\Cache), false)
#9 C:\xampp\htdocs\gighz\system\Boot.php(334): CodeIgniter\CodeIgniter->run()
#10 C:\xampp\htdocs\gighz\system\Boot.php(67): CodeIgniter\Boot::runCodeIgniter(Object(CodeIgniter\CodeIgniter))
#11 C:\xampp\htdocs\gighz\public\index.php(56): CodeIgniter\Boot::bootWeb(Object(Config\Paths))
#12 C:\xampp\htdocs\gighz\system\rewrite.php(44): require_once('C:\\xampp\\htdocs...')
#13 {main}
CRITICAL - 2025-02-12 12:26:21 --> CodeIgniter\Database\Exceptions\DatabaseException: Unknown column 'leave_request.start_date' in 'where clause'
[Method: GET, Route: dashboard/hr]
in SYSTEMPATH\Database\BaseConnection.php on line 688.
 1 SYSTEMPATH\Database\BaseBuilder.php(1728): CodeIgniter\Database\BaseConnection->query('SELECT COUNT(*) AS `numrows`
FROM `compensation_request`
WHERE YEAR(leave_request.start_date) = :YEAR(leave_request.start_date):', [...], false)
 2 APPPATH\Models\CompensationModel.php(74): CodeIgniter\Database\BaseBuilder->countAllResults()
 3 APPPATH\Controllers\HRController.php(26): App\Models\CompensationModel->getAllCompensationrequest()
 4 SYSTEMPATH\CodeIgniter.php(933): App\Controllers\HRController->index()
 5 SYSTEMPATH\CodeIgniter.php(509): CodeIgniter\CodeIgniter->runController(Object(App\Controllers\HRController))
 6 SYSTEMPATH\CodeIgniter.php(355): CodeIgniter\CodeIgniter->handleRequest(null, Object(Config\Cache), false)
 7 SYSTEMPATH\Boot.php(334): CodeIgniter\CodeIgniter->run()
 8 SYSTEMPATH\Boot.php(67): CodeIgniter\Boot::runCodeIgniter(Object(CodeIgniter\CodeIgniter))
 9 FCPATH\index.php(56): CodeIgniter\Boot::bootWeb(Object(Config\Paths))
10 SYSTEMPATH\rewrite.php(44): require_once('C:\\xampp\\htdocs\\gighz\\public\\index.php')
CRITICAL - 2025-02-12 12:26:21 --> [Caused by] CodeIgniter\Database\Exceptions\DatabaseException: Unknown column 'leave_request.start_date' in 'where clause'
in SYSTEMPATH\Database\MySQLi\Connection.php on line 317.
 1 SYSTEMPATH\Database\BaseConnection.php(734): CodeIgniter\Database\MySQLi\Connection->execute('SELECT COUNT(*) AS `numrows`
FROM `compensation_request`
WHERE YEAR(leave_request.start_date) = \'2025\'')
 2 SYSTEMPATH\Database\BaseConnection.php(648): CodeIgniter\Database\BaseConnection->simpleQuery('SELECT COUNT(*) AS `numrows`
FROM `compensation_request`
WHERE YEAR(leave_request.start_date) = \'2025\'')
 3 SYSTEMPATH\Database\BaseBuilder.php(1728): CodeIgniter\Database\BaseConnection->query('SELECT COUNT(*) AS `numrows`
FROM `compensation_request`
WHERE YEAR(leave_request.start_date) = :YEAR(leave_request.start_date):', [...], false)
 4 APPPATH\Models\CompensationModel.php(74): CodeIgniter\Database\BaseBuilder->countAllResults()
 5 APPPATH\Controllers\HRController.php(26): App\Models\CompensationModel->getAllCompensationrequest()
 6 SYSTEMPATH\CodeIgniter.php(933): App\Controllers\HRController->index()
 7 SYSTEMPATH\CodeIgniter.php(509): CodeIgniter\CodeIgniter->runController(Object(App\Controllers\HRController))
 8 SYSTEMPATH\CodeIgniter.php(355): CodeIgniter\CodeIgniter->handleRequest(null, Object(Config\Cache), false)
 9 SYSTEMPATH\Boot.php(334): CodeIgniter\CodeIgniter->run()
10 SYSTEMPATH\Boot.php(67): CodeIgniter\Boot::runCodeIgniter(Object(CodeIgniter\CodeIgniter))
11 FCPATH\index.php(56): CodeIgniter\Boot::bootWeb(Object(Config\Paths))
12 SYSTEMPATH\rewrite.php(44): require_once('C:\\xampp\\htdocs\\gighz\\public\\index.php')
CRITICAL - 2025-02-12 12:26:21 --> [Caused by] mysqli_sql_exception: Unknown column 'leave_request.start_date' in 'where clause'
in SYSTEMPATH\Database\MySQLi\Connection.php on line 312.
 1 SYSTEMPATH\Database\MySQLi\Connection.php(312): mysqli->query('SELECT COUNT(*) AS `numrows`
FROM `compensation_request`
WHERE YEAR(leave_request.start_date) = \'2025\'', 0)
 2 SYSTEMPATH\Database\BaseConnection.php(734): CodeIgniter\Database\MySQLi\Connection->execute('SELECT COUNT(*) AS `numrows`
FROM `compensation_request`
WHERE YEAR(leave_request.start_date) = \'2025\'')
 3 SYSTEMPATH\Database\BaseConnection.php(648): CodeIgniter\Database\BaseConnection->simpleQuery('SELECT COUNT(*) AS `numrows`
FROM `compensation_request`
WHERE YEAR(leave_request.start_date) = \'2025\'')
 4 SYSTEMPATH\Database\BaseBuilder.php(1728): CodeIgniter\Database\BaseConnection->query('SELECT COUNT(*) AS `numrows`
FROM `compensation_request`
WHERE YEAR(leave_request.start_date) = :YEAR(leave_request.start_date):', [...], false)
 5 APPPATH\Models\CompensationModel.php(74): CodeIgniter\Database\BaseBuilder->countAllResults()
 6 APPPATH\Controllers\HRController.php(26): App\Models\CompensationModel->getAllCompensationrequest()
 7 SYSTEMPATH\CodeIgniter.php(933): App\Controllers\HRController->index()
 8 SYSTEMPATH\CodeIgniter.php(509): CodeIgniter\CodeIgniter->runController(Object(App\Controllers\HRController))
 9 SYSTEMPATH\CodeIgniter.php(355): CodeIgniter\CodeIgniter->handleRequest(null, Object(Config\Cache), false)
10 SYSTEMPATH\Boot.php(334): CodeIgniter\CodeIgniter->run()
11 SYSTEMPATH\Boot.php(67): CodeIgniter\Boot::runCodeIgniter(Object(CodeIgniter\CodeIgniter))
12 FCPATH\index.php(56): CodeIgniter\Boot::bootWeb(Object(Config\Paths))
13 SYSTEMPATH\rewrite.php(44): require_once('C:\\xampp\\htdocs\\gighz\\public\\index.php')
DEBUG - 2025-02-12 12:27:03 --> Session: Class initialized using 'CodeIgniter\Session\Handlers\FileHandler' driver.
DEBUG - 2025-02-12 12:27:45 --> Session: Class initialized using 'CodeIgniter\Session\Handlers\FileHandler' driver.
DEBUG - 2025-02-12 12:27:56 --> Session: Class initialized using 'CodeIgniter\Session\Handlers\FileHandler' driver.
DEBUG - 2025-02-12 12:28:50 --> Session: Class initialized using 'CodeIgniter\Session\Handlers\FileHandler' driver.
DEBUG - 2025-02-12 12:29:17 --> Session: Class initialized using 'CodeIgniter\Session\Handlers\FileHandler' driver.
DEBUG - 2025-02-12 12:29:30 --> Session: Class initialized using 'CodeIgniter\Session\Handlers\FileHandler' driver.
DEBUG - 2025-02-12 12:29:41 --> Session: Class initialized using 'CodeIgniter\Session\Handlers\FileHandler' driver.
DEBUG - 2025-02-12 12:29:54 --> Session: Class initialized using 'CodeIgniter\Session\Handlers\FileHandler' driver.
DEBUG - 2025-02-12 12:31:01 --> Session: Class initialized using 'CodeIgniter\Session\Handlers\FileHandler' driver.
DEBUG - 2025-02-12 12:31:08 --> Session: Class initialized using 'CodeIgniter\Session\Handlers\FileHandler' driver.
DEBUG - 2025-02-12 12:31:43 --> Session: Class initialized using 'CodeIgniter\Session\Handlers\FileHandler' driver.
DEBUG - 2025-02-12 12:31:45 --> Session: Class initialized using 'CodeIgniter\Session\Handlers\FileHandler' driver.
DEBUG - 2025-02-12 12:41:46 --> Session: Class initialized using 'CodeIgniter\Session\Handlers\FileHandler' driver.
DEBUG - 2025-02-12 12:51:46 --> Session: Class initialized using 'CodeIgniter\Session\Handlers\FileHandler' driver.
DEBUG - 2025-02-12 12:53:43 --> Session: Class initialized using 'CodeIgniter\Session\Handlers\FileHandler' driver.
DEBUG - 2025-02-12 12:54:11 --> Session: Class initialized using 'CodeIgniter\Session\Handlers\FileHandler' driver.
DEBUG - 2025-02-12 12:54:12 --> Session: Class initialized using 'CodeIgniter\Session\Handlers\FileHandler' driver.
DEBUG - 2025-02-12 12:54:14 --> Session: Class initialized using 'CodeIgniter\Session\Handlers\FileHandler' driver.
CRITICAL - 2025-02-12 12:54:14 --> ErrorException: Undefined variable $search
[Method: GET, Route: showCompen]
in APPPATH\Views\leave\compensation.php on line 22.
 1 APPPATH\Views\leave\compensation.php(22): CodeIgniter\Debug\Exceptions->errorHandler(2, 'Undefined variable $search', 'C:\\xampp\\htdocs\\gighz\\app\\Views\\leave\\compensation.php', 22)
 2 SYSTEMPATH\View\View.php(234): include('C:\\xampp\\htdocs\\gighz\\app\\Views\\leave\\compensation.php')
 3 SYSTEMPATH\View\View.php(237): CodeIgniter\View\View->CodeIgniter\View\{closure}()
 4 SYSTEMPATH\Common.php(1171): CodeIgniter\View\View->render('leave/compensation', [], true)
 5 APPPATH\Controllers\CompensationController.php(100): view('leave/compensation', [...])
 6 SYSTEMPATH\CodeIgniter.php(933): App\Controllers\CompensationController->showCompensation()
 7 SYSTEMPATH\CodeIgniter.php(509): CodeIgniter\CodeIgniter->runController(Object(App\Controllers\CompensationController))
 8 SYSTEMPATH\CodeIgniter.php(355): CodeIgniter\CodeIgniter->handleRequest(null, Object(Config\Cache), false)
 9 SYSTEMPATH\Boot.php(334): CodeIgniter\CodeIgniter->run()
10 SYSTEMPATH\Boot.php(67): CodeIgniter\Boot::runCodeIgniter(Object(CodeIgniter\CodeIgniter))
11 FCPATH\index.php(56): CodeIgniter\Boot::bootWeb(Object(Config\Paths))
12 SYSTEMPATH\rewrite.php(44): require_once('C:\\xampp\\htdocs\\gighz\\public\\index.php')
DEBUG - 2025-02-12 12:55:40 --> Session: Class initialized using 'CodeIgniter\Session\Handlers\FileHandler' driver.
CRITICAL - 2025-02-12 12:55:40 --> ErrorException: Undefined variable $sortBy
[Method: GET, Route: showCompen]
in APPPATH\Views\leave\compensation.php on line 32.
 1 APPPATH\Views\leave\compensation.php(32): CodeIgniter\Debug\Exceptions->errorHandler(2, 'Undefined variable $sortBy', 'C:\\xampp\\htdocs\\gighz\\app\\Views\\leave\\compensation.php', 32)
 2 SYSTEMPATH\View\View.php(234): include('C:\\xampp\\htdocs\\gighz\\app\\Views\\leave\\compensation.php')
 3 SYSTEMPATH\View\View.php(237): CodeIgniter\View\View->CodeIgniter\View\{closure}()
 4 SYSTEMPATH\Common.php(1171): CodeIgniter\View\View->render('leave/compensation', [], true)
 5 APPPATH\Controllers\CompensationController.php(100): view('leave/compensation', [...])
 6 SYSTEMPATH\CodeIgniter.php(933): App\Controllers\CompensationController->showCompensation()
 7 SYSTEMPATH\CodeIgniter.php(509): CodeIgniter\CodeIgniter->runController(Object(App\Controllers\CompensationController))
 8 SYSTEMPATH\CodeIgniter.php(355): CodeIgniter\CodeIgniter->handleRequest(null, Object(Config\Cache), false)
 9 SYSTEMPATH\Boot.php(334): CodeIgniter\CodeIgniter->run()
10 SYSTEMPATH\Boot.php(67): CodeIgniter\Boot::runCodeIgniter(Object(CodeIgniter\CodeIgniter))
11 FCPATH\index.php(56): CodeIgniter\Boot::bootWeb(Object(Config\Paths))
12 SYSTEMPATH\rewrite.php(44): require_once('C:\\xampp\\htdocs\\gighz\\public\\index.php')
DEBUG - 2025-02-12 13:08:01 --> Session: Class initialized using 'CodeIgniter\Session\Handlers\FileHandler' driver.
CRITICAL - 2025-02-12 13:08:01 --> ErrorException: Undefined variable $sortBy
[Method: GET, Route: showCompen]
in APPPATH\Views\leave\compensation.php on line 32.
 1 APPPATH\Views\leave\compensation.php(32): CodeIgniter\Debug\Exceptions->errorHandler(2, 'Undefined variable $sortBy', 'C:\\xampp\\htdocs\\gighz\\app\\Views\\leave\\compensation.php', 32)
 2 SYSTEMPATH\View\View.php(234): include('C:\\xampp\\htdocs\\gighz\\app\\Views\\leave\\compensation.php')
 3 SYSTEMPATH\View\View.php(237): CodeIgniter\View\View->CodeIgniter\View\{closure}()
 4 SYSTEMPATH\Common.php(1171): CodeIgniter\View\View->render('leave/compensation', [], true)
 5 APPPATH\Controllers\CompensationController.php(102): view('leave/compensation', [...])
 6 SYSTEMPATH\CodeIgniter.php(933): App\Controllers\CompensationController->showCompensation()
 7 SYSTEMPATH\CodeIgniter.php(509): CodeIgniter\CodeIgniter->runController(Object(App\Controllers\CompensationController))
 8 SYSTEMPATH\CodeIgniter.php(355): CodeIgniter\CodeIgniter->handleRequest(null, Object(Config\Cache), false)
 9 SYSTEMPATH\Boot.php(334): CodeIgniter\CodeIgniter->run()
10 SYSTEMPATH\Boot.php(67): CodeIgniter\Boot::runCodeIgniter(Object(CodeIgniter\CodeIgniter))
11 FCPATH\index.php(56): CodeIgniter\Boot::bootWeb(Object(Config\Paths))
12 SYSTEMPATH\rewrite.php(44): require_once('C:\\xampp\\htdocs\\gighz\\public\\index.php')
DEBUG - 2025-02-12 13:08:02 --> Session: Class initialized using 'CodeIgniter\Session\Handlers\FileHandler' driver.
CRITICAL - 2025-02-12 13:08:02 --> ErrorException: Undefined variable $sortBy
[Method: GET, Route: showCompen]
in APPPATH\Views\leave\compensation.php on line 32.
 1 APPPATH\Views\leave\compensation.php(32): CodeIgniter\Debug\Exceptions->errorHandler(2, 'Undefined variable $sortBy', 'C:\\xampp\\htdocs\\gighz\\app\\Views\\leave\\compensation.php', 32)
 2 SYSTEMPATH\View\View.php(234): include('C:\\xampp\\htdocs\\gighz\\app\\Views\\leave\\compensation.php')
 3 SYSTEMPATH\View\View.php(237): CodeIgniter\View\View->CodeIgniter\View\{closure}()
 4 SYSTEMPATH\Common.php(1171): CodeIgniter\View\View->render('leave/compensation', [], true)
 5 APPPATH\Controllers\CompensationController.php(102): view('leave/compensation', [...])
 6 SYSTEMPATH\CodeIgniter.php(933): App\Controllers\CompensationController->showCompensation()
 7 SYSTEMPATH\CodeIgniter.php(509): CodeIgniter\CodeIgniter->runController(Object(App\Controllers\CompensationController))
 8 SYSTEMPATH\CodeIgniter.php(355): CodeIgniter\CodeIgniter->handleRequest(null, Object(Config\Cache), false)
 9 SYSTEMPATH\Boot.php(334): CodeIgniter\CodeIgniter->run()
10 SYSTEMPATH\Boot.php(67): CodeIgniter\Boot::runCodeIgniter(Object(CodeIgniter\CodeIgniter))
11 FCPATH\index.php(56): CodeIgniter\Boot::bootWeb(Object(Config\Paths))
12 SYSTEMPATH\rewrite.php(44): require_once('C:\\xampp\\htdocs\\gighz\\public\\index.php')
DEBUG - 2025-02-12 13:11:01 --> Session: Class initialized using 'CodeIgniter\Session\Handlers\FileHandler' driver.
CRITICAL - 2025-02-12 13:11:01 --> ErrorException: Undefined variable $search
[Method: GET, Route: showCompen]
in APPPATH\Views\leave\compensation.php on line 22.
 1 APPPATH\Views\leave\compensation.php(22): CodeIgniter\Debug\Exceptions->errorHandler(2, 'Undefined variable $search', 'C:\\xampp\\htdocs\\gighz\\app\\Views\\leave\\compensation.php', 22)
 2 SYSTEMPATH\View\View.php(234): include('C:\\xampp\\htdocs\\gighz\\app\\Views\\leave\\compensation.php')
 3 SYSTEMPATH\View\View.php(237): CodeIgniter\View\View->CodeIgniter\View\{closure}()
 4 SYSTEMPATH\Common.php(1171): CodeIgniter\View\View->render('leave/compensation', [], true)
 5 APPPATH\Controllers\CompensationController.php(102): view('leave/compensation', [...])
 6 SYSTEMPATH\CodeIgniter.php(933): App\Controllers\CompensationController->showCompensation()
 7 SYSTEMPATH\CodeIgniter.php(509): CodeIgniter\CodeIgniter->runController(Object(App\Controllers\CompensationController))
 8 SYSTEMPATH\CodeIgniter.php(355): CodeIgniter\CodeIgniter->handleRequest(null, Object(Config\Cache), false)
 9 SYSTEMPATH\Boot.php(334): CodeIgniter\CodeIgniter->run()
10 SYSTEMPATH\Boot.php(67): CodeIgniter\Boot::runCodeIgniter(Object(CodeIgniter\CodeIgniter))
11 FCPATH\index.php(56): CodeIgniter\Boot::bootWeb(Object(Config\Paths))
12 SYSTEMPATH\rewrite.php(44): require_once('C:\\xampp\\htdocs\\gighz\\public\\index.php')
DEBUG - 2025-02-12 13:11:24 --> Session: Class initialized using 'CodeIgniter\Session\Handlers\FileHandler' driver.
CRITICAL - 2025-02-12 13:11:24 --> BadMethodCallException: Call to undefined method App\Models\LeaveRquestModel::getAllCompensationrequest
[Method: GET, Route: showCompen]
in SYSTEMPATH\Model.php on line 930.
 1 APPPATH\Controllers\CompensationController.php(126): CodeIgniter\Model->__call('getAllCompensationrequest', [...])
 2 SYSTEMPATH\CodeIgniter.php(933): App\Controllers\CompensationController->showAllCompensation()
 3 SYSTEMPATH\CodeIgniter.php(509): CodeIgniter\CodeIgniter->runController(Object(App\Controllers\CompensationController))
 4 SYSTEMPATH\CodeIgniter.php(355): CodeIgniter\CodeIgniter->handleRequest(null, Object(Config\Cache), false)
 5 SYSTEMPATH\Boot.php(334): CodeIgniter\CodeIgniter->run()
 6 SYSTEMPATH\Boot.php(67): CodeIgniter\Boot::runCodeIgniter(Object(CodeIgniter\CodeIgniter))
 7 FCPATH\index.php(56): CodeIgniter\Boot::bootWeb(Object(Config\Paths))
 8 SYSTEMPATH\rewrite.php(44): require_once('C:\\xampp\\htdocs\\gighz\\public\\index.php')
DEBUG - 2025-02-12 13:13:03 --> Session: Class initialized using 'CodeIgniter\Session\Handlers\FileHandler' driver.
CRITICAL - 2025-02-12 13:13:03 --> BadMethodCallException: Call to undefined method App\Models\CompensationModel::getTotalLeaveRequests
[Method: GET, Route: showCompen]
in SYSTEMPATH\Model.php on line 930.
 1 APPPATH\Controllers\CompensationController.php(129): CodeIgniter\Model->__call('getTotalLeaveRequests', [...])
 2 SYSTEMPATH\CodeIgniter.php(933): App\Controllers\CompensationController->showAllCompensation()
 3 SYSTEMPATH\CodeIgniter.php(509): CodeIgniter\CodeIgniter->runController(Object(App\Controllers\CompensationController))
 4 SYSTEMPATH\CodeIgniter.php(355): CodeIgniter\CodeIgniter->handleRequest(null, Object(Config\Cache), false)
 5 SYSTEMPATH\Boot.php(334): CodeIgniter\CodeIgniter->run()
 6 SYSTEMPATH\Boot.php(67): CodeIgniter\Boot::runCodeIgniter(Object(CodeIgniter\CodeIgniter))
 7 FCPATH\index.php(56): CodeIgniter\Boot::bootWeb(Object(Config\Paths))
 8 SYSTEMPATH\rewrite.php(44): require_once('C:\\xampp\\htdocs\\gighz\\public\\index.php')
DEBUG - 2025-02-12 13:14:51 --> Session: Class initialized using 'CodeIgniter\Session\Handlers\FileHandler' driver.
CRITICAL - 2025-02-12 13:14:51 --> ErrorException: Undefined array key "leave_type"
[Method: GET, Route: showCompen]
in APPPATH\Views\dashboard\leaveRequests.php on line 86.
 1 APPPATH\Views\dashboard\leaveRequests.php(86): CodeIgniter\Debug\Exceptions->errorHandler(2, 'Undefined array key "leave_type"', 'C:\\xampp\\htdocs\\gighz\\app\\Views\\dashboard\\leaveRequests.php', 86)
 2 SYSTEMPATH\View\View.php(234): include('C:\\xampp\\htdocs\\gighz\\app\\Views\\dashboard\\leaveRequests.php')
 3 SYSTEMPATH\View\View.php(237): CodeIgniter\View\View->CodeIgniter\View\{closure}()
 4 SYSTEMPATH\Common.php(1171): CodeIgniter\View\View->render('dashboard/leaveRequests', [], true)
 5 APPPATH\Controllers\CompensationController.php(142): view('dashboard/leaveRequests', [...])
 6 SYSTEMPATH\CodeIgniter.php(933): App\Controllers\CompensationController->showAllCompensation()
 7 SYSTEMPATH\CodeIgniter.php(509): CodeIgniter\CodeIgniter->runController(Object(App\Controllers\CompensationController))
 8 SYSTEMPATH\CodeIgniter.php(355): CodeIgniter\CodeIgniter->handleRequest(null, Object(Config\Cache), false)
 9 SYSTEMPATH\Boot.php(334): CodeIgniter\CodeIgniter->run()
10 SYSTEMPATH\Boot.php(67): CodeIgniter\Boot::runCodeIgniter(Object(CodeIgniter\CodeIgniter))
11 FCPATH\index.php(56): CodeIgniter\Boot::bootWeb(Object(Config\Paths))
12 SYSTEMPATH\rewrite.php(44): require_once('C:\\xampp\\htdocs\\gighz\\public\\index.php')
DEBUG - 2025-02-12 13:15:47 --> Session: Class initialized using 'CodeIgniter\Session\Handlers\FileHandler' driver.
CRITICAL - 2025-02-12 13:15:47 --> ErrorException: Undefined array key "leave_type"
[Method: GET, Route: showCompen]
in APPPATH\Views\dashboard\leaveRequests.php on line 86.
 1 APPPATH\Views\dashboard\leaveRequests.php(86): CodeIgniter\Debug\Exceptions->errorHandler(2, 'Undefined array key "leave_type"', 'C:\\xampp\\htdocs\\gighz\\app\\Views\\dashboard\\leaveRequests.php', 86)
 2 SYSTEMPATH\View\View.php(234): include('C:\\xampp\\htdocs\\gighz\\app\\Views\\dashboard\\leaveRequests.php')
 3 SYSTEMPATH\View\View.php(237): CodeIgniter\View\View->CodeIgniter\View\{closure}()
 4 SYSTEMPATH\Common.php(1171): CodeIgniter\View\View->render('dashboard/leaveRequests', [], true)
 5 APPPATH\Controllers\CompensationController.php(142): view('dashboard/leaveRequests', [...])
 6 SYSTEMPATH\CodeIgniter.php(933): App\Controllers\CompensationController->showAllCompensation()
 7 SYSTEMPATH\CodeIgniter.php(509): CodeIgniter\CodeIgniter->runController(Object(App\Controllers\CompensationController))
 8 SYSTEMPATH\CodeIgniter.php(355): CodeIgniter\CodeIgniter->handleRequest(null, Object(Config\Cache), false)
 9 SYSTEMPATH\Boot.php(334): CodeIgniter\CodeIgniter->run()
10 SYSTEMPATH\Boot.php(67): CodeIgniter\Boot::runCodeIgniter(Object(CodeIgniter\CodeIgniter))
11 FCPATH\index.php(56): CodeIgniter\Boot::bootWeb(Object(Config\Paths))
12 SYSTEMPATH\rewrite.php(44): require_once('C:\\xampp\\htdocs\\gighz\\public\\index.php')
DEBUG - 2025-02-12 13:16:10 --> Session: Class initialized using 'CodeIgniter\Session\Handlers\FileHandler' driver.
CRITICAL - 2025-02-12 13:16:10 --> ErrorException: Undefined array key "count"
[Method: GET, Route: dashboard/hr]
in APPPATH\Controllers\HRController.php on line 27.
 1 APPPATH\Controllers\HRController.php(27): CodeIgniter\Debug\Exceptions->errorHandler(2, 'Undefined array key "count"', 'C:\\xampp\\htdocs\\gighz\\app\\Controllers\\HRController.php', 27)
 2 SYSTEMPATH\CodeIgniter.php(933): App\Controllers\HRController->index()
 3 SYSTEMPATH\CodeIgniter.php(509): CodeIgniter\CodeIgniter->runController(Object(App\Controllers\HRController))
 4 SYSTEMPATH\CodeIgniter.php(355): CodeIgniter\CodeIgniter->handleRequest(null, Object(Config\Cache), false)
 5 SYSTEMPATH\Boot.php(334): CodeIgniter\CodeIgniter->run()
 6 SYSTEMPATH\Boot.php(67): CodeIgniter\Boot::runCodeIgniter(Object(CodeIgniter\CodeIgniter))
 7 FCPATH\index.php(56): CodeIgniter\Boot::bootWeb(Object(Config\Paths))
 8 SYSTEMPATH\rewrite.php(44): require_once('C:\\xampp\\htdocs\\gighz\\public\\index.php')
DEBUG - 2025-02-12 13:16:11 --> Session: Class initialized using 'CodeIgniter\Session\Handlers\FileHandler' driver.
DEBUG - 2025-02-12 13:16:15 --> Session: Class initialized using 'CodeIgniter\Session\Handlers\FileHandler' driver.
CRITICAL - 2025-02-12 13:16:15 --> ErrorException: Undefined array key "count"
[Method: GET, Route: dashboard/hr]
in APPPATH\Controllers\HRController.php on line 27.
 1 APPPATH\Controllers\HRController.php(27): CodeIgniter\Debug\Exceptions->errorHandler(2, 'Undefined array key "count"', 'C:\\xampp\\htdocs\\gighz\\app\\Controllers\\HRController.php', 27)
 2 SYSTEMPATH\CodeIgniter.php(933): App\Controllers\HRController->index()
 3 SYSTEMPATH\CodeIgniter.php(509): CodeIgniter\CodeIgniter->runController(Object(App\Controllers\HRController))
 4 SYSTEMPATH\CodeIgniter.php(355): CodeIgniter\CodeIgniter->handleRequest(null, Object(Config\Cache), false)
 5 SYSTEMPATH\Boot.php(334): CodeIgniter\CodeIgniter->run()
 6 SYSTEMPATH\Boot.php(67): CodeIgniter\Boot::runCodeIgniter(Object(CodeIgniter\CodeIgniter))
 7 FCPATH\index.php(56): CodeIgniter\Boot::bootWeb(Object(Config\Paths))
 8 SYSTEMPATH\rewrite.php(44): require_once('C:\\xampp\\htdocs\\gighz\\public\\index.php')
DEBUG - 2025-02-12 13:17:19 --> Session: Class initialized using 'CodeIgniter\Session\Handlers\FileHandler' driver.
DEBUG - 2025-02-12 13:17:20 --> Session: Class initialized using 'CodeIgniter\Session\Handlers\FileHandler' driver.
CRITICAL - 2025-02-12 13:17:20 --> ErrorException: Undefined array key "leave_type"
[Method: GET, Route: showCompen]
in APPPATH\Views\dashboard\leaveRequests.php on line 86.
 1 APPPATH\Views\dashboard\leaveRequests.php(86): CodeIgniter\Debug\Exceptions->errorHandler(2, 'Undefined array key "leave_type"', 'C:\\xampp\\htdocs\\gighz\\app\\Views\\dashboard\\leaveRequests.php', 86)
 2 SYSTEMPATH\View\View.php(234): include('C:\\xampp\\htdocs\\gighz\\app\\Views\\dashboard\\leaveRequests.php')
 3 SYSTEMPATH\View\View.php(237): CodeIgniter\View\View->CodeIgniter\View\{closure}()
 4 SYSTEMPATH\Common.php(1171): CodeIgniter\View\View->render('dashboard/leaveRequests', [], true)
 5 APPPATH\Controllers\CompensationController.php(142): view('dashboard/leaveRequests', [...])
 6 SYSTEMPATH\CodeIgniter.php(933): App\Controllers\CompensationController->showAllCompensation()
 7 SYSTEMPATH\CodeIgniter.php(509): CodeIgniter\CodeIgniter->runController(Object(App\Controllers\CompensationController))
 8 SYSTEMPATH\CodeIgniter.php(355): CodeIgniter\CodeIgniter->handleRequest(null, Object(Config\Cache), false)
 9 SYSTEMPATH\Boot.php(334): CodeIgniter\CodeIgniter->run()
10 SYSTEMPATH\Boot.php(67): CodeIgniter\Boot::runCodeIgniter(Object(CodeIgniter\CodeIgniter))
11 FCPATH\index.php(56): CodeIgniter\Boot::bootWeb(Object(Config\Paths))
12 SYSTEMPATH\rewrite.php(44): require_once('C:\\xampp\\htdocs\\gighz\\public\\index.php')
DEBUG - 2025-02-12 13:18:33 --> Session: Class initialized using 'CodeIgniter\Session\Handlers\FileHandler' driver.
CRITICAL - 2025-02-12 13:18:33 --> TypeError: set_value(): Argument #1 ($field) must be of type string, null given, called in C:\xampp\htdocs\gighz\app\Views\leave\compensation.php on line 22
[Method: GET, Route: showCompen]
in SYSTEMPATH\Helpers\form_helper.php on line 552.
 1 APPPATH\Views\leave\compensation.php(22): set_value(null)
 2 SYSTEMPATH\View\View.php(234): include('C:\\xampp\\htdocs\\gighz\\app\\Views\\leave\\compensation.php')
 3 SYSTEMPATH\View\View.php(237): CodeIgniter\View\View->CodeIgniter\View\{closure}()
 4 SYSTEMPATH\Common.php(1171): CodeIgniter\View\View->render('leave/compensation', [], true)
 5 APPPATH\Controllers\CompensationController.php(142): view('leave/compensation', [...])
 6 SYSTEMPATH\CodeIgniter.php(933): App\Controllers\CompensationController->showAllCompensation()
 7 SYSTEMPATH\CodeIgniter.php(509): CodeIgniter\CodeIgniter->runController(Object(App\Controllers\CompensationController))
 8 SYSTEMPATH\CodeIgniter.php(355): CodeIgniter\CodeIgniter->handleRequest(null, Object(Config\Cache), false)
 9 SYSTEMPATH\Boot.php(334): CodeIgniter\CodeIgniter->run()
10 SYSTEMPATH\Boot.php(67): CodeIgniter\Boot::runCodeIgniter(Object(CodeIgniter\CodeIgniter))
11 FCPATH\index.php(56): CodeIgniter\Boot::bootWeb(Object(Config\Paths))
12 SYSTEMPATH\rewrite.php(44): require_once('C:\\xampp\\htdocs\\gighz\\public\\index.php')
DEBUG - 2025-02-12 13:19:10 --> Session: Class initialized using 'CodeIgniter\Session\Handlers\FileHandler' driver.
DEBUG - 2025-02-12 13:20:11 --> Session: Class initialized using 'CodeIgniter\Session\Handlers\FileHandler' driver.
DEBUG - 2025-02-12 13:20:14 --> Session: Class initialized using 'CodeIgniter\Session\Handlers\FileHandler' driver.
DEBUG - 2025-02-12 13:20:14 --> Session: Class initialized using 'CodeIgniter\Session\Handlers\FileHandler' driver.
DEBUG - 2025-02-12 13:21:22 --> Session: Class initialized using 'CodeIgniter\Session\Handlers\FileHandler' driver.
DEBUG - 2025-02-12 13:21:24 --> Session: Class initialized using 'CodeIgniter\Session\Handlers\FileHandler' driver.
DEBUG - 2025-02-12 13:22:22 --> Session: Class initialized using 'CodeIgniter\Session\Handlers\FileHandler' driver.
DEBUG - 2025-02-12 13:22:49 --> Session: Class initialized using 'CodeIgniter\Session\Handlers\FileHandler' driver.
CRITICAL - 2025-02-12 13:22:49 --> ErrorException: Undefined variable $role
[Method: GET, Route: showCompen]
in APPPATH\Views\leave\compensation.php on line 66.
 1 APPPATH\Views\leave\compensation.php(66): CodeIgniter\Debug\Exceptions->errorHandler(2, 'Undefined variable $role', 'C:\\xampp\\htdocs\\gighz\\app\\Views\\leave\\compensation.php', 66)
 2 SYSTEMPATH\View\View.php(234): include('C:\\xampp\\htdocs\\gighz\\app\\Views\\leave\\compensation.php')
 3 SYSTEMPATH\View\View.php(237): CodeIgniter\View\View->CodeIgniter\View\{closure}()
 4 SYSTEMPATH\Common.php(1171): CodeIgniter\View\View->render('leave/compensation', [], true)
 5 APPPATH\Controllers\CompensationController.php(142): view('leave/compensation', [...])
 6 SYSTEMPATH\CodeIgniter.php(933): App\Controllers\CompensationController->showAllCompensation()
 7 SYSTEMPATH\CodeIgniter.php(509): CodeIgniter\CodeIgniter->runController(Object(App\Controllers\CompensationController))
 8 SYSTEMPATH\CodeIgniter.php(355): CodeIgniter\CodeIgniter->handleRequest(null, Object(Config\Cache), false)
 9 SYSTEMPATH\Boot.php(334): CodeIgniter\CodeIgniter->run()
10 SYSTEMPATH\Boot.php(67): CodeIgniter\Boot::runCodeIgniter(Object(CodeIgniter\CodeIgniter))
11 FCPATH\index.php(56): CodeIgniter\Boot::bootWeb(Object(Config\Paths))
12 SYSTEMPATH\rewrite.php(44): require_once('C:\\xampp\\htdocs\\gighz\\public\\index.php')
DEBUG - 2025-02-12 13:23:31 --> Session: Class initialized using 'CodeIgniter\Session\Handlers\FileHandler' driver.
DEBUG - 2025-02-12 13:23:59 --> Session: Class initialized using 'CodeIgniter\Session\Handlers\FileHandler' driver.
DEBUG - 2025-02-12 13:24:00 --> Session: Class initialized using 'CodeIgniter\Session\Handlers\FileHandler' driver.
DEBUG - 2025-02-12 13:24:07 --> Session: Class initialized using 'CodeIgniter\Session\Handlers\FileHandler' driver.
DEBUG - 2025-02-12 13:24:55 --> Session: Class initialized using 'CodeIgniter\Session\Handlers\FileHandler' driver.
DEBUG - 2025-02-12 13:24:59 --> Session: Class initialized using 'CodeIgniter\Session\Handlers\FileHandler' driver.
DEBUG - 2025-02-12 13:27:31 --> Session: Class initialized using 'CodeIgniter\Session\Handlers\FileHandler' driver.
DEBUG - 2025-02-12 13:28:20 --> Session: Class initialized using 'CodeIgniter\Session\Handlers\FileHandler' driver.
DEBUG - 2025-02-12 13:29:17 --> Session: Class initialized using 'CodeIgniter\Session\Handlers\FileHandler' driver.
DEBUG - 2025-02-12 13:30:24 --> Session: Class initialized using 'CodeIgniter\Session\Handlers\FileHandler' driver.
DEBUG - 2025-02-12 13:31:06 --> Session: Class initialized using 'CodeIgniter\Session\Handlers\FileHandler' driver.
DEBUG - 2025-02-12 13:31:14 --> Session: Class initialized using 'CodeIgniter\Session\Handlers\FileHandler' driver.
DEBUG - 2025-02-12 13:31:28 --> Session: Class initialized using 'CodeIgniter\Session\Handlers\FileHandler' driver.
DEBUG - 2025-02-12 13:32:11 --> Session: Class initialized using 'CodeIgniter\Session\Handlers\FileHandler' driver.
DEBUG - 2025-02-12 13:32:13 --> Session: Class initialized using 'CodeIgniter\Session\Handlers\FileHandler' driver.
DEBUG - 2025-02-12 13:32:13 --> Session: Class initialized using 'CodeIgniter\Session\Handlers\FileHandler' driver.
DEBUG - 2025-02-12 13:32:14 --> Session: Class initialized using 'CodeIgniter\Session\Handlers\FileHandler' driver.
DEBUG - 2025-02-12 13:32:15 --> Session: Class initialized using 'CodeIgniter\Session\Handlers\FileHandler' driver.
DEBUG - 2025-02-12 13:32:15 --> Session: Class initialized using 'CodeIgniter\Session\Handlers\FileHandler' driver.
DEBUG - 2025-02-12 13:32:15 --> Session: Class initialized using 'CodeIgniter\Session\Handlers\FileHandler' driver.
DEBUG - 2025-02-12 13:32:15 --> Session: Class initialized using 'CodeIgniter\Session\Handlers\FileHandler' driver.
DEBUG - 2025-02-12 13:32:15 --> Session: Class initialized using 'CodeIgniter\Session\Handlers\FileHandler' driver.
DEBUG - 2025-02-12 13:32:16 --> Session: Class initialized using 'CodeIgniter\Session\Handlers\FileHandler' driver.
