DEBUG - 2025-07-04 04:30:18 --> User IP: ::1
DEBUG - 2025-07-04 04:30:18 --> Session: Class initialized using 'CodeIgniter\Session\Handlers\FileHandler' driver.
DEBUG - 2025-07-04 04:30:19 --> User IP: ::1
DEBUG - 2025-07-04 04:30:19 --> User IP: ::1
DEBUG - 2025-07-04 04:49:54 --> User IP: ::1
DEBUG - 2025-07-04 04:49:54 --> Session: Class initialized using 'CodeIgniter\Session\Handlers\FileHandler' driver.
DEBUG - 2025-07-04 04:49:54 --> User IP: ::1
DEBUG - 2025-07-04 04:49:55 --> User IP: ::1
DEBUG - 2025-07-04 08:04:22 --> User IP: ::1
DEBUG - 2025-07-04 08:04:22 --> Session: Class initialized using 'CodeIgniter\Session\Handlers\FileHandler' driver.
DEBUG - 2025-07-04 08:04:23 --> User IP: ::1
DEBUG - 2025-07-04 08:04:24 --> User IP: ::1
DEBUG - 2025-07-04 08:08:38 --> User IP: ::1
DEBUG - 2025-07-04 08:08:38 --> Session: Class initialized using 'CodeIgniter\Session\Handlers\FileHandler' driver.
DEBUG - 2025-07-04 08:08:39 --> User IP: ::1
DEBUG - 2025-07-04 08:09:04 --> User IP: ::1
DEBUG - 2025-07-04 08:09:04 --> Session: Class initialized using 'CodeIgniter\Session\Handlers\FileHandler' driver.
DEBUG - 2025-07-04 08:09:05 --> User IP: ::1
DEBUG - 2025-07-04 08:09:53 --> User IP: ::1
DEBUG - 2025-07-04 08:09:53 --> Session: Class initialized using 'CodeIgniter\Session\Handlers\FileHandler' driver.
DEBUG - 2025-07-04 08:09:53 --> User IP: ::1
DEBUG - 2025-07-04 08:11:07 --> User IP: ::1
DEBUG - 2025-07-04 08:11:07 --> Session: Class initialized using 'CodeIgniter\Session\Handlers\FileHandler' driver.
DEBUG - 2025-07-04 08:11:07 --> User IP: ::1
DEBUG - 2025-07-04 08:12:25 --> User IP: ::1
DEBUG - 2025-07-04 08:12:25 --> Session: Class initialized using 'CodeIgniter\Session\Handlers\FileHandler' driver.
DEBUG - 2025-07-04 08:12:25 --> User IP: ::1
DEBUG - 2025-07-04 08:12:43 --> User IP: ::1
DEBUG - 2025-07-04 08:12:43 --> Session: Class initialized using 'CodeIgniter\Session\Handlers\FileHandler' driver.
DEBUG - 2025-07-04 08:12:44 --> User IP: ::1
DEBUG - 2025-07-04 08:14:29 --> User IP: ::1
DEBUG - 2025-07-04 08:14:29 --> Session: Class initialized using 'CodeIgniter\Session\Handlers\FileHandler' driver.
DEBUG - 2025-07-04 08:14:30 --> User IP: ::1
DEBUG - 2025-07-04 08:14:54 --> User IP: ::1
DEBUG - 2025-07-04 08:14:54 --> Session: Class initialized using 'CodeIgniter\Session\Handlers\FileHandler' driver.
DEBUG - 2025-07-04 08:14:55 --> User IP: ::1
DEBUG - 2025-07-04 08:24:40 --> User IP: ::1
DEBUG - 2025-07-04 08:24:40 --> Session: Class initialized using 'CodeIgniter\Session\Handlers\FileHandler' driver.
DEBUG - 2025-07-04 08:24:41 --> User IP: ::1
DEBUG - 2025-07-04 08:24:43 --> User IP: ::1
DEBUG - 2025-07-04 08:24:43 --> Session: Class initialized using 'CodeIgniter\Session\Handlers\FileHandler' driver.
DEBUG - 2025-07-04 08:24:43 --> User IP: ::1
DEBUG - 2025-07-04 08:25:05 --> User IP: ::1
DEBUG - 2025-07-04 08:25:05 --> Session: Class initialized using 'CodeIgniter\Session\Handlers\FileHandler' driver.
DEBUG - 2025-07-04 08:25:05 --> User IP: ::1
DEBUG - 2025-07-04 09:17:21 --> User IP: ::1
DEBUG - 2025-07-04 09:17:21 --> Session: Class initialized using 'CodeIgniter\Session\Handlers\FileHandler' driver.
DEBUG - 2025-07-04 09:17:21 --> User IP: ::1
DEBUG - 2025-07-04 09:18:19 --> User IP: ::1
DEBUG - 2025-07-04 09:18:19 --> Session: Class initialized using 'CodeIgniter\Session\Handlers\FileHandler' driver.
DEBUG - 2025-07-04 09:18:19 --> User IP: ::1
DEBUG - 2025-07-04 09:20:17 --> User IP: ::1
DEBUG - 2025-07-04 09:20:17 --> Session: Class initialized using 'CodeIgniter\Session\Handlers\FileHandler' driver.
DEBUG - 2025-07-04 09:20:17 --> User IP: ::1
DEBUG - 2025-07-04 09:21:35 --> User IP: ::1
DEBUG - 2025-07-04 09:21:35 --> Session: Class initialized using 'CodeIgniter\Session\Handlers\FileHandler' driver.
DEBUG - 2025-07-04 09:21:35 --> User IP: ::1
DEBUG - 2025-07-04 09:21:52 --> User IP: ::1
DEBUG - 2025-07-04 09:21:52 --> Session: Class initialized using 'CodeIgniter\Session\Handlers\FileHandler' driver.
DEBUG - 2025-07-04 09:21:52 --> User IP: ::1
DEBUG - 2025-07-04 09:22:21 --> User IP: ::1
DEBUG - 2025-07-04 09:22:21 --> Session: Class initialized using 'CodeIgniter\Session\Handlers\FileHandler' driver.
DEBUG - 2025-07-04 09:22:21 --> User IP: ::1
DEBUG - 2025-07-04 09:22:22 --> User IP: ::1
DEBUG - 2025-07-04 09:22:25 --> User IP: ::1
DEBUG - 2025-07-04 09:22:25 --> Session: Class initialized using 'CodeIgniter\Session\Handlers\FileHandler' driver.
DEBUG - 2025-07-04 09:22:26 --> User IP: ::1
DEBUG - 2025-07-04 09:22:26 --> User IP: ::1
DEBUG - 2025-07-04 09:22:30 --> User IP: ::1
DEBUG - 2025-07-04 09:22:30 --> Session: Class initialized using 'CodeIgniter\Session\Handlers\FileHandler' driver.
DEBUG - 2025-07-04 09:22:34 --> User IP: ::1
DEBUG - 2025-07-04 09:22:35 --> User IP: ::1
DEBUG - 2025-07-04 09:22:43 --> User IP: ::1
DEBUG - 2025-07-04 09:22:43 --> Session: Class initialized using 'CodeIgniter\Session\Handlers\FileHandler' driver.
DEBUG - 2025-07-04 09:22:44 --> User IP: ::1
DEBUG - 2025-07-04 09:23:10 --> User IP: ::1
DEBUG - 2025-07-04 09:23:10 --> Session: Class initialized using 'CodeIgniter\Session\Handlers\FileHandler' driver.
DEBUG - 2025-07-04 09:23:10 --> User IP: ::1
DEBUG - 2025-07-04 09:23:20 --> User IP: ::1
DEBUG - 2025-07-04 09:23:20 --> Session: Class initialized using 'CodeIgniter\Session\Handlers\FileHandler' driver.
DEBUG - 2025-07-04 09:23:20 --> User IP: ::1
DEBUG - 2025-07-04 09:23:26 --> User IP: ::1
DEBUG - 2025-07-04 09:23:27 --> Session: Class initialized using 'CodeIgniter\Session\Handlers\FileHandler' driver.
DEBUG - 2025-07-04 09:23:27 --> User IP: ::1
DEBUG - 2025-07-04 09:24:44 --> User IP: ::1
DEBUG - 2025-07-04 09:24:44 --> Session: Class initialized using 'CodeIgniter\Session\Handlers\FileHandler' driver.
DEBUG - 2025-07-04 09:24:45 --> User IP: ::1
DEBUG - 2025-07-04 09:28:23 --> User IP: ::1
DEBUG - 2025-07-04 09:28:23 --> Session: Class initialized using 'CodeIgniter\Session\Handlers\FileHandler' driver.
DEBUG - 2025-07-04 09:28:24 --> User IP: ::1
DEBUG - 2025-07-04 09:28:41 --> User IP: ::1
DEBUG - 2025-07-04 09:28:41 --> Session: Class initialized using 'CodeIgniter\Session\Handlers\FileHandler' driver.
DEBUG - 2025-07-04 09:28:41 --> User IP: ::1
DEBUG - 2025-07-04 09:32:03 --> User IP: ::1
DEBUG - 2025-07-04 09:32:03 --> Session: Class initialized using 'CodeIgniter\Session\Handlers\FileHandler' driver.
DEBUG - 2025-07-04 09:32:03 --> User IP: ::1
DEBUG - 2025-07-04 09:34:05 --> User IP: ::1
DEBUG - 2025-07-04 09:34:05 --> Session: Class initialized using 'CodeIgniter\Session\Handlers\FileHandler' driver.
DEBUG - 2025-07-04 09:34:05 --> User IP: ::1
DEBUG - 2025-07-04 09:35:45 --> User IP: ::1
DEBUG - 2025-07-04 09:35:45 --> Session: Class initialized using 'CodeIgniter\Session\Handlers\FileHandler' driver.
DEBUG - 2025-07-04 09:35:46 --> User IP: ::1
DEBUG - 2025-07-04 09:36:14 --> User IP: ::1
DEBUG - 2025-07-04 09:36:14 --> Session: Class initialized using 'CodeIgniter\Session\Handlers\FileHandler' driver.
DEBUG - 2025-07-04 09:36:15 --> User IP: ::1
DEBUG - 2025-07-04 09:36:27 --> User IP: ::1
DEBUG - 2025-07-04 09:36:27 --> Session: Class initialized using 'CodeIgniter\Session\Handlers\FileHandler' driver.
DEBUG - 2025-07-04 09:36:28 --> User IP: ::1
DEBUG - 2025-07-04 09:36:40 --> User IP: ::1
DEBUG - 2025-07-04 09:36:40 --> Session: Class initialized using 'CodeIgniter\Session\Handlers\FileHandler' driver.
DEBUG - 2025-07-04 09:36:40 --> User IP: ::1
DEBUG - 2025-07-04 09:37:45 --> User IP: ::1
DEBUG - 2025-07-04 09:37:45 --> Session: Class initialized using 'CodeIgniter\Session\Handlers\FileHandler' driver.
DEBUG - 2025-07-04 09:37:46 --> User IP: ::1
DEBUG - 2025-07-04 09:38:41 --> User IP: ::1
DEBUG - 2025-07-04 09:38:41 --> Session: Class initialized using 'CodeIgniter\Session\Handlers\FileHandler' driver.
DEBUG - 2025-07-04 09:38:42 --> User IP: ::1
DEBUG - 2025-07-04 09:40:01 --> User IP: ::1
DEBUG - 2025-07-04 09:40:01 --> Session: Class initialized using 'CodeIgniter\Session\Handlers\FileHandler' driver.
DEBUG - 2025-07-04 09:40:02 --> User IP: ::1
DEBUG - 2025-07-04 09:40:29 --> User IP: ::1
DEBUG - 2025-07-04 09:40:29 --> Session: Class initialized using 'CodeIgniter\Session\Handlers\FileHandler' driver.
DEBUG - 2025-07-04 09:40:29 --> User IP: ::1
DEBUG - 2025-07-04 09:40:42 --> User IP: ::1
DEBUG - 2025-07-04 09:40:42 --> Session: Class initialized using 'CodeIgniter\Session\Handlers\FileHandler' driver.
DEBUG - 2025-07-04 09:40:43 --> User IP: ::1
DEBUG - 2025-07-04 09:41:07 --> User IP: ::1
DEBUG - 2025-07-04 09:41:07 --> Session: Class initialized using 'CodeIgniter\Session\Handlers\FileHandler' driver.
DEBUG - 2025-07-04 09:41:07 --> User IP: ::1
DEBUG - 2025-07-04 09:41:19 --> User IP: ::1
DEBUG - 2025-07-04 09:41:19 --> Session: Class initialized using 'CodeIgniter\Session\Handlers\FileHandler' driver.
DEBUG - 2025-07-04 09:41:19 --> User IP: ::1
DEBUG - 2025-07-04 09:41:53 --> User IP: ::1
DEBUG - 2025-07-04 09:41:53 --> Session: Class initialized using 'CodeIgniter\Session\Handlers\FileHandler' driver.
DEBUG - 2025-07-04 09:41:54 --> User IP: ::1
DEBUG - 2025-07-04 09:42:14 --> User IP: ::1
DEBUG - 2025-07-04 09:42:14 --> Session: Class initialized using 'CodeIgniter\Session\Handlers\FileHandler' driver.
DEBUG - 2025-07-04 09:42:14 --> User IP: ::1
DEBUG - 2025-07-04 09:44:08 --> User IP: ::1
DEBUG - 2025-07-04 09:44:08 --> Session: Class initialized using 'CodeIgniter\Session\Handlers\FileHandler' driver.
DEBUG - 2025-07-04 09:44:09 --> User IP: ::1
DEBUG - 2025-07-04 09:44:18 --> User IP: ::1
DEBUG - 2025-07-04 09:44:18 --> Session: Class initialized using 'CodeIgniter\Session\Handlers\FileHandler' driver.
DEBUG - 2025-07-04 09:44:18 --> User IP: ::1
DEBUG - 2025-07-04 09:44:24 --> User IP: ::1
DEBUG - 2025-07-04 09:44:24 --> Session: Class initialized using 'CodeIgniter\Session\Handlers\FileHandler' driver.
DEBUG - 2025-07-04 09:44:25 --> User IP: ::1
DEBUG - 2025-07-04 10:00:16 --> User IP: ::1
DEBUG - 2025-07-04 10:00:16 --> Session: Class initialized using 'CodeIgniter\Session\Handlers\FileHandler' driver.
DEBUG - 2025-07-04 10:00:16 --> User IP: ::1
DEBUG - 2025-07-04 10:00:17 --> User IP: ::1
DEBUG - 2025-07-04 10:00:17 --> Session: Class initialized using 'CodeIgniter\Session\Handlers\FileHandler' driver.
CRITICAL - 2025-07-04 10:00:17 --> ErrorException: Undefined variable $emp_id
[Method: GET, Route: payrole/accounting/GZ44]
in APPPATH\Views\payrole\accounting.php on line 19.
 1 APPPATH\Views\payrole\accounting.php(19): CodeIgniter\Debug\Exceptions->errorHandler(2, 'Undefined variable $emp_id', 'C:\\xampp\\htdocs\\gighz\\app\\Views\\payrole\\accounting.php', 19)
 2 SYSTEMPATH\View\View.php(234): include('C:\\xampp\\htdocs\\gighz\\app\\Views\\payrole\\accounting.php')
 3 SYSTEMPATH\View\View.php(237): CodeIgniter\View\View->CodeIgniter\View\{closure}()
 4 SYSTEMPATH\Common.php(1171): CodeIgniter\View\View->render('payrole/accounting', [], true)
 5 APPPATH\Controllers\PayRole.php(1284): view('payrole/accounting')
 6 SYSTEMPATH\CodeIgniter.php(933): App\Controllers\PayRole->accounting('GZ44')
 7 SYSTEMPATH\CodeIgniter.php(509): CodeIgniter\CodeIgniter->runController(Object(App\Controllers\PayRole))
 8 SYSTEMPATH\CodeIgniter.php(355): CodeIgniter\CodeIgniter->handleRequest(null, Object(Config\Cache), false)
 9 SYSTEMPATH\Boot.php(334): CodeIgniter\CodeIgniter->run()
10 SYSTEMPATH\Boot.php(67): CodeIgniter\Boot::runCodeIgniter(Object(CodeIgniter\CodeIgniter))
11 FCPATH\index.php(56): CodeIgniter\Boot::bootWeb(Object(Config\Paths))
DEBUG - 2025-07-04 10:01:06 --> User IP: ::1
DEBUG - 2025-07-04 10:01:06 --> Session: Class initialized using 'CodeIgniter\Session\Handlers\FileHandler' driver.
DEBUG - 2025-07-04 10:02:51 --> User IP: ::1
DEBUG - 2025-07-04 10:03:47 --> User IP: ::1
DEBUG - 2025-07-04 10:04:09 --> User IP: ::1
DEBUG - 2025-07-04 10:04:20 --> User IP: ::1
DEBUG - 2025-07-04 10:04:20 --> Session: Class initialized using 'CodeIgniter\Session\Handlers\FileHandler' driver.
DEBUG - 2025-07-04 10:04:54 --> User IP: ::1
DEBUG - 2025-07-04 10:04:54 --> Session: Class initialized using 'CodeIgniter\Session\Handlers\FileHandler' driver.
DEBUG - 2025-07-04 10:04:54 --> User IP: ::1
DEBUG - 2025-07-04 10:04:56 --> User IP: ::1
DEBUG - 2025-07-04 10:04:56 --> Session: Class initialized using 'CodeIgniter\Session\Handlers\FileHandler' driver.
DEBUG - 2025-07-04 10:06:12 --> User IP: ::1
DEBUG - 2025-07-04 10:06:12 --> Session: Class initialized using 'CodeIgniter\Session\Handlers\FileHandler' driver.
DEBUG - 2025-07-04 10:06:18 --> User IP: ::1
DEBUG - 2025-07-04 10:06:18 --> Session: Class initialized using 'CodeIgniter\Session\Handlers\FileHandler' driver.
DEBUG - 2025-07-04 10:07:10 --> User IP: ::1
DEBUG - 2025-07-04 10:07:10 --> Session: Class initialized using 'CodeIgniter\Session\Handlers\FileHandler' driver.
DEBUG - 2025-07-04 10:07:11 --> User IP: ::1
DEBUG - 2025-07-04 10:07:27 --> User IP: ::1
DEBUG - 2025-07-04 10:07:27 --> Session: Class initialized using 'CodeIgniter\Session\Handlers\FileHandler' driver.
DEBUG - 2025-07-04 10:07:28 --> User IP: ::1
DEBUG - 2025-07-04 10:07:29 --> User IP: ::1
DEBUG - 2025-07-04 10:07:29 --> Session: Class initialized using 'CodeIgniter\Session\Handlers\FileHandler' driver.
DEBUG - 2025-07-04 10:07:29 --> User IP: ::1
DEBUG - 2025-07-04 10:08:10 --> User IP: ::1
DEBUG - 2025-07-04 10:08:10 --> Session: Class initialized using 'CodeIgniter\Session\Handlers\FileHandler' driver.
DEBUG - 2025-07-04 10:08:11 --> User IP: ::1
DEBUG - 2025-07-04 10:08:42 --> User IP: ::1
DEBUG - 2025-07-04 10:08:42 --> Session: Class initialized using 'CodeIgniter\Session\Handlers\FileHandler' driver.
DEBUG - 2025-07-04 10:08:42 --> User IP: ::1
DEBUG - 2025-07-04 10:18:39 --> User IP: ::1
DEBUG - 2025-07-04 10:18:40 --> Session: Class initialized using 'CodeIgniter\Session\Handlers\FileHandler' driver.
DEBUG - 2025-07-04 10:18:40 --> User IP: ::1
DEBUG - 2025-07-04 10:19:12 --> User IP: ::1
DEBUG - 2025-07-04 10:19:12 --> Session: Class initialized using 'CodeIgniter\Session\Handlers\FileHandler' driver.
DEBUG - 2025-07-04 10:19:12 --> User IP: ::1
DEBUG - 2025-07-04 10:20:00 --> User IP: ::1
DEBUG - 2025-07-04 10:20:00 --> Session: Class initialized using 'CodeIgniter\Session\Handlers\FileHandler' driver.
DEBUG - 2025-07-04 10:20:00 --> User IP: ::1
DEBUG - 2025-07-04 10:21:22 --> User IP: ::1
DEBUG - 2025-07-04 10:21:22 --> Session: Class initialized using 'CodeIgniter\Session\Handlers\FileHandler' driver.
DEBUG - 2025-07-04 10:21:22 --> User IP: ::1
DEBUG - 2025-07-04 10:21:46 --> User IP: ::1
DEBUG - 2025-07-04 10:21:46 --> Session: Class initialized using 'CodeIgniter\Session\Handlers\FileHandler' driver.
DEBUG - 2025-07-04 10:21:47 --> User IP: ::1
DEBUG - 2025-07-04 11:00:18 --> User IP: ::1
DEBUG - 2025-07-04 11:00:18 --> Session: Class initialized using 'CodeIgniter\Session\Handlers\FileHandler' driver.
DEBUG - 2025-07-04 11:00:18 --> User IP: ::1
DEBUG - 2025-07-04 11:02:34 --> User IP: ::1
DEBUG - 2025-07-04 11:02:34 --> Session: Class initialized using 'CodeIgniter\Session\Handlers\FileHandler' driver.
DEBUG - 2025-07-04 11:02:35 --> User IP: ::1
DEBUG - 2025-07-04 11:03:00 --> User IP: ::1
DEBUG - 2025-07-04 11:03:00 --> Session: Class initialized using 'CodeIgniter\Session\Handlers\FileHandler' driver.
DEBUG - 2025-07-04 11:03:01 --> User IP: ::1
DEBUG - 2025-07-04 11:03:04 --> User IP: ::1
DEBUG - 2025-07-04 11:03:04 --> Session: Class initialized using 'CodeIgniter\Session\Handlers\FileHandler' driver.
DEBUG - 2025-07-04 11:03:04 --> User IP: ::1
DEBUG - 2025-07-04 11:03:13 --> User IP: ::1
DEBUG - 2025-07-04 11:03:13 --> Session: Class initialized using 'CodeIgniter\Session\Handlers\FileHandler' driver.
DEBUG - 2025-07-04 11:03:14 --> User IP: ::1
DEBUG - 2025-07-04 11:03:26 --> User IP: ::1
DEBUG - 2025-07-04 11:03:26 --> Session: Class initialized using 'CodeIgniter\Session\Handlers\FileHandler' driver.
DEBUG - 2025-07-04 11:03:26 --> User IP: ::1
DEBUG - 2025-07-04 11:04:29 --> User IP: ::1
DEBUG - 2025-07-04 11:04:29 --> Session: Class initialized using 'CodeIgniter\Session\Handlers\FileHandler' driver.
DEBUG - 2025-07-04 11:04:29 --> User IP: ::1
DEBUG - 2025-07-04 11:04:36 --> User IP: ::1
DEBUG - 2025-07-04 11:04:36 --> Session: Class initialized using 'CodeIgniter\Session\Handlers\FileHandler' driver.
DEBUG - 2025-07-04 11:04:37 --> User IP: ::1
DEBUG - 2025-07-04 11:06:55 --> User IP: ::1
DEBUG - 2025-07-04 11:06:55 --> Session: Class initialized using 'CodeIgniter\Session\Handlers\FileHandler' driver.
DEBUG - 2025-07-04 11:06:56 --> User IP: ::1
DEBUG - 2025-07-04 11:11:29 --> User IP: ::1
DEBUG - 2025-07-04 11:11:30 --> Session: Class initialized using 'CodeIgniter\Session\Handlers\FileHandler' driver.
DEBUG - 2025-07-04 11:11:30 --> User IP: ::1
DEBUG - 2025-07-04 11:12:36 --> User IP: ::1
DEBUG - 2025-07-04 11:12:36 --> Session: Class initialized using 'CodeIgniter\Session\Handlers\FileHandler' driver.
DEBUG - 2025-07-04 11:12:37 --> User IP: ::1
DEBUG - 2025-07-04 11:13:45 --> User IP: ::1
DEBUG - 2025-07-04 11:13:45 --> Session: Class initialized using 'CodeIgniter\Session\Handlers\FileHandler' driver.
DEBUG - 2025-07-04 11:13:45 --> User IP: ::1
DEBUG - 2025-07-04 11:15:29 --> User IP: ::1
DEBUG - 2025-07-04 11:15:29 --> Session: Class initialized using 'CodeIgniter\Session\Handlers\FileHandler' driver.
DEBUG - 2025-07-04 11:15:30 --> User IP: ::1
DEBUG - 2025-07-04 11:17:43 --> User IP: ::1
DEBUG - 2025-07-04 11:17:43 --> Session: Class initialized using 'CodeIgniter\Session\Handlers\FileHandler' driver.
DEBUG - 2025-07-04 11:17:44 --> User IP: ::1
DEBUG - 2025-07-04 11:17:47 --> User IP: ::1
DEBUG - 2025-07-04 11:17:47 --> Session: Class initialized using 'CodeIgniter\Session\Handlers\FileHandler' driver.
DEBUG - 2025-07-04 11:17:47 --> User IP: ::1
DEBUG - 2025-07-04 11:17:51 --> User IP: ::1
DEBUG - 2025-07-04 11:17:51 --> Session: Class initialized using 'CodeIgniter\Session\Handlers\FileHandler' driver.
DEBUG - 2025-07-04 11:17:51 --> User IP: ::1
DEBUG - 2025-07-04 11:35:15 --> User IP: ::1
DEBUG - 2025-07-04 11:35:15 --> Session: Class initialized using 'CodeIgniter\Session\Handlers\FileHandler' driver.
DEBUG - 2025-07-04 11:35:16 --> User IP: ::1
DEBUG - 2025-07-04 11:36:38 --> User IP: ::1
DEBUG - 2025-07-04 11:36:38 --> Session: Class initialized using 'CodeIgniter\Session\Handlers\FileHandler' driver.
DEBUG - 2025-07-04 11:36:39 --> User IP: ::1
DEBUG - 2025-07-04 11:37:44 --> User IP: ::1
DEBUG - 2025-07-04 11:37:44 --> Session: Class initialized using 'CodeIgniter\Session\Handlers\FileHandler' driver.
DEBUG - 2025-07-04 11:37:44 --> User IP: ::1
DEBUG - 2025-07-04 11:39:15 --> User IP: ::1
DEBUG - 2025-07-04 11:39:16 --> Session: Class initialized using 'CodeIgniter\Session\Handlers\FileHandler' driver.
DEBUG - 2025-07-04 11:39:16 --> User IP: ::1
DEBUG - 2025-07-04 11:40:20 --> User IP: ::1
DEBUG - 2025-07-04 11:40:20 --> Session: Class initialized using 'CodeIgniter\Session\Handlers\FileHandler' driver.
DEBUG - 2025-07-04 11:40:20 --> User IP: ::1
DEBUG - 2025-07-04 11:40:55 --> User IP: ::1
DEBUG - 2025-07-04 11:40:55 --> Session: Class initialized using 'CodeIgniter\Session\Handlers\FileHandler' driver.
DEBUG - 2025-07-04 11:40:56 --> User IP: ::1
DEBUG - 2025-07-04 11:41:02 --> User IP: ::1
DEBUG - 2025-07-04 11:41:03 --> Session: Class initialized using 'CodeIgniter\Session\Handlers\FileHandler' driver.
DEBUG - 2025-07-04 11:41:03 --> User IP: ::1
DEBUG - 2025-07-04 11:41:58 --> User IP: ::1
DEBUG - 2025-07-04 11:41:58 --> Session: Class initialized using 'CodeIgniter\Session\Handlers\FileHandler' driver.
DEBUG - 2025-07-04 11:41:59 --> User IP: ::1
DEBUG - 2025-07-04 11:42:15 --> User IP: ::1
DEBUG - 2025-07-04 11:42:15 --> Session: Class initialized using 'CodeIgniter\Session\Handlers\FileHandler' driver.
DEBUG - 2025-07-04 11:42:15 --> User IP: ::1
DEBUG - 2025-07-04 11:43:08 --> User IP: ::1
DEBUG - 2025-07-04 11:43:08 --> Session: Class initialized using 'CodeIgniter\Session\Handlers\FileHandler' driver.
DEBUG - 2025-07-04 11:43:08 --> User IP: ::1
DEBUG - 2025-07-04 11:43:34 --> User IP: ::1
DEBUG - 2025-07-04 11:43:34 --> Session: Class initialized using 'CodeIgniter\Session\Handlers\FileHandler' driver.
DEBUG - 2025-07-04 11:43:35 --> User IP: ::1
DEBUG - 2025-07-04 11:44:11 --> User IP: ::1
DEBUG - 2025-07-04 11:44:11 --> Session: Class initialized using 'CodeIgniter\Session\Handlers\FileHandler' driver.
DEBUG - 2025-07-04 11:44:12 --> User IP: ::1
DEBUG - 2025-07-04 11:45:29 --> User IP: ::1
DEBUG - 2025-07-04 11:45:29 --> Session: Class initialized using 'CodeIgniter\Session\Handlers\FileHandler' driver.
DEBUG - 2025-07-04 11:45:30 --> User IP: ::1
DEBUG - 2025-07-04 11:48:12 --> User IP: ::1
DEBUG - 2025-07-04 11:48:12 --> Session: Class initialized using 'CodeIgniter\Session\Handlers\FileHandler' driver.
DEBUG - 2025-07-04 11:48:12 --> User IP: ::1
DEBUG - 2025-07-04 11:48:15 --> User IP: ::1
DEBUG - 2025-07-04 11:48:16 --> Session: Class initialized using 'CodeIgniter\Session\Handlers\FileHandler' driver.
DEBUG - 2025-07-04 11:48:16 --> User IP: ::1
DEBUG - 2025-07-04 11:48:18 --> User IP: ::1
DEBUG - 2025-07-04 11:48:18 --> Session: Class initialized using 'CodeIgniter\Session\Handlers\FileHandler' driver.
DEBUG - 2025-07-04 11:48:18 --> User IP: ::1
DEBUG - 2025-07-04 11:48:53 --> User IP: ::1
DEBUG - 2025-07-04 11:48:53 --> Session: Class initialized using 'CodeIgniter\Session\Handlers\FileHandler' driver.
DEBUG - 2025-07-04 11:48:53 --> User IP: ::1
DEBUG - 2025-07-04 11:49:07 --> User IP: ::1
DEBUG - 2025-07-04 11:49:07 --> Session: Class initialized using 'CodeIgniter\Session\Handlers\FileHandler' driver.
DEBUG - 2025-07-04 11:49:07 --> User IP: ::1
DEBUG - 2025-07-04 11:51:09 --> User IP: ::1
DEBUG - 2025-07-04 11:51:09 --> Session: Class initialized using 'CodeIgniter\Session\Handlers\FileHandler' driver.
DEBUG - 2025-07-04 11:51:10 --> User IP: ::1
DEBUG - 2025-07-04 12:05:02 --> User IP: ::1
DEBUG - 2025-07-04 12:05:02 --> Session: Class initialized using 'CodeIgniter\Session\Handlers\FileHandler' driver.
DEBUG - 2025-07-04 12:05:03 --> User IP: ::1
DEBUG - 2025-07-04 12:08:48 --> User IP: ::1
DEBUG - 2025-07-04 12:08:48 --> Session: Class initialized using 'CodeIgniter\Session\Handlers\FileHandler' driver.
DEBUG - 2025-07-04 12:08:48 --> User IP: ::1
DEBUG - 2025-07-04 12:09:35 --> User IP: ::1
DEBUG - 2025-07-04 12:09:35 --> Session: Class initialized using 'CodeIgniter\Session\Handlers\FileHandler' driver.
DEBUG - 2025-07-04 12:09:36 --> User IP: ::1
DEBUG - 2025-07-04 12:09:46 --> User IP: ::1
DEBUG - 2025-07-04 12:09:46 --> Session: Class initialized using 'CodeIgniter\Session\Handlers\FileHandler' driver.
DEBUG - 2025-07-04 12:09:47 --> User IP: ::1
DEBUG - 2025-07-04 12:10:13 --> User IP: ::1
DEBUG - 2025-07-04 12:10:13 --> Session: Class initialized using 'CodeIgniter\Session\Handlers\FileHandler' driver.
DEBUG - 2025-07-04 12:10:13 --> User IP: ::1
DEBUG - 2025-07-04 12:11:48 --> User IP: ::1
DEBUG - 2025-07-04 12:11:48 --> Session: Class initialized using 'CodeIgniter\Session\Handlers\FileHandler' driver.
DEBUG - 2025-07-04 12:11:49 --> User IP: ::1
DEBUG - 2025-07-04 12:12:15 --> User IP: ::1
DEBUG - 2025-07-04 12:12:15 --> Session: Class initialized using 'CodeIgniter\Session\Handlers\FileHandler' driver.
DEBUG - 2025-07-04 12:12:16 --> User IP: ::1
DEBUG - 2025-07-04 12:12:56 --> User IP: ::1
DEBUG - 2025-07-04 12:12:56 --> Session: Class initialized using 'CodeIgniter\Session\Handlers\FileHandler' driver.
DEBUG - 2025-07-04 12:12:57 --> User IP: ::1
DEBUG - 2025-07-04 12:51:37 --> User IP: ::1
DEBUG - 2025-07-04 12:57:52 --> User IP: ::1
DEBUG - 2025-07-04 12:57:52 --> Session: Class initialized using 'CodeIgniter\Session\Handlers\FileHandler' driver.
DEBUG - 2025-07-04 12:57:53 --> User IP: ::1
DEBUG - 2025-07-04 13:01:31 --> User IP: ::1
DEBUG - 2025-07-04 13:01:31 --> Session: Class initialized using 'CodeIgniter\Session\Handlers\FileHandler' driver.
DEBUG - 2025-07-04 13:01:31 --> User IP: ::1
