DEBUG - 2025-06-05 04:26:50 --> User IP: ::1
DEBUG - 2025-06-05 04:26:50 --> Session: Class initialized using 'CodeIgniter\Session\Handlers\FileHandler' driver.
DEBUG - 2025-06-05 04:26:54 --> User IP: ::1
DEBUG - 2025-06-05 04:35:47 --> User IP: ::1
DEBUG - 2025-06-05 04:59:57 --> User IP: ::1
DEBUG - 2025-06-05 05:23:58 --> User IP: ::1
DEBUG - 2025-06-05 05:24:07 --> User IP: ::1
DEBUG - 2025-06-05 05:25:21 --> User IP: ::1
DEBUG - 2025-06-05 05:25:22 --> User IP: ::1
DEBUG - 2025-06-05 05:25:46 --> User IP: ::1
DEBUG - 2025-06-05 05:25:54 --> User IP: ::1
DEBUG - 2025-06-05 05:25:56 --> User IP: ::1
DEBUG - 2025-06-05 05:25:57 --> User IP: ::1
DEBUG - 2025-06-05 05:26:12 --> User IP: ::1
DEBUG - 2025-06-05 05:26:13 --> User IP: ::1
DEBUG - 2025-06-05 05:26:14 --> User IP: ::1
DEBUG - 2025-06-05 05:26:30 --> User IP: ::1
DEBUG - 2025-06-05 05:26:32 --> User IP: ::1
DEBUG - 2025-06-05 05:26:32 --> User IP: ::1
DEBUG - 2025-06-05 05:26:33 --> User IP: ::1
DEBUG - 2025-06-05 05:26:58 --> User IP: ::1
DEBUG - 2025-06-05 05:27:00 --> User IP: ::1
DEBUG - 2025-06-05 05:27:00 --> User IP: ::1
DEBUG - 2025-06-05 05:27:01 --> User IP: ::1
DEBUG - 2025-06-05 05:27:01 --> User IP: ::1
DEBUG - 2025-06-05 05:27:31 --> User IP: ::1
DEBUG - 2025-06-05 05:27:51 --> User IP: ::1
DEBUG - 2025-06-05 05:27:53 --> User IP: ::1
DEBUG - 2025-06-05 05:27:53 --> User IP: ::1
DEBUG - 2025-06-05 05:27:53 --> User IP: ::1
DEBUG - 2025-06-05 05:27:54 --> User IP: ::1
DEBUG - 2025-06-05 05:27:54 --> User IP: ::1
DEBUG - 2025-06-05 05:27:54 --> User IP: ::1
DEBUG - 2025-06-05 05:27:54 --> User IP: ::1
DEBUG - 2025-06-05 05:27:54 --> User IP: ::1
DEBUG - 2025-06-05 05:28:01 --> User IP: ::1
DEBUG - 2025-06-05 05:28:03 --> User IP: ::1
DEBUG - 2025-06-05 05:28:36 --> User IP: ::1
DEBUG - 2025-06-05 05:28:56 --> User IP: ::1
DEBUG - 2025-06-05 05:29:26 --> User IP: ::1
DEBUG - 2025-06-05 05:29:30 --> User IP: ::1
DEBUG - 2025-06-05 05:29:31 --> User IP: ::1
DEBUG - 2025-06-05 05:29:31 --> User IP: ::1
DEBUG - 2025-06-05 05:29:32 --> User IP: ::1
DEBUG - 2025-06-05 05:30:22 --> User IP: ::1
DEBUG - 2025-06-05 05:30:28 --> User IP: ::1
DEBUG - 2025-06-05 05:30:36 --> User IP: ::1
DEBUG - 2025-06-05 05:35:03 --> User IP: ::1
DEBUG - 2025-06-05 05:35:08 --> User IP: ::1
DEBUG - 2025-06-05 05:35:22 --> User IP: ::1
DEBUG - 2025-06-05 05:35:38 --> User IP: ::1
DEBUG - 2025-06-05 05:35:47 --> User IP: ::1
DEBUG - 2025-06-05 05:36:39 --> User IP: ::1
DEBUG - 2025-06-05 05:37:33 --> User IP: ::1
CRITICAL - 2025-06-05 05:37:33 --> Error: Cannot use object of type CodeIgniter\HTTP\Response as array
[Method: GET, Route: payrole/getattendance]
in APPPATH\Controllers\PayRole.php on line 32.
 1 SYSTEMPATH\CodeIgniter.php(933): App\Controllers\PayRole->getattendance()
 2 SYSTEMPATH\CodeIgniter.php(509): CodeIgniter\CodeIgniter->runController(Object(App\Controllers\PayRole))
 3 SYSTEMPATH\CodeIgniter.php(355): CodeIgniter\CodeIgniter->handleRequest(null, Object(Config\Cache), false)
 4 SYSTEMPATH\Boot.php(334): CodeIgniter\CodeIgniter->run()
 5 SYSTEMPATH\Boot.php(67): CodeIgniter\Boot::runCodeIgniter(Object(CodeIgniter\CodeIgniter))
 6 FCPATH\index.php(56): CodeIgniter\Boot::bootWeb(Object(Config\Paths))
 7 SYSTEMPATH\rewrite.php(44): require_once('C:\\xampp\\htdocs\\gighz\\public\\index.php')
DEBUG - 2025-06-05 05:37:36 --> User IP: ::1
CRITICAL - 2025-06-05 05:37:36 --> Error: Cannot use object of type CodeIgniter\HTTP\Response as array
[Method: GET, Route: payrole/getattendance]
in APPPATH\Controllers\PayRole.php on line 32.
 1 SYSTEMPATH\CodeIgniter.php(933): App\Controllers\PayRole->getattendance()
 2 SYSTEMPATH\CodeIgniter.php(509): CodeIgniter\CodeIgniter->runController(Object(App\Controllers\PayRole))
 3 SYSTEMPATH\CodeIgniter.php(355): CodeIgniter\CodeIgniter->handleRequest(null, Object(Config\Cache), false)
 4 SYSTEMPATH\Boot.php(334): CodeIgniter\CodeIgniter->run()
 5 SYSTEMPATH\Boot.php(67): CodeIgniter\Boot::runCodeIgniter(Object(CodeIgniter\CodeIgniter))
 6 FCPATH\index.php(56): CodeIgniter\Boot::bootWeb(Object(Config\Paths))
 7 SYSTEMPATH\rewrite.php(44): require_once('C:\\xampp\\htdocs\\gighz\\public\\index.php')
DEBUG - 2025-06-05 05:37:53 --> User IP: ::1
DEBUG - 2025-06-05 05:46:33 --> User IP: ::1
DEBUG - 2025-06-05 05:47:10 --> User IP: ::1
DEBUG - 2025-06-05 05:47:42 --> User IP: ::1
DEBUG - 2025-06-05 05:49:25 --> User IP: ::1
DEBUG - 2025-06-05 05:50:25 --> User IP: ::1
DEBUG - 2025-06-05 05:51:18 --> User IP: ::1
DEBUG - 2025-06-05 05:51:29 --> User IP: ::1
DEBUG - 2025-06-05 06:01:47 --> User IP: ::1
DEBUG - 2025-06-05 06:04:54 --> User IP: ::1
DEBUG - 2025-06-05 06:16:04 --> User IP: ::1
DEBUG - 2025-06-05 06:39:40 --> User IP: ::1
DEBUG - 2025-06-05 06:43:16 --> User IP: ::1
DEBUG - 2025-06-05 06:44:23 --> User IP: ::1
DEBUG - 2025-06-05 06:45:59 --> User IP: ::1
DEBUG - 2025-06-05 06:46:03 --> User IP: ::1
DEBUG - 2025-06-05 06:46:25 --> User IP: ::1
DEBUG - 2025-06-05 06:46:40 --> User IP: ::1
DEBUG - 2025-06-05 06:48:09 --> User IP: ::1
DEBUG - 2025-06-05 06:49:03 --> User IP: ::1
DEBUG - 2025-06-05 06:50:59 --> User IP: ::1
CRITICAL - 2025-06-05 06:50:59 --> TypeError: Unsupported operand types: string + int
[Method: GET, Route: payrole/getattendance]
in APPPATH\Controllers\PayRole.php on line 229.
 1 SYSTEMPATH\CodeIgniter.php(933): App\Controllers\PayRole->getattendance()
 2 SYSTEMPATH\CodeIgniter.php(509): CodeIgniter\CodeIgniter->runController(Object(App\Controllers\PayRole))
 3 SYSTEMPATH\CodeIgniter.php(355): CodeIgniter\CodeIgniter->handleRequest(null, Object(Config\Cache), false)
 4 SYSTEMPATH\Boot.php(334): CodeIgniter\CodeIgniter->run()
 5 SYSTEMPATH\Boot.php(67): CodeIgniter\Boot::runCodeIgniter(Object(CodeIgniter\CodeIgniter))
 6 FCPATH\index.php(56): CodeIgniter\Boot::bootWeb(Object(Config\Paths))
 7 SYSTEMPATH\rewrite.php(44): require_once('C:\\xampp\\htdocs\\gighz\\public\\index.php')
DEBUG - 2025-06-05 06:51:07 --> User IP: ::1
DEBUG - 2025-06-05 06:51:45 --> User IP: ::1
DEBUG - 2025-06-05 06:52:11 --> User IP: ::1
DEBUG - 2025-06-05 06:52:30 --> User IP: ::1
DEBUG - 2025-06-05 06:53:04 --> User IP: ::1
DEBUG - 2025-06-05 07:10:39 --> User IP: ::1
DEBUG - 2025-06-05 07:12:09 --> User IP: ::1
DEBUG - 2025-06-05 07:13:53 --> User IP: ::1
DEBUG - 2025-06-05 07:19:11 --> User IP: ::1
DEBUG - 2025-06-05 07:19:22 --> User IP: ::1
DEBUG - 2025-06-05 07:34:52 --> User IP: ::1
DEBUG - 2025-06-05 07:35:06 --> User IP: ::1
DEBUG - 2025-06-05 07:36:50 --> User IP: ::1
DEBUG - 2025-06-05 07:44:43 --> User IP: ::1
DEBUG - 2025-06-05 07:45:00 --> User IP: ::1
DEBUG - 2025-06-05 07:45:02 --> User IP: ::1
DEBUG - 2025-06-05 07:45:02 --> User IP: ::1
DEBUG - 2025-06-05 07:45:03 --> User IP: ::1
DEBUG - 2025-06-05 07:45:03 --> User IP: ::1
DEBUG - 2025-06-05 07:45:28 --> User IP: ::1
DEBUG - 2025-06-05 07:46:32 --> User IP: ::1
DEBUG - 2025-06-05 07:48:33 --> User IP: ::1
DEBUG - 2025-06-05 07:57:00 --> User IP: ::1
DEBUG - 2025-06-05 09:15:59 --> User IP: ::1
DEBUG - 2025-06-05 12:21:36 --> User IP: ::1
