DEBUG - 2025-04-28 07:11:08 --> User IP: ::1
DEBUG - 2025-04-28 07:11:08 --> Session: Class initialized using 'CodeIgniter\Session\Handlers\FileHandler' driver.
DEBUG - 2025-04-28 07:11:18 --> User IP: ::1
DEBUG - 2025-04-28 07:11:18 --> Session: Class initialized using 'CodeIgniter\Session\Handlers\FileHandler' driver.
DEBUG - 2025-04-28 07:11:18 --> User IP: ::1
DEBUG - 2025-04-28 07:11:18 --> Session: Class initialized using 'CodeIgniter\Session\Handlers\FileHandler' driver.
DEBUG - 2025-04-28 08:08:48 --> User IP: ::1
DEBUG - 2025-04-28 08:08:48 --> Session: Class initialized using 'CodeIgniter\Session\Handlers\FileHandler' driver.
DEBUG - 2025-04-28 08:08:48 --> User IP: ::1
DEBUG - 2025-04-28 08:08:48 --> Session: Class initialized using 'CodeIgniter\Session\Handlers\FileHandler' driver.
DEBUG - 2025-04-28 08:08:57 --> User IP: ::1
DEBUG - 2025-04-28 08:08:57 --> Session: Class initialized using 'CodeIgniter\Session\Handlers\FileHandler' driver.
DEBUG - 2025-04-28 08:08:57 --> User IP: ::1
DEBUG - 2025-04-28 08:08:57 --> Session: Class initialized using 'CodeIgniter\Session\Handlers\FileHandler' driver.
DEBUG - 2025-04-28 08:09:04 --> User IP: ::1
DEBUG - 2025-04-28 08:09:04 --> Session: Class initialized using 'CodeIgniter\Session\Handlers\FileHandler' driver.
DEBUG - 2025-04-28 08:09:42 --> User IP: ::1
DEBUG - 2025-04-28 08:09:42 --> Session: Class initialized using 'CodeIgniter\Session\Handlers\FileHandler' driver.
DEBUG - 2025-04-28 08:15:44 --> User IP: ::1
DEBUG - 2025-04-28 08:15:44 --> Session: Class initialized using 'CodeIgniter\Session\Handlers\FileHandler' driver.
DEBUG - 2025-04-28 10:22:52 --> User IP: ::1
DEBUG - 2025-04-28 10:22:52 --> Session: Class initialized using 'CodeIgniter\Session\Handlers\FileHandler' driver.
CRITICAL - 2025-04-28 10:22:52 --> ErrorException: Trying to access array offset on value of type null
[Method: GET, Route: auth/auto_login]
in APPPATH\Controllers\Auth.php on line 116.
 1 APPPATH\Controllers\Auth.php(116): CodeIgniter\Debug\Exceptions->errorHandler(2, 'Trying to access array offset on value of type null', 'C:\\xampp\\htdocs\\gighz\\app\\Controllers\\Auth.php', 116)
 2 SYSTEMPATH\CodeIgniter.php(933): App\Controllers\Auth->auto_login()
 3 SYSTEMPATH\CodeIgniter.php(509): CodeIgniter\CodeIgniter->runController(Object(App\Controllers\Auth))
 4 SYSTEMPATH\CodeIgniter.php(355): CodeIgniter\CodeIgniter->handleRequest(null, Object(Config\Cache), false)
 5 SYSTEMPATH\Boot.php(334): CodeIgniter\CodeIgniter->run()
 6 SYSTEMPATH\Boot.php(67): CodeIgniter\Boot::runCodeIgniter(Object(CodeIgniter\CodeIgniter))
 7 FCPATH\index.php(56): CodeIgniter\Boot::bootWeb(Object(Config\Paths))
 8 SYSTEMPATH\rewrite.php(44): require_once('C:\\xampp\\htdocs\\gighz\\public\\index.php')
DEBUG - 2025-04-28 10:23:31 --> User IP: ::1
DEBUG - 2025-04-28 10:23:31 --> Session: Class initialized using 'CodeIgniter\Session\Handlers\FileHandler' driver.
DEBUG - 2025-04-28 10:23:31 --> User IP: ::1
DEBUG - 2025-04-28 10:23:31 --> Session: Class initialized using 'CodeIgniter\Session\Handlers\FileHandler' driver.
DEBUG - 2025-04-28 10:23:35 --> User IP: ::1
DEBUG - 2025-04-28 10:23:35 --> Session: Class initialized using 'CodeIgniter\Session\Handlers\FileHandler' driver.
DEBUG - 2025-04-28 10:23:35 --> User IP: ::1
DEBUG - 2025-04-28 10:23:35 --> Session: Class initialized using 'CodeIgniter\Session\Handlers\FileHandler' driver.
DEBUG - 2025-04-28 10:24:08 --> User IP: ::1
DEBUG - 2025-04-28 10:24:08 --> Session: Class initialized using 'CodeIgniter\Session\Handlers\FileHandler' driver.
DEBUG - 2025-04-28 10:24:08 --> User IP: ::1
DEBUG - 2025-04-28 10:24:08 --> Session: Class initialized using 'CodeIgniter\Session\Handlers\FileHandler' driver.
DEBUG - 2025-04-28 10:24:15 --> User IP: ::1
DEBUG - 2025-04-28 10:24:15 --> Session: Class initialized using 'CodeIgniter\Session\Handlers\FileHandler' driver.
DEBUG - 2025-04-28 10:24:17 --> User IP: ::1
DEBUG - 2025-04-28 10:24:17 --> Session: Class initialized using 'CodeIgniter\Session\Handlers\FileHandler' driver.
DEBUG - 2025-04-28 10:24:19 --> User IP: ::1
DEBUG - 2025-04-28 10:24:19 --> Session: Class initialized using 'CodeIgniter\Session\Handlers\FileHandler' driver.
DEBUG - 2025-04-28 10:24:27 --> User IP: ::1
DEBUG - 2025-04-28 10:24:27 --> Session: Class initialized using 'CodeIgniter\Session\Handlers\FileHandler' driver.
DEBUG - 2025-04-28 10:24:34 --> User IP: ::1
DEBUG - 2025-04-28 10:24:34 --> Session: Class initialized using 'CodeIgniter\Session\Handlers\FileHandler' driver.
DEBUG - 2025-04-28 10:24:42 --> User IP: ::1
DEBUG - 2025-04-28 10:24:42 --> Session: Class initialized using 'CodeIgniter\Session\Handlers\FileHandler' driver.
DEBUG - 2025-04-28 10:24:44 --> User IP: ::1
DEBUG - 2025-04-28 10:24:44 --> Session: Class initialized using 'CodeIgniter\Session\Handlers\FileHandler' driver.
DEBUG - 2025-04-28 10:25:23 --> User IP: ::1
DEBUG - 2025-04-28 10:25:23 --> Session: Class initialized using 'CodeIgniter\Session\Handlers\FileHandler' driver.
DEBUG - 2025-04-28 10:51:50 --> User IP: ::1
DEBUG - 2025-04-28 10:51:50 --> Session: Class initialized using 'CodeIgniter\Session\Handlers\FileHandler' driver.
DEBUG - 2025-04-28 10:56:26 --> User IP: ::1
DEBUG - 2025-04-28 10:56:26 --> Session: Class initialized using 'CodeIgniter\Session\Handlers\FileHandler' driver.
DEBUG - 2025-04-28 10:56:30 --> User IP: ::1
DEBUG - 2025-04-28 10:56:30 --> Session: Class initialized using 'CodeIgniter\Session\Handlers\FileHandler' driver.
DEBUG - 2025-04-28 10:56:30 --> User IP: ::1
DEBUG - 2025-04-28 10:56:30 --> Session: Class initialized using 'CodeIgniter\Session\Handlers\FileHandler' driver.
DEBUG - 2025-04-28 10:56:35 --> User IP: ::1
DEBUG - 2025-04-28 10:56:35 --> Session: Class initialized using 'CodeIgniter\Session\Handlers\FileHandler' driver.
DEBUG - 2025-04-28 10:56:36 --> User IP: ::1
DEBUG - 2025-04-28 10:56:36 --> Session: Class initialized using 'CodeIgniter\Session\Handlers\FileHandler' driver.
DEBUG - 2025-04-28 10:56:40 --> User IP: ::1
DEBUG - 2025-04-28 10:56:40 --> Session: Class initialized using 'CodeIgniter\Session\Handlers\FileHandler' driver.
DEBUG - 2025-04-28 10:56:42 --> User IP: ::1
DEBUG - 2025-04-28 10:56:42 --> Session: Class initialized using 'CodeIgniter\Session\Handlers\FileHandler' driver.
DEBUG - 2025-04-28 10:57:31 --> User IP: ::1
DEBUG - 2025-04-28 10:57:31 --> User ID: 27, Date: 2025-04-26
DEBUG - 2025-04-28 10:58:03 --> User IP: ::1
CRITICAL - 2025-04-28 10:58:03 --> ParseError: syntax error, unexpected token ";"
[Method: GET, Route: attendance]
in APPPATH\Views\Attendance\attendanceLogs.php on line 277.
 1 SYSTEMPATH\View\View.php(237): CodeIgniter\View\View->CodeIgniter\View\{closure}()
 2 SYSTEMPATH\Common.php(1171): CodeIgniter\View\View->render('Attendance/attendanceLogs', [], true)
 3 APPPATH\Controllers\BiometricController.php(68): view('Attendance/attendanceLogs', [...])
 4 SYSTEMPATH\CodeIgniter.php(933): App\Controllers\BiometricController->index()
 5 SYSTEMPATH\CodeIgniter.php(509): CodeIgniter\CodeIgniter->runController(Object(App\Controllers\BiometricController))
 6 SYSTEMPATH\CodeIgniter.php(355): CodeIgniter\CodeIgniter->handleRequest(null, Object(Config\Cache), false)
 7 SYSTEMPATH\Boot.php(334): CodeIgniter\CodeIgniter->run()
 8 SYSTEMPATH\Boot.php(67): CodeIgniter\Boot::runCodeIgniter(Object(CodeIgniter\CodeIgniter))
 9 FCPATH\index.php(56): CodeIgniter\Boot::bootWeb(Object(Config\Paths))
10 SYSTEMPATH\rewrite.php(44): require_once('C:\\xampp\\htdocs\\gighz\\public\\index.php')
DEBUG - 2025-04-28 10:58:11 --> User IP: ::1
DEBUG - 2025-04-28 10:58:11 --> Session: Class initialized using 'CodeIgniter\Session\Handlers\FileHandler' driver.
DEBUG - 2025-04-28 10:58:14 --> User IP: ::1
DEBUG - 2025-04-28 10:58:14 --> User ID: 17, Date: 2025-04-25
DEBUG - 2025-04-28 10:58:19 --> User IP: ::1
DEBUG - 2025-04-28 10:58:21 --> User IP: ::1
DEBUG - 2025-04-28 10:58:21 --> Session: Class initialized using 'CodeIgniter\Session\Handlers\FileHandler' driver.
DEBUG - 2025-04-28 10:58:23 --> User IP: ::1
DEBUG - 2025-04-28 10:58:23 --> User ID: 17, Date: 2025-04-25
DEBUG - 2025-04-28 10:58:24 --> User IP: ::1
DEBUG - 2025-04-28 10:58:24 --> User ID: 17, Date: 2025-04-25
DEBUG - 2025-04-28 10:58:26 --> User IP: ::1
DEBUG - 2025-04-28 10:58:26 --> Session: Class initialized using 'CodeIgniter\Session\Handlers\FileHandler' driver.
DEBUG - 2025-04-28 10:58:28 --> User IP: ::1
DEBUG - 2025-04-28 10:58:28 --> User ID: 17, Date: 2025-04-25
DEBUG - 2025-04-28 10:58:29 --> User IP: ::1
DEBUG - 2025-04-28 10:58:29 --> User ID: 17, Date: 2025-04-25
DEBUG - 2025-04-28 10:58:33 --> User IP: ::1
DEBUG - 2025-04-28 10:58:34 --> Session: Class initialized using 'CodeIgniter\Session\Handlers\FileHandler' driver.
DEBUG - 2025-04-28 10:58:37 --> User IP: ::1
DEBUG - 2025-04-28 10:58:37 --> Session: Class initialized using 'CodeIgniter\Session\Handlers\FileHandler' driver.
DEBUG - 2025-04-28 10:58:40 --> User IP: ::1
DEBUG - 2025-04-28 10:58:40 --> User ID: 17, Date: 2025-04-25
DEBUG - 2025-04-28 11:00:54 --> User IP: ::1
DEBUG - 2025-04-28 11:00:54 --> Session: Class initialized using 'CodeIgniter\Session\Handlers\FileHandler' driver.
DEBUG - 2025-04-28 11:00:56 --> User IP: ::1
DEBUG - 2025-04-28 11:00:56 --> User ID: 17, Date: 2025-04-25
DEBUG - 2025-04-28 11:00:58 --> User IP: ::1
DEBUG - 2025-04-28 11:00:59 --> User IP: ::1
DEBUG - 2025-04-28 11:00:59 --> Session: Class initialized using 'CodeIgniter\Session\Handlers\FileHandler' driver.
DEBUG - 2025-04-28 11:01:03 --> User IP: ::1
DEBUG - 2025-04-28 11:01:03 --> User ID: 17, Date: 2025-04-25
DEBUG - 2025-04-28 11:01:07 --> User IP: ::1
DEBUG - 2025-04-28 11:01:08 --> User IP: ::1
DEBUG - 2025-04-28 11:01:08 --> Session: Class initialized using 'CodeIgniter\Session\Handlers\FileHandler' driver.
DEBUG - 2025-04-28 11:01:10 --> User IP: ::1
DEBUG - 2025-04-28 11:01:10 --> User ID: 17, Date: 2025-04-25
DEBUG - 2025-04-28 11:01:14 --> User IP: ::1
DEBUG - 2025-04-28 11:01:15 --> User IP: ::1
DEBUG - 2025-04-28 11:01:15 --> Session: Class initialized using 'CodeIgniter\Session\Handlers\FileHandler' driver.
DEBUG - 2025-04-28 11:01:17 --> User IP: ::1
DEBUG - 2025-04-28 11:01:17 --> User ID: 17, Date: 2025-04-25
DEBUG - 2025-04-28 11:01:19 --> User IP: ::1
DEBUG - 2025-04-28 11:01:21 --> User IP: ::1
DEBUG - 2025-04-28 11:01:21 --> Session: Class initialized using 'CodeIgniter\Session\Handlers\FileHandler' driver.
DEBUG - 2025-04-28 11:01:32 --> User IP: ::1
DEBUG - 2025-04-28 11:01:32 --> User ID: 17, Date: 2025-04-25
DEBUG - 2025-04-28 11:01:36 --> User IP: ::1
DEBUG - 2025-04-28 11:01:36 --> Session: Class initialized using 'CodeIgniter\Session\Handlers\FileHandler' driver.
DEBUG - 2025-04-28 11:01:38 --> User IP: ::1
DEBUG - 2025-04-28 11:01:38 --> User ID: 17, Date: 2025-04-25
DEBUG - 2025-04-28 11:01:44 --> User IP: ::1
DEBUG - 2025-04-28 11:01:44 --> User ID: 17, Date: 2025-04-25
DEBUG - 2025-04-28 11:01:45 --> User IP: ::1
DEBUG - 2025-04-28 11:01:45 --> Session: Class initialized using 'CodeIgniter\Session\Handlers\FileHandler' driver.
DEBUG - 2025-04-28 11:01:49 --> User IP: ::1
DEBUG - 2025-04-28 11:01:49 --> User ID: 17, Date: 2025-04-25
DEBUG - 2025-04-28 11:01:52 --> User IP: ::1
DEBUG - 2025-04-28 11:01:52 --> User ID: 17, Date: 2025-04-25
DEBUG - 2025-04-28 11:01:54 --> User IP: ::1
DEBUG - 2025-04-28 11:01:54 --> Session: Class initialized using 'CodeIgniter\Session\Handlers\FileHandler' driver.
DEBUG - 2025-04-28 11:03:26 --> User IP: ::1
DEBUG - 2025-04-28 11:03:26 --> Session: Class initialized using 'CodeIgniter\Session\Handlers\FileHandler' driver.
DEBUG - 2025-04-28 11:03:28 --> User IP: ::1
DEBUG - 2025-04-28 11:03:28 --> Session: Class initialized using 'CodeIgniter\Session\Handlers\FileHandler' driver.
DEBUG - 2025-04-28 11:03:29 --> User IP: ::1
DEBUG - 2025-04-28 11:03:29 --> Session: Class initialized using 'CodeIgniter\Session\Handlers\FileHandler' driver.
DEBUG - 2025-04-28 11:03:30 --> User IP: ::1
DEBUG - 2025-04-28 11:03:30 --> Session: Class initialized using 'CodeIgniter\Session\Handlers\FileHandler' driver.
DEBUG - 2025-04-28 11:03:31 --> User IP: ::1
DEBUG - 2025-04-28 11:03:31 --> Session: Class initialized using 'CodeIgniter\Session\Handlers\FileHandler' driver.
DEBUG - 2025-04-28 11:03:32 --> User IP: ::1
DEBUG - 2025-04-28 11:03:32 --> Session: Class initialized using 'CodeIgniter\Session\Handlers\FileHandler' driver.
DEBUG - 2025-04-28 11:06:06 --> User IP: ::1
DEBUG - 2025-04-28 11:06:06 --> Session: Class initialized using 'CodeIgniter\Session\Handlers\FileHandler' driver.
DEBUG - 2025-04-28 11:06:06 --> User IP: ::1
DEBUG - 2025-04-28 11:06:06 --> Session: Class initialized using 'CodeIgniter\Session\Handlers\FileHandler' driver.
DEBUG - 2025-04-28 11:06:12 --> User IP: ::1
DEBUG - 2025-04-28 11:06:12 --> Session: Class initialized using 'CodeIgniter\Session\Handlers\FileHandler' driver.
DEBUG - 2025-04-28 11:06:13 --> User IP: ::1
DEBUG - 2025-04-28 11:06:13 --> Session: Class initialized using 'CodeIgniter\Session\Handlers\FileHandler' driver.
DEBUG - 2025-04-28 11:06:16 --> User IP: ::1
DEBUG - 2025-04-28 11:06:16 --> Session: Class initialized using 'CodeIgniter\Session\Handlers\FileHandler' driver.
DEBUG - 2025-04-28 11:06:16 --> User IP: ::1
DEBUG - 2025-04-28 11:06:16 --> Session: Class initialized using 'CodeIgniter\Session\Handlers\FileHandler' driver.
DEBUG - 2025-04-28 11:53:36 --> User IP: ::1
DEBUG - 2025-04-28 11:53:37 --> Session: Class initialized using 'CodeIgniter\Session\Handlers\FileHandler' driver.
DEBUG - 2025-04-28 11:53:42 --> User IP: ::1
DEBUG - 2025-04-28 11:53:42 --> Session: Class initialized using 'CodeIgniter\Session\Handlers\FileHandler' driver.
DEBUG - 2025-04-28 11:54:02 --> User IP: ::1
DEBUG - 2025-04-28 11:54:02 --> Session: Class initialized using 'CodeIgniter\Session\Handlers\FileHandler' driver.
DEBUG - 2025-04-28 11:54:13 --> User IP: ::1
DEBUG - 2025-04-28 11:54:13 --> Session: Class initialized using 'CodeIgniter\Session\Handlers\FileHandler' driver.
DEBUG - 2025-04-28 11:54:31 --> User IP: ::1
DEBUG - 2025-04-28 11:54:31 --> Session: Class initialized using 'CodeIgniter\Session\Handlers\FileHandler' driver.
DEBUG - 2025-04-28 11:54:36 --> User IP: ::1
DEBUG - 2025-04-28 11:54:36 --> Session: Class initialized using 'CodeIgniter\Session\Handlers\FileHandler' driver.
DEBUG - 2025-04-28 11:55:09 --> User IP: ::1
DEBUG - 2025-04-28 11:55:09 --> Session: Class initialized using 'CodeIgniter\Session\Handlers\FileHandler' driver.
DEBUG - 2025-04-28 11:55:09 --> User IP: ::1
DEBUG - 2025-04-28 11:55:09 --> Session: Class initialized using 'CodeIgniter\Session\Handlers\FileHandler' driver.
DEBUG - 2025-04-28 11:56:22 --> User IP: ::1
DEBUG - 2025-04-28 11:56:22 --> Session: Class initialized using 'CodeIgniter\Session\Handlers\FileHandler' driver.
DEBUG - 2025-04-28 11:56:22 --> User IP: ::1
DEBUG - 2025-04-28 11:56:22 --> Session: Class initialized using 'CodeIgniter\Session\Handlers\FileHandler' driver.
DEBUG - 2025-04-28 11:56:31 --> User IP: ::1
DEBUG - 2025-04-28 11:56:31 --> Session: Class initialized using 'CodeIgniter\Session\Handlers\FileHandler' driver.
DEBUG - 2025-04-28 11:56:31 --> User IP: ::1
DEBUG - 2025-04-28 11:56:31 --> Session: Class initialized using 'CodeIgniter\Session\Handlers\FileHandler' driver.
DEBUG - 2025-04-28 11:56:33 --> User IP: ::1
DEBUG - 2025-04-28 11:56:33 --> Session: Class initialized using 'CodeIgniter\Session\Handlers\FileHandler' driver.
DEBUG - 2025-04-28 11:56:48 --> User IP: ::1
DEBUG - 2025-04-28 11:56:48 --> Session: Class initialized using 'CodeIgniter\Session\Handlers\FileHandler' driver.
DEBUG - 2025-04-28 11:56:48 --> User IP: ::1
DEBUG - 2025-04-28 11:56:48 --> Session: Class initialized using 'CodeIgniter\Session\Handlers\FileHandler' driver.
DEBUG - 2025-04-28 11:56:53 --> User IP: ::1
DEBUG - 2025-04-28 11:56:53 --> Session: Class initialized using 'CodeIgniter\Session\Handlers\FileHandler' driver.
DEBUG - 2025-04-28 11:57:13 --> User IP: ::1
DEBUG - 2025-04-28 11:57:13 --> Session: Class initialized using 'CodeIgniter\Session\Handlers\FileHandler' driver.
DEBUG - 2025-04-28 12:01:02 --> User IP: ::1
CRITICAL - 2025-04-28 12:01:02 --> TypeError: App\Controllers\HRController::calculateLeaveDays(): Argument #1 ($start) must be of type DateTime, string given, called in C:\xampp\htdocs\gighz\system\CodeIgniter.php on line 933
[Method: GET, Route: hrcontroller/calculateLeaveDays/2025-04-02/2025-04-05]
in APPPATH\Controllers\HRController.php on line 318.
 1 SYSTEMPATH\CodeIgniter.php(933): App\Controllers\HRController->calculateLeaveDays('2025-04-02', '2025-04-05')
 2 SYSTEMPATH\CodeIgniter.php(509): CodeIgniter\CodeIgniter->runController(Object(App\Controllers\HRController))
 3 SYSTEMPATH\CodeIgniter.php(355): CodeIgniter\CodeIgniter->handleRequest(null, Object(Config\Cache), false)
 4 SYSTEMPATH\Boot.php(334): CodeIgniter\CodeIgniter->run()
 5 SYSTEMPATH\Boot.php(67): CodeIgniter\Boot::runCodeIgniter(Object(CodeIgniter\CodeIgniter))
 6 FCPATH\index.php(56): CodeIgniter\Boot::bootWeb(Object(Config\Paths))
 7 SYSTEMPATH\rewrite.php(44): require_once('C:\\xampp\\htdocs\\gighz\\public\\index.php')
DEBUG - 2025-04-28 12:03:38 --> User IP: ::1
DEBUG - 2025-04-28 12:03:42 --> User IP: ::1
DEBUG - 2025-04-28 12:04:41 --> User IP: ::1
CRITICAL - 2025-04-28 12:04:42 --> Error: Object of class DateTime could not be converted to string
[Method: GET, Route: hrcontroller/calculateLeaveDays/2025-04-02/2025-04-05]
in APPPATH\Controllers\HRController.php on line 334.
 1 SYSTEMPATH\CodeIgniter.php(933): App\Controllers\HRController->calculateLeaveDays(Object(DateTime), Object(DateTime))
 2 SYSTEMPATH\CodeIgniter.php(509): CodeIgniter\CodeIgniter->runController(Object(App\Controllers\HRController))
 3 SYSTEMPATH\CodeIgniter.php(355): CodeIgniter\CodeIgniter->handleRequest(null, Object(Config\Cache), false)
 4 SYSTEMPATH\Boot.php(334): CodeIgniter\CodeIgniter->run()
 5 SYSTEMPATH\Boot.php(67): CodeIgniter\Boot::runCodeIgniter(Object(CodeIgniter\CodeIgniter))
 6 FCPATH\index.php(56): CodeIgniter\Boot::bootWeb(Object(Config\Paths))
 7 SYSTEMPATH\rewrite.php(44): require_once('C:\\xampp\\htdocs\\gighz\\public\\index.php')
DEBUG - 2025-04-28 12:05:13 --> User IP: ::1
DEBUG - 2025-04-28 12:06:07 --> User IP: ::1
DEBUG - 2025-04-28 12:06:43 --> User IP: ::1
DEBUG - 2025-04-28 12:07:37 --> User IP: ::1
DEBUG - 2025-04-28 12:07:57 --> User IP: ::1
DEBUG - 2025-04-28 12:07:59 --> User IP: ::1
DEBUG - 2025-04-28 12:08:00 --> User IP: ::1
DEBUG - 2025-04-28 12:08:11 --> User IP: ::1
DEBUG - 2025-04-28 12:11:13 --> User IP: ::1
CRITICAL - 2025-04-28 12:11:13 --> Error: Object of class DateTime could not be converted to string
[Method: GET, Route: hrcontroller/calculateLeaveDays/2025-04-02/2025-04-05]
in APPPATH\Controllers\HRController.php on line 341.
 1 SYSTEMPATH\CodeIgniter.php(933): App\Controllers\HRController->calculateLeaveDays(Object(DateTime), Object(DateTime))
 2 SYSTEMPATH\CodeIgniter.php(509): CodeIgniter\CodeIgniter->runController(Object(App\Controllers\HRController))
 3 SYSTEMPATH\CodeIgniter.php(355): CodeIgniter\CodeIgniter->handleRequest(null, Object(Config\Cache), false)
 4 SYSTEMPATH\Boot.php(334): CodeIgniter\CodeIgniter->run()
 5 SYSTEMPATH\Boot.php(67): CodeIgniter\Boot::runCodeIgniter(Object(CodeIgniter\CodeIgniter))
 6 FCPATH\index.php(56): CodeIgniter\Boot::bootWeb(Object(Config\Paths))
 7 SYSTEMPATH\rewrite.php(44): require_once('C:\\xampp\\htdocs\\gighz\\public\\index.php')
DEBUG - 2025-04-28 12:12:31 --> User IP: ::1
CRITICAL - 2025-04-28 12:12:31 --> Error: Object of class DateTime could not be converted to string
[Method: GET, Route: hrcontroller/calculateLeaveDays/2025-04-02/2025-04-05]
in APPPATH\Controllers\HRController.php on line 342.
 1 SYSTEMPATH\CodeIgniter.php(933): App\Controllers\HRController->calculateLeaveDays(Object(DateTime), Object(DateTime))
 2 SYSTEMPATH\CodeIgniter.php(509): CodeIgniter\CodeIgniter->runController(Object(App\Controllers\HRController))
 3 SYSTEMPATH\CodeIgniter.php(355): CodeIgniter\CodeIgniter->handleRequest(null, Object(Config\Cache), false)
 4 SYSTEMPATH\Boot.php(334): CodeIgniter\CodeIgniter->run()
 5 SYSTEMPATH\Boot.php(67): CodeIgniter\Boot::runCodeIgniter(Object(CodeIgniter\CodeIgniter))
 6 FCPATH\index.php(56): CodeIgniter\Boot::bootWeb(Object(Config\Paths))
 7 SYSTEMPATH\rewrite.php(44): require_once('C:\\xampp\\htdocs\\gighz\\public\\index.php')
DEBUG - 2025-04-28 12:13:25 --> User IP: ::1
CRITICAL - 2025-04-28 12:13:25 --> Error: Object of class DateTime could not be converted to string
[Method: GET, Route: hrcontroller/calculateLeaveDays/2025-04-02/2025-04-05]
in APPPATH\Controllers\HRController.php on line 342.
 1 SYSTEMPATH\CodeIgniter.php(933): App\Controllers\HRController->calculateLeaveDays(Object(DateTime), Object(DateTime))
 2 SYSTEMPATH\CodeIgniter.php(509): CodeIgniter\CodeIgniter->runController(Object(App\Controllers\HRController))
 3 SYSTEMPATH\CodeIgniter.php(355): CodeIgniter\CodeIgniter->handleRequest(null, Object(Config\Cache), false)
 4 SYSTEMPATH\Boot.php(334): CodeIgniter\CodeIgniter->run()
 5 SYSTEMPATH\Boot.php(67): CodeIgniter\Boot::runCodeIgniter(Object(CodeIgniter\CodeIgniter))
 6 FCPATH\index.php(56): CodeIgniter\Boot::bootWeb(Object(Config\Paths))
 7 SYSTEMPATH\rewrite.php(44): require_once('C:\\xampp\\htdocs\\gighz\\public\\index.php')
DEBUG - 2025-04-28 12:15:45 --> User IP: ::1
DEBUG - 2025-04-28 12:15:56 --> User IP: ::1
DEBUG - 2025-04-28 12:16:48 --> User IP: ::1
DEBUG - 2025-04-28 12:17:32 --> User IP: ::1
DEBUG - 2025-04-28 12:17:34 --> User IP: ::1
DEBUG - 2025-04-28 12:18:44 --> User IP: ::1
DEBUG - 2025-04-28 12:19:14 --> User IP: ::1
DEBUG - 2025-04-28 12:19:21 --> User IP: ::1
DEBUG - 2025-04-28 12:20:49 --> User IP: ::1
DEBUG - 2025-04-28 12:20:51 --> User IP: ::1
CRITICAL - 2025-04-28 12:21:34 --> ParseError: syntax error, unexpected token "}", expecting "," or ";"
[Method: GET, Route: hrcontroller/calculateLeaveDays/2025-04-02/2025-04-05]
in APPPATH\Controllers\HRController.php on line 358.
 1 SYSTEMPATH\Router\Router.php(563): CodeIgniter\Router\AutoRouter->getRoute('hrcontroller/calculateLeaveDays/2025-04-02/2025-04-05', 'GET')
 2 SYSTEMPATH\Router\Router.php(228): CodeIgniter\Router\Router->autoRoute('hrcontroller/calculateLeaveDays/2025-04-02/2025-04-05')
 3 SYSTEMPATH\CodeIgniter.php(834): CodeIgniter\Router\Router->handle('hrcontroller/calculateLeaveDays/2025-04-02/2025-04-05')
 4 SYSTEMPATH\CodeIgniter.php(457): CodeIgniter\CodeIgniter->tryToRouteIt(Object(CodeIgniter\Router\RouteCollection))
 5 SYSTEMPATH\CodeIgniter.php(355): CodeIgniter\CodeIgniter->handleRequest(null, Object(Config\Cache), false)
 6 SYSTEMPATH\Boot.php(334): CodeIgniter\CodeIgniter->run()
 7 SYSTEMPATH\Boot.php(67): CodeIgniter\Boot::runCodeIgniter(Object(CodeIgniter\CodeIgniter))
 8 FCPATH\index.php(56): CodeIgniter\Boot::bootWeb(Object(Config\Paths))
 9 SYSTEMPATH\rewrite.php(44): require_once('C:\\xampp\\htdocs\\gighz\\public\\index.php')
DEBUG - 2025-04-28 12:21:54 --> User IP: ::1
DEBUG - 2025-04-28 12:22:42 --> User IP: ::1
DEBUG - 2025-04-28 12:23:21 --> User IP: ::1
DEBUG - 2025-04-28 12:23:33 --> User IP: ::1
DEBUG - 2025-04-28 12:23:58 --> User IP: ::1
DEBUG - 2025-04-28 12:25:47 --> User IP: ::1
DEBUG - 2025-04-28 12:25:50 --> User IP: ::1
DEBUG - 2025-04-28 12:25:51 --> User IP: ::1
DEBUG - 2025-04-28 12:25:59 --> User IP: ::1
DEBUG - 2025-04-28 12:29:54 --> User IP: ::1
DEBUG - 2025-04-28 12:30:33 --> User IP: ::1
DEBUG - 2025-04-28 12:32:36 --> User IP: ::1
DEBUG - 2025-04-28 12:33:33 --> User IP: ::1
DEBUG - 2025-04-28 12:33:35 --> User IP: ::1
DEBUG - 2025-04-28 12:33:41 --> User IP: ::1
DEBUG - 2025-04-28 12:34:47 --> User IP: ::1
DEBUG - 2025-04-28 12:35:10 --> User IP: ::1
DEBUG - 2025-04-28 12:35:47 --> User IP: ::1
CRITICAL - 2025-04-28 12:35:47 --> TypeError: App\Controllers\HRController::calculateLeaveDays(): Argument #1 ($start) must be of type DateTime, string given, called in C:\xampp\htdocs\gighz\system\CodeIgniter.php on line 933
[Method: GET, Route: hrcontroller/calculateLeaveDays/2025-05-02/2025-05-05]
in APPPATH\Controllers\HRController.php on line 319.
 1 SYSTEMPATH\CodeIgniter.php(933): App\Controllers\HRController->calculateLeaveDays('2025-05-02', '2025-05-05')
 2 SYSTEMPATH\CodeIgniter.php(509): CodeIgniter\CodeIgniter->runController(Object(App\Controllers\HRController))
 3 SYSTEMPATH\CodeIgniter.php(355): CodeIgniter\CodeIgniter->handleRequest(null, Object(Config\Cache), false)
 4 SYSTEMPATH\Boot.php(334): CodeIgniter\CodeIgniter->run()
 5 SYSTEMPATH\Boot.php(67): CodeIgniter\Boot::runCodeIgniter(Object(CodeIgniter\CodeIgniter))
 6 FCPATH\index.php(56): CodeIgniter\Boot::bootWeb(Object(Config\Paths))
 7 SYSTEMPATH\rewrite.php(44): require_once('C:\\xampp\\htdocs\\gighz\\public\\index.php')
DEBUG - 2025-04-28 12:35:52 --> User IP: ::1
DEBUG - 2025-04-28 12:35:52 --> Session: Class initialized using 'CodeIgniter\Session\Handlers\FileHandler' driver.
DEBUG - 2025-04-28 12:35:54 --> User IP: ::1
DEBUG - 2025-04-28 12:35:54 --> Session: Class initialized using 'CodeIgniter\Session\Handlers\FileHandler' driver.
DEBUG - 2025-04-28 12:36:08 --> User IP: ::1
DEBUG - 2025-04-28 12:36:08 --> Session: Class initialized using 'CodeIgniter\Session\Handlers\FileHandler' driver.
ERROR - 2025-04-28 12:36:08 --> mysqli_sql_exception: Column 'total_num_leaves' cannot be null in C:\xampp\htdocs\gighz\system\Database\MySQLi\Connection.php:312
Stack trace:
#0 C:\xampp\htdocs\gighz\system\Database\MySQLi\Connection.php(312): mysqli->query('INSERT INTO `le...', 0)
#1 C:\xampp\htdocs\gighz\system\Database\BaseConnection.php(734): CodeIgniter\Database\MySQLi\Connection->execute('INSERT INTO `le...')
#2 C:\xampp\htdocs\gighz\system\Database\BaseConnection.php(648): CodeIgniter\Database\BaseConnection->simpleQuery('INSERT INTO `le...')
#3 C:\xampp\htdocs\gighz\system\Database\BaseBuilder.php(2340): CodeIgniter\Database\BaseConnection->query('INSERT INTO `le...', Array, false)
#4 C:\xampp\htdocs\gighz\system\Model.php(394): CodeIgniter\Database\BaseBuilder->insert()
#5 C:\xampp\htdocs\gighz\system\BaseModel.php(839): CodeIgniter\Model->doInsert(Array)
#6 C:\xampp\htdocs\gighz\system\Model.php(800): CodeIgniter\BaseModel->insert(Array, true)
#7 C:\xampp\htdocs\gighz\app\Controllers\EmployeeController.php(119): CodeIgniter\Model->insert(Array)
#8 C:\xampp\htdocs\gighz\system\CodeIgniter.php(933): App\Controllers\EmployeeController->leaveApplySubmit()
#9 C:\xampp\htdocs\gighz\system\CodeIgniter.php(509): CodeIgniter\CodeIgniter->runController(Object(App\Controllers\EmployeeController))
#10 C:\xampp\htdocs\gighz\system\CodeIgniter.php(355): CodeIgniter\CodeIgniter->handleRequest(NULL, Object(Config\Cache), false)
#11 C:\xampp\htdocs\gighz\system\Boot.php(334): CodeIgniter\CodeIgniter->run()
#12 C:\xampp\htdocs\gighz\system\Boot.php(67): CodeIgniter\Boot::runCodeIgniter(Object(CodeIgniter\CodeIgniter))
#13 C:\xampp\htdocs\gighz\public\index.php(56): CodeIgniter\Boot::bootWeb(Object(Config\Paths))
#14 C:\xampp\htdocs\gighz\system\rewrite.php(44): require_once('C:\\xampp\\htdocs...')
#15 {main}
CRITICAL - 2025-04-28 12:36:08 --> CodeIgniter\Database\Exceptions\DatabaseException: Column 'total_num_leaves' cannot be null
[Method: POST, Route: leaveapplysubmit]
in SYSTEMPATH\Database\BaseConnection.php on line 688.
 1 SYSTEMPATH\Database\BaseBuilder.php(2340): CodeIgniter\Database\BaseConnection->query('INSERT INTO `leave_request` (`emp_id`, `leave_type`, `start_date`, `end_date`, `reason`, `total_num_leaves`, `balence_leave`, `hold_balence_leave`) VALUES (:emp_id:, :leave_type:, :start_date:, :end_date:, :reason:, :total_num_leaves:, :balence_leave:, :hold_balence_leave:)', [...], false)
 2 SYSTEMPATH\Model.php(394): CodeIgniter\Database\BaseBuilder->insert()
 3 SYSTEMPATH\BaseModel.php(839): CodeIgniter\Model->doInsert([...])
 4 SYSTEMPATH\Model.php(800): CodeIgniter\BaseModel->insert([...], true)
 5 APPPATH\Controllers\EmployeeController.php(119): CodeIgniter\Model->insert([...])
 6 SYSTEMPATH\CodeIgniter.php(933): App\Controllers\EmployeeController->leaveApplySubmit()
 7 SYSTEMPATH\CodeIgniter.php(509): CodeIgniter\CodeIgniter->runController(Object(App\Controllers\EmployeeController))
 8 SYSTEMPATH\CodeIgniter.php(355): CodeIgniter\CodeIgniter->handleRequest(null, Object(Config\Cache), false)
 9 SYSTEMPATH\Boot.php(334): CodeIgniter\CodeIgniter->run()
10 SYSTEMPATH\Boot.php(67): CodeIgniter\Boot::runCodeIgniter(Object(CodeIgniter\CodeIgniter))
11 FCPATH\index.php(56): CodeIgniter\Boot::bootWeb(Object(Config\Paths))
12 SYSTEMPATH\rewrite.php(44): require_once('C:\\xampp\\htdocs\\gighz\\public\\index.php')
CRITICAL - 2025-04-28 12:36:08 --> [Caused by] CodeIgniter\Database\Exceptions\DatabaseException: Column 'total_num_leaves' cannot be null
in SYSTEMPATH\Database\MySQLi\Connection.php on line 317.
 1 SYSTEMPATH\Database\BaseConnection.php(734): CodeIgniter\Database\MySQLi\Connection->execute('INSERT INTO `leave_request` (`emp_id`, `leave_type`, `start_date`, `end_date`, `reason`, `total_num_leaves`, `balence_leave`, `hold_balence_leave`) VALUES (\'GZ44\', \'casual leave\', \'2025-05-02\', \'2025-05-05\', \'test 2\', NULL, \'17\', \'17\')')
 2 SYSTEMPATH\Database\BaseConnection.php(648): CodeIgniter\Database\BaseConnection->simpleQuery('INSERT INTO `leave_request` (`emp_id`, `leave_type`, `start_date`, `end_date`, `reason`, `total_num_leaves`, `balence_leave`, `hold_balence_leave`) VALUES (\'GZ44\', \'casual leave\', \'2025-05-02\', \'2025-05-05\', \'test 2\', NULL, \'17\', \'17\')')
 3 SYSTEMPATH\Database\BaseBuilder.php(2340): CodeIgniter\Database\BaseConnection->query('INSERT INTO `leave_request` (`emp_id`, `leave_type`, `start_date`, `end_date`, `reason`, `total_num_leaves`, `balence_leave`, `hold_balence_leave`) VALUES (:emp_id:, :leave_type:, :start_date:, :end_date:, :reason:, :total_num_leaves:, :balence_leave:, :hold_balence_leave:)', [...], false)
 4 SYSTEMPATH\Model.php(394): CodeIgniter\Database\BaseBuilder->insert()
 5 SYSTEMPATH\BaseModel.php(839): CodeIgniter\Model->doInsert([...])
 6 SYSTEMPATH\Model.php(800): CodeIgniter\BaseModel->insert([...], true)
 7 APPPATH\Controllers\EmployeeController.php(119): CodeIgniter\Model->insert([...])
 8 SYSTEMPATH\CodeIgniter.php(933): App\Controllers\EmployeeController->leaveApplySubmit()
 9 SYSTEMPATH\CodeIgniter.php(509): CodeIgniter\CodeIgniter->runController(Object(App\Controllers\EmployeeController))
10 SYSTEMPATH\CodeIgniter.php(355): CodeIgniter\CodeIgniter->handleRequest(null, Object(Config\Cache), false)
11 SYSTEMPATH\Boot.php(334): CodeIgniter\CodeIgniter->run()
12 SYSTEMPATH\Boot.php(67): CodeIgniter\Boot::runCodeIgniter(Object(CodeIgniter\CodeIgniter))
13 FCPATH\index.php(56): CodeIgniter\Boot::bootWeb(Object(Config\Paths))
14 SYSTEMPATH\rewrite.php(44): require_once('C:\\xampp\\htdocs\\gighz\\public\\index.php')
CRITICAL - 2025-04-28 12:36:08 --> [Caused by] mysqli_sql_exception: Column 'total_num_leaves' cannot be null
in SYSTEMPATH\Database\MySQLi\Connection.php on line 312.
 1 SYSTEMPATH\Database\MySQLi\Connection.php(312): mysqli->query('INSERT INTO `leave_request` (`emp_id`, `leave_type`, `start_date`, `end_date`, `reason`, `total_num_leaves`, `balence_leave`, `hold_balence_leave`) VALUES (\'GZ44\', \'casual leave\', \'2025-05-02\', \'2025-05-05\', \'test 2\', NULL, \'17\', \'17\')', 0)
 2 SYSTEMPATH\Database\BaseConnection.php(734): CodeIgniter\Database\MySQLi\Connection->execute('INSERT INTO `leave_request` (`emp_id`, `leave_type`, `start_date`, `end_date`, `reason`, `total_num_leaves`, `balence_leave`, `hold_balence_leave`) VALUES (\'GZ44\', \'casual leave\', \'2025-05-02\', \'2025-05-05\', \'test 2\', NULL, \'17\', \'17\')')
 3 SYSTEMPATH\Database\BaseConnection.php(648): CodeIgniter\Database\BaseConnection->simpleQuery('INSERT INTO `leave_request` (`emp_id`, `leave_type`, `start_date`, `end_date`, `reason`, `total_num_leaves`, `balence_leave`, `hold_balence_leave`) VALUES (\'GZ44\', \'casual leave\', \'2025-05-02\', \'2025-05-05\', \'test 2\', NULL, \'17\', \'17\')')
 4 SYSTEMPATH\Database\BaseBuilder.php(2340): CodeIgniter\Database\BaseConnection->query('INSERT INTO `leave_request` (`emp_id`, `leave_type`, `start_date`, `end_date`, `reason`, `total_num_leaves`, `balence_leave`, `hold_balence_leave`) VALUES (:emp_id:, :leave_type:, :start_date:, :end_date:, :reason:, :total_num_leaves:, :balence_leave:, :hold_balence_leave:)', [...], false)
 5 SYSTEMPATH\Model.php(394): CodeIgniter\Database\BaseBuilder->insert()
 6 SYSTEMPATH\BaseModel.php(839): CodeIgniter\Model->doInsert([...])
 7 SYSTEMPATH\Model.php(800): CodeIgniter\BaseModel->insert([...], true)
 8 APPPATH\Controllers\EmployeeController.php(119): CodeIgniter\Model->insert([...])
 9 SYSTEMPATH\CodeIgniter.php(933): App\Controllers\EmployeeController->leaveApplySubmit()
10 SYSTEMPATH\CodeIgniter.php(509): CodeIgniter\CodeIgniter->runController(Object(App\Controllers\EmployeeController))
11 SYSTEMPATH\CodeIgniter.php(355): CodeIgniter\CodeIgniter->handleRequest(null, Object(Config\Cache), false)
12 SYSTEMPATH\Boot.php(334): CodeIgniter\CodeIgniter->run()
13 SYSTEMPATH\Boot.php(67): CodeIgniter\Boot::runCodeIgniter(Object(CodeIgniter\CodeIgniter))
14 FCPATH\index.php(56): CodeIgniter\Boot::bootWeb(Object(Config\Paths))
15 SYSTEMPATH\rewrite.php(44): require_once('C:\\xampp\\htdocs\\gighz\\public\\index.php')
DEBUG - 2025-04-28 12:36:25 --> User IP: ::1
DEBUG - 2025-04-28 12:36:25 --> Session: Class initialized using 'CodeIgniter\Session\Handlers\FileHandler' driver.
DEBUG - 2025-04-28 12:36:26 --> User IP: ::1
DEBUG - 2025-04-28 12:36:26 --> Session: Class initialized using 'CodeIgniter\Session\Handlers\FileHandler' driver.
DEBUG - 2025-04-28 12:36:30 --> User IP: ::1
DEBUG - 2025-04-28 12:36:30 --> Session: Class initialized using 'CodeIgniter\Session\Handlers\FileHandler' driver.
DEBUG - 2025-04-28 12:36:31 --> User IP: ::1
DEBUG - 2025-04-28 12:36:31 --> Session: Class initialized using 'CodeIgniter\Session\Handlers\FileHandler' driver.
DEBUG - 2025-04-28 12:38:35 --> User IP: ::1
DEBUG - 2025-04-28 12:38:35 --> Session: Class initialized using 'CodeIgniter\Session\Handlers\FileHandler' driver.
DEBUG - 2025-04-28 12:39:54 --> User IP: ::1
DEBUG - 2025-04-28 12:39:54 --> Session: Class initialized using 'CodeIgniter\Session\Handlers\FileHandler' driver.
DEBUG - 2025-04-28 12:44:10 --> User IP: ::1
DEBUG - 2025-04-28 12:44:10 --> Session: Class initialized using 'CodeIgniter\Session\Handlers\FileHandler' driver.
DEBUG - 2025-04-28 12:44:26 --> User IP: ::1
DEBUG - 2025-04-28 12:44:26 --> Session: Class initialized using 'CodeIgniter\Session\Handlers\FileHandler' driver.
CRITICAL - 2025-04-28 12:44:26 --> TypeError: CodeIgniter\BaseModel::timeToString(): Argument #1 ($properties) must be of type array, int given, called in C:\xampp\htdocs\gighz\system\BaseModel.php on line 1872
[Method: POST, Route: compensation-request]
in SYSTEMPATH\BaseModel.php on line 1761.
 1 SYSTEMPATH\BaseModel.php(1872): CodeIgniter\BaseModel->timeToString(1)
 2 SYSTEMPATH\BaseModel.php(996): CodeIgniter\BaseModel->transformDataToArray(1, 'update')
 3 SYSTEMPATH\Model.php(863): CodeIgniter\BaseModel->update([...], 1)
 4 APPPATH\Controllers\CompensationController.php(71): CodeIgniter\Model->update('num_of_days', 1)
 5 SYSTEMPATH\CodeIgniter.php(933): App\Controllers\CompensationController->applyCompensation()
 6 SYSTEMPATH\CodeIgniter.php(509): CodeIgniter\CodeIgniter->runController(Object(App\Controllers\CompensationController))
 7 SYSTEMPATH\CodeIgniter.php(355): CodeIgniter\CodeIgniter->handleRequest(null, Object(Config\Cache), false)
 8 SYSTEMPATH\Boot.php(334): CodeIgniter\CodeIgniter->run()
 9 SYSTEMPATH\Boot.php(67): CodeIgniter\Boot::runCodeIgniter(Object(CodeIgniter\CodeIgniter))
10 FCPATH\index.php(56): CodeIgniter\Boot::bootWeb(Object(Config\Paths))
11 SYSTEMPATH\rewrite.php(44): require_once('C:\\xampp\\htdocs\\gighz\\public\\index.php')
DEBUG - 2025-04-28 12:45:38 --> User IP: ::1
DEBUG - 2025-04-28 12:45:38 --> Session: Class initialized using 'CodeIgniter\Session\Handlers\FileHandler' driver.
CRITICAL - 2025-04-28 12:45:38 --> TypeError: CodeIgniter\BaseModel::timeToString(): Argument #1 ($properties) must be of type array, int given, called in C:\xampp\htdocs\gighz\system\BaseModel.php on line 1872
[Method: POST, Route: compensation-request]
in SYSTEMPATH\BaseModel.php on line 1761.
 1 SYSTEMPATH\BaseModel.php(1872): CodeIgniter\BaseModel->timeToString(1)
 2 SYSTEMPATH\BaseModel.php(996): CodeIgniter\BaseModel->transformDataToArray(1, 'update')
 3 SYSTEMPATH\Model.php(863): CodeIgniter\BaseModel->update([...], 1)
 4 APPPATH\Controllers\CompensationController.php(71): CodeIgniter\Model->update('compensation', 1)
 5 SYSTEMPATH\CodeIgniter.php(933): App\Controllers\CompensationController->applyCompensation()
 6 SYSTEMPATH\CodeIgniter.php(509): CodeIgniter\CodeIgniter->runController(Object(App\Controllers\CompensationController))
 7 SYSTEMPATH\CodeIgniter.php(355): CodeIgniter\CodeIgniter->handleRequest(null, Object(Config\Cache), false)
 8 SYSTEMPATH\Boot.php(334): CodeIgniter\CodeIgniter->run()
 9 SYSTEMPATH\Boot.php(67): CodeIgniter\Boot::runCodeIgniter(Object(CodeIgniter\CodeIgniter))
10 FCPATH\index.php(56): CodeIgniter\Boot::bootWeb(Object(Config\Paths))
11 SYSTEMPATH\rewrite.php(44): require_once('C:\\xampp\\htdocs\\gighz\\public\\index.php')
DEBUG - 2025-04-28 12:46:18 --> User IP: ::1
DEBUG - 2025-04-28 12:46:18 --> Session: Class initialized using 'CodeIgniter\Session\Handlers\FileHandler' driver.
CRITICAL - 2025-04-28 12:46:18 --> CodeIgniter\Database\Exceptions\DataException: There is no data to update.
[Method: POST, Route: compensation-request]
in SYSTEMPATH\BaseModel.php on line 1830.
 1 SYSTEMPATH\BaseModel.php(1830): CodeIgniter\Database\Exceptions\DataException::forEmptyDataset('update')
 2 SYSTEMPATH\BaseModel.php(996): CodeIgniter\BaseModel->transformDataToArray(null, 'update')
 3 SYSTEMPATH\Model.php(863): CodeIgniter\BaseModel->update([...], null)
 4 APPPATH\Controllers\CompensationController.php(71): CodeIgniter\Model->update([...])
 5 SYSTEMPATH\CodeIgniter.php(933): App\Controllers\CompensationController->applyCompensation()
 6 SYSTEMPATH\CodeIgniter.php(509): CodeIgniter\CodeIgniter->runController(Object(App\Controllers\CompensationController))
 7 SYSTEMPATH\CodeIgniter.php(355): CodeIgniter\CodeIgniter->handleRequest(null, Object(Config\Cache), false)
 8 SYSTEMPATH\Boot.php(334): CodeIgniter\CodeIgniter->run()
 9 SYSTEMPATH\Boot.php(67): CodeIgniter\Boot::runCodeIgniter(Object(CodeIgniter\CodeIgniter))
10 FCPATH\index.php(56): CodeIgniter\Boot::bootWeb(Object(Config\Paths))
11 SYSTEMPATH\rewrite.php(44): require_once('C:\\xampp\\htdocs\\gighz\\public\\index.php')
DEBUG - 2025-04-28 12:47:28 --> User IP: ::1
DEBUG - 2025-04-28 12:47:29 --> Session: Class initialized using 'CodeIgniter\Session\Handlers\FileHandler' driver.
DEBUG - 2025-04-28 12:47:31 --> User IP: ::1
DEBUG - 2025-04-28 12:47:31 --> Session: Class initialized using 'CodeIgniter\Session\Handlers\FileHandler' driver.
DEBUG - 2025-04-28 12:47:33 --> User IP: ::1
DEBUG - 2025-04-28 12:47:33 --> Session: Class initialized using 'CodeIgniter\Session\Handlers\FileHandler' driver.
DEBUG - 2025-04-28 12:47:44 --> User IP: ::1
DEBUG - 2025-04-28 12:47:44 --> Session: Class initialized using 'CodeIgniter\Session\Handlers\FileHandler' driver.
CRITICAL - 2025-04-28 12:47:44 --> CodeIgniter\Database\Exceptions\DataException: There is no data to update.
[Method: POST, Route: compensation-request]
in SYSTEMPATH\BaseModel.php on line 1830.
 1 SYSTEMPATH\BaseModel.php(1830): CodeIgniter\Database\Exceptions\DataException::forEmptyDataset('update')
 2 SYSTEMPATH\BaseModel.php(996): CodeIgniter\BaseModel->transformDataToArray(null, 'update')
 3 SYSTEMPATH\Model.php(863): CodeIgniter\BaseModel->update([...], null)
 4 APPPATH\Controllers\CompensationController.php(71): CodeIgniter\Model->update([...])
 5 SYSTEMPATH\CodeIgniter.php(933): App\Controllers\CompensationController->applyCompensation()
 6 SYSTEMPATH\CodeIgniter.php(509): CodeIgniter\CodeIgniter->runController(Object(App\Controllers\CompensationController))
 7 SYSTEMPATH\CodeIgniter.php(355): CodeIgniter\CodeIgniter->handleRequest(null, Object(Config\Cache), false)
 8 SYSTEMPATH\Boot.php(334): CodeIgniter\CodeIgniter->run()
 9 SYSTEMPATH\Boot.php(67): CodeIgniter\Boot::runCodeIgniter(Object(CodeIgniter\CodeIgniter))
10 FCPATH\index.php(56): CodeIgniter\Boot::bootWeb(Object(Config\Paths))
11 SYSTEMPATH\rewrite.php(44): require_once('C:\\xampp\\htdocs\\gighz\\public\\index.php')
DEBUG - 2025-04-28 12:48:25 --> User IP: ::1
DEBUG - 2025-04-28 12:48:25 --> Session: Class initialized using 'CodeIgniter\Session\Handlers\FileHandler' driver.
DEBUG - 2025-04-28 12:48:31 --> User IP: ::1
DEBUG - 2025-04-28 12:48:31 --> Session: Class initialized using 'CodeIgniter\Session\Handlers\FileHandler' driver.
DEBUG - 2025-04-28 12:48:31 --> User IP: ::1
DEBUG - 2025-04-28 12:48:31 --> Session: Class initialized using 'CodeIgniter\Session\Handlers\FileHandler' driver.
DEBUG - 2025-04-28 12:49:52 --> User IP: ::1
DEBUG - 2025-04-28 12:49:52 --> Session: Class initialized using 'CodeIgniter\Session\Handlers\FileHandler' driver.
CRITICAL - 2025-04-28 12:49:52 --> CodeIgniter\Database\Exceptions\DataException: There is no data to update.
[Method: POST, Route: compensation-request]
in SYSTEMPATH\BaseModel.php on line 1830.
 1 SYSTEMPATH\BaseModel.php(1830): CodeIgniter\Database\Exceptions\DataException::forEmptyDataset('update')
 2 SYSTEMPATH\BaseModel.php(996): CodeIgniter\BaseModel->transformDataToArray(null, 'update')
 3 SYSTEMPATH\Model.php(863): CodeIgniter\BaseModel->update([...], null)
 4 APPPATH\Controllers\CompensationController.php(71): CodeIgniter\Model->update([...])
 5 SYSTEMPATH\CodeIgniter.php(933): App\Controllers\CompensationController->applyCompensation()
 6 SYSTEMPATH\CodeIgniter.php(509): CodeIgniter\CodeIgniter->runController(Object(App\Controllers\CompensationController))
 7 SYSTEMPATH\CodeIgniter.php(355): CodeIgniter\CodeIgniter->handleRequest(null, Object(Config\Cache), false)
 8 SYSTEMPATH\Boot.php(334): CodeIgniter\CodeIgniter->run()
 9 SYSTEMPATH\Boot.php(67): CodeIgniter\Boot::runCodeIgniter(Object(CodeIgniter\CodeIgniter))
10 FCPATH\index.php(56): CodeIgniter\Boot::bootWeb(Object(Config\Paths))
11 SYSTEMPATH\rewrite.php(44): require_once('C:\\xampp\\htdocs\\gighz\\public\\index.php')
DEBUG - 2025-04-28 12:50:44 --> User IP: ::1
DEBUG - 2025-04-28 12:50:44 --> Session: Class initialized using 'CodeIgniter\Session\Handlers\FileHandler' driver.
DEBUG - 2025-04-28 12:50:45 --> User IP: ::1
DEBUG - 2025-04-28 12:50:45 --> Session: Class initialized using 'CodeIgniter\Session\Handlers\FileHandler' driver.
DEBUG - 2025-04-28 12:55:09 --> User IP: ::1
DEBUG - 2025-04-28 12:55:09 --> Session: Class initialized using 'CodeIgniter\Session\Handlers\FileHandler' driver.
DEBUG - 2025-04-28 12:55:23 --> User IP: ::1
DEBUG - 2025-04-28 12:55:23 --> Session: Class initialized using 'CodeIgniter\Session\Handlers\FileHandler' driver.
CRITICAL - 2025-04-28 12:55:23 --> ErrorException: Undefined array key "compensation"
[Method: POST, Route: compensation-request]
in APPPATH\Controllers\CompensationController.php on line 60.
 1 APPPATH\Controllers\CompensationController.php(60): CodeIgniter\Debug\Exceptions->errorHandler(2, 'Undefined array key "compensation"', 'C:\\xampp\\htdocs\\gighz\\app\\Controllers\\CompensationController.php', 60)
 2 SYSTEMPATH\CodeIgniter.php(933): App\Controllers\CompensationController->applyCompensation()
 3 SYSTEMPATH\CodeIgniter.php(509): CodeIgniter\CodeIgniter->runController(Object(App\Controllers\CompensationController))
 4 SYSTEMPATH\CodeIgniter.php(355): CodeIgniter\CodeIgniter->handleRequest(null, Object(Config\Cache), false)
 5 SYSTEMPATH\Boot.php(334): CodeIgniter\CodeIgniter->run()
 6 SYSTEMPATH\Boot.php(67): CodeIgniter\Boot::runCodeIgniter(Object(CodeIgniter\CodeIgniter))
 7 FCPATH\index.php(56): CodeIgniter\Boot::bootWeb(Object(Config\Paths))
 8 SYSTEMPATH\rewrite.php(44): require_once('C:\\xampp\\htdocs\\gighz\\public\\index.php')
DEBUG - 2025-04-28 12:56:47 --> User IP: ::1
DEBUG - 2025-04-28 12:56:47 --> Session: Class initialized using 'CodeIgniter\Session\Handlers\FileHandler' driver.
CRITICAL - 2025-04-28 12:56:47 --> ErrorException: Array to string conversion
[Method: POST, Route: compensation-request]
in APPPATH\Controllers\CompensationController.php on line 63.
 1 APPPATH\Controllers\CompensationController.php(63): CodeIgniter\Debug\Exceptions->errorHandler(2, 'Array to string conversion', 'C:\\xampp\\htdocs\\gighz\\app\\Controllers\\CompensationController.php', 63)
 2 SYSTEMPATH\CodeIgniter.php(933): App\Controllers\CompensationController->applyCompensation()
 3 SYSTEMPATH\CodeIgniter.php(509): CodeIgniter\CodeIgniter->runController(Object(App\Controllers\CompensationController))
 4 SYSTEMPATH\CodeIgniter.php(355): CodeIgniter\CodeIgniter->handleRequest(null, Object(Config\Cache), false)
 5 SYSTEMPATH\Boot.php(334): CodeIgniter\CodeIgniter->run()
 6 SYSTEMPATH\Boot.php(67): CodeIgniter\Boot::runCodeIgniter(Object(CodeIgniter\CodeIgniter))
 7 FCPATH\index.php(56): CodeIgniter\Boot::bootWeb(Object(Config\Paths))
 8 SYSTEMPATH\rewrite.php(44): require_once('C:\\xampp\\htdocs\\gighz\\public\\index.php')
DEBUG - 2025-04-28 12:57:01 --> User IP: ::1
DEBUG - 2025-04-28 12:57:01 --> Session: Class initialized using 'CodeIgniter\Session\Handlers\FileHandler' driver.
DEBUG - 2025-04-28 12:57:01 --> User IP: ::1
DEBUG - 2025-04-28 12:57:01 --> Session: Class initialized using 'CodeIgniter\Session\Handlers\FileHandler' driver.
