DEBUG - 2025-03-29 04:04:35 --> User IP: ::1
DEBUG - 2025-03-29 04:04:35 --> Session: Class initialized using 'CodeIgniter\Session\Handlers\FileHandler' driver.
DEBUG - 2025-03-29 04:08:14 --> User IP: ::1
DEBUG - 2025-03-29 04:08:14 --> Session: Class initialized using 'CodeIgniter\Session\Handlers\FileHandler' driver.
DEBUG - 2025-03-29 04:08:14 --> User IP: ::1
DEBUG - 2025-03-29 04:08:14 --> Session: Class initialized using 'CodeIgniter\Session\Handlers\FileHandler' driver.
DEBUG - 2025-03-29 04:12:44 --> User IP: ::1
DEBUG - 2025-03-29 04:12:44 --> Session: Class initialized using 'CodeIgniter\Session\Handlers\FileHandler' driver.
DEBUG - 2025-03-29 04:15:28 --> User IP: ::1
DEBUG - 2025-03-29 04:15:28 --> Session: Class initialized using 'CodeIgniter\Session\Handlers\FileHandler' driver.
DEBUG - 2025-03-29 04:15:30 --> User IP: ::1
DEBUG - 2025-03-29 04:15:30 --> Session: Class initialized using 'CodeIgniter\Session\Handlers\FileHandler' driver.
DEBUG - 2025-03-29 04:15:31 --> User IP: ::1
DEBUG - 2025-03-29 04:15:31 --> Session: Class initialized using 'CodeIgniter\Session\Handlers\FileHandler' driver.
DEBUG - 2025-03-29 04:15:38 --> User IP: ::1
DEBUG - 2025-03-29 04:15:38 --> Session: Class initialized using 'CodeIgniter\Session\Handlers\FileHandler' driver.
DEBUG - 2025-03-29 04:15:41 --> User IP: ::1
DEBUG - 2025-03-29 04:15:41 --> Session: Class initialized using 'CodeIgniter\Session\Handlers\FileHandler' driver.
DEBUG - 2025-03-29 04:16:18 --> User IP: ::1
DEBUG - 2025-03-29 04:16:18 --> Session: Class initialized using 'CodeIgniter\Session\Handlers\FileHandler' driver.
DEBUG - 2025-03-29 04:19:54 --> User IP: ::1
DEBUG - 2025-03-29 04:19:54 --> Session: Class initialized using 'CodeIgniter\Session\Handlers\FileHandler' driver.
DEBUG - 2025-03-29 04:21:59 --> User IP: ::1
DEBUG - 2025-03-29 04:21:59 --> Session: Class initialized using 'CodeIgniter\Session\Handlers\FileHandler' driver.
DEBUG - 2025-03-29 04:22:25 --> User IP: ::1
DEBUG - 2025-03-29 04:22:25 --> Session: Class initialized using 'CodeIgniter\Session\Handlers\FileHandler' driver.
DEBUG - 2025-03-29 04:22:26 --> User IP: ::1
DEBUG - 2025-03-29 04:22:26 --> Session: Class initialized using 'CodeIgniter\Session\Handlers\FileHandler' driver.
DEBUG - 2025-03-29 04:22:27 --> User IP: ::1
DEBUG - 2025-03-29 04:22:27 --> Session: Class initialized using 'CodeIgniter\Session\Handlers\FileHandler' driver.
DEBUG - 2025-03-29 04:22:59 --> User IP: ::1
DEBUG - 2025-03-29 04:22:59 --> Session: Class initialized using 'CodeIgniter\Session\Handlers\FileHandler' driver.
DEBUG - 2025-03-29 04:23:00 --> User IP: ::1
DEBUG - 2025-03-29 04:23:00 --> Session: Class initialized using 'CodeIgniter\Session\Handlers\FileHandler' driver.
DEBUG - 2025-03-29 04:23:01 --> User IP: ::1
DEBUG - 2025-03-29 04:23:01 --> Session: Class initialized using 'CodeIgniter\Session\Handlers\FileHandler' driver.
DEBUG - 2025-03-29 04:23:09 --> User IP: ::1
DEBUG - 2025-03-29 04:23:09 --> Session: Class initialized using 'CodeIgniter\Session\Handlers\FileHandler' driver.
DEBUG - 2025-03-29 04:23:17 --> User IP: ::1
DEBUG - 2025-03-29 04:23:17 --> Session: Class initialized using 'CodeIgniter\Session\Handlers\FileHandler' driver.
DEBUG - 2025-03-29 04:23:50 --> User IP: ::1
DEBUG - 2025-03-29 04:23:50 --> Session: Class initialized using 'CodeIgniter\Session\Handlers\FileHandler' driver.
DEBUG - 2025-03-29 04:23:51 --> User IP: ::1
DEBUG - 2025-03-29 04:23:51 --> Session: Class initialized using 'CodeIgniter\Session\Handlers\FileHandler' driver.
DEBUG - 2025-03-29 04:23:52 --> User IP: ::1
DEBUG - 2025-03-29 04:23:52 --> Session: Class initialized using 'CodeIgniter\Session\Handlers\FileHandler' driver.
DEBUG - 2025-03-29 04:23:52 --> User IP: ::1
DEBUG - 2025-03-29 04:23:52 --> Session: Class initialized using 'CodeIgniter\Session\Handlers\FileHandler' driver.
DEBUG - 2025-03-29 04:23:52 --> User IP: ::1
DEBUG - 2025-03-29 04:23:52 --> Session: Class initialized using 'CodeIgniter\Session\Handlers\FileHandler' driver.
DEBUG - 2025-03-29 04:23:53 --> User IP: ::1
DEBUG - 2025-03-29 04:23:53 --> Session: Class initialized using 'CodeIgniter\Session\Handlers\FileHandler' driver.
DEBUG - 2025-03-29 04:23:53 --> User IP: ::1
DEBUG - 2025-03-29 04:23:53 --> Session: Class initialized using 'CodeIgniter\Session\Handlers\FileHandler' driver.
DEBUG - 2025-03-29 04:24:19 --> User IP: ::1
DEBUG - 2025-03-29 04:24:19 --> Session: Class initialized using 'CodeIgniter\Session\Handlers\FileHandler' driver.
DEBUG - 2025-03-29 04:24:54 --> User IP: ::1
DEBUG - 2025-03-29 04:24:54 --> Session: Class initialized using 'CodeIgniter\Session\Handlers\FileHandler' driver.
DEBUG - 2025-03-29 04:27:04 --> User IP: ::1
DEBUG - 2025-03-29 04:27:04 --> Session: Class initialized using 'CodeIgniter\Session\Handlers\FileHandler' driver.
DEBUG - 2025-03-29 04:27:50 --> User IP: ::1
DEBUG - 2025-03-29 04:27:50 --> Session: Class initialized using 'CodeIgniter\Session\Handlers\FileHandler' driver.
DEBUG - 2025-03-29 04:29:33 --> User IP: ::1
DEBUG - 2025-03-29 04:29:33 --> Session: Class initialized using 'CodeIgniter\Session\Handlers\FileHandler' driver.
DEBUG - 2025-03-29 04:29:39 --> User IP: ::1
DEBUG - 2025-03-29 04:29:39 --> Session: Class initialized using 'CodeIgniter\Session\Handlers\FileHandler' driver.
DEBUG - 2025-03-29 04:29:41 --> User IP: ::1
DEBUG - 2025-03-29 04:29:41 --> Session: Class initialized using 'CodeIgniter\Session\Handlers\FileHandler' driver.
DEBUG - 2025-03-29 04:29:53 --> User IP: ::1
DEBUG - 2025-03-29 04:29:53 --> Session: Class initialized using 'CodeIgniter\Session\Handlers\FileHandler' driver.
DEBUG - 2025-03-29 04:30:59 --> User IP: ::1
DEBUG - 2025-03-29 04:30:59 --> Session: Class initialized using 'CodeIgniter\Session\Handlers\FileHandler' driver.
DEBUG - 2025-03-29 04:31:03 --> User IP: ::1
DEBUG - 2025-03-29 04:31:03 --> Session: Class initialized using 'CodeIgniter\Session\Handlers\FileHandler' driver.
DEBUG - 2025-03-29 05:59:29 --> User IP: ::1
DEBUG - 2025-03-29 05:59:29 --> Session: Class initialized using 'CodeIgniter\Session\Handlers\FileHandler' driver.
DEBUG - 2025-03-29 05:59:43 --> User IP: ::1
DEBUG - 2025-03-29 05:59:43 --> Session: Class initialized using 'CodeIgniter\Session\Handlers\FileHandler' driver.
DEBUG - 2025-03-29 05:59:59 --> User IP: ::1
DEBUG - 2025-03-29 05:59:59 --> Session: Class initialized using 'CodeIgniter\Session\Handlers\FileHandler' driver.
DEBUG - 2025-03-29 06:00:20 --> User IP: ::1
DEBUG - 2025-03-29 06:00:20 --> Session: Class initialized using 'CodeIgniter\Session\Handlers\FileHandler' driver.
DEBUG - 2025-03-29 06:00:34 --> User IP: ::1
DEBUG - 2025-03-29 06:00:34 --> Session: Class initialized using 'CodeIgniter\Session\Handlers\FileHandler' driver.
DEBUG - 2025-03-29 06:00:36 --> User IP: ::1
DEBUG - 2025-03-29 06:00:36 --> Session: Class initialized using 'CodeIgniter\Session\Handlers\FileHandler' driver.
DEBUG - 2025-03-29 06:00:43 --> User IP: ::1
DEBUG - 2025-03-29 06:00:43 --> Session: Class initialized using 'CodeIgniter\Session\Handlers\FileHandler' driver.
DEBUG - 2025-03-29 06:00:44 --> User IP: ::1
DEBUG - 2025-03-29 06:00:44 --> Session: Class initialized using 'CodeIgniter\Session\Handlers\FileHandler' driver.
DEBUG - 2025-03-29 06:01:45 --> User IP: ::1
DEBUG - 2025-03-29 06:01:45 --> Session: Class initialized using 'CodeIgniter\Session\Handlers\FileHandler' driver.
DEBUG - 2025-03-29 06:02:45 --> User IP: ::1
DEBUG - 2025-03-29 06:02:45 --> Session: Class initialized using 'CodeIgniter\Session\Handlers\FileHandler' driver.
DEBUG - 2025-03-29 06:04:03 --> User IP: ::1
DEBUG - 2025-03-29 06:04:03 --> Session: Class initialized using 'CodeIgniter\Session\Handlers\FileHandler' driver.
DEBUG - 2025-03-29 06:04:21 --> User IP: ::1
DEBUG - 2025-03-29 06:04:21 --> Session: Class initialized using 'CodeIgniter\Session\Handlers\FileHandler' driver.
DEBUG - 2025-03-29 06:04:39 --> User IP: ::1
DEBUG - 2025-03-29 06:04:39 --> Session: Class initialized using 'CodeIgniter\Session\Handlers\FileHandler' driver.
DEBUG - 2025-03-29 06:04:50 --> User IP: ::1
DEBUG - 2025-03-29 06:04:50 --> Session: Class initialized using 'CodeIgniter\Session\Handlers\FileHandler' driver.
DEBUG - 2025-03-29 06:05:08 --> User IP: ::1
DEBUG - 2025-03-29 06:05:08 --> Session: Class initialized using 'CodeIgniter\Session\Handlers\FileHandler' driver.
DEBUG - 2025-03-29 06:06:04 --> User IP: ::1
DEBUG - 2025-03-29 06:06:04 --> Session: Class initialized using 'CodeIgniter\Session\Handlers\FileHandler' driver.
DEBUG - 2025-03-29 06:06:14 --> User IP: ::1
DEBUG - 2025-03-29 06:06:14 --> Session: Class initialized using 'CodeIgniter\Session\Handlers\FileHandler' driver.
DEBUG - 2025-03-29 06:06:25 --> User IP: ::1
DEBUG - 2025-03-29 06:06:25 --> Session: Class initialized using 'CodeIgniter\Session\Handlers\FileHandler' driver.
DEBUG - 2025-03-29 06:06:27 --> User IP: ::1
DEBUG - 2025-03-29 06:06:27 --> Session: Class initialized using 'CodeIgniter\Session\Handlers\FileHandler' driver.
DEBUG - 2025-03-29 06:06:39 --> User IP: ::1
DEBUG - 2025-03-29 06:06:39 --> Session: Class initialized using 'CodeIgniter\Session\Handlers\FileHandler' driver.
DEBUG - 2025-03-29 06:06:40 --> User IP: ::1
DEBUG - 2025-03-29 06:06:40 --> Session: Class initialized using 'CodeIgniter\Session\Handlers\FileHandler' driver.
DEBUG - 2025-03-29 06:06:41 --> User IP: ::1
DEBUG - 2025-03-29 06:06:41 --> Session: Class initialized using 'CodeIgniter\Session\Handlers\FileHandler' driver.
DEBUG - 2025-03-29 06:06:46 --> User IP: ::1
DEBUG - 2025-03-29 06:06:46 --> Session: Class initialized using 'CodeIgniter\Session\Handlers\FileHandler' driver.
DEBUG - 2025-03-29 06:06:47 --> User IP: ::1
DEBUG - 2025-03-29 06:06:47 --> Session: Class initialized using 'CodeIgniter\Session\Handlers\FileHandler' driver.
DEBUG - 2025-03-29 06:06:47 --> User IP: ::1
DEBUG - 2025-03-29 06:06:47 --> Session: Class initialized using 'CodeIgniter\Session\Handlers\FileHandler' driver.
DEBUG - 2025-03-29 06:06:48 --> User IP: ::1
DEBUG - 2025-03-29 06:06:48 --> Session: Class initialized using 'CodeIgniter\Session\Handlers\FileHandler' driver.
DEBUG - 2025-03-29 06:06:48 --> User IP: ::1
DEBUG - 2025-03-29 06:06:48 --> Session: Class initialized using 'CodeIgniter\Session\Handlers\FileHandler' driver.
DEBUG - 2025-03-29 06:06:48 --> User IP: ::1
DEBUG - 2025-03-29 06:06:48 --> Session: Class initialized using 'CodeIgniter\Session\Handlers\FileHandler' driver.
DEBUG - 2025-03-29 06:06:53 --> User IP: ::1
DEBUG - 2025-03-29 06:06:53 --> Session: Class initialized using 'CodeIgniter\Session\Handlers\FileHandler' driver.
DEBUG - 2025-03-29 06:06:54 --> User IP: ::1
DEBUG - 2025-03-29 06:06:54 --> Session: Class initialized using 'CodeIgniter\Session\Handlers\FileHandler' driver.
DEBUG - 2025-03-29 06:07:04 --> User IP: ::1
DEBUG - 2025-03-29 06:07:04 --> Session: Class initialized using 'CodeIgniter\Session\Handlers\FileHandler' driver.
DEBUG - 2025-03-29 06:07:14 --> User IP: ::1
DEBUG - 2025-03-29 06:07:14 --> Session: Class initialized using 'CodeIgniter\Session\Handlers\FileHandler' driver.
DEBUG - 2025-03-29 06:07:20 --> User IP: ::1
DEBUG - 2025-03-29 06:07:20 --> Session: Class initialized using 'CodeIgniter\Session\Handlers\FileHandler' driver.
DEBUG - 2025-03-29 06:07:53 --> User IP: ::1
DEBUG - 2025-03-29 06:07:53 --> Session: Class initialized using 'CodeIgniter\Session\Handlers\FileHandler' driver.
DEBUG - 2025-03-29 06:09:43 --> User IP: ::1
DEBUG - 2025-03-29 06:09:43 --> Session: Class initialized using 'CodeIgniter\Session\Handlers\FileHandler' driver.
DEBUG - 2025-03-29 06:10:29 --> User IP: ::1
DEBUG - 2025-03-29 06:10:29 --> Session: Class initialized using 'CodeIgniter\Session\Handlers\FileHandler' driver.
DEBUG - 2025-03-29 06:11:07 --> User IP: ::1
DEBUG - 2025-03-29 06:11:07 --> Session: Class initialized using 'CodeIgniter\Session\Handlers\FileHandler' driver.
DEBUG - 2025-03-29 06:13:18 --> User IP: ::1
DEBUG - 2025-03-29 06:13:18 --> Session: Class initialized using 'CodeIgniter\Session\Handlers\FileHandler' driver.
DEBUG - 2025-03-29 06:13:22 --> User IP: ::1
DEBUG - 2025-03-29 06:13:22 --> Session: Class initialized using 'CodeIgniter\Session\Handlers\FileHandler' driver.
DEBUG - 2025-03-29 06:32:20 --> User IP: ::1
DEBUG - 2025-03-29 06:32:20 --> Session: Class initialized using 'CodeIgniter\Session\Handlers\FileHandler' driver.
DEBUG - 2025-03-29 06:54:34 --> User IP: ::1
DEBUG - 2025-03-29 06:57:40 --> User IP: ::1
CRITICAL - 2025-03-29 06:57:40 --> Error: Object of class DateTime could not be converted to string
[Method: GET, Route: demo]
in APPPATH\Controllers\Dashboard.php on line 51.
 1 SYSTEMPATH\CodeIgniter.php(933): App\Controllers\Dashboard->demo()
 2 SYSTEMPATH\CodeIgniter.php(509): CodeIgniter\CodeIgniter->runController(Object(App\Controllers\Dashboard))
 3 SYSTEMPATH\CodeIgniter.php(355): CodeIgniter\CodeIgniter->handleRequest(null, Object(Config\Cache), false)
 4 SYSTEMPATH\Boot.php(334): CodeIgniter\CodeIgniter->run()
 5 SYSTEMPATH\Boot.php(67): CodeIgniter\Boot::runCodeIgniter(Object(CodeIgniter\CodeIgniter))
 6 FCPATH\index.php(56): CodeIgniter\Boot::bootWeb(Object(Config\Paths))
 7 SYSTEMPATH\rewrite.php(44): require_once('C:\\xampp\\htdocs\\gighz\\public\\index.php')
DEBUG - 2025-03-29 07:29:48 --> User IP: ::1
DEBUG - 2025-03-29 07:29:48 --> Session: Class initialized using 'CodeIgniter\Session\Handlers\FileHandler' driver.
DEBUG - 2025-03-29 08:56:53 --> User IP: ::1
DEBUG - 2025-03-29 08:56:53 --> Session: Class initialized using 'CodeIgniter\Session\Handlers\FileHandler' driver.
DEBUG - 2025-03-29 09:21:25 --> User IP: ::1
DEBUG - 2025-03-29 09:21:25 --> Session: Class initialized using 'CodeIgniter\Session\Handlers\FileHandler' driver.
DEBUG - 2025-03-29 09:21:27 --> User IP: ::1
DEBUG - 2025-03-29 09:21:27 --> Session: Class initialized using 'CodeIgniter\Session\Handlers\FileHandler' driver.
DEBUG - 2025-03-29 09:39:01 --> User IP: ::1
DEBUG - 2025-03-29 09:39:02 --> Session: Class initialized using 'CodeIgniter\Session\Handlers\FileHandler' driver.
DEBUG - 2025-03-29 09:39:15 --> User IP: ::1
DEBUG - 2025-03-29 09:39:19 --> User IP: ::1
DEBUG - 2025-03-29 09:39:20 --> User IP: ::1
DEBUG - 2025-03-29 09:39:21 --> User IP: ::1
DEBUG - 2025-03-29 09:39:21 --> Session: Class initialized using 'CodeIgniter\Session\Handlers\FileHandler' driver.
DEBUG - 2025-03-29 09:39:52 --> User IP: ::1
DEBUG - 2025-03-29 09:39:52 --> Session: Class initialized using 'CodeIgniter\Session\Handlers\FileHandler' driver.
CRITICAL - 2025-03-29 09:40:52 --> ErrorException: Maximum execution time of 60 seconds exceeded
[Method: GET, Route: dashboard]
in SYSTEMPATH\Database\MySQLi\Connection.php on line 312.
 1 [internal function]: CodeIgniter\Debug\Exceptions->shutdownHandler()
DEBUG - 2025-03-29 09:42:41 --> User IP: ::1
DEBUG - 2025-03-29 09:42:41 --> Session: Class initialized using 'CodeIgniter\Session\Handlers\FileHandler' driver.
CRITICAL - 2025-03-29 09:43:41 --> ErrorException: Maximum execution time of 60 seconds exceeded
[Method: GET, Route: dashboard]
in SYSTEMPATH\Database\MySQLi\Connection.php on line 312.
 1 [internal function]: CodeIgniter\Debug\Exceptions->shutdownHandler()
DEBUG - 2025-03-29 10:08:01 --> User IP: ::1
DEBUG - 2025-03-29 10:08:01 --> Session: Class initialized using 'CodeIgniter\Session\Handlers\FileHandler' driver.
CRITICAL - 2025-03-29 10:09:01 --> ErrorException: Maximum execution time of 60 seconds exceeded
[Method: GET, Route: dashboard]
in SYSTEMPATH\Database\BaseConnection.php on line 930.
 1 [internal function]: CodeIgniter\Debug\Exceptions->shutdownHandler()
DEBUG - 2025-03-29 10:11:45 --> User IP: ::1
DEBUG - 2025-03-29 10:12:18 --> User IP: ::1
DEBUG - 2025-03-29 10:12:27 --> User IP: ::1
DEBUG - 2025-03-29 10:12:38 --> User IP: ::1
DEBUG - 2025-03-29 10:18:06 --> User IP: ::1
DEBUG - 2025-03-29 10:18:23 --> User IP: ::1
DEBUG - 2025-03-29 10:18:30 --> User IP: ::1
DEBUG - 2025-03-29 10:18:38 --> User IP: ::1
DEBUG - 2025-03-29 10:18:53 --> User IP: ::1
DEBUG - 2025-03-29 10:18:58 --> User IP: ::1
DEBUG - 2025-03-29 10:21:20 --> User IP: ::1
CRITICAL - 2025-03-29 10:22:19 --> ErrorException: Maximum execution time of 60 seconds exceeded
[Method: GET, Route: demo]
in SYSTEMPATH\Database\BaseBuilder.php on line 3146.
 1 [internal function]: CodeIgniter\Debug\Exceptions->shutdownHandler()
DEBUG - 2025-03-29 10:22:20 --> User IP: ::1
DEBUG - 2025-03-29 10:22:20 --> User IP: ::1
DEBUG - 2025-03-29 10:22:20 --> User IP: ::1
DEBUG - 2025-03-29 10:32:50 --> User IP: ::1
CRITICAL - 2025-03-29 10:32:50 --> ErrorException: Cannot use [] for reading
[Method: GET, Route: demo]
in APPPATH\Models\AttendanceModel.php on line 408.
 1 [internal function]: CodeIgniter\Debug\Exceptions->shutdownHandler()
DEBUG - 2025-03-29 10:32:59 --> User IP: ::1
DEBUG - 2025-03-29 10:36:37 --> User IP: ::1
DEBUG - 2025-03-29 10:37:05 --> User IP: ::1
CRITICAL - 2025-03-29 10:37:06 --> ErrorException: Undefined array key "03"
[Method: GET, Route: demo]
in APPPATH\Controllers\Dashboard.php on line 48.
 1 APPPATH\Controllers\Dashboard.php(48): CodeIgniter\Debug\Exceptions->errorHandler(2, 'Undefined array key "03"', 'C:\\xampp\\htdocs\\gighz\\app\\Controllers\\Dashboard.php', 48)
 2 SYSTEMPATH\CodeIgniter.php(933): App\Controllers\Dashboard->demo()
 3 SYSTEMPATH\CodeIgniter.php(509): CodeIgniter\CodeIgniter->runController(Object(App\Controllers\Dashboard))
 4 SYSTEMPATH\CodeIgniter.php(355): CodeIgniter\CodeIgniter->handleRequest(null, Object(Config\Cache), false)
 5 SYSTEMPATH\Boot.php(334): CodeIgniter\CodeIgniter->run()
 6 SYSTEMPATH\Boot.php(67): CodeIgniter\Boot::runCodeIgniter(Object(CodeIgniter\CodeIgniter))
 7 FCPATH\index.php(56): CodeIgniter\Boot::bootWeb(Object(Config\Paths))
 8 SYSTEMPATH\rewrite.php(44): require_once('C:\\xampp\\htdocs\\gighz\\public\\index.php')
DEBUG - 2025-03-29 10:37:30 --> User IP: ::1
CRITICAL - 2025-03-29 10:37:30 --> ErrorException: Undefined array key "2025-03-25"
[Method: GET, Route: demo]
in APPPATH\Controllers\Dashboard.php on line 48.
 1 APPPATH\Controllers\Dashboard.php(48): CodeIgniter\Debug\Exceptions->errorHandler(2, 'Undefined array key "2025-03-25"', 'C:\\xampp\\htdocs\\gighz\\app\\Controllers\\Dashboard.php', 48)
 2 SYSTEMPATH\CodeIgniter.php(933): App\Controllers\Dashboard->demo()
 3 SYSTEMPATH\CodeIgniter.php(509): CodeIgniter\CodeIgniter->runController(Object(App\Controllers\Dashboard))
 4 SYSTEMPATH\CodeIgniter.php(355): CodeIgniter\CodeIgniter->handleRequest(null, Object(Config\Cache), false)
 5 SYSTEMPATH\Boot.php(334): CodeIgniter\CodeIgniter->run()
 6 SYSTEMPATH\Boot.php(67): CodeIgniter\Boot::runCodeIgniter(Object(CodeIgniter\CodeIgniter))
 7 FCPATH\index.php(56): CodeIgniter\Boot::bootWeb(Object(Config\Paths))
 8 SYSTEMPATH\rewrite.php(44): require_once('C:\\xampp\\htdocs\\gighz\\public\\index.php')
DEBUG - 2025-03-29 10:37:31 --> User IP: ::1
CRITICAL - 2025-03-29 10:37:31 --> ErrorException: Undefined array key "2025-03-25"
[Method: GET, Route: demo]
in APPPATH\Controllers\Dashboard.php on line 48.
 1 APPPATH\Controllers\Dashboard.php(48): CodeIgniter\Debug\Exceptions->errorHandler(2, 'Undefined array key "2025-03-25"', 'C:\\xampp\\htdocs\\gighz\\app\\Controllers\\Dashboard.php', 48)
 2 SYSTEMPATH\CodeIgniter.php(933): App\Controllers\Dashboard->demo()
 3 SYSTEMPATH\CodeIgniter.php(509): CodeIgniter\CodeIgniter->runController(Object(App\Controllers\Dashboard))
 4 SYSTEMPATH\CodeIgniter.php(355): CodeIgniter\CodeIgniter->handleRequest(null, Object(Config\Cache), false)
 5 SYSTEMPATH\Boot.php(334): CodeIgniter\CodeIgniter->run()
 6 SYSTEMPATH\Boot.php(67): CodeIgniter\Boot::runCodeIgniter(Object(CodeIgniter\CodeIgniter))
 7 FCPATH\index.php(56): CodeIgniter\Boot::bootWeb(Object(Config\Paths))
 8 SYSTEMPATH\rewrite.php(44): require_once('C:\\xampp\\htdocs\\gighz\\public\\index.php')
DEBUG - 2025-03-29 10:37:53 --> User IP: ::1
CRITICAL - 2025-03-29 10:37:53 --> ErrorException: Undefined array key 2025
[Method: GET, Route: demo]
in APPPATH\Controllers\Dashboard.php on line 48.
 1 APPPATH\Controllers\Dashboard.php(48): CodeIgniter\Debug\Exceptions->errorHandler(2, 'Undefined array key 2025', 'C:\\xampp\\htdocs\\gighz\\app\\Controllers\\Dashboard.php', 48)
 2 SYSTEMPATH\CodeIgniter.php(933): App\Controllers\Dashboard->demo()
 3 SYSTEMPATH\CodeIgniter.php(509): CodeIgniter\CodeIgniter->runController(Object(App\Controllers\Dashboard))
 4 SYSTEMPATH\CodeIgniter.php(355): CodeIgniter\CodeIgniter->handleRequest(null, Object(Config\Cache), false)
 5 SYSTEMPATH\Boot.php(334): CodeIgniter\CodeIgniter->run()
 6 SYSTEMPATH\Boot.php(67): CodeIgniter\Boot::runCodeIgniter(Object(CodeIgniter\CodeIgniter))
 7 FCPATH\index.php(56): CodeIgniter\Boot::bootWeb(Object(Config\Paths))
 8 SYSTEMPATH\rewrite.php(44): require_once('C:\\xampp\\htdocs\\gighz\\public\\index.php')
DEBUG - 2025-03-29 10:38:11 --> User IP: ::1
CRITICAL - 2025-03-29 10:38:11 --> ErrorException: Undefined array key "03"
[Method: GET, Route: demo]
in APPPATH\Controllers\Dashboard.php on line 48.
 1 APPPATH\Controllers\Dashboard.php(48): CodeIgniter\Debug\Exceptions->errorHandler(2, 'Undefined array key "03"', 'C:\\xampp\\htdocs\\gighz\\app\\Controllers\\Dashboard.php', 48)
 2 SYSTEMPATH\CodeIgniter.php(933): App\Controllers\Dashboard->demo()
 3 SYSTEMPATH\CodeIgniter.php(509): CodeIgniter\CodeIgniter->runController(Object(App\Controllers\Dashboard))
 4 SYSTEMPATH\CodeIgniter.php(355): CodeIgniter\CodeIgniter->handleRequest(null, Object(Config\Cache), false)
 5 SYSTEMPATH\Boot.php(334): CodeIgniter\CodeIgniter->run()
 6 SYSTEMPATH\Boot.php(67): CodeIgniter\Boot::runCodeIgniter(Object(CodeIgniter\CodeIgniter))
 7 FCPATH\index.php(56): CodeIgniter\Boot::bootWeb(Object(Config\Paths))
 8 SYSTEMPATH\rewrite.php(44): require_once('C:\\xampp\\htdocs\\gighz\\public\\index.php')
DEBUG - 2025-03-29 10:38:25 --> User IP: ::1
DEBUG - 2025-03-29 10:41:54 --> User IP: ::1
DEBUG - 2025-03-29 10:42:11 --> User IP: ::1
DEBUG - 2025-03-29 10:42:21 --> User IP: ::1
DEBUG - 2025-03-29 10:42:34 --> User IP: ::1
DEBUG - 2025-03-29 10:42:42 --> User IP: ::1
DEBUG - 2025-03-29 10:43:10 --> User IP: ::1
