DEBUG - 2025-08-23 06:41:32 --> Session: Class initialized using 'CodeIgniter\Session\Handlers\FileHandler' driver.
DEBUG - 2025-08-23 06:41:32 --> User IP: ::1
DEBUG - 2025-08-23 06:41:32 --> Session: Class initialized using 'CodeIgniter\Session\Handlers\FileHandler' driver.
DEBUG - 2025-08-23 06:41:32 --> User IP: ::1
DEBUG - 2025-08-23 06:41:35 --> Session: Class initialized using 'CodeIgniter\Session\Handlers\FileHandler' driver.
DEBUG - 2025-08-23 06:41:35 --> User IP: ::1
DEBUG - 2025-08-23 06:41:35 --> Session: Class initialized using 'CodeIgniter\Session\Handlers\FileHandler' driver.
DEBUG - 2025-08-23 06:41:35 --> User IP: ::1
DEBUG - 2025-08-23 06:41:48 --> Session: Class initialized using 'CodeIgniter\Session\Handlers\FileHandler' driver.
DEBUG - 2025-08-23 06:41:48 --> User IP: ::1
DEBUG - 2025-08-23 06:43:07 --> Session: Class initialized using 'CodeIgniter\Session\Handlers\FileHandler' driver.
DEBUG - 2025-08-23 06:43:07 --> User IP: ::1
DEBUG - 2025-08-23 06:43:11 --> Session: Class initialized using 'CodeIgniter\Session\Handlers\FileHandler' driver.
DEBUG - 2025-08-23 06:43:11 --> User IP: ::1
DEBUG - 2025-08-23 06:43:11 --> Session: Class initialized using 'CodeIgniter\Session\Handlers\FileHandler' driver.
DEBUG - 2025-08-23 06:43:11 --> User IP: ::1
DEBUG - 2025-08-23 06:44:14 --> Session: Class initialized using 'CodeIgniter\Session\Handlers\FileHandler' driver.
DEBUG - 2025-08-23 06:44:14 --> User IP: ::1
DEBUG - 2025-08-23 06:44:15 --> Session: Class initialized using 'CodeIgniter\Session\Handlers\FileHandler' driver.
DEBUG - 2025-08-23 06:44:15 --> User IP: ::1
DEBUG - 2025-08-23 06:44:20 --> Session: Class initialized using 'CodeIgniter\Session\Handlers\FileHandler' driver.
DEBUG - 2025-08-23 06:44:20 --> User IP: ::1
DEBUG - 2025-08-23 06:44:48 --> Session: Class initialized using 'CodeIgniter\Session\Handlers\FileHandler' driver.
DEBUG - 2025-08-23 06:44:48 --> User IP: ::1
DEBUG - 2025-08-23 06:44:50 --> Session: Class initialized using 'CodeIgniter\Session\Handlers\FileHandler' driver.
DEBUG - 2025-08-23 06:44:51 --> User IP: ::1
DEBUG - 2025-08-23 06:44:56 --> Session: Class initialized using 'CodeIgniter\Session\Handlers\FileHandler' driver.
DEBUG - 2025-08-23 06:44:56 --> User IP: ::1
DEBUG - 2025-08-23 06:45:18 --> Session: Class initialized using 'CodeIgniter\Session\Handlers\FileHandler' driver.
DEBUG - 2025-08-23 06:45:18 --> User IP: ::1
DEBUG - 2025-08-23 06:45:20 --> Session: Class initialized using 'CodeIgniter\Session\Handlers\FileHandler' driver.
DEBUG - 2025-08-23 06:45:20 --> User IP: ::1
DEBUG - 2025-08-23 06:48:11 --> Session: Class initialized using 'CodeIgniter\Session\Handlers\FileHandler' driver.
DEBUG - 2025-08-23 06:48:11 --> User IP: ::1
DEBUG - 2025-08-23 06:48:16 --> Session: Class initialized using 'CodeIgniter\Session\Handlers\FileHandler' driver.
DEBUG - 2025-08-23 06:48:16 --> User IP: ::1
DEBUG - 2025-08-23 06:48:49 --> Session: Class initialized using 'CodeIgniter\Session\Handlers\FileHandler' driver.
DEBUG - 2025-08-23 06:48:49 --> User IP: ::1
DEBUG - 2025-08-23 06:48:51 --> Session: Class initialized using 'CodeIgniter\Session\Handlers\FileHandler' driver.
DEBUG - 2025-08-23 06:48:51 --> User IP: ::1
DEBUG - 2025-08-23 06:48:56 --> Session: Class initialized using 'CodeIgniter\Session\Handlers\FileHandler' driver.
DEBUG - 2025-08-23 06:48:56 --> User IP: ::1
DEBUG - 2025-08-23 06:48:56 --> Session: Class initialized using 'CodeIgniter\Session\Handlers\FileHandler' driver.
DEBUG - 2025-08-23 06:48:56 --> User IP: ::1
DEBUG - 2025-08-23 06:49:01 --> Session: Class initialized using 'CodeIgniter\Session\Handlers\FileHandler' driver.
DEBUG - 2025-08-23 06:49:01 --> User IP: ::1
DEBUG - 2025-08-23 06:49:04 --> Session: Class initialized using 'CodeIgniter\Session\Handlers\FileHandler' driver.
DEBUG - 2025-08-23 06:49:04 --> User IP: ::1
DEBUG - 2025-08-23 06:49:15 --> Session: Class initialized using 'CodeIgniter\Session\Handlers\FileHandler' driver.
DEBUG - 2025-08-23 06:49:15 --> User IP: ::1
DEBUG - 2025-08-23 06:49:17 --> Session: Class initialized using 'CodeIgniter\Session\Handlers\FileHandler' driver.
DEBUG - 2025-08-23 06:49:17 --> User IP: ::1
DEBUG - 2025-08-23 06:50:46 --> Session: Class initialized using 'CodeIgniter\Session\Handlers\FileHandler' driver.
DEBUG - 2025-08-23 06:50:46 --> User IP: ::1
DEBUG - 2025-08-23 06:50:47 --> Session: Class initialized using 'CodeIgniter\Session\Handlers\FileHandler' driver.
DEBUG - 2025-08-23 06:50:47 --> User IP: ::1
DEBUG - 2025-08-23 06:52:55 --> Session: Class initialized using 'CodeIgniter\Session\Handlers\FileHandler' driver.
DEBUG - 2025-08-23 06:52:55 --> User IP: ::1
DEBUG - 2025-08-23 06:53:17 --> Session: Class initialized using 'CodeIgniter\Session\Handlers\FileHandler' driver.
DEBUG - 2025-08-23 06:53:17 --> User IP: ::1
DEBUG - 2025-08-23 06:53:17 --> Session: Class initialized using 'CodeIgniter\Session\Handlers\FileHandler' driver.
DEBUG - 2025-08-23 06:53:17 --> User IP: ::1
DEBUG - 2025-08-23 06:53:19 --> Session: Class initialized using 'CodeIgniter\Session\Handlers\FileHandler' driver.
DEBUG - 2025-08-23 06:53:19 --> User IP: ::1
DEBUG - 2025-08-23 06:53:19 --> Session: Class initialized using 'CodeIgniter\Session\Handlers\FileHandler' driver.
DEBUG - 2025-08-23 06:53:19 --> User IP: ::1
DEBUG - 2025-08-23 06:53:22 --> Session: Class initialized using 'CodeIgniter\Session\Handlers\FileHandler' driver.
DEBUG - 2025-08-23 06:53:22 --> User IP: ::1
DEBUG - 2025-08-23 06:53:22 --> Session: Class initialized using 'CodeIgniter\Session\Handlers\FileHandler' driver.
DEBUG - 2025-08-23 06:53:22 --> User IP: ::1
DEBUG - 2025-08-23 06:53:52 --> Session: Class initialized using 'CodeIgniter\Session\Handlers\FileHandler' driver.
DEBUG - 2025-08-23 06:53:52 --> User IP: ::1
DEBUG - 2025-08-23 06:53:52 --> Session: Class initialized using 'CodeIgniter\Session\Handlers\FileHandler' driver.
DEBUG - 2025-08-23 06:53:52 --> User IP: ::1
DEBUG - 2025-08-23 06:57:59 --> Session: Class initialized using 'CodeIgniter\Session\Handlers\FileHandler' driver.
DEBUG - 2025-08-23 06:57:59 --> User IP: ::1
DEBUG - 2025-08-23 07:06:12 --> Session: Class initialized using 'CodeIgniter\Session\Handlers\FileHandler' driver.
DEBUG - 2025-08-23 07:06:12 --> User IP: ::1
DEBUG - 2025-08-23 07:06:13 --> Session: Class initialized using 'CodeIgniter\Session\Handlers\FileHandler' driver.
DEBUG - 2025-08-23 07:06:13 --> User IP: ::1
DEBUG - 2025-08-23 07:06:16 --> Session: Class initialized using 'CodeIgniter\Session\Handlers\FileHandler' driver.
DEBUG - 2025-08-23 07:06:16 --> User IP: ::1
DEBUG - 2025-08-23 07:06:16 --> Session: Class initialized using 'CodeIgniter\Session\Handlers\FileHandler' driver.
DEBUG - 2025-08-23 07:06:16 --> User IP: ::1
DEBUG - 2025-08-23 07:08:33 --> Session: Class initialized using 'CodeIgniter\Session\Handlers\FileHandler' driver.
DEBUG - 2025-08-23 07:08:33 --> User IP: ::1
DEBUG - 2025-08-23 07:08:33 --> Session: Class initialized using 'CodeIgniter\Session\Handlers\FileHandler' driver.
DEBUG - 2025-08-23 07:08:33 --> User IP: ::1
DEBUG - 2025-08-23 07:08:35 --> Session: Class initialized using 'CodeIgniter\Session\Handlers\FileHandler' driver.
DEBUG - 2025-08-23 07:08:35 --> User IP: ::1
DEBUG - 2025-08-23 07:08:35 --> Session: Class initialized using 'CodeIgniter\Session\Handlers\FileHandler' driver.
DEBUG - 2025-08-23 07:08:35 --> User IP: ::1
DEBUG - 2025-08-23 07:08:45 --> Session: Class initialized using 'CodeIgniter\Session\Handlers\FileHandler' driver.
DEBUG - 2025-08-23 07:08:45 --> User IP: ::1
DEBUG - 2025-08-23 07:08:45 --> Session: Class initialized using 'CodeIgniter\Session\Handlers\FileHandler' driver.
DEBUG - 2025-08-23 07:08:45 --> User IP: ::1
DEBUG - 2025-08-23 07:08:47 --> Session: Class initialized using 'CodeIgniter\Session\Handlers\FileHandler' driver.
DEBUG - 2025-08-23 07:08:47 --> User IP: ::1
DEBUG - 2025-08-23 07:08:47 --> Session: Class initialized using 'CodeIgniter\Session\Handlers\FileHandler' driver.
DEBUG - 2025-08-23 07:08:47 --> User IP: ::1
DEBUG - 2025-08-23 07:09:04 --> Session: Class initialized using 'CodeIgniter\Session\Handlers\FileHandler' driver.
DEBUG - 2025-08-23 07:09:04 --> User IP: ::1
DEBUG - 2025-08-23 07:09:04 --> Session: Class initialized using 'CodeIgniter\Session\Handlers\FileHandler' driver.
DEBUG - 2025-08-23 07:09:04 --> User IP: ::1
DEBUG - 2025-08-23 07:09:05 --> Session: Class initialized using 'CodeIgniter\Session\Handlers\FileHandler' driver.
DEBUG - 2025-08-23 07:09:06 --> User IP: ::1
DEBUG - 2025-08-23 07:09:06 --> Session: Class initialized using 'CodeIgniter\Session\Handlers\FileHandler' driver.
DEBUG - 2025-08-23 07:09:06 --> User IP: ::1
DEBUG - 2025-08-23 07:09:07 --> Session: Class initialized using 'CodeIgniter\Session\Handlers\FileHandler' driver.
DEBUG - 2025-08-23 07:09:07 --> User IP: ::1
DEBUG - 2025-08-23 07:09:08 --> Session: Class initialized using 'CodeIgniter\Session\Handlers\FileHandler' driver.
DEBUG - 2025-08-23 07:09:08 --> User IP: ::1
DEBUG - 2025-08-23 07:09:08 --> Session: Class initialized using 'CodeIgniter\Session\Handlers\FileHandler' driver.
DEBUG - 2025-08-23 07:09:08 --> User IP: ::1
DEBUG - 2025-08-23 07:09:09 --> Session: Class initialized using 'CodeIgniter\Session\Handlers\FileHandler' driver.
DEBUG - 2025-08-23 07:09:09 --> User IP: ::1
DEBUG - 2025-08-23 07:09:10 --> Session: Class initialized using 'CodeIgniter\Session\Handlers\FileHandler' driver.
DEBUG - 2025-08-23 07:09:10 --> User IP: ::1
DEBUG - 2025-08-23 07:09:10 --> Session: Class initialized using 'CodeIgniter\Session\Handlers\FileHandler' driver.
DEBUG - 2025-08-23 07:09:10 --> User IP: ::1
DEBUG - 2025-08-23 07:09:20 --> Session: Class initialized using 'CodeIgniter\Session\Handlers\FileHandler' driver.
DEBUG - 2025-08-23 07:09:20 --> User IP: ::1
DEBUG - 2025-08-23 07:09:21 --> Session: Class initialized using 'CodeIgniter\Session\Handlers\FileHandler' driver.
DEBUG - 2025-08-23 07:09:21 --> User IP: ::1
DEBUG - 2025-08-23 07:09:23 --> Session: Class initialized using 'CodeIgniter\Session\Handlers\FileHandler' driver.
DEBUG - 2025-08-23 07:09:23 --> User IP: ::1
DEBUG - 2025-08-23 07:09:23 --> Session: Class initialized using 'CodeIgniter\Session\Handlers\FileHandler' driver.
DEBUG - 2025-08-23 07:09:23 --> User IP: ::1
DEBUG - 2025-08-23 07:09:26 --> Session: Class initialized using 'CodeIgniter\Session\Handlers\FileHandler' driver.
DEBUG - 2025-08-23 07:09:26 --> User IP: ::1
DEBUG - 2025-08-23 07:09:26 --> Session: Class initialized using 'CodeIgniter\Session\Handlers\FileHandler' driver.
DEBUG - 2025-08-23 07:09:26 --> User IP: ::1
DEBUG - 2025-08-23 07:09:52 --> Session: Class initialized using 'CodeIgniter\Session\Handlers\FileHandler' driver.
DEBUG - 2025-08-23 07:09:52 --> User IP: ::1
DEBUG - 2025-08-23 07:09:52 --> Session: Class initialized using 'CodeIgniter\Session\Handlers\FileHandler' driver.
DEBUG - 2025-08-23 07:09:52 --> User IP: ::1
DEBUG - 2025-08-23 07:09:55 --> Session: Class initialized using 'CodeIgniter\Session\Handlers\FileHandler' driver.
DEBUG - 2025-08-23 07:09:55 --> User IP: ::1
DEBUG - 2025-08-23 07:09:56 --> Session: Class initialized using 'CodeIgniter\Session\Handlers\FileHandler' driver.
DEBUG - 2025-08-23 07:09:56 --> User IP: ::1
DEBUG - 2025-08-23 07:10:24 --> Session: Class initialized using 'CodeIgniter\Session\Handlers\FileHandler' driver.
DEBUG - 2025-08-23 07:10:24 --> User IP: ::1
DEBUG - 2025-08-23 07:10:25 --> Session: Class initialized using 'CodeIgniter\Session\Handlers\FileHandler' driver.
DEBUG - 2025-08-23 07:10:25 --> User IP: ::1
DEBUG - 2025-08-23 07:10:26 --> Session: Class initialized using 'CodeIgniter\Session\Handlers\FileHandler' driver.
DEBUG - 2025-08-23 07:10:26 --> User IP: ::1
DEBUG - 2025-08-23 07:10:27 --> Session: Class initialized using 'CodeIgniter\Session\Handlers\FileHandler' driver.
DEBUG - 2025-08-23 07:10:27 --> User IP: ::1
DEBUG - 2025-08-23 07:11:23 --> Session: Class initialized using 'CodeIgniter\Session\Handlers\FileHandler' driver.
DEBUG - 2025-08-23 07:11:23 --> User IP: ::1
DEBUG - 2025-08-23 07:11:23 --> Session: Class initialized using 'CodeIgniter\Session\Handlers\FileHandler' driver.
DEBUG - 2025-08-23 07:11:23 --> User IP: ::1
DEBUG - 2025-08-23 07:11:27 --> Session: Class initialized using 'CodeIgniter\Session\Handlers\FileHandler' driver.
DEBUG - 2025-08-23 07:11:27 --> User IP: ::1
DEBUG - 2025-08-23 07:11:27 --> Session: Class initialized using 'CodeIgniter\Session\Handlers\FileHandler' driver.
DEBUG - 2025-08-23 07:11:27 --> User IP: ::1
DEBUG - 2025-08-23 07:11:28 --> Session: Class initialized using 'CodeIgniter\Session\Handlers\FileHandler' driver.
DEBUG - 2025-08-23 07:11:28 --> User IP: ::1
DEBUG - 2025-08-23 07:11:31 --> Session: Class initialized using 'CodeIgniter\Session\Handlers\FileHandler' driver.
DEBUG - 2025-08-23 07:11:31 --> User IP: ::1
DEBUG - 2025-08-23 07:11:31 --> Session: Class initialized using 'CodeIgniter\Session\Handlers\FileHandler' driver.
DEBUG - 2025-08-23 07:11:31 --> User IP: ::1
DEBUG - 2025-08-23 07:11:37 --> Session: Class initialized using 'CodeIgniter\Session\Handlers\FileHandler' driver.
DEBUG - 2025-08-23 07:11:37 --> User IP: ::1
DEBUG - 2025-08-23 07:11:37 --> Session: Class initialized using 'CodeIgniter\Session\Handlers\FileHandler' driver.
DEBUG - 2025-08-23 07:11:37 --> User IP: ::1
DEBUG - 2025-08-23 07:11:37 --> Session: Class initialized using 'CodeIgniter\Session\Handlers\FileHandler' driver.
DEBUG - 2025-08-23 07:11:37 --> User IP: ::1
DEBUG - 2025-08-23 07:11:40 --> Session: Class initialized using 'CodeIgniter\Session\Handlers\FileHandler' driver.
DEBUG - 2025-08-23 07:11:40 --> User IP: ::1
DEBUG - 2025-08-23 07:11:40 --> Session: Class initialized using 'CodeIgniter\Session\Handlers\FileHandler' driver.
DEBUG - 2025-08-23 07:11:40 --> User IP: ::1
DEBUG - 2025-08-23 07:12:08 --> Session: Class initialized using 'CodeIgniter\Session\Handlers\FileHandler' driver.
DEBUG - 2025-08-23 07:12:08 --> User IP: ::1
DEBUG - 2025-08-23 07:12:12 --> Session: Class initialized using 'CodeIgniter\Session\Handlers\FileHandler' driver.
DEBUG - 2025-08-23 07:12:12 --> User IP: ::1
DEBUG - 2025-08-23 07:12:12 --> Session: Class initialized using 'CodeIgniter\Session\Handlers\FileHandler' driver.
DEBUG - 2025-08-23 07:12:12 --> User IP: ::1
DEBUG - 2025-08-23 07:12:15 --> Session: Class initialized using 'CodeIgniter\Session\Handlers\FileHandler' driver.
DEBUG - 2025-08-23 07:12:15 --> User IP: ::1
DEBUG - 2025-08-23 07:12:32 --> Session: Class initialized using 'CodeIgniter\Session\Handlers\FileHandler' driver.
DEBUG - 2025-08-23 07:12:32 --> User IP: ::1
DEBUG - 2025-08-23 07:12:39 --> Session: Class initialized using 'CodeIgniter\Session\Handlers\FileHandler' driver.
DEBUG - 2025-08-23 07:12:39 --> User IP: ::1
DEBUG - 2025-08-23 07:12:43 --> Session: Class initialized using 'CodeIgniter\Session\Handlers\FileHandler' driver.
DEBUG - 2025-08-23 07:12:43 --> User IP: ::1
DEBUG - 2025-08-23 07:12:49 --> Session: Class initialized using 'CodeIgniter\Session\Handlers\FileHandler' driver.
DEBUG - 2025-08-23 07:12:49 --> User IP: ::1
DEBUG - 2025-08-23 07:12:49 --> Session: Class initialized using 'CodeIgniter\Session\Handlers\FileHandler' driver.
DEBUG - 2025-08-23 07:12:49 --> User IP: ::1
DEBUG - 2025-08-23 07:12:58 --> Session: Class initialized using 'CodeIgniter\Session\Handlers\FileHandler' driver.
DEBUG - 2025-08-23 07:12:58 --> User IP: ::1
DEBUG - 2025-08-23 07:12:59 --> Session: Class initialized using 'CodeIgniter\Session\Handlers\FileHandler' driver.
DEBUG - 2025-08-23 07:12:59 --> User IP: ::1
DEBUG - 2025-08-23 07:13:37 --> Session: Class initialized using 'CodeIgniter\Session\Handlers\FileHandler' driver.
DEBUG - 2025-08-23 07:13:37 --> User IP: ::1
DEBUG - 2025-08-23 07:13:37 --> Session: Class initialized using 'CodeIgniter\Session\Handlers\FileHandler' driver.
DEBUG - 2025-08-23 07:13:37 --> User IP: ::1
DEBUG - 2025-08-23 07:13:38 --> Session: Class initialized using 'CodeIgniter\Session\Handlers\FileHandler' driver.
DEBUG - 2025-08-23 07:13:38 --> User IP: ::1
DEBUG - 2025-08-23 07:14:18 --> Session: Class initialized using 'CodeIgniter\Session\Handlers\FileHandler' driver.
DEBUG - 2025-08-23 07:14:18 --> User IP: ::1
DEBUG - 2025-08-23 07:14:18 --> Session: Class initialized using 'CodeIgniter\Session\Handlers\FileHandler' driver.
DEBUG - 2025-08-23 07:14:18 --> User IP: ::1
DEBUG - 2025-08-23 07:14:19 --> Session: Class initialized using 'CodeIgniter\Session\Handlers\FileHandler' driver.
DEBUG - 2025-08-23 07:14:19 --> User IP: ::1
DEBUG - 2025-08-23 07:14:46 --> Session: Class initialized using 'CodeIgniter\Session\Handlers\FileHandler' driver.
DEBUG - 2025-08-23 07:14:46 --> User IP: ::1
DEBUG - 2025-08-23 07:14:46 --> Session: Class initialized using 'CodeIgniter\Session\Handlers\FileHandler' driver.
DEBUG - 2025-08-23 07:14:46 --> User IP: ::1
DEBUG - 2025-08-23 07:14:47 --> Session: Class initialized using 'CodeIgniter\Session\Handlers\FileHandler' driver.
DEBUG - 2025-08-23 07:14:47 --> User IP: ::1
DEBUG - 2025-08-23 07:15:04 --> Session: Class initialized using 'CodeIgniter\Session\Handlers\FileHandler' driver.
DEBUG - 2025-08-23 07:15:04 --> User IP: ::1
DEBUG - 2025-08-23 07:15:04 --> Session: Class initialized using 'CodeIgniter\Session\Handlers\FileHandler' driver.
DEBUG - 2025-08-23 07:15:05 --> User IP: ::1
DEBUG - 2025-08-23 07:15:05 --> Session: Class initialized using 'CodeIgniter\Session\Handlers\FileHandler' driver.
DEBUG - 2025-08-23 07:15:05 --> User IP: ::1
DEBUG - 2025-08-23 07:15:16 --> Session: Class initialized using 'CodeIgniter\Session\Handlers\FileHandler' driver.
DEBUG - 2025-08-23 07:15:16 --> User IP: ::1
DEBUG - 2025-08-23 07:15:17 --> Session: Class initialized using 'CodeIgniter\Session\Handlers\FileHandler' driver.
DEBUG - 2025-08-23 07:15:17 --> User IP: ::1
DEBUG - 2025-08-23 07:15:17 --> Session: Class initialized using 'CodeIgniter\Session\Handlers\FileHandler' driver.
DEBUG - 2025-08-23 07:15:17 --> User IP: ::1
DEBUG - 2025-08-23 07:15:37 --> Session: Class initialized using 'CodeIgniter\Session\Handlers\FileHandler' driver.
DEBUG - 2025-08-23 07:15:37 --> User IP: ::1
DEBUG - 2025-08-23 07:15:44 --> Session: Class initialized using 'CodeIgniter\Session\Handlers\FileHandler' driver.
DEBUG - 2025-08-23 07:15:44 --> User IP: ::1
DEBUG - 2025-08-23 07:15:44 --> Session: Class initialized using 'CodeIgniter\Session\Handlers\FileHandler' driver.
DEBUG - 2025-08-23 07:15:44 --> User IP: ::1
DEBUG - 2025-08-23 07:15:48 --> Session: Class initialized using 'CodeIgniter\Session\Handlers\FileHandler' driver.
DEBUG - 2025-08-23 07:15:48 --> User IP: ::1
DEBUG - 2025-08-23 07:15:51 --> Session: Class initialized using 'CodeIgniter\Session\Handlers\FileHandler' driver.
DEBUG - 2025-08-23 07:15:51 --> User IP: ::1
DEBUG - 2025-08-23 07:15:59 --> Session: Class initialized using 'CodeIgniter\Session\Handlers\FileHandler' driver.
DEBUG - 2025-08-23 07:15:59 --> User IP: ::1
DEBUG - 2025-08-23 07:15:59 --> Session: Class initialized using 'CodeIgniter\Session\Handlers\FileHandler' driver.
DEBUG - 2025-08-23 07:15:59 --> User IP: ::1
DEBUG - 2025-08-23 07:16:01 --> Session: Class initialized using 'CodeIgniter\Session\Handlers\FileHandler' driver.
DEBUG - 2025-08-23 07:16:01 --> User IP: ::1
DEBUG - 2025-08-23 07:16:02 --> Session: Class initialized using 'CodeIgniter\Session\Handlers\FileHandler' driver.
DEBUG - 2025-08-23 07:16:02 --> User IP: ::1
DEBUG - 2025-08-23 07:16:43 --> Session: Class initialized using 'CodeIgniter\Session\Handlers\FileHandler' driver.
DEBUG - 2025-08-23 07:16:43 --> User IP: ::1
DEBUG - 2025-08-23 07:16:43 --> Session: Class initialized using 'CodeIgniter\Session\Handlers\FileHandler' driver.
DEBUG - 2025-08-23 07:16:43 --> User IP: ::1
DEBUG - 2025-08-23 07:16:43 --> Session: Class initialized using 'CodeIgniter\Session\Handlers\FileHandler' driver.
DEBUG - 2025-08-23 07:16:43 --> User IP: ::1
DEBUG - 2025-08-23 07:17:07 --> Session: Class initialized using 'CodeIgniter\Session\Handlers\FileHandler' driver.
DEBUG - 2025-08-23 07:17:07 --> User IP: ::1
DEBUG - 2025-08-23 07:17:14 --> Session: Class initialized using 'CodeIgniter\Session\Handlers\FileHandler' driver.
DEBUG - 2025-08-23 07:17:14 --> User IP: ::1
DEBUG - 2025-08-23 07:17:35 --> Session: Class initialized using 'CodeIgniter\Session\Handlers\FileHandler' driver.
DEBUG - 2025-08-23 07:17:35 --> User IP: ::1
DEBUG - 2025-08-23 07:17:46 --> Session: Class initialized using 'CodeIgniter\Session\Handlers\FileHandler' driver.
DEBUG - 2025-08-23 07:17:46 --> User IP: ::1
DEBUG - 2025-08-23 07:17:46 --> Session: Class initialized using 'CodeIgniter\Session\Handlers\FileHandler' driver.
DEBUG - 2025-08-23 07:17:46 --> User IP: ::1
DEBUG - 2025-08-23 07:17:47 --> Session: Class initialized using 'CodeIgniter\Session\Handlers\FileHandler' driver.
DEBUG - 2025-08-23 07:17:47 --> User IP: ::1
DEBUG - 2025-08-23 07:17:58 --> Session: Class initialized using 'CodeIgniter\Session\Handlers\FileHandler' driver.
DEBUG - 2025-08-23 07:17:58 --> User IP: ::1
DEBUG - 2025-08-23 07:17:58 --> Session: Class initialized using 'CodeIgniter\Session\Handlers\FileHandler' driver.
DEBUG - 2025-08-23 07:17:58 --> User IP: ::1
DEBUG - 2025-08-23 07:17:59 --> Session: Class initialized using 'CodeIgniter\Session\Handlers\FileHandler' driver.
DEBUG - 2025-08-23 07:17:59 --> User IP: ::1
DEBUG - 2025-08-23 07:18:06 --> Session: Class initialized using 'CodeIgniter\Session\Handlers\FileHandler' driver.
DEBUG - 2025-08-23 07:18:06 --> User IP: ::1
DEBUG - 2025-08-23 07:18:06 --> Session: Class initialized using 'CodeIgniter\Session\Handlers\FileHandler' driver.
DEBUG - 2025-08-23 07:18:06 --> User IP: ::1
DEBUG - 2025-08-23 07:18:07 --> Session: Class initialized using 'CodeIgniter\Session\Handlers\FileHandler' driver.
DEBUG - 2025-08-23 07:18:07 --> User IP: ::1
DEBUG - 2025-08-23 07:18:14 --> Session: Class initialized using 'CodeIgniter\Session\Handlers\FileHandler' driver.
DEBUG - 2025-08-23 07:18:14 --> User IP: ::1
DEBUG - 2025-08-23 07:18:14 --> Session: Class initialized using 'CodeIgniter\Session\Handlers\FileHandler' driver.
DEBUG - 2025-08-23 07:18:14 --> User IP: ::1
DEBUG - 2025-08-23 07:18:15 --> Session: Class initialized using 'CodeIgniter\Session\Handlers\FileHandler' driver.
DEBUG - 2025-08-23 07:18:15 --> User IP: ::1
DEBUG - 2025-08-23 07:18:32 --> Session: Class initialized using 'CodeIgniter\Session\Handlers\FileHandler' driver.
DEBUG - 2025-08-23 07:18:32 --> User IP: ::1
DEBUG - 2025-08-23 07:19:19 --> Session: Class initialized using 'CodeIgniter\Session\Handlers\FileHandler' driver.
DEBUG - 2025-08-23 07:19:19 --> User IP: ::1
CRITICAL - 2025-08-23 07:19:19 --> ArgumentCountError: Too few arguments to function App\Controllers\Hrms::uploadOtherDocuments(), 1 passed in C:\xampp\htdocs\ems\system\CodeIgniter.php on line 933 and exactly 2 expected
[Method: POST, Route: hrms/uploadOtherDocuments/7]
in APPPATH\Controllers\Hrms.php on line 1579.
 1 SYSTEMPATH\CodeIgniter.php(933): App\Controllers\Hrms->uploadOtherDocuments('7')
 2 SYSTEMPATH\CodeIgniter.php(509): CodeIgniter\CodeIgniter->runController(Object(App\Controllers\Hrms))
 3 SYSTEMPATH\CodeIgniter.php(355): CodeIgniter\CodeIgniter->handleRequest(null, Object(Config\Cache), false)
 4 SYSTEMPATH\Boot.php(334): CodeIgniter\CodeIgniter->run()
 5 SYSTEMPATH\Boot.php(67): CodeIgniter\Boot::runCodeIgniter(Object(CodeIgniter\CodeIgniter))
 6 FCPATH\index.php(56): CodeIgniter\Boot::bootWeb(Object(Config\Paths))
DEBUG - 2025-08-23 07:19:27 --> Session: Class initialized using 'CodeIgniter\Session\Handlers\FileHandler' driver.
DEBUG - 2025-08-23 07:19:27 --> User IP: ::1
CRITICAL - 2025-08-23 07:19:27 --> ArgumentCountError: Too few arguments to function App\Controllers\Hrms::uploadOtherDocuments(), 1 passed in C:\xampp\htdocs\ems\system\CodeIgniter.php on line 933 and exactly 2 expected
[Method: POST, Route: hrms/uploadOtherDocuments/7]
in APPPATH\Controllers\Hrms.php on line 1579.
 1 SYSTEMPATH\CodeIgniter.php(933): App\Controllers\Hrms->uploadOtherDocuments('7')
 2 SYSTEMPATH\CodeIgniter.php(509): CodeIgniter\CodeIgniter->runController(Object(App\Controllers\Hrms))
 3 SYSTEMPATH\CodeIgniter.php(355): CodeIgniter\CodeIgniter->handleRequest(null, Object(Config\Cache), false)
 4 SYSTEMPATH\Boot.php(334): CodeIgniter\CodeIgniter->run()
 5 SYSTEMPATH\Boot.php(67): CodeIgniter\Boot::runCodeIgniter(Object(CodeIgniter\CodeIgniter))
 6 FCPATH\index.php(56): CodeIgniter\Boot::bootWeb(Object(Config\Paths))
DEBUG - 2025-08-23 07:19:37 --> Session: Class initialized using 'CodeIgniter\Session\Handlers\FileHandler' driver.
DEBUG - 2025-08-23 07:19:37 --> User IP: ::1
CRITICAL - 2025-08-23 07:19:37 --> ArgumentCountError: Too few arguments to function App\Controllers\Hrms::uploadOtherDocuments(), 1 passed in C:\xampp\htdocs\ems\system\CodeIgniter.php on line 933 and exactly 2 expected
[Method: GET, Route: hrms/uploadOtherDocuments/7]
in APPPATH\Controllers\Hrms.php on line 1579.
 1 SYSTEMPATH\CodeIgniter.php(933): App\Controllers\Hrms->uploadOtherDocuments('7')
 2 SYSTEMPATH\CodeIgniter.php(509): CodeIgniter\CodeIgniter->runController(Object(App\Controllers\Hrms))
 3 SYSTEMPATH\CodeIgniter.php(355): CodeIgniter\CodeIgniter->handleRequest(null, Object(Config\Cache), false)
 4 SYSTEMPATH\Boot.php(334): CodeIgniter\CodeIgniter->run()
 5 SYSTEMPATH\Boot.php(67): CodeIgniter\Boot::runCodeIgniter(Object(CodeIgniter\CodeIgniter))
 6 FCPATH\index.php(56): CodeIgniter\Boot::bootWeb(Object(Config\Paths))
DEBUG - 2025-08-23 07:22:39 --> Session: Class initialized using 'CodeIgniter\Session\Handlers\FileHandler' driver.
DEBUG - 2025-08-23 07:22:39 --> User IP: ::1
CRITICAL - 2025-08-23 07:22:39 --> ArgumentCountError: Too few arguments to function App\Controllers\Hrms::uploadOtherDocuments(), 1 passed in C:\xampp\htdocs\ems\system\CodeIgniter.php on line 933 and exactly 2 expected
[Method: POST, Route: hrms/uploadOtherDocuments/7]
in APPPATH\Controllers\Hrms.php on line 1579.
 1 SYSTEMPATH\CodeIgniter.php(933): App\Controllers\Hrms->uploadOtherDocuments('7')
 2 SYSTEMPATH\CodeIgniter.php(509): CodeIgniter\CodeIgniter->runController(Object(App\Controllers\Hrms))
 3 SYSTEMPATH\CodeIgniter.php(355): CodeIgniter\CodeIgniter->handleRequest(null, Object(Config\Cache), false)
 4 SYSTEMPATH\Boot.php(334): CodeIgniter\CodeIgniter->run()
 5 SYSTEMPATH\Boot.php(67): CodeIgniter\Boot::runCodeIgniter(Object(CodeIgniter\CodeIgniter))
 6 FCPATH\index.php(56): CodeIgniter\Boot::bootWeb(Object(Config\Paths))
DEBUG - 2025-08-23 07:27:32 --> Session: Class initialized using 'CodeIgniter\Session\Handlers\FileHandler' driver.
DEBUG - 2025-08-23 07:27:32 --> User IP: ::1
DEBUG - 2025-08-23 07:27:36 --> Session: Class initialized using 'CodeIgniter\Session\Handlers\FileHandler' driver.
DEBUG - 2025-08-23 07:27:36 --> User IP: ::1
DEBUG - 2025-08-23 07:27:40 --> Session: Class initialized using 'CodeIgniter\Session\Handlers\FileHandler' driver.
DEBUG - 2025-08-23 07:27:40 --> User IP: ::1
DEBUG - 2025-08-23 07:28:09 --> Session: Class initialized using 'CodeIgniter\Session\Handlers\FileHandler' driver.
DEBUG - 2025-08-23 07:28:09 --> User IP: ::1
DEBUG - 2025-08-23 07:28:11 --> Session: Class initialized using 'CodeIgniter\Session\Handlers\FileHandler' driver.
DEBUG - 2025-08-23 07:28:11 --> User IP: ::1
DEBUG - 2025-08-23 07:28:27 --> Session: Class initialized using 'CodeIgniter\Session\Handlers\FileHandler' driver.
DEBUG - 2025-08-23 07:28:27 --> User IP: ::1
DEBUG - 2025-08-23 07:28:31 --> Session: Class initialized using 'CodeIgniter\Session\Handlers\FileHandler' driver.
DEBUG - 2025-08-23 07:28:31 --> User IP: ::1
DEBUG - 2025-08-23 07:28:35 --> Session: Class initialized using 'CodeIgniter\Session\Handlers\FileHandler' driver.
DEBUG - 2025-08-23 07:28:35 --> User IP: ::1
DEBUG - 2025-08-23 07:31:16 --> Session: Class initialized using 'CodeIgniter\Session\Handlers\FileHandler' driver.
DEBUG - 2025-08-23 07:31:16 --> User IP: ::1
DEBUG - 2025-08-23 07:31:20 --> Session: Class initialized using 'CodeIgniter\Session\Handlers\FileHandler' driver.
DEBUG - 2025-08-23 07:31:20 --> User IP: ::1
DEBUG - 2025-08-23 07:31:33 --> Session: Class initialized using 'CodeIgniter\Session\Handlers\FileHandler' driver.
DEBUG - 2025-08-23 07:31:33 --> User IP: ::1
DEBUG - 2025-08-23 07:31:53 --> Session: Class initialized using 'CodeIgniter\Session\Handlers\FileHandler' driver.
DEBUG - 2025-08-23 07:31:53 --> User IP: ::1
DEBUG - 2025-08-23 07:31:55 --> Session: Class initialized using 'CodeIgniter\Session\Handlers\FileHandler' driver.
DEBUG - 2025-08-23 07:31:55 --> User IP: ::1
DEBUG - 2025-08-23 07:33:20 --> Session: Class initialized using 'CodeIgniter\Session\Handlers\FileHandler' driver.
DEBUG - 2025-08-23 07:33:20 --> User IP: ::1
DEBUG - 2025-08-23 07:33:25 --> Session: Class initialized using 'CodeIgniter\Session\Handlers\FileHandler' driver.
DEBUG - 2025-08-23 07:33:25 --> User IP: ::1
DEBUG - 2025-08-23 07:33:29 --> Session: Class initialized using 'CodeIgniter\Session\Handlers\FileHandler' driver.
DEBUG - 2025-08-23 07:33:29 --> User IP: ::1
DEBUG - 2025-08-23 07:33:45 --> Session: Class initialized using 'CodeIgniter\Session\Handlers\FileHandler' driver.
DEBUG - 2025-08-23 07:33:45 --> User IP: ::1
DEBUG - 2025-08-23 07:33:47 --> Session: Class initialized using 'CodeIgniter\Session\Handlers\FileHandler' driver.
DEBUG - 2025-08-23 07:33:47 --> User IP: ::1
DEBUG - 2025-08-23 07:34:04 --> Session: Class initialized using 'CodeIgniter\Session\Handlers\FileHandler' driver.
