DEBUG - 2025-07-25 04:33:39 --> Session: Class initialized using 'CodeIgniter\Session\Handlers\FileHandler' driver.
DEBUG - 2025-07-25 04:33:39 --> User IP: ::1
DEBUG - 2025-07-25 04:33:50 --> Session: Class initialized using 'CodeIgniter\Session\Handlers\FileHandler' driver.
DEBUG - 2025-07-25 04:33:50 --> User IP: ::1
DEBUG - 2025-07-25 04:33:51 --> Session: Class initialized using 'CodeIgniter\Session\Handlers\FileHandler' driver.
DEBUG - 2025-07-25 04:33:51 --> User IP: ::1
DEBUG - 2025-07-25 04:34:04 --> Session: Class initialized using 'CodeIgniter\Session\Handlers\FileHandler' driver.
DEBUG - 2025-07-25 04:34:04 --> User IP: ::1
DEBUG - 2025-07-25 04:34:04 --> Session: Class initialized using 'CodeIgniter\Session\Handlers\FileHandler' driver.
DEBUG - 2025-07-25 04:34:04 --> User IP: ::1
DEBUG - 2025-07-25 04:34:25 --> Session: Class initialized using 'CodeIgniter\Session\Handlers\FileHandler' driver.
DEBUG - 2025-07-25 04:34:25 --> User IP: ::1
DEBUG - 2025-07-25 04:34:31 --> Session: Class initialized using 'CodeIgniter\Session\Handlers\FileHandler' driver.
DEBUG - 2025-07-25 04:34:31 --> User IP: ::1
DEBUG - 2025-07-25 04:34:32 --> Session: Class initialized using 'CodeIgniter\Session\Handlers\FileHandler' driver.
DEBUG - 2025-07-25 04:34:32 --> User IP: ::1
DEBUG - 2025-07-25 05:08:24 --> Session: Class initialized using 'CodeIgniter\Session\Handlers\FileHandler' driver.
DEBUG - 2025-07-25 05:08:24 --> User IP: ::1
DEBUG - 2025-07-25 05:20:44 --> Session: Class initialized using 'CodeIgniter\Session\Handlers\FileHandler' driver.
DEBUG - 2025-07-25 05:20:44 --> User IP: ::1
DEBUG - 2025-07-25 05:22:27 --> Session: Class initialized using 'CodeIgniter\Session\Handlers\FileHandler' driver.
DEBUG - 2025-07-25 05:22:27 --> User IP: ::1
DEBUG - 2025-07-25 05:42:53 --> Session: Class initialized using 'CodeIgniter\Session\Handlers\FileHandler' driver.
DEBUG - 2025-07-25 05:42:53 --> User IP: ::1
DEBUG - 2025-07-25 05:43:18 --> Session: Class initialized using 'CodeIgniter\Session\Handlers\FileHandler' driver.
DEBUG - 2025-07-25 05:43:18 --> User IP: ::1
DEBUG - 2025-07-25 05:44:00 --> Session: Class initialized using 'CodeIgniter\Session\Handlers\FileHandler' driver.
DEBUG - 2025-07-25 05:44:00 --> User IP: ::1
DEBUG - 2025-07-25 05:48:32 --> Session: Class initialized using 'CodeIgniter\Session\Handlers\FileHandler' driver.
DEBUG - 2025-07-25 05:48:32 --> User IP: ::1
DEBUG - 2025-07-25 05:48:37 --> Session: Class initialized using 'CodeIgniter\Session\Handlers\FileHandler' driver.
DEBUG - 2025-07-25 05:48:37 --> User IP: ::1
DEBUG - 2025-07-25 05:48:58 --> Session: Class initialized using 'CodeIgniter\Session\Handlers\FileHandler' driver.
DEBUG - 2025-07-25 05:48:58 --> User IP: ::1
DEBUG - 2025-07-25 05:49:02 --> Session: Class initialized using 'CodeIgniter\Session\Handlers\FileHandler' driver.
DEBUG - 2025-07-25 05:49:02 --> User IP: ::1
DEBUG - 2025-07-25 05:53:35 --> Session: Class initialized using 'CodeIgniter\Session\Handlers\FileHandler' driver.
DEBUG - 2025-07-25 05:53:35 --> User IP: ::1
DEBUG - 2025-07-25 05:53:40 --> Session: Class initialized using 'CodeIgniter\Session\Handlers\FileHandler' driver.
DEBUG - 2025-07-25 05:53:40 --> User IP: ::1
DEBUG - 2025-07-25 05:53:41 --> Session: Class initialized using 'CodeIgniter\Session\Handlers\FileHandler' driver.
DEBUG - 2025-07-25 05:53:41 --> User IP: ::1
DEBUG - 2025-07-25 05:53:44 --> Session: Class initialized using 'CodeIgniter\Session\Handlers\FileHandler' driver.
DEBUG - 2025-07-25 05:53:44 --> User IP: ::1
DEBUG - 2025-07-25 05:53:56 --> Session: Class initialized using 'CodeIgniter\Session\Handlers\FileHandler' driver.
DEBUG - 2025-07-25 05:53:56 --> User IP: ::1
DEBUG - 2025-07-25 05:56:00 --> Session: Class initialized using 'CodeIgniter\Session\Handlers\FileHandler' driver.
DEBUG - 2025-07-25 05:56:00 --> User IP: ::1
DEBUG - 2025-07-25 05:56:02 --> Session: Class initialized using 'CodeIgniter\Session\Handlers\FileHandler' driver.
DEBUG - 2025-07-25 05:56:02 --> User IP: ::1
DEBUG - 2025-07-25 05:56:38 --> Session: Class initialized using 'CodeIgniter\Session\Handlers\FileHandler' driver.
DEBUG - 2025-07-25 05:56:38 --> User IP: ::1
DEBUG - 2025-07-25 05:56:42 --> Session: Class initialized using 'CodeIgniter\Session\Handlers\FileHandler' driver.
DEBUG - 2025-07-25 05:56:42 --> User IP: ::1
DEBUG - 2025-07-25 06:11:10 --> Session: Class initialized using 'CodeIgniter\Session\Handlers\FileHandler' driver.
DEBUG - 2025-07-25 06:11:10 --> User IP: ::1
DEBUG - 2025-07-25 06:11:14 --> Session: Class initialized using 'CodeIgniter\Session\Handlers\FileHandler' driver.
DEBUG - 2025-07-25 06:11:14 --> User IP: ::1
DEBUG - 2025-07-25 06:11:14 --> Session: Class initialized using 'CodeIgniter\Session\Handlers\FileHandler' driver.
DEBUG - 2025-07-25 06:11:14 --> User IP: ::1
DEBUG - 2025-07-25 06:11:16 --> Session: Class initialized using 'CodeIgniter\Session\Handlers\FileHandler' driver.
DEBUG - 2025-07-25 06:11:16 --> User IP: ::1
DEBUG - 2025-07-25 06:11:20 --> Session: Class initialized using 'CodeIgniter\Session\Handlers\FileHandler' driver.
DEBUG - 2025-07-25 06:11:20 --> User IP: ::1
DEBUG - 2025-07-25 07:04:37 --> Session: Class initialized using 'CodeIgniter\Session\Handlers\FileHandler' driver.
DEBUG - 2025-07-25 07:04:37 --> User IP: ::1
DEBUG - 2025-07-25 07:04:48 --> Session: Class initialized using 'CodeIgniter\Session\Handlers\FileHandler' driver.
DEBUG - 2025-07-25 07:04:48 --> User IP: ::1
DEBUG - 2025-07-25 07:04:49 --> Session: Class initialized using 'CodeIgniter\Session\Handlers\FileHandler' driver.
DEBUG - 2025-07-25 07:04:49 --> User IP: ::1
DEBUG - 2025-07-25 07:05:41 --> Session: Class initialized using 'CodeIgniter\Session\Handlers\FileHandler' driver.
DEBUG - 2025-07-25 07:05:41 --> User IP: ::1
DEBUG - 2025-07-25 07:06:43 --> Session: Class initialized using 'CodeIgniter\Session\Handlers\FileHandler' driver.
DEBUG - 2025-07-25 07:06:43 --> User IP: ::1
DEBUG - 2025-07-25 07:06:46 --> Session: Class initialized using 'CodeIgniter\Session\Handlers\FileHandler' driver.
DEBUG - 2025-07-25 07:06:46 --> User IP: ::1
DEBUG - 2025-07-25 07:08:09 --> Session: Class initialized using 'CodeIgniter\Session\Handlers\FileHandler' driver.
DEBUG - 2025-07-25 07:08:09 --> User IP: ::1
DEBUG - 2025-07-25 07:08:44 --> Session: Class initialized using 'CodeIgniter\Session\Handlers\FileHandler' driver.
DEBUG - 2025-07-25 07:08:44 --> User IP: ::1
DEBUG - 2025-07-25 07:08:50 --> Session: Class initialized using 'CodeIgniter\Session\Handlers\FileHandler' driver.
DEBUG - 2025-07-25 07:08:50 --> User IP: ::1
DEBUG - 2025-07-25 07:08:50 --> Session: Class initialized using 'CodeIgniter\Session\Handlers\FileHandler' driver.
DEBUG - 2025-07-25 07:08:50 --> User IP: ::1
DEBUG - 2025-07-25 07:09:41 --> Session: Class initialized using 'CodeIgniter\Session\Handlers\FileHandler' driver.
DEBUG - 2025-07-25 07:09:41 --> User IP: ::1
DEBUG - 2025-07-25 07:09:45 --> Session: Class initialized using 'CodeIgniter\Session\Handlers\FileHandler' driver.
DEBUG - 2025-07-25 07:09:45 --> User IP: ::1
DEBUG - 2025-07-25 07:10:07 --> Session: Class initialized using 'CodeIgniter\Session\Handlers\FileHandler' driver.
DEBUG - 2025-07-25 07:10:07 --> User IP: ::1
DEBUG - 2025-07-25 07:10:10 --> Session: Class initialized using 'CodeIgniter\Session\Handlers\FileHandler' driver.
DEBUG - 2025-07-25 07:10:10 --> User IP: ::1
DEBUG - 2025-07-25 07:10:46 --> Session: Class initialized using 'CodeIgniter\Session\Handlers\FileHandler' driver.
DEBUG - 2025-07-25 07:10:46 --> User IP: ::1
DEBUG - 2025-07-25 07:10:49 --> Session: Class initialized using 'CodeIgniter\Session\Handlers\FileHandler' driver.
DEBUG - 2025-07-25 07:10:49 --> User IP: ::1
DEBUG - 2025-07-25 07:13:02 --> Session: Class initialized using 'CodeIgniter\Session\Handlers\FileHandler' driver.
DEBUG - 2025-07-25 07:13:02 --> User IP: ::1
DEBUG - 2025-07-25 07:13:09 --> Session: Class initialized using 'CodeIgniter\Session\Handlers\FileHandler' driver.
DEBUG - 2025-07-25 07:13:09 --> User IP: ::1
DEBUG - 2025-07-25 07:15:26 --> Session: Class initialized using 'CodeIgniter\Session\Handlers\FileHandler' driver.
DEBUG - 2025-07-25 07:15:26 --> User IP: ::1
DEBUG - 2025-07-25 07:15:30 --> Session: Class initialized using 'CodeIgniter\Session\Handlers\FileHandler' driver.
DEBUG - 2025-07-25 07:15:30 --> User IP: ::1
DEBUG - 2025-07-25 07:15:56 --> Session: Class initialized using 'CodeIgniter\Session\Handlers\FileHandler' driver.
DEBUG - 2025-07-25 07:15:56 --> User IP: ::1
DEBUG - 2025-07-25 07:15:59 --> Session: Class initialized using 'CodeIgniter\Session\Handlers\FileHandler' driver.
DEBUG - 2025-07-25 07:15:59 --> User IP: ::1
DEBUG - 2025-07-25 07:16:48 --> Session: Class initialized using 'CodeIgniter\Session\Handlers\FileHandler' driver.
DEBUG - 2025-07-25 07:16:48 --> User IP: ::1
DEBUG - 2025-07-25 07:16:50 --> Session: Class initialized using 'CodeIgniter\Session\Handlers\FileHandler' driver.
DEBUG - 2025-07-25 07:16:50 --> User IP: ::1
DEBUG - 2025-07-25 07:17:23 --> Session: Class initialized using 'CodeIgniter\Session\Handlers\FileHandler' driver.
DEBUG - 2025-07-25 07:17:23 --> User IP: ::1
DEBUG - 2025-07-25 07:17:27 --> Session: Class initialized using 'CodeIgniter\Session\Handlers\FileHandler' driver.
DEBUG - 2025-07-25 07:17:27 --> User IP: ::1
DEBUG - 2025-07-25 07:26:16 --> Session: Class initialized using 'CodeIgniter\Session\Handlers\FileHandler' driver.
DEBUG - 2025-07-25 07:26:16 --> User IP: ::1
DEBUG - 2025-07-25 07:26:22 --> Session: Class initialized using 'CodeIgniter\Session\Handlers\FileHandler' driver.
DEBUG - 2025-07-25 07:26:22 --> User IP: ::1
DEBUG - 2025-07-25 07:26:55 --> Session: Class initialized using 'CodeIgniter\Session\Handlers\FileHandler' driver.
DEBUG - 2025-07-25 07:26:55 --> User IP: ::1
DEBUG - 2025-07-25 07:26:58 --> Session: Class initialized using 'CodeIgniter\Session\Handlers\FileHandler' driver.
DEBUG - 2025-07-25 07:26:58 --> User IP: ::1
DEBUG - 2025-07-25 07:27:07 --> Session: Class initialized using 'CodeIgniter\Session\Handlers\FileHandler' driver.
DEBUG - 2025-07-25 07:27:07 --> User IP: ::1
CRITICAL - 2025-07-25 07:27:07 --> ErrorException: Undefined array key 0
[Method: POST, Route: hrms/sendofferletter]
in APPPATH\Controllers\Hrms.php on line 349.
 1 APPPATH\Controllers\Hrms.php(349): CodeIgniter\Debug\Exceptions->errorHandler(2, 'Undefined array key 0', 'C:\\xampp\\htdocs\\gighz\\app\\Controllers\\Hrms.php', 349)
 2 SYSTEMPATH\CodeIgniter.php(933): App\Controllers\Hrms->sendofferletter()
 3 SYSTEMPATH\CodeIgniter.php(509): CodeIgniter\CodeIgniter->runController(Object(App\Controllers\Hrms))
 4 SYSTEMPATH\CodeIgniter.php(355): CodeIgniter\CodeIgniter->handleRequest(null, Object(Config\Cache), false)
 5 SYSTEMPATH\Boot.php(334): CodeIgniter\CodeIgniter->run()
 6 SYSTEMPATH\Boot.php(67): CodeIgniter\Boot::runCodeIgniter(Object(CodeIgniter\CodeIgniter))
 7 FCPATH\index.php(56): CodeIgniter\Boot::bootWeb(Object(Config\Paths))
DEBUG - 2025-07-25 07:27:45 --> Session: Class initialized using 'CodeIgniter\Session\Handlers\FileHandler' driver.
DEBUG - 2025-07-25 07:27:45 --> User IP: ::1
DEBUG - 2025-07-25 07:27:52 --> Session: Class initialized using 'CodeIgniter\Session\Handlers\FileHandler' driver.
DEBUG - 2025-07-25 07:27:52 --> User IP: ::1
DEBUG - 2025-07-25 07:28:08 --> Session: Class initialized using 'CodeIgniter\Session\Handlers\FileHandler' driver.
DEBUG - 2025-07-25 07:28:08 --> User IP: ::1
CRITICAL - 2025-07-25 07:28:08 --> ErrorException: Undefined array key 0
[Method: POST, Route: hrms/sendofferletter]
in APPPATH\Controllers\Hrms.php on line 349.
 1 APPPATH\Controllers\Hrms.php(349): CodeIgniter\Debug\Exceptions->errorHandler(2, 'Undefined array key 0', 'C:\\xampp\\htdocs\\gighz\\app\\Controllers\\Hrms.php', 349)
 2 SYSTEMPATH\CodeIgniter.php(933): App\Controllers\Hrms->sendofferletter()
 3 SYSTEMPATH\CodeIgniter.php(509): CodeIgniter\CodeIgniter->runController(Object(App\Controllers\Hrms))
 4 SYSTEMPATH\CodeIgniter.php(355): CodeIgniter\CodeIgniter->handleRequest(null, Object(Config\Cache), false)
 5 SYSTEMPATH\Boot.php(334): CodeIgniter\CodeIgniter->run()
 6 SYSTEMPATH\Boot.php(67): CodeIgniter\Boot::runCodeIgniter(Object(CodeIgniter\CodeIgniter))
 7 FCPATH\index.php(56): CodeIgniter\Boot::bootWeb(Object(Config\Paths))
DEBUG - 2025-07-25 07:34:46 --> Session: Class initialized using 'CodeIgniter\Session\Handlers\FileHandler' driver.
DEBUG - 2025-07-25 07:34:46 --> User IP: ::1
DEBUG - 2025-07-25 07:34:49 --> Session: Class initialized using 'CodeIgniter\Session\Handlers\FileHandler' driver.
DEBUG - 2025-07-25 07:34:49 --> User IP: ::1
DEBUG - 2025-07-25 07:34:59 --> Session: Class initialized using 'CodeIgniter\Session\Handlers\FileHandler' driver.
DEBUG - 2025-07-25 07:34:59 --> User IP: ::1
DEBUG - 2025-07-25 07:36:12 --> Session: Class initialized using 'CodeIgniter\Session\Handlers\FileHandler' driver.
DEBUG - 2025-07-25 07:36:12 --> User IP: ::1
DEBUG - 2025-07-25 07:36:15 --> Session: Class initialized using 'CodeIgniter\Session\Handlers\FileHandler' driver.
DEBUG - 2025-07-25 07:36:15 --> User IP: ::1
DEBUG - 2025-07-25 07:36:27 --> Session: Class initialized using 'CodeIgniter\Session\Handlers\FileHandler' driver.
DEBUG - 2025-07-25 07:36:27 --> User IP: ::1
DEBUG - 2025-07-25 07:38:24 --> Session: Class initialized using 'CodeIgniter\Session\Handlers\FileHandler' driver.
DEBUG - 2025-07-25 07:38:24 --> User IP: ::1
DEBUG - 2025-07-25 07:38:27 --> Session: Class initialized using 'CodeIgniter\Session\Handlers\FileHandler' driver.
DEBUG - 2025-07-25 07:38:27 --> User IP: ::1
DEBUG - 2025-07-25 07:46:14 --> Session: Class initialized using 'CodeIgniter\Session\Handlers\FileHandler' driver.
DEBUG - 2025-07-25 07:46:14 --> User IP: ::1
DEBUG - 2025-07-25 07:46:41 --> Session: Class initialized using 'CodeIgniter\Session\Handlers\FileHandler' driver.
DEBUG - 2025-07-25 07:46:41 --> User IP: ::1
CRITICAL - 2025-07-25 07:46:41 --> ErrorException: Undefined array key 0
[Method: GET, Route: hrms/studentdetails/1]
in APPPATH\Views\hrms\studentdetails.php on line 29.
 1 APPPATH\Views\hrms\studentdetails.php(29): CodeIgniter\Debug\Exceptions->errorHandler(2, 'Undefined array key 0', 'C:\\xampp\\htdocs\\gighz\\app\\Views\\hrms\\studentdetails.php', 29)
 2 SYSTEMPATH\View\View.php(234): include('C:\\xampp\\htdocs\\gighz\\app\\Views\\hrms\\studentdetails.php')
 3 SYSTEMPATH\View\View.php(237): CodeIgniter\View\View->CodeIgniter\View\{closure}()
 4 SYSTEMPATH\Common.php(1171): CodeIgniter\View\View->render('hrms/studentdetails', [], true)
 5 APPPATH\Controllers\Hrms.php(264): view('hrms/studentdetails', [...])
 6 SYSTEMPATH\CodeIgniter.php(933): App\Controllers\Hrms->studentdetails('1')
 7 SYSTEMPATH\CodeIgniter.php(509): CodeIgniter\CodeIgniter->runController(Object(App\Controllers\Hrms))
 8 SYSTEMPATH\CodeIgniter.php(355): CodeIgniter\CodeIgniter->handleRequest(null, Object(Config\Cache), false)
 9 SYSTEMPATH\Boot.php(334): CodeIgniter\CodeIgniter->run()
10 SYSTEMPATH\Boot.php(67): CodeIgniter\Boot::runCodeIgniter(Object(CodeIgniter\CodeIgniter))
11 FCPATH\index.php(56): CodeIgniter\Boot::bootWeb(Object(Config\Paths))
DEBUG - 2025-07-25 07:46:55 --> Session: Class initialized using 'CodeIgniter\Session\Handlers\FileHandler' driver.
DEBUG - 2025-07-25 07:46:55 --> User IP: ::1
DEBUG - 2025-07-25 07:46:55 --> Session: Class initialized using 'CodeIgniter\Session\Handlers\FileHandler' driver.
DEBUG - 2025-07-25 07:46:55 --> User IP: ::1
DEBUG - 2025-07-25 07:46:58 --> Session: Class initialized using 'CodeIgniter\Session\Handlers\FileHandler' driver.
DEBUG - 2025-07-25 07:46:58 --> User IP: ::1
DEBUG - 2025-07-25 07:47:01 --> Session: Class initialized using 'CodeIgniter\Session\Handlers\FileHandler' driver.
DEBUG - 2025-07-25 07:47:01 --> User IP: ::1
DEBUG - 2025-07-25 07:47:01 --> Session: Class initialized using 'CodeIgniter\Session\Handlers\FileHandler' driver.
DEBUG - 2025-07-25 07:47:01 --> User IP: ::1
DEBUG - 2025-07-25 07:48:15 --> Session: Class initialized using 'CodeIgniter\Session\Handlers\FileHandler' driver.
DEBUG - 2025-07-25 07:48:15 --> User IP: ::1
DEBUG - 2025-07-25 07:48:16 --> Session: Class initialized using 'CodeIgniter\Session\Handlers\FileHandler' driver.
DEBUG - 2025-07-25 07:48:16 --> User IP: ::1
DEBUG - 2025-07-25 07:49:22 --> Session: Class initialized using 'CodeIgniter\Session\Handlers\FileHandler' driver.
DEBUG - 2025-07-25 07:49:22 --> User IP: ::1
DEBUG - 2025-07-25 07:49:23 --> Session: Class initialized using 'CodeIgniter\Session\Handlers\FileHandler' driver.
DEBUG - 2025-07-25 07:49:23 --> User IP: ::1
DEBUG - 2025-07-25 07:53:17 --> Session: Class initialized using 'CodeIgniter\Session\Handlers\FileHandler' driver.
DEBUG - 2025-07-25 07:53:17 --> User IP: ::1
DEBUG - 2025-07-25 07:53:18 --> Session: Class initialized using 'CodeIgniter\Session\Handlers\FileHandler' driver.
DEBUG - 2025-07-25 07:53:18 --> User IP: ::1
DEBUG - 2025-07-25 07:53:25 --> Session: Class initialized using 'CodeIgniter\Session\Handlers\FileHandler' driver.
DEBUG - 2025-07-25 07:53:25 --> User IP: ::1
DEBUG - 2025-07-25 07:53:26 --> Session: Class initialized using 'CodeIgniter\Session\Handlers\FileHandler' driver.
DEBUG - 2025-07-25 07:53:26 --> User IP: ::1
DEBUG - 2025-07-25 07:54:55 --> Session: Class initialized using 'CodeIgniter\Session\Handlers\FileHandler' driver.
DEBUG - 2025-07-25 07:54:55 --> User IP: ::1
DEBUG - 2025-07-25 07:54:55 --> Session: Class initialized using 'CodeIgniter\Session\Handlers\FileHandler' driver.
DEBUG - 2025-07-25 07:54:55 --> User IP: ::1
DEBUG - 2025-07-25 08:45:00 --> Session: Class initialized using 'CodeIgniter\Session\Handlers\FileHandler' driver.
DEBUG - 2025-07-25 08:45:00 --> User IP: ::1
DEBUG - 2025-07-25 08:45:01 --> Session: Class initialized using 'CodeIgniter\Session\Handlers\FileHandler' driver.
DEBUG - 2025-07-25 08:45:01 --> User IP: ::1
DEBUG - 2025-07-25 08:45:07 --> Session: Class initialized using 'CodeIgniter\Session\Handlers\FileHandler' driver.
DEBUG - 2025-07-25 08:45:07 --> User IP: ::1
DEBUG - 2025-07-25 08:45:08 --> Session: Class initialized using 'CodeIgniter\Session\Handlers\FileHandler' driver.
DEBUG - 2025-07-25 08:45:08 --> User IP: ::1
DEBUG - 2025-07-25 09:12:25 --> Session: Class initialized using 'CodeIgniter\Session\Handlers\FileHandler' driver.
DEBUG - 2025-07-25 09:12:25 --> User IP: ::1
DEBUG - 2025-07-25 09:12:26 --> Session: Class initialized using 'CodeIgniter\Session\Handlers\FileHandler' driver.
DEBUG - 2025-07-25 09:12:26 --> User IP: ::1
DEBUG - 2025-07-25 09:17:09 --> Session: Class initialized using 'CodeIgniter\Session\Handlers\FileHandler' driver.
DEBUG - 2025-07-25 09:17:09 --> User IP: ::1
DEBUG - 2025-07-25 09:20:47 --> Session: Class initialized using 'CodeIgniter\Session\Handlers\FileHandler' driver.
DEBUG - 2025-07-25 09:20:47 --> User IP: ::1
DEBUG - 2025-07-25 09:20:50 --> Session: Class initialized using 'CodeIgniter\Session\Handlers\FileHandler' driver.
DEBUG - 2025-07-25 09:20:50 --> User IP: ::1
DEBUG - 2025-07-25 09:22:29 --> Session: Class initialized using 'CodeIgniter\Session\Handlers\FileHandler' driver.
DEBUG - 2025-07-25 09:22:29 --> User IP: ::1
DEBUG - 2025-07-25 09:24:10 --> Session: Class initialized using 'CodeIgniter\Session\Handlers\FileHandler' driver.
DEBUG - 2025-07-25 09:24:10 --> User IP: ::1
DEBUG - 2025-07-25 09:24:31 --> Session: Class initialized using 'CodeIgniter\Session\Handlers\FileHandler' driver.
DEBUG - 2025-07-25 09:24:31 --> User IP: ::1
DEBUG - 2025-07-25 09:26:37 --> Session: Class initialized using 'CodeIgniter\Session\Handlers\FileHandler' driver.
DEBUG - 2025-07-25 09:26:37 --> User IP: ::1
DEBUG - 2025-07-25 09:27:04 --> Session: Class initialized using 'CodeIgniter\Session\Handlers\FileHandler' driver.
DEBUG - 2025-07-25 09:27:04 --> User IP: ::1
DEBUG - 2025-07-25 09:27:04 --> Session: Class initialized using 'CodeIgniter\Session\Handlers\FileHandler' driver.
DEBUG - 2025-07-25 09:27:04 --> User IP: ::1
DEBUG - 2025-07-25 09:27:26 --> Session: Class initialized using 'CodeIgniter\Session\Handlers\FileHandler' driver.
DEBUG - 2025-07-25 09:27:26 --> User IP: ::1
DEBUG - 2025-07-25 09:27:27 --> Session: Class initialized using 'CodeIgniter\Session\Handlers\FileHandler' driver.
DEBUG - 2025-07-25 09:27:27 --> User IP: ::1
DEBUG - 2025-07-25 09:27:48 --> Session: Class initialized using 'CodeIgniter\Session\Handlers\FileHandler' driver.
DEBUG - 2025-07-25 09:27:48 --> User IP: ::1
DEBUG - 2025-07-25 09:27:49 --> Session: Class initialized using 'CodeIgniter\Session\Handlers\FileHandler' driver.
DEBUG - 2025-07-25 09:27:49 --> User IP: ::1
DEBUG - 2025-07-25 09:28:12 --> Session: Class initialized using 'CodeIgniter\Session\Handlers\FileHandler' driver.
DEBUG - 2025-07-25 09:28:12 --> User IP: ::1
DEBUG - 2025-07-25 09:28:12 --> Session: Class initialized using 'CodeIgniter\Session\Handlers\FileHandler' driver.
DEBUG - 2025-07-25 09:28:12 --> User IP: ::1
DEBUG - 2025-07-25 09:29:05 --> Session: Class initialized using 'CodeIgniter\Session\Handlers\FileHandler' driver.
DEBUG - 2025-07-25 09:29:05 --> User IP: ::1
DEBUG - 2025-07-25 09:29:05 --> Session: Class initialized using 'CodeIgniter\Session\Handlers\FileHandler' driver.
DEBUG - 2025-07-25 09:29:05 --> User IP: ::1
DEBUG - 2025-07-25 09:29:17 --> Session: Class initialized using 'CodeIgniter\Session\Handlers\FileHandler' driver.
DEBUG - 2025-07-25 09:29:17 --> User IP: ::1
DEBUG - 2025-07-25 09:29:33 --> Session: Class initialized using 'CodeIgniter\Session\Handlers\FileHandler' driver.
DEBUG - 2025-07-25 09:29:33 --> User IP: ::1
DEBUG - 2025-07-25 09:29:34 --> Session: Class initialized using 'CodeIgniter\Session\Handlers\FileHandler' driver.
DEBUG - 2025-07-25 09:29:34 --> User IP: ::1
DEBUG - 2025-07-25 09:30:41 --> Session: Class initialized using 'CodeIgniter\Session\Handlers\FileHandler' driver.
DEBUG - 2025-07-25 09:30:41 --> User IP: ::1
DEBUG - 2025-07-25 09:30:52 --> Session: Class initialized using 'CodeIgniter\Session\Handlers\FileHandler' driver.
DEBUG - 2025-07-25 09:30:52 --> User IP: ::1
DEBUG - 2025-07-25 09:30:52 --> Session: Class initialized using 'CodeIgniter\Session\Handlers\FileHandler' driver.
DEBUG - 2025-07-25 09:30:52 --> User IP: ::1
DEBUG - 2025-07-25 09:30:58 --> Session: Class initialized using 'CodeIgniter\Session\Handlers\FileHandler' driver.
DEBUG - 2025-07-25 09:30:58 --> User IP: ::1
DEBUG - 2025-07-25 09:31:02 --> Session: Class initialized using 'CodeIgniter\Session\Handlers\FileHandler' driver.
DEBUG - 2025-07-25 09:31:02 --> User IP: ::1
DEBUG - 2025-07-25 09:31:09 --> Session: Class initialized using 'CodeIgniter\Session\Handlers\FileHandler' driver.
DEBUG - 2025-07-25 09:31:09 --> User IP: ::1
DEBUG - 2025-07-25 09:31:19 --> Session: Class initialized using 'CodeIgniter\Session\Handlers\FileHandler' driver.
DEBUG - 2025-07-25 09:31:19 --> User IP: ::1
DEBUG - 2025-07-25 09:31:52 --> Session: Class initialized using 'CodeIgniter\Session\Handlers\FileHandler' driver.
DEBUG - 2025-07-25 09:31:52 --> User IP: ::1
DEBUG - 2025-07-25 09:33:00 --> Session: Class initialized using 'CodeIgniter\Session\Handlers\FileHandler' driver.
DEBUG - 2025-07-25 09:33:00 --> User IP: ::1
DEBUG - 2025-07-25 09:33:03 --> Session: Class initialized using 'CodeIgniter\Session\Handlers\FileHandler' driver.
DEBUG - 2025-07-25 09:33:03 --> User IP: ::1
DEBUG - 2025-07-25 09:33:16 --> Session: Class initialized using 'CodeIgniter\Session\Handlers\FileHandler' driver.
DEBUG - 2025-07-25 09:33:16 --> User IP: ::1
DEBUG - 2025-07-25 12:19:43 --> Session: Class initialized using 'CodeIgniter\Session\Handlers\FileHandler' driver.
DEBUG - 2025-07-25 12:19:53 --> Session: Class initialized using 'CodeIgniter\Session\Handlers\FileHandler' driver.
DEBUG - 2025-07-25 12:19:53 --> User IP: ::1
DEBUG - 2025-07-25 12:20:39 --> Session: Class initialized using 'CodeIgniter\Session\Handlers\FileHandler' driver.
DEBUG - 2025-07-25 12:20:39 --> User IP: ::1
DEBUG - 2025-07-25 12:20:40 --> Session: Class initialized using 'CodeIgniter\Session\Handlers\FileHandler' driver.
DEBUG - 2025-07-25 12:20:40 --> User IP: ::1
DEBUG - 2025-07-25 12:20:58 --> Session: Class initialized using 'CodeIgniter\Session\Handlers\FileHandler' driver.
DEBUG - 2025-07-25 12:20:58 --> User IP: ::1
DEBUG - 2025-07-25 12:20:58 --> Session: Class initialized using 'CodeIgniter\Session\Handlers\FileHandler' driver.
DEBUG - 2025-07-25 12:20:58 --> User IP: ::1
DEBUG - 2025-07-25 12:21:02 --> Session: Class initialized using 'CodeIgniter\Session\Handlers\FileHandler' driver.
DEBUG - 2025-07-25 12:21:02 --> User IP: ::1
DEBUG - 2025-07-25 12:21:31 --> Session: Class initialized using 'CodeIgniter\Session\Handlers\FileHandler' driver.
DEBUG - 2025-07-25 12:21:31 --> User IP: ::1
DEBUG - 2025-07-25 12:21:46 --> Session: Class initialized using 'CodeIgniter\Session\Handlers\FileHandler' driver.
DEBUG - 2025-07-25 12:21:46 --> User IP: ::1
DEBUG - 2025-07-25 12:21:48 --> Session: Class initialized using 'CodeIgniter\Session\Handlers\FileHandler' driver.
DEBUG - 2025-07-25 12:21:48 --> User IP: ::1
DEBUG - 2025-07-25 12:22:12 --> Session: Class initialized using 'CodeIgniter\Session\Handlers\FileHandler' driver.
DEBUG - 2025-07-25 12:22:12 --> User IP: ::1
CRITICAL - 2025-07-25 12:22:12 --> ErrorException: Undefined array key 0
[Method: POST, Route: hrms/sendofferletter]
in APPPATH\Controllers\Hrms.php on line 360.
 1 APPPATH\Controllers\Hrms.php(360): CodeIgniter\Debug\Exceptions->errorHandler(2, 'Undefined array key 0', 'C:\\xampp\\htdocs\\gighz\\app\\Controllers\\Hrms.php', 360)
 2 SYSTEMPATH\CodeIgniter.php(933): App\Controllers\Hrms->sendofferletter()
 3 SYSTEMPATH\CodeIgniter.php(509): CodeIgniter\CodeIgniter->runController(Object(App\Controllers\Hrms))
 4 SYSTEMPATH\CodeIgniter.php(355): CodeIgniter\CodeIgniter->handleRequest(null, Object(Config\Cache), false)
 5 SYSTEMPATH\Boot.php(334): CodeIgniter\CodeIgniter->run()
 6 SYSTEMPATH\Boot.php(67): CodeIgniter\Boot::runCodeIgniter(Object(CodeIgniter\CodeIgniter))
 7 FCPATH\index.php(56): CodeIgniter\Boot::bootWeb(Object(Config\Paths))
DEBUG - 2025-07-25 12:25:33 --> Session: Class initialized using 'CodeIgniter\Session\Handlers\FileHandler' driver.
DEBUG - 2025-07-25 12:25:33 --> User IP: ::1
DEBUG - 2025-07-25 12:25:38 --> Session: Class initialized using 'CodeIgniter\Session\Handlers\FileHandler' driver.
DEBUG - 2025-07-25 12:25:38 --> User IP: ::1
DEBUG - 2025-07-25 12:25:51 --> Session: Class initialized using 'CodeIgniter\Session\Handlers\FileHandler' driver.
DEBUG - 2025-07-25 12:25:51 --> User IP: ::1
DEBUG - 2025-07-25 12:25:59 --> Session: Class initialized using 'CodeIgniter\Session\Handlers\FileHandler' driver.
DEBUG - 2025-07-25 12:25:59 --> User IP: ::1
DEBUG - 2025-07-25 12:26:30 --> Session: Class initialized using 'CodeIgniter\Session\Handlers\FileHandler' driver.
DEBUG - 2025-07-25 12:26:30 --> User IP: ::1
DEBUG - 2025-07-25 12:26:33 --> Session: Class initialized using 'CodeIgniter\Session\Handlers\FileHandler' driver.
DEBUG - 2025-07-25 12:26:33 --> User IP: ::1
DEBUG - 2025-07-25 12:26:41 --> Session: Class initialized using 'CodeIgniter\Session\Handlers\FileHandler' driver.
DEBUG - 2025-07-25 12:26:41 --> User IP: ::1
