DEBUG - 2025-08-08 04:12:13 --> Session: Class initialized using 'CodeIgniter\Session\Handlers\FileHandler' driver.
DEBUG - 2025-08-08 04:12:13 --> User IP: ::1
DEBUG - 2025-08-08 04:12:16 --> Session: Class initialized using 'CodeIgniter\Session\Handlers\FileHandler' driver.
DEBUG - 2025-08-08 04:12:16 --> User IP: ::1
DEBUG - 2025-08-08 04:12:16 --> Session: Class initialized using 'CodeIgniter\Session\Handlers\FileHandler' driver.
DEBUG - 2025-08-08 04:12:16 --> User IP: ::1
DEBUG - 2025-08-08 04:12:20 --> Session: Class initialized using 'CodeIgniter\Session\Handlers\FileHandler' driver.
DEBUG - 2025-08-08 04:12:20 --> User IP: ::1
DEBUG - 2025-08-08 04:12:20 --> Session: Class initialized using 'CodeIgniter\Session\Handlers\FileHandler' driver.
DEBUG - 2025-08-08 04:12:20 --> User IP: ::1
DEBUG - 2025-08-08 04:12:39 --> Session: Class initialized using 'CodeIgniter\Session\Handlers\FileHandler' driver.
DEBUG - 2025-08-08 04:12:39 --> User IP: ::1
DEBUG - 2025-08-08 04:14:54 --> Session: Class initialized using 'CodeIgniter\Session\Handlers\FileHandler' driver.
DEBUG - 2025-08-08 04:14:54 --> User IP: ::1
DEBUG - 2025-08-08 04:23:45 --> Session: Class initialized using 'CodeIgniter\Session\Handlers\FileHandler' driver.
DEBUG - 2025-08-08 04:23:45 --> User IP: ::1
DEBUG - 2025-08-08 04:23:46 --> Session: Class initialized using 'CodeIgniter\Session\Handlers\FileHandler' driver.
DEBUG - 2025-08-08 04:23:46 --> User IP: ::1
DEBUG - 2025-08-08 04:23:49 --> Session: Class initialized using 'CodeIgniter\Session\Handlers\FileHandler' driver.
DEBUG - 2025-08-08 04:23:49 --> User IP: ::1
DEBUG - 2025-08-08 04:23:49 --> Session: Class initialized using 'CodeIgniter\Session\Handlers\FileHandler' driver.
DEBUG - 2025-08-08 04:23:49 --> User IP: ::1
DEBUG - 2025-08-08 05:55:22 --> Session: Class initialized using 'CodeIgniter\Session\Handlers\FileHandler' driver.
DEBUG - 2025-08-08 05:55:22 --> User IP: ::1
ERROR - 2025-08-08 05:55:22 --> mysqli_sql_exception: Table 'gighz.departments' doesn't exist in C:\xampp\htdocs\gighz\system\Database\MySQLi\Connection.php:312
Stack trace:
#0 C:\xampp\htdocs\gighz\system\Database\MySQLi\Connection.php(312): mysqli->query('SELECT *\nFROM `...', 0)
#1 C:\xampp\htdocs\gighz\system\Database\BaseConnection.php(734): CodeIgniter\Database\MySQLi\Connection->execute('SELECT *\nFROM `...')
#2 C:\xampp\htdocs\gighz\system\Database\BaseConnection.php(648): CodeIgniter\Database\BaseConnection->simpleQuery('SELECT *\nFROM `...')
#3 C:\xampp\htdocs\gighz\system\Database\BaseBuilder.php(1644): CodeIgniter\Database\BaseConnection->query('SELECT *\nFROM `...', Array, false)
#4 C:\xampp\htdocs\gighz\app\Controllers\Hrms.php(917): CodeIgniter\Database\BaseBuilder->get()
#5 C:\xampp\htdocs\gighz\system\CodeIgniter.php(933): App\Controllers\Hrms->appraisal_index()
#6 C:\xampp\htdocs\gighz\system\CodeIgniter.php(509): CodeIgniter\CodeIgniter->runController(Object(App\Controllers\Hrms))
#7 C:\xampp\htdocs\gighz\system\CodeIgniter.php(355): CodeIgniter\CodeIgniter->handleRequest(NULL, Object(Config\Cache), false)
#8 C:\xampp\htdocs\gighz\system\Boot.php(334): CodeIgniter\CodeIgniter->run()
#9 C:\xampp\htdocs\gighz\system\Boot.php(67): CodeIgniter\Boot::runCodeIgniter(Object(CodeIgniter\CodeIgniter))
#10 C:\xampp\htdocs\gighz\public\index.php(56): CodeIgniter\Boot::bootWeb(Object(Config\Paths))
#11 {main}
CRITICAL - 2025-08-08 05:55:22 --> CodeIgniter\Database\Exceptions\DatabaseException: Table 'gighz.departments' doesn't exist
[Method: GET, Route: hrms/appraisal_index]
in SYSTEMPATH\Database\BaseConnection.php on line 688.
 1 SYSTEMPATH\Database\BaseBuilder.php(1644): CodeIgniter\Database\BaseConnection->query('SELECT *
FROM `departments`', [], false)
 2 APPPATH\Controllers\Hrms.php(917): CodeIgniter\Database\BaseBuilder->get()
 3 SYSTEMPATH\CodeIgniter.php(933): App\Controllers\Hrms->appraisal_index()
 4 SYSTEMPATH\CodeIgniter.php(509): CodeIgniter\CodeIgniter->runController(Object(App\Controllers\Hrms))
 5 SYSTEMPATH\CodeIgniter.php(355): CodeIgniter\CodeIgniter->handleRequest(null, Object(Config\Cache), false)
 6 SYSTEMPATH\Boot.php(334): CodeIgniter\CodeIgniter->run()
 7 SYSTEMPATH\Boot.php(67): CodeIgniter\Boot::runCodeIgniter(Object(CodeIgniter\CodeIgniter))
 8 FCPATH\index.php(56): CodeIgniter\Boot::bootWeb(Object(Config\Paths))
CRITICAL - 2025-08-08 05:55:22 --> [Caused by] CodeIgniter\Database\Exceptions\DatabaseException: Table 'gighz.departments' doesn't exist
in SYSTEMPATH\Database\MySQLi\Connection.php on line 317.
 1 SYSTEMPATH\Database\BaseConnection.php(734): CodeIgniter\Database\MySQLi\Connection->execute('SELECT *
FROM `departments`')
 2 SYSTEMPATH\Database\BaseConnection.php(648): CodeIgniter\Database\BaseConnection->simpleQuery('SELECT *
FROM `departments`')
 3 SYSTEMPATH\Database\BaseBuilder.php(1644): CodeIgniter\Database\BaseConnection->query('SELECT *
FROM `departments`', [], false)
 4 APPPATH\Controllers\Hrms.php(917): CodeIgniter\Database\BaseBuilder->get()
 5 SYSTEMPATH\CodeIgniter.php(933): App\Controllers\Hrms->appraisal_index()
 6 SYSTEMPATH\CodeIgniter.php(509): CodeIgniter\CodeIgniter->runController(Object(App\Controllers\Hrms))
 7 SYSTEMPATH\CodeIgniter.php(355): CodeIgniter\CodeIgniter->handleRequest(null, Object(Config\Cache), false)
 8 SYSTEMPATH\Boot.php(334): CodeIgniter\CodeIgniter->run()
 9 SYSTEMPATH\Boot.php(67): CodeIgniter\Boot::runCodeIgniter(Object(CodeIgniter\CodeIgniter))
10 FCPATH\index.php(56): CodeIgniter\Boot::bootWeb(Object(Config\Paths))
CRITICAL - 2025-08-08 05:55:22 --> [Caused by] mysqli_sql_exception: Table 'gighz.departments' doesn't exist
in SYSTEMPATH\Database\MySQLi\Connection.php on line 312.
 1 SYSTEMPATH\Database\MySQLi\Connection.php(312): mysqli->query('SELECT *
FROM `departments`', 0)
 2 SYSTEMPATH\Database\BaseConnection.php(734): CodeIgniter\Database\MySQLi\Connection->execute('SELECT *
FROM `departments`')
 3 SYSTEMPATH\Database\BaseConnection.php(648): CodeIgniter\Database\BaseConnection->simpleQuery('SELECT *
FROM `departments`')
 4 SYSTEMPATH\Database\BaseBuilder.php(1644): CodeIgniter\Database\BaseConnection->query('SELECT *
FROM `departments`', [], false)
 5 APPPATH\Controllers\Hrms.php(917): CodeIgniter\Database\BaseBuilder->get()
 6 SYSTEMPATH\CodeIgniter.php(933): App\Controllers\Hrms->appraisal_index()
 7 SYSTEMPATH\CodeIgniter.php(509): CodeIgniter\CodeIgniter->runController(Object(App\Controllers\Hrms))
 8 SYSTEMPATH\CodeIgniter.php(355): CodeIgniter\CodeIgniter->handleRequest(null, Object(Config\Cache), false)
 9 SYSTEMPATH\Boot.php(334): CodeIgniter\CodeIgniter->run()
10 SYSTEMPATH\Boot.php(67): CodeIgniter\Boot::runCodeIgniter(Object(CodeIgniter\CodeIgniter))
11 FCPATH\index.php(56): CodeIgniter\Boot::bootWeb(Object(Config\Paths))
DEBUG - 2025-08-08 05:55:48 --> Session: Class initialized using 'CodeIgniter\Session\Handlers\FileHandler' driver.
DEBUG - 2025-08-08 05:55:48 --> User IP: ::1
CRITICAL - 2025-08-08 05:55:48 --> CodeIgniter\View\Exceptions\ViewException: Invalid file: "hrms/employee_appraisal.php"
[Method: GET, Route: hrms/appraisal_index]
in SYSTEMPATH\Exceptions\FrameworkException.php on line 41.
 1 SYSTEMPATH\View\View.php(222): CodeIgniter\Exceptions\FrameworkException::forInvalidFile('hrms/employee_appraisal.php')
 2 SYSTEMPATH\Common.php(1171): CodeIgniter\View\View->render('hrms/employee_appraisal', [], true)
 3 APPPATH\Controllers\Hrms.php(920): view('hrms/employee_appraisal', [...])
 4 SYSTEMPATH\CodeIgniter.php(933): App\Controllers\Hrms->appraisal_index()
 5 SYSTEMPATH\CodeIgniter.php(509): CodeIgniter\CodeIgniter->runController(Object(App\Controllers\Hrms))
 6 SYSTEMPATH\CodeIgniter.php(355): CodeIgniter\CodeIgniter->handleRequest(null, Object(Config\Cache), false)
 7 SYSTEMPATH\Boot.php(334): CodeIgniter\CodeIgniter->run()
 8 SYSTEMPATH\Boot.php(67): CodeIgniter\Boot::runCodeIgniter(Object(CodeIgniter\CodeIgniter))
 9 FCPATH\index.php(56): CodeIgniter\Boot::bootWeb(Object(Config\Paths))
DEBUG - 2025-08-08 05:56:26 --> Session: Class initialized using 'CodeIgniter\Session\Handlers\FileHandler' driver.
DEBUG - 2025-08-08 05:56:26 --> User IP: ::1
CRITICAL - 2025-08-08 05:56:26 --> ErrorException: Undefined array key "id"
[Method: GET, Route: hrms/appraisal_index]
in APPPATH\Views\hrms\all_appraisal.php on line 42.
 1 APPPATH\Views\hrms\all_appraisal.php(42): CodeIgniter\Debug\Exceptions->errorHandler(2, 'Undefined array key "id"', 'C:\\xampp\\htdocs\\gighz\\app\\Views\\hrms\\all_appraisal.php', 42)
 2 SYSTEMPATH\View\View.php(234): include('C:\\xampp\\htdocs\\gighz\\app\\Views\\hrms\\all_appraisal.php')
 3 SYSTEMPATH\View\View.php(237): CodeIgniter\View\View->CodeIgniter\View\{closure}()
 4 SYSTEMPATH\Common.php(1171): CodeIgniter\View\View->render('hrms/all_appraisal', [], true)
 5 APPPATH\Controllers\Hrms.php(920): view('hrms/all_appraisal', [...])
 6 SYSTEMPATH\CodeIgniter.php(933): App\Controllers\Hrms->appraisal_index()
 7 SYSTEMPATH\CodeIgniter.php(509): CodeIgniter\CodeIgniter->runController(Object(App\Controllers\Hrms))
 8 SYSTEMPATH\CodeIgniter.php(355): CodeIgniter\CodeIgniter->handleRequest(null, Object(Config\Cache), false)
 9 SYSTEMPATH\Boot.php(334): CodeIgniter\CodeIgniter->run()
10 SYSTEMPATH\Boot.php(67): CodeIgniter\Boot::runCodeIgniter(Object(CodeIgniter\CodeIgniter))
11 FCPATH\index.php(56): CodeIgniter\Boot::bootWeb(Object(Config\Paths))
DEBUG - 2025-08-08 06:05:26 --> Session: Class initialized using 'CodeIgniter\Session\Handlers\FileHandler' driver.
DEBUG - 2025-08-08 06:05:26 --> User IP: ::1
DEBUG - 2025-08-08 06:05:27 --> Session: Class initialized using 'CodeIgniter\Session\Handlers\FileHandler' driver.
DEBUG - 2025-08-08 06:05:27 --> User IP: ::1
ERROR - 2025-08-08 06:05:27 --> mysqli_sql_exception: Unknown column 'review_date' in 'field list' in C:\xampp\htdocs\gighz\system\Database\MySQLi\Connection.php:312
Stack trace:
#0 C:\xampp\htdocs\gighz\system\Database\MySQLi\Connection.php(312): mysqli->query('SELECT `departm...', 0)
#1 C:\xampp\htdocs\gighz\system\Database\BaseConnection.php(734): CodeIgniter\Database\MySQLi\Connection->execute('SELECT `departm...')
#2 C:\xampp\htdocs\gighz\system\Database\BaseConnection.php(648): CodeIgniter\Database\BaseConnection->simpleQuery('SELECT `departm...')
#3 C:\xampp\htdocs\gighz\system\Database\BaseBuilder.php(1644): CodeIgniter\Database\BaseConnection->query('SELECT `departm...', Array, false)
#4 C:\xampp\htdocs\gighz\app\Controllers\Hrms.php(933): CodeIgniter\Database\BaseBuilder->get()
#5 C:\xampp\htdocs\gighz\system\CodeIgniter.php(933): App\Controllers\Hrms->getData()
#6 C:\xampp\htdocs\gighz\system\CodeIgniter.php(509): CodeIgniter\CodeIgniter->runController(Object(App\Controllers\Hrms))
#7 C:\xampp\htdocs\gighz\system\CodeIgniter.php(355): CodeIgniter\CodeIgniter->handleRequest(NULL, Object(Config\Cache), false)
#8 C:\xampp\htdocs\gighz\system\Boot.php(334): CodeIgniter\CodeIgniter->run()
#9 C:\xampp\htdocs\gighz\system\Boot.php(67): CodeIgniter\Boot::runCodeIgniter(Object(CodeIgniter\CodeIgniter))
#10 C:\xampp\htdocs\gighz\public\index.php(56): CodeIgniter\Boot::bootWeb(Object(Config\Paths))
#11 {main}
CRITICAL - 2025-08-08 06:05:27 --> CodeIgniter\Database\Exceptions\DatabaseException: Unknown column 'review_date' in 'field list'
[Method: GET, Route: hrms/getData]
in SYSTEMPATH\Database\BaseConnection.php on line 688.
 1 SYSTEMPATH\Database\BaseBuilder.php(1644): CodeIgniter\Database\BaseConnection->query('SELECT `department`.`dept_name`, `employees`.`name`, `review_date`, `stages`
FROM `employee_appraisal`
JOIN `employees` ON `employees`.`emp_id` = `employee_appraisal`.`emp_id`
JOIN `department` ON `department`.`dept_id` = `employee_appraisal`.`department`', [], false)
 2 APPPATH\Controllers\Hrms.php(933): CodeIgniter\Database\BaseBuilder->get()
 3 SYSTEMPATH\CodeIgniter.php(933): App\Controllers\Hrms->getData()
 4 SYSTEMPATH\CodeIgniter.php(509): CodeIgniter\CodeIgniter->runController(Object(App\Controllers\Hrms))
 5 SYSTEMPATH\CodeIgniter.php(355): CodeIgniter\CodeIgniter->handleRequest(null, Object(Config\Cache), false)
 6 SYSTEMPATH\Boot.php(334): CodeIgniter\CodeIgniter->run()
 7 SYSTEMPATH\Boot.php(67): CodeIgniter\Boot::runCodeIgniter(Object(CodeIgniter\CodeIgniter))
 8 FCPATH\index.php(56): CodeIgniter\Boot::bootWeb(Object(Config\Paths))
CRITICAL - 2025-08-08 06:05:27 --> [Caused by] CodeIgniter\Database\Exceptions\DatabaseException: Unknown column 'review_date' in 'field list'
in SYSTEMPATH\Database\MySQLi\Connection.php on line 317.
 1 SYSTEMPATH\Database\BaseConnection.php(734): CodeIgniter\Database\MySQLi\Connection->execute('SELECT `department`.`dept_name`, `employees`.`name`, `review_date`, `stages`
FROM `employee_appraisal`
JOIN `employees` ON `employees`.`emp_id` = `employee_appraisal`.`emp_id`
JOIN `department` ON `department`.`dept_id` = `employee_appraisal`.`department`')
 2 SYSTEMPATH\Database\BaseConnection.php(648): CodeIgniter\Database\BaseConnection->simpleQuery('SELECT `department`.`dept_name`, `employees`.`name`, `review_date`, `stages`
FROM `employee_appraisal`
JOIN `employees` ON `employees`.`emp_id` = `employee_appraisal`.`emp_id`
JOIN `department` ON `department`.`dept_id` = `employee_appraisal`.`department`')
 3 SYSTEMPATH\Database\BaseBuilder.php(1644): CodeIgniter\Database\BaseConnection->query('SELECT `department`.`dept_name`, `employees`.`name`, `review_date`, `stages`
FROM `employee_appraisal`
JOIN `employees` ON `employees`.`emp_id` = `employee_appraisal`.`emp_id`
JOIN `department` ON `department`.`dept_id` = `employee_appraisal`.`department`', [], false)
 4 APPPATH\Controllers\Hrms.php(933): CodeIgniter\Database\BaseBuilder->get()
 5 SYSTEMPATH\CodeIgniter.php(933): App\Controllers\Hrms->getData()
 6 SYSTEMPATH\CodeIgniter.php(509): CodeIgniter\CodeIgniter->runController(Object(App\Controllers\Hrms))
 7 SYSTEMPATH\CodeIgniter.php(355): CodeIgniter\CodeIgniter->handleRequest(null, Object(Config\Cache), false)
 8 SYSTEMPATH\Boot.php(334): CodeIgniter\CodeIgniter->run()
 9 SYSTEMPATH\Boot.php(67): CodeIgniter\Boot::runCodeIgniter(Object(CodeIgniter\CodeIgniter))
10 FCPATH\index.php(56): CodeIgniter\Boot::bootWeb(Object(Config\Paths))
CRITICAL - 2025-08-08 06:05:27 --> [Caused by] mysqli_sql_exception: Unknown column 'review_date' in 'field list'
in SYSTEMPATH\Database\MySQLi\Connection.php on line 312.
 1 SYSTEMPATH\Database\MySQLi\Connection.php(312): mysqli->query('SELECT `department`.`dept_name`, `employees`.`name`, `review_date`, `stages`
FROM `employee_appraisal`
JOIN `employees` ON `employees`.`emp_id` = `employee_appraisal`.`emp_id`
JOIN `department` ON `department`.`dept_id` = `employee_appraisal`.`department`', 0)
 2 SYSTEMPATH\Database\BaseConnection.php(734): CodeIgniter\Database\MySQLi\Connection->execute('SELECT `department`.`dept_name`, `employees`.`name`, `review_date`, `stages`
FROM `employee_appraisal`
JOIN `employees` ON `employees`.`emp_id` = `employee_appraisal`.`emp_id`
JOIN `department` ON `department`.`dept_id` = `employee_appraisal`.`department`')
 3 SYSTEMPATH\Database\BaseConnection.php(648): CodeIgniter\Database\BaseConnection->simpleQuery('SELECT `department`.`dept_name`, `employees`.`name`, `review_date`, `stages`
FROM `employee_appraisal`
JOIN `employees` ON `employees`.`emp_id` = `employee_appraisal`.`emp_id`
JOIN `department` ON `department`.`dept_id` = `employee_appraisal`.`department`')
 4 SYSTEMPATH\Database\BaseBuilder.php(1644): CodeIgniter\Database\BaseConnection->query('SELECT `department`.`dept_name`, `employees`.`name`, `review_date`, `stages`
FROM `employee_appraisal`
JOIN `employees` ON `employees`.`emp_id` = `employee_appraisal`.`emp_id`
JOIN `department` ON `department`.`dept_id` = `employee_appraisal`.`department`', [], false)
 5 APPPATH\Controllers\Hrms.php(933): CodeIgniter\Database\BaseBuilder->get()
 6 SYSTEMPATH\CodeIgniter.php(933): App\Controllers\Hrms->getData()
 7 SYSTEMPATH\CodeIgniter.php(509): CodeIgniter\CodeIgniter->runController(Object(App\Controllers\Hrms))
 8 SYSTEMPATH\CodeIgniter.php(355): CodeIgniter\CodeIgniter->handleRequest(null, Object(Config\Cache), false)
 9 SYSTEMPATH\Boot.php(334): CodeIgniter\CodeIgniter->run()
10 SYSTEMPATH\Boot.php(67): CodeIgniter\Boot::runCodeIgniter(Object(CodeIgniter\CodeIgniter))
11 FCPATH\index.php(56): CodeIgniter\Boot::bootWeb(Object(Config\Paths))
DEBUG - 2025-08-08 06:05:44 --> Session: Class initialized using 'CodeIgniter\Session\Handlers\FileHandler' driver.
DEBUG - 2025-08-08 06:05:44 --> User IP: ::1
ERROR - 2025-08-08 06:05:44 --> mysqli_sql_exception: Unknown column 'review_date' in 'field list' in C:\xampp\htdocs\gighz\system\Database\MySQLi\Connection.php:312
Stack trace:
#0 C:\xampp\htdocs\gighz\system\Database\MySQLi\Connection.php(312): mysqli->query('SELECT `departm...', 0)
#1 C:\xampp\htdocs\gighz\system\Database\BaseConnection.php(734): CodeIgniter\Database\MySQLi\Connection->execute('SELECT `departm...')
#2 C:\xampp\htdocs\gighz\system\Database\BaseConnection.php(648): CodeIgniter\Database\BaseConnection->simpleQuery('SELECT `departm...')
#3 C:\xampp\htdocs\gighz\system\Database\BaseBuilder.php(1644): CodeIgniter\Database\BaseConnection->query('SELECT `departm...', Array, false)
#4 C:\xampp\htdocs\gighz\app\Controllers\Hrms.php(933): CodeIgniter\Database\BaseBuilder->get()
#5 C:\xampp\htdocs\gighz\system\CodeIgniter.php(933): App\Controllers\Hrms->getData()
#6 C:\xampp\htdocs\gighz\system\CodeIgniter.php(509): CodeIgniter\CodeIgniter->runController(Object(App\Controllers\Hrms))
#7 C:\xampp\htdocs\gighz\system\CodeIgniter.php(355): CodeIgniter\CodeIgniter->handleRequest(NULL, Object(Config\Cache), false)
#8 C:\xampp\htdocs\gighz\system\Boot.php(334): CodeIgniter\CodeIgniter->run()
#9 C:\xampp\htdocs\gighz\system\Boot.php(67): CodeIgniter\Boot::runCodeIgniter(Object(CodeIgniter\CodeIgniter))
#10 C:\xampp\htdocs\gighz\public\index.php(56): CodeIgniter\Boot::bootWeb(Object(Config\Paths))
#11 {main}
CRITICAL - 2025-08-08 06:05:44 --> CodeIgniter\Database\Exceptions\DatabaseException: Unknown column 'review_date' in 'field list'
[Method: GET, Route: hrms/getData]
in SYSTEMPATH\Database\BaseConnection.php on line 688.
 1 SYSTEMPATH\Database\BaseBuilder.php(1644): CodeIgniter\Database\BaseConnection->query('SELECT `department`.`dept_name`, `employees`.`name`, `review_date`, `stages`
FROM `employee_appraisal`
JOIN `employees` ON `employees`.`emp_id` = `employee_appraisal`.`emp_id`
JOIN `department` ON `department`.`dept_id` = `employee_appraisal`.`department`', [], false)
 2 APPPATH\Controllers\Hrms.php(933): CodeIgniter\Database\BaseBuilder->get()
 3 SYSTEMPATH\CodeIgniter.php(933): App\Controllers\Hrms->getData()
 4 SYSTEMPATH\CodeIgniter.php(509): CodeIgniter\CodeIgniter->runController(Object(App\Controllers\Hrms))
 5 SYSTEMPATH\CodeIgniter.php(355): CodeIgniter\CodeIgniter->handleRequest(null, Object(Config\Cache), false)
 6 SYSTEMPATH\Boot.php(334): CodeIgniter\CodeIgniter->run()
 7 SYSTEMPATH\Boot.php(67): CodeIgniter\Boot::runCodeIgniter(Object(CodeIgniter\CodeIgniter))
 8 FCPATH\index.php(56): CodeIgniter\Boot::bootWeb(Object(Config\Paths))
CRITICAL - 2025-08-08 06:05:44 --> [Caused by] CodeIgniter\Database\Exceptions\DatabaseException: Unknown column 'review_date' in 'field list'
in SYSTEMPATH\Database\MySQLi\Connection.php on line 317.
 1 SYSTEMPATH\Database\BaseConnection.php(734): CodeIgniter\Database\MySQLi\Connection->execute('SELECT `department`.`dept_name`, `employees`.`name`, `review_date`, `stages`
FROM `employee_appraisal`
JOIN `employees` ON `employees`.`emp_id` = `employee_appraisal`.`emp_id`
JOIN `department` ON `department`.`dept_id` = `employee_appraisal`.`department`')
 2 SYSTEMPATH\Database\BaseConnection.php(648): CodeIgniter\Database\BaseConnection->simpleQuery('SELECT `department`.`dept_name`, `employees`.`name`, `review_date`, `stages`
FROM `employee_appraisal`
JOIN `employees` ON `employees`.`emp_id` = `employee_appraisal`.`emp_id`
JOIN `department` ON `department`.`dept_id` = `employee_appraisal`.`department`')
 3 SYSTEMPATH\Database\BaseBuilder.php(1644): CodeIgniter\Database\BaseConnection->query('SELECT `department`.`dept_name`, `employees`.`name`, `review_date`, `stages`
FROM `employee_appraisal`
JOIN `employees` ON `employees`.`emp_id` = `employee_appraisal`.`emp_id`
JOIN `department` ON `department`.`dept_id` = `employee_appraisal`.`department`', [], false)
 4 APPPATH\Controllers\Hrms.php(933): CodeIgniter\Database\BaseBuilder->get()
 5 SYSTEMPATH\CodeIgniter.php(933): App\Controllers\Hrms->getData()
 6 SYSTEMPATH\CodeIgniter.php(509): CodeIgniter\CodeIgniter->runController(Object(App\Controllers\Hrms))
 7 SYSTEMPATH\CodeIgniter.php(355): CodeIgniter\CodeIgniter->handleRequest(null, Object(Config\Cache), false)
 8 SYSTEMPATH\Boot.php(334): CodeIgniter\CodeIgniter->run()
 9 SYSTEMPATH\Boot.php(67): CodeIgniter\Boot::runCodeIgniter(Object(CodeIgniter\CodeIgniter))
10 FCPATH\index.php(56): CodeIgniter\Boot::bootWeb(Object(Config\Paths))
CRITICAL - 2025-08-08 06:05:44 --> [Caused by] mysqli_sql_exception: Unknown column 'review_date' in 'field list'
in SYSTEMPATH\Database\MySQLi\Connection.php on line 312.
 1 SYSTEMPATH\Database\MySQLi\Connection.php(312): mysqli->query('SELECT `department`.`dept_name`, `employees`.`name`, `review_date`, `stages`
FROM `employee_appraisal`
JOIN `employees` ON `employees`.`emp_id` = `employee_appraisal`.`emp_id`
JOIN `department` ON `department`.`dept_id` = `employee_appraisal`.`department`', 0)
 2 SYSTEMPATH\Database\BaseConnection.php(734): CodeIgniter\Database\MySQLi\Connection->execute('SELECT `department`.`dept_name`, `employees`.`name`, `review_date`, `stages`
FROM `employee_appraisal`
JOIN `employees` ON `employees`.`emp_id` = `employee_appraisal`.`emp_id`
JOIN `department` ON `department`.`dept_id` = `employee_appraisal`.`department`')
 3 SYSTEMPATH\Database\BaseConnection.php(648): CodeIgniter\Database\BaseConnection->simpleQuery('SELECT `department`.`dept_name`, `employees`.`name`, `review_date`, `stages`
FROM `employee_appraisal`
JOIN `employees` ON `employees`.`emp_id` = `employee_appraisal`.`emp_id`
JOIN `department` ON `department`.`dept_id` = `employee_appraisal`.`department`')
 4 SYSTEMPATH\Database\BaseBuilder.php(1644): CodeIgniter\Database\BaseConnection->query('SELECT `department`.`dept_name`, `employees`.`name`, `review_date`, `stages`
FROM `employee_appraisal`
JOIN `employees` ON `employees`.`emp_id` = `employee_appraisal`.`emp_id`
JOIN `department` ON `department`.`dept_id` = `employee_appraisal`.`department`', [], false)
 5 APPPATH\Controllers\Hrms.php(933): CodeIgniter\Database\BaseBuilder->get()
 6 SYSTEMPATH\CodeIgniter.php(933): App\Controllers\Hrms->getData()
 7 SYSTEMPATH\CodeIgniter.php(509): CodeIgniter\CodeIgniter->runController(Object(App\Controllers\Hrms))
 8 SYSTEMPATH\CodeIgniter.php(355): CodeIgniter\CodeIgniter->handleRequest(null, Object(Config\Cache), false)
 9 SYSTEMPATH\Boot.php(334): CodeIgniter\CodeIgniter->run()
10 SYSTEMPATH\Boot.php(67): CodeIgniter\Boot::runCodeIgniter(Object(CodeIgniter\CodeIgniter))
11 FCPATH\index.php(56): CodeIgniter\Boot::bootWeb(Object(Config\Paths))
DEBUG - 2025-08-08 06:06:16 --> Session: Class initialized using 'CodeIgniter\Session\Handlers\FileHandler' driver.
DEBUG - 2025-08-08 06:06:16 --> User IP: ::1
DEBUG - 2025-08-08 06:06:17 --> Session: Class initialized using 'CodeIgniter\Session\Handlers\FileHandler' driver.
DEBUG - 2025-08-08 06:06:17 --> User IP: ::1
DEBUG - 2025-08-08 06:06:21 --> Session: Class initialized using 'CodeIgniter\Session\Handlers\FileHandler' driver.
DEBUG - 2025-08-08 06:06:21 --> User IP: ::1
DEBUG - 2025-08-08 06:06:28 --> Session: Class initialized using 'CodeIgniter\Session\Handlers\FileHandler' driver.
DEBUG - 2025-08-08 06:06:28 --> User IP: ::1
DEBUG - 2025-08-08 06:06:37 --> Session: Class initialized using 'CodeIgniter\Session\Handlers\FileHandler' driver.
DEBUG - 2025-08-08 06:06:37 --> User IP: ::1
ERROR - 2025-08-08 06:06:37 --> mysqli_sql_exception: Unknown column 'review_date' in 'field list' in C:\xampp\htdocs\gighz\system\Database\MySQLi\Connection.php:312
Stack trace:
#0 C:\xampp\htdocs\gighz\system\Database\MySQLi\Connection.php(312): mysqli->query('INSERT INTO `em...', 0)
#1 C:\xampp\htdocs\gighz\system\Database\BaseConnection.php(734): CodeIgniter\Database\MySQLi\Connection->execute('INSERT INTO `em...')
#2 C:\xampp\htdocs\gighz\system\Database\BaseConnection.php(648): CodeIgniter\Database\BaseConnection->simpleQuery('INSERT INTO `em...')
#3 C:\xampp\htdocs\gighz\system\Database\BaseBuilder.php(2340): CodeIgniter\Database\BaseConnection->query('INSERT INTO `em...', Array, false)
#4 C:\xampp\htdocs\gighz\app\Controllers\Hrms.php(949): CodeIgniter\Database\BaseBuilder->insert(Array)
#5 C:\xampp\htdocs\gighz\system\CodeIgniter.php(933): App\Controllers\Hrms->store()
#6 C:\xampp\htdocs\gighz\system\CodeIgniter.php(509): CodeIgniter\CodeIgniter->runController(Object(App\Controllers\Hrms))
#7 C:\xampp\htdocs\gighz\system\CodeIgniter.php(355): CodeIgniter\CodeIgniter->handleRequest(NULL, Object(Config\Cache), false)
#8 C:\xampp\htdocs\gighz\system\Boot.php(334): CodeIgniter\CodeIgniter->run()
#9 C:\xampp\htdocs\gighz\system\Boot.php(67): CodeIgniter\Boot::runCodeIgniter(Object(CodeIgniter\CodeIgniter))
#10 C:\xampp\htdocs\gighz\public\index.php(56): CodeIgniter\Boot::bootWeb(Object(Config\Paths))
#11 {main}
CRITICAL - 2025-08-08 06:06:37 --> CodeIgniter\Database\Exceptions\DatabaseException: Unknown column 'review_date' in 'field list'
[Method: POST, Route: hrms/store]
in SYSTEMPATH\Database\BaseConnection.php on line 688.
 1 SYSTEMPATH\Database\BaseBuilder.php(2340): CodeIgniter\Database\BaseConnection->query('INSERT INTO `employee_appraisal` (`department`, `emp_id`, `review_date`, `stages`) VALUES (:department:, :emp_id:, :review_date:, :stages:)', [...], false)
 2 APPPATH\Controllers\Hrms.php(949): CodeIgniter\Database\BaseBuilder->insert([...])
 3 SYSTEMPATH\CodeIgniter.php(933): App\Controllers\Hrms->store()
 4 SYSTEMPATH\CodeIgniter.php(509): CodeIgniter\CodeIgniter->runController(Object(App\Controllers\Hrms))
 5 SYSTEMPATH\CodeIgniter.php(355): CodeIgniter\CodeIgniter->handleRequest(null, Object(Config\Cache), false)
 6 SYSTEMPATH\Boot.php(334): CodeIgniter\CodeIgniter->run()
 7 SYSTEMPATH\Boot.php(67): CodeIgniter\Boot::runCodeIgniter(Object(CodeIgniter\CodeIgniter))
 8 FCPATH\index.php(56): CodeIgniter\Boot::bootWeb(Object(Config\Paths))
CRITICAL - 2025-08-08 06:06:37 --> [Caused by] CodeIgniter\Database\Exceptions\DatabaseException: Unknown column 'review_date' in 'field list'
in SYSTEMPATH\Database\MySQLi\Connection.php on line 317.
 1 SYSTEMPATH\Database\BaseConnection.php(734): CodeIgniter\Database\MySQLi\Connection->execute('INSERT INTO `employee_appraisal` (`department`, `emp_id`, `review_date`, `stages`) VALUES (\'1\', \'GZ21\', \'2025-08-09\', \'initiated\')')
 2 SYSTEMPATH\Database\BaseConnection.php(648): CodeIgniter\Database\BaseConnection->simpleQuery('INSERT INTO `employee_appraisal` (`department`, `emp_id`, `review_date`, `stages`) VALUES (\'1\', \'GZ21\', \'2025-08-09\', \'initiated\')')
 3 SYSTEMPATH\Database\BaseBuilder.php(2340): CodeIgniter\Database\BaseConnection->query('INSERT INTO `employee_appraisal` (`department`, `emp_id`, `review_date`, `stages`) VALUES (:department:, :emp_id:, :review_date:, :stages:)', [...], false)
 4 APPPATH\Controllers\Hrms.php(949): CodeIgniter\Database\BaseBuilder->insert([...])
 5 SYSTEMPATH\CodeIgniter.php(933): App\Controllers\Hrms->store()
 6 SYSTEMPATH\CodeIgniter.php(509): CodeIgniter\CodeIgniter->runController(Object(App\Controllers\Hrms))
 7 SYSTEMPATH\CodeIgniter.php(355): CodeIgniter\CodeIgniter->handleRequest(null, Object(Config\Cache), false)
 8 SYSTEMPATH\Boot.php(334): CodeIgniter\CodeIgniter->run()
 9 SYSTEMPATH\Boot.php(67): CodeIgniter\Boot::runCodeIgniter(Object(CodeIgniter\CodeIgniter))
10 FCPATH\index.php(56): CodeIgniter\Boot::bootWeb(Object(Config\Paths))
CRITICAL - 2025-08-08 06:06:37 --> [Caused by] mysqli_sql_exception: Unknown column 'review_date' in 'field list'
in SYSTEMPATH\Database\MySQLi\Connection.php on line 312.
 1 SYSTEMPATH\Database\MySQLi\Connection.php(312): mysqli->query('INSERT INTO `employee_appraisal` (`department`, `emp_id`, `review_date`, `stages`) VALUES (\'1\', \'GZ21\', \'2025-08-09\', \'initiated\')', 0)
 2 SYSTEMPATH\Database\BaseConnection.php(734): CodeIgniter\Database\MySQLi\Connection->execute('INSERT INTO `employee_appraisal` (`department`, `emp_id`, `review_date`, `stages`) VALUES (\'1\', \'GZ21\', \'2025-08-09\', \'initiated\')')
 3 SYSTEMPATH\Database\BaseConnection.php(648): CodeIgniter\Database\BaseConnection->simpleQuery('INSERT INTO `employee_appraisal` (`department`, `emp_id`, `review_date`, `stages`) VALUES (\'1\', \'GZ21\', \'2025-08-09\', \'initiated\')')
 4 SYSTEMPATH\Database\BaseBuilder.php(2340): CodeIgniter\Database\BaseConnection->query('INSERT INTO `employee_appraisal` (`department`, `emp_id`, `review_date`, `stages`) VALUES (:department:, :emp_id:, :review_date:, :stages:)', [...], false)
 5 APPPATH\Controllers\Hrms.php(949): CodeIgniter\Database\BaseBuilder->insert([...])
 6 SYSTEMPATH\CodeIgniter.php(933): App\Controllers\Hrms->store()
 7 SYSTEMPATH\CodeIgniter.php(509): CodeIgniter\CodeIgniter->runController(Object(App\Controllers\Hrms))
 8 SYSTEMPATH\CodeIgniter.php(355): CodeIgniter\CodeIgniter->handleRequest(null, Object(Config\Cache), false)
 9 SYSTEMPATH\Boot.php(334): CodeIgniter\CodeIgniter->run()
10 SYSTEMPATH\Boot.php(67): CodeIgniter\Boot::runCodeIgniter(Object(CodeIgniter\CodeIgniter))
11 FCPATH\index.php(56): CodeIgniter\Boot::bootWeb(Object(Config\Paths))
DEBUG - 2025-08-08 06:06:44 --> Session: Class initialized using 'CodeIgniter\Session\Handlers\FileHandler' driver.
DEBUG - 2025-08-08 06:06:44 --> User IP: ::1
ERROR - 2025-08-08 06:06:44 --> mysqli_sql_exception: Unknown column 'review_date' in 'field list' in C:\xampp\htdocs\gighz\system\Database\MySQLi\Connection.php:312
Stack trace:
#0 C:\xampp\htdocs\gighz\system\Database\MySQLi\Connection.php(312): mysqli->query('INSERT INTO `em...', 0)
#1 C:\xampp\htdocs\gighz\system\Database\BaseConnection.php(734): CodeIgniter\Database\MySQLi\Connection->execute('INSERT INTO `em...')
#2 C:\xampp\htdocs\gighz\system\Database\BaseConnection.php(648): CodeIgniter\Database\BaseConnection->simpleQuery('INSERT INTO `em...')
#3 C:\xampp\htdocs\gighz\system\Database\BaseBuilder.php(2340): CodeIgniter\Database\BaseConnection->query('INSERT INTO `em...', Array, false)
#4 C:\xampp\htdocs\gighz\app\Controllers\Hrms.php(949): CodeIgniter\Database\BaseBuilder->insert(Array)
#5 C:\xampp\htdocs\gighz\system\CodeIgniter.php(933): App\Controllers\Hrms->store()
#6 C:\xampp\htdocs\gighz\system\CodeIgniter.php(509): CodeIgniter\CodeIgniter->runController(Object(App\Controllers\Hrms))
#7 C:\xampp\htdocs\gighz\system\CodeIgniter.php(355): CodeIgniter\CodeIgniter->handleRequest(NULL, Object(Config\Cache), false)
#8 C:\xampp\htdocs\gighz\system\Boot.php(334): CodeIgniter\CodeIgniter->run()
#9 C:\xampp\htdocs\gighz\system\Boot.php(67): CodeIgniter\Boot::runCodeIgniter(Object(CodeIgniter\CodeIgniter))
#10 C:\xampp\htdocs\gighz\public\index.php(56): CodeIgniter\Boot::bootWeb(Object(Config\Paths))
#11 {main}
CRITICAL - 2025-08-08 06:06:44 --> CodeIgniter\Database\Exceptions\DatabaseException: Unknown column 'review_date' in 'field list'
[Method: GET, Route: hrms/store]
in SYSTEMPATH\Database\BaseConnection.php on line 688.
 1 SYSTEMPATH\Database\BaseBuilder.php(2340): CodeIgniter\Database\BaseConnection->query('INSERT INTO `employee_appraisal` (`department`, `emp_id`, `review_date`, `stages`) VALUES (:department:, :emp_id:, :review_date:, :stages:)', [...], false)
 2 APPPATH\Controllers\Hrms.php(949): CodeIgniter\Database\BaseBuilder->insert([...])
 3 SYSTEMPATH\CodeIgniter.php(933): App\Controllers\Hrms->store()
 4 SYSTEMPATH\CodeIgniter.php(509): CodeIgniter\CodeIgniter->runController(Object(App\Controllers\Hrms))
 5 SYSTEMPATH\CodeIgniter.php(355): CodeIgniter\CodeIgniter->handleRequest(null, Object(Config\Cache), false)
 6 SYSTEMPATH\Boot.php(334): CodeIgniter\CodeIgniter->run()
 7 SYSTEMPATH\Boot.php(67): CodeIgniter\Boot::runCodeIgniter(Object(CodeIgniter\CodeIgniter))
 8 FCPATH\index.php(56): CodeIgniter\Boot::bootWeb(Object(Config\Paths))
CRITICAL - 2025-08-08 06:06:44 --> [Caused by] CodeIgniter\Database\Exceptions\DatabaseException: Unknown column 'review_date' in 'field list'
in SYSTEMPATH\Database\MySQLi\Connection.php on line 317.
 1 SYSTEMPATH\Database\BaseConnection.php(734): CodeIgniter\Database\MySQLi\Connection->execute('INSERT INTO `employee_appraisal` (`department`, `emp_id`, `review_date`, `stages`) VALUES (NULL, NULL, NULL, \'initiated\')')
 2 SYSTEMPATH\Database\BaseConnection.php(648): CodeIgniter\Database\BaseConnection->simpleQuery('INSERT INTO `employee_appraisal` (`department`, `emp_id`, `review_date`, `stages`) VALUES (NULL, NULL, NULL, \'initiated\')')
 3 SYSTEMPATH\Database\BaseBuilder.php(2340): CodeIgniter\Database\BaseConnection->query('INSERT INTO `employee_appraisal` (`department`, `emp_id`, `review_date`, `stages`) VALUES (:department:, :emp_id:, :review_date:, :stages:)', [...], false)
 4 APPPATH\Controllers\Hrms.php(949): CodeIgniter\Database\BaseBuilder->insert([...])
 5 SYSTEMPATH\CodeIgniter.php(933): App\Controllers\Hrms->store()
 6 SYSTEMPATH\CodeIgniter.php(509): CodeIgniter\CodeIgniter->runController(Object(App\Controllers\Hrms))
 7 SYSTEMPATH\CodeIgniter.php(355): CodeIgniter\CodeIgniter->handleRequest(null, Object(Config\Cache), false)
 8 SYSTEMPATH\Boot.php(334): CodeIgniter\CodeIgniter->run()
 9 SYSTEMPATH\Boot.php(67): CodeIgniter\Boot::runCodeIgniter(Object(CodeIgniter\CodeIgniter))
10 FCPATH\index.php(56): CodeIgniter\Boot::bootWeb(Object(Config\Paths))
CRITICAL - 2025-08-08 06:06:44 --> [Caused by] mysqli_sql_exception: Unknown column 'review_date' in 'field list'
in SYSTEMPATH\Database\MySQLi\Connection.php on line 312.
 1 SYSTEMPATH\Database\MySQLi\Connection.php(312): mysqli->query('INSERT INTO `employee_appraisal` (`department`, `emp_id`, `review_date`, `stages`) VALUES (NULL, NULL, NULL, \'initiated\')', 0)
 2 SYSTEMPATH\Database\BaseConnection.php(734): CodeIgniter\Database\MySQLi\Connection->execute('INSERT INTO `employee_appraisal` (`department`, `emp_id`, `review_date`, `stages`) VALUES (NULL, NULL, NULL, \'initiated\')')
 3 SYSTEMPATH\Database\BaseConnection.php(648): CodeIgniter\Database\BaseConnection->simpleQuery('INSERT INTO `employee_appraisal` (`department`, `emp_id`, `review_date`, `stages`) VALUES (NULL, NULL, NULL, \'initiated\')')
 4 SYSTEMPATH\Database\BaseBuilder.php(2340): CodeIgniter\Database\BaseConnection->query('INSERT INTO `employee_appraisal` (`department`, `emp_id`, `review_date`, `stages`) VALUES (:department:, :emp_id:, :review_date:, :stages:)', [...], false)
 5 APPPATH\Controllers\Hrms.php(949): CodeIgniter\Database\BaseBuilder->insert([...])
 6 SYSTEMPATH\CodeIgniter.php(933): App\Controllers\Hrms->store()
 7 SYSTEMPATH\CodeIgniter.php(509): CodeIgniter\CodeIgniter->runController(Object(App\Controllers\Hrms))
 8 SYSTEMPATH\CodeIgniter.php(355): CodeIgniter\CodeIgniter->handleRequest(null, Object(Config\Cache), false)
 9 SYSTEMPATH\Boot.php(334): CodeIgniter\CodeIgniter->run()
10 SYSTEMPATH\Boot.php(67): CodeIgniter\Boot::runCodeIgniter(Object(CodeIgniter\CodeIgniter))
11 FCPATH\index.php(56): CodeIgniter\Boot::bootWeb(Object(Config\Paths))
DEBUG - 2025-08-08 06:07:05 --> Session: Class initialized using 'CodeIgniter\Session\Handlers\FileHandler' driver.
DEBUG - 2025-08-08 06:07:06 --> User IP: ::1
DEBUG - 2025-08-08 06:07:06 --> Session: Class initialized using 'CodeIgniter\Session\Handlers\FileHandler' driver.
DEBUG - 2025-08-08 06:07:06 --> User IP: ::1
DEBUG - 2025-08-08 06:07:09 --> Session: Class initialized using 'CodeIgniter\Session\Handlers\FileHandler' driver.
DEBUG - 2025-08-08 06:07:09 --> User IP: ::1
DEBUG - 2025-08-08 06:07:12 --> Session: Class initialized using 'CodeIgniter\Session\Handlers\FileHandler' driver.
DEBUG - 2025-08-08 06:07:12 --> User IP: ::1
DEBUG - 2025-08-08 06:07:23 --> Session: Class initialized using 'CodeIgniter\Session\Handlers\FileHandler' driver.
DEBUG - 2025-08-08 06:07:23 --> User IP: ::1
DEBUG - 2025-08-08 06:07:23 --> Session: Class initialized using 'CodeIgniter\Session\Handlers\FileHandler' driver.
DEBUG - 2025-08-08 06:07:23 --> User IP: ::1
DEBUG - 2025-08-08 06:07:57 --> Session: Class initialized using 'CodeIgniter\Session\Handlers\FileHandler' driver.
DEBUG - 2025-08-08 06:07:57 --> User IP: ::1
DEBUG - 2025-08-08 06:07:58 --> Session: Class initialized using 'CodeIgniter\Session\Handlers\FileHandler' driver.
DEBUG - 2025-08-08 06:07:58 --> User IP: ::1
DEBUG - 2025-08-08 06:16:44 --> Session: Class initialized using 'CodeIgniter\Session\Handlers\FileHandler' driver.
DEBUG - 2025-08-08 06:16:44 --> User IP: ::1
DEBUG - 2025-08-08 06:16:44 --> Session: Class initialized using 'CodeIgniter\Session\Handlers\FileHandler' driver.
DEBUG - 2025-08-08 06:16:45 --> User IP: ::1
DEBUG - 2025-08-08 06:16:51 --> Session: Class initialized using 'CodeIgniter\Session\Handlers\FileHandler' driver.
DEBUG - 2025-08-08 06:16:51 --> User IP: ::1
DEBUG - 2025-08-08 06:16:54 --> Session: Class initialized using 'CodeIgniter\Session\Handlers\FileHandler' driver.
DEBUG - 2025-08-08 06:16:54 --> User IP: ::1
DEBUG - 2025-08-08 06:17:03 --> Session: Class initialized using 'CodeIgniter\Session\Handlers\FileHandler' driver.
DEBUG - 2025-08-08 06:17:03 --> User IP: ::1
DEBUG - 2025-08-08 06:17:08 --> Session: Class initialized using 'CodeIgniter\Session\Handlers\FileHandler' driver.
DEBUG - 2025-08-08 06:17:08 --> User IP: ::1
DEBUG - 2025-08-08 06:17:09 --> Session: Class initialized using 'CodeIgniter\Session\Handlers\FileHandler' driver.
DEBUG - 2025-08-08 06:17:09 --> User IP: ::1
DEBUG - 2025-08-08 06:17:43 --> Session: Class initialized using 'CodeIgniter\Session\Handlers\FileHandler' driver.
DEBUG - 2025-08-08 06:17:43 --> User IP: ::1
DEBUG - 2025-08-08 06:17:43 --> Session: Class initialized using 'CodeIgniter\Session\Handlers\FileHandler' driver.
DEBUG - 2025-08-08 06:17:43 --> User IP: ::1
DEBUG - 2025-08-08 06:17:44 --> Session: Class initialized using 'CodeIgniter\Session\Handlers\FileHandler' driver.
DEBUG - 2025-08-08 06:17:44 --> User IP: ::1
DEBUG - 2025-08-08 06:17:46 --> Session: Class initialized using 'CodeIgniter\Session\Handlers\FileHandler' driver.
DEBUG - 2025-08-08 06:17:46 --> User IP: ::1
DEBUG - 2025-08-08 06:17:52 --> Session: Class initialized using 'CodeIgniter\Session\Handlers\FileHandler' driver.
DEBUG - 2025-08-08 06:17:52 --> User IP: ::1
DEBUG - 2025-08-08 06:17:52 --> Session: Class initialized using 'CodeIgniter\Session\Handlers\FileHandler' driver.
DEBUG - 2025-08-08 06:17:52 --> User IP: ::1
DEBUG - 2025-08-08 06:18:09 --> Session: Class initialized using 'CodeIgniter\Session\Handlers\FileHandler' driver.
DEBUG - 2025-08-08 06:18:09 --> User IP: ::1
DEBUG - 2025-08-08 06:18:10 --> Session: Class initialized using 'CodeIgniter\Session\Handlers\FileHandler' driver.
DEBUG - 2025-08-08 06:18:10 --> User IP: ::1
DEBUG - 2025-08-08 06:24:31 --> Session: Class initialized using 'CodeIgniter\Session\Handlers\FileHandler' driver.
DEBUG - 2025-08-08 06:24:31 --> User IP: ::1
DEBUG - 2025-08-08 06:25:03 --> Session: Class initialized using 'CodeIgniter\Session\Handlers\FileHandler' driver.
DEBUG - 2025-08-08 06:25:03 --> User IP: ::1
DEBUG - 2025-08-08 06:26:28 --> Session: Class initialized using 'CodeIgniter\Session\Handlers\FileHandler' driver.
DEBUG - 2025-08-08 06:26:28 --> User IP: ::1
DEBUG - 2025-08-08 06:26:29 --> Session: Class initialized using 'CodeIgniter\Session\Handlers\FileHandler' driver.
DEBUG - 2025-08-08 06:26:29 --> User IP: ::1
DEBUG - 2025-08-08 06:27:50 --> Session: Class initialized using 'CodeIgniter\Session\Handlers\FileHandler' driver.
DEBUG - 2025-08-08 06:27:50 --> User IP: ::1
DEBUG - 2025-08-08 06:27:51 --> Session: Class initialized using 'CodeIgniter\Session\Handlers\FileHandler' driver.
DEBUG - 2025-08-08 06:27:51 --> User IP: ::1
DEBUG - 2025-08-08 06:29:45 --> Session: Class initialized using 'CodeIgniter\Session\Handlers\FileHandler' driver.
DEBUG - 2025-08-08 06:29:45 --> User IP: ::1
DEBUG - 2025-08-08 06:29:46 --> Session: Class initialized using 'CodeIgniter\Session\Handlers\FileHandler' driver.
DEBUG - 2025-08-08 06:29:46 --> User IP: ::1
DEBUG - 2025-08-08 06:30:00 --> Session: Class initialized using 'CodeIgniter\Session\Handlers\FileHandler' driver.
DEBUG - 2025-08-08 06:30:00 --> User IP: ::1
DEBUG - 2025-08-08 06:30:00 --> Session: Class initialized using 'CodeIgniter\Session\Handlers\FileHandler' driver.
DEBUG - 2025-08-08 06:30:00 --> User IP: ::1
DEBUG - 2025-08-08 06:30:32 --> Session: Class initialized using 'CodeIgniter\Session\Handlers\FileHandler' driver.
DEBUG - 2025-08-08 06:30:32 --> User IP: ::1
DEBUG - 2025-08-08 06:41:20 --> Session: Class initialized using 'CodeIgniter\Session\Handlers\FileHandler' driver.
DEBUG - 2025-08-08 06:41:20 --> User IP: ::1
CRITICAL - 2025-08-08 06:41:20 --> ErrorException: Undefined variable $data
[Method: GET, Route: hrms/appraisal_details/2]
in APPPATH\Views\hrms\appraisal_details.php on line 19.
 1 APPPATH\Views\hrms\appraisal_details.php(19): CodeIgniter\Debug\Exceptions->errorHandler(2, 'Undefined variable $data', 'C:\\xampp\\htdocs\\gighz\\app\\Views\\hrms\\appraisal_details.php', 19)
 2 SYSTEMPATH\View\View.php(234): include('C:\\xampp\\htdocs\\gighz\\app\\Views\\hrms\\appraisal_details.php')
 3 SYSTEMPATH\View\View.php(237): CodeIgniter\View\View->CodeIgniter\View\{closure}()
 4 SYSTEMPATH\Common.php(1171): CodeIgniter\View\View->render('hrms/appraisal_details', [], true)
 5 APPPATH\Controllers\Hrms.php(968): view('hrms/appraisal_details', [...])
 6 SYSTEMPATH\CodeIgniter.php(933): App\Controllers\Hrms->appraisal_details('2')
 7 SYSTEMPATH\CodeIgniter.php(509): CodeIgniter\CodeIgniter->runController(Object(App\Controllers\Hrms))
 8 SYSTEMPATH\CodeIgniter.php(355): CodeIgniter\CodeIgniter->handleRequest(null, Object(Config\Cache), false)
 9 SYSTEMPATH\Boot.php(334): CodeIgniter\CodeIgniter->run()
10 SYSTEMPATH\Boot.php(67): CodeIgniter\Boot::runCodeIgniter(Object(CodeIgniter\CodeIgniter))
11 FCPATH\index.php(56): CodeIgniter\Boot::bootWeb(Object(Config\Paths))
DEBUG - 2025-08-08 06:42:05 --> Session: Class initialized using 'CodeIgniter\Session\Handlers\FileHandler' driver.
DEBUG - 2025-08-08 06:42:05 --> User IP: ::1
CRITICAL - 2025-08-08 06:42:05 --> ErrorException: Array to string conversion
[Method: GET, Route: hrms/appraisal_details/2]
in APPPATH\Views\hrms\appraisal_details.php on line 22.
 1 APPPATH\Views\hrms\appraisal_details.php(22): CodeIgniter\Debug\Exceptions->errorHandler(2, 'Array to string conversion', 'C:\\xampp\\htdocs\\gighz\\app\\Views\\hrms\\appraisal_details.php', 22)
 2 SYSTEMPATH\View\View.php(234): include('C:\\xampp\\htdocs\\gighz\\app\\Views\\hrms\\appraisal_details.php')
 3 SYSTEMPATH\View\View.php(237): CodeIgniter\View\View->CodeIgniter\View\{closure}()
 4 SYSTEMPATH\Common.php(1171): CodeIgniter\View\View->render('hrms/appraisal_details', [], true)
 5 APPPATH\Controllers\Hrms.php(968): view('hrms/appraisal_details', [...])
 6 SYSTEMPATH\CodeIgniter.php(933): App\Controllers\Hrms->appraisal_details('2')
 7 SYSTEMPATH\CodeIgniter.php(509): CodeIgniter\CodeIgniter->runController(Object(App\Controllers\Hrms))
 8 SYSTEMPATH\CodeIgniter.php(355): CodeIgniter\CodeIgniter->handleRequest(null, Object(Config\Cache), false)
 9 SYSTEMPATH\Boot.php(334): CodeIgniter\CodeIgniter->run()
10 SYSTEMPATH\Boot.php(67): CodeIgniter\Boot::runCodeIgniter(Object(CodeIgniter\CodeIgniter))
11 FCPATH\index.php(56): CodeIgniter\Boot::bootWeb(Object(Config\Paths))
DEBUG - 2025-08-08 06:55:14 --> Session: Class initialized using 'CodeIgniter\Session\Handlers\FileHandler' driver.
DEBUG - 2025-08-08 06:55:14 --> User IP: ::1
DEBUG - 2025-08-08 06:56:39 --> Session: Class initialized using 'CodeIgniter\Session\Handlers\FileHandler' driver.
DEBUG - 2025-08-08 06:56:39 --> User IP: ::1
DEBUG - 2025-08-08 07:00:35 --> Session: Class initialized using 'CodeIgniter\Session\Handlers\FileHandler' driver.
DEBUG - 2025-08-08 07:00:35 --> User IP: ::1
DEBUG - 2025-08-08 07:10:36 --> Session: Class initialized using 'CodeIgniter\Session\Handlers\FileHandler' driver.
DEBUG - 2025-08-08 07:10:36 --> User IP: ::1
DEBUG - 2025-08-08 07:13:53 --> Session: Class initialized using 'CodeIgniter\Session\Handlers\FileHandler' driver.
DEBUG - 2025-08-08 07:13:53 --> User IP: ::1
DEBUG - 2025-08-08 07:22:44 --> Session: Class initialized using 'CodeIgniter\Session\Handlers\FileHandler' driver.
DEBUG - 2025-08-08 07:22:44 --> User IP: ::1
DEBUG - 2025-08-08 07:22:45 --> Session: Class initialized using 'CodeIgniter\Session\Handlers\FileHandler' driver.
DEBUG - 2025-08-08 07:22:45 --> User IP: ::1
DEBUG - 2025-08-08 07:27:36 --> Session: Class initialized using 'CodeIgniter\Session\Handlers\FileHandler' driver.
DEBUG - 2025-08-08 07:27:36 --> User IP: ::1
DEBUG - 2025-08-08 07:32:32 --> Session: Class initialized using 'CodeIgniter\Session\Handlers\FileHandler' driver.
DEBUG - 2025-08-08 07:32:32 --> User IP: ::1
DEBUG - 2025-08-08 07:34:00 --> Session: Class initialized using 'CodeIgniter\Session\Handlers\FileHandler' driver.
DEBUG - 2025-08-08 07:34:00 --> User IP: ::1
DEBUG - 2025-08-08 08:39:19 --> Session: Class initialized using 'CodeIgniter\Session\Handlers\FileHandler' driver.
DEBUG - 2025-08-08 08:39:19 --> User IP: ::1
DEBUG - 2025-08-08 08:39:37 --> Session: Class initialized using 'CodeIgniter\Session\Handlers\FileHandler' driver.
DEBUG - 2025-08-08 08:39:37 --> User IP: ::1
DEBUG - 2025-08-08 08:42:19 --> Session: Class initialized using 'CodeIgniter\Session\Handlers\FileHandler' driver.
DEBUG - 2025-08-08 08:42:19 --> User IP: ::1
DEBUG - 2025-08-08 08:43:51 --> Session: Class initialized using 'CodeIgniter\Session\Handlers\FileHandler' driver.
DEBUG - 2025-08-08 08:43:51 --> User IP: ::1
DEBUG - 2025-08-08 08:44:07 --> Session: Class initialized using 'CodeIgniter\Session\Handlers\FileHandler' driver.
DEBUG - 2025-08-08 08:44:07 --> User IP: ::1
DEBUG - 2025-08-08 08:44:07 --> Session: Class initialized using 'CodeIgniter\Session\Handlers\FileHandler' driver.
DEBUG - 2025-08-08 08:44:07 --> User IP: ::1
DEBUG - 2025-08-08 08:44:10 --> Session: Class initialized using 'CodeIgniter\Session\Handlers\FileHandler' driver.
DEBUG - 2025-08-08 08:44:10 --> User IP: ::1
DEBUG - 2025-08-08 08:44:11 --> Session: Class initialized using 'CodeIgniter\Session\Handlers\FileHandler' driver.
DEBUG - 2025-08-08 08:44:11 --> User IP: ::1
DEBUG - 2025-08-08 08:44:12 --> Session: Class initialized using 'CodeIgniter\Session\Handlers\FileHandler' driver.
DEBUG - 2025-08-08 08:44:12 --> User IP: ::1
DEBUG - 2025-08-08 08:44:14 --> Session: Class initialized using 'CodeIgniter\Session\Handlers\FileHandler' driver.
DEBUG - 2025-08-08 08:44:14 --> User IP: ::1
DEBUG - 2025-08-08 08:48:53 --> Session: Class initialized using 'CodeIgniter\Session\Handlers\FileHandler' driver.
DEBUG - 2025-08-08 08:48:53 --> User IP: ::1
DEBUG - 2025-08-08 08:49:11 --> Session: Class initialized using 'CodeIgniter\Session\Handlers\FileHandler' driver.
DEBUG - 2025-08-08 08:49:11 --> User IP: ::1
DEBUG - 2025-08-08 08:49:33 --> Session: Class initialized using 'CodeIgniter\Session\Handlers\FileHandler' driver.
DEBUG - 2025-08-08 08:49:33 --> User IP: ::1
DEBUG - 2025-08-08 08:49:41 --> Session: Class initialized using 'CodeIgniter\Session\Handlers\FileHandler' driver.
DEBUG - 2025-08-08 08:49:41 --> User IP: ::1
DEBUG - 2025-08-08 08:49:59 --> Session: Class initialized using 'CodeIgniter\Session\Handlers\FileHandler' driver.
DEBUG - 2025-08-08 08:49:59 --> User IP: ::1
DEBUG - 2025-08-08 08:50:05 --> Session: Class initialized using 'CodeIgniter\Session\Handlers\FileHandler' driver.
DEBUG - 2025-08-08 08:50:05 --> User IP: ::1
DEBUG - 2025-08-08 08:50:21 --> Session: Class initialized using 'CodeIgniter\Session\Handlers\FileHandler' driver.
DEBUG - 2025-08-08 08:50:21 --> User IP: ::1
DEBUG - 2025-08-08 08:52:51 --> Session: Class initialized using 'CodeIgniter\Session\Handlers\FileHandler' driver.
DEBUG - 2025-08-08 08:52:51 --> User IP: ::1
DEBUG - 2025-08-08 08:53:00 --> Session: Class initialized using 'CodeIgniter\Session\Handlers\FileHandler' driver.
DEBUG - 2025-08-08 08:53:00 --> User IP: ::1
DEBUG - 2025-08-08 08:53:16 --> Session: Class initialized using 'CodeIgniter\Session\Handlers\FileHandler' driver.
DEBUG - 2025-08-08 08:53:16 --> User IP: ::1
DEBUG - 2025-08-08 08:53:27 --> Session: Class initialized using 'CodeIgniter\Session\Handlers\FileHandler' driver.
DEBUG - 2025-08-08 08:53:27 --> User IP: ::1
DEBUG - 2025-08-08 08:53:40 --> Session: Class initialized using 'CodeIgniter\Session\Handlers\FileHandler' driver.
DEBUG - 2025-08-08 08:53:40 --> User IP: ::1
DEBUG - 2025-08-08 08:53:56 --> Session: Class initialized using 'CodeIgniter\Session\Handlers\FileHandler' driver.
DEBUG - 2025-08-08 08:53:56 --> User IP: ::1
DEBUG - 2025-08-08 08:54:10 --> Session: Class initialized using 'CodeIgniter\Session\Handlers\FileHandler' driver.
DEBUG - 2025-08-08 08:54:10 --> User IP: ::1
DEBUG - 2025-08-08 08:54:15 --> Session: Class initialized using 'CodeIgniter\Session\Handlers\FileHandler' driver.
DEBUG - 2025-08-08 08:54:15 --> User IP: ::1
DEBUG - 2025-08-08 08:54:44 --> Session: Class initialized using 'CodeIgniter\Session\Handlers\FileHandler' driver.
DEBUG - 2025-08-08 08:54:44 --> User IP: ::1
DEBUG - 2025-08-08 08:54:46 --> Session: Class initialized using 'CodeIgniter\Session\Handlers\FileHandler' driver.
DEBUG - 2025-08-08 08:54:46 --> User IP: ::1
DEBUG - 2025-08-08 08:55:05 --> Session: Class initialized using 'CodeIgniter\Session\Handlers\FileHandler' driver.
DEBUG - 2025-08-08 08:55:05 --> User IP: ::1
DEBUG - 2025-08-08 08:55:38 --> Session: Class initialized using 'CodeIgniter\Session\Handlers\FileHandler' driver.
DEBUG - 2025-08-08 08:55:38 --> User IP: ::1
DEBUG - 2025-08-08 08:55:59 --> Session: Class initialized using 'CodeIgniter\Session\Handlers\FileHandler' driver.
DEBUG - 2025-08-08 08:55:59 --> User IP: ::1
DEBUG - 2025-08-08 08:56:05 --> Session: Class initialized using 'CodeIgniter\Session\Handlers\FileHandler' driver.
DEBUG - 2025-08-08 08:56:05 --> User IP: ::1
DEBUG - 2025-08-08 08:56:09 --> Session: Class initialized using 'CodeIgniter\Session\Handlers\FileHandler' driver.
DEBUG - 2025-08-08 08:56:09 --> User IP: ::1
DEBUG - 2025-08-08 08:56:28 --> Session: Class initialized using 'CodeIgniter\Session\Handlers\FileHandler' driver.
DEBUG - 2025-08-08 08:56:28 --> User IP: ::1
DEBUG - 2025-08-08 08:56:59 --> Session: Class initialized using 'CodeIgniter\Session\Handlers\FileHandler' driver.
DEBUG - 2025-08-08 08:56:59 --> User IP: ::1
DEBUG - 2025-08-08 08:57:02 --> Session: Class initialized using 'CodeIgniter\Session\Handlers\FileHandler' driver.
DEBUG - 2025-08-08 08:57:02 --> User IP: ::1
DEBUG - 2025-08-08 08:57:08 --> Session: Class initialized using 'CodeIgniter\Session\Handlers\FileHandler' driver.
DEBUG - 2025-08-08 08:57:08 --> User IP: ::1
DEBUG - 2025-08-08 08:57:12 --> Session: Class initialized using 'CodeIgniter\Session\Handlers\FileHandler' driver.
DEBUG - 2025-08-08 08:57:12 --> User IP: ::1
DEBUG - 2025-08-08 08:57:43 --> Session: Class initialized using 'CodeIgniter\Session\Handlers\FileHandler' driver.
DEBUG - 2025-08-08 08:57:43 --> User IP: ::1
DEBUG - 2025-08-08 08:57:57 --> Session: Class initialized using 'CodeIgniter\Session\Handlers\FileHandler' driver.
DEBUG - 2025-08-08 08:57:57 --> User IP: ::1
DEBUG - 2025-08-08 08:58:22 --> Session: Class initialized using 'CodeIgniter\Session\Handlers\FileHandler' driver.
DEBUG - 2025-08-08 08:58:22 --> User IP: ::1
DEBUG - 2025-08-08 08:58:25 --> Session: Class initialized using 'CodeIgniter\Session\Handlers\FileHandler' driver.
DEBUG - 2025-08-08 08:58:25 --> User IP: ::1
DEBUG - 2025-08-08 08:58:32 --> Session: Class initialized using 'CodeIgniter\Session\Handlers\FileHandler' driver.
DEBUG - 2025-08-08 08:58:32 --> User IP: ::1
DEBUG - 2025-08-08 09:00:04 --> Session: Class initialized using 'CodeIgniter\Session\Handlers\FileHandler' driver.
DEBUG - 2025-08-08 09:00:04 --> User IP: ::1
DEBUG - 2025-08-08 09:00:14 --> Session: Class initialized using 'CodeIgniter\Session\Handlers\FileHandler' driver.
DEBUG - 2025-08-08 09:00:14 --> User IP: ::1
DEBUG - 2025-08-08 09:00:21 --> Session: Class initialized using 'CodeIgniter\Session\Handlers\FileHandler' driver.
DEBUG - 2025-08-08 09:00:21 --> User IP: ::1
DEBUG - 2025-08-08 09:25:41 --> Session: Class initialized using 'CodeIgniter\Session\Handlers\FileHandler' driver.
DEBUG - 2025-08-08 09:25:41 --> User IP: ::1
DEBUG - 2025-08-08 09:26:56 --> Session: Class initialized using 'CodeIgniter\Session\Handlers\FileHandler' driver.
DEBUG - 2025-08-08 09:26:56 --> User IP: ::1
DEBUG - 2025-08-08 09:27:15 --> Session: Class initialized using 'CodeIgniter\Session\Handlers\FileHandler' driver.
DEBUG - 2025-08-08 09:27:15 --> User IP: ::1
DEBUG - 2025-08-08 09:27:47 --> Session: Class initialized using 'CodeIgniter\Session\Handlers\FileHandler' driver.
DEBUG - 2025-08-08 09:27:47 --> User IP: ::1
DEBUG - 2025-08-08 09:28:30 --> Session: Class initialized using 'CodeIgniter\Session\Handlers\FileHandler' driver.
DEBUG - 2025-08-08 09:28:30 --> User IP: ::1
DEBUG - 2025-08-08 09:29:31 --> Session: Class initialized using 'CodeIgniter\Session\Handlers\FileHandler' driver.
DEBUG - 2025-08-08 09:29:31 --> User IP: ::1
DEBUG - 2025-08-08 09:29:55 --> Session: Class initialized using 'CodeIgniter\Session\Handlers\FileHandler' driver.
DEBUG - 2025-08-08 09:29:55 --> User IP: ::1
DEBUG - 2025-08-08 09:30:07 --> Session: Class initialized using 'CodeIgniter\Session\Handlers\FileHandler' driver.
DEBUG - 2025-08-08 09:30:07 --> User IP: ::1
DEBUG - 2025-08-08 09:30:09 --> Session: Class initialized using 'CodeIgniter\Session\Handlers\FileHandler' driver.
DEBUG - 2025-08-08 09:30:09 --> User IP: ::1
DEBUG - 2025-08-08 09:30:14 --> Session: Class initialized using 'CodeIgniter\Session\Handlers\FileHandler' driver.
DEBUG - 2025-08-08 09:30:14 --> User IP: ::1
DEBUG - 2025-08-08 09:30:21 --> Session: Class initialized using 'CodeIgniter\Session\Handlers\FileHandler' driver.
DEBUG - 2025-08-08 09:30:21 --> User IP: ::1
DEBUG - 2025-08-08 09:30:36 --> Session: Class initialized using 'CodeIgniter\Session\Handlers\FileHandler' driver.
DEBUG - 2025-08-08 09:30:36 --> User IP: ::1
DEBUG - 2025-08-08 09:30:47 --> Session: Class initialized using 'CodeIgniter\Session\Handlers\FileHandler' driver.
DEBUG - 2025-08-08 09:30:47 --> User IP: ::1
DEBUG - 2025-08-08 09:31:01 --> Session: Class initialized using 'CodeIgniter\Session\Handlers\FileHandler' driver.
DEBUG - 2025-08-08 09:31:01 --> User IP: ::1
DEBUG - 2025-08-08 09:31:09 --> Session: Class initialized using 'CodeIgniter\Session\Handlers\FileHandler' driver.
DEBUG - 2025-08-08 09:31:09 --> User IP: ::1
DEBUG - 2025-08-08 09:31:22 --> Session: Class initialized using 'CodeIgniter\Session\Handlers\FileHandler' driver.
DEBUG - 2025-08-08 09:31:22 --> User IP: ::1
DEBUG - 2025-08-08 09:45:53 --> Session: Class initialized using 'CodeIgniter\Session\Handlers\FileHandler' driver.
DEBUG - 2025-08-08 09:45:53 --> User IP: ::1
DEBUG - 2025-08-08 09:46:19 --> Session: Class initialized using 'CodeIgniter\Session\Handlers\FileHandler' driver.
DEBUG - 2025-08-08 09:46:19 --> User IP: ::1
DEBUG - 2025-08-08 09:46:59 --> Session: Class initialized using 'CodeIgniter\Session\Handlers\FileHandler' driver.
DEBUG - 2025-08-08 09:46:59 --> User IP: ::1
DEBUG - 2025-08-08 09:47:29 --> Session: Class initialized using 'CodeIgniter\Session\Handlers\FileHandler' driver.
DEBUG - 2025-08-08 09:47:29 --> User IP: ::1
DEBUG - 2025-08-08 09:47:36 --> Session: Class initialized using 'CodeIgniter\Session\Handlers\FileHandler' driver.
DEBUG - 2025-08-08 09:47:36 --> User IP: ::1
DEBUG - 2025-08-08 09:47:42 --> Session: Class initialized using 'CodeIgniter\Session\Handlers\FileHandler' driver.
DEBUG - 2025-08-08 09:47:42 --> User IP: ::1
DEBUG - 2025-08-08 09:47:56 --> Session: Class initialized using 'CodeIgniter\Session\Handlers\FileHandler' driver.
DEBUG - 2025-08-08 09:47:56 --> User IP: ::1
DEBUG - 2025-08-08 09:48:05 --> Session: Class initialized using 'CodeIgniter\Session\Handlers\FileHandler' driver.
DEBUG - 2025-08-08 09:48:05 --> User IP: ::1
DEBUG - 2025-08-08 09:48:15 --> Session: Class initialized using 'CodeIgniter\Session\Handlers\FileHandler' driver.
DEBUG - 2025-08-08 09:48:15 --> User IP: ::1
DEBUG - 2025-08-08 09:48:47 --> Session: Class initialized using 'CodeIgniter\Session\Handlers\FileHandler' driver.
DEBUG - 2025-08-08 09:48:47 --> User IP: ::1
DEBUG - 2025-08-08 09:50:03 --> Session: Class initialized using 'CodeIgniter\Session\Handlers\FileHandler' driver.
DEBUG - 2025-08-08 09:50:03 --> User IP: ::1
DEBUG - 2025-08-08 09:51:33 --> Session: Class initialized using 'CodeIgniter\Session\Handlers\FileHandler' driver.
DEBUG - 2025-08-08 09:51:33 --> User IP: ::1
DEBUG - 2025-08-08 09:52:37 --> Session: Class initialized using 'CodeIgniter\Session\Handlers\FileHandler' driver.
DEBUG - 2025-08-08 09:52:37 --> User IP: ::1
DEBUG - 2025-08-08 09:54:28 --> Session: Class initialized using 'CodeIgniter\Session\Handlers\FileHandler' driver.
DEBUG - 2025-08-08 09:54:28 --> User IP: ::1
DEBUG - 2025-08-08 09:54:44 --> Session: Class initialized using 'CodeIgniter\Session\Handlers\FileHandler' driver.
DEBUG - 2025-08-08 09:54:44 --> User IP: ::1
DEBUG - 2025-08-08 09:54:50 --> Session: Class initialized using 'CodeIgniter\Session\Handlers\FileHandler' driver.
DEBUG - 2025-08-08 09:54:50 --> User IP: ::1
DEBUG - 2025-08-08 09:54:59 --> Session: Class initialized using 'CodeIgniter\Session\Handlers\FileHandler' driver.
DEBUG - 2025-08-08 09:54:59 --> User IP: ::1
DEBUG - 2025-08-08 09:55:06 --> Session: Class initialized using 'CodeIgniter\Session\Handlers\FileHandler' driver.
DEBUG - 2025-08-08 09:55:06 --> User IP: ::1
DEBUG - 2025-08-08 09:55:23 --> Session: Class initialized using 'CodeIgniter\Session\Handlers\FileHandler' driver.
DEBUG - 2025-08-08 09:55:23 --> User IP: ::1
DEBUG - 2025-08-08 09:55:33 --> Session: Class initialized using 'CodeIgniter\Session\Handlers\FileHandler' driver.
DEBUG - 2025-08-08 09:55:33 --> User IP: ::1
DEBUG - 2025-08-08 09:57:54 --> Session: Class initialized using 'CodeIgniter\Session\Handlers\FileHandler' driver.
DEBUG - 2025-08-08 09:57:54 --> User IP: ::1
DEBUG - 2025-08-08 09:58:13 --> Session: Class initialized using 'CodeIgniter\Session\Handlers\FileHandler' driver.
DEBUG - 2025-08-08 09:58:13 --> User IP: ::1
DEBUG - 2025-08-08 10:02:01 --> Session: Class initialized using 'CodeIgniter\Session\Handlers\FileHandler' driver.
DEBUG - 2025-08-08 10:02:01 --> User IP: ::1
DEBUG - 2025-08-08 10:09:37 --> Session: Class initialized using 'CodeIgniter\Session\Handlers\FileHandler' driver.
DEBUG - 2025-08-08 10:09:37 --> User IP: ::1
DEBUG - 2025-08-08 10:10:23 --> Session: Class initialized using 'CodeIgniter\Session\Handlers\FileHandler' driver.
DEBUG - 2025-08-08 10:10:23 --> User IP: ::1
DEBUG - 2025-08-08 10:10:40 --> Session: Class initialized using 'CodeIgniter\Session\Handlers\FileHandler' driver.
DEBUG - 2025-08-08 10:10:40 --> User IP: ::1
DEBUG - 2025-08-08 10:11:11 --> Session: Class initialized using 'CodeIgniter\Session\Handlers\FileHandler' driver.
DEBUG - 2025-08-08 10:11:11 --> User IP: ::1
DEBUG - 2025-08-08 10:11:37 --> Session: Class initialized using 'CodeIgniter\Session\Handlers\FileHandler' driver.
DEBUG - 2025-08-08 10:11:37 --> User IP: ::1
DEBUG - 2025-08-08 10:11:50 --> Session: Class initialized using 'CodeIgniter\Session\Handlers\FileHandler' driver.
DEBUG - 2025-08-08 10:11:50 --> User IP: ::1
DEBUG - 2025-08-08 10:11:53 --> Session: Class initialized using 'CodeIgniter\Session\Handlers\FileHandler' driver.
DEBUG - 2025-08-08 10:11:53 --> User IP: ::1
DEBUG - 2025-08-08 10:14:03 --> Session: Class initialized using 'CodeIgniter\Session\Handlers\FileHandler' driver.
DEBUG - 2025-08-08 10:14:03 --> User IP: ::1
DEBUG - 2025-08-08 12:02:06 --> Session: Class initialized using 'CodeIgniter\Session\Handlers\FileHandler' driver.
DEBUG - 2025-08-08 12:02:06 --> User IP: ::1
DEBUG - 2025-08-08 12:03:34 --> Session: Class initialized using 'CodeIgniter\Session\Handlers\FileHandler' driver.
DEBUG - 2025-08-08 12:03:34 --> User IP: ::1
DEBUG - 2025-08-08 12:05:32 --> Session: Class initialized using 'CodeIgniter\Session\Handlers\FileHandler' driver.
DEBUG - 2025-08-08 12:05:32 --> User IP: ::1
DEBUG - 2025-08-08 12:06:18 --> Session: Class initialized using 'CodeIgniter\Session\Handlers\FileHandler' driver.
DEBUG - 2025-08-08 12:06:18 --> User IP: ::1
DEBUG - 2025-08-08 12:27:51 --> Session: Class initialized using 'CodeIgniter\Session\Handlers\FileHandler' driver.
DEBUG - 2025-08-08 12:27:51 --> User IP: ::1
DEBUG - 2025-08-08 12:36:22 --> Session: Class initialized using 'CodeIgniter\Session\Handlers\FileHandler' driver.
DEBUG - 2025-08-08 12:36:22 --> User IP: ::1
DEBUG - 2025-08-08 12:37:27 --> Session: Class initialized using 'CodeIgniter\Session\Handlers\FileHandler' driver.
DEBUG - 2025-08-08 12:37:27 --> User IP: ::1
DEBUG - 2025-08-08 12:39:28 --> Session: Class initialized using 'CodeIgniter\Session\Handlers\FileHandler' driver.
DEBUG - 2025-08-08 12:39:28 --> User IP: ::1
DEBUG - 2025-08-08 12:40:18 --> Session: Class initialized using 'CodeIgniter\Session\Handlers\FileHandler' driver.
DEBUG - 2025-08-08 12:40:18 --> User IP: ::1
DEBUG - 2025-08-08 12:40:22 --> Session: Class initialized using 'CodeIgniter\Session\Handlers\FileHandler' driver.
DEBUG - 2025-08-08 12:40:22 --> User IP: ::1
DEBUG - 2025-08-08 12:40:33 --> Session: Class initialized using 'CodeIgniter\Session\Handlers\FileHandler' driver.
DEBUG - 2025-08-08 12:40:33 --> User IP: ::1
