DEBUG - 2025-09-04 04:09:37 --> Session: Class initialized using 'CodeIgniter\Session\Handlers\FileHandler' driver.
DEBUG - 2025-09-04 04:09:37 --> User IP: ::1
DEBUG - 2025-09-04 04:09:39 --> Session: Class initialized using 'CodeIgniter\Session\Handlers\FileHandler' driver.
DEBUG - 2025-09-04 04:09:39 --> User IP: ::1
DEBUG - 2025-09-04 04:09:40 --> Session: Class initialized using 'CodeIgniter\Session\Handlers\FileHandler' driver.
DEBUG - 2025-09-04 04:09:40 --> User IP: ::1
DEBUG - 2025-09-04 04:09:44 --> Session: Class initialized using 'CodeIgniter\Session\Handlers\FileHandler' driver.
DEBUG - 2025-09-04 04:09:44 --> User IP: ::1
DEBUG - 2025-09-04 04:09:47 --> Session: Class initialized using 'CodeIgniter\Session\Handlers\FileHandler' driver.
DEBUG - 2025-09-04 04:09:47 --> User IP: ::1
DEBUG - 2025-09-04 04:10:07 --> Session: Class initialized using 'CodeIgniter\Session\Handlers\FileHandler' driver.
DEBUG - 2025-09-04 04:10:07 --> User IP: ::1
DEBUG - 2025-09-04 04:11:33 --> Session: Class initialized using 'CodeIgniter\Session\Handlers\FileHandler' driver.
DEBUG - 2025-09-04 04:11:33 --> User IP: ::1
DEBUG - 2025-09-04 04:12:35 --> Session: Class initialized using 'CodeIgniter\Session\Handlers\FileHandler' driver.
DEBUG - 2025-09-04 04:12:35 --> User IP: ::1
DEBUG - 2025-09-04 04:12:36 --> Session: Class initialized using 'CodeIgniter\Session\Handlers\FileHandler' driver.
DEBUG - 2025-09-04 04:12:36 --> User IP: ::1
DEBUG - 2025-09-04 04:13:35 --> Session: Class initialized using 'CodeIgniter\Session\Handlers\FileHandler' driver.
DEBUG - 2025-09-04 04:13:35 --> User IP: ::1
DEBUG - 2025-09-04 04:13:35 --> Session: Class initialized using 'CodeIgniter\Session\Handlers\FileHandler' driver.
DEBUG - 2025-09-04 04:13:35 --> User IP: ::1
DEBUG - 2025-09-04 04:14:35 --> Session: Class initialized using 'CodeIgniter\Session\Handlers\FileHandler' driver.
DEBUG - 2025-09-04 04:14:35 --> User IP: ::1
DEBUG - 2025-09-04 04:14:35 --> Session: Class initialized using 'CodeIgniter\Session\Handlers\FileHandler' driver.
DEBUG - 2025-09-04 04:14:35 --> User IP: ::1
DEBUG - 2025-09-04 04:15:35 --> Session: Class initialized using 'CodeIgniter\Session\Handlers\FileHandler' driver.
DEBUG - 2025-09-04 04:15:35 --> User IP: ::1
DEBUG - 2025-09-04 04:15:36 --> Session: Class initialized using 'CodeIgniter\Session\Handlers\FileHandler' driver.
DEBUG - 2025-09-04 04:15:36 --> User IP: ::1
DEBUG - 2025-09-04 04:16:35 --> Session: Class initialized using 'CodeIgniter\Session\Handlers\FileHandler' driver.
DEBUG - 2025-09-04 04:16:35 --> User IP: ::1
DEBUG - 2025-09-04 04:16:36 --> Session: Class initialized using 'CodeIgniter\Session\Handlers\FileHandler' driver.
DEBUG - 2025-09-04 04:16:36 --> User IP: ::1
DEBUG - 2025-09-04 04:17:35 --> Session: Class initialized using 'CodeIgniter\Session\Handlers\FileHandler' driver.
DEBUG - 2025-09-04 04:17:35 --> User IP: ::1
DEBUG - 2025-09-04 04:17:36 --> Session: Class initialized using 'CodeIgniter\Session\Handlers\FileHandler' driver.
DEBUG - 2025-09-04 04:17:36 --> User IP: ::1
DEBUG - 2025-09-04 04:18:35 --> Session: Class initialized using 'CodeIgniter\Session\Handlers\FileHandler' driver.
DEBUG - 2025-09-04 04:18:35 --> User IP: ::1
DEBUG - 2025-09-04 04:18:36 --> Session: Class initialized using 'CodeIgniter\Session\Handlers\FileHandler' driver.
DEBUG - 2025-09-04 04:18:36 --> User IP: ::1
DEBUG - 2025-09-04 04:19:36 --> Session: Class initialized using 'CodeIgniter\Session\Handlers\FileHandler' driver.
DEBUG - 2025-09-04 04:19:37 --> User IP: ::1
DEBUG - 2025-09-04 04:19:37 --> Session: Class initialized using 'CodeIgniter\Session\Handlers\FileHandler' driver.
DEBUG - 2025-09-04 04:19:37 --> User IP: ::1
DEBUG - 2025-09-04 04:20:38 --> Session: Class initialized using 'CodeIgniter\Session\Handlers\FileHandler' driver.
DEBUG - 2025-09-04 04:20:38 --> User IP: ::1
DEBUG - 2025-09-04 04:20:38 --> Session: Class initialized using 'CodeIgniter\Session\Handlers\FileHandler' driver.
DEBUG - 2025-09-04 04:20:38 --> User IP: ::1
DEBUG - 2025-09-04 04:21:38 --> Session: Class initialized using 'CodeIgniter\Session\Handlers\FileHandler' driver.
DEBUG - 2025-09-04 04:21:38 --> User IP: ::1
DEBUG - 2025-09-04 04:21:39 --> Session: Class initialized using 'CodeIgniter\Session\Handlers\FileHandler' driver.
DEBUG - 2025-09-04 04:21:39 --> User IP: ::1
DEBUG - 2025-09-04 04:22:35 --> Session: Class initialized using 'CodeIgniter\Session\Handlers\FileHandler' driver.
DEBUG - 2025-09-04 04:22:35 --> User IP: ::1
DEBUG - 2025-09-04 04:22:35 --> Session: Class initialized using 'CodeIgniter\Session\Handlers\FileHandler' driver.
DEBUG - 2025-09-04 04:22:35 --> User IP: ::1
DEBUG - 2025-09-04 04:23:35 --> Session: Class initialized using 'CodeIgniter\Session\Handlers\FileHandler' driver.
DEBUG - 2025-09-04 04:23:35 --> User IP: ::1
DEBUG - 2025-09-04 04:23:35 --> Session: Class initialized using 'CodeIgniter\Session\Handlers\FileHandler' driver.
DEBUG - 2025-09-04 04:23:35 --> User IP: ::1
DEBUG - 2025-09-04 04:24:35 --> Session: Class initialized using 'CodeIgniter\Session\Handlers\FileHandler' driver.
DEBUG - 2025-09-04 04:24:35 --> User IP: ::1
DEBUG - 2025-09-04 04:24:36 --> Session: Class initialized using 'CodeIgniter\Session\Handlers\FileHandler' driver.
DEBUG - 2025-09-04 04:24:36 --> User IP: ::1
DEBUG - 2025-09-04 04:25:37 --> Session: Class initialized using 'CodeIgniter\Session\Handlers\FileHandler' driver.
DEBUG - 2025-09-04 04:25:37 --> User IP: ::1
DEBUG - 2025-09-04 04:25:37 --> Session: Class initialized using 'CodeIgniter\Session\Handlers\FileHandler' driver.
DEBUG - 2025-09-04 04:25:37 --> User IP: ::1
DEBUG - 2025-09-04 04:26:37 --> Session: Class initialized using 'CodeIgniter\Session\Handlers\FileHandler' driver.
DEBUG - 2025-09-04 04:26:37 --> User IP: ::1
DEBUG - 2025-09-04 04:26:38 --> Session: Class initialized using 'CodeIgniter\Session\Handlers\FileHandler' driver.
DEBUG - 2025-09-04 04:26:38 --> User IP: ::1
DEBUG - 2025-09-04 04:27:38 --> Session: Class initialized using 'CodeIgniter\Session\Handlers\FileHandler' driver.
DEBUG - 2025-09-04 04:27:38 --> User IP: ::1
DEBUG - 2025-09-04 04:27:38 --> Session: Class initialized using 'CodeIgniter\Session\Handlers\FileHandler' driver.
DEBUG - 2025-09-04 04:27:38 --> User IP: ::1
DEBUG - 2025-09-04 04:27:39 --> Session: Class initialized using 'CodeIgniter\Session\Handlers\FileHandler' driver.
DEBUG - 2025-09-04 04:27:39 --> User IP: ::1
DEBUG - 2025-09-04 04:36:11 --> Session: Class initialized using 'CodeIgniter\Session\Handlers\FileHandler' driver.
DEBUG - 2025-09-04 04:36:11 --> User IP: ::1
DEBUG - 2025-09-04 04:36:14 --> Session: Class initialized using 'CodeIgniter\Session\Handlers\FileHandler' driver.
DEBUG - 2025-09-04 04:36:14 --> User IP: ::1
DEBUG - 2025-09-04 04:36:25 --> Session: Class initialized using 'CodeIgniter\Session\Handlers\FileHandler' driver.
DEBUG - 2025-09-04 04:36:25 --> User IP: ::1
DEBUG - 2025-09-04 04:37:27 --> Session: Class initialized using 'CodeIgniter\Session\Handlers\FileHandler' driver.
DEBUG - 2025-09-04 04:37:27 --> User IP: ::1
DEBUG - 2025-09-04 04:38:19 --> Session: Class initialized using 'CodeIgniter\Session\Handlers\FileHandler' driver.
DEBUG - 2025-09-04 04:38:19 --> User IP: ::1
ERROR - 2025-09-04 04:38:19 --> mysqli_sql_exception: You have an error in your SQL syntax; check the manual that corresponds to your MySQL server version for the right syntax to use near '? and  ?' at line 1 in C:\xampp\htdocs\ems\system\Database\MySQLi\Connection.php:312
Stack trace:
#0 C:\xampp\htdocs\ems\system\Database\MySQLi\Connection.php(312): mysqli->query('SELECT * FROM t...', 0)
#1 C:\xampp\htdocs\ems\system\Database\BaseConnection.php(734): CodeIgniter\Database\MySQLi\Connection->execute('SELECT * FROM t...')
#2 C:\xampp\htdocs\ems\system\Database\BaseConnection.php(648): CodeIgniter\Database\BaseConnection->simpleQuery('SELECT * FROM t...')
#3 C:\xampp\htdocs\ems\app\Controllers\HRController.php(166): CodeIgniter\Database\BaseConnection->query('SELECT * FROM t...')
#4 C:\xampp\htdocs\ems\system\CodeIgniter.php(933): App\Controllers\HRController->change_status('108', 'rejected', 'admin', '2')
#5 C:\xampp\htdocs\ems\system\CodeIgniter.php(509): CodeIgniter\CodeIgniter->runController(Object(App\Controllers\HRController))
#6 C:\xampp\htdocs\ems\system\CodeIgniter.php(355): CodeIgniter\CodeIgniter->handleRequest(NULL, Object(Config\Cache), false)
#7 C:\xampp\htdocs\ems\system\Boot.php(334): CodeIgniter\CodeIgniter->run()
#8 C:\xampp\htdocs\ems\system\Boot.php(67): CodeIgniter\Boot::runCodeIgniter(Object(CodeIgniter\CodeIgniter))
#9 C:\xampp\htdocs\ems\public\index.php(56): CodeIgniter\Boot::bootWeb(Object(Config\Paths))
#10 {main}
CRITICAL - 2025-09-04 04:38:19 --> CodeIgniter\Database\Exceptions\DatabaseException: You have an error in your SQL syntax; check the manual that corresponds to your MySQL server version for the right syntax to use near '? and  ?' at line 1
[Method: POST, Route: hr/change-status/108/rejected/admin/2]
in SYSTEMPATH\Database\BaseConnection.php on line 688.
 1 APPPATH\Controllers\HRController.php(166): CodeIgniter\Database\BaseConnection->query('SELECT * FROM tbl_lop WHERE lop_date between ? and  ?')
 2 SYSTEMPATH\CodeIgniter.php(933): App\Controllers\HRController->change_status('108', 'rejected', 'admin', '2')
 3 SYSTEMPATH\CodeIgniter.php(509): CodeIgniter\CodeIgniter->runController(Object(App\Controllers\HRController))
 4 SYSTEMPATH\CodeIgniter.php(355): CodeIgniter\CodeIgniter->handleRequest(null, Object(Config\Cache), false)
 5 SYSTEMPATH\Boot.php(334): CodeIgniter\CodeIgniter->run()
 6 SYSTEMPATH\Boot.php(67): CodeIgniter\Boot::runCodeIgniter(Object(CodeIgniter\CodeIgniter))
 7 FCPATH\index.php(56): CodeIgniter\Boot::bootWeb(Object(Config\Paths))
CRITICAL - 2025-09-04 04:38:19 --> [Caused by] CodeIgniter\Database\Exceptions\DatabaseException: You have an error in your SQL syntax; check the manual that corresponds to your MySQL server version for the right syntax to use near '? and  ?' at line 1
in SYSTEMPATH\Database\MySQLi\Connection.php on line 317.
 1 SYSTEMPATH\Database\BaseConnection.php(734): CodeIgniter\Database\MySQLi\Connection->execute('SELECT * FROM tbl_lop WHERE lop_date between ? and  ?')
 2 SYSTEMPATH\Database\BaseConnection.php(648): CodeIgniter\Database\BaseConnection->simpleQuery('SELECT * FROM tbl_lop WHERE lop_date between ? and  ?')
 3 APPPATH\Controllers\HRController.php(166): CodeIgniter\Database\BaseConnection->query('SELECT * FROM tbl_lop WHERE lop_date between ? and  ?')
 4 SYSTEMPATH\CodeIgniter.php(933): App\Controllers\HRController->change_status('108', 'rejected', 'admin', '2')
 5 SYSTEMPATH\CodeIgniter.php(509): CodeIgniter\CodeIgniter->runController(Object(App\Controllers\HRController))
 6 SYSTEMPATH\CodeIgniter.php(355): CodeIgniter\CodeIgniter->handleRequest(null, Object(Config\Cache), false)
 7 SYSTEMPATH\Boot.php(334): CodeIgniter\CodeIgniter->run()
 8 SYSTEMPATH\Boot.php(67): CodeIgniter\Boot::runCodeIgniter(Object(CodeIgniter\CodeIgniter))
 9 FCPATH\index.php(56): CodeIgniter\Boot::bootWeb(Object(Config\Paths))
CRITICAL - 2025-09-04 04:38:19 --> [Caused by] mysqli_sql_exception: You have an error in your SQL syntax; check the manual that corresponds to your MySQL server version for the right syntax to use near '? and  ?' at line 1
in SYSTEMPATH\Database\MySQLi\Connection.php on line 312.
 1 SYSTEMPATH\Database\MySQLi\Connection.php(312): mysqli->query('SELECT * FROM tbl_lop WHERE lop_date between ? and  ?', 0)
 2 SYSTEMPATH\Database\BaseConnection.php(734): CodeIgniter\Database\MySQLi\Connection->execute('SELECT * FROM tbl_lop WHERE lop_date between ? and  ?')
 3 SYSTEMPATH\Database\BaseConnection.php(648): CodeIgniter\Database\BaseConnection->simpleQuery('SELECT * FROM tbl_lop WHERE lop_date between ? and  ?')
 4 APPPATH\Controllers\HRController.php(166): CodeIgniter\Database\BaseConnection->query('SELECT * FROM tbl_lop WHERE lop_date between ? and  ?')
 5 SYSTEMPATH\CodeIgniter.php(933): App\Controllers\HRController->change_status('108', 'rejected', 'admin', '2')
 6 SYSTEMPATH\CodeIgniter.php(509): CodeIgniter\CodeIgniter->runController(Object(App\Controllers\HRController))
 7 SYSTEMPATH\CodeIgniter.php(355): CodeIgniter\CodeIgniter->handleRequest(null, Object(Config\Cache), false)
 8 SYSTEMPATH\Boot.php(334): CodeIgniter\CodeIgniter->run()
 9 SYSTEMPATH\Boot.php(67): CodeIgniter\Boot::runCodeIgniter(Object(CodeIgniter\CodeIgniter))
10 FCPATH\index.php(56): CodeIgniter\Boot::bootWeb(Object(Config\Paths))
DEBUG - 2025-09-04 04:38:53 --> Session: Class initialized using 'CodeIgniter\Session\Handlers\FileHandler' driver.
DEBUG - 2025-09-04 04:38:53 --> User IP: ::1
ERROR - 2025-09-04 04:38:53 --> mysqli_sql_exception: You have an error in your SQL syntax; check the manual that corresponds to your MySQL server version for the right syntax to use near '? and  ?' at line 1 in C:\xampp\htdocs\ems\system\Database\MySQLi\Connection.php:312
Stack trace:
#0 C:\xampp\htdocs\ems\system\Database\MySQLi\Connection.php(312): mysqli->query('SELECT * FROM t...', 0)
#1 C:\xampp\htdocs\ems\system\Database\BaseConnection.php(734): CodeIgniter\Database\MySQLi\Connection->execute('SELECT * FROM t...')
#2 C:\xampp\htdocs\ems\system\Database\BaseConnection.php(648): CodeIgniter\Database\BaseConnection->simpleQuery('SELECT * FROM t...')
#3 C:\xampp\htdocs\ems\app\Controllers\HRController.php(166): CodeIgniter\Database\BaseConnection->query('SELECT * FROM t...')
#4 C:\xampp\htdocs\ems\system\CodeIgniter.php(933): App\Controllers\HRController->change_status('108', 'rejected', 'admin', '2')
#5 C:\xampp\htdocs\ems\system\CodeIgniter.php(509): CodeIgniter\CodeIgniter->runController(Object(App\Controllers\HRController))
#6 C:\xampp\htdocs\ems\system\CodeIgniter.php(355): CodeIgniter\CodeIgniter->handleRequest(NULL, Object(Config\Cache), false)
#7 C:\xampp\htdocs\ems\system\Boot.php(334): CodeIgniter\CodeIgniter->run()
#8 C:\xampp\htdocs\ems\system\Boot.php(67): CodeIgniter\Boot::runCodeIgniter(Object(CodeIgniter\CodeIgniter))
#9 C:\xampp\htdocs\ems\public\index.php(56): CodeIgniter\Boot::bootWeb(Object(Config\Paths))
#10 {main}
CRITICAL - 2025-09-04 04:38:53 --> CodeIgniter\Database\Exceptions\DatabaseException: You have an error in your SQL syntax; check the manual that corresponds to your MySQL server version for the right syntax to use near '? and  ?' at line 1
[Method: GET, Route: hr/change-status/108/rejected/admin/2]
in SYSTEMPATH\Database\BaseConnection.php on line 688.
 1 APPPATH\Controllers\HRController.php(166): CodeIgniter\Database\BaseConnection->query('SELECT * FROM tbl_lop WHERE lop_date between ? and  ?')
 2 SYSTEMPATH\CodeIgniter.php(933): App\Controllers\HRController->change_status('108', 'rejected', 'admin', '2')
 3 SYSTEMPATH\CodeIgniter.php(509): CodeIgniter\CodeIgniter->runController(Object(App\Controllers\HRController))
 4 SYSTEMPATH\CodeIgniter.php(355): CodeIgniter\CodeIgniter->handleRequest(null, Object(Config\Cache), false)
 5 SYSTEMPATH\Boot.php(334): CodeIgniter\CodeIgniter->run()
 6 SYSTEMPATH\Boot.php(67): CodeIgniter\Boot::runCodeIgniter(Object(CodeIgniter\CodeIgniter))
 7 FCPATH\index.php(56): CodeIgniter\Boot::bootWeb(Object(Config\Paths))
CRITICAL - 2025-09-04 04:38:53 --> [Caused by] CodeIgniter\Database\Exceptions\DatabaseException: You have an error in your SQL syntax; check the manual that corresponds to your MySQL server version for the right syntax to use near '? and  ?' at line 1
in SYSTEMPATH\Database\MySQLi\Connection.php on line 317.
 1 SYSTEMPATH\Database\BaseConnection.php(734): CodeIgniter\Database\MySQLi\Connection->execute('SELECT * FROM tbl_lop WHERE lop_date between ? and  ?')
 2 SYSTEMPATH\Database\BaseConnection.php(648): CodeIgniter\Database\BaseConnection->simpleQuery('SELECT * FROM tbl_lop WHERE lop_date between ? and  ?')
 3 APPPATH\Controllers\HRController.php(166): CodeIgniter\Database\BaseConnection->query('SELECT * FROM tbl_lop WHERE lop_date between ? and  ?')
 4 SYSTEMPATH\CodeIgniter.php(933): App\Controllers\HRController->change_status('108', 'rejected', 'admin', '2')
 5 SYSTEMPATH\CodeIgniter.php(509): CodeIgniter\CodeIgniter->runController(Object(App\Controllers\HRController))
 6 SYSTEMPATH\CodeIgniter.php(355): CodeIgniter\CodeIgniter->handleRequest(null, Object(Config\Cache), false)
 7 SYSTEMPATH\Boot.php(334): CodeIgniter\CodeIgniter->run()
 8 SYSTEMPATH\Boot.php(67): CodeIgniter\Boot::runCodeIgniter(Object(CodeIgniter\CodeIgniter))
 9 FCPATH\index.php(56): CodeIgniter\Boot::bootWeb(Object(Config\Paths))
CRITICAL - 2025-09-04 04:38:53 --> [Caused by] mysqli_sql_exception: You have an error in your SQL syntax; check the manual that corresponds to your MySQL server version for the right syntax to use near '? and  ?' at line 1
in SYSTEMPATH\Database\MySQLi\Connection.php on line 312.
 1 SYSTEMPATH\Database\MySQLi\Connection.php(312): mysqli->query('SELECT * FROM tbl_lop WHERE lop_date between ? and  ?', 0)
 2 SYSTEMPATH\Database\BaseConnection.php(734): CodeIgniter\Database\MySQLi\Connection->execute('SELECT * FROM tbl_lop WHERE lop_date between ? and  ?')
 3 SYSTEMPATH\Database\BaseConnection.php(648): CodeIgniter\Database\BaseConnection->simpleQuery('SELECT * FROM tbl_lop WHERE lop_date between ? and  ?')
 4 APPPATH\Controllers\HRController.php(166): CodeIgniter\Database\BaseConnection->query('SELECT * FROM tbl_lop WHERE lop_date between ? and  ?')
 5 SYSTEMPATH\CodeIgniter.php(933): App\Controllers\HRController->change_status('108', 'rejected', 'admin', '2')
 6 SYSTEMPATH\CodeIgniter.php(509): CodeIgniter\CodeIgniter->runController(Object(App\Controllers\HRController))
 7 SYSTEMPATH\CodeIgniter.php(355): CodeIgniter\CodeIgniter->handleRequest(null, Object(Config\Cache), false)
 8 SYSTEMPATH\Boot.php(334): CodeIgniter\CodeIgniter->run()
 9 SYSTEMPATH\Boot.php(67): CodeIgniter\Boot::runCodeIgniter(Object(CodeIgniter\CodeIgniter))
10 FCPATH\index.php(56): CodeIgniter\Boot::bootWeb(Object(Config\Paths))
DEBUG - 2025-09-04 04:44:42 --> Session: Class initialized using 'CodeIgniter\Session\Handlers\FileHandler' driver.
DEBUG - 2025-09-04 04:44:42 --> User IP: ::1
DEBUG - 2025-09-04 04:44:47 --> Session: Class initialized using 'CodeIgniter\Session\Handlers\FileHandler' driver.
DEBUG - 2025-09-04 04:44:47 --> User IP: ::1
DEBUG - 2025-09-04 04:44:48 --> Session: Class initialized using 'CodeIgniter\Session\Handlers\FileHandler' driver.
DEBUG - 2025-09-04 04:44:48 --> User IP: ::1
DEBUG - 2025-09-04 04:47:24 --> Session: Class initialized using 'CodeIgniter\Session\Handlers\FileHandler' driver.
DEBUG - 2025-09-04 04:47:24 --> User IP: ::1
DEBUG - 2025-09-04 04:47:29 --> Session: Class initialized using 'CodeIgniter\Session\Handlers\FileHandler' driver.
DEBUG - 2025-09-04 04:47:29 --> User IP: ::1
DEBUG - 2025-09-04 04:47:29 --> Session: Class initialized using 'CodeIgniter\Session\Handlers\FileHandler' driver.
DEBUG - 2025-09-04 04:47:30 --> User IP: ::1
DEBUG - 2025-09-04 04:47:30 --> Session: Class initialized using 'CodeIgniter\Session\Handlers\FileHandler' driver.
DEBUG - 2025-09-04 04:47:30 --> User IP: ::1
DEBUG - 2025-09-04 04:48:24 --> Session: Class initialized using 'CodeIgniter\Session\Handlers\FileHandler' driver.
DEBUG - 2025-09-04 04:48:24 --> User IP: ::1
DEBUG - 2025-09-04 04:54:23 --> Session: Class initialized using 'CodeIgniter\Session\Handlers\FileHandler' driver.
DEBUG - 2025-09-04 04:54:23 --> User IP: ::1
DEBUG - 2025-09-04 04:54:30 --> Session: Class initialized using 'CodeIgniter\Session\Handlers\FileHandler' driver.
DEBUG - 2025-09-04 04:54:30 --> User IP: ::1
DEBUG - 2025-09-04 04:54:30 --> Session: Class initialized using 'CodeIgniter\Session\Handlers\FileHandler' driver.
DEBUG - 2025-09-04 04:54:30 --> User IP: ::1
DEBUG - 2025-09-04 04:54:36 --> Session: Class initialized using 'CodeIgniter\Session\Handlers\FileHandler' driver.
DEBUG - 2025-09-04 04:54:36 --> User IP: ::1
DEBUG - 2025-09-04 04:54:37 --> Session: Class initialized using 'CodeIgniter\Session\Handlers\FileHandler' driver.
DEBUG - 2025-09-04 04:54:37 --> User IP: ::1
DEBUG - 2025-09-04 06:30:13 --> Session: Class initialized using 'CodeIgniter\Session\Handlers\FileHandler' driver.
DEBUG - 2025-09-04 06:30:13 --> User IP: ::1
DEBUG - 2025-09-04 06:30:16 --> Session: Class initialized using 'CodeIgniter\Session\Handlers\FileHandler' driver.
DEBUG - 2025-09-04 06:30:16 --> User IP: ::1
DEBUG - 2025-09-04 06:30:20 --> Session: Class initialized using 'CodeIgniter\Session\Handlers\FileHandler' driver.
DEBUG - 2025-09-04 06:30:20 --> User IP: ::1
DEBUG - 2025-09-04 07:34:29 --> Session: Class initialized using 'CodeIgniter\Session\Handlers\FileHandler' driver.
DEBUG - 2025-09-04 07:34:29 --> User IP: ::1
DEBUG - 2025-09-04 07:34:30 --> Session: Class initialized using 'CodeIgniter\Session\Handlers\FileHandler' driver.
DEBUG - 2025-09-04 07:34:30 --> User IP: ::1
DEBUG - 2025-09-04 09:01:35 --> Session: Class initialized using 'CodeIgniter\Session\Handlers\FileHandler' driver.
DEBUG - 2025-09-04 09:01:35 --> User IP: ::1
DEBUG - 2025-09-04 09:17:40 --> Session: Class initialized using 'CodeIgniter\Session\Handlers\FileHandler' driver.
DEBUG - 2025-09-04 09:17:40 --> User IP: ::1
DEBUG - 2025-09-04 09:18:43 --> Session: Class initialized using 'CodeIgniter\Session\Handlers\FileHandler' driver.
DEBUG - 2025-09-04 09:18:43 --> User IP: ::1
DEBUG - 2025-09-04 09:18:43 --> Session: Class initialized using 'CodeIgniter\Session\Handlers\FileHandler' driver.
DEBUG - 2025-09-04 09:18:43 --> User IP: ::1
DEBUG - 2025-09-04 09:19:42 --> Session: Class initialized using 'CodeIgniter\Session\Handlers\FileHandler' driver.
DEBUG - 2025-09-04 09:19:42 --> User IP: ::1
DEBUG - 2025-09-04 09:19:42 --> Session: Class initialized using 'CodeIgniter\Session\Handlers\FileHandler' driver.
DEBUG - 2025-09-04 09:19:42 --> User IP: ::1
DEBUG - 2025-09-04 09:20:43 --> Session: Class initialized using 'CodeIgniter\Session\Handlers\FileHandler' driver.
DEBUG - 2025-09-04 09:20:43 --> User IP: ::1
DEBUG - 2025-09-04 09:20:43 --> Session: Class initialized using 'CodeIgniter\Session\Handlers\FileHandler' driver.
DEBUG - 2025-09-04 09:20:43 --> User IP: ::1
DEBUG - 2025-09-04 09:21:43 --> Session: Class initialized using 'CodeIgniter\Session\Handlers\FileHandler' driver.
DEBUG - 2025-09-04 09:21:43 --> User IP: ::1
DEBUG - 2025-09-04 09:21:43 --> Session: Class initialized using 'CodeIgniter\Session\Handlers\FileHandler' driver.
DEBUG - 2025-09-04 09:21:43 --> User IP: ::1
DEBUG - 2025-09-04 09:22:43 --> Session: Class initialized using 'CodeIgniter\Session\Handlers\FileHandler' driver.
DEBUG - 2025-09-04 09:22:43 --> User IP: ::1
DEBUG - 2025-09-04 09:22:43 --> Session: Class initialized using 'CodeIgniter\Session\Handlers\FileHandler' driver.
DEBUG - 2025-09-04 09:22:43 --> User IP: ::1
DEBUG - 2025-09-04 09:23:43 --> Session: Class initialized using 'CodeIgniter\Session\Handlers\FileHandler' driver.
DEBUG - 2025-09-04 09:23:43 --> User IP: ::1
DEBUG - 2025-09-04 09:23:43 --> Session: Class initialized using 'CodeIgniter\Session\Handlers\FileHandler' driver.
DEBUG - 2025-09-04 09:23:43 --> User IP: ::1
DEBUG - 2025-09-04 09:23:54 --> Session: Class initialized using 'CodeIgniter\Session\Handlers\FileHandler' driver.
DEBUG - 2025-09-04 09:23:54 --> User IP: ::1
DEBUG - 2025-09-04 09:23:56 --> Session: Class initialized using 'CodeIgniter\Session\Handlers\FileHandler' driver.
DEBUG - 2025-09-04 09:23:56 --> User IP: ::1
DEBUG - 2025-09-04 09:23:57 --> Session: Class initialized using 'CodeIgniter\Session\Handlers\FileHandler' driver.
DEBUG - 2025-09-04 09:23:57 --> User IP: ::1
DEBUG - 2025-09-04 09:24:47 --> Session: Class initialized using 'CodeIgniter\Session\Handlers\FileHandler' driver.
DEBUG - 2025-09-04 09:24:47 --> User IP: ::1
DEBUG - 2025-09-04 09:29:36 --> Session: Class initialized using 'CodeIgniter\Session\Handlers\FileHandler' driver.
DEBUG - 2025-09-04 09:29:36 --> User IP: ::1
DEBUG - 2025-09-04 09:29:41 --> Session: Class initialized using 'CodeIgniter\Session\Handlers\FileHandler' driver.
DEBUG - 2025-09-04 09:29:41 --> User IP: ::1
DEBUG - 2025-09-04 09:29:41 --> Session: Class initialized using 'CodeIgniter\Session\Handlers\FileHandler' driver.
DEBUG - 2025-09-04 09:29:41 --> User IP: ::1
DEBUG - 2025-09-04 09:31:18 --> Session: Class initialized using 'CodeIgniter\Session\Handlers\FileHandler' driver.
DEBUG - 2025-09-04 09:31:18 --> User IP: ::1
DEBUG - 2025-09-04 09:31:18 --> Session: Class initialized using 'CodeIgniter\Session\Handlers\FileHandler' driver.
DEBUG - 2025-09-04 09:31:18 --> User IP: ::1
DEBUG - 2025-09-04 09:32:16 --> Session: Class initialized using 'CodeIgniter\Session\Handlers\FileHandler' driver.
DEBUG - 2025-09-04 09:32:16 --> User IP: ::1
DEBUG - 2025-09-04 09:32:23 --> Session: Class initialized using 'CodeIgniter\Session\Handlers\FileHandler' driver.
DEBUG - 2025-09-04 09:32:23 --> User IP: ::1
DEBUG - 2025-09-04 09:32:23 --> Session: Class initialized using 'CodeIgniter\Session\Handlers\FileHandler' driver.
DEBUG - 2025-09-04 09:32:23 --> User IP: ::1
DEBUG - 2025-09-04 09:32:25 --> Session: Class initialized using 'CodeIgniter\Session\Handlers\FileHandler' driver.
DEBUG - 2025-09-04 09:32:25 --> User IP: ::1
DEBUG - 2025-09-04 11:18:42 --> Session: Class initialized using 'CodeIgniter\Session\Handlers\FileHandler' driver.
DEBUG - 2025-09-04 11:18:42 --> User IP: ::1
DEBUG - 2025-09-04 11:18:51 --> Session: Class initialized using 'CodeIgniter\Session\Handlers\FileHandler' driver.
DEBUG - 2025-09-04 11:18:51 --> User IP: ::1
DEBUG - 2025-09-04 11:18:52 --> Session: Class initialized using 'CodeIgniter\Session\Handlers\FileHandler' driver.
DEBUG - 2025-09-04 11:18:52 --> User IP: ::1
DEBUG - 2025-09-04 11:18:59 --> Session: Class initialized using 'CodeIgniter\Session\Handlers\FileHandler' driver.
DEBUG - 2025-09-04 11:18:59 --> User IP: ::1
DEBUG - 2025-09-04 11:19:00 --> Session: Class initialized using 'CodeIgniter\Session\Handlers\FileHandler' driver.
DEBUG - 2025-09-04 11:19:00 --> User IP: ::1
DEBUG - 2025-09-04 11:19:02 --> Session: Class initialized using 'CodeIgniter\Session\Handlers\FileHandler' driver.
DEBUG - 2025-09-04 11:19:02 --> User IP: ::1
DEBUG - 2025-09-04 11:19:02 --> Session: Class initialized using 'CodeIgniter\Session\Handlers\FileHandler' driver.
DEBUG - 2025-09-04 11:19:02 --> User IP: ::1
DEBUG - 2025-09-04 11:19:15 --> Session: Class initialized using 'CodeIgniter\Session\Handlers\FileHandler' driver.
DEBUG - 2025-09-04 11:19:15 --> User IP: ::1
DEBUG - 2025-09-04 11:19:15 --> Session: Class initialized using 'CodeIgniter\Session\Handlers\FileHandler' driver.
DEBUG - 2025-09-04 11:19:15 --> User IP: ::1
DEBUG - 2025-09-04 11:19:22 --> Session: Class initialized using 'CodeIgniter\Session\Handlers\FileHandler' driver.
DEBUG - 2025-09-04 11:19:22 --> User IP: ::1
DEBUG - 2025-09-04 11:19:22 --> Session: Class initialized using 'CodeIgniter\Session\Handlers\FileHandler' driver.
DEBUG - 2025-09-04 11:19:22 --> User IP: ::1
DEBUG - 2025-09-04 11:19:24 --> Session: Class initialized using 'CodeIgniter\Session\Handlers\FileHandler' driver.
DEBUG - 2025-09-04 11:19:24 --> User IP: ::1
DEBUG - 2025-09-04 11:19:25 --> Session: Class initialized using 'CodeIgniter\Session\Handlers\FileHandler' driver.
DEBUG - 2025-09-04 11:19:25 --> User IP: ::1
DEBUG - 2025-09-04 11:21:03 --> Session: Class initialized using 'CodeIgniter\Session\Handlers\FileHandler' driver.
DEBUG - 2025-09-04 11:21:03 --> User IP: ::1
DEBUG - 2025-09-04 11:21:03 --> Session: Class initialized using 'CodeIgniter\Session\Handlers\FileHandler' driver.
DEBUG - 2025-09-04 11:21:03 --> User IP: ::1
DEBUG - 2025-09-04 11:35:38 --> Session: Class initialized using 'CodeIgniter\Session\Handlers\FileHandler' driver.
DEBUG - 2025-09-04 11:35:38 --> User IP: ::1
DEBUG - 2025-09-04 11:35:44 --> Session: Class initialized using 'CodeIgniter\Session\Handlers\FileHandler' driver.
DEBUG - 2025-09-04 11:35:44 --> User IP: ::1
DEBUG - 2025-09-04 11:35:45 --> Session: Class initialized using 'CodeIgniter\Session\Handlers\FileHandler' driver.
DEBUG - 2025-09-04 11:35:45 --> User IP: ::1
DEBUG - 2025-09-04 11:35:45 --> Session: Class initialized using 'CodeIgniter\Session\Handlers\FileHandler' driver.
DEBUG - 2025-09-04 11:35:45 --> User IP: ::1
DEBUG - 2025-09-04 11:40:38 --> Session: Class initialized using 'CodeIgniter\Session\Handlers\FileHandler' driver.
DEBUG - 2025-09-04 11:40:38 --> User IP: ::1
DEBUG - 2025-09-04 11:40:44 --> Session: Class initialized using 'CodeIgniter\Session\Handlers\FileHandler' driver.
DEBUG - 2025-09-04 11:40:44 --> User IP: ::1
DEBUG - 2025-09-04 11:40:45 --> Session: Class initialized using 'CodeIgniter\Session\Handlers\FileHandler' driver.
DEBUG - 2025-09-04 11:40:45 --> User IP: ::1
DEBUG - 2025-09-04 11:49:54 --> Session: Class initialized using 'CodeIgniter\Session\Handlers\FileHandler' driver.
DEBUG - 2025-09-04 11:49:54 --> User IP: ::1
DEBUG - 2025-09-04 11:49:55 --> Session: Class initialized using 'CodeIgniter\Session\Handlers\FileHandler' driver.
DEBUG - 2025-09-04 11:49:55 --> User IP: ::1
DEBUG - 2025-09-04 11:50:20 --> Session: Class initialized using 'CodeIgniter\Session\Handlers\FileHandler' driver.
DEBUG - 2025-09-04 11:50:20 --> User IP: ::1
DEBUG - 2025-09-04 11:50:21 --> Session: Class initialized using 'CodeIgniter\Session\Handlers\FileHandler' driver.
DEBUG - 2025-09-04 11:50:21 --> User IP: ::1
DEBUG - 2025-09-04 12:20:20 --> Session: Class initialized using 'CodeIgniter\Session\Handlers\FileHandler' driver.
DEBUG - 2025-09-04 12:20:20 --> User IP: ::1
DEBUG - 2025-09-04 12:20:21 --> Session: Class initialized using 'CodeIgniter\Session\Handlers\FileHandler' driver.
DEBUG - 2025-09-04 12:20:21 --> User IP: ::1
DEBUG - 2025-09-04 12:20:21 --> Session: Class initialized using 'CodeIgniter\Session\Handlers\FileHandler' driver.
DEBUG - 2025-09-04 12:20:21 --> User IP: ::1
DEBUG - 2025-09-04 12:20:32 --> Session: Class initialized using 'CodeIgniter\Session\Handlers\FileHandler' driver.
DEBUG - 2025-09-04 12:20:32 --> User IP: ::1
DEBUG - 2025-09-04 12:20:33 --> Session: Class initialized using 'CodeIgniter\Session\Handlers\FileHandler' driver.
DEBUG - 2025-09-04 12:20:33 --> User IP: ::1
