DEBUG - 2025-08-09 06:42:46 --> Session: Class initialized using 'CodeIgniter\Session\Handlers\FileHandler' driver.
DEBUG - 2025-08-09 06:42:46 --> User IP: ::1
DEBUG - 2025-08-09 06:42:49 --> Session: Class initialized using 'CodeIgniter\Session\Handlers\FileHandler' driver.
DEBUG - 2025-08-09 06:42:49 --> User IP: ::1
DEBUG - 2025-08-09 06:42:50 --> Session: Class initialized using 'CodeIgniter\Session\Handlers\FileHandler' driver.
DEBUG - 2025-08-09 06:42:50 --> User IP: ::1
DEBUG - 2025-08-09 06:43:30 --> Session: Class initialized using 'CodeIgniter\Session\Handlers\FileHandler' driver.
DEBUG - 2025-08-09 06:43:30 --> User IP: ::1
DEBUG - 2025-08-09 06:43:42 --> Session: Class initialized using 'CodeIgniter\Session\Handlers\FileHandler' driver.
DEBUG - 2025-08-09 06:43:42 --> User IP: ::1
DEBUG - 2025-08-09 06:43:43 --> Session: Class initialized using 'CodeIgniter\Session\Handlers\FileHandler' driver.
DEBUG - 2025-08-09 06:43:43 --> User IP: ::1
DEBUG - 2025-08-09 06:43:49 --> Session: Class initialized using 'CodeIgniter\Session\Handlers\FileHandler' driver.
DEBUG - 2025-08-09 06:43:49 --> User IP: ::1
DEBUG - 2025-08-09 06:45:01 --> Session: Class initialized using 'CodeIgniter\Session\Handlers\FileHandler' driver.
DEBUG - 2025-08-09 06:45:01 --> User IP: ::1
DEBUG - 2025-08-09 06:45:12 --> Session: Class initialized using 'CodeIgniter\Session\Handlers\FileHandler' driver.
DEBUG - 2025-08-09 06:45:12 --> User IP: ::1
DEBUG - 2025-08-09 06:45:20 --> Session: Class initialized using 'CodeIgniter\Session\Handlers\FileHandler' driver.
DEBUG - 2025-08-09 06:45:20 --> User IP: ::1
DEBUG - 2025-08-09 06:45:45 --> Session: Class initialized using 'CodeIgniter\Session\Handlers\FileHandler' driver.
DEBUG - 2025-08-09 06:45:45 --> User IP: ::1
DEBUG - 2025-08-09 06:45:47 --> Session: Class initialized using 'CodeIgniter\Session\Handlers\FileHandler' driver.
DEBUG - 2025-08-09 06:45:47 --> User IP: ::1
DEBUG - 2025-08-09 06:45:49 --> Session: Class initialized using 'CodeIgniter\Session\Handlers\FileHandler' driver.
DEBUG - 2025-08-09 06:45:49 --> User IP: ::1
DEBUG - 2025-08-09 06:46:28 --> Session: Class initialized using 'CodeIgniter\Session\Handlers\FileHandler' driver.
DEBUG - 2025-08-09 06:46:28 --> User IP: ::1
DEBUG - 2025-08-09 06:47:06 --> Session: Class initialized using 'CodeIgniter\Session\Handlers\FileHandler' driver.
DEBUG - 2025-08-09 06:47:06 --> User IP: ::1
DEBUG - 2025-08-09 06:47:19 --> Session: Class initialized using 'CodeIgniter\Session\Handlers\FileHandler' driver.
DEBUG - 2025-08-09 06:47:19 --> User IP: ::1
DEBUG - 2025-08-09 06:47:55 --> Session: Class initialized using 'CodeIgniter\Session\Handlers\FileHandler' driver.
DEBUG - 2025-08-09 06:47:55 --> User IP: ::1
DEBUG - 2025-08-09 06:49:24 --> Session: Class initialized using 'CodeIgniter\Session\Handlers\FileHandler' driver.
DEBUG - 2025-08-09 06:49:24 --> User IP: ::1
DEBUG - 2025-08-09 06:49:31 --> Session: Class initialized using 'CodeIgniter\Session\Handlers\FileHandler' driver.
DEBUG - 2025-08-09 06:49:31 --> User IP: ::1
DEBUG - 2025-08-09 06:53:26 --> Session: Class initialized using 'CodeIgniter\Session\Handlers\FileHandler' driver.
DEBUG - 2025-08-09 06:53:26 --> User IP: ::1
DEBUG - 2025-08-09 06:53:27 --> Session: Class initialized using 'CodeIgniter\Session\Handlers\FileHandler' driver.
DEBUG - 2025-08-09 06:53:27 --> User IP: ::1
DEBUG - 2025-08-09 06:53:28 --> Session: Class initialized using 'CodeIgniter\Session\Handlers\FileHandler' driver.
DEBUG - 2025-08-09 06:53:28 --> User IP: ::1
DEBUG - 2025-08-09 06:53:33 --> Session: Class initialized using 'CodeIgniter\Session\Handlers\FileHandler' driver.
DEBUG - 2025-08-09 06:53:33 --> User IP: ::1
DEBUG - 2025-08-09 06:53:35 --> Session: Class initialized using 'CodeIgniter\Session\Handlers\FileHandler' driver.
DEBUG - 2025-08-09 06:53:35 --> User IP: ::1
DEBUG - 2025-08-09 06:53:43 --> Session: Class initialized using 'CodeIgniter\Session\Handlers\FileHandler' driver.
DEBUG - 2025-08-09 06:53:43 --> User IP: ::1
DEBUG - 2025-08-09 06:53:43 --> Session: Class initialized using 'CodeIgniter\Session\Handlers\FileHandler' driver.
DEBUG - 2025-08-09 06:53:43 --> User IP: ::1
DEBUG - 2025-08-09 06:53:47 --> Session: Class initialized using 'CodeIgniter\Session\Handlers\FileHandler' driver.
DEBUG - 2025-08-09 06:53:47 --> User IP: ::1
DEBUG - 2025-08-09 07:04:20 --> Session: Class initialized using 'CodeIgniter\Session\Handlers\FileHandler' driver.
DEBUG - 2025-08-09 07:04:20 --> User IP: ::1
DEBUG - 2025-08-09 07:04:23 --> Session: Class initialized using 'CodeIgniter\Session\Handlers\FileHandler' driver.
DEBUG - 2025-08-09 07:04:23 --> User IP: ::1
DEBUG - 2025-08-09 07:04:26 --> Session: Class initialized using 'CodeIgniter\Session\Handlers\FileHandler' driver.
DEBUG - 2025-08-09 07:04:26 --> User IP: ::1
DEBUG - 2025-08-09 07:06:43 --> Session: Class initialized using 'CodeIgniter\Session\Handlers\FileHandler' driver.
DEBUG - 2025-08-09 07:06:43 --> User IP: ::1
DEBUG - 2025-08-09 07:15:45 --> Session: Class initialized using 'CodeIgniter\Session\Handlers\FileHandler' driver.
DEBUG - 2025-08-09 07:15:45 --> User IP: ::1
DEBUG - 2025-08-09 07:15:49 --> Session: Class initialized using 'CodeIgniter\Session\Handlers\FileHandler' driver.
DEBUG - 2025-08-09 07:15:49 --> User IP: ::1
DEBUG - 2025-08-09 07:15:51 --> Session: Class initialized using 'CodeIgniter\Session\Handlers\FileHandler' driver.
DEBUG - 2025-08-09 07:15:51 --> User IP: ::1
DEBUG - 2025-08-09 07:15:51 --> User ID: 3, Date: 2025-07-26
DEBUG - 2025-08-09 07:16:01 --> Session: Class initialized using 'CodeIgniter\Session\Handlers\FileHandler' driver.
DEBUG - 2025-08-09 07:16:01 --> User IP: ::1
DEBUG - 2025-08-09 07:16:01 --> User ID: 3, Date: 2025-07-25
DEBUG - 2025-08-09 07:16:04 --> Session: Class initialized using 'CodeIgniter\Session\Handlers\FileHandler' driver.
DEBUG - 2025-08-09 07:16:04 --> User IP: ::1
DEBUG - 2025-08-09 07:16:04 --> User ID: 3, Date: 2025-07-26
DEBUG - 2025-08-09 07:16:09 --> Session: Class initialized using 'CodeIgniter\Session\Handlers\FileHandler' driver.
DEBUG - 2025-08-09 07:16:09 --> User IP: ::1
DEBUG - 2025-08-09 07:16:09 --> User ID: 3, Date: 2025-07-27
DEBUG - 2025-08-09 07:16:16 --> Session: Class initialized using 'CodeIgniter\Session\Handlers\FileHandler' driver.
DEBUG - 2025-08-09 07:16:16 --> User IP: ::1
DEBUG - 2025-08-09 07:16:17 --> User ID: 3, Date: 2025-07-26
DEBUG - 2025-08-09 07:16:20 --> Session: Class initialized using 'CodeIgniter\Session\Handlers\FileHandler' driver.
DEBUG - 2025-08-09 07:16:20 --> User IP: ::1
DEBUG - 2025-08-09 07:16:20 --> User ID: 3, Date: 2025-07-25
DEBUG - 2025-08-09 07:20:25 --> Session: Class initialized using 'CodeIgniter\Session\Handlers\FileHandler' driver.
DEBUG - 2025-08-09 07:20:25 --> User IP: ::1
DEBUG - 2025-08-09 07:20:25 --> User ID: 3, Date: 2025-07-26
DEBUG - 2025-08-09 07:20:44 --> Session: Class initialized using 'CodeIgniter\Session\Handlers\FileHandler' driver.
DEBUG - 2025-08-09 07:20:44 --> User IP: ::1
DEBUG - 2025-08-09 07:20:44 --> User ID: 3, Date: 2025-07-26
DEBUG - 2025-08-09 07:20:47 --> Session: Class initialized using 'CodeIgniter\Session\Handlers\FileHandler' driver.
DEBUG - 2025-08-09 07:20:47 --> User IP: ::1
DEBUG - 2025-08-09 07:20:47 --> User ID: 3, Date: 2025-07-25
DEBUG - 2025-08-09 07:20:53 --> Session: Class initialized using 'CodeIgniter\Session\Handlers\FileHandler' driver.
DEBUG - 2025-08-09 07:20:53 --> User IP: ::1
DEBUG - 2025-08-09 07:20:53 --> User ID: 3, Date: 2025-07-26
DEBUG - 2025-08-09 07:20:57 --> Session: Class initialized using 'CodeIgniter\Session\Handlers\FileHandler' driver.
DEBUG - 2025-08-09 07:20:57 --> User IP: ::1
DEBUG - 2025-08-09 07:20:57 --> User ID: 3, Date: 2025-07-27
DEBUG - 2025-08-09 07:21:14 --> Session: Class initialized using 'CodeIgniter\Session\Handlers\FileHandler' driver.
DEBUG - 2025-08-09 07:21:14 --> User IP: ::1
DEBUG - 2025-08-09 07:21:14 --> Session: Class initialized using 'CodeIgniter\Session\Handlers\FileHandler' driver.
DEBUG - 2025-08-09 07:21:14 --> User IP: ::1
DEBUG - 2025-08-09 07:21:19 --> Session: Class initialized using 'CodeIgniter\Session\Handlers\FileHandler' driver.
DEBUG - 2025-08-09 07:21:19 --> User IP: ::1
DEBUG - 2025-08-09 07:21:19 --> User ID: 3, Date: 2025-07-26
DEBUG - 2025-08-09 07:21:30 --> Session: Class initialized using 'CodeIgniter\Session\Handlers\FileHandler' driver.
DEBUG - 2025-08-09 07:21:30 --> User IP: ::1
DEBUG - 2025-08-09 07:21:30 --> User ID: 3, Date: 2025-07-27
DEBUG - 2025-08-09 07:21:37 --> Session: Class initialized using 'CodeIgniter\Session\Handlers\FileHandler' driver.
DEBUG - 2025-08-09 07:21:37 --> User IP: ::1
DEBUG - 2025-08-09 07:21:38 --> User ID: 3, Date: 2025-07-26
DEBUG - 2025-08-09 07:21:52 --> Session: Class initialized using 'CodeIgniter\Session\Handlers\FileHandler' driver.
DEBUG - 2025-08-09 07:21:52 --> User IP: ::1
DEBUG - 2025-08-09 07:21:54 --> Session: Class initialized using 'CodeIgniter\Session\Handlers\FileHandler' driver.
DEBUG - 2025-08-09 07:21:54 --> User IP: ::1
DEBUG - 2025-08-09 07:21:57 --> Session: Class initialized using 'CodeIgniter\Session\Handlers\FileHandler' driver.
DEBUG - 2025-08-09 07:21:57 --> User IP: ::1
DEBUG - 2025-08-09 07:21:57 --> User ID: 3, Date: 2025-07-26
DEBUG - 2025-08-09 07:22:05 --> Session: Class initialized using 'CodeIgniter\Session\Handlers\FileHandler' driver.
DEBUG - 2025-08-09 07:22:05 --> User IP: ::1
DEBUG - 2025-08-09 07:22:08 --> Session: Class initialized using 'CodeIgniter\Session\Handlers\FileHandler' driver.
DEBUG - 2025-08-09 07:22:08 --> User IP: ::1
DEBUG - 2025-08-09 07:22:12 --> Session: Class initialized using 'CodeIgniter\Session\Handlers\FileHandler' driver.
DEBUG - 2025-08-09 07:22:12 --> User IP: ::1
DEBUG - 2025-08-09 07:22:12 --> User ID: 13, Date: 2025-07-26
DEBUG - 2025-08-09 07:22:14 --> Session: Class initialized using 'CodeIgniter\Session\Handlers\FileHandler' driver.
DEBUG - 2025-08-09 07:22:14 --> User IP: ::1
DEBUG - 2025-08-09 07:22:14 --> User ID: 16, Date: 2025-07-26
DEBUG - 2025-08-09 07:22:25 --> Session: Class initialized using 'CodeIgniter\Session\Handlers\FileHandler' driver.
DEBUG - 2025-08-09 07:22:25 --> User IP: ::1
DEBUG - 2025-08-09 07:22:26 --> Session: Class initialized using 'CodeIgniter\Session\Handlers\FileHandler' driver.
DEBUG - 2025-08-09 07:22:26 --> User IP: ::1
DEBUG - 2025-08-09 07:22:30 --> Session: Class initialized using 'CodeIgniter\Session\Handlers\FileHandler' driver.
DEBUG - 2025-08-09 07:22:30 --> User IP: ::1
DEBUG - 2025-08-09 07:22:30 --> User ID: 1, Date: 2025-07-26
DEBUG - 2025-08-09 07:22:35 --> Session: Class initialized using 'CodeIgniter\Session\Handlers\FileHandler' driver.
DEBUG - 2025-08-09 07:22:35 --> User IP: ::1
DEBUG - 2025-08-09 07:22:35 --> User ID: 48, Date: 2025-07-27
DEBUG - 2025-08-09 07:22:40 --> Session: Class initialized using 'CodeIgniter\Session\Handlers\FileHandler' driver.
DEBUG - 2025-08-09 07:22:40 --> User IP: ::1
DEBUG - 2025-08-09 07:22:42 --> Session: Class initialized using 'CodeIgniter\Session\Handlers\FileHandler' driver.
DEBUG - 2025-08-09 07:22:42 --> User IP: ::1
DEBUG - 2025-08-09 07:22:53 --> Session: Class initialized using 'CodeIgniter\Session\Handlers\FileHandler' driver.
DEBUG - 2025-08-09 07:22:53 --> User IP: ::1
DEBUG - 2025-08-09 07:22:53 --> User ID: 48, Date: 2025-07-27
DEBUG - 2025-08-09 07:54:32 --> Session: Class initialized using 'CodeIgniter\Session\Handlers\FileHandler' driver.
DEBUG - 2025-08-09 07:54:32 --> User IP: ::1
DEBUG - 2025-08-09 07:54:32 --> Session: Class initialized using 'CodeIgniter\Session\Handlers\FileHandler' driver.
DEBUG - 2025-08-09 07:54:32 --> User IP: ::1
DEBUG - 2025-08-09 07:54:36 --> Session: Class initialized using 'CodeIgniter\Session\Handlers\FileHandler' driver.
DEBUG - 2025-08-09 07:54:36 --> User IP: ::1
DEBUG - 2025-08-09 07:54:38 --> Session: Class initialized using 'CodeIgniter\Session\Handlers\FileHandler' driver.
DEBUG - 2025-08-09 07:54:38 --> User IP: ::1
DEBUG - 2025-08-09 07:54:44 --> Session: Class initialized using 'CodeIgniter\Session\Handlers\FileHandler' driver.
DEBUG - 2025-08-09 07:54:44 --> User IP: ::1
DEBUG - 2025-08-09 07:54:44 --> Session: Class initialized using 'CodeIgniter\Session\Handlers\FileHandler' driver.
DEBUG - 2025-08-09 07:54:44 --> User IP: ::1
DEBUG - 2025-08-09 07:54:48 --> Session: Class initialized using 'CodeIgniter\Session\Handlers\FileHandler' driver.
DEBUG - 2025-08-09 07:54:48 --> User IP: ::1
CRITICAL - 2025-08-09 07:54:48 --> ArgumentCountError: Too few arguments to function App\Controllers\Hrms::appraisal_details(), 0 passed in C:\xampp\htdocs\gighz\system\CodeIgniter.php on line 933 and exactly 1 expected
[Method: GET, Route: hrms/appraisal_details]
in APPPATH\Controllers\Hrms.php on line 956.
 1 SYSTEMPATH\CodeIgniter.php(933): App\Controllers\Hrms->appraisal_details()
 2 SYSTEMPATH\CodeIgniter.php(509): CodeIgniter\CodeIgniter->runController(Object(App\Controllers\Hrms))
 3 SYSTEMPATH\CodeIgniter.php(355): CodeIgniter\CodeIgniter->handleRequest(null, Object(Config\Cache), false)
 4 SYSTEMPATH\Boot.php(334): CodeIgniter\CodeIgniter->run()
 5 SYSTEMPATH\Boot.php(67): CodeIgniter\Boot::runCodeIgniter(Object(CodeIgniter\CodeIgniter))
 6 FCPATH\index.php(56): CodeIgniter\Boot::bootWeb(Object(Config\Paths))
DEBUG - 2025-08-09 07:55:23 --> Session: Class initialized using 'CodeIgniter\Session\Handlers\FileHandler' driver.
DEBUG - 2025-08-09 07:55:23 --> User IP: ::1
DEBUG - 2025-08-09 07:57:41 --> Session: Class initialized using 'CodeIgniter\Session\Handlers\FileHandler' driver.
DEBUG - 2025-08-09 07:57:41 --> User IP: ::1
DEBUG - 2025-08-09 09:26:13 --> Session: Class initialized using 'CodeIgniter\Session\Handlers\FileHandler' driver.
DEBUG - 2025-08-09 09:26:13 --> User IP: ::1
DEBUG - 2025-08-09 09:26:39 --> Session: Class initialized using 'CodeIgniter\Session\Handlers\FileHandler' driver.
DEBUG - 2025-08-09 09:26:39 --> User IP: ::1
DEBUG - 2025-08-09 09:28:15 --> Session: Class initialized using 'CodeIgniter\Session\Handlers\FileHandler' driver.
DEBUG - 2025-08-09 09:28:15 --> User IP: ::1
DEBUG - 2025-08-09 09:28:17 --> Session: Class initialized using 'CodeIgniter\Session\Handlers\FileHandler' driver.
DEBUG - 2025-08-09 09:28:17 --> User IP: ::1
DEBUG - 2025-08-09 09:28:48 --> Session: Class initialized using 'CodeIgniter\Session\Handlers\FileHandler' driver.
DEBUG - 2025-08-09 09:28:48 --> User IP: ::1
DEBUG - 2025-08-09 09:30:51 --> Session: Class initialized using 'CodeIgniter\Session\Handlers\FileHandler' driver.
DEBUG - 2025-08-09 09:30:51 --> User IP: ::1
DEBUG - 2025-08-09 09:33:37 --> Session: Class initialized using 'CodeIgniter\Session\Handlers\FileHandler' driver.
DEBUG - 2025-08-09 09:33:37 --> User IP: ::1
DEBUG - 2025-08-09 09:33:53 --> Session: Class initialized using 'CodeIgniter\Session\Handlers\FileHandler' driver.
DEBUG - 2025-08-09 09:33:53 --> User IP: ::1
DEBUG - 2025-08-09 09:34:03 --> Session: Class initialized using 'CodeIgniter\Session\Handlers\FileHandler' driver.
DEBUG - 2025-08-09 09:34:03 --> User IP: ::1
DEBUG - 2025-08-09 09:36:55 --> Session: Class initialized using 'CodeIgniter\Session\Handlers\FileHandler' driver.
DEBUG - 2025-08-09 09:36:55 --> User IP: ::1
DEBUG - 2025-08-09 09:36:57 --> Session: Class initialized using 'CodeIgniter\Session\Handlers\FileHandler' driver.
DEBUG - 2025-08-09 09:37:45 --> Session: Class initialized using 'CodeIgniter\Session\Handlers\FileHandler' driver.
DEBUG - 2025-08-09 09:37:45 --> User IP: ::1
DEBUG - 2025-08-09 09:37:47 --> Session: Class initialized using 'CodeIgniter\Session\Handlers\FileHandler' driver.
DEBUG - 2025-08-09 09:37:47 --> User IP: ::1
DEBUG - 2025-08-09 09:38:14 --> Session: Class initialized using 'CodeIgniter\Session\Handlers\FileHandler' driver.
DEBUG - 2025-08-09 09:38:14 --> User IP: ::1
DEBUG - 2025-08-09 09:42:03 --> Session: Class initialized using 'CodeIgniter\Session\Handlers\FileHandler' driver.
DEBUG - 2025-08-09 09:42:03 --> User IP: ::1
DEBUG - 2025-08-09 09:42:24 --> Session: Class initialized using 'CodeIgniter\Session\Handlers\FileHandler' driver.
DEBUG - 2025-08-09 09:42:24 --> User IP: ::1
DEBUG - 2025-08-09 09:42:45 --> Session: Class initialized using 'CodeIgniter\Session\Handlers\FileHandler' driver.
DEBUG - 2025-08-09 09:42:45 --> User IP: ::1
DEBUG - 2025-08-09 09:44:01 --> Session: Class initialized using 'CodeIgniter\Session\Handlers\FileHandler' driver.
DEBUG - 2025-08-09 09:44:01 --> User IP: ::1
DEBUG - 2025-08-09 09:46:17 --> Session: Class initialized using 'CodeIgniter\Session\Handlers\FileHandler' driver.
DEBUG - 2025-08-09 09:46:17 --> User IP: ::1
DEBUG - 2025-08-09 09:46:41 --> Session: Class initialized using 'CodeIgniter\Session\Handlers\FileHandler' driver.
DEBUG - 2025-08-09 09:46:41 --> User IP: ::1
DEBUG - 2025-08-09 09:49:36 --> Session: Class initialized using 'CodeIgniter\Session\Handlers\FileHandler' driver.
DEBUG - 2025-08-09 09:49:36 --> User IP: ::1
DEBUG - 2025-08-09 09:50:50 --> Session: Class initialized using 'CodeIgniter\Session\Handlers\FileHandler' driver.
DEBUG - 2025-08-09 09:50:50 --> User IP: ::1
DEBUG - 2025-08-09 09:50:55 --> Session: Class initialized using 'CodeIgniter\Session\Handlers\FileHandler' driver.
DEBUG - 2025-08-09 09:50:55 --> User IP: ::1
DEBUG - 2025-08-09 09:50:58 --> Session: Class initialized using 'CodeIgniter\Session\Handlers\FileHandler' driver.
DEBUG - 2025-08-09 09:51:07 --> Session: Class initialized using 'CodeIgniter\Session\Handlers\FileHandler' driver.
DEBUG - 2025-08-09 09:51:57 --> Session: Class initialized using 'CodeIgniter\Session\Handlers\FileHandler' driver.
DEBUG - 2025-08-09 09:51:57 --> User IP: ::1
DEBUG - 2025-08-09 09:57:23 --> Session: Class initialized using 'CodeIgniter\Session\Handlers\FileHandler' driver.
DEBUG - 2025-08-09 09:57:23 --> User IP: ::1
DEBUG - 2025-08-09 09:57:45 --> Session: Class initialized using 'CodeIgniter\Session\Handlers\FileHandler' driver.
DEBUG - 2025-08-09 09:57:45 --> User IP: ::1
DEBUG - 2025-08-09 10:29:09 --> Session: Class initialized using 'CodeIgniter\Session\Handlers\FileHandler' driver.
DEBUG - 2025-08-09 10:29:09 --> User IP: ::1
DEBUG - 2025-08-09 10:29:24 --> Session: Class initialized using 'CodeIgniter\Session\Handlers\FileHandler' driver.
DEBUG - 2025-08-09 10:29:24 --> User IP: ::1
DEBUG - 2025-08-09 10:29:29 --> Session: Class initialized using 'CodeIgniter\Session\Handlers\FileHandler' driver.
DEBUG - 2025-08-09 10:29:29 --> User IP: ::1
DEBUG - 2025-08-09 10:30:32 --> Session: Class initialized using 'CodeIgniter\Session\Handlers\FileHandler' driver.
DEBUG - 2025-08-09 10:30:32 --> User IP: ::1
DEBUG - 2025-08-09 10:31:07 --> Session: Class initialized using 'CodeIgniter\Session\Handlers\FileHandler' driver.
DEBUG - 2025-08-09 10:31:07 --> User IP: ::1
DEBUG - 2025-08-09 10:31:11 --> Session: Class initialized using 'CodeIgniter\Session\Handlers\FileHandler' driver.
DEBUG - 2025-08-09 10:31:11 --> User IP: ::1
ERROR - 2025-08-09 10:31:11 --> mysqli_sql_exception: Table 'gighz.appraisal_documents' doesn't exist in C:\xampp\htdocs\gighz\system\Database\MySQLi\Connection.php:312
Stack trace:
#0 C:\xampp\htdocs\gighz\system\Database\MySQLi\Connection.php(312): mysqli->query('SELECT `other_d...', 0)
#1 C:\xampp\htdocs\gighz\system\Database\BaseConnection.php(734): CodeIgniter\Database\MySQLi\Connection->execute('SELECT `other_d...')
#2 C:\xampp\htdocs\gighz\system\Database\BaseConnection.php(648): CodeIgniter\Database\BaseConnection->simpleQuery('SELECT `other_d...')
#3 C:\xampp\htdocs\gighz\system\Database\BaseBuilder.php(1644): CodeIgniter\Database\BaseConnection->query('SELECT `other_d...', Array, false)
#4 C:\xampp\htdocs\gighz\app\Controllers\Hrms.php(1084): CodeIgniter\Database\BaseBuilder->get()
#5 C:\xampp\htdocs\gighz\system\CodeIgniter.php(933): App\Controllers\Hrms->getOtherDocuments('1')
#6 C:\xampp\htdocs\gighz\system\CodeIgniter.php(509): CodeIgniter\CodeIgniter->runController(Object(App\Controllers\Hrms))
#7 C:\xampp\htdocs\gighz\system\CodeIgniter.php(355): CodeIgniter\CodeIgniter->handleRequest(NULL, Object(Config\Cache), false)
#8 C:\xampp\htdocs\gighz\system\Boot.php(334): CodeIgniter\CodeIgniter->run()
#9 C:\xampp\htdocs\gighz\system\Boot.php(67): CodeIgniter\Boot::runCodeIgniter(Object(CodeIgniter\CodeIgniter))
#10 C:\xampp\htdocs\gighz\public\index.php(56): CodeIgniter\Boot::bootWeb(Object(Config\Paths))
#11 {main}
CRITICAL - 2025-08-09 10:31:11 --> CodeIgniter\Database\Exceptions\DatabaseException: Table 'gighz.appraisal_documents' doesn't exist
[Method: GET, Route: hrms/getOtherDocuments/1]
in SYSTEMPATH\Database\BaseConnection.php on line 688.
 1 SYSTEMPATH\Database\BaseBuilder.php(1644): CodeIgniter\Database\BaseConnection->query('SELECT `other_doc`
FROM `appraisal_documents`
WHERE `id` = :id:', [...], false)
 2 APPPATH\Controllers\Hrms.php(1084): CodeIgniter\Database\BaseBuilder->get()
 3 SYSTEMPATH\CodeIgniter.php(933): App\Controllers\Hrms->getOtherDocuments('1')
 4 SYSTEMPATH\CodeIgniter.php(509): CodeIgniter\CodeIgniter->runController(Object(App\Controllers\Hrms))
 5 SYSTEMPATH\CodeIgniter.php(355): CodeIgniter\CodeIgniter->handleRequest(null, Object(Config\Cache), false)
 6 SYSTEMPATH\Boot.php(334): CodeIgniter\CodeIgniter->run()
 7 SYSTEMPATH\Boot.php(67): CodeIgniter\Boot::runCodeIgniter(Object(CodeIgniter\CodeIgniter))
 8 FCPATH\index.php(56): CodeIgniter\Boot::bootWeb(Object(Config\Paths))
CRITICAL - 2025-08-09 10:31:11 --> [Caused by] CodeIgniter\Database\Exceptions\DatabaseException: Table 'gighz.appraisal_documents' doesn't exist
in SYSTEMPATH\Database\MySQLi\Connection.php on line 317.
 1 SYSTEMPATH\Database\BaseConnection.php(734): CodeIgniter\Database\MySQLi\Connection->execute('SELECT `other_doc`
FROM `appraisal_documents`
WHERE `id` = \'1\'')
 2 SYSTEMPATH\Database\BaseConnection.php(648): CodeIgniter\Database\BaseConnection->simpleQuery('SELECT `other_doc`
FROM `appraisal_documents`
WHERE `id` = \'1\'')
 3 SYSTEMPATH\Database\BaseBuilder.php(1644): CodeIgniter\Database\BaseConnection->query('SELECT `other_doc`
FROM `appraisal_documents`
WHERE `id` = :id:', [...], false)
 4 APPPATH\Controllers\Hrms.php(1084): CodeIgniter\Database\BaseBuilder->get()
 5 SYSTEMPATH\CodeIgniter.php(933): App\Controllers\Hrms->getOtherDocuments('1')
 6 SYSTEMPATH\CodeIgniter.php(509): CodeIgniter\CodeIgniter->runController(Object(App\Controllers\Hrms))
 7 SYSTEMPATH\CodeIgniter.php(355): CodeIgniter\CodeIgniter->handleRequest(null, Object(Config\Cache), false)
 8 SYSTEMPATH\Boot.php(334): CodeIgniter\CodeIgniter->run()
 9 SYSTEMPATH\Boot.php(67): CodeIgniter\Boot::runCodeIgniter(Object(CodeIgniter\CodeIgniter))
10 FCPATH\index.php(56): CodeIgniter\Boot::bootWeb(Object(Config\Paths))
CRITICAL - 2025-08-09 10:31:11 --> [Caused by] mysqli_sql_exception: Table 'gighz.appraisal_documents' doesn't exist
in SYSTEMPATH\Database\MySQLi\Connection.php on line 312.
 1 SYSTEMPATH\Database\MySQLi\Connection.php(312): mysqli->query('SELECT `other_doc`
FROM `appraisal_documents`
WHERE `id` = \'1\'', 0)
 2 SYSTEMPATH\Database\BaseConnection.php(734): CodeIgniter\Database\MySQLi\Connection->execute('SELECT `other_doc`
FROM `appraisal_documents`
WHERE `id` = \'1\'')
 3 SYSTEMPATH\Database\BaseConnection.php(648): CodeIgniter\Database\BaseConnection->simpleQuery('SELECT `other_doc`
FROM `appraisal_documents`
WHERE `id` = \'1\'')
 4 SYSTEMPATH\Database\BaseBuilder.php(1644): CodeIgniter\Database\BaseConnection->query('SELECT `other_doc`
FROM `appraisal_documents`
WHERE `id` = :id:', [...], false)
 5 APPPATH\Controllers\Hrms.php(1084): CodeIgniter\Database\BaseBuilder->get()
 6 SYSTEMPATH\CodeIgniter.php(933): App\Controllers\Hrms->getOtherDocuments('1')
 7 SYSTEMPATH\CodeIgniter.php(509): CodeIgniter\CodeIgniter->runController(Object(App\Controllers\Hrms))
 8 SYSTEMPATH\CodeIgniter.php(355): CodeIgniter\CodeIgniter->handleRequest(null, Object(Config\Cache), false)
 9 SYSTEMPATH\Boot.php(334): CodeIgniter\CodeIgniter->run()
10 SYSTEMPATH\Boot.php(67): CodeIgniter\Boot::runCodeIgniter(Object(CodeIgniter\CodeIgniter))
11 FCPATH\index.php(56): CodeIgniter\Boot::bootWeb(Object(Config\Paths))
DEBUG - 2025-08-09 10:31:53 --> Session: Class initialized using 'CodeIgniter\Session\Handlers\FileHandler' driver.
DEBUG - 2025-08-09 10:31:53 --> User IP: ::1
DEBUG - 2025-08-09 10:31:56 --> Session: Class initialized using 'CodeIgniter\Session\Handlers\FileHandler' driver.
DEBUG - 2025-08-09 10:31:56 --> User IP: ::1
DEBUG - 2025-08-09 10:33:44 --> Session: Class initialized using 'CodeIgniter\Session\Handlers\FileHandler' driver.
DEBUG - 2025-08-09 10:33:44 --> User IP: ::1
DEBUG - 2025-08-09 10:33:46 --> Session: Class initialized using 'CodeIgniter\Session\Handlers\FileHandler' driver.
DEBUG - 2025-08-09 10:33:46 --> User IP: ::1
DEBUG - 2025-08-09 10:34:23 --> Session: Class initialized using 'CodeIgniter\Session\Handlers\FileHandler' driver.
DEBUG - 2025-08-09 10:34:24 --> User IP: ::1
DEBUG - 2025-08-09 10:34:24 --> Session: Class initialized using 'CodeIgniter\Session\Handlers\FileHandler' driver.
DEBUG - 2025-08-09 10:34:24 --> User IP: ::1
DEBUG - 2025-08-09 10:34:28 --> Session: Class initialized using 'CodeIgniter\Session\Handlers\FileHandler' driver.
DEBUG - 2025-08-09 10:34:28 --> User IP: ::1
DEBUG - 2025-08-09 10:34:28 --> Session: Class initialized using 'CodeIgniter\Session\Handlers\FileHandler' driver.
DEBUG - 2025-08-09 10:34:28 --> User IP: ::1
DEBUG - 2025-08-09 10:35:02 --> Session: Class initialized using 'CodeIgniter\Session\Handlers\FileHandler' driver.
DEBUG - 2025-08-09 10:35:02 --> User IP: ::1
DEBUG - 2025-08-09 10:35:03 --> Session: Class initialized using 'CodeIgniter\Session\Handlers\FileHandler' driver.
DEBUG - 2025-08-09 10:35:03 --> User IP: ::1
DEBUG - 2025-08-09 10:35:11 --> Session: Class initialized using 'CodeIgniter\Session\Handlers\FileHandler' driver.
DEBUG - 2025-08-09 10:35:16 --> Session: Class initialized using 'CodeIgniter\Session\Handlers\FileHandler' driver.
DEBUG - 2025-08-09 10:35:44 --> Session: Class initialized using 'CodeIgniter\Session\Handlers\FileHandler' driver.
DEBUG - 2025-08-09 10:35:44 --> User IP: ::1
DEBUG - 2025-08-09 10:36:04 --> Session: Class initialized using 'CodeIgniter\Session\Handlers\FileHandler' driver.
DEBUG - 2025-08-09 10:36:04 --> User IP: ::1
DEBUG - 2025-08-09 10:36:11 --> Session: Class initialized using 'CodeIgniter\Session\Handlers\FileHandler' driver.
DEBUG - 2025-08-09 10:36:11 --> User IP: ::1
DEBUG - 2025-08-09 10:37:42 --> Session: Class initialized using 'CodeIgniter\Session\Handlers\FileHandler' driver.
DEBUG - 2025-08-09 10:37:42 --> User IP: ::1
DEBUG - 2025-08-09 10:37:43 --> Session: Class initialized using 'CodeIgniter\Session\Handlers\FileHandler' driver.
DEBUG - 2025-08-09 10:37:43 --> User IP: ::1
DEBUG - 2025-08-09 10:37:44 --> Session: Class initialized using 'CodeIgniter\Session\Handlers\FileHandler' driver.
DEBUG - 2025-08-09 10:37:44 --> User IP: ::1
DEBUG - 2025-08-09 10:37:45 --> Session: Class initialized using 'CodeIgniter\Session\Handlers\FileHandler' driver.
DEBUG - 2025-08-09 10:37:45 --> User IP: ::1
DEBUG - 2025-08-09 10:37:45 --> Session: Class initialized using 'CodeIgniter\Session\Handlers\FileHandler' driver.
DEBUG - 2025-08-09 10:37:45 --> User IP: ::1
DEBUG - 2025-08-09 10:38:44 --> Session: Class initialized using 'CodeIgniter\Session\Handlers\FileHandler' driver.
DEBUG - 2025-08-09 10:38:44 --> User IP: ::1
DEBUG - 2025-08-09 10:38:44 --> Session: Class initialized using 'CodeIgniter\Session\Handlers\FileHandler' driver.
DEBUG - 2025-08-09 10:38:44 --> User IP: ::1
DEBUG - 2025-08-09 10:39:10 --> Session: Class initialized using 'CodeIgniter\Session\Handlers\FileHandler' driver.
DEBUG - 2025-08-09 10:39:10 --> User IP: ::1
DEBUG - 2025-08-09 10:39:11 --> Session: Class initialized using 'CodeIgniter\Session\Handlers\FileHandler' driver.
DEBUG - 2025-08-09 10:39:11 --> User IP: ::1
DEBUG - 2025-08-09 10:39:12 --> Session: Class initialized using 'CodeIgniter\Session\Handlers\FileHandler' driver.
DEBUG - 2025-08-09 10:39:12 --> User IP: ::1
DEBUG - 2025-08-09 10:39:12 --> Session: Class initialized using 'CodeIgniter\Session\Handlers\FileHandler' driver.
DEBUG - 2025-08-09 10:39:12 --> User IP: ::1
DEBUG - 2025-08-09 10:39:13 --> Session: Class initialized using 'CodeIgniter\Session\Handlers\FileHandler' driver.
DEBUG - 2025-08-09 10:39:13 --> User IP: ::1
DEBUG - 2025-08-09 10:39:13 --> Session: Class initialized using 'CodeIgniter\Session\Handlers\FileHandler' driver.
DEBUG - 2025-08-09 10:39:13 --> User IP: ::1
DEBUG - 2025-08-09 10:39:14 --> Session: Class initialized using 'CodeIgniter\Session\Handlers\FileHandler' driver.
DEBUG - 2025-08-09 10:39:14 --> User IP: ::1
DEBUG - 2025-08-09 10:39:15 --> Session: Class initialized using 'CodeIgniter\Session\Handlers\FileHandler' driver.
DEBUG - 2025-08-09 10:39:15 --> User IP: ::1
DEBUG - 2025-08-09 10:39:16 --> Session: Class initialized using 'CodeIgniter\Session\Handlers\FileHandler' driver.
DEBUG - 2025-08-09 10:39:16 --> User IP: ::1
DEBUG - 2025-08-09 10:39:16 --> Session: Class initialized using 'CodeIgniter\Session\Handlers\FileHandler' driver.
DEBUG - 2025-08-09 10:39:16 --> User IP: ::1
