DEBUG - 2025-07-18 07:14:38 --> Session: Class initialized using 'CodeIgniter\Session\Handlers\FileHandler' driver.
DEBUG - 2025-07-18 07:14:38 --> Session: Class initialized using 'CodeIgniter\Session\Handlers\FileHandler' driver.
DEBUG - 2025-07-18 07:14:42 --> Session: Class initialized using 'CodeIgniter\Session\Handlers\FileHandler' driver.
DEBUG - 2025-07-18 07:14:42 --> User IP: ::1
DEBUG - 2025-07-18 07:15:02 --> Session: Class initialized using 'CodeIgniter\Session\Handlers\FileHandler' driver.
DEBUG - 2025-07-18 07:15:02 --> User IP: ::1
DEBUG - 2025-07-18 07:15:04 --> Session: Class initialized using 'CodeIgniter\Session\Handlers\FileHandler' driver.
DEBUG - 2025-07-18 07:15:04 --> User IP: ::1
DEBUG - 2025-07-18 07:15:05 --> Session: Class initialized using 'CodeIgniter\Session\Handlers\FileHandler' driver.
DEBUG - 2025-07-18 07:15:05 --> User IP: ::1
DEBUG - 2025-07-18 07:15:05 --> Session: Class initialized using 'CodeIgniter\Session\Handlers\FileHandler' driver.
DEBUG - 2025-07-18 07:15:05 --> User IP: ::1
DEBUG - 2025-07-18 07:15:16 --> Session: Class initialized using 'CodeIgniter\Session\Handlers\FileHandler' driver.
DEBUG - 2025-07-18 07:15:16 --> User IP: ::1
DEBUG - 2025-07-18 07:15:16 --> Session: Class initialized using 'CodeIgniter\Session\Handlers\FileHandler' driver.
DEBUG - 2025-07-18 07:15:17 --> User IP: ::1
DEBUG - 2025-07-18 07:15:43 --> Session: Class initialized using 'CodeIgniter\Session\Handlers\FileHandler' driver.
DEBUG - 2025-07-18 07:15:43 --> User IP: ::1
DEBUG - 2025-07-18 07:15:44 --> Session: Class initialized using 'CodeIgniter\Session\Handlers\FileHandler' driver.
DEBUG - 2025-07-18 07:15:44 --> User IP: ::1
DEBUG - 2025-07-18 07:15:45 --> Session: Class initialized using 'CodeIgniter\Session\Handlers\FileHandler' driver.
DEBUG - 2025-07-18 07:15:45 --> User IP: ::1
DEBUG - 2025-07-18 07:15:45 --> Session: Class initialized using 'CodeIgniter\Session\Handlers\FileHandler' driver.
DEBUG - 2025-07-18 07:15:45 --> User IP: ::1
DEBUG - 2025-07-18 07:15:46 --> Session: Class initialized using 'CodeIgniter\Session\Handlers\FileHandler' driver.
DEBUG - 2025-07-18 07:15:46 --> User IP: ::1
DEBUG - 2025-07-18 07:43:12 --> Session: Initialization under CLI aborted.
DEBUG - 2025-07-18 07:44:38 --> Session: Class initialized using 'CodeIgniter\Session\Handlers\FileHandler' driver.
DEBUG - 2025-07-18 07:44:38 --> User IP: ::1
DEBUG - 2025-07-18 08:08:14 --> Session: Class initialized using 'CodeIgniter\Session\Handlers\FileHandler' driver.
DEBUG - 2025-07-18 08:08:14 --> User IP: ::1
DEBUG - 2025-07-18 09:16:43 --> Session: Class initialized using 'CodeIgniter\Session\Handlers\FileHandler' driver.
DEBUG - 2025-07-18 09:16:43 --> User IP: ::1
DEBUG - 2025-07-18 09:33:21 --> Session: Class initialized using 'CodeIgniter\Session\Handlers\FileHandler' driver.
DEBUG - 2025-07-18 09:33:21 --> User IP: ::1
DEBUG - 2025-07-18 09:40:15 --> Session: Class initialized using 'CodeIgniter\Session\Handlers\FileHandler' driver.
DEBUG - 2025-07-18 09:40:15 --> User IP: ::1
DEBUG - 2025-07-18 09:43:05 --> Session: Class initialized using 'CodeIgniter\Session\Handlers\FileHandler' driver.
DEBUG - 2025-07-18 09:43:05 --> User IP: ::1
DEBUG - 2025-07-18 09:46:09 --> Session: Class initialized using 'CodeIgniter\Session\Handlers\FileHandler' driver.
DEBUG - 2025-07-18 09:46:09 --> User IP: ::1
DEBUG - 2025-07-18 09:46:48 --> Session: Class initialized using 'CodeIgniter\Session\Handlers\FileHandler' driver.
DEBUG - 2025-07-18 09:46:48 --> User IP: ::1
DEBUG - 2025-07-18 09:47:35 --> Session: Class initialized using 'CodeIgniter\Session\Handlers\FileHandler' driver.
DEBUG - 2025-07-18 09:47:35 --> User IP: ::1
DEBUG - 2025-07-18 09:50:39 --> Session: Class initialized using 'CodeIgniter\Session\Handlers\FileHandler' driver.
DEBUG - 2025-07-18 09:50:39 --> User IP: ::1
DEBUG - 2025-07-18 09:57:20 --> Session: Class initialized using 'CodeIgniter\Session\Handlers\FileHandler' driver.
DEBUG - 2025-07-18 09:57:20 --> User IP: ::1
DEBUG - 2025-07-18 11:05:20 --> Session: Class initialized using 'CodeIgniter\Session\Handlers\FileHandler' driver.
DEBUG - 2025-07-18 11:05:20 --> User IP: ::1
DEBUG - 2025-07-18 11:05:31 --> Session: Class initialized using 'CodeIgniter\Session\Handlers\FileHandler' driver.
DEBUG - 2025-07-18 11:05:31 --> User IP: ::1
DEBUG - 2025-07-18 11:05:32 --> Session: Class initialized using 'CodeIgniter\Session\Handlers\FileHandler' driver.
DEBUG - 2025-07-18 11:05:32 --> User IP: ::1
DEBUG - 2025-07-18 11:05:50 --> Session: Class initialized using 'CodeIgniter\Session\Handlers\FileHandler' driver.
DEBUG - 2025-07-18 11:05:50 --> User IP: ::1
DEBUG - 2025-07-18 11:05:50 --> Session: Class initialized using 'CodeIgniter\Session\Handlers\FileHandler' driver.
DEBUG - 2025-07-18 11:05:50 --> User IP: ::1
DEBUG - 2025-07-18 11:05:51 --> Session: Class initialized using 'CodeIgniter\Session\Handlers\FileHandler' driver.
DEBUG - 2025-07-18 11:05:51 --> User IP: ::1
CRITICAL - 2025-07-18 11:05:51 --> ErrorException: Undefined variable $userId
[Method: GET, Route: payrole/getattendance/6/2025]
in APPPATH\Controllers\PayRole.php on line 360.
 1 APPPATH\Controllers\PayRole.php(360): CodeIgniter\Debug\Exceptions->errorHandler(2, 'Undefined variable $userId', 'C:\\xampp\\htdocs\\gighz\\app\\Controllers\\PayRole.php', 360)
 2 SYSTEMPATH\CodeIgniter.php(933): App\Controllers\PayRole->getattendance('6', '2025')
 3 SYSTEMPATH\CodeIgniter.php(509): CodeIgniter\CodeIgniter->runController(Object(App\Controllers\PayRole))
 4 SYSTEMPATH\CodeIgniter.php(355): CodeIgniter\CodeIgniter->handleRequest(null, Object(Config\Cache), false)
 5 SYSTEMPATH\Boot.php(334): CodeIgniter\CodeIgniter->run()
 6 SYSTEMPATH\Boot.php(67): CodeIgniter\Boot::runCodeIgniter(Object(CodeIgniter\CodeIgniter))
 7 FCPATH\index.php(56): CodeIgniter\Boot::bootWeb(Object(Config\Paths))
DEBUG - 2025-07-18 11:05:51 --> Session: Class initialized using 'CodeIgniter\Session\Handlers\FileHandler' driver.
DEBUG - 2025-07-18 11:05:51 --> User IP: ::1
DEBUG - 2025-07-18 11:06:04 --> Session: Class initialized using 'CodeIgniter\Session\Handlers\FileHandler' driver.
DEBUG - 2025-07-18 11:06:04 --> User IP: ::1
CRITICAL - 2025-07-18 11:06:04 --> ErrorException: Undefined variable $userId
[Method: GET, Route: payrole/getattendance/6/2025]
in APPPATH\Controllers\PayRole.php on line 360.
 1 APPPATH\Controllers\PayRole.php(360): CodeIgniter\Debug\Exceptions->errorHandler(2, 'Undefined variable $userId', 'C:\\xampp\\htdocs\\gighz\\app\\Controllers\\PayRole.php', 360)
 2 SYSTEMPATH\CodeIgniter.php(933): App\Controllers\PayRole->getattendance('6', '2025')
 3 SYSTEMPATH\CodeIgniter.php(509): CodeIgniter\CodeIgniter->runController(Object(App\Controllers\PayRole))
 4 SYSTEMPATH\CodeIgniter.php(355): CodeIgniter\CodeIgniter->handleRequest(null, Object(Config\Cache), false)
 5 SYSTEMPATH\Boot.php(334): CodeIgniter\CodeIgniter->run()
 6 SYSTEMPATH\Boot.php(67): CodeIgniter\Boot::runCodeIgniter(Object(CodeIgniter\CodeIgniter))
 7 FCPATH\index.php(56): CodeIgniter\Boot::bootWeb(Object(Config\Paths))
DEBUG - 2025-07-18 11:12:05 --> Session: Class initialized using 'CodeIgniter\Session\Handlers\FileHandler' driver.
DEBUG - 2025-07-18 11:12:05 --> User IP: ::1
DEBUG - 2025-07-18 11:12:13 --> Session: Class initialized using 'CodeIgniter\Session\Handlers\FileHandler' driver.
DEBUG - 2025-07-18 11:12:13 --> User IP: ::1
DEBUG - 2025-07-18 11:12:14 --> Session: Class initialized using 'CodeIgniter\Session\Handlers\FileHandler' driver.
DEBUG - 2025-07-18 11:12:14 --> User IP: ::1
DEBUG - 2025-07-18 11:12:14 --> Session: Class initialized using 'CodeIgniter\Session\Handlers\FileHandler' driver.
DEBUG - 2025-07-18 11:12:14 --> User IP: ::1
DEBUG - 2025-07-18 11:12:16 --> Session: Class initialized using 'CodeIgniter\Session\Handlers\FileHandler' driver.
DEBUG - 2025-07-18 11:12:16 --> User IP: ::1
DEBUG - 2025-07-18 11:19:36 --> Session: Class initialized using 'CodeIgniter\Session\Handlers\FileHandler' driver.
DEBUG - 2025-07-18 11:19:36 --> User IP: ::1
DEBUG - 2025-07-18 11:19:36 --> Session: Class initialized using 'CodeIgniter\Session\Handlers\FileHandler' driver.
DEBUG - 2025-07-18 11:19:36 --> User IP: ::1
DEBUG - 2025-07-18 11:19:37 --> Session: Class initialized using 'CodeIgniter\Session\Handlers\FileHandler' driver.
DEBUG - 2025-07-18 11:19:37 --> User IP: ::1
DEBUG - 2025-07-18 11:19:38 --> Session: Class initialized using 'CodeIgniter\Session\Handlers\FileHandler' driver.
DEBUG - 2025-07-18 11:19:38 --> User IP: ::1
DEBUG - 2025-07-18 11:19:46 --> Session: Class initialized using 'CodeIgniter\Session\Handlers\FileHandler' driver.
DEBUG - 2025-07-18 11:19:46 --> User IP: ::1
CRITICAL - 2025-07-18 11:19:46 --> ErrorException: Trying to access array offset on value of type null
[Method: POST, Route: payrole/sendPayslipToEmail]
in APPPATH\Controllers\PayRole.php on line 1089.
 1 APPPATH\Controllers\PayRole.php(1089): CodeIgniter\Debug\Exceptions->errorHandler(2, 'Trying to access array offset on value of type null', 'C:\\xampp\\htdocs\\gighz\\app\\Controllers\\PayRole.php', 1089)
 2 SYSTEMPATH\CodeIgniter.php(933): App\Controllers\PayRole->sendPayslipToEmail()
 3 SYSTEMPATH\CodeIgniter.php(509): CodeIgniter\CodeIgniter->runController(Object(App\Controllers\PayRole))
 4 SYSTEMPATH\CodeIgniter.php(355): CodeIgniter\CodeIgniter->handleRequest(null, Object(Config\Cache), false)
 5 SYSTEMPATH\Boot.php(334): CodeIgniter\CodeIgniter->run()
 6 SYSTEMPATH\Boot.php(67): CodeIgniter\Boot::runCodeIgniter(Object(CodeIgniter\CodeIgniter))
 7 FCPATH\index.php(56): CodeIgniter\Boot::bootWeb(Object(Config\Paths))
DEBUG - 2025-07-18 11:20:57 --> Session: Class initialized using 'CodeIgniter\Session\Handlers\FileHandler' driver.
DEBUG - 2025-07-18 11:20:57 --> User IP: ::1
DEBUG - 2025-07-18 11:20:58 --> Session: Class initialized using 'CodeIgniter\Session\Handlers\FileHandler' driver.
DEBUG - 2025-07-18 11:20:58 --> User IP: ::1
DEBUG - 2025-07-18 11:20:58 --> Session: Class initialized using 'CodeIgniter\Session\Handlers\FileHandler' driver.
DEBUG - 2025-07-18 11:20:58 --> User IP: ::1
DEBUG - 2025-07-18 11:20:59 --> Session: Class initialized using 'CodeIgniter\Session\Handlers\FileHandler' driver.
DEBUG - 2025-07-18 11:20:59 --> User IP: ::1
DEBUG - 2025-07-18 11:21:08 --> Session: Class initialized using 'CodeIgniter\Session\Handlers\FileHandler' driver.
DEBUG - 2025-07-18 11:21:08 --> User IP: ::1
DEBUG - 2025-07-18 11:22:04 --> Session: Class initialized using 'CodeIgniter\Session\Handlers\FileHandler' driver.
DEBUG - 2025-07-18 11:22:04 --> User IP: ::1
DEBUG - 2025-07-18 11:22:05 --> Session: Class initialized using 'CodeIgniter\Session\Handlers\FileHandler' driver.
DEBUG - 2025-07-18 11:22:05 --> User IP: ::1
DEBUG - 2025-07-18 11:22:05 --> Session: Class initialized using 'CodeIgniter\Session\Handlers\FileHandler' driver.
DEBUG - 2025-07-18 11:22:05 --> User IP: ::1
DEBUG - 2025-07-18 11:22:06 --> Session: Class initialized using 'CodeIgniter\Session\Handlers\FileHandler' driver.
DEBUG - 2025-07-18 11:22:06 --> User IP: ::1
DEBUG - 2025-07-18 11:22:12 --> Session: Class initialized using 'CodeIgniter\Session\Handlers\FileHandler' driver.
DEBUG - 2025-07-18 11:22:12 --> User IP: ::1
DEBUG - 2025-07-18 11:22:52 --> Session: Class initialized using 'CodeIgniter\Session\Handlers\FileHandler' driver.
DEBUG - 2025-07-18 11:22:52 --> User IP: ::1
DEBUG - 2025-07-18 11:22:53 --> Session: Class initialized using 'CodeIgniter\Session\Handlers\FileHandler' driver.
DEBUG - 2025-07-18 11:22:53 --> User IP: ::1
DEBUG - 2025-07-18 11:22:53 --> Session: Class initialized using 'CodeIgniter\Session\Handlers\FileHandler' driver.
DEBUG - 2025-07-18 11:22:53 --> User IP: ::1
DEBUG - 2025-07-18 11:22:54 --> Session: Class initialized using 'CodeIgniter\Session\Handlers\FileHandler' driver.
DEBUG - 2025-07-18 11:22:54 --> User IP: ::1
DEBUG - 2025-07-18 11:22:59 --> Session: Class initialized using 'CodeIgniter\Session\Handlers\FileHandler' driver.
DEBUG - 2025-07-18 11:22:59 --> User IP: ::1
DEBUG - 2025-07-18 11:23:13 --> Session: Class initialized using 'CodeIgniter\Session\Handlers\FileHandler' driver.
DEBUG - 2025-07-18 11:23:13 --> User IP: ::1
DEBUG - 2025-07-18 11:23:13 --> Session: Class initialized using 'CodeIgniter\Session\Handlers\FileHandler' driver.
DEBUG - 2025-07-18 11:23:13 --> User IP: ::1
DEBUG - 2025-07-18 11:23:14 --> Session: Class initialized using 'CodeIgniter\Session\Handlers\FileHandler' driver.
DEBUG - 2025-07-18 11:23:14 --> User IP: ::1
DEBUG - 2025-07-18 11:23:15 --> Session: Class initialized using 'CodeIgniter\Session\Handlers\FileHandler' driver.
DEBUG - 2025-07-18 11:23:15 --> User IP: ::1
DEBUG - 2025-07-18 11:23:20 --> Session: Class initialized using 'CodeIgniter\Session\Handlers\FileHandler' driver.
DEBUG - 2025-07-18 11:23:20 --> User IP: ::1
DEBUG - 2025-07-18 11:33:39 --> Session: Class initialized using 'CodeIgniter\Session\Handlers\FileHandler' driver.
DEBUG - 2025-07-18 11:33:39 --> User IP: ::1
DEBUG - 2025-07-18 11:33:39 --> Session: Class initialized using 'CodeIgniter\Session\Handlers\FileHandler' driver.
DEBUG - 2025-07-18 11:33:39 --> User IP: ::1
DEBUG - 2025-07-18 11:33:40 --> Session: Class initialized using 'CodeIgniter\Session\Handlers\FileHandler' driver.
DEBUG - 2025-07-18 11:33:40 --> User IP: ::1
DEBUG - 2025-07-18 11:33:41 --> Session: Class initialized using 'CodeIgniter\Session\Handlers\FileHandler' driver.
DEBUG - 2025-07-18 11:33:41 --> User IP: ::1
DEBUG - 2025-07-18 11:33:49 --> Session: Class initialized using 'CodeIgniter\Session\Handlers\FileHandler' driver.
DEBUG - 2025-07-18 11:33:49 --> User IP: ::1
DEBUG - 2025-07-18 11:33:50 --> Session: Class initialized using 'CodeIgniter\Session\Handlers\FileHandler' driver.
DEBUG - 2025-07-18 11:33:50 --> User IP: ::1
DEBUG - 2025-07-18 11:33:50 --> Session: Class initialized using 'CodeIgniter\Session\Handlers\FileHandler' driver.
DEBUG - 2025-07-18 11:33:50 --> User IP: ::1
DEBUG - 2025-07-18 11:33:52 --> Session: Class initialized using 'CodeIgniter\Session\Handlers\FileHandler' driver.
DEBUG - 2025-07-18 11:33:52 --> User IP: ::1
DEBUG - 2025-07-18 11:33:56 --> Session: Class initialized using 'CodeIgniter\Session\Handlers\FileHandler' driver.
DEBUG - 2025-07-18 11:33:56 --> User IP: ::1
DEBUG - 2025-07-18 11:34:19 --> Session: Class initialized using 'CodeIgniter\Session\Handlers\FileHandler' driver.
DEBUG - 2025-07-18 11:34:19 --> User IP: ::1
DEBUG - 2025-07-18 11:34:28 --> Session: Class initialized using 'CodeIgniter\Session\Handlers\FileHandler' driver.
DEBUG - 2025-07-18 11:34:28 --> User IP: ::1
DEBUG - 2025-07-18 12:45:45 --> Session: Class initialized using 'CodeIgniter\Session\Handlers\FileHandler' driver.
DEBUG - 2025-07-18 12:45:45 --> User IP: ::1
DEBUG - 2025-07-18 12:45:46 --> Session: Class initialized using 'CodeIgniter\Session\Handlers\FileHandler' driver.
DEBUG - 2025-07-18 12:45:46 --> User IP: ::1
