DEBUG - 2025-08-29 05:53:14 --> Session: Class initialized using 'CodeIgniter\Session\Handlers\FileHandler' driver.
DEBUG - 2025-08-29 05:53:14 --> User IP: ::1
DEBUG - 2025-08-29 05:53:15 --> Session: Class initialized using 'CodeIgniter\Session\Handlers\FileHandler' driver.
DEBUG - 2025-08-29 05:53:15 --> User IP: ::1
DEBUG - 2025-08-29 05:53:18 --> Session: Class initialized using 'CodeIgniter\Session\Handlers\FileHandler' driver.
DEBUG - 2025-08-29 05:53:18 --> User IP: ::1
DEBUG - 2025-08-29 05:53:18 --> Session: Class initialized using 'CodeIgniter\Session\Handlers\FileHandler' driver.
DEBUG - 2025-08-29 05:53:18 --> User IP: ::1
DEBUG - 2025-08-29 05:53:21 --> Session: Class initialized using 'CodeIgniter\Session\Handlers\FileHandler' driver.
DEBUG - 2025-08-29 05:53:21 --> User IP: ::1
DEBUG - 2025-08-29 05:53:22 --> Session: Class initialized using 'CodeIgniter\Session\Handlers\FileHandler' driver.
DEBUG - 2025-08-29 05:53:22 --> User IP: ::1
DEBUG - 2025-08-29 05:53:22 --> Session: Class initialized using 'CodeIgniter\Session\Handlers\FileHandler' driver.
DEBUG - 2025-08-29 05:53:22 --> User IP: ::1
DEBUG - 2025-08-29 05:53:23 --> Session: Class initialized using 'CodeIgniter\Session\Handlers\FileHandler' driver.
DEBUG - 2025-08-29 05:53:23 --> User IP: ::1
DEBUG - 2025-08-29 05:53:24 --> Session: Class initialized using 'CodeIgniter\Session\Handlers\FileHandler' driver.
DEBUG - 2025-08-29 05:53:24 --> User IP: ::1
DEBUG - 2025-08-29 05:53:24 --> Session: Class initialized using 'CodeIgniter\Session\Handlers\FileHandler' driver.
DEBUG - 2025-08-29 05:53:24 --> User IP: ::1
DEBUG - 2025-08-29 05:53:25 --> Session: Class initialized using 'CodeIgniter\Session\Handlers\FileHandler' driver.
DEBUG - 2025-08-29 05:53:25 --> User IP: ::1
DEBUG - 2025-08-29 05:53:25 --> Session: Class initialized using 'CodeIgniter\Session\Handlers\FileHandler' driver.
DEBUG - 2025-08-29 05:53:25 --> User IP: ::1
DEBUG - 2025-08-29 05:53:26 --> Session: Class initialized using 'CodeIgniter\Session\Handlers\FileHandler' driver.
DEBUG - 2025-08-29 05:53:26 --> User IP: ::1
DEBUG - 2025-08-29 05:53:27 --> Session: Class initialized using 'CodeIgniter\Session\Handlers\FileHandler' driver.
DEBUG - 2025-08-29 05:53:27 --> User IP: ::1
DEBUG - 2025-08-29 05:53:27 --> Session: Class initialized using 'CodeIgniter\Session\Handlers\FileHandler' driver.
DEBUG - 2025-08-29 05:53:27 --> User IP: ::1
DEBUG - 2025-08-29 05:53:28 --> Session: Class initialized using 'CodeIgniter\Session\Handlers\FileHandler' driver.
DEBUG - 2025-08-29 05:53:28 --> User IP: ::1
DEBUG - 2025-08-29 05:53:28 --> Session: Class initialized using 'CodeIgniter\Session\Handlers\FileHandler' driver.
DEBUG - 2025-08-29 05:53:28 --> User IP: ::1
DEBUG - 2025-08-29 05:53:29 --> Session: Class initialized using 'CodeIgniter\Session\Handlers\FileHandler' driver.
DEBUG - 2025-08-29 05:53:29 --> User IP: ::1
DEBUG - 2025-08-29 05:53:30 --> Session: Class initialized using 'CodeIgniter\Session\Handlers\FileHandler' driver.
DEBUG - 2025-08-29 05:53:30 --> User IP: ::1
DEBUG - 2025-08-29 05:53:30 --> Session: Class initialized using 'CodeIgniter\Session\Handlers\FileHandler' driver.
DEBUG - 2025-08-29 05:53:30 --> User IP: ::1
DEBUG - 2025-08-29 05:53:31 --> Session: Class initialized using 'CodeIgniter\Session\Handlers\FileHandler' driver.
DEBUG - 2025-08-29 05:53:31 --> User IP: ::1
DEBUG - 2025-08-29 05:53:31 --> Session: Class initialized using 'CodeIgniter\Session\Handlers\FileHandler' driver.
DEBUG - 2025-08-29 05:53:31 --> User IP: ::1
DEBUG - 2025-08-29 05:53:32 --> Session: Class initialized using 'CodeIgniter\Session\Handlers\FileHandler' driver.
DEBUG - 2025-08-29 05:53:32 --> User IP: ::1
DEBUG - 2025-08-29 05:53:33 --> Session: Class initialized using 'CodeIgniter\Session\Handlers\FileHandler' driver.
DEBUG - 2025-08-29 05:53:33 --> User IP: ::1
DEBUG - 2025-08-29 05:53:33 --> Session: Class initialized using 'CodeIgniter\Session\Handlers\FileHandler' driver.
DEBUG - 2025-08-29 05:53:33 --> User IP: ::1
DEBUG - 2025-08-29 05:53:34 --> Session: Class initialized using 'CodeIgniter\Session\Handlers\FileHandler' driver.
DEBUG - 2025-08-29 05:53:34 --> User IP: ::1
DEBUG - 2025-08-29 05:53:34 --> Session: Class initialized using 'CodeIgniter\Session\Handlers\FileHandler' driver.
DEBUG - 2025-08-29 05:53:34 --> User IP: ::1
DEBUG - 2025-08-29 05:53:35 --> Session: Class initialized using 'CodeIgniter\Session\Handlers\FileHandler' driver.
DEBUG - 2025-08-29 05:53:35 --> User IP: ::1
DEBUG - 2025-08-29 05:53:36 --> Session: Class initialized using 'CodeIgniter\Session\Handlers\FileHandler' driver.
DEBUG - 2025-08-29 05:53:36 --> User IP: ::1
DEBUG - 2025-08-29 05:53:36 --> Session: Class initialized using 'CodeIgniter\Session\Handlers\FileHandler' driver.
DEBUG - 2025-08-29 05:53:36 --> User IP: ::1
DEBUG - 2025-08-29 05:53:37 --> Session: Class initialized using 'CodeIgniter\Session\Handlers\FileHandler' driver.
DEBUG - 2025-08-29 05:53:37 --> User IP: ::1
DEBUG - 2025-08-29 05:53:37 --> Session: Class initialized using 'CodeIgniter\Session\Handlers\FileHandler' driver.
DEBUG - 2025-08-29 05:53:37 --> User IP: ::1
DEBUG - 2025-08-29 05:53:38 --> Session: Class initialized using 'CodeIgniter\Session\Handlers\FileHandler' driver.
DEBUG - 2025-08-29 05:53:38 --> User IP: ::1
DEBUG - 2025-08-29 05:53:39 --> Session: Class initialized using 'CodeIgniter\Session\Handlers\FileHandler' driver.
DEBUG - 2025-08-29 05:53:39 --> User IP: ::1
DEBUG - 2025-08-29 05:53:39 --> Session: Class initialized using 'CodeIgniter\Session\Handlers\FileHandler' driver.
DEBUG - 2025-08-29 05:53:39 --> User IP: ::1
DEBUG - 2025-08-29 05:53:40 --> Session: Class initialized using 'CodeIgniter\Session\Handlers\FileHandler' driver.
DEBUG - 2025-08-29 05:53:40 --> User IP: ::1
DEBUG - 2025-08-29 05:53:40 --> Session: Class initialized using 'CodeIgniter\Session\Handlers\FileHandler' driver.
DEBUG - 2025-08-29 05:53:40 --> User IP: ::1
DEBUG - 2025-08-29 05:53:41 --> Session: Class initialized using 'CodeIgniter\Session\Handlers\FileHandler' driver.
DEBUG - 2025-08-29 05:53:41 --> User IP: ::1
DEBUG - 2025-08-29 05:53:42 --> Session: Class initialized using 'CodeIgniter\Session\Handlers\FileHandler' driver.
DEBUG - 2025-08-29 05:53:42 --> User IP: ::1
DEBUG - 2025-08-29 05:53:42 --> Session: Class initialized using 'CodeIgniter\Session\Handlers\FileHandler' driver.
DEBUG - 2025-08-29 05:53:42 --> User IP: ::1
DEBUG - 2025-08-29 05:53:43 --> Session: Class initialized using 'CodeIgniter\Session\Handlers\FileHandler' driver.
DEBUG - 2025-08-29 05:53:43 --> User IP: ::1
DEBUG - 2025-08-29 05:53:43 --> Session: Class initialized using 'CodeIgniter\Session\Handlers\FileHandler' driver.
DEBUG - 2025-08-29 05:53:43 --> User IP: ::1
DEBUG - 2025-08-29 05:53:44 --> Session: Class initialized using 'CodeIgniter\Session\Handlers\FileHandler' driver.
DEBUG - 2025-08-29 05:53:44 --> User IP: ::1
DEBUG - 2025-08-29 05:53:45 --> Session: Class initialized using 'CodeIgniter\Session\Handlers\FileHandler' driver.
DEBUG - 2025-08-29 05:53:45 --> User IP: ::1
DEBUG - 2025-08-29 05:53:45 --> Session: Class initialized using 'CodeIgniter\Session\Handlers\FileHandler' driver.
DEBUG - 2025-08-29 05:53:45 --> User IP: ::1
DEBUG - 2025-08-29 05:53:46 --> Session: Class initialized using 'CodeIgniter\Session\Handlers\FileHandler' driver.
DEBUG - 2025-08-29 05:53:46 --> User IP: ::1
DEBUG - 2025-08-29 05:53:47 --> Session: Class initialized using 'CodeIgniter\Session\Handlers\FileHandler' driver.
DEBUG - 2025-08-29 05:53:47 --> User IP: ::1
DEBUG - 2025-08-29 05:53:48 --> Session: Class initialized using 'CodeIgniter\Session\Handlers\FileHandler' driver.
DEBUG - 2025-08-29 05:53:48 --> User IP: ::1
DEBUG - 2025-08-29 05:53:49 --> Session: Class initialized using 'CodeIgniter\Session\Handlers\FileHandler' driver.
DEBUG - 2025-08-29 05:53:49 --> User IP: ::1
DEBUG - 2025-08-29 05:53:50 --> Session: Class initialized using 'CodeIgniter\Session\Handlers\FileHandler' driver.
DEBUG - 2025-08-29 05:53:50 --> User IP: ::1
DEBUG - 2025-08-29 05:53:51 --> Session: Class initialized using 'CodeIgniter\Session\Handlers\FileHandler' driver.
DEBUG - 2025-08-29 05:53:51 --> User IP: ::1
DEBUG - 2025-08-29 05:53:52 --> Session: Class initialized using 'CodeIgniter\Session\Handlers\FileHandler' driver.
DEBUG - 2025-08-29 05:53:52 --> User IP: ::1
DEBUG - 2025-08-29 05:53:53 --> Session: Class initialized using 'CodeIgniter\Session\Handlers\FileHandler' driver.
DEBUG - 2025-08-29 05:53:53 --> User IP: ::1
DEBUG - 2025-08-29 05:53:54 --> Session: Class initialized using 'CodeIgniter\Session\Handlers\FileHandler' driver.
DEBUG - 2025-08-29 05:53:54 --> User IP: ::1
DEBUG - 2025-08-29 05:53:55 --> Session: Class initialized using 'CodeIgniter\Session\Handlers\FileHandler' driver.
DEBUG - 2025-08-29 05:53:55 --> User IP: ::1
DEBUG - 2025-08-29 05:53:56 --> Session: Class initialized using 'CodeIgniter\Session\Handlers\FileHandler' driver.
DEBUG - 2025-08-29 05:53:56 --> User IP: ::1
DEBUG - 2025-08-29 05:53:57 --> Session: Class initialized using 'CodeIgniter\Session\Handlers\FileHandler' driver.
DEBUG - 2025-08-29 05:53:57 --> User IP: ::1
DEBUG - 2025-08-29 05:53:58 --> Session: Class initialized using 'CodeIgniter\Session\Handlers\FileHandler' driver.
DEBUG - 2025-08-29 05:53:58 --> User IP: ::1
DEBUG - 2025-08-29 05:53:59 --> Session: Class initialized using 'CodeIgniter\Session\Handlers\FileHandler' driver.
DEBUG - 2025-08-29 05:53:59 --> User IP: ::1
DEBUG - 2025-08-29 05:54:00 --> Session: Class initialized using 'CodeIgniter\Session\Handlers\FileHandler' driver.
DEBUG - 2025-08-29 05:54:00 --> User IP: ::1
DEBUG - 2025-08-29 05:54:01 --> Session: Class initialized using 'CodeIgniter\Session\Handlers\FileHandler' driver.
DEBUG - 2025-08-29 05:54:01 --> User IP: ::1
DEBUG - 2025-08-29 05:54:02 --> Session: Class initialized using 'CodeIgniter\Session\Handlers\FileHandler' driver.
DEBUG - 2025-08-29 05:54:02 --> User IP: ::1
DEBUG - 2025-08-29 05:54:03 --> Session: Class initialized using 'CodeIgniter\Session\Handlers\FileHandler' driver.
DEBUG - 2025-08-29 05:54:03 --> User IP: ::1
DEBUG - 2025-08-29 05:54:04 --> Session: Class initialized using 'CodeIgniter\Session\Handlers\FileHandler' driver.
DEBUG - 2025-08-29 05:54:04 --> User IP: ::1
DEBUG - 2025-08-29 05:54:05 --> Session: Class initialized using 'CodeIgniter\Session\Handlers\FileHandler' driver.
DEBUG - 2025-08-29 05:54:05 --> User IP: ::1
DEBUG - 2025-08-29 05:54:06 --> Session: Class initialized using 'CodeIgniter\Session\Handlers\FileHandler' driver.
DEBUG - 2025-08-29 05:54:06 --> User IP: ::1
DEBUG - 2025-08-29 05:54:07 --> Session: Class initialized using 'CodeIgniter\Session\Handlers\FileHandler' driver.
DEBUG - 2025-08-29 05:54:07 --> User IP: ::1
DEBUG - 2025-08-29 05:54:08 --> Session: Class initialized using 'CodeIgniter\Session\Handlers\FileHandler' driver.
DEBUG - 2025-08-29 05:54:08 --> User IP: ::1
DEBUG - 2025-08-29 05:54:09 --> Session: Class initialized using 'CodeIgniter\Session\Handlers\FileHandler' driver.
DEBUG - 2025-08-29 05:54:09 --> User IP: ::1
DEBUG - 2025-08-29 05:54:10 --> Session: Class initialized using 'CodeIgniter\Session\Handlers\FileHandler' driver.
DEBUG - 2025-08-29 05:54:10 --> User IP: ::1
DEBUG - 2025-08-29 05:54:11 --> Session: Class initialized using 'CodeIgniter\Session\Handlers\FileHandler' driver.
DEBUG - 2025-08-29 05:54:11 --> User IP: ::1
DEBUG - 2025-08-29 05:54:12 --> Session: Class initialized using 'CodeIgniter\Session\Handlers\FileHandler' driver.
DEBUG - 2025-08-29 05:54:12 --> User IP: ::1
DEBUG - 2025-08-29 05:54:13 --> Session: Class initialized using 'CodeIgniter\Session\Handlers\FileHandler' driver.
DEBUG - 2025-08-29 05:54:13 --> User IP: ::1
DEBUG - 2025-08-29 05:54:14 --> Session: Class initialized using 'CodeIgniter\Session\Handlers\FileHandler' driver.
DEBUG - 2025-08-29 05:54:14 --> User IP: ::1
DEBUG - 2025-08-29 05:54:15 --> Session: Class initialized using 'CodeIgniter\Session\Handlers\FileHandler' driver.
DEBUG - 2025-08-29 05:54:15 --> User IP: ::1
DEBUG - 2025-08-29 05:54:16 --> Session: Class initialized using 'CodeIgniter\Session\Handlers\FileHandler' driver.
DEBUG - 2025-08-29 05:54:16 --> User IP: ::1
DEBUG - 2025-08-29 05:54:17 --> Session: Class initialized using 'CodeIgniter\Session\Handlers\FileHandler' driver.
DEBUG - 2025-08-29 05:54:17 --> User IP: ::1
DEBUG - 2025-08-29 05:54:18 --> Session: Class initialized using 'CodeIgniter\Session\Handlers\FileHandler' driver.
DEBUG - 2025-08-29 05:54:18 --> User IP: ::1
DEBUG - 2025-08-29 05:54:19 --> Session: Class initialized using 'CodeIgniter\Session\Handlers\FileHandler' driver.
DEBUG - 2025-08-29 05:54:19 --> User IP: ::1
DEBUG - 2025-08-29 05:54:20 --> Session: Class initialized using 'CodeIgniter\Session\Handlers\FileHandler' driver.
DEBUG - 2025-08-29 05:54:20 --> User IP: ::1
DEBUG - 2025-08-29 05:54:21 --> Session: Class initialized using 'CodeIgniter\Session\Handlers\FileHandler' driver.
DEBUG - 2025-08-29 05:54:21 --> User IP: ::1
DEBUG - 2025-08-29 05:54:22 --> Session: Class initialized using 'CodeIgniter\Session\Handlers\FileHandler' driver.
DEBUG - 2025-08-29 05:54:22 --> User IP: ::1
DEBUG - 2025-08-29 05:54:23 --> Session: Class initialized using 'CodeIgniter\Session\Handlers\FileHandler' driver.
DEBUG - 2025-08-29 05:54:23 --> User IP: ::1
DEBUG - 2025-08-29 05:54:24 --> Session: Class initialized using 'CodeIgniter\Session\Handlers\FileHandler' driver.
DEBUG - 2025-08-29 05:54:24 --> User IP: ::1
DEBUG - 2025-08-29 05:54:25 --> Session: Class initialized using 'CodeIgniter\Session\Handlers\FileHandler' driver.
DEBUG - 2025-08-29 05:54:25 --> User IP: ::1
DEBUG - 2025-08-29 05:54:26 --> Session: Class initialized using 'CodeIgniter\Session\Handlers\FileHandler' driver.
DEBUG - 2025-08-29 05:54:26 --> User IP: ::1
DEBUG - 2025-08-29 05:54:27 --> Session: Class initialized using 'CodeIgniter\Session\Handlers\FileHandler' driver.
DEBUG - 2025-08-29 05:54:27 --> User IP: ::1
DEBUG - 2025-08-29 05:54:28 --> Session: Class initialized using 'CodeIgniter\Session\Handlers\FileHandler' driver.
DEBUG - 2025-08-29 05:54:28 --> User IP: ::1
DEBUG - 2025-08-29 05:54:29 --> Session: Class initialized using 'CodeIgniter\Session\Handlers\FileHandler' driver.
DEBUG - 2025-08-29 05:54:29 --> User IP: ::1
DEBUG - 2025-08-29 05:54:30 --> Session: Class initialized using 'CodeIgniter\Session\Handlers\FileHandler' driver.
DEBUG - 2025-08-29 05:54:30 --> User IP: ::1
DEBUG - 2025-08-29 05:54:31 --> Session: Class initialized using 'CodeIgniter\Session\Handlers\FileHandler' driver.
DEBUG - 2025-08-29 05:54:31 --> User IP: ::1
DEBUG - 2025-08-29 05:54:32 --> Session: Class initialized using 'CodeIgniter\Session\Handlers\FileHandler' driver.
DEBUG - 2025-08-29 05:54:32 --> User IP: ::1
DEBUG - 2025-08-29 05:54:33 --> Session: Class initialized using 'CodeIgniter\Session\Handlers\FileHandler' driver.
DEBUG - 2025-08-29 05:54:33 --> User IP: ::1
DEBUG - 2025-08-29 05:54:34 --> Session: Class initialized using 'CodeIgniter\Session\Handlers\FileHandler' driver.
DEBUG - 2025-08-29 05:54:34 --> User IP: ::1
DEBUG - 2025-08-29 05:54:35 --> Session: Class initialized using 'CodeIgniter\Session\Handlers\FileHandler' driver.
DEBUG - 2025-08-29 05:54:35 --> User IP: ::1
DEBUG - 2025-08-29 05:54:35 --> Session: Class initialized using 'CodeIgniter\Session\Handlers\FileHandler' driver.
DEBUG - 2025-08-29 05:54:35 --> User IP: ::1
DEBUG - 2025-08-29 05:54:36 --> Session: Class initialized using 'CodeIgniter\Session\Handlers\FileHandler' driver.
DEBUG - 2025-08-29 05:54:36 --> User IP: ::1
DEBUG - 2025-08-29 05:54:36 --> Session: Class initialized using 'CodeIgniter\Session\Handlers\FileHandler' driver.
DEBUG - 2025-08-29 05:54:36 --> User IP: ::1
DEBUG - 2025-08-29 05:54:36 --> Session: Class initialized using 'CodeIgniter\Session\Handlers\FileHandler' driver.
DEBUG - 2025-08-29 05:54:36 --> User IP: ::1
DEBUG - 2025-08-29 05:55:38 --> Session: Class initialized using 'CodeIgniter\Session\Handlers\FileHandler' driver.
DEBUG - 2025-08-29 05:55:38 --> User IP: ::1
DEBUG - 2025-08-29 05:56:38 --> Session: Class initialized using 'CodeIgniter\Session\Handlers\FileHandler' driver.
DEBUG - 2025-08-29 05:56:38 --> User IP: ::1
DEBUG - 2025-08-29 05:57:38 --> Session: Class initialized using 'CodeIgniter\Session\Handlers\FileHandler' driver.
DEBUG - 2025-08-29 05:57:38 --> User IP: ::1
DEBUG - 2025-08-29 05:57:52 --> Session: Class initialized using 'CodeIgniter\Session\Handlers\FileHandler' driver.
DEBUG - 2025-08-29 05:57:52 --> User IP: ::1
DEBUG - 2025-08-29 05:57:56 --> Session: Class initialized using 'CodeIgniter\Session\Handlers\FileHandler' driver.
DEBUG - 2025-08-29 05:57:56 --> User IP: ::1
DEBUG - 2025-08-29 06:27:56 --> Session: Class initialized using 'CodeIgniter\Session\Handlers\FileHandler' driver.
DEBUG - 2025-08-29 06:27:56 --> User IP: ::1
DEBUG - 2025-08-29 06:34:03 --> Session: Class initialized using 'CodeIgniter\Session\Handlers\FileHandler' driver.
DEBUG - 2025-08-29 06:34:03 --> User IP: ::1
DEBUG - 2025-08-29 06:34:12 --> Session: Class initialized using 'CodeIgniter\Session\Handlers\FileHandler' driver.
DEBUG - 2025-08-29 06:34:12 --> User IP: ::1
DEBUG - 2025-08-29 06:34:15 --> Session: Class initialized using 'CodeIgniter\Session\Handlers\FileHandler' driver.
DEBUG - 2025-08-29 06:34:15 --> User IP: ::1
DEBUG - 2025-08-29 06:34:20 --> Session: Class initialized using 'CodeIgniter\Session\Handlers\FileHandler' driver.
DEBUG - 2025-08-29 06:34:20 --> User IP: ::1
DEBUG - 2025-08-29 06:34:23 --> Session: Class initialized using 'CodeIgniter\Session\Handlers\FileHandler' driver.
DEBUG - 2025-08-29 06:34:23 --> User IP: ::1
DEBUG - 2025-08-29 06:41:36 --> Session: Class initialized using 'CodeIgniter\Session\Handlers\FileHandler' driver.
DEBUG - 2025-08-29 06:41:36 --> User IP: ::1
DEBUG - 2025-08-29 06:42:01 --> Session: Class initialized using 'CodeIgniter\Session\Handlers\FileHandler' driver.
DEBUG - 2025-08-29 06:42:01 --> User IP: ::1
DEBUG - 2025-08-29 06:43:04 --> Session: Class initialized using 'CodeIgniter\Session\Handlers\FileHandler' driver.
DEBUG - 2025-08-29 06:43:04 --> User IP: ::1
DEBUG - 2025-08-29 06:43:04 --> Session: Class initialized using 'CodeIgniter\Session\Handlers\FileHandler' driver.
DEBUG - 2025-08-29 06:43:04 --> User IP: ::1
DEBUG - 2025-08-29 06:44:03 --> Session: Class initialized using 'CodeIgniter\Session\Handlers\FileHandler' driver.
DEBUG - 2025-08-29 06:44:03 --> User IP: ::1
DEBUG - 2025-08-29 06:44:04 --> Session: Class initialized using 'CodeIgniter\Session\Handlers\FileHandler' driver.
DEBUG - 2025-08-29 06:44:04 --> User IP: ::1
DEBUG - 2025-08-29 06:44:55 --> Session: Class initialized using 'CodeIgniter\Session\Handlers\FileHandler' driver.
DEBUG - 2025-08-29 06:44:55 --> User IP: ::1
DEBUG - 2025-08-29 06:44:59 --> Session: Class initialized using 'CodeIgniter\Session\Handlers\FileHandler' driver.
DEBUG - 2025-08-29 06:44:59 --> User IP: ::1
DEBUG - 2025-08-29 07:02:39 --> Session: Class initialized using 'CodeIgniter\Session\Handlers\FileHandler' driver.
DEBUG - 2025-08-29 07:02:39 --> User IP: ::1
DEBUG - 2025-08-29 07:02:55 --> Session: Class initialized using 'CodeIgniter\Session\Handlers\FileHandler' driver.
DEBUG - 2025-08-29 07:02:55 --> User IP: ::1
DEBUG - 2025-08-29 07:02:56 --> Session: Class initialized using 'CodeIgniter\Session\Handlers\FileHandler' driver.
DEBUG - 2025-08-29 07:02:56 --> User IP: ::1
DEBUG - 2025-08-29 07:03:04 --> Session: Class initialized using 'CodeIgniter\Session\Handlers\FileHandler' driver.
DEBUG - 2025-08-29 07:03:04 --> User IP: ::1
DEBUG - 2025-08-29 07:03:11 --> Session: Class initialized using 'CodeIgniter\Session\Handlers\FileHandler' driver.
DEBUG - 2025-08-29 07:03:11 --> User IP: ::1
DEBUG - 2025-08-29 07:03:33 --> Session: Class initialized using 'CodeIgniter\Session\Handlers\FileHandler' driver.
DEBUG - 2025-08-29 07:03:33 --> User IP: ::1
DEBUG - 2025-08-29 07:03:36 --> Session: Class initialized using 'CodeIgniter\Session\Handlers\FileHandler' driver.
DEBUG - 2025-08-29 07:03:36 --> User IP: ::1
DEBUG - 2025-08-29 07:04:12 --> Session: Class initialized using 'CodeIgniter\Session\Handlers\FileHandler' driver.
DEBUG - 2025-08-29 07:04:12 --> User IP: ::1
DEBUG - 2025-08-29 07:12:16 --> Session: Class initialized using 'CodeIgniter\Session\Handlers\FileHandler' driver.
DEBUG - 2025-08-29 07:12:16 --> User IP: ::1
DEBUG - 2025-08-29 07:13:17 --> Session: Class initialized using 'CodeIgniter\Session\Handlers\FileHandler' driver.
DEBUG - 2025-08-29 07:13:17 --> User IP: ::1
DEBUG - 2025-08-29 07:13:41 --> Session: Class initialized using 'CodeIgniter\Session\Handlers\FileHandler' driver.
DEBUG - 2025-08-29 07:13:41 --> User IP: ::1
DEBUG - 2025-08-29 07:14:04 --> Session: Class initialized using 'CodeIgniter\Session\Handlers\FileHandler' driver.
DEBUG - 2025-08-29 07:14:04 --> User IP: ::1
DEBUG - 2025-08-29 07:14:43 --> Session: Class initialized using 'CodeIgniter\Session\Handlers\FileHandler' driver.
DEBUG - 2025-08-29 07:14:43 --> User IP: ::1
DEBUG - 2025-08-29 07:18:21 --> Session: Class initialized using 'CodeIgniter\Session\Handlers\FileHandler' driver.
DEBUG - 2025-08-29 07:18:21 --> User IP: ::1
DEBUG - 2025-08-29 07:18:33 --> Session: Class initialized using 'CodeIgniter\Session\Handlers\FileHandler' driver.
DEBUG - 2025-08-29 07:18:33 --> User IP: ::1
DEBUG - 2025-08-29 07:18:37 --> Session: Class initialized using 'CodeIgniter\Session\Handlers\FileHandler' driver.
DEBUG - 2025-08-29 07:18:37 --> User IP: ::1
DEBUG - 2025-08-29 07:18:41 --> Session: Class initialized using 'CodeIgniter\Session\Handlers\FileHandler' driver.
DEBUG - 2025-08-29 07:18:41 --> User IP: ::1
DEBUG - 2025-08-29 07:18:41 --> User ID: 13, Date: 2025-07-23
DEBUG - 2025-08-29 07:18:53 --> Session: Class initialized using 'CodeIgniter\Session\Handlers\FileHandler' driver.
DEBUG - 2025-08-29 07:18:53 --> User IP: ::1
DEBUG - 2025-08-29 07:18:53 --> User ID: 8, Date: 2025-07-21
DEBUG - 2025-08-29 09:34:57 --> Session: Class initialized using 'CodeIgniter\Session\Handlers\FileHandler' driver.
DEBUG - 2025-08-29 09:34:57 --> User IP: ::1
DEBUG - 2025-08-29 09:34:57 --> Session: Class initialized using 'CodeIgniter\Session\Handlers\FileHandler' driver.
DEBUG - 2025-08-29 09:34:57 --> User IP: ::1
DEBUG - 2025-08-29 09:39:19 --> Session: Class initialized using 'CodeIgniter\Session\Handlers\FileHandler' driver.
DEBUG - 2025-08-29 09:39:19 --> User IP: ::1
DEBUG - 2025-08-29 09:39:20 --> Session: Class initialized using 'CodeIgniter\Session\Handlers\FileHandler' driver.
DEBUG - 2025-08-29 09:39:20 --> User IP: ::1
DEBUG - 2025-08-29 09:39:23 --> Session: Class initialized using 'CodeIgniter\Session\Handlers\FileHandler' driver.
DEBUG - 2025-08-29 09:39:23 --> User IP: ::1
DEBUG - 2025-08-29 09:39:25 --> Session: Class initialized using 'CodeIgniter\Session\Handlers\FileHandler' driver.
DEBUG - 2025-08-29 09:39:25 --> User IP: ::1
DEBUG - 2025-08-29 09:40:26 --> Session: Class initialized using 'CodeIgniter\Session\Handlers\FileHandler' driver.
DEBUG - 2025-08-29 09:40:26 --> User IP: ::1
DEBUG - 2025-08-29 09:41:26 --> Session: Class initialized using 'CodeIgniter\Session\Handlers\FileHandler' driver.
DEBUG - 2025-08-29 09:41:26 --> User IP: ::1
DEBUG - 2025-08-29 09:42:26 --> Session: Class initialized using 'CodeIgniter\Session\Handlers\FileHandler' driver.
DEBUG - 2025-08-29 09:42:26 --> User IP: ::1
DEBUG - 2025-08-29 09:43:26 --> Session: Class initialized using 'CodeIgniter\Session\Handlers\FileHandler' driver.
DEBUG - 2025-08-29 09:43:26 --> User IP: ::1
DEBUG - 2025-08-29 09:44:26 --> Session: Class initialized using 'CodeIgniter\Session\Handlers\FileHandler' driver.
DEBUG - 2025-08-29 09:44:26 --> User IP: ::1
DEBUG - 2025-08-29 09:45:26 --> Session: Class initialized using 'CodeIgniter\Session\Handlers\FileHandler' driver.
DEBUG - 2025-08-29 09:45:26 --> User IP: ::1
DEBUG - 2025-08-29 09:46:26 --> Session: Class initialized using 'CodeIgniter\Session\Handlers\FileHandler' driver.
DEBUG - 2025-08-29 09:46:26 --> User IP: ::1
DEBUG - 2025-08-29 09:47:27 --> Session: Class initialized using 'CodeIgniter\Session\Handlers\FileHandler' driver.
DEBUG - 2025-08-29 09:47:27 --> User IP: ::1
DEBUG - 2025-08-29 09:48:28 --> Session: Class initialized using 'CodeIgniter\Session\Handlers\FileHandler' driver.
DEBUG - 2025-08-29 09:48:28 --> User IP: ::1
DEBUG - 2025-08-29 09:49:29 --> Session: Class initialized using 'CodeIgniter\Session\Handlers\FileHandler' driver.
DEBUG - 2025-08-29 09:49:29 --> User IP: ::1
DEBUG - 2025-08-29 09:50:30 --> Session: Class initialized using 'CodeIgniter\Session\Handlers\FileHandler' driver.
DEBUG - 2025-08-29 09:50:30 --> User IP: ::1
DEBUG - 2025-08-29 09:51:31 --> Session: Class initialized using 'CodeIgniter\Session\Handlers\FileHandler' driver.
DEBUG - 2025-08-29 09:51:31 --> User IP: ::1
DEBUG - 2025-08-29 09:52:26 --> Session: Class initialized using 'CodeIgniter\Session\Handlers\FileHandler' driver.
DEBUG - 2025-08-29 09:52:26 --> User IP: ::1
DEBUG - 2025-08-29 09:53:27 --> Session: Class initialized using 'CodeIgniter\Session\Handlers\FileHandler' driver.
DEBUG - 2025-08-29 09:53:27 --> User IP: ::1
DEBUG - 2025-08-29 09:54:28 --> Session: Class initialized using 'CodeIgniter\Session\Handlers\FileHandler' driver.
DEBUG - 2025-08-29 09:54:28 --> User IP: ::1
DEBUG - 2025-08-29 09:55:29 --> Session: Class initialized using 'CodeIgniter\Session\Handlers\FileHandler' driver.
DEBUG - 2025-08-29 09:55:29 --> User IP: ::1
DEBUG - 2025-08-29 09:56:30 --> Session: Class initialized using 'CodeIgniter\Session\Handlers\FileHandler' driver.
DEBUG - 2025-08-29 09:56:30 --> User IP: ::1
DEBUG - 2025-08-29 09:57:31 --> Session: Class initialized using 'CodeIgniter\Session\Handlers\FileHandler' driver.
DEBUG - 2025-08-29 09:57:31 --> User IP: ::1
DEBUG - 2025-08-29 09:58:32 --> Session: Class initialized using 'CodeIgniter\Session\Handlers\FileHandler' driver.
DEBUG - 2025-08-29 09:58:32 --> User IP: ::1
DEBUG - 2025-08-29 09:59:33 --> Session: Class initialized using 'CodeIgniter\Session\Handlers\FileHandler' driver.
DEBUG - 2025-08-29 09:59:33 --> User IP: ::1
DEBUG - 2025-08-29 10:00:34 --> Session: Class initialized using 'CodeIgniter\Session\Handlers\FileHandler' driver.
DEBUG - 2025-08-29 10:00:34 --> User IP: ::1
DEBUG - 2025-08-29 10:01:35 --> Session: Class initialized using 'CodeIgniter\Session\Handlers\FileHandler' driver.
DEBUG - 2025-08-29 10:01:35 --> User IP: ::1
DEBUG - 2025-08-29 10:02:36 --> Session: Class initialized using 'CodeIgniter\Session\Handlers\FileHandler' driver.
DEBUG - 2025-08-29 10:02:36 --> User IP: ::1
DEBUG - 2025-08-29 10:03:37 --> Session: Class initialized using 'CodeIgniter\Session\Handlers\FileHandler' driver.
DEBUG - 2025-08-29 10:03:37 --> User IP: ::1
DEBUG - 2025-08-29 10:04:38 --> Session: Class initialized using 'CodeIgniter\Session\Handlers\FileHandler' driver.
DEBUG - 2025-08-29 10:04:38 --> User IP: ::1
DEBUG - 2025-08-29 10:05:39 --> Session: Class initialized using 'CodeIgniter\Session\Handlers\FileHandler' driver.
DEBUG - 2025-08-29 10:05:39 --> User IP: ::1
DEBUG - 2025-08-29 10:06:40 --> Session: Class initialized using 'CodeIgniter\Session\Handlers\FileHandler' driver.
DEBUG - 2025-08-29 10:06:40 --> User IP: ::1
DEBUG - 2025-08-29 10:07:41 --> Session: Class initialized using 'CodeIgniter\Session\Handlers\FileHandler' driver.
DEBUG - 2025-08-29 10:07:41 --> User IP: ::1
DEBUG - 2025-08-29 10:08:42 --> Session: Class initialized using 'CodeIgniter\Session\Handlers\FileHandler' driver.
DEBUG - 2025-08-29 10:08:42 --> User IP: ::1
DEBUG - 2025-08-29 10:09:43 --> Session: Class initialized using 'CodeIgniter\Session\Handlers\FileHandler' driver.
DEBUG - 2025-08-29 10:09:43 --> User IP: ::1
DEBUG - 2025-08-29 10:10:26 --> Session: Class initialized using 'CodeIgniter\Session\Handlers\FileHandler' driver.
DEBUG - 2025-08-29 10:10:26 --> User IP: ::1
DEBUG - 2025-08-29 10:11:27 --> Session: Class initialized using 'CodeIgniter\Session\Handlers\FileHandler' driver.
DEBUG - 2025-08-29 10:11:27 --> User IP: ::1
DEBUG - 2025-08-29 10:12:28 --> Session: Class initialized using 'CodeIgniter\Session\Handlers\FileHandler' driver.
DEBUG - 2025-08-29 10:12:28 --> User IP: ::1
DEBUG - 2025-08-29 10:13:29 --> Session: Class initialized using 'CodeIgniter\Session\Handlers\FileHandler' driver.
DEBUG - 2025-08-29 10:13:29 --> User IP: ::1
DEBUG - 2025-08-29 10:14:30 --> Session: Class initialized using 'CodeIgniter\Session\Handlers\FileHandler' driver.
DEBUG - 2025-08-29 10:14:30 --> User IP: ::1
DEBUG - 2025-08-29 10:14:50 --> Session: Class initialized using 'CodeIgniter\Session\Handlers\FileHandler' driver.
DEBUG - 2025-08-29 10:14:50 --> User IP: ::1
DEBUG - 2025-08-29 10:15:52 --> Session: Class initialized using 'CodeIgniter\Session\Handlers\FileHandler' driver.
DEBUG - 2025-08-29 10:15:52 --> User IP: ::1
DEBUG - 2025-08-29 10:16:52 --> Session: Class initialized using 'CodeIgniter\Session\Handlers\FileHandler' driver.
DEBUG - 2025-08-29 10:16:52 --> User IP: ::1
DEBUG - 2025-08-29 10:17:52 --> Session: Class initialized using 'CodeIgniter\Session\Handlers\FileHandler' driver.
DEBUG - 2025-08-29 10:17:52 --> User IP: ::1
DEBUG - 2025-08-29 10:18:52 --> Session: Class initialized using 'CodeIgniter\Session\Handlers\FileHandler' driver.
DEBUG - 2025-08-29 10:18:52 --> User IP: ::1
DEBUG - 2025-08-29 10:19:52 --> Session: Class initialized using 'CodeIgniter\Session\Handlers\FileHandler' driver.
DEBUG - 2025-08-29 10:19:52 --> User IP: ::1
DEBUG - 2025-08-29 10:20:52 --> Session: Class initialized using 'CodeIgniter\Session\Handlers\FileHandler' driver.
DEBUG - 2025-08-29 10:20:52 --> User IP: ::1
DEBUG - 2025-08-29 10:21:52 --> Session: Class initialized using 'CodeIgniter\Session\Handlers\FileHandler' driver.
DEBUG - 2025-08-29 10:21:52 --> User IP: ::1
DEBUG - 2025-08-29 10:22:53 --> Session: Class initialized using 'CodeIgniter\Session\Handlers\FileHandler' driver.
DEBUG - 2025-08-29 10:22:53 --> User IP: ::1
DEBUG - 2025-08-29 10:23:45 --> Session: Class initialized using 'CodeIgniter\Session\Handlers\FileHandler' driver.
DEBUG - 2025-08-29 10:23:45 --> User IP: ::1
DEBUG - 2025-08-29 10:23:48 --> Session: Class initialized using 'CodeIgniter\Session\Handlers\FileHandler' driver.
DEBUG - 2025-08-29 10:23:48 --> User IP: ::1
DEBUG - 2025-08-29 10:23:57 --> Session: Class initialized using 'CodeIgniter\Session\Handlers\FileHandler' driver.
DEBUG - 2025-08-29 10:23:57 --> User IP: ::1
DEBUG - 2025-08-29 10:24:09 --> Session: Class initialized using 'CodeIgniter\Session\Handlers\FileHandler' driver.
DEBUG - 2025-08-29 10:24:09 --> User IP: ::1
DEBUG - 2025-08-29 10:24:33 --> Session: Class initialized using 'CodeIgniter\Session\Handlers\FileHandler' driver.
DEBUG - 2025-08-29 10:24:33 --> User IP: ::1
DEBUG - 2025-08-29 10:25:02 --> Session: Class initialized using 'CodeIgniter\Session\Handlers\FileHandler' driver.
DEBUG - 2025-08-29 10:25:02 --> User IP: ::1
DEBUG - 2025-08-29 10:25:07 --> Session: Class initialized using 'CodeIgniter\Session\Handlers\FileHandler' driver.
DEBUG - 2025-08-29 10:25:48 --> Session: Class initialized using 'CodeIgniter\Session\Handlers\FileHandler' driver.
DEBUG - 2025-08-29 10:25:48 --> User IP: ::1
DEBUG - 2025-08-29 10:25:52 --> Session: Class initialized using 'CodeIgniter\Session\Handlers\FileHandler' driver.
DEBUG - 2025-08-29 10:25:52 --> User IP: ::1
ERROR - 2025-08-29 10:25:52 --> mysqli_sql_exception: Column 'emp_id' in where clause is ambiguous in C:\xampp\htdocs\ems\system\Database\MySQLi\Connection.php:312
Stack trace:
#0 C:\xampp\htdocs\ems\system\Database\MySQLi\Connection.php(312): mysqli->query('SELECT l.*, e.n...', 0)
#1 C:\xampp\htdocs\ems\system\Database\BaseConnection.php(734): CodeIgniter\Database\MySQLi\Connection->execute('SELECT l.*, e.n...')
#2 C:\xampp\htdocs\ems\system\Database\BaseConnection.php(648): CodeIgniter\Database\BaseConnection->simpleQuery('SELECT l.*, e.n...')
#3 C:\xampp\htdocs\ems\app\Controllers\EmployeeController.php(372): CodeIgniter\Database\BaseConnection->query('SELECT l.*, e.n...', Array)
#4 C:\xampp\htdocs\ems\system\CodeIgniter.php(933): App\Controllers\EmployeeController->getMyLeaves()
#5 C:\xampp\htdocs\ems\system\CodeIgniter.php(509): CodeIgniter\CodeIgniter->runController(Object(App\Controllers\EmployeeController))
#6 C:\xampp\htdocs\ems\system\CodeIgniter.php(355): CodeIgniter\CodeIgniter->handleRequest(NULL, Object(Config\Cache), false)
#7 C:\xampp\htdocs\ems\system\Boot.php(334): CodeIgniter\CodeIgniter->run()
#8 C:\xampp\htdocs\ems\system\Boot.php(67): CodeIgniter\Boot::runCodeIgniter(Object(CodeIgniter\CodeIgniter))
#9 C:\xampp\htdocs\ems\public\index.php(56): CodeIgniter\Boot::bootWeb(Object(Config\Paths))
#10 {main}
CRITICAL - 2025-08-29 10:25:52 --> CodeIgniter\Database\Exceptions\DatabaseException: Column 'emp_id' in where clause is ambiguous
[Method: GET, Route: employeecontroller/getMyLeaves]
in SYSTEMPATH\Database\BaseConnection.php on line 688.
 1 APPPATH\Controllers\EmployeeController.php(372): CodeIgniter\Database\BaseConnection->query('SELECT l.*, e.name FROM leave_request l Join employees e ON e.emp_id = l.emp_id WHERE emp_id =? ORDER BY created_at DESC', [...])
 2 SYSTEMPATH\CodeIgniter.php(933): App\Controllers\EmployeeController->getMyLeaves()
 3 SYSTEMPATH\CodeIgniter.php(509): CodeIgniter\CodeIgniter->runController(Object(App\Controllers\EmployeeController))
 4 SYSTEMPATH\CodeIgniter.php(355): CodeIgniter\CodeIgniter->handleRequest(null, Object(Config\Cache), false)
 5 SYSTEMPATH\Boot.php(334): CodeIgniter\CodeIgniter->run()
 6 SYSTEMPATH\Boot.php(67): CodeIgniter\Boot::runCodeIgniter(Object(CodeIgniter\CodeIgniter))
 7 FCPATH\index.php(56): CodeIgniter\Boot::bootWeb(Object(Config\Paths))
CRITICAL - 2025-08-29 10:25:52 --> [Caused by] CodeIgniter\Database\Exceptions\DatabaseException: Column 'emp_id' in where clause is ambiguous
in SYSTEMPATH\Database\MySQLi\Connection.php on line 317.
 1 SYSTEMPATH\Database\BaseConnection.php(734): CodeIgniter\Database\MySQLi\Connection->execute('SELECT l.*, e.name FROM leave_request l Join employees e ON e.emp_id = l.emp_id WHERE emp_id =\'admin\' ORDER BY created_at DESC')
 2 SYSTEMPATH\Database\BaseConnection.php(648): CodeIgniter\Database\BaseConnection->simpleQuery('SELECT l.*, e.name FROM leave_request l Join employees e ON e.emp_id = l.emp_id WHERE emp_id =\'admin\' ORDER BY created_at DESC')
 3 APPPATH\Controllers\EmployeeController.php(372): CodeIgniter\Database\BaseConnection->query('SELECT l.*, e.name FROM leave_request l Join employees e ON e.emp_id = l.emp_id WHERE emp_id =? ORDER BY created_at DESC', [...])
 4 SYSTEMPATH\CodeIgniter.php(933): App\Controllers\EmployeeController->getMyLeaves()
 5 SYSTEMPATH\CodeIgniter.php(509): CodeIgniter\CodeIgniter->runController(Object(App\Controllers\EmployeeController))
 6 SYSTEMPATH\CodeIgniter.php(355): CodeIgniter\CodeIgniter->handleRequest(null, Object(Config\Cache), false)
 7 SYSTEMPATH\Boot.php(334): CodeIgniter\CodeIgniter->run()
 8 SYSTEMPATH\Boot.php(67): CodeIgniter\Boot::runCodeIgniter(Object(CodeIgniter\CodeIgniter))
 9 FCPATH\index.php(56): CodeIgniter\Boot::bootWeb(Object(Config\Paths))
CRITICAL - 2025-08-29 10:25:52 --> [Caused by] mysqli_sql_exception: Column 'emp_id' in where clause is ambiguous
in SYSTEMPATH\Database\MySQLi\Connection.php on line 312.
 1 SYSTEMPATH\Database\MySQLi\Connection.php(312): mysqli->query('SELECT l.*, e.name FROM leave_request l Join employees e ON e.emp_id = l.emp_id WHERE emp_id =\'admin\' ORDER BY created_at DESC', 0)
 2 SYSTEMPATH\Database\BaseConnection.php(734): CodeIgniter\Database\MySQLi\Connection->execute('SELECT l.*, e.name FROM leave_request l Join employees e ON e.emp_id = l.emp_id WHERE emp_id =\'admin\' ORDER BY created_at DESC')
 3 SYSTEMPATH\Database\BaseConnection.php(648): CodeIgniter\Database\BaseConnection->simpleQuery('SELECT l.*, e.name FROM leave_request l Join employees e ON e.emp_id = l.emp_id WHERE emp_id =\'admin\' ORDER BY created_at DESC')
 4 APPPATH\Controllers\EmployeeController.php(372): CodeIgniter\Database\BaseConnection->query('SELECT l.*, e.name FROM leave_request l Join employees e ON e.emp_id = l.emp_id WHERE emp_id =? ORDER BY created_at DESC', [...])
 5 SYSTEMPATH\CodeIgniter.php(933): App\Controllers\EmployeeController->getMyLeaves()
 6 SYSTEMPATH\CodeIgniter.php(509): CodeIgniter\CodeIgniter->runController(Object(App\Controllers\EmployeeController))
 7 SYSTEMPATH\CodeIgniter.php(355): CodeIgniter\CodeIgniter->handleRequest(null, Object(Config\Cache), false)
 8 SYSTEMPATH\Boot.php(334): CodeIgniter\CodeIgniter->run()
 9 SYSTEMPATH\Boot.php(67): CodeIgniter\Boot::runCodeIgniter(Object(CodeIgniter\CodeIgniter))
10 FCPATH\index.php(56): CodeIgniter\Boot::bootWeb(Object(Config\Paths))
DEBUG - 2025-08-29 10:26:53 --> Session: Class initialized using 'CodeIgniter\Session\Handlers\FileHandler' driver.
DEBUG - 2025-08-29 10:26:53 --> User IP: ::1
DEBUG - 2025-08-29 10:27:53 --> Session: Class initialized using 'CodeIgniter\Session\Handlers\FileHandler' driver.
DEBUG - 2025-08-29 10:27:53 --> User IP: ::1
DEBUG - 2025-08-29 10:28:53 --> Session: Class initialized using 'CodeIgniter\Session\Handlers\FileHandler' driver.
DEBUG - 2025-08-29 10:28:53 --> User IP: ::1
DEBUG - 2025-08-29 10:29:53 --> Session: Class initialized using 'CodeIgniter\Session\Handlers\FileHandler' driver.
DEBUG - 2025-08-29 10:29:53 --> User IP: ::1
DEBUG - 2025-08-29 10:30:53 --> Session: Class initialized using 'CodeIgniter\Session\Handlers\FileHandler' driver.
DEBUG - 2025-08-29 10:30:53 --> User IP: ::1
DEBUG - 2025-08-29 10:31:53 --> Session: Class initialized using 'CodeIgniter\Session\Handlers\FileHandler' driver.
DEBUG - 2025-08-29 10:31:53 --> User IP: ::1
DEBUG - 2025-08-29 10:32:53 --> Session: Class initialized using 'CodeIgniter\Session\Handlers\FileHandler' driver.
DEBUG - 2025-08-29 10:32:53 --> User IP: ::1
DEBUG - 2025-08-29 10:33:54 --> Session: Class initialized using 'CodeIgniter\Session\Handlers\FileHandler' driver.
DEBUG - 2025-08-29 10:33:54 --> User IP: ::1
DEBUG - 2025-08-29 10:34:55 --> Session: Class initialized using 'CodeIgniter\Session\Handlers\FileHandler' driver.
DEBUG - 2025-08-29 10:34:55 --> User IP: ::1
DEBUG - 2025-08-29 10:35:50 --> Session: Class initialized using 'CodeIgniter\Session\Handlers\FileHandler' driver.
DEBUG - 2025-08-29 10:35:50 --> User IP: ::1
DEBUG - 2025-08-29 10:35:54 --> Session: Class initialized using 'CodeIgniter\Session\Handlers\FileHandler' driver.
DEBUG - 2025-08-29 10:35:54 --> User IP: ::1
DEBUG - 2025-08-29 10:36:55 --> Session: Class initialized using 'CodeIgniter\Session\Handlers\FileHandler' driver.
DEBUG - 2025-08-29 10:36:55 --> User IP: ::1
DEBUG - 2025-08-29 10:37:55 --> Session: Class initialized using 'CodeIgniter\Session\Handlers\FileHandler' driver.
DEBUG - 2025-08-29 10:37:55 --> User IP: ::1
DEBUG - 2025-08-29 10:38:01 --> Session: Class initialized using 'CodeIgniter\Session\Handlers\FileHandler' driver.
DEBUG - 2025-08-29 10:38:01 --> User IP: ::1
DEBUG - 2025-08-29 10:38:01 --> Session: Class initialized using 'CodeIgniter\Session\Handlers\FileHandler' driver.
DEBUG - 2025-08-29 10:38:02 --> User IP: ::1
DEBUG - 2025-08-29 10:38:20 --> Session: Class initialized using 'CodeIgniter\Session\Handlers\FileHandler' driver.
DEBUG - 2025-08-29 10:38:20 --> User IP: ::1
DEBUG - 2025-08-29 10:38:20 --> Session: Class initialized using 'CodeIgniter\Session\Handlers\FileHandler' driver.
DEBUG - 2025-08-29 10:38:20 --> User IP: ::1
DEBUG - 2025-08-29 10:38:54 --> Session: Class initialized using 'CodeIgniter\Session\Handlers\FileHandler' driver.
DEBUG - 2025-08-29 10:38:54 --> User IP: ::1
DEBUG - 2025-08-29 10:38:54 --> Session: Class initialized using 'CodeIgniter\Session\Handlers\FileHandler' driver.
DEBUG - 2025-08-29 10:38:54 --> User IP: ::1
DEBUG - 2025-08-29 10:39:25 --> Session: Class initialized using 'CodeIgniter\Session\Handlers\FileHandler' driver.
DEBUG - 2025-08-29 10:39:25 --> User IP: ::1
DEBUG - 2025-08-29 10:39:25 --> Session: Class initialized using 'CodeIgniter\Session\Handlers\FileHandler' driver.
DEBUG - 2025-08-29 10:39:25 --> User IP: ::1
DEBUG - 2025-08-29 10:40:26 --> Session: Class initialized using 'CodeIgniter\Session\Handlers\FileHandler' driver.
DEBUG - 2025-08-29 10:40:26 --> User IP: ::1
DEBUG - 2025-08-29 10:40:49 --> Session: Class initialized using 'CodeIgniter\Session\Handlers\FileHandler' driver.
DEBUG - 2025-08-29 10:40:49 --> User IP: ::1
DEBUG - 2025-08-29 10:41:02 --> Session: Class initialized using 'CodeIgniter\Session\Handlers\FileHandler' driver.
DEBUG - 2025-08-29 10:41:02 --> User IP: ::1
DEBUG - 2025-08-29 10:41:21 --> Session: Class initialized using 'CodeIgniter\Session\Handlers\FileHandler' driver.
DEBUG - 2025-08-29 10:41:21 --> User IP: ::1
DEBUG - 2025-08-29 10:41:21 --> Session: Class initialized using 'CodeIgniter\Session\Handlers\FileHandler' driver.
DEBUG - 2025-08-29 10:41:21 --> User IP: ::1
DEBUG - 2025-08-29 10:41:28 --> Session: Class initialized using 'CodeIgniter\Session\Handlers\FileHandler' driver.
DEBUG - 2025-08-29 10:41:28 --> User IP: ::1
DEBUG - 2025-08-29 10:41:28 --> Session: Class initialized using 'CodeIgniter\Session\Handlers\FileHandler' driver.
DEBUG - 2025-08-29 10:41:28 --> User IP: ::1
DEBUG - 2025-08-29 10:42:29 --> Session: Class initialized using 'CodeIgniter\Session\Handlers\FileHandler' driver.
DEBUG - 2025-08-29 10:42:29 --> User IP: ::1
DEBUG - 2025-08-29 10:43:29 --> Session: Class initialized using 'CodeIgniter\Session\Handlers\FileHandler' driver.
DEBUG - 2025-08-29 10:43:29 --> User IP: ::1
DEBUG - 2025-08-29 10:44:29 --> Session: Class initialized using 'CodeIgniter\Session\Handlers\FileHandler' driver.
DEBUG - 2025-08-29 10:44:29 --> User IP: ::1
DEBUG - 2025-08-29 10:45:28 --> Session: Class initialized using 'CodeIgniter\Session\Handlers\FileHandler' driver.
DEBUG - 2025-08-29 10:45:28 --> User IP: ::1
DEBUG - 2025-08-29 10:46:28 --> Session: Class initialized using 'CodeIgniter\Session\Handlers\FileHandler' driver.
DEBUG - 2025-08-29 10:46:28 --> User IP: ::1
DEBUG - 2025-08-29 10:47:29 --> Session: Class initialized using 'CodeIgniter\Session\Handlers\FileHandler' driver.
DEBUG - 2025-08-29 10:47:29 --> User IP: ::1
DEBUG - 2025-08-29 10:48:29 --> Session: Class initialized using 'CodeIgniter\Session\Handlers\FileHandler' driver.
DEBUG - 2025-08-29 10:48:29 --> User IP: ::1
DEBUG - 2025-08-29 10:49:30 --> Session: Class initialized using 'CodeIgniter\Session\Handlers\FileHandler' driver.
DEBUG - 2025-08-29 10:49:30 --> User IP: ::1
DEBUG - 2025-08-29 10:50:31 --> Session: Class initialized using 'CodeIgniter\Session\Handlers\FileHandler' driver.
DEBUG - 2025-08-29 10:50:31 --> User IP: ::1
DEBUG - 2025-08-29 10:51:32 --> Session: Class initialized using 'CodeIgniter\Session\Handlers\FileHandler' driver.
DEBUG - 2025-08-29 10:51:32 --> User IP: ::1
DEBUG - 2025-08-29 10:52:28 --> Session: Class initialized using 'CodeIgniter\Session\Handlers\FileHandler' driver.
DEBUG - 2025-08-29 10:52:28 --> User IP: ::1
DEBUG - 2025-08-29 10:53:28 --> Session: Class initialized using 'CodeIgniter\Session\Handlers\FileHandler' driver.
DEBUG - 2025-08-29 10:53:28 --> User IP: ::1
DEBUG - 2025-08-29 10:54:29 --> Session: Class initialized using 'CodeIgniter\Session\Handlers\FileHandler' driver.
DEBUG - 2025-08-29 10:54:29 --> User IP: ::1
DEBUG - 2025-08-29 10:55:30 --> Session: Class initialized using 'CodeIgniter\Session\Handlers\FileHandler' driver.
DEBUG - 2025-08-29 10:55:30 --> User IP: ::1
DEBUG - 2025-08-29 10:56:31 --> Session: Class initialized using 'CodeIgniter\Session\Handlers\FileHandler' driver.
DEBUG - 2025-08-29 10:56:31 --> User IP: ::1
DEBUG - 2025-08-29 10:57:32 --> Session: Class initialized using 'CodeIgniter\Session\Handlers\FileHandler' driver.
DEBUG - 2025-08-29 10:57:32 --> User IP: ::1
DEBUG - 2025-08-29 10:58:33 --> Session: Class initialized using 'CodeIgniter\Session\Handlers\FileHandler' driver.
DEBUG - 2025-08-29 10:58:33 --> User IP: ::1
DEBUG - 2025-08-29 10:59:34 --> Session: Class initialized using 'CodeIgniter\Session\Handlers\FileHandler' driver.
DEBUG - 2025-08-29 10:59:34 --> User IP: ::1
DEBUG - 2025-08-29 11:00:35 --> Session: Class initialized using 'CodeIgniter\Session\Handlers\FileHandler' driver.
DEBUG - 2025-08-29 11:00:35 --> User IP: ::1
DEBUG - 2025-08-29 11:01:36 --> Session: Class initialized using 'CodeIgniter\Session\Handlers\FileHandler' driver.
DEBUG - 2025-08-29 11:01:36 --> User IP: ::1
DEBUG - 2025-08-29 11:02:37 --> Session: Class initialized using 'CodeIgniter\Session\Handlers\FileHandler' driver.
DEBUG - 2025-08-29 11:02:37 --> User IP: ::1
DEBUG - 2025-08-29 11:03:38 --> Session: Class initialized using 'CodeIgniter\Session\Handlers\FileHandler' driver.
DEBUG - 2025-08-29 11:03:38 --> User IP: ::1
DEBUG - 2025-08-29 11:04:39 --> Session: Class initialized using 'CodeIgniter\Session\Handlers\FileHandler' driver.
DEBUG - 2025-08-29 11:04:39 --> User IP: ::1
DEBUG - 2025-08-29 11:05:40 --> Session: Class initialized using 'CodeIgniter\Session\Handlers\FileHandler' driver.
DEBUG - 2025-08-29 11:05:40 --> User IP: ::1
DEBUG - 2025-08-29 11:06:41 --> Session: Class initialized using 'CodeIgniter\Session\Handlers\FileHandler' driver.
DEBUG - 2025-08-29 11:06:41 --> User IP: ::1
DEBUG - 2025-08-29 11:07:42 --> Session: Class initialized using 'CodeIgniter\Session\Handlers\FileHandler' driver.
DEBUG - 2025-08-29 11:07:42 --> User IP: ::1
DEBUG - 2025-08-29 11:08:43 --> Session: Class initialized using 'CodeIgniter\Session\Handlers\FileHandler' driver.
DEBUG - 2025-08-29 11:08:43 --> User IP: ::1
DEBUG - 2025-08-29 11:09:44 --> Session: Class initialized using 'CodeIgniter\Session\Handlers\FileHandler' driver.
DEBUG - 2025-08-29 11:09:44 --> User IP: ::1
DEBUG - 2025-08-29 11:10:45 --> Session: Class initialized using 'CodeIgniter\Session\Handlers\FileHandler' driver.
DEBUG - 2025-08-29 11:10:45 --> User IP: ::1
DEBUG - 2025-08-29 11:11:46 --> Session: Class initialized using 'CodeIgniter\Session\Handlers\FileHandler' driver.
DEBUG - 2025-08-29 11:11:46 --> User IP: ::1
DEBUG - 2025-08-29 11:12:29 --> Session: Class initialized using 'CodeIgniter\Session\Handlers\FileHandler' driver.
DEBUG - 2025-08-29 11:12:29 --> User IP: ::1
DEBUG - 2025-08-29 11:13:30 --> Session: Class initialized using 'CodeIgniter\Session\Handlers\FileHandler' driver.
DEBUG - 2025-08-29 11:13:30 --> User IP: ::1
DEBUG - 2025-08-29 11:14:31 --> Session: Class initialized using 'CodeIgniter\Session\Handlers\FileHandler' driver.
DEBUG - 2025-08-29 11:14:31 --> User IP: ::1
DEBUG - 2025-08-29 11:15:32 --> Session: Class initialized using 'CodeIgniter\Session\Handlers\FileHandler' driver.
DEBUG - 2025-08-29 11:15:32 --> User IP: ::1
DEBUG - 2025-08-29 11:16:33 --> Session: Class initialized using 'CodeIgniter\Session\Handlers\FileHandler' driver.
DEBUG - 2025-08-29 11:16:33 --> User IP: ::1
DEBUG - 2025-08-29 11:17:29 --> Session: Class initialized using 'CodeIgniter\Session\Handlers\FileHandler' driver.
DEBUG - 2025-08-29 11:17:29 --> User IP: ::1
DEBUG - 2025-08-29 11:18:30 --> Session: Class initialized using 'CodeIgniter\Session\Handlers\FileHandler' driver.
DEBUG - 2025-08-29 11:18:30 --> User IP: ::1
DEBUG - 2025-08-29 11:19:31 --> Session: Class initialized using 'CodeIgniter\Session\Handlers\FileHandler' driver.
DEBUG - 2025-08-29 11:19:31 --> User IP: ::1
DEBUG - 2025-08-29 11:20:32 --> Session: Class initialized using 'CodeIgniter\Session\Handlers\FileHandler' driver.
DEBUG - 2025-08-29 11:20:32 --> User IP: ::1
DEBUG - 2025-08-29 11:21:33 --> Session: Class initialized using 'CodeIgniter\Session\Handlers\FileHandler' driver.
DEBUG - 2025-08-29 11:21:33 --> User IP: ::1
DEBUG - 2025-08-29 11:22:34 --> Session: Class initialized using 'CodeIgniter\Session\Handlers\FileHandler' driver.
DEBUG - 2025-08-29 11:22:34 --> User IP: ::1
DEBUG - 2025-08-29 11:23:29 --> Session: Class initialized using 'CodeIgniter\Session\Handlers\FileHandler' driver.
DEBUG - 2025-08-29 11:23:29 --> User IP: ::1
DEBUG - 2025-08-29 11:24:29 --> Session: Class initialized using 'CodeIgniter\Session\Handlers\FileHandler' driver.
DEBUG - 2025-08-29 11:24:29 --> User IP: ::1
DEBUG - 2025-08-29 11:25:28 --> Session: Class initialized using 'CodeIgniter\Session\Handlers\FileHandler' driver.
DEBUG - 2025-08-29 11:25:28 --> User IP: ::1
DEBUG - 2025-08-29 11:26:29 --> Session: Class initialized using 'CodeIgniter\Session\Handlers\FileHandler' driver.
DEBUG - 2025-08-29 11:26:29 --> User IP: ::1
DEBUG - 2025-08-29 11:27:28 --> Session: Class initialized using 'CodeIgniter\Session\Handlers\FileHandler' driver.
DEBUG - 2025-08-29 11:27:28 --> User IP: ::1
DEBUG - 2025-08-29 11:28:28 --> Session: Class initialized using 'CodeIgniter\Session\Handlers\FileHandler' driver.
DEBUG - 2025-08-29 11:28:28 --> User IP: ::1
DEBUG - 2025-08-29 11:28:56 --> Session: Class initialized using 'CodeIgniter\Session\Handlers\FileHandler' driver.
DEBUG - 2025-08-29 11:28:56 --> User IP: ::1
DEBUG - 2025-08-29 11:29:59 --> Session: Class initialized using 'CodeIgniter\Session\Handlers\FileHandler' driver.
DEBUG - 2025-08-29 11:29:59 --> User IP: ::1
DEBUG - 2025-08-29 11:29:59 --> Session: Class initialized using 'CodeIgniter\Session\Handlers\FileHandler' driver.
DEBUG - 2025-08-29 11:29:59 --> User IP: ::1
DEBUG - 2025-08-29 11:30:58 --> Session: Class initialized using 'CodeIgniter\Session\Handlers\FileHandler' driver.
DEBUG - 2025-08-29 11:30:58 --> User IP: ::1
DEBUG - 2025-08-29 11:30:58 --> Session: Class initialized using 'CodeIgniter\Session\Handlers\FileHandler' driver.
DEBUG - 2025-08-29 11:30:58 --> User IP: ::1
DEBUG - 2025-08-29 11:31:31 --> Session: Class initialized using 'CodeIgniter\Session\Handlers\FileHandler' driver.
DEBUG - 2025-08-29 11:31:31 --> User IP: ::1
DEBUG - 2025-08-29 11:31:31 --> Session: Class initialized using 'CodeIgniter\Session\Handlers\FileHandler' driver.
DEBUG - 2025-08-29 11:31:31 --> User IP: ::1
DEBUG - 2025-08-29 11:31:40 --> Session: Class initialized using 'CodeIgniter\Session\Handlers\FileHandler' driver.
DEBUG - 2025-08-29 11:31:40 --> User IP: ::1
DEBUG - 2025-08-29 11:34:01 --> Session: Class initialized using 'CodeIgniter\Session\Handlers\FileHandler' driver.
DEBUG - 2025-08-29 11:34:01 --> User IP: ::1
DEBUG - 2025-08-29 11:34:01 --> Session: Class initialized using 'CodeIgniter\Session\Handlers\FileHandler' driver.
DEBUG - 2025-08-29 11:34:01 --> User IP: ::1
DEBUG - 2025-08-29 11:49:55 --> Session: Class initialized using 'CodeIgniter\Session\Handlers\FileHandler' driver.
DEBUG - 2025-08-29 11:49:55 --> User IP: ::1
DEBUG - 2025-08-29 11:49:56 --> Session: Class initialized using 'CodeIgniter\Session\Handlers\FileHandler' driver.
DEBUG - 2025-08-29 11:49:56 --> User IP: ::1
