DEBUG - 2025-05-31 04:53:33 --> User IP: ::1
DEBUG - 2025-05-31 04:53:33 --> Session: Class initialized using 'CodeIgniter\Session\Handlers\FileHandler' driver.
DEBUG - 2025-05-31 04:53:38 --> User IP: ::1
DEBUG - 2025-05-31 04:53:38 --> Session: Class initialized using 'CodeIgniter\Session\Handlers\FileHandler' driver.
DEBUG - 2025-05-31 04:53:38 --> User IP: ::1
DEBUG - 2025-05-31 04:53:38 --> Session: Class initialized using 'CodeIgniter\Session\Handlers\FileHandler' driver.
DEBUG - 2025-05-31 04:53:40 --> User IP: ::1
DEBUG - 2025-05-31 04:53:40 --> Session: Class initialized using 'CodeIgniter\Session\Handlers\FileHandler' driver.
DEBUG - 2025-05-31 04:53:42 --> User IP: ::1
DEBUG - 2025-05-31 04:53:42 --> Session: Class initialized using 'CodeIgniter\Session\Handlers\FileHandler' driver.
DEBUG - 2025-05-31 04:54:01 --> User IP: ::1
DEBUG - 2025-05-31 04:54:01 --> User ID: 16, Date: 2025-05-26
DEBUG - 2025-05-31 04:54:03 --> User IP: ::1
DEBUG - 2025-05-31 04:54:03 --> User ID: 17, Date: 2025-05-26
DEBUG - 2025-05-31 04:54:16 --> User IP: ::1
INFO - 2025-05-31 04:54:46 --> ✅ Processed: Srimugan N (27) - 2025-05-28 - 08:39 (Present)
INFO - 2025-05-31 04:54:46 --> ✅ Processed: Vanitha (4) - 2025-05-28 - Error (Present)
INFO - 2025-05-31 04:54:46 --> ✅ Processed: Karthikeyan (13) - 2025-05-28 - 08:18 (Present)
INFO - 2025-05-31 04:54:46 --> ✅ Processed: Muniyappan (16) - 2025-05-28 - 07:52 (Present)
INFO - 2025-05-31 04:54:46 --> ✅ Processed: Gokul (17) - 2025-05-28 - 08:14 (Present)
INFO - 2025-05-31 04:54:46 --> ✅ Processed: Manisha V (1) - 2025-05-28 - 08:19 (Present)
INFO - 2025-05-31 04:54:46 --> ✅ Processed: Gnanamugilan (9) - 2025-05-28 - 08:14 (Present)
INFO - 2025-05-31 04:54:46 --> ✅ Processed: Arun (5) - 2025-05-28 - 07:54 (Present)
INFO - 2025-05-31 04:54:46 --> ✅ Processed: Magendiran (23) - 2025-05-28 - 08:12 (Present)
INFO - 2025-05-31 04:54:46 --> ✅ Processed: Kokila (45) - 2025-05-28 - Error (Present)
INFO - 2025-05-31 04:54:46 --> ✅ Processed: Pugazh (48) - 2025-05-28 - Error (Present)
INFO - 2025-05-31 04:54:46 --> ✅ Processed: Akshay (49) - 2025-05-28 - 07:53 (Present)
INFO - 2025-05-31 04:54:46 --> ✅ Processed: Bhagath (50) - 2025-05-28 - 07:53 (Present)
DEBUG - 2025-05-31 04:58:35 --> User IP: ::1
DEBUG - 2025-05-31 04:58:35 --> Session: Class initialized using 'CodeIgniter\Session\Handlers\FileHandler' driver.
DEBUG - 2025-05-31 05:42:48 --> User IP: ::1
DEBUG - 2025-05-31 05:42:48 --> Session: Class initialized using 'CodeIgniter\Session\Handlers\FileHandler' driver.
DEBUG - 2025-05-31 05:43:01 --> User IP: ::1
DEBUG - 2025-05-31 05:43:01 --> Session: Class initialized using 'CodeIgniter\Session\Handlers\FileHandler' driver.
DEBUG - 2025-05-31 05:43:01 --> User IP: ::1
DEBUG - 2025-05-31 05:43:01 --> Session: Class initialized using 'CodeIgniter\Session\Handlers\FileHandler' driver.
DEBUG - 2025-05-31 05:43:07 --> User IP: ::1
DEBUG - 2025-05-31 05:43:07 --> Session: Class initialized using 'CodeIgniter\Session\Handlers\FileHandler' driver.
DEBUG - 2025-05-31 05:43:07 --> User IP: ::1
DEBUG - 2025-05-31 05:43:07 --> Session: Class initialized using 'CodeIgniter\Session\Handlers\FileHandler' driver.
DEBUG - 2025-05-31 05:43:15 --> User IP: ::1
DEBUG - 2025-05-31 05:43:15 --> Session: Class initialized using 'CodeIgniter\Session\Handlers\FileHandler' driver.
DEBUG - 2025-05-31 05:43:19 --> User IP: ::1
DEBUG - 2025-05-31 05:43:19 --> Session: Class initialized using 'CodeIgniter\Session\Handlers\FileHandler' driver.
DEBUG - 2025-05-31 05:43:22 --> User IP: ::1
DEBUG - 2025-05-31 05:43:22 --> Session: Class initialized using 'CodeIgniter\Session\Handlers\FileHandler' driver.
DEBUG - 2025-05-31 05:43:23 --> User IP: ::1
DEBUG - 2025-05-31 05:43:23 --> Session: Class initialized using 'CodeIgniter\Session\Handlers\FileHandler' driver.
DEBUG - 2025-05-31 05:43:31 --> User IP: ::1
DEBUG - 2025-05-31 05:43:31 --> User ID: 45, Date: 2025-05-28
DEBUG - 2025-05-31 05:43:48 --> User IP: ::1
DEBUG - 2025-05-31 05:43:48 --> User ID: 45, Date: 2025-05-28
DEBUG - 2025-05-31 05:43:49 --> User IP: ::1
DEBUG - 2025-05-31 05:43:49 --> Session: Class initialized using 'CodeIgniter\Session\Handlers\FileHandler' driver.
DEBUG - 2025-05-31 05:44:42 --> User IP: ::1
DEBUG - 2025-05-31 05:44:42 --> Session: Class initialized using 'CodeIgniter\Session\Handlers\FileHandler' driver.
DEBUG - 2025-05-31 06:05:32 --> User IP: ::1
DEBUG - 2025-05-31 06:05:32 --> Session: Class initialized using 'CodeIgniter\Session\Handlers\FileHandler' driver.
DEBUG - 2025-05-31 06:05:40 --> User IP: ::1
DEBUG - 2025-05-31 06:05:40 --> User ID: 27, Date: 2025-05-27
DEBUG - 2025-05-31 06:05:47 --> User IP: ::1
DEBUG - 2025-05-31 06:05:47 --> User ID: 27, Date: 2025-05-30
DEBUG - 2025-05-31 06:05:54 --> User IP: ::1
DEBUG - 2025-05-31 06:05:54 --> User ID: 27, Date: 2025-05-30
DEBUG - 2025-05-31 06:05:56 --> User IP: ::1
DEBUG - 2025-05-31 06:05:56 --> Session: Class initialized using 'CodeIgniter\Session\Handlers\FileHandler' driver.
DEBUG - 2025-05-31 06:05:58 --> User IP: ::1
DEBUG - 2025-05-31 06:05:58 --> User ID: 27, Date: 2025-05-29
DEBUG - 2025-05-31 06:07:02 --> User IP: ::1
DEBUG - 2025-05-31 06:07:02 --> User ID: 27, Date: 2025-05-27
DEBUG - 2025-05-31 06:07:09 --> User IP: ::1
DEBUG - 2025-05-31 06:07:09 --> User ID: 27, Date: 2025-05-27
DEBUG - 2025-05-31 06:07:11 --> User IP: ::1
DEBUG - 2025-05-31 06:07:11 --> Session: Class initialized using 'CodeIgniter\Session\Handlers\FileHandler' driver.
DEBUG - 2025-05-31 06:07:27 --> User IP: ::1
DEBUG - 2025-05-31 06:07:27 --> User ID: 27, Date: 2025-05-29
DEBUG - 2025-05-31 06:12:02 --> User IP: ::1
DEBUG - 2025-05-31 06:12:02 --> User ID: 48, Date: 2025-05-28
DEBUG - 2025-05-31 06:12:35 --> User IP: ::1
DEBUG - 2025-05-31 06:12:35 --> User ID: 48, Date: 2025-05-29
DEBUG - 2025-05-31 06:14:27 --> User IP: ::1
DEBUG - 2025-05-31 06:14:27 --> User ID: 48, Date: 2025-05-29
DEBUG - 2025-05-31 06:14:51 --> User IP: ::1
DEBUG - 2025-05-31 06:14:51 --> User ID: 48, Date: 2025-05-29
DEBUG - 2025-05-31 06:14:52 --> User IP: ::1
DEBUG - 2025-05-31 06:14:52 --> Session: Class initialized using 'CodeIgniter\Session\Handlers\FileHandler' driver.
DEBUG - 2025-05-31 06:16:05 --> User IP: ::1
DEBUG - 2025-05-31 06:16:05 --> User ID: 48, Date: 2025-05-28
DEBUG - 2025-05-31 06:16:23 --> User IP: ::1
DEBUG - 2025-05-31 06:16:23 --> User ID: 48, Date: 2025-05-28
DEBUG - 2025-05-31 06:16:25 --> User IP: ::1
DEBUG - 2025-05-31 06:16:26 --> Session: Class initialized using 'CodeIgniter\Session\Handlers\FileHandler' driver.
DEBUG - 2025-05-31 06:18:02 --> User IP: ::1
INFO - 2025-05-31 06:18:36 --> ✅ Processed: Srimugan N (27) - 2025-05-28 - 08:39 (Present)
INFO - 2025-05-31 06:18:36 --> ✅ Processed: Srimugan N (27) - 2025-05-29 - Error (Present)
INFO - 2025-05-31 06:18:36 --> ✅ Processed: Vanitha (4) - 2025-05-28 - Error (Present)
INFO - 2025-05-31 06:18:36 --> ✅ Processed: Vanitha (4) - 2025-05-29 - 08:54 (Present)
INFO - 2025-05-31 06:18:36 --> ✅ Processed: Karthikeyan (13) - 2025-05-28 - 08:18 (Present)
INFO - 2025-05-31 06:18:36 --> ✅ Processed: Karthikeyan (13) - 2025-05-29 - Error (Present)
INFO - 2025-05-31 06:18:36 --> ✅ Processed: Muniyappan (16) - 2025-05-28 - 07:52 (Present)
INFO - 2025-05-31 06:18:36 --> ✅ Processed: Muniyappan (16) - 2025-05-29 - Error (Present)
INFO - 2025-05-31 06:18:36 --> ✅ Processed: Gokul (17) - 2025-05-28 - 08:14 (Present)
INFO - 2025-05-31 06:18:36 --> ✅ Processed: Gokul (17) - 2025-05-29 - Error (Present)
INFO - 2025-05-31 06:18:36 --> ✅ Processed: Manisha V (1) - 2025-05-28 - 08:19 (Present)
INFO - 2025-05-31 06:18:36 --> ✅ Processed: Manisha V (1) - 2025-05-29 - 08:30 (Present)
INFO - 2025-05-31 06:18:36 --> ✅ Processed: Gnanamugilan (9) - 2025-05-28 - 08:14 (Present)
INFO - 2025-05-31 06:18:36 --> ✅ Processed: Gnanamugilan (9) - 2025-05-29 - Error (Present)
INFO - 2025-05-31 06:18:36 --> ✅ Processed: Arun (5) - 2025-05-28 - 07:54 (Present)
INFO - 2025-05-31 06:18:36 --> ✅ Processed: Arun (5) - 2025-05-29 - 08:41 (Present)
INFO - 2025-05-31 06:18:36 --> ✅ Processed: Magendiran (23) - 2025-05-28 - 08:12 (Present)
INFO - 2025-05-31 06:18:36 --> ✅ Processed: Magendiran (23) - 2025-05-29 - 08:36 (Present)
INFO - 2025-05-31 06:18:36 --> ✅ Processed: Kokila (45) - 2025-05-28 - Error (Present)
INFO - 2025-05-31 06:18:36 --> ✅ Processed: Kokila (45) - 2025-05-29 - 09:11 (Present)
INFO - 2025-05-31 06:18:36 --> ✅ Processed: Pugazh (48) - 2025-05-28 - Error (Present)
INFO - 2025-05-31 06:18:36 --> ✅ Processed: Pugazh (48) - 2025-05-29 - Error (Present)
INFO - 2025-05-31 06:18:36 --> ✅ Processed: Akshay (49) - 2025-05-28 - 07:53 (Present)
INFO - 2025-05-31 06:18:36 --> ✅ Processed: Akshay (49) - 2025-05-29 - Error (Present)
INFO - 2025-05-31 06:18:36 --> ✅ Processed: Bhagath (50) - 2025-05-28 - 07:53 (Present)
INFO - 2025-05-31 06:18:36 --> ✅ Processed: Bhagath (50) - 2025-05-29 - 06:56 (Permission)
DEBUG - 2025-05-31 06:18:36 --> User IP: ::1
DEBUG - 2025-05-31 06:18:37 --> Session: Class initialized using 'CodeIgniter\Session\Handlers\FileHandler' driver.
DEBUG - 2025-05-31 06:19:15 --> User IP: ::1
DEBUG - 2025-05-31 06:19:15 --> User ID: 3, Date: 2025-05-30
DEBUG - 2025-05-31 06:43:14 --> User IP: ::1
DEBUG - 2025-05-31 08:13:18 --> User IP: ::1
INFO - 2025-05-31 08:13:48 --> ✅ Processed: Srimugan N (27) - 2025-05-28 - 08:39 (Present)
INFO - 2025-05-31 08:13:48 --> ✅ Processed: Srimugan N (27) - 2025-05-29 - Error (Present)
INFO - 2025-05-31 08:13:48 --> ✅ Processed: Vanitha (4) - 2025-05-28 - Error (Present)
INFO - 2025-05-31 08:13:48 --> ✅ Processed: Vanitha (4) - 2025-05-29 - 08:54 (Present)
INFO - 2025-05-31 08:13:48 --> ✅ Processed: Karthikeyan (13) - 2025-05-28 - 08:18 (Present)
INFO - 2025-05-31 08:13:48 --> ✅ Processed: Karthikeyan (13) - 2025-05-29 - Error (Present)
INFO - 2025-05-31 08:13:48 --> ✅ Processed: Muniyappan (16) - 2025-05-28 - 07:52 (Present)
INFO - 2025-05-31 08:13:48 --> ✅ Processed: Muniyappan (16) - 2025-05-29 - Error (Present)
INFO - 2025-05-31 08:13:48 --> ✅ Processed: Gokul (17) - 2025-05-28 - 08:14 (Present)
INFO - 2025-05-31 08:13:48 --> ✅ Processed: Gokul (17) - 2025-05-29 - Error (Present)
INFO - 2025-05-31 08:13:48 --> ✅ Processed: Manisha V (1) - 2025-05-28 - 08:19 (Present)
INFO - 2025-05-31 08:13:48 --> ✅ Processed: Manisha V (1) - 2025-05-29 - 08:30 (Present)
INFO - 2025-05-31 08:13:48 --> ✅ Processed: Gnanamugilan (9) - 2025-05-28 - 08:14 (Present)
INFO - 2025-05-31 08:13:48 --> ✅ Processed: Gnanamugilan (9) - 2025-05-29 - Error (Present)
INFO - 2025-05-31 08:13:48 --> ✅ Processed: Arun (5) - 2025-05-28 - 07:54 (Present)
INFO - 2025-05-31 08:13:48 --> ✅ Processed: Arun (5) - 2025-05-29 - 08:41 (Present)
INFO - 2025-05-31 08:13:48 --> ✅ Processed: Magendiran (23) - 2025-05-28 - 08:12 (Present)
INFO - 2025-05-31 08:13:48 --> ✅ Processed: Magendiran (23) - 2025-05-29 - 08:36 (Present)
INFO - 2025-05-31 08:13:48 --> ✅ Processed: Kokila (45) - 2025-05-28 - Error (Present)
INFO - 2025-05-31 08:13:48 --> ✅ Processed: Kokila (45) - 2025-05-29 - 09:11 (Present)
INFO - 2025-05-31 08:13:48 --> ✅ Processed: Pugazh (48) - 2025-05-28 - Error (Present)
INFO - 2025-05-31 08:13:48 --> ✅ Processed: Pugazh (48) - 2025-05-29 - Error (Present)
INFO - 2025-05-31 08:13:48 --> ✅ Processed: Akshay (49) - 2025-05-28 - 07:53 (Present)
INFO - 2025-05-31 08:13:48 --> ✅ Processed: Akshay (49) - 2025-05-29 - Error (Present)
INFO - 2025-05-31 08:13:48 --> ✅ Processed: Bhagath (50) - 2025-05-28 - 07:53 (Present)
INFO - 2025-05-31 08:13:48 --> ✅ Processed: Bhagath (50) - 2025-05-29 - 06:56 (Permission)
DEBUG - 2025-05-31 08:13:48 --> User IP: ::1
DEBUG - 2025-05-31 08:13:48 --> Session: Class initialized using 'CodeIgniter\Session\Handlers\FileHandler' driver.
DEBUG - 2025-05-31 08:14:06 --> User IP: ::1
DEBUG - 2025-05-31 08:14:06 --> Session: Class initialized using 'CodeIgniter\Session\Handlers\FileHandler' driver.
DEBUG - 2025-05-31 08:15:15 --> User IP: ::1
INFO - 2025-05-31 08:15:45 --> ✅ Processed: Srimugan N (27) - 2025-05-28 - 08:39 (Present)
INFO - 2025-05-31 08:15:45 --> ✅ Processed: Srimugan N (27) - 2025-05-29 - Error (Present)
INFO - 2025-05-31 08:15:45 --> ✅ Processed: Vanitha (4) - 2025-05-28 - Error (Present)
INFO - 2025-05-31 08:15:45 --> ✅ Processed: Vanitha (4) - 2025-05-29 - 08:54 (Present)
INFO - 2025-05-31 08:15:45 --> ✅ Processed: Karthikeyan (13) - 2025-05-28 - 08:18 (Present)
INFO - 2025-05-31 08:15:45 --> ✅ Processed: Karthikeyan (13) - 2025-05-29 - Error (Present)
INFO - 2025-05-31 08:15:45 --> ✅ Processed: Muniyappan (16) - 2025-05-28 - 07:52 (Present)
INFO - 2025-05-31 08:15:45 --> ✅ Processed: Muniyappan (16) - 2025-05-29 - Error (Present)
INFO - 2025-05-31 08:15:45 --> ✅ Processed: Gokul (17) - 2025-05-28 - 08:14 (Present)
INFO - 2025-05-31 08:15:45 --> ✅ Processed: Gokul (17) - 2025-05-29 - Error (Present)
INFO - 2025-05-31 08:15:45 --> ✅ Processed: Manisha V (1) - 2025-05-28 - 08:19 (Present)
INFO - 2025-05-31 08:15:45 --> ✅ Processed: Manisha V (1) - 2025-05-29 - 08:30 (Present)
INFO - 2025-05-31 08:15:45 --> ✅ Processed: Gnanamugilan (9) - 2025-05-28 - 08:14 (Present)
INFO - 2025-05-31 08:15:45 --> ✅ Processed: Gnanamugilan (9) - 2025-05-29 - Error (Present)
INFO - 2025-05-31 08:15:45 --> ✅ Processed: Arun (5) - 2025-05-28 - 07:54 (Present)
INFO - 2025-05-31 08:15:45 --> ✅ Processed: Arun (5) - 2025-05-29 - 08:41 (Present)
INFO - 2025-05-31 08:15:45 --> ✅ Processed: Magendiran (23) - 2025-05-28 - 08:12 (Present)
INFO - 2025-05-31 08:15:45 --> ✅ Processed: Magendiran (23) - 2025-05-29 - 08:36 (Present)
INFO - 2025-05-31 08:15:45 --> ✅ Processed: Kokila (45) - 2025-05-28 - Error (Present)
INFO - 2025-05-31 08:15:45 --> ✅ Processed: Kokila (45) - 2025-05-29 - 09:11 (Present)
INFO - 2025-05-31 08:15:45 --> ✅ Processed: Pugazh (48) - 2025-05-28 - Error (Present)
INFO - 2025-05-31 08:15:45 --> ✅ Processed: Pugazh (48) - 2025-05-29 - Error (Present)
INFO - 2025-05-31 08:15:45 --> ✅ Processed: Akshay (49) - 2025-05-28 - 07:53 (Present)
INFO - 2025-05-31 08:15:45 --> ✅ Processed: Akshay (49) - 2025-05-29 - Error (Present)
INFO - 2025-05-31 08:15:45 --> ✅ Processed: Bhagath (50) - 2025-05-28 - 07:53 (Present)
INFO - 2025-05-31 08:15:45 --> ✅ Processed: Bhagath (50) - 2025-05-29 - 06:56 (Permission)
DEBUG - 2025-05-31 08:15:46 --> User IP: ::1
DEBUG - 2025-05-31 08:15:46 --> Session: Class initialized using 'CodeIgniter\Session\Handlers\FileHandler' driver.
DEBUG - 2025-05-31 08:20:25 --> User IP: ::1
DEBUG - 2025-05-31 08:20:25 --> Session: Class initialized using 'CodeIgniter\Session\Handlers\FileHandler' driver.
DEBUG - 2025-05-31 08:20:32 --> User IP: ::1
DEBUG - 2025-05-31 08:20:32 --> Session: Class initialized using 'CodeIgniter\Session\Handlers\FileHandler' driver.
DEBUG - 2025-05-31 08:20:41 --> User IP: ::1
INFO - 2025-05-31 08:21:17 --> ✅ Processed: Srimugan N (27) - 2025-05-28 - 08:39 (Present)
INFO - 2025-05-31 08:21:17 --> ✅ Processed: Srimugan N (27) - 2025-05-29 - Error (Present)
INFO - 2025-05-31 08:21:17 --> ✅ Processed: Vanitha (4) - 2025-05-28 - Error (Present)
INFO - 2025-05-31 08:21:17 --> ✅ Processed: Vanitha (4) - 2025-05-29 - 08:54 (Present)
INFO - 2025-05-31 08:21:17 --> ✅ Processed: Karthikeyan (13) - 2025-05-28 - 08:18 (Present)
INFO - 2025-05-31 08:21:17 --> ✅ Processed: Karthikeyan (13) - 2025-05-29 - Error (Present)
INFO - 2025-05-31 08:21:17 --> ✅ Processed: Muniyappan (16) - 2025-05-28 - 07:52 (Present)
INFO - 2025-05-31 08:21:17 --> ✅ Processed: Muniyappan (16) - 2025-05-29 - Error (Present)
INFO - 2025-05-31 08:21:17 --> ✅ Processed: Gokul (17) - 2025-05-28 - 08:14 (Present)
INFO - 2025-05-31 08:21:17 --> ✅ Processed: Gokul (17) - 2025-05-29 - Error (Present)
INFO - 2025-05-31 08:21:17 --> ✅ Processed: Manisha V (1) - 2025-05-28 - 08:19 (Present)
INFO - 2025-05-31 08:21:17 --> ✅ Processed: Manisha V (1) - 2025-05-29 - 08:30 (Present)
INFO - 2025-05-31 08:21:17 --> ✅ Processed: Gnanamugilan (9) - 2025-05-28 - 08:14 (Present)
INFO - 2025-05-31 08:21:17 --> ✅ Processed: Gnanamugilan (9) - 2025-05-29 - Error (Present)
INFO - 2025-05-31 08:21:17 --> ✅ Processed: Arun (5) - 2025-05-28 - 07:54 (Present)
INFO - 2025-05-31 08:21:18 --> ✅ Processed: Arun (5) - 2025-05-29 - 08:41 (Present)
INFO - 2025-05-31 08:21:18 --> ✅ Processed: Magendiran (23) - 2025-05-28 - 08:12 (Present)
INFO - 2025-05-31 08:21:18 --> ✅ Processed: Magendiran (23) - 2025-05-29 - 08:36 (Present)
INFO - 2025-05-31 08:21:18 --> ✅ Processed: Kokila (45) - 2025-05-28 - Error (Present)
INFO - 2025-05-31 08:21:18 --> ✅ Processed: Kokila (45) - 2025-05-29 - 09:11 (Present)
INFO - 2025-05-31 08:21:18 --> ✅ Processed: Pugazh (48) - 2025-05-28 - Error (Present)
INFO - 2025-05-31 08:21:18 --> ✅ Processed: Pugazh (48) - 2025-05-29 - Error (Present)
INFO - 2025-05-31 08:21:18 --> ✅ Processed: Akshay (49) - 2025-05-28 - 07:53 (Present)
INFO - 2025-05-31 08:21:18 --> ✅ Processed: Akshay (49) - 2025-05-29 - Error (Present)
INFO - 2025-05-31 08:21:18 --> ✅ Processed: Bhagath (50) - 2025-05-28 - 07:53 (Present)
INFO - 2025-05-31 08:21:18 --> ✅ Processed: Bhagath (50) - 2025-05-29 - 06:56 (Permission)
DEBUG - 2025-05-31 08:21:18 --> User IP: ::1
DEBUG - 2025-05-31 08:21:18 --> Session: Class initialized using 'CodeIgniter\Session\Handlers\FileHandler' driver.
DEBUG - 2025-05-31 08:24:58 --> User IP: ::1
CRITICAL - 2025-05-31 08:24:58 --> ArgumentCountError: Too few arguments to function App\Controllers\BiometricController::fetchLogs(), 0 passed in C:\xampp\htdocs\gighz\system\CodeIgniter.php on line 933 and exactly 2 expected
[Method: GET, Route: biometriccontroller/fetchLogs]
in APPPATH\Controllers\BiometricController.php on line 418.
 1 SYSTEMPATH\CodeIgniter.php(933): App\Controllers\BiometricController->fetchLogs()
 2 SYSTEMPATH\CodeIgniter.php(509): CodeIgniter\CodeIgniter->runController(Object(App\Controllers\BiometricController))
 3 SYSTEMPATH\CodeIgniter.php(355): CodeIgniter\CodeIgniter->handleRequest(null, Object(Config\Cache), false)
 4 SYSTEMPATH\Boot.php(334): CodeIgniter\CodeIgniter->run()
 5 SYSTEMPATH\Boot.php(67): CodeIgniter\Boot::runCodeIgniter(Object(CodeIgniter\CodeIgniter))
 6 FCPATH\index.php(56): CodeIgniter\Boot::bootWeb(Object(Config\Paths))
 7 SYSTEMPATH\rewrite.php(44): require_once('C:\\xampp\\htdocs\\gighz\\public\\index.php')
DEBUG - 2025-05-31 08:25:27 --> User IP: ::1
DEBUG - 2025-05-31 08:26:39 --> User IP: ::1
DEBUG - 2025-05-31 08:27:09 --> User IP: ::1
DEBUG - 2025-05-31 08:27:09 --> Session: Class initialized using 'CodeIgniter\Session\Handlers\FileHandler' driver.
DEBUG - 2025-05-31 08:27:19 --> User IP: ::1
DEBUG - 2025-05-31 08:27:49 --> User IP: ::1
DEBUG - 2025-05-31 08:27:49 --> Session: Class initialized using 'CodeIgniter\Session\Handlers\FileHandler' driver.
DEBUG - 2025-05-31 08:28:00 --> User IP: ::1
DEBUG - 2025-05-31 08:28:00 --> Session: Class initialized using 'CodeIgniter\Session\Handlers\FileHandler' driver.
DEBUG - 2025-05-31 08:28:12 --> User IP: ::1
INFO - 2025-05-31 08:28:41 --> ✅ Processed: Srimugan N (27) - 2025-05-28 - 08:39 (Present)
INFO - 2025-05-31 08:28:41 --> ✅ Processed: Srimugan N (27) - 2025-05-29 - Error (Present)
INFO - 2025-05-31 08:28:41 --> ✅ Processed: Chakravarthy (3) - 2025-05-28 - Error (Present)
INFO - 2025-05-31 08:28:41 --> ✅ Processed: Chakravarthy (3) - 2025-05-29 - 10:34 (Present)
INFO - 2025-05-31 08:28:41 --> ✅ Processed: Vanitha (4) - 2025-05-28 - Error (Present)
INFO - 2025-05-31 08:28:41 --> ✅ Processed: Vanitha (4) - 2025-05-29 - 08:54 (Present)
INFO - 2025-05-31 08:28:41 --> ✅ Processed: Balu (8) - 2025-05-28 - Error (Present)
INFO - 2025-05-31 08:28:41 --> ✅ Processed: Balu (8) - 2025-05-29 - 10:33 (Present)
INFO - 2025-05-31 08:28:41 --> ✅ Processed: Karthikeyan (13) - 2025-05-28 - 08:18 (Present)
INFO - 2025-05-31 08:28:41 --> ✅ Processed: Karthikeyan (13) - 2025-05-29 - Error (Present)
INFO - 2025-05-31 08:28:41 --> ✅ Processed: Muniyappan (16) - 2025-05-28 - 07:52 (Present)
INFO - 2025-05-31 08:28:41 --> ✅ Processed: Muniyappan (16) - 2025-05-29 - Error (Present)
INFO - 2025-05-31 08:28:41 --> ✅ Processed: Gokul (17) - 2025-05-28 - 08:14 (Present)
INFO - 2025-05-31 08:28:41 --> ✅ Processed: Gokul (17) - 2025-05-29 - Error (Present)
INFO - 2025-05-31 08:28:41 --> ✅ Processed: Manisha V (1) - 2025-05-28 - 08:19 (Present)
INFO - 2025-05-31 08:28:41 --> ✅ Processed: Manisha V (1) - 2025-05-29 - 08:30 (Present)
INFO - 2025-05-31 08:28:41 --> ✅ Processed: Gnanamugilan (9) - 2025-05-28 - 08:14 (Present)
INFO - 2025-05-31 08:28:41 --> ✅ Processed: Gnanamugilan (9) - 2025-05-29 - Error (Present)
INFO - 2025-05-31 08:28:41 --> ✅ Processed: Arun (5) - 2025-05-28 - 07:54 (Present)
INFO - 2025-05-31 08:28:41 --> ✅ Processed: Arun (5) - 2025-05-29 - 08:41 (Present)
INFO - 2025-05-31 08:28:41 --> ✅ Processed: Magendiran (23) - 2025-05-28 - 08:12 (Present)
INFO - 2025-05-31 08:28:41 --> ✅ Processed: Magendiran (23) - 2025-05-29 - 08:36 (Present)
INFO - 2025-05-31 08:28:41 --> ✅ Processed: Kokila (45) - 2025-05-28 - Error (Present)
INFO - 2025-05-31 08:28:41 --> ✅ Processed: Kokila (45) - 2025-05-29 - 09:11 (Present)
INFO - 2025-05-31 08:28:41 --> ✅ Processed: Pugazh (48) - 2025-05-28 - Error (Present)
INFO - 2025-05-31 08:28:41 --> ✅ Processed: Pugazh (48) - 2025-05-29 - Error (Present)
INFO - 2025-05-31 08:28:41 --> ✅ Processed: Akshay (49) - 2025-05-28 - 07:53 (Present)
INFO - 2025-05-31 08:28:41 --> ✅ Processed: Akshay (49) - 2025-05-29 - Error (Present)
INFO - 2025-05-31 08:28:41 --> ✅ Processed: Bhagath (50) - 2025-05-28 - 07:53 (Present)
INFO - 2025-05-31 08:28:41 --> ✅ Processed: Bhagath (50) - 2025-05-29 - 06:56 (Permission)
DEBUG - 2025-05-31 08:28:42 --> User IP: ::1
DEBUG - 2025-05-31 08:28:42 --> Session: Class initialized using 'CodeIgniter\Session\Handlers\FileHandler' driver.
DEBUG - 2025-05-31 08:46:50 --> User IP: ::1
ERROR - 2025-05-31 08:46:50 --> mysqli_sql_exception: You have an error in your SQL syntax; check the manual that corresponds to your MySQL server version for the right syntax to use near 'IS NULL
AND DATE(timestamp) < IS NULL' at line 3 in C:\xampp\htdocs\gighz\system\Database\MySQLi\Connection.php:312
Stack trace:
#0 C:\xampp\htdocs\gighz\system\Database\MySQLi\Connection.php(312): mysqli->query('SELECT `id`\nFRO...', 0)
#1 C:\xampp\htdocs\gighz\system\Database\BaseConnection.php(734): CodeIgniter\Database\MySQLi\Connection->execute('SELECT `id`\nFRO...')
#2 C:\xampp\htdocs\gighz\system\Database\BaseConnection.php(648): CodeIgniter\Database\BaseConnection->simpleQuery('SELECT `id`\nFRO...')
#3 C:\xampp\htdocs\gighz\system\Database\BaseBuilder.php(1644): CodeIgniter\Database\BaseConnection->query('SELECT `id`\nFRO...', Array, false)
#4 C:\xampp\htdocs\gighz\system\Model.php(286): CodeIgniter\Database\BaseBuilder->get()
#5 C:\xampp\htdocs\gighz\system\BaseModel.php(675): CodeIgniter\Model->doFindAll(0, 0)
#6 C:\xampp\htdocs\gighz\app\Controllers\BiometricController.php(429): CodeIgniter\BaseModel->findAll()
#7 C:\xampp\htdocs\gighz\app\Controllers\BiometricController.php(408): App\Controllers\BiometricController->fetchLogs(NULL, NULL)
#8 C:\xampp\htdocs\gighz\system\CodeIgniter.php(933): App\Controllers\BiometricController->refreachBimetric()
#9 C:\xampp\htdocs\gighz\system\CodeIgniter.php(509): CodeIgniter\CodeIgniter->runController(Object(App\Controllers\BiometricController))
#10 C:\xampp\htdocs\gighz\system\CodeIgniter.php(355): CodeIgniter\CodeIgniter->handleRequest(NULL, Object(Config\Cache), false)
#11 C:\xampp\htdocs\gighz\system\Boot.php(334): CodeIgniter\CodeIgniter->run()
#12 C:\xampp\htdocs\gighz\system\Boot.php(67): CodeIgniter\Boot::runCodeIgniter(Object(CodeIgniter\CodeIgniter))
#13 C:\xampp\htdocs\gighz\public\index.php(56): CodeIgniter\Boot::bootWeb(Object(Config\Paths))
#14 C:\xampp\htdocs\gighz\system\rewrite.php(44): require_once('C:\\xampp\\htdocs...')
#15 {main}
CRITICAL - 2025-05-31 08:46:50 --> CodeIgniter\Database\Exceptions\DatabaseException: You have an error in your SQL syntax; check the manual that corresponds to your MySQL server version for the right syntax to use near 'IS NULL
AND DATE(timestamp) < IS NULL' at line 3
[Method: GET, Route: biometriccontroller/refreachBimetric]
in SYSTEMPATH\Database\BaseConnection.php on line 688.
 1 SYSTEMPATH\Database\BaseBuilder.php(1644): CodeIgniter\Database\BaseConnection->query('SELECT `id`
FROM `attendance_logs`
WHERE DATE(timestamp) > IS NULL
AND DATE(timestamp) < IS NULL', [], false)
 2 SYSTEMPATH\Model.php(286): CodeIgniter\Database\BaseBuilder->get()
 3 SYSTEMPATH\BaseModel.php(675): CodeIgniter\Model->doFindAll(0, 0)
 4 APPPATH\Controllers\BiometricController.php(429): CodeIgniter\BaseModel->findAll()
 5 APPPATH\Controllers\BiometricController.php(408): App\Controllers\BiometricController->fetchLogs(null, null)
 6 SYSTEMPATH\CodeIgniter.php(933): App\Controllers\BiometricController->refreachBimetric()
 7 SYSTEMPATH\CodeIgniter.php(509): CodeIgniter\CodeIgniter->runController(Object(App\Controllers\BiometricController))
 8 SYSTEMPATH\CodeIgniter.php(355): CodeIgniter\CodeIgniter->handleRequest(null, Object(Config\Cache), false)
 9 SYSTEMPATH\Boot.php(334): CodeIgniter\CodeIgniter->run()
10 SYSTEMPATH\Boot.php(67): CodeIgniter\Boot::runCodeIgniter(Object(CodeIgniter\CodeIgniter))
11 FCPATH\index.php(56): CodeIgniter\Boot::bootWeb(Object(Config\Paths))
12 SYSTEMPATH\rewrite.php(44): require_once('C:\\xampp\\htdocs\\gighz\\public\\index.php')
CRITICAL - 2025-05-31 08:46:50 --> [Caused by] CodeIgniter\Database\Exceptions\DatabaseException: You have an error in your SQL syntax; check the manual that corresponds to your MySQL server version for the right syntax to use near 'IS NULL
AND DATE(timestamp) < IS NULL' at line 3
in SYSTEMPATH\Database\MySQLi\Connection.php on line 317.
 1 SYSTEMPATH\Database\BaseConnection.php(734): CodeIgniter\Database\MySQLi\Connection->execute('SELECT `id`
FROM `attendance_logs`
WHERE DATE(timestamp) > IS NULL
AND DATE(timestamp) < IS NULL')
 2 SYSTEMPATH\Database\BaseConnection.php(648): CodeIgniter\Database\BaseConnection->simpleQuery('SELECT `id`
FROM `attendance_logs`
WHERE DATE(timestamp) > IS NULL
AND DATE(timestamp) < IS NULL')
 3 SYSTEMPATH\Database\BaseBuilder.php(1644): CodeIgniter\Database\BaseConnection->query('SELECT `id`
FROM `attendance_logs`
WHERE DATE(timestamp) > IS NULL
AND DATE(timestamp) < IS NULL', [], false)
 4 SYSTEMPATH\Model.php(286): CodeIgniter\Database\BaseBuilder->get()
 5 SYSTEMPATH\BaseModel.php(675): CodeIgniter\Model->doFindAll(0, 0)
 6 APPPATH\Controllers\BiometricController.php(429): CodeIgniter\BaseModel->findAll()
 7 APPPATH\Controllers\BiometricController.php(408): App\Controllers\BiometricController->fetchLogs(null, null)
 8 SYSTEMPATH\CodeIgniter.php(933): App\Controllers\BiometricController->refreachBimetric()
 9 SYSTEMPATH\CodeIgniter.php(509): CodeIgniter\CodeIgniter->runController(Object(App\Controllers\BiometricController))
10 SYSTEMPATH\CodeIgniter.php(355): CodeIgniter\CodeIgniter->handleRequest(null, Object(Config\Cache), false)
11 SYSTEMPATH\Boot.php(334): CodeIgniter\CodeIgniter->run()
12 SYSTEMPATH\Boot.php(67): CodeIgniter\Boot::runCodeIgniter(Object(CodeIgniter\CodeIgniter))
13 FCPATH\index.php(56): CodeIgniter\Boot::bootWeb(Object(Config\Paths))
14 SYSTEMPATH\rewrite.php(44): require_once('C:\\xampp\\htdocs\\gighz\\public\\index.php')
CRITICAL - 2025-05-31 08:46:50 --> [Caused by] mysqli_sql_exception: You have an error in your SQL syntax; check the manual that corresponds to your MySQL server version for the right syntax to use near 'IS NULL
AND DATE(timestamp) < IS NULL' at line 3
in SYSTEMPATH\Database\MySQLi\Connection.php on line 312.
 1 SYSTEMPATH\Database\MySQLi\Connection.php(312): mysqli->query('SELECT `id`
FROM `attendance_logs`
WHERE DATE(timestamp) > IS NULL
AND DATE(timestamp) < IS NULL', 0)
 2 SYSTEMPATH\Database\BaseConnection.php(734): CodeIgniter\Database\MySQLi\Connection->execute('SELECT `id`
FROM `attendance_logs`
WHERE DATE(timestamp) > IS NULL
AND DATE(timestamp) < IS NULL')
 3 SYSTEMPATH\Database\BaseConnection.php(648): CodeIgniter\Database\BaseConnection->simpleQuery('SELECT `id`
FROM `attendance_logs`
WHERE DATE(timestamp) > IS NULL
AND DATE(timestamp) < IS NULL')
 4 SYSTEMPATH\Database\BaseBuilder.php(1644): CodeIgniter\Database\BaseConnection->query('SELECT `id`
FROM `attendance_logs`
WHERE DATE(timestamp) > IS NULL
AND DATE(timestamp) < IS NULL', [], false)
 5 SYSTEMPATH\Model.php(286): CodeIgniter\Database\BaseBuilder->get()
 6 SYSTEMPATH\BaseModel.php(675): CodeIgniter\Model->doFindAll(0, 0)
 7 APPPATH\Controllers\BiometricController.php(429): CodeIgniter\BaseModel->findAll()
 8 APPPATH\Controllers\BiometricController.php(408): App\Controllers\BiometricController->fetchLogs(null, null)
 9 SYSTEMPATH\CodeIgniter.php(933): App\Controllers\BiometricController->refreachBimetric()
10 SYSTEMPATH\CodeIgniter.php(509): CodeIgniter\CodeIgniter->runController(Object(App\Controllers\BiometricController))
11 SYSTEMPATH\CodeIgniter.php(355): CodeIgniter\CodeIgniter->handleRequest(null, Object(Config\Cache), false)
12 SYSTEMPATH\Boot.php(334): CodeIgniter\CodeIgniter->run()
13 SYSTEMPATH\Boot.php(67): CodeIgniter\Boot::runCodeIgniter(Object(CodeIgniter\CodeIgniter))
14 FCPATH\index.php(56): CodeIgniter\Boot::bootWeb(Object(Config\Paths))
15 SYSTEMPATH\rewrite.php(44): require_once('C:\\xampp\\htdocs\\gighz\\public\\index.php')
DEBUG - 2025-05-31 08:48:49 --> User IP: ::1
INFO - 2025-05-31 08:49:19 --> ✅ Processed: Srimugan N (27) - 2025-05-30 - Error (Present)
INFO - 2025-05-31 08:49:19 --> ✅ Processed: Chakravarthy (3) - 2025-05-30 - 10:19 (Present)
INFO - 2025-05-31 08:49:19 --> ✅ Processed: Vanitha (4) - 2025-05-30 - 02:34 (Offday)
INFO - 2025-05-31 08:49:19 --> ✅ Processed: Balu (8) - 2025-05-30 - 10:20 (Present)
INFO - 2025-05-31 08:49:19 --> ✅ Processed: Karthikeyan (13) - 2025-05-30 - 08:26 (Present)
INFO - 2025-05-31 08:49:19 --> ✅ Processed: Muniyappan (16) - 2025-05-30 - 08:03 (Present)
INFO - 2025-05-31 08:49:19 --> ✅ Processed: Gokul (17) - 2025-05-30 - Error (Present)
INFO - 2025-05-31 08:49:19 --> ✅ Processed: Manisha V (1) - 2025-05-30 - Error (Present)
INFO - 2025-05-31 08:49:19 --> ✅ Processed: Gnanamugilan (9) - 2025-05-30 - 07:59 (Present)
INFO - 2025-05-31 08:49:19 --> ✅ Processed: Arun (5) - 2025-05-30 - 07:58 (Present)
INFO - 2025-05-31 08:49:19 --> ✅ Processed: Magendiran (23) - 2025-05-30 - 08:21 (Present)
INFO - 2025-05-31 08:49:19 --> ✅ Processed: Kokila (45) - 2025-05-30 - 08:34 (Present)
INFO - 2025-05-31 08:49:19 --> ✅ Processed: Pugazh (48) - 2025-05-30 - 00:00 (NA)
INFO - 2025-05-31 08:49:19 --> ✅ Processed: Akshay (49) - 2025-05-30 - 07:38 (Present)
INFO - 2025-05-31 08:49:19 --> ✅ Processed: Bhagath (50) - 2025-05-30 - Error (Present)
DEBUG - 2025-05-31 09:27:34 --> User IP: ::1
DEBUG - 2025-05-31 09:27:34 --> User ID: 1, Date: 2025-05-26
DEBUG - 2025-05-31 09:33:11 --> User IP: ::1
DEBUG - 2025-05-31 09:33:11 --> Session: Class initialized using 'CodeIgniter\Session\Handlers\FileHandler' driver.
DEBUG - 2025-05-31 09:33:13 --> User IP: ::1
DEBUG - 2025-05-31 09:33:13 --> User ID: 23, Date: 2025-05-28
DEBUG - 2025-05-31 09:33:17 --> User IP: ::1
DEBUG - 2025-05-31 09:33:17 --> User ID: 23, Date: 2025-05-29
DEBUG - 2025-05-31 09:34:01 --> User IP: ::1
DEBUG - 2025-05-31 09:34:01 --> Session: Class initialized using 'CodeIgniter\Session\Handlers\FileHandler' driver.
DEBUG - 2025-05-31 09:34:04 --> User IP: ::1
DEBUG - 2025-05-31 09:34:04 --> User ID: 45, Date: 2025-05-27
DEBUG - 2025-05-31 09:34:12 --> User IP: ::1
DEBUG - 2025-05-31 09:34:12 --> User ID: 45, Date: 2025-05-28
DEBUG - 2025-05-31 09:36:16 --> User IP: ::1
DEBUG - 2025-05-31 09:36:16 --> Session: Class initialized using 'CodeIgniter\Session\Handlers\FileHandler' driver.
DEBUG - 2025-05-31 09:36:18 --> User IP: ::1
DEBUG - 2025-05-31 09:36:18 --> User ID: 49, Date: 2025-05-27
DEBUG - 2025-05-31 09:36:24 --> User IP: ::1
DEBUG - 2025-05-31 09:36:24 --> User ID: 49, Date: 2025-05-28
DEBUG - 2025-05-31 09:36:32 --> User IP: ::1
DEBUG - 2025-05-31 09:36:32 --> Session: Class initialized using 'CodeIgniter\Session\Handlers\FileHandler' driver.
DEBUG - 2025-05-31 09:36:33 --> User IP: ::1
DEBUG - 2025-05-31 09:36:33 --> User ID: 49, Date: 2025-05-27
DEBUG - 2025-05-31 09:36:37 --> User IP: ::1
DEBUG - 2025-05-31 09:36:37 --> User ID: 49, Date: 2025-05-28
DEBUG - 2025-05-31 09:37:09 --> User IP: ::1
DEBUG - 2025-05-31 09:37:09 --> Session: Class initialized using 'CodeIgniter\Session\Handlers\FileHandler' driver.
DEBUG - 2025-05-31 09:37:12 --> User IP: ::1
DEBUG - 2025-05-31 09:37:12 --> User ID: 48, Date: 2025-05-27
DEBUG - 2025-05-31 09:37:15 --> User IP: ::1
DEBUG - 2025-05-31 09:37:15 --> User ID: 48, Date: 2025-05-28
DEBUG - 2025-05-31 09:37:35 --> User IP: ::1
DEBUG - 2025-05-31 09:37:35 --> Session: Class initialized using 'CodeIgniter\Session\Handlers\FileHandler' driver.
DEBUG - 2025-05-31 09:37:38 --> User IP: ::1
DEBUG - 2025-05-31 09:37:38 --> User ID: 48, Date: 2025-05-26
DEBUG - 2025-05-31 09:37:52 --> User IP: ::1
DEBUG - 2025-05-31 09:37:52 --> User ID: 48, Date: 2025-05-27
DEBUG - 2025-05-31 10:05:23 --> User IP: ::1
DEBUG - 2025-05-31 10:16:00 --> User IP: ::1
DEBUG - 2025-05-31 10:18:54 --> User IP: ::1
