DEBUG - 2025-08-22 04:08:25 --> Session: Class initialized using 'CodeIgniter\Session\Handlers\FileHandler' driver.
DEBUG - 2025-08-22 04:08:25 --> User IP: ::1
DEBUG - 2025-08-22 04:08:28 --> Session: Class initialized using 'CodeIgniter\Session\Handlers\FileHandler' driver.
DEBUG - 2025-08-22 04:08:28 --> User IP: ::1
DEBUG - 2025-08-22 04:08:28 --> Session: Class initialized using 'CodeIgniter\Session\Handlers\FileHandler' driver.
DEBUG - 2025-08-22 04:08:28 --> User IP: ::1
DEBUG - 2025-08-22 04:10:22 --> Session: Class initialized using 'CodeIgniter\Session\Handlers\FileHandler' driver.
DEBUG - 2025-08-22 04:10:22 --> User IP: ::1
DEBUG - 2025-08-22 04:10:22 --> Session: Class initialized using 'CodeIgniter\Session\Handlers\FileHandler' driver.
DEBUG - 2025-08-22 04:10:22 --> User IP: ::1
DEBUG - 2025-08-22 04:13:20 --> Session: Class initialized using 'CodeIgniter\Session\Handlers\FileHandler' driver.
DEBUG - 2025-08-22 04:13:20 --> User IP: ::1
DEBUG - 2025-08-22 04:13:21 --> Session: Class initialized using 'CodeIgniter\Session\Handlers\FileHandler' driver.
DEBUG - 2025-08-22 04:13:21 --> User IP: ::1
DEBUG - 2025-08-22 04:17:26 --> Session: Class initialized using 'CodeIgniter\Session\Handlers\FileHandler' driver.
DEBUG - 2025-08-22 04:17:26 --> User IP: ::1
DEBUG - 2025-08-22 04:48:30 --> Session: Class initialized using 'CodeIgniter\Session\Handlers\FileHandler' driver.
DEBUG - 2025-08-22 04:48:30 --> User IP: ::1
DEBUG - 2025-08-22 04:49:00 --> Session: Class initialized using 'CodeIgniter\Session\Handlers\FileHandler' driver.
DEBUG - 2025-08-22 04:49:00 --> User IP: ::1
DEBUG - 2025-08-22 04:49:03 --> Session: Class initialized using 'CodeIgniter\Session\Handlers\FileHandler' driver.
DEBUG - 2025-08-22 04:49:03 --> User IP: ::1
DEBUG - 2025-08-22 04:49:23 --> Session: Class initialized using 'CodeIgniter\Session\Handlers\FileHandler' driver.
DEBUG - 2025-08-22 04:49:23 --> User IP: ::1
DEBUG - 2025-08-22 04:49:37 --> Session: Class initialized using 'CodeIgniter\Session\Handlers\FileHandler' driver.
DEBUG - 2025-08-22 04:49:37 --> User IP: ::1
DEBUG - 2025-08-22 04:57:45 --> Session: Class initialized using 'CodeIgniter\Session\Handlers\FileHandler' driver.
DEBUG - 2025-08-22 04:57:45 --> User IP: ::1
DEBUG - 2025-08-22 04:57:45 --> Session: Class initialized using 'CodeIgniter\Session\Handlers\FileHandler' driver.
DEBUG - 2025-08-22 04:57:45 --> User IP: ::1
DEBUG - 2025-08-22 05:00:21 --> Session: Class initialized using 'CodeIgniter\Session\Handlers\FileHandler' driver.
DEBUG - 2025-08-22 05:00:21 --> User IP: ::1
DEBUG - 2025-08-22 05:00:22 --> Session: Class initialized using 'CodeIgniter\Session\Handlers\FileHandler' driver.
DEBUG - 2025-08-22 05:00:22 --> User IP: ::1
DEBUG - 2025-08-22 05:00:28 --> Session: Class initialized using 'CodeIgniter\Session\Handlers\FileHandler' driver.
DEBUG - 2025-08-22 05:00:28 --> User IP: ::1
DEBUG - 2025-08-22 05:00:41 --> Session: Class initialized using 'CodeIgniter\Session\Handlers\FileHandler' driver.
DEBUG - 2025-08-22 05:00:41 --> User IP: ::1
DEBUG - 2025-08-22 05:01:01 --> Session: Class initialized using 'CodeIgniter\Session\Handlers\FileHandler' driver.
DEBUG - 2025-08-22 05:01:01 --> User IP: ::1
DEBUG - 2025-08-22 05:01:01 --> Session: Class initialized using 'CodeIgniter\Session\Handlers\FileHandler' driver.
DEBUG - 2025-08-22 05:01:01 --> User IP: ::1
DEBUG - 2025-08-22 05:01:20 --> Session: Class initialized using 'CodeIgniter\Session\Handlers\FileHandler' driver.
DEBUG - 2025-08-22 05:01:20 --> User IP: ::1
DEBUG - 2025-08-22 05:01:20 --> Session: Class initialized using 'CodeIgniter\Session\Handlers\FileHandler' driver.
DEBUG - 2025-08-22 05:01:20 --> User IP: ::1
DEBUG - 2025-08-22 05:01:24 --> Session: Class initialized using 'CodeIgniter\Session\Handlers\FileHandler' driver.
DEBUG - 2025-08-22 05:01:24 --> User IP: ::1
DEBUG - 2025-08-22 05:01:39 --> Session: Class initialized using 'CodeIgniter\Session\Handlers\FileHandler' driver.
DEBUG - 2025-08-22 05:01:39 --> User IP: ::1
DEBUG - 2025-08-22 05:01:53 --> Session: Class initialized using 'CodeIgniter\Session\Handlers\FileHandler' driver.
DEBUG - 2025-08-22 05:01:53 --> User IP: ::1
DEBUG - 2025-08-22 05:02:03 --> Session: Class initialized using 'CodeIgniter\Session\Handlers\FileHandler' driver.
DEBUG - 2025-08-22 05:02:03 --> User IP: ::1
DEBUG - 2025-08-22 05:02:04 --> Session: Class initialized using 'CodeIgniter\Session\Handlers\FileHandler' driver.
DEBUG - 2025-08-22 05:02:04 --> User IP: ::1
DEBUG - 2025-08-22 05:02:04 --> Session: Class initialized using 'CodeIgniter\Session\Handlers\FileHandler' driver.
DEBUG - 2025-08-22 05:02:04 --> User IP: ::1
DEBUG - 2025-08-22 05:02:23 --> Session: Class initialized using 'CodeIgniter\Session\Handlers\FileHandler' driver.
DEBUG - 2025-08-22 05:02:23 --> User IP: ::1
DEBUG - 2025-08-22 05:02:33 --> Session: Class initialized using 'CodeIgniter\Session\Handlers\FileHandler' driver.
DEBUG - 2025-08-22 05:02:33 --> User IP: ::1
DEBUG - 2025-08-22 05:02:50 --> Session: Class initialized using 'CodeIgniter\Session\Handlers\FileHandler' driver.
DEBUG - 2025-08-22 05:02:50 --> User IP: ::1
DEBUG - 2025-08-22 05:15:11 --> Session: Class initialized using 'CodeIgniter\Session\Handlers\FileHandler' driver.
DEBUG - 2025-08-22 05:15:11 --> User IP: ::1
DEBUG - 2025-08-22 05:15:17 --> Session: Class initialized using 'CodeIgniter\Session\Handlers\FileHandler' driver.
DEBUG - 2025-08-22 05:15:17 --> User IP: ::1
DEBUG - 2025-08-22 05:15:32 --> Session: Class initialized using 'CodeIgniter\Session\Handlers\FileHandler' driver.
DEBUG - 2025-08-22 05:15:32 --> User IP: ::1
DEBUG - 2025-08-22 05:15:35 --> Session: Class initialized using 'CodeIgniter\Session\Handlers\FileHandler' driver.
DEBUG - 2025-08-22 05:15:35 --> User IP: ::1
DEBUG - 2025-08-22 05:15:47 --> Session: Class initialized using 'CodeIgniter\Session\Handlers\FileHandler' driver.
DEBUG - 2025-08-22 05:15:47 --> User IP: ::1
CRITICAL - 2025-08-22 05:15:47 --> ErrorException: Undefined array key 0
[Method: POST, Route: hrms/sendofferletter]
in APPPATH\Controllers\Hrms.php on line 507.
 1 APPPATH\Controllers\Hrms.php(507): CodeIgniter\Debug\Exceptions->errorHandler(2, 'Undefined array key 0', 'C:\\xampp\\htdocs\\ems\\app\\Controllers\\Hrms.php', 507)
 2 SYSTEMPATH\CodeIgniter.php(933): App\Controllers\Hrms->sendofferletter()
 3 SYSTEMPATH\CodeIgniter.php(509): CodeIgniter\CodeIgniter->runController(Object(App\Controllers\Hrms))
 4 SYSTEMPATH\CodeIgniter.php(355): CodeIgniter\CodeIgniter->handleRequest(null, Object(Config\Cache), false)
 5 SYSTEMPATH\Boot.php(334): CodeIgniter\CodeIgniter->run()
 6 SYSTEMPATH\Boot.php(67): CodeIgniter\Boot::runCodeIgniter(Object(CodeIgniter\CodeIgniter))
 7 FCPATH\index.php(56): CodeIgniter\Boot::bootWeb(Object(Config\Paths))
DEBUG - 2025-08-22 05:16:55 --> Session: Class initialized using 'CodeIgniter\Session\Handlers\FileHandler' driver.
DEBUG - 2025-08-22 05:16:55 --> User IP: ::1
DEBUG - 2025-08-22 05:17:02 --> Session: Class initialized using 'CodeIgniter\Session\Handlers\FileHandler' driver.
DEBUG - 2025-08-22 05:17:02 --> User IP: ::1
DEBUG - 2025-08-22 05:17:09 --> Session: Class initialized using 'CodeIgniter\Session\Handlers\FileHandler' driver.
DEBUG - 2025-08-22 05:17:09 --> User IP: ::1
DEBUG - 2025-08-22 05:17:12 --> Session: Class initialized using 'CodeIgniter\Session\Handlers\FileHandler' driver.
DEBUG - 2025-08-22 05:17:12 --> User IP: ::1
DEBUG - 2025-08-22 05:17:23 --> Session: Class initialized using 'CodeIgniter\Session\Handlers\FileHandler' driver.
DEBUG - 2025-08-22 05:17:23 --> User IP: ::1
CRITICAL - 2025-08-22 05:17:23 --> ErrorException: Undefined array key 0
[Method: POST, Route: hrms/sendofferletter]
in APPPATH\Controllers\Hrms.php on line 509.
 1 APPPATH\Controllers\Hrms.php(509): CodeIgniter\Debug\Exceptions->errorHandler(2, 'Undefined array key 0', 'C:\\xampp\\htdocs\\ems\\app\\Controllers\\Hrms.php', 509)
 2 SYSTEMPATH\CodeIgniter.php(933): App\Controllers\Hrms->sendofferletter()
 3 SYSTEMPATH\CodeIgniter.php(509): CodeIgniter\CodeIgniter->runController(Object(App\Controllers\Hrms))
 4 SYSTEMPATH\CodeIgniter.php(355): CodeIgniter\CodeIgniter->handleRequest(null, Object(Config\Cache), false)
 5 SYSTEMPATH\Boot.php(334): CodeIgniter\CodeIgniter->run()
 6 SYSTEMPATH\Boot.php(67): CodeIgniter\Boot::runCodeIgniter(Object(CodeIgniter\CodeIgniter))
 7 FCPATH\index.php(56): CodeIgniter\Boot::bootWeb(Object(Config\Paths))
DEBUG - 2025-08-22 05:18:10 --> Session: Class initialized using 'CodeIgniter\Session\Handlers\FileHandler' driver.
DEBUG - 2025-08-22 05:18:10 --> User IP: ::1
DEBUG - 2025-08-22 05:18:30 --> Session: Class initialized using 'CodeIgniter\Session\Handlers\FileHandler' driver.
DEBUG - 2025-08-22 05:18:30 --> User IP: ::1
DEBUG - 2025-08-22 05:34:51 --> Session: Class initialized using 'CodeIgniter\Session\Handlers\FileHandler' driver.
DEBUG - 2025-08-22 05:34:51 --> User IP: ::1
DEBUG - 2025-08-22 05:34:56 --> Session: Class initialized using 'CodeIgniter\Session\Handlers\FileHandler' driver.
DEBUG - 2025-08-22 05:34:56 --> User IP: ::1
DEBUG - 2025-08-22 05:35:19 --> Session: Class initialized using 'CodeIgniter\Session\Handlers\FileHandler' driver.
DEBUG - 2025-08-22 05:35:19 --> User IP: ::1
DEBUG - 2025-08-22 05:35:37 --> Session: Class initialized using 'CodeIgniter\Session\Handlers\FileHandler' driver.
DEBUG - 2025-08-22 05:35:37 --> User IP: ::1
CRITICAL - 2025-08-22 05:35:37 --> ErrorException: Undefined array key 0
[Method: POST, Route: hrms/sendofferletter]
in APPPATH\Controllers\Hrms.php on line 510.
 1 APPPATH\Controllers\Hrms.php(510): CodeIgniter\Debug\Exceptions->errorHandler(2, 'Undefined array key 0', 'C:\\xampp\\htdocs\\ems\\app\\Controllers\\Hrms.php', 510)
 2 SYSTEMPATH\CodeIgniter.php(933): App\Controllers\Hrms->sendofferletter()
 3 SYSTEMPATH\CodeIgniter.php(509): CodeIgniter\CodeIgniter->runController(Object(App\Controllers\Hrms))
 4 SYSTEMPATH\CodeIgniter.php(355): CodeIgniter\CodeIgniter->handleRequest(null, Object(Config\Cache), false)
 5 SYSTEMPATH\Boot.php(334): CodeIgniter\CodeIgniter->run()
 6 SYSTEMPATH\Boot.php(67): CodeIgniter\Boot::runCodeIgniter(Object(CodeIgniter\CodeIgniter))
 7 FCPATH\index.php(56): CodeIgniter\Boot::bootWeb(Object(Config\Paths))
DEBUG - 2025-08-22 05:38:21 --> Session: Class initialized using 'CodeIgniter\Session\Handlers\FileHandler' driver.
DEBUG - 2025-08-22 05:38:21 --> User IP: ::1
DEBUG - 2025-08-22 05:38:32 --> Session: Class initialized using 'CodeIgniter\Session\Handlers\FileHandler' driver.
DEBUG - 2025-08-22 05:38:32 --> User IP: ::1
DEBUG - 2025-08-22 05:38:38 --> Session: Class initialized using 'CodeIgniter\Session\Handlers\FileHandler' driver.
DEBUG - 2025-08-22 05:38:38 --> User IP: ::1
DEBUG - 2025-08-22 05:38:41 --> Session: Class initialized using 'CodeIgniter\Session\Handlers\FileHandler' driver.
DEBUG - 2025-08-22 05:38:41 --> User IP: ::1
DEBUG - 2025-08-22 05:38:53 --> Session: Class initialized using 'CodeIgniter\Session\Handlers\FileHandler' driver.
DEBUG - 2025-08-22 05:38:53 --> User IP: ::1
DEBUG - 2025-08-22 05:39:21 --> Session: Class initialized using 'CodeIgniter\Session\Handlers\FileHandler' driver.
DEBUG - 2025-08-22 05:39:21 --> User IP: ::1
DEBUG - 2025-08-22 05:39:24 --> Session: Class initialized using 'CodeIgniter\Session\Handlers\FileHandler' driver.
DEBUG - 2025-08-22 05:39:24 --> User IP: ::1
DEBUG - 2025-08-22 05:39:35 --> Session: Class initialized using 'CodeIgniter\Session\Handlers\FileHandler' driver.
DEBUG - 2025-08-22 05:39:35 --> User IP: ::1
DEBUG - 2025-08-22 05:41:09 --> Session: Class initialized using 'CodeIgniter\Session\Handlers\FileHandler' driver.
DEBUG - 2025-08-22 05:41:09 --> User IP: ::1
DEBUG - 2025-08-22 05:41:18 --> Session: Class initialized using 'CodeIgniter\Session\Handlers\FileHandler' driver.
DEBUG - 2025-08-22 05:41:18 --> User IP: ::1
DEBUG - 2025-08-22 05:41:24 --> Session: Class initialized using 'CodeIgniter\Session\Handlers\FileHandler' driver.
DEBUG - 2025-08-22 05:41:24 --> User IP: ::1
DEBUG - 2025-08-22 05:41:32 --> Session: Class initialized using 'CodeIgniter\Session\Handlers\FileHandler' driver.
DEBUG - 2025-08-22 05:41:32 --> User IP: ::1
DEBUG - 2025-08-22 05:41:44 --> Session: Class initialized using 'CodeIgniter\Session\Handlers\FileHandler' driver.
DEBUG - 2025-08-22 05:41:44 --> User IP: ::1
DEBUG - 2025-08-22 06:04:42 --> Session: Class initialized using 'CodeIgniter\Session\Handlers\FileHandler' driver.
DEBUG - 2025-08-22 06:04:42 --> User IP: ::1
DEBUG - 2025-08-22 06:04:57 --> Session: Class initialized using 'CodeIgniter\Session\Handlers\FileHandler' driver.
DEBUG - 2025-08-22 06:04:57 --> User IP: ::1
DEBUG - 2025-08-22 06:05:05 --> Session: Class initialized using 'CodeIgniter\Session\Handlers\FileHandler' driver.
DEBUG - 2025-08-22 06:05:05 --> User IP: ::1
DEBUG - 2025-08-22 06:05:09 --> Session: Class initialized using 'CodeIgniter\Session\Handlers\FileHandler' driver.
DEBUG - 2025-08-22 06:05:09 --> User IP: ::1
DEBUG - 2025-08-22 06:05:20 --> Session: Class initialized using 'CodeIgniter\Session\Handlers\FileHandler' driver.
DEBUG - 2025-08-22 06:05:20 --> User IP: ::1
DEBUG - 2025-08-22 06:05:23 --> Session: Class initialized using 'CodeIgniter\Session\Handlers\FileHandler' driver.
DEBUG - 2025-08-22 06:05:23 --> User IP: ::1
DEBUG - 2025-08-22 06:05:34 --> Session: Class initialized using 'CodeIgniter\Session\Handlers\FileHandler' driver.
DEBUG - 2025-08-22 06:05:34 --> User IP: ::1
DEBUG - 2025-08-22 06:05:45 --> Session: Class initialized using 'CodeIgniter\Session\Handlers\FileHandler' driver.
DEBUG - 2025-08-22 06:05:45 --> User IP: ::1
DEBUG - 2025-08-22 06:05:53 --> Session: Class initialized using 'CodeIgniter\Session\Handlers\FileHandler' driver.
DEBUG - 2025-08-22 06:05:53 --> User IP: ::1
DEBUG - 2025-08-22 06:05:59 --> Session: Class initialized using 'CodeIgniter\Session\Handlers\FileHandler' driver.
DEBUG - 2025-08-22 06:05:59 --> User IP: ::1
DEBUG - 2025-08-22 06:06:09 --> Session: Class initialized using 'CodeIgniter\Session\Handlers\FileHandler' driver.
DEBUG - 2025-08-22 06:06:09 --> User IP: ::1
DEBUG - 2025-08-22 06:07:48 --> Session: Class initialized using 'CodeIgniter\Session\Handlers\FileHandler' driver.
DEBUG - 2025-08-22 06:07:48 --> User IP: ::1
DEBUG - 2025-08-22 06:07:57 --> Session: Class initialized using 'CodeIgniter\Session\Handlers\FileHandler' driver.
DEBUG - 2025-08-22 06:07:57 --> User IP: ::1
DEBUG - 2025-08-22 06:08:06 --> Session: Class initialized using 'CodeIgniter\Session\Handlers\FileHandler' driver.
DEBUG - 2025-08-22 06:08:06 --> User IP: ::1
DEBUG - 2025-08-22 06:08:09 --> Session: Class initialized using 'CodeIgniter\Session\Handlers\FileHandler' driver.
DEBUG - 2025-08-22 06:08:09 --> User IP: ::1
DEBUG - 2025-08-22 06:08:17 --> Session: Class initialized using 'CodeIgniter\Session\Handlers\FileHandler' driver.
DEBUG - 2025-08-22 06:08:17 --> User IP: ::1
DEBUG - 2025-08-22 06:11:04 --> Session: Class initialized using 'CodeIgniter\Session\Handlers\FileHandler' driver.
DEBUG - 2025-08-22 06:11:04 --> User IP: ::1
DEBUG - 2025-08-22 06:11:20 --> Session: Class initialized using 'CodeIgniter\Session\Handlers\FileHandler' driver.
DEBUG - 2025-08-22 06:11:20 --> User IP: ::1
DEBUG - 2025-08-22 06:11:29 --> Session: Class initialized using 'CodeIgniter\Session\Handlers\FileHandler' driver.
DEBUG - 2025-08-22 06:11:29 --> User IP: ::1
DEBUG - 2025-08-22 06:11:32 --> Session: Class initialized using 'CodeIgniter\Session\Handlers\FileHandler' driver.
DEBUG - 2025-08-22 06:11:32 --> User IP: ::1
DEBUG - 2025-08-22 06:11:45 --> Session: Class initialized using 'CodeIgniter\Session\Handlers\FileHandler' driver.
DEBUG - 2025-08-22 06:11:45 --> User IP: ::1
DEBUG - 2025-08-22 06:12:06 --> Session: Class initialized using 'CodeIgniter\Session\Handlers\FileHandler' driver.
DEBUG - 2025-08-22 06:12:06 --> User IP: ::1
DEBUG - 2025-08-22 06:12:15 --> Session: Class initialized using 'CodeIgniter\Session\Handlers\FileHandler' driver.
DEBUG - 2025-08-22 06:12:15 --> User IP: ::1
DEBUG - 2025-08-22 06:12:27 --> Session: Class initialized using 'CodeIgniter\Session\Handlers\FileHandler' driver.
DEBUG - 2025-08-22 06:12:27 --> User IP: ::1
DEBUG - 2025-08-22 06:12:31 --> Session: Class initialized using 'CodeIgniter\Session\Handlers\FileHandler' driver.
DEBUG - 2025-08-22 06:12:31 --> User IP: ::1
DEBUG - 2025-08-22 06:12:50 --> Session: Class initialized using 'CodeIgniter\Session\Handlers\FileHandler' driver.
DEBUG - 2025-08-22 06:12:50 --> User IP: ::1
DEBUG - 2025-08-22 06:13:06 --> Session: Class initialized using 'CodeIgniter\Session\Handlers\FileHandler' driver.
DEBUG - 2025-08-22 06:13:06 --> User IP: ::1
DEBUG - 2025-08-22 06:13:56 --> Session: Class initialized using 'CodeIgniter\Session\Handlers\FileHandler' driver.
DEBUG - 2025-08-22 06:13:56 --> User IP: ::1
DEBUG - 2025-08-22 06:14:31 --> Session: Class initialized using 'CodeIgniter\Session\Handlers\FileHandler' driver.
DEBUG - 2025-08-22 06:14:31 --> User IP: ::1
DEBUG - 2025-08-22 06:14:31 --> Session: Class initialized using 'CodeIgniter\Session\Handlers\FileHandler' driver.
DEBUG - 2025-08-22 06:14:31 --> User IP: ::1
DEBUG - 2025-08-22 06:17:17 --> Session: Class initialized using 'CodeIgniter\Session\Handlers\FileHandler' driver.
DEBUG - 2025-08-22 06:17:17 --> User IP: ::1
DEBUG - 2025-08-22 06:28:01 --> Session: Class initialized using 'CodeIgniter\Session\Handlers\FileHandler' driver.
DEBUG - 2025-08-22 06:28:02 --> User IP: ::1
DEBUG - 2025-08-22 06:28:07 --> Session: Class initialized using 'CodeIgniter\Session\Handlers\FileHandler' driver.
DEBUG - 2025-08-22 06:28:07 --> User IP: ::1
DEBUG - 2025-08-22 06:28:10 --> Session: Class initialized using 'CodeIgniter\Session\Handlers\FileHandler' driver.
DEBUG - 2025-08-22 06:28:10 --> User IP: ::1
DEBUG - 2025-08-22 06:28:23 --> Session: Class initialized using 'CodeIgniter\Session\Handlers\FileHandler' driver.
DEBUG - 2025-08-22 06:28:23 --> User IP: ::1
DEBUG - 2025-08-22 06:28:26 --> Session: Class initialized using 'CodeIgniter\Session\Handlers\FileHandler' driver.
DEBUG - 2025-08-22 06:28:26 --> User IP: ::1
WARNING - 2025-08-22 06:28:26 --> [DEPRECATED] json_decode(): Passing null to parameter #1 ($json) of type string is deprecated in APPPATH\Controllers\Hrms.php on line 885.
 1 APPPATH\Controllers\Hrms.php(885): json_decode(null, true)
 2 SYSTEMPATH\CodeIgniter.php(933): App\Controllers\Hrms->getEmployeeDocs('GZ56')
 3 SYSTEMPATH\CodeIgniter.php(509): CodeIgniter\CodeIgniter->runController(Object(App\Controllers\Hrms))
 4 SYSTEMPATH\CodeIgniter.php(355): CodeIgniter\CodeIgniter->handleRequest(null, Object(Config\Cache), false)
 5 SYSTEMPATH\Boot.php(334): CodeIgniter\CodeIgniter->run()
 6 SYSTEMPATH\Boot.php(67): CodeIgniter\Boot::runCodeIgniter(Object(CodeIgniter\CodeIgniter))
 7 FCPATH\index.php(56): CodeIgniter\Boot::bootWeb(Object(Config\Paths))
DEBUG - 2025-08-22 06:29:38 --> Session: Class initialized using 'CodeIgniter\Session\Handlers\FileHandler' driver.
DEBUG - 2025-08-22 06:29:38 --> User IP: ::1
DEBUG - 2025-08-22 06:29:41 --> Session: Class initialized using 'CodeIgniter\Session\Handlers\FileHandler' driver.
DEBUG - 2025-08-22 06:29:41 --> User IP: ::1
DEBUG - 2025-08-22 06:29:44 --> Session: Class initialized using 'CodeIgniter\Session\Handlers\FileHandler' driver.
DEBUG - 2025-08-22 06:29:44 --> User IP: ::1
DEBUG - 2025-08-22 06:30:01 --> Session: Class initialized using 'CodeIgniter\Session\Handlers\FileHandler' driver.
DEBUG - 2025-08-22 06:30:01 --> User IP: ::1
DEBUG - 2025-08-22 06:30:01 --> Session: Class initialized using 'CodeIgniter\Session\Handlers\FileHandler' driver.
DEBUG - 2025-08-22 06:30:01 --> User IP: ::1
DEBUG - 2025-08-22 06:30:01 --> Session: Class initialized using 'CodeIgniter\Session\Handlers\FileHandler' driver.
DEBUG - 2025-08-22 06:30:01 --> User IP: ::1
DEBUG - 2025-08-22 06:36:41 --> Session: Class initialized using 'CodeIgniter\Session\Handlers\FileHandler' driver.
DEBUG - 2025-08-22 06:36:41 --> User IP: ::1
DEBUG - 2025-08-22 06:38:13 --> Session: Class initialized using 'CodeIgniter\Session\Handlers\FileHandler' driver.
DEBUG - 2025-08-22 06:38:13 --> User IP: ::1
DEBUG - 2025-08-22 06:38:20 --> Session: Class initialized using 'CodeIgniter\Session\Handlers\FileHandler' driver.
DEBUG - 2025-08-22 06:38:20 --> User IP: ::1
DEBUG - 2025-08-22 06:38:22 --> Session: Class initialized using 'CodeIgniter\Session\Handlers\FileHandler' driver.
DEBUG - 2025-08-22 06:38:22 --> User IP: ::1
DEBUG - 2025-08-22 06:38:24 --> Session: Class initialized using 'CodeIgniter\Session\Handlers\FileHandler' driver.
DEBUG - 2025-08-22 06:38:24 --> User IP: ::1
DEBUG - 2025-08-22 06:38:26 --> Session: Class initialized using 'CodeIgniter\Session\Handlers\FileHandler' driver.
DEBUG - 2025-08-22 06:38:26 --> User IP: ::1
DEBUG - 2025-08-22 06:38:27 --> Session: Class initialized using 'CodeIgniter\Session\Handlers\FileHandler' driver.
DEBUG - 2025-08-22 06:38:27 --> User IP: ::1
DEBUG - 2025-08-22 06:46:36 --> Session: Class initialized using 'CodeIgniter\Session\Handlers\FileHandler' driver.
DEBUG - 2025-08-22 06:46:36 --> User IP: ::1
DEBUG - 2025-08-22 07:09:30 --> Session: Class initialized using 'CodeIgniter\Session\Handlers\FileHandler' driver.
DEBUG - 2025-08-22 07:09:30 --> User IP: ::1
DEBUG - 2025-08-22 07:09:36 --> Session: Class initialized using 'CodeIgniter\Session\Handlers\FileHandler' driver.
DEBUG - 2025-08-22 07:09:36 --> User IP: ::1
DEBUG - 2025-08-22 07:09:48 --> Session: Class initialized using 'CodeIgniter\Session\Handlers\FileHandler' driver.
DEBUG - 2025-08-22 07:09:48 --> User IP: ::1
DEBUG - 2025-08-22 07:10:41 --> Session: Class initialized using 'CodeIgniter\Session\Handlers\FileHandler' driver.
DEBUG - 2025-08-22 07:10:41 --> User IP: ::1
DEBUG - 2025-08-22 07:10:46 --> Session: Class initialized using 'CodeIgniter\Session\Handlers\FileHandler' driver.
DEBUG - 2025-08-22 07:10:46 --> User IP: ::1
DEBUG - 2025-08-22 07:10:57 --> Session: Class initialized using 'CodeIgniter\Session\Handlers\FileHandler' driver.
DEBUG - 2025-08-22 07:10:57 --> User IP: ::1
DEBUG - 2025-08-22 07:12:29 --> Session: Class initialized using 'CodeIgniter\Session\Handlers\FileHandler' driver.
DEBUG - 2025-08-22 07:12:29 --> User IP: ::1
DEBUG - 2025-08-22 07:12:33 --> Session: Class initialized using 'CodeIgniter\Session\Handlers\FileHandler' driver.
DEBUG - 2025-08-22 07:12:33 --> User IP: ::1
DEBUG - 2025-08-22 07:13:51 --> Session: Class initialized using 'CodeIgniter\Session\Handlers\FileHandler' driver.
DEBUG - 2025-08-22 07:13:51 --> User IP: ::1
DEBUG - 2025-08-22 07:17:02 --> Session: Class initialized using 'CodeIgniter\Session\Handlers\FileHandler' driver.
DEBUG - 2025-08-22 07:17:02 --> User IP: ::1
DEBUG - 2025-08-22 07:17:05 --> Session: Class initialized using 'CodeIgniter\Session\Handlers\FileHandler' driver.
DEBUG - 2025-08-22 07:17:05 --> User IP: ::1
DEBUG - 2025-08-22 07:17:08 --> Session: Class initialized using 'CodeIgniter\Session\Handlers\FileHandler' driver.
DEBUG - 2025-08-22 07:17:08 --> User IP: ::1
DEBUG - 2025-08-22 07:17:39 --> Session: Class initialized using 'CodeIgniter\Session\Handlers\FileHandler' driver.
DEBUG - 2025-08-22 07:17:39 --> User IP: ::1
DEBUG - 2025-08-22 07:19:44 --> Session: Class initialized using 'CodeIgniter\Session\Handlers\FileHandler' driver.
DEBUG - 2025-08-22 07:19:44 --> User IP: ::1
DEBUG - 2025-08-22 07:19:51 --> Session: Class initialized using 'CodeIgniter\Session\Handlers\FileHandler' driver.
DEBUG - 2025-08-22 07:19:51 --> User IP: ::1
DEBUG - 2025-08-22 07:20:15 --> Session: Class initialized using 'CodeIgniter\Session\Handlers\FileHandler' driver.
DEBUG - 2025-08-22 07:20:15 --> User IP: ::1
DEBUG - 2025-08-22 07:30:34 --> Session: Class initialized using 'CodeIgniter\Session\Handlers\FileHandler' driver.
DEBUG - 2025-08-22 07:30:34 --> User IP: ::1
DEBUG - 2025-08-22 07:32:08 --> Session: Class initialized using 'CodeIgniter\Session\Handlers\FileHandler' driver.
DEBUG - 2025-08-22 07:32:08 --> User IP: ::1
DEBUG - 2025-08-22 07:32:13 --> Session: Class initialized using 'CodeIgniter\Session\Handlers\FileHandler' driver.
DEBUG - 2025-08-22 07:32:13 --> User IP: ::1
DEBUG - 2025-08-22 07:32:53 --> Session: Class initialized using 'CodeIgniter\Session\Handlers\FileHandler' driver.
DEBUG - 2025-08-22 07:32:53 --> User IP: ::1
DEBUG - 2025-08-22 07:33:52 --> Session: Class initialized using 'CodeIgniter\Session\Handlers\FileHandler' driver.
DEBUG - 2025-08-22 07:33:52 --> User IP: ::1
DEBUG - 2025-08-22 07:33:54 --> Session: Class initialized using 'CodeIgniter\Session\Handlers\FileHandler' driver.
DEBUG - 2025-08-22 07:33:54 --> User IP: ::1
DEBUG - 2025-08-22 07:33:57 --> Session: Class initialized using 'CodeIgniter\Session\Handlers\FileHandler' driver.
DEBUG - 2025-08-22 07:33:57 --> User IP: ::1
DEBUG - 2025-08-22 07:44:32 --> Session: Class initialized using 'CodeIgniter\Session\Handlers\FileHandler' driver.
DEBUG - 2025-08-22 07:44:32 --> User IP: ::1
DEBUG - 2025-08-22 07:44:35 --> Session: Class initialized using 'CodeIgniter\Session\Handlers\FileHandler' driver.
DEBUG - 2025-08-22 07:44:35 --> User IP: ::1
DEBUG - 2025-08-22 07:44:37 --> Session: Class initialized using 'CodeIgniter\Session\Handlers\FileHandler' driver.
DEBUG - 2025-08-22 07:44:37 --> User IP: ::1
DEBUG - 2025-08-22 07:44:46 --> Session: Class initialized using 'CodeIgniter\Session\Handlers\FileHandler' driver.
DEBUG - 2025-08-22 07:44:46 --> User IP: ::1
DEBUG - 2025-08-22 07:44:48 --> Session: Class initialized using 'CodeIgniter\Session\Handlers\FileHandler' driver.
DEBUG - 2025-08-22 07:44:48 --> User IP: ::1
DEBUG - 2025-08-22 07:48:16 --> Session: Class initialized using 'CodeIgniter\Session\Handlers\FileHandler' driver.
DEBUG - 2025-08-22 07:48:16 --> User IP: ::1
DEBUG - 2025-08-22 07:48:20 --> Session: Class initialized using 'CodeIgniter\Session\Handlers\FileHandler' driver.
DEBUG - 2025-08-22 07:48:20 --> User IP: ::1
DEBUG - 2025-08-22 07:50:47 --> Session: Class initialized using 'CodeIgniter\Session\Handlers\FileHandler' driver.
DEBUG - 2025-08-22 07:50:47 --> User IP: ::1
DEBUG - 2025-08-22 07:50:51 --> Session: Class initialized using 'CodeIgniter\Session\Handlers\FileHandler' driver.
DEBUG - 2025-08-22 07:50:51 --> User IP: ::1
DEBUG - 2025-08-22 07:50:52 --> Session: Class initialized using 'CodeIgniter\Session\Handlers\FileHandler' driver.
DEBUG - 2025-08-22 07:50:52 --> User IP: ::1
DEBUG - 2025-08-22 07:51:19 --> Session: Class initialized using 'CodeIgniter\Session\Handlers\FileHandler' driver.
DEBUG - 2025-08-22 07:51:19 --> User IP: ::1
DEBUG - 2025-08-22 07:51:22 --> Session: Class initialized using 'CodeIgniter\Session\Handlers\FileHandler' driver.
DEBUG - 2025-08-22 07:51:22 --> User IP: ::1
DEBUG - 2025-08-22 07:51:24 --> Session: Class initialized using 'CodeIgniter\Session\Handlers\FileHandler' driver.
DEBUG - 2025-08-22 07:51:24 --> User IP: ::1
DEBUG - 2025-08-22 07:51:35 --> Session: Class initialized using 'CodeIgniter\Session\Handlers\FileHandler' driver.
DEBUG - 2025-08-22 07:51:35 --> User IP: ::1
ERROR - 2025-08-22 07:51:35 --> mysqli_sql_exception: Table 'gighz.intern_document_list_file' doesn't exist in C:\xampp\htdocs\ems\system\Database\MySQLi\Connection.php:312
Stack trace:
#0 C:\xampp\htdocs\ems\system\Database\MySQLi\Connection.php(312): mysqli->query('DELETE FROM `in...', 0)
#1 C:\xampp\htdocs\ems\system\Database\BaseConnection.php(734): CodeIgniter\Database\MySQLi\Connection->execute('DELETE FROM `in...')
#2 C:\xampp\htdocs\ems\system\Database\BaseConnection.php(648): CodeIgniter\Database\BaseConnection->simpleQuery('DELETE FROM `in...')
#3 C:\xampp\htdocs\ems\system\Database\BaseBuilder.php(2843): CodeIgniter\Database\BaseConnection->query('DELETE FROM `in...', Array, false)
#4 C:\xampp\htdocs\ems\app\Controllers\Hrms.php(714): CodeIgniter\Database\BaseBuilder->delete()
#5 C:\xampp\htdocs\ems\system\CodeIgniter.php(933): App\Controllers\Hrms->deleteFile()
#6 C:\xampp\htdocs\ems\system\CodeIgniter.php(509): CodeIgniter\CodeIgniter->runController(Object(App\Controllers\Hrms))
#7 C:\xampp\htdocs\ems\system\CodeIgniter.php(355): CodeIgniter\CodeIgniter->handleRequest(NULL, Object(Config\Cache), false)
#8 C:\xampp\htdocs\ems\system\Boot.php(334): CodeIgniter\CodeIgniter->run()
#9 C:\xampp\htdocs\ems\system\Boot.php(67): CodeIgniter\Boot::runCodeIgniter(Object(CodeIgniter\CodeIgniter))
#10 C:\xampp\htdocs\ems\public\index.php(56): CodeIgniter\Boot::bootWeb(Object(Config\Paths))
#11 {main}
CRITICAL - 2025-08-22 07:51:35 --> CodeIgniter\Database\Exceptions\DatabaseException: Table 'gighz.intern_document_list_file' doesn't exist
[Method: POST, Route: hrms/deleteFile]
in SYSTEMPATH\Database\BaseConnection.php on line 688.
 1 SYSTEMPATH\Database\BaseBuilder.php(2843): CodeIgniter\Database\BaseConnection->query('DELETE FROM `intern_document_list_file`
WHERE `intern_id` = :intern_id:
AND `file_name` = :file_name:', [...], false)
 2 APPPATH\Controllers\Hrms.php(714): CodeIgniter\Database\BaseBuilder->delete()
 3 SYSTEMPATH\CodeIgniter.php(933): App\Controllers\Hrms->deleteFile()
 4 SYSTEMPATH\CodeIgniter.php(509): CodeIgniter\CodeIgniter->runController(Object(App\Controllers\Hrms))
 5 SYSTEMPATH\CodeIgniter.php(355): CodeIgniter\CodeIgniter->handleRequest(null, Object(Config\Cache), false)
 6 SYSTEMPATH\Boot.php(334): CodeIgniter\CodeIgniter->run()
 7 SYSTEMPATH\Boot.php(67): CodeIgniter\Boot::runCodeIgniter(Object(CodeIgniter\CodeIgniter))
 8 FCPATH\index.php(56): CodeIgniter\Boot::bootWeb(Object(Config\Paths))
CRITICAL - 2025-08-22 07:51:35 --> [Caused by] CodeIgniter\Database\Exceptions\DatabaseException: Table 'gighz.intern_document_list_file' doesn't exist
in SYSTEMPATH\Database\MySQLi\Connection.php on line 317.
 1 SYSTEMPATH\Database\BaseConnection.php(734): CodeIgniter\Database\MySQLi\Connection->execute('DELETE FROM `intern_document_list_file`
WHERE `intern_id` = \'3\'
AND `file_name` = \'test_file 1.pdf\'')
 2 SYSTEMPATH\Database\BaseConnection.php(648): CodeIgniter\Database\BaseConnection->simpleQuery('DELETE FROM `intern_document_list_file`
WHERE `intern_id` = \'3\'
AND `file_name` = \'test_file 1.pdf\'')
 3 SYSTEMPATH\Database\BaseBuilder.php(2843): CodeIgniter\Database\BaseConnection->query('DELETE FROM `intern_document_list_file`
WHERE `intern_id` = :intern_id:
AND `file_name` = :file_name:', [...], false)
 4 APPPATH\Controllers\Hrms.php(714): CodeIgniter\Database\BaseBuilder->delete()
 5 SYSTEMPATH\CodeIgniter.php(933): App\Controllers\Hrms->deleteFile()
 6 SYSTEMPATH\CodeIgniter.php(509): CodeIgniter\CodeIgniter->runController(Object(App\Controllers\Hrms))
 7 SYSTEMPATH\CodeIgniter.php(355): CodeIgniter\CodeIgniter->handleRequest(null, Object(Config\Cache), false)
 8 SYSTEMPATH\Boot.php(334): CodeIgniter\CodeIgniter->run()
 9 SYSTEMPATH\Boot.php(67): CodeIgniter\Boot::runCodeIgniter(Object(CodeIgniter\CodeIgniter))
10 FCPATH\index.php(56): CodeIgniter\Boot::bootWeb(Object(Config\Paths))
CRITICAL - 2025-08-22 07:51:35 --> [Caused by] mysqli_sql_exception: Table 'gighz.intern_document_list_file' doesn't exist
in SYSTEMPATH\Database\MySQLi\Connection.php on line 312.
 1 SYSTEMPATH\Database\MySQLi\Connection.php(312): mysqli->query('DELETE FROM `intern_document_list_file`
WHERE `intern_id` = \'3\'
AND `file_name` = \'test_file 1.pdf\'', 0)
 2 SYSTEMPATH\Database\BaseConnection.php(734): CodeIgniter\Database\MySQLi\Connection->execute('DELETE FROM `intern_document_list_file`
WHERE `intern_id` = \'3\'
AND `file_name` = \'test_file 1.pdf\'')
 3 SYSTEMPATH\Database\BaseConnection.php(648): CodeIgniter\Database\BaseConnection->simpleQuery('DELETE FROM `intern_document_list_file`
WHERE `intern_id` = \'3\'
AND `file_name` = \'test_file 1.pdf\'')
 4 SYSTEMPATH\Database\BaseBuilder.php(2843): CodeIgniter\Database\BaseConnection->query('DELETE FROM `intern_document_list_file`
WHERE `intern_id` = :intern_id:
AND `file_name` = :file_name:', [...], false)
 5 APPPATH\Controllers\Hrms.php(714): CodeIgniter\Database\BaseBuilder->delete()
 6 SYSTEMPATH\CodeIgniter.php(933): App\Controllers\Hrms->deleteFile()
 7 SYSTEMPATH\CodeIgniter.php(509): CodeIgniter\CodeIgniter->runController(Object(App\Controllers\Hrms))
 8 SYSTEMPATH\CodeIgniter.php(355): CodeIgniter\CodeIgniter->handleRequest(null, Object(Config\Cache), false)
 9 SYSTEMPATH\Boot.php(334): CodeIgniter\CodeIgniter->run()
10 SYSTEMPATH\Boot.php(67): CodeIgniter\Boot::runCodeIgniter(Object(CodeIgniter\CodeIgniter))
11 FCPATH\index.php(56): CodeIgniter\Boot::bootWeb(Object(Config\Paths))
DEBUG - 2025-08-22 07:51:45 --> Session: Class initialized using 'CodeIgniter\Session\Handlers\FileHandler' driver.
DEBUG - 2025-08-22 07:51:45 --> User IP: ::1
DEBUG - 2025-08-22 07:51:52 --> Session: Class initialized using 'CodeIgniter\Session\Handlers\FileHandler' driver.
DEBUG - 2025-08-22 07:51:52 --> User IP: ::1
DEBUG - 2025-08-22 07:52:03 --> Session: Class initialized using 'CodeIgniter\Session\Handlers\FileHandler' driver.
DEBUG - 2025-08-22 07:52:03 --> User IP: ::1
ERROR - 2025-08-22 07:52:03 --> mysqli_sql_exception: Table 'gighz.intern_document_list_file' doesn't exist in C:\xampp\htdocs\ems\system\Database\MySQLi\Connection.php:312
Stack trace:
#0 C:\xampp\htdocs\ems\system\Database\MySQLi\Connection.php(312): mysqli->query('DELETE FROM `in...', 0)
#1 C:\xampp\htdocs\ems\system\Database\BaseConnection.php(734): CodeIgniter\Database\MySQLi\Connection->execute('DELETE FROM `in...')
#2 C:\xampp\htdocs\ems\system\Database\BaseConnection.php(648): CodeIgniter\Database\BaseConnection->simpleQuery('DELETE FROM `in...')
#3 C:\xampp\htdocs\ems\system\Database\BaseBuilder.php(2843): CodeIgniter\Database\BaseConnection->query('DELETE FROM `in...', Array, false)
#4 C:\xampp\htdocs\ems\app\Controllers\Hrms.php(714): CodeIgniter\Database\BaseBuilder->delete()
#5 C:\xampp\htdocs\ems\system\CodeIgniter.php(933): App\Controllers\Hrms->deleteFile()
#6 C:\xampp\htdocs\ems\system\CodeIgniter.php(509): CodeIgniter\CodeIgniter->runController(Object(App\Controllers\Hrms))
#7 C:\xampp\htdocs\ems\system\CodeIgniter.php(355): CodeIgniter\CodeIgniter->handleRequest(NULL, Object(Config\Cache), false)
#8 C:\xampp\htdocs\ems\system\Boot.php(334): CodeIgniter\CodeIgniter->run()
#9 C:\xampp\htdocs\ems\system\Boot.php(67): CodeIgniter\Boot::runCodeIgniter(Object(CodeIgniter\CodeIgniter))
#10 C:\xampp\htdocs\ems\public\index.php(56): CodeIgniter\Boot::bootWeb(Object(Config\Paths))
#11 {main}
CRITICAL - 2025-08-22 07:52:03 --> CodeIgniter\Database\Exceptions\DatabaseException: Table 'gighz.intern_document_list_file' doesn't exist
[Method: POST, Route: hrms/deleteFile]
in SYSTEMPATH\Database\BaseConnection.php on line 688.
 1 SYSTEMPATH\Database\BaseBuilder.php(2843): CodeIgniter\Database\BaseConnection->query('DELETE FROM `intern_document_list_file`
WHERE `intern_id` = :intern_id:
AND `file_name` = :file_name:', [...], false)
 2 APPPATH\Controllers\Hrms.php(714): CodeIgniter\Database\BaseBuilder->delete()
 3 SYSTEMPATH\CodeIgniter.php(933): App\Controllers\Hrms->deleteFile()
 4 SYSTEMPATH\CodeIgniter.php(509): CodeIgniter\CodeIgniter->runController(Object(App\Controllers\Hrms))
 5 SYSTEMPATH\CodeIgniter.php(355): CodeIgniter\CodeIgniter->handleRequest(null, Object(Config\Cache), false)
 6 SYSTEMPATH\Boot.php(334): CodeIgniter\CodeIgniter->run()
 7 SYSTEMPATH\Boot.php(67): CodeIgniter\Boot::runCodeIgniter(Object(CodeIgniter\CodeIgniter))
 8 FCPATH\index.php(56): CodeIgniter\Boot::bootWeb(Object(Config\Paths))
CRITICAL - 2025-08-22 07:52:03 --> [Caused by] CodeIgniter\Database\Exceptions\DatabaseException: Table 'gighz.intern_document_list_file' doesn't exist
in SYSTEMPATH\Database\MySQLi\Connection.php on line 317.
 1 SYSTEMPATH\Database\BaseConnection.php(734): CodeIgniter\Database\MySQLi\Connection->execute('DELETE FROM `intern_document_list_file`
WHERE `intern_id` = \'3\'
AND `file_name` = \'test_file 2.pdf\'')
 2 SYSTEMPATH\Database\BaseConnection.php(648): CodeIgniter\Database\BaseConnection->simpleQuery('DELETE FROM `intern_document_list_file`
WHERE `intern_id` = \'3\'
AND `file_name` = \'test_file 2.pdf\'')
 3 SYSTEMPATH\Database\BaseBuilder.php(2843): CodeIgniter\Database\BaseConnection->query('DELETE FROM `intern_document_list_file`
WHERE `intern_id` = :intern_id:
AND `file_name` = :file_name:', [...], false)
 4 APPPATH\Controllers\Hrms.php(714): CodeIgniter\Database\BaseBuilder->delete()
 5 SYSTEMPATH\CodeIgniter.php(933): App\Controllers\Hrms->deleteFile()
 6 SYSTEMPATH\CodeIgniter.php(509): CodeIgniter\CodeIgniter->runController(Object(App\Controllers\Hrms))
 7 SYSTEMPATH\CodeIgniter.php(355): CodeIgniter\CodeIgniter->handleRequest(null, Object(Config\Cache), false)
 8 SYSTEMPATH\Boot.php(334): CodeIgniter\CodeIgniter->run()
 9 SYSTEMPATH\Boot.php(67): CodeIgniter\Boot::runCodeIgniter(Object(CodeIgniter\CodeIgniter))
10 FCPATH\index.php(56): CodeIgniter\Boot::bootWeb(Object(Config\Paths))
CRITICAL - 2025-08-22 07:52:03 --> [Caused by] mysqli_sql_exception: Table 'gighz.intern_document_list_file' doesn't exist
in SYSTEMPATH\Database\MySQLi\Connection.php on line 312.
 1 SYSTEMPATH\Database\MySQLi\Connection.php(312): mysqli->query('DELETE FROM `intern_document_list_file`
WHERE `intern_id` = \'3\'
AND `file_name` = \'test_file 2.pdf\'', 0)
 2 SYSTEMPATH\Database\BaseConnection.php(734): CodeIgniter\Database\MySQLi\Connection->execute('DELETE FROM `intern_document_list_file`
WHERE `intern_id` = \'3\'
AND `file_name` = \'test_file 2.pdf\'')
 3 SYSTEMPATH\Database\BaseConnection.php(648): CodeIgniter\Database\BaseConnection->simpleQuery('DELETE FROM `intern_document_list_file`
WHERE `intern_id` = \'3\'
AND `file_name` = \'test_file 2.pdf\'')
 4 SYSTEMPATH\Database\BaseBuilder.php(2843): CodeIgniter\Database\BaseConnection->query('DELETE FROM `intern_document_list_file`
WHERE `intern_id` = :intern_id:
AND `file_name` = :file_name:', [...], false)
 5 APPPATH\Controllers\Hrms.php(714): CodeIgniter\Database\BaseBuilder->delete()
 6 SYSTEMPATH\CodeIgniter.php(933): App\Controllers\Hrms->deleteFile()
 7 SYSTEMPATH\CodeIgniter.php(509): CodeIgniter\CodeIgniter->runController(Object(App\Controllers\Hrms))
 8 SYSTEMPATH\CodeIgniter.php(355): CodeIgniter\CodeIgniter->handleRequest(null, Object(Config\Cache), false)
 9 SYSTEMPATH\Boot.php(334): CodeIgniter\CodeIgniter->run()
10 SYSTEMPATH\Boot.php(67): CodeIgniter\Boot::runCodeIgniter(Object(CodeIgniter\CodeIgniter))
11 FCPATH\index.php(56): CodeIgniter\Boot::bootWeb(Object(Config\Paths))
DEBUG - 2025-08-22 07:53:27 --> Session: Class initialized using 'CodeIgniter\Session\Handlers\FileHandler' driver.
DEBUG - 2025-08-22 07:53:27 --> User IP: ::1
DEBUG - 2025-08-22 07:53:35 --> Session: Class initialized using 'CodeIgniter\Session\Handlers\FileHandler' driver.
DEBUG - 2025-08-22 07:53:35 --> User IP: ::1
DEBUG - 2025-08-22 07:53:38 --> Session: Class initialized using 'CodeIgniter\Session\Handlers\FileHandler' driver.
DEBUG - 2025-08-22 07:53:38 --> User IP: ::1
DEBUG - 2025-08-22 07:54:16 --> Session: Class initialized using 'CodeIgniter\Session\Handlers\FileHandler' driver.
DEBUG - 2025-08-22 07:54:16 --> User IP: ::1
DEBUG - 2025-08-22 07:54:23 --> Session: Class initialized using 'CodeIgniter\Session\Handlers\FileHandler' driver.
DEBUG - 2025-08-22 07:54:23 --> User IP: ::1
DEBUG - 2025-08-22 07:54:25 --> Session: Class initialized using 'CodeIgniter\Session\Handlers\FileHandler' driver.
DEBUG - 2025-08-22 07:54:25 --> User IP: ::1
DEBUG - 2025-08-22 07:54:58 --> Session: Class initialized using 'CodeIgniter\Session\Handlers\FileHandler' driver.
DEBUG - 2025-08-22 07:54:58 --> User IP: ::1
DEBUG - 2025-08-22 07:56:39 --> Session: Class initialized using 'CodeIgniter\Session\Handlers\FileHandler' driver.
DEBUG - 2025-08-22 07:56:39 --> User IP: ::1
DEBUG - 2025-08-22 07:56:43 --> Session: Class initialized using 'CodeIgniter\Session\Handlers\FileHandler' driver.
DEBUG - 2025-08-22 07:56:43 --> User IP: ::1
DEBUG - 2025-08-22 07:56:44 --> Session: Class initialized using 'CodeIgniter\Session\Handlers\FileHandler' driver.
DEBUG - 2025-08-22 07:56:44 --> User IP: ::1
DEBUG - 2025-08-22 07:57:08 --> Session: Class initialized using 'CodeIgniter\Session\Handlers\FileHandler' driver.
DEBUG - 2025-08-22 07:57:08 --> User IP: ::1
DEBUG - 2025-08-22 08:58:25 --> Session: Class initialized using 'CodeIgniter\Session\Handlers\FileHandler' driver.
DEBUG - 2025-08-22 08:58:25 --> User IP: ::1
DEBUG - 2025-08-22 08:58:30 --> Session: Class initialized using 'CodeIgniter\Session\Handlers\FileHandler' driver.
DEBUG - 2025-08-22 08:58:30 --> User IP: ::1
DEBUG - 2025-08-22 08:58:31 --> Session: Class initialized using 'CodeIgniter\Session\Handlers\FileHandler' driver.
DEBUG - 2025-08-22 08:58:31 --> User IP: ::1
DEBUG - 2025-08-22 08:58:41 --> Session: Class initialized using 'CodeIgniter\Session\Handlers\FileHandler' driver.
DEBUG - 2025-08-22 08:58:41 --> User IP: ::1
ERROR - 2025-08-22 08:58:41 --> mysqli_sql_exception: Table 'gighz.intern' doesn't exist in C:\xampp\htdocs\ems\system\Database\MySQLi\Connection.php:312
Stack trace:
#0 C:\xampp\htdocs\ems\system\Database\MySQLi\Connection.php(312): mysqli->query('SELECT *\nFROM `...', 0)
#1 C:\xampp\htdocs\ems\system\Database\BaseConnection.php(734): CodeIgniter\Database\MySQLi\Connection->execute('SELECT *\nFROM `...')
#2 C:\xampp\htdocs\ems\system\Database\BaseConnection.php(648): CodeIgniter\Database\BaseConnection->simpleQuery('SELECT *\nFROM `...')
#3 C:\xampp\htdocs\ems\system\Database\BaseBuilder.php(1644): CodeIgniter\Database\BaseConnection->query('SELECT *\nFROM `...', Array, false)
#4 C:\xampp\htdocs\ems\app\Controllers\Hrms.php(693): CodeIgniter\Database\BaseBuilder->get()
#5 C:\xampp\htdocs\ems\system\CodeIgniter.php(933): App\Controllers\Hrms->downloadFileList('3')
#6 C:\xampp\htdocs\ems\system\CodeIgniter.php(509): CodeIgniter\CodeIgniter->runController(Object(App\Controllers\Hrms))
#7 C:\xampp\htdocs\ems\system\CodeIgniter.php(355): CodeIgniter\CodeIgniter->handleRequest(NULL, Object(Config\Cache), false)
#8 C:\xampp\htdocs\ems\system\Boot.php(334): CodeIgniter\CodeIgniter->run()
#9 C:\xampp\htdocs\ems\system\Boot.php(67): CodeIgniter\Boot::runCodeIgniter(Object(CodeIgniter\CodeIgniter))
#10 C:\xampp\htdocs\ems\public\index.php(56): CodeIgniter\Boot::bootWeb(Object(Config\Paths))
#11 {main}
CRITICAL - 2025-08-22 08:58:41 --> CodeIgniter\Database\Exceptions\DatabaseException: Table 'gighz.intern' doesn't exist
[Method: GET, Route: hrms/downloadFileList/3]
in SYSTEMPATH\Database\BaseConnection.php on line 688.
 1 SYSTEMPATH\Database\BaseBuilder.php(1644): CodeIgniter\Database\BaseConnection->query('SELECT *
FROM `intern`
WHERE `id` = :id:', [...], false)
 2 APPPATH\Controllers\Hrms.php(693): CodeIgniter\Database\BaseBuilder->get()
 3 SYSTEMPATH\CodeIgniter.php(933): App\Controllers\Hrms->downloadFileList('3')
 4 SYSTEMPATH\CodeIgniter.php(509): CodeIgniter\CodeIgniter->runController(Object(App\Controllers\Hrms))
 5 SYSTEMPATH\CodeIgniter.php(355): CodeIgniter\CodeIgniter->handleRequest(null, Object(Config\Cache), false)
 6 SYSTEMPATH\Boot.php(334): CodeIgniter\CodeIgniter->run()
 7 SYSTEMPATH\Boot.php(67): CodeIgniter\Boot::runCodeIgniter(Object(CodeIgniter\CodeIgniter))
 8 FCPATH\index.php(56): CodeIgniter\Boot::bootWeb(Object(Config\Paths))
CRITICAL - 2025-08-22 08:58:41 --> [Caused by] CodeIgniter\Database\Exceptions\DatabaseException: Table 'gighz.intern' doesn't exist
in SYSTEMPATH\Database\MySQLi\Connection.php on line 317.
 1 SYSTEMPATH\Database\BaseConnection.php(734): CodeIgniter\Database\MySQLi\Connection->execute('SELECT *
FROM `intern`
WHERE `id` = \'3\'')
 2 SYSTEMPATH\Database\BaseConnection.php(648): CodeIgniter\Database\BaseConnection->simpleQuery('SELECT *
FROM `intern`
WHERE `id` = \'3\'')
 3 SYSTEMPATH\Database\BaseBuilder.php(1644): CodeIgniter\Database\BaseConnection->query('SELECT *
FROM `intern`
WHERE `id` = :id:', [...], false)
 4 APPPATH\Controllers\Hrms.php(693): CodeIgniter\Database\BaseBuilder->get()
 5 SYSTEMPATH\CodeIgniter.php(933): App\Controllers\Hrms->downloadFileList('3')
 6 SYSTEMPATH\CodeIgniter.php(509): CodeIgniter\CodeIgniter->runController(Object(App\Controllers\Hrms))
 7 SYSTEMPATH\CodeIgniter.php(355): CodeIgniter\CodeIgniter->handleRequest(null, Object(Config\Cache), false)
 8 SYSTEMPATH\Boot.php(334): CodeIgniter\CodeIgniter->run()
 9 SYSTEMPATH\Boot.php(67): CodeIgniter\Boot::runCodeIgniter(Object(CodeIgniter\CodeIgniter))
10 FCPATH\index.php(56): CodeIgniter\Boot::bootWeb(Object(Config\Paths))
CRITICAL - 2025-08-22 08:58:41 --> [Caused by] mysqli_sql_exception: Table 'gighz.intern' doesn't exist
in SYSTEMPATH\Database\MySQLi\Connection.php on line 312.
 1 SYSTEMPATH\Database\MySQLi\Connection.php(312): mysqli->query('SELECT *
FROM `intern`
WHERE `id` = \'3\'', 0)
 2 SYSTEMPATH\Database\BaseConnection.php(734): CodeIgniter\Database\MySQLi\Connection->execute('SELECT *
FROM `intern`
WHERE `id` = \'3\'')
 3 SYSTEMPATH\Database\BaseConnection.php(648): CodeIgniter\Database\BaseConnection->simpleQuery('SELECT *
FROM `intern`
WHERE `id` = \'3\'')
 4 SYSTEMPATH\Database\BaseBuilder.php(1644): CodeIgniter\Database\BaseConnection->query('SELECT *
FROM `intern`
WHERE `id` = :id:', [...], false)
 5 APPPATH\Controllers\Hrms.php(693): CodeIgniter\Database\BaseBuilder->get()
 6 SYSTEMPATH\CodeIgniter.php(933): App\Controllers\Hrms->downloadFileList('3')
 7 SYSTEMPATH\CodeIgniter.php(509): CodeIgniter\CodeIgniter->runController(Object(App\Controllers\Hrms))
 8 SYSTEMPATH\CodeIgniter.php(355): CodeIgniter\CodeIgniter->handleRequest(null, Object(Config\Cache), false)
 9 SYSTEMPATH\Boot.php(334): CodeIgniter\CodeIgniter->run()
10 SYSTEMPATH\Boot.php(67): CodeIgniter\Boot::runCodeIgniter(Object(CodeIgniter\CodeIgniter))
11 FCPATH\index.php(56): CodeIgniter\Boot::bootWeb(Object(Config\Paths))
DEBUG - 2025-08-22 09:45:21 --> Session: Class initialized using 'CodeIgniter\Session\Handlers\FileHandler' driver.
DEBUG - 2025-08-22 09:45:21 --> User IP: ::1
DEBUG - 2025-08-22 09:45:26 --> Session: Class initialized using 'CodeIgniter\Session\Handlers\FileHandler' driver.
DEBUG - 2025-08-22 09:45:26 --> User IP: ::1
DEBUG - 2025-08-22 09:45:27 --> Session: Class initialized using 'CodeIgniter\Session\Handlers\FileHandler' driver.
DEBUG - 2025-08-22 09:45:27 --> User IP: ::1
DEBUG - 2025-08-22 09:45:30 --> Session: Class initialized using 'CodeIgniter\Session\Handlers\FileHandler' driver.
DEBUG - 2025-08-22 09:45:30 --> User IP: ::1
DEBUG - 2025-08-22 09:45:46 --> Session: Class initialized using 'CodeIgniter\Session\Handlers\FileHandler' driver.
DEBUG - 2025-08-22 09:45:46 --> User IP: ::1
DEBUG - 2025-08-22 09:45:48 --> Session: Class initialized using 'CodeIgniter\Session\Handlers\FileHandler' driver.
DEBUG - 2025-08-22 09:45:48 --> User IP: ::1
DEBUG - 2025-08-22 09:45:50 --> Session: Class initialized using 'CodeIgniter\Session\Handlers\FileHandler' driver.
DEBUG - 2025-08-22 09:45:50 --> User IP: ::1
DEBUG - 2025-08-22 09:45:52 --> Session: Class initialized using 'CodeIgniter\Session\Handlers\FileHandler' driver.
DEBUG - 2025-08-22 09:45:52 --> User IP: ::1
DEBUG - 2025-08-22 09:45:54 --> Session: Class initialized using 'CodeIgniter\Session\Handlers\FileHandler' driver.
DEBUG - 2025-08-22 09:45:54 --> User IP: ::1
DEBUG - 2025-08-22 09:45:56 --> Session: Class initialized using 'CodeIgniter\Session\Handlers\FileHandler' driver.
DEBUG - 2025-08-22 09:45:56 --> User IP: ::1
DEBUG - 2025-08-22 09:49:00 --> Session: Class initialized using 'CodeIgniter\Session\Handlers\FileHandler' driver.
DEBUG - 2025-08-22 09:49:00 --> User IP: ::1
DEBUG - 2025-08-22 09:49:03 --> Session: Class initialized using 'CodeIgniter\Session\Handlers\FileHandler' driver.
DEBUG - 2025-08-22 09:49:03 --> User IP: ::1
DEBUG - 2025-08-22 09:49:04 --> Session: Class initialized using 'CodeIgniter\Session\Handlers\FileHandler' driver.
DEBUG - 2025-08-22 09:49:04 --> User IP: ::1
DEBUG - 2025-08-22 09:49:06 --> Session: Class initialized using 'CodeIgniter\Session\Handlers\FileHandler' driver.
DEBUG - 2025-08-22 09:49:06 --> User IP: ::1
DEBUG - 2025-08-22 09:49:51 --> Session: Class initialized using 'CodeIgniter\Session\Handlers\FileHandler' driver.
DEBUG - 2025-08-22 09:49:51 --> User IP: ::1
DEBUG - 2025-08-22 09:50:43 --> Session: Class initialized using 'CodeIgniter\Session\Handlers\FileHandler' driver.
DEBUG - 2025-08-22 09:50:43 --> User IP: ::1
DEBUG - 2025-08-22 09:52:17 --> Session: Class initialized using 'CodeIgniter\Session\Handlers\FileHandler' driver.
DEBUG - 2025-08-22 09:52:17 --> User IP: ::1
DEBUG - 2025-08-22 09:52:21 --> Session: Class initialized using 'CodeIgniter\Session\Handlers\FileHandler' driver.
DEBUG - 2025-08-22 09:52:21 --> User IP: ::1
DEBUG - 2025-08-22 09:55:01 --> Session: Class initialized using 'CodeIgniter\Session\Handlers\FileHandler' driver.
DEBUG - 2025-08-22 09:55:01 --> User IP: ::1
DEBUG - 2025-08-22 09:55:15 --> Session: Class initialized using 'CodeIgniter\Session\Handlers\FileHandler' driver.
DEBUG - 2025-08-22 09:55:15 --> User IP: ::1
DEBUG - 2025-08-22 09:55:20 --> Session: Class initialized using 'CodeIgniter\Session\Handlers\FileHandler' driver.
DEBUG - 2025-08-22 09:55:20 --> User IP: ::1
DEBUG - 2025-08-22 09:55:51 --> Session: Class initialized using 'CodeIgniter\Session\Handlers\FileHandler' driver.
DEBUG - 2025-08-22 09:55:51 --> User IP: ::1
DEBUG - 2025-08-22 09:56:14 --> Session: Class initialized using 'CodeIgniter\Session\Handlers\FileHandler' driver.
DEBUG - 2025-08-22 09:56:14 --> User IP: ::1
DEBUG - 2025-08-22 09:56:17 --> Session: Class initialized using 'CodeIgniter\Session\Handlers\FileHandler' driver.
DEBUG - 2025-08-22 09:56:17 --> User IP: ::1
DEBUG - 2025-08-22 09:56:21 --> Session: Class initialized using 'CodeIgniter\Session\Handlers\FileHandler' driver.
DEBUG - 2025-08-22 09:56:21 --> User IP: ::1
DEBUG - 2025-08-22 10:03:47 --> Session: Class initialized using 'CodeIgniter\Session\Handlers\FileHandler' driver.
DEBUG - 2025-08-22 10:03:47 --> User IP: ::1
DEBUG - 2025-08-22 10:03:54 --> Session: Class initialized using 'CodeIgniter\Session\Handlers\FileHandler' driver.
DEBUG - 2025-08-22 10:03:54 --> User IP: ::1
DEBUG - 2025-08-22 10:03:58 --> Session: Class initialized using 'CodeIgniter\Session\Handlers\FileHandler' driver.
DEBUG - 2025-08-22 10:03:58 --> User IP: ::1
DEBUG - 2025-08-22 10:04:40 --> Session: Class initialized using 'CodeIgniter\Session\Handlers\FileHandler' driver.
DEBUG - 2025-08-22 10:04:40 --> User IP: ::1
DEBUG - 2025-08-22 10:04:47 --> Session: Class initialized using 'CodeIgniter\Session\Handlers\FileHandler' driver.
DEBUG - 2025-08-22 10:04:47 --> User IP: ::1
DEBUG - 2025-08-22 10:04:48 --> Session: Class initialized using 'CodeIgniter\Session\Handlers\FileHandler' driver.
DEBUG - 2025-08-22 10:04:48 --> User IP: ::1
DEBUG - 2025-08-22 10:04:51 --> Session: Class initialized using 'CodeIgniter\Session\Handlers\FileHandler' driver.
DEBUG - 2025-08-22 10:04:51 --> User IP: ::1
DEBUG - 2025-08-22 10:04:56 --> Session: Class initialized using 'CodeIgniter\Session\Handlers\FileHandler' driver.
DEBUG - 2025-08-22 10:04:56 --> User IP: ::1
CRITICAL - 2025-08-22 10:04:56 --> TypeError: CodeIgniter\Database\BaseBuilder::hasOperator(): Argument #1 ($str) must be of type string, int given, called in C:\xampp\htdocs\ems\system\Database\BaseBuilder.php on line 801
[Method: POST, Route: hrms/deleteFile]
in SYSTEMPATH\Database\BaseBuilder.php on line 3434.
 1 SYSTEMPATH\Database\BaseBuilder.php(801): CodeIgniter\Database\BaseBuilder->hasOperator(3)
 2 SYSTEMPATH\Database\BaseBuilder.php(717): CodeIgniter\Database\BaseBuilder->whereHaving('QBWhere', '3', null, 'AND ', true)
 3 APPPATH\Controllers\Hrms.php(772): CodeIgniter\Database\BaseBuilder->where('3')
 4 SYSTEMPATH\CodeIgniter.php(933): App\Controllers\Hrms->deleteFile()
 5 SYSTEMPATH\CodeIgniter.php(509): CodeIgniter\CodeIgniter->runController(Object(App\Controllers\Hrms))
 6 SYSTEMPATH\CodeIgniter.php(355): CodeIgniter\CodeIgniter->handleRequest(null, Object(Config\Cache), false)
 7 SYSTEMPATH\Boot.php(334): CodeIgniter\CodeIgniter->run()
 8 SYSTEMPATH\Boot.php(67): CodeIgniter\Boot::runCodeIgniter(Object(CodeIgniter\CodeIgniter))
 9 FCPATH\index.php(56): CodeIgniter\Boot::bootWeb(Object(Config\Paths))
DEBUG - 2025-08-22 10:08:42 --> Session: Class initialized using 'CodeIgniter\Session\Handlers\FileHandler' driver.
DEBUG - 2025-08-22 10:08:42 --> User IP: ::1
DEBUG - 2025-08-22 10:08:51 --> Session: Class initialized using 'CodeIgniter\Session\Handlers\FileHandler' driver.
DEBUG - 2025-08-22 10:08:51 --> User IP: ::1
DEBUG - 2025-08-22 10:08:55 --> Session: Class initialized using 'CodeIgniter\Session\Handlers\FileHandler' driver.
DEBUG - 2025-08-22 10:08:55 --> User IP: ::1
DEBUG - 2025-08-22 10:09:37 --> Session: Class initialized using 'CodeIgniter\Session\Handlers\FileHandler' driver.
DEBUG - 2025-08-22 10:09:37 --> User IP: ::1
DEBUG - 2025-08-22 10:12:14 --> Session: Class initialized using 'CodeIgniter\Session\Handlers\FileHandler' driver.
DEBUG - 2025-08-22 10:12:14 --> User IP: ::1
DEBUG - 2025-08-22 10:12:34 --> Session: Class initialized using 'CodeIgniter\Session\Handlers\FileHandler' driver.
DEBUG - 2025-08-22 10:12:34 --> User IP: ::1
DEBUG - 2025-08-22 10:12:38 --> Session: Class initialized using 'CodeIgniter\Session\Handlers\FileHandler' driver.
DEBUG - 2025-08-22 10:12:38 --> User IP: ::1
DEBUG - 2025-08-22 10:14:01 --> Session: Class initialized using 'CodeIgniter\Session\Handlers\FileHandler' driver.
DEBUG - 2025-08-22 10:14:02 --> User IP: ::1
DEBUG - 2025-08-22 10:14:14 --> Session: Class initialized using 'CodeIgniter\Session\Handlers\FileHandler' driver.
DEBUG - 2025-08-22 10:14:14 --> User IP: ::1
DEBUG - 2025-08-22 10:14:21 --> Session: Class initialized using 'CodeIgniter\Session\Handlers\FileHandler' driver.
DEBUG - 2025-08-22 10:14:21 --> User IP: ::1
DEBUG - 2025-08-22 10:14:25 --> Session: Class initialized using 'CodeIgniter\Session\Handlers\FileHandler' driver.
DEBUG - 2025-08-22 10:14:25 --> User IP: ::1
DEBUG - 2025-08-22 10:14:29 --> Session: Class initialized using 'CodeIgniter\Session\Handlers\FileHandler' driver.
DEBUG - 2025-08-22 10:14:29 --> User IP: ::1
DEBUG - 2025-08-22 10:15:30 --> Session: Class initialized using 'CodeIgniter\Session\Handlers\FileHandler' driver.
DEBUG - 2025-08-22 10:15:30 --> User IP: ::1
DEBUG - 2025-08-22 10:15:39 --> Session: Class initialized using 'CodeIgniter\Session\Handlers\FileHandler' driver.
DEBUG - 2025-08-22 10:15:39 --> User IP: ::1
DEBUG - 2025-08-22 10:15:42 --> Session: Class initialized using 'CodeIgniter\Session\Handlers\FileHandler' driver.
DEBUG - 2025-08-22 10:15:42 --> User IP: ::1
DEBUG - 2025-08-22 10:15:46 --> Session: Class initialized using 'CodeIgniter\Session\Handlers\FileHandler' driver.
DEBUG - 2025-08-22 10:15:46 --> User IP: ::1
DEBUG - 2025-08-22 10:15:51 --> Session: Class initialized using 'CodeIgniter\Session\Handlers\FileHandler' driver.
DEBUG - 2025-08-22 10:15:51 --> User IP: ::1
CRITICAL - 2025-08-22 10:15:51 --> TypeError: CodeIgniter\Database\BaseBuilder::setBind(): Argument #1 ($key) must be of type string, int given, called in C:\xampp\htdocs\ems\system\Database\BaseBuilder.php on line 1570
[Method: POST, Route: hrms/deleteFile]
in SYSTEMPATH\Database\BaseBuilder.php on line 3515.
 1 SYSTEMPATH\Database\BaseBuilder.php(1570): CodeIgniter\Database\BaseBuilder->setBind(3, '', true)
 2 SYSTEMPATH\Database\BaseBuilder.php(2487): CodeIgniter\Database\BaseBuilder->set([...])
 3 APPPATH\Controllers\Hrms.php(787): CodeIgniter\Database\BaseBuilder->update('3', [...])
 4 SYSTEMPATH\CodeIgniter.php(933): App\Controllers\Hrms->deleteFile()
 5 SYSTEMPATH\CodeIgniter.php(509): CodeIgniter\CodeIgniter->runController(Object(App\Controllers\Hrms))
 6 SYSTEMPATH\CodeIgniter.php(355): CodeIgniter\CodeIgniter->handleRequest(null, Object(Config\Cache), false)
 7 SYSTEMPATH\Boot.php(334): CodeIgniter\CodeIgniter->run()
 8 SYSTEMPATH\Boot.php(67): CodeIgniter\Boot::runCodeIgniter(Object(CodeIgniter\CodeIgniter))
 9 FCPATH\index.php(56): CodeIgniter\Boot::bootWeb(Object(Config\Paths))
DEBUG - 2025-08-22 10:18:27 --> Session: Class initialized using 'CodeIgniter\Session\Handlers\FileHandler' driver.
DEBUG - 2025-08-22 10:18:27 --> User IP: ::1
DEBUG - 2025-08-22 10:18:37 --> Session: Class initialized using 'CodeIgniter\Session\Handlers\FileHandler' driver.
DEBUG - 2025-08-22 10:18:37 --> User IP: ::1
DEBUG - 2025-08-22 10:18:40 --> Session: Class initialized using 'CodeIgniter\Session\Handlers\FileHandler' driver.
DEBUG - 2025-08-22 10:18:40 --> User IP: ::1
DEBUG - 2025-08-22 10:18:44 --> Session: Class initialized using 'CodeIgniter\Session\Handlers\FileHandler' driver.
DEBUG - 2025-08-22 10:18:44 --> User IP: ::1
DEBUG - 2025-08-22 10:18:52 --> Session: Class initialized using 'CodeIgniter\Session\Handlers\FileHandler' driver.
DEBUG - 2025-08-22 10:18:52 --> User IP: ::1
DEBUG - 2025-08-22 10:29:25 --> Session: Class initialized using 'CodeIgniter\Session\Handlers\FileHandler' driver.
DEBUG - 2025-08-22 10:29:25 --> User IP: ::1
DEBUG - 2025-08-22 10:39:28 --> Session: Class initialized using 'CodeIgniter\Session\Handlers\FileHandler' driver.
DEBUG - 2025-08-22 10:39:28 --> User IP: ::1
DEBUG - 2025-08-22 10:39:28 --> Session: Class initialized using 'CodeIgniter\Session\Handlers\FileHandler' driver.
DEBUG - 2025-08-22 10:39:28 --> User IP: ::1
DEBUG - 2025-08-22 10:39:28 --> Session: Class initialized using 'CodeIgniter\Session\Handlers\FileHandler' driver.
DEBUG - 2025-08-22 10:39:28 --> User IP: ::1
DEBUG - 2025-08-22 10:39:28 --> Session: Class initialized using 'CodeIgniter\Session\Handlers\FileHandler' driver.
DEBUG - 2025-08-22 10:39:28 --> User IP: ::1
DEBUG - 2025-08-22 10:39:28 --> Session: Class initialized using 'CodeIgniter\Session\Handlers\FileHandler' driver.
DEBUG - 2025-08-22 10:39:28 --> User IP: ::1
DEBUG - 2025-08-22 10:39:28 --> Session: Class initialized using 'CodeIgniter\Session\Handlers\FileHandler' driver.
DEBUG - 2025-08-22 10:39:28 --> User IP: ::1
DEBUG - 2025-08-22 10:39:40 --> Session: Class initialized using 'CodeIgniter\Session\Handlers\FileHandler' driver.
DEBUG - 2025-08-22 10:39:40 --> User IP: ::1
DEBUG - 2025-08-22 10:39:48 --> Session: Class initialized using 'CodeIgniter\Session\Handlers\FileHandler' driver.
DEBUG - 2025-08-22 10:39:48 --> User IP: ::1
DEBUG - 2025-08-22 10:39:52 --> Session: Class initialized using 'CodeIgniter\Session\Handlers\FileHandler' driver.
DEBUG - 2025-08-22 10:39:52 --> User IP: ::1
DEBUG - 2025-08-22 10:47:46 --> Session: Class initialized using 'CodeIgniter\Session\Handlers\FileHandler' driver.
DEBUG - 2025-08-22 10:47:46 --> User IP: ::1
DEBUG - 2025-08-22 10:47:54 --> Session: Class initialized using 'CodeIgniter\Session\Handlers\FileHandler' driver.
DEBUG - 2025-08-22 10:47:54 --> User IP: ::1
DEBUG - 2025-08-22 10:47:59 --> Session: Class initialized using 'CodeIgniter\Session\Handlers\FileHandler' driver.
DEBUG - 2025-08-22 10:47:59 --> User IP: ::1
DEBUG - 2025-08-22 10:48:06 --> Session: Class initialized using 'CodeIgniter\Session\Handlers\FileHandler' driver.
DEBUG - 2025-08-22 10:48:06 --> User IP: ::1
DEBUG - 2025-08-22 10:48:10 --> Session: Class initialized using 'CodeIgniter\Session\Handlers\FileHandler' driver.
CRITICAL - 2025-08-22 10:48:10 --> CodeIgniter\HTTP\Exceptions\BadRequestException: The URI you submitted has disallowed characters: "['doc.pdf']"
[Method: GET, Route: uploads/intern_doc/GZI02/joining/%5B%27doc.pdf%27%5D]
in SYSTEMPATH\Router\Router.php on line 737.
 1 SYSTEMPATH\Router\Router.php(204): CodeIgniter\Router\Router->checkDisallowedChars('uploads/intern_doc/GZI02/joining/[\'doc.pdf\']')
 2 SYSTEMPATH\CodeIgniter.php(834): CodeIgniter\Router\Router->handle('uploads/intern_doc/GZI02/joining/[\'doc.pdf\']')
 3 SYSTEMPATH\CodeIgniter.php(457): CodeIgniter\CodeIgniter->tryToRouteIt(Object(CodeIgniter\Router\RouteCollection))
 4 SYSTEMPATH\CodeIgniter.php(355): CodeIgniter\CodeIgniter->handleRequest(null, Object(Config\Cache), false)
 5 SYSTEMPATH\Boot.php(334): CodeIgniter\CodeIgniter->run()
 6 SYSTEMPATH\Boot.php(67): CodeIgniter\Boot::runCodeIgniter(Object(CodeIgniter\CodeIgniter))
 7 FCPATH\index.php(56): CodeIgniter\Boot::bootWeb(Object(Config\Paths))
DEBUG - 2025-08-22 10:48:42 --> Session: Class initialized using 'CodeIgniter\Session\Handlers\FileHandler' driver.
DEBUG - 2025-08-22 10:48:42 --> User IP: ::1
DEBUG - 2025-08-22 10:49:40 --> Session: Class initialized using 'CodeIgniter\Session\Handlers\FileHandler' driver.
DEBUG - 2025-08-22 10:49:40 --> User IP: ::1
DEBUG - 2025-08-22 10:49:49 --> Session: Class initialized using 'CodeIgniter\Session\Handlers\FileHandler' driver.
DEBUG - 2025-08-22 10:49:49 --> User IP: ::1
DEBUG - 2025-08-22 10:49:52 --> Session: Class initialized using 'CodeIgniter\Session\Handlers\FileHandler' driver.
DEBUG - 2025-08-22 10:49:52 --> User IP: ::1
DEBUG - 2025-08-22 10:49:59 --> Session: Class initialized using 'CodeIgniter\Session\Handlers\FileHandler' driver.
DEBUG - 2025-08-22 10:49:59 --> User IP: ::1
DEBUG - 2025-08-22 10:50:47 --> Session: Class initialized using 'CodeIgniter\Session\Handlers\FileHandler' driver.
DEBUG - 2025-08-22 10:50:47 --> User IP: ::1
DEBUG - 2025-08-22 10:50:49 --> Session: Class initialized using 'CodeIgniter\Session\Handlers\FileHandler' driver.
DEBUG - 2025-08-22 10:50:49 --> User IP: ::1
DEBUG - 2025-08-22 10:52:15 --> Session: Class initialized using 'CodeIgniter\Session\Handlers\FileHandler' driver.
DEBUG - 2025-08-22 10:52:15 --> User IP: ::1
DEBUG - 2025-08-22 10:52:42 --> Session: Class initialized using 'CodeIgniter\Session\Handlers\FileHandler' driver.
DEBUG - 2025-08-22 10:52:42 --> User IP: ::1
DEBUG - 2025-08-22 10:52:51 --> Session: Class initialized using 'CodeIgniter\Session\Handlers\FileHandler' driver.
DEBUG - 2025-08-22 10:52:51 --> User IP: ::1
DEBUG - 2025-08-22 10:52:54 --> Session: Class initialized using 'CodeIgniter\Session\Handlers\FileHandler' driver.
DEBUG - 2025-08-22 10:52:54 --> User IP: ::1
DEBUG - 2025-08-22 10:54:01 --> Session: Class initialized using 'CodeIgniter\Session\Handlers\FileHandler' driver.
DEBUG - 2025-08-22 10:54:01 --> User IP: ::1
DEBUG - 2025-08-22 10:55:18 --> Session: Class initialized using 'CodeIgniter\Session\Handlers\FileHandler' driver.
DEBUG - 2025-08-22 10:55:18 --> User IP: ::1
DEBUG - 2025-08-22 10:55:48 --> Session: Class initialized using 'CodeIgniter\Session\Handlers\FileHandler' driver.
DEBUG - 2025-08-22 10:55:48 --> User IP: ::1
DEBUG - 2025-08-22 11:22:18 --> Session: Class initialized using 'CodeIgniter\Session\Handlers\FileHandler' driver.
DEBUG - 2025-08-22 11:22:18 --> User IP: ::1
DEBUG - 2025-08-22 11:22:49 --> Session: Class initialized using 'CodeIgniter\Session\Handlers\FileHandler' driver.
DEBUG - 2025-08-22 11:22:49 --> User IP: ::1
DEBUG - 2025-08-22 11:22:56 --> Session: Class initialized using 'CodeIgniter\Session\Handlers\FileHandler' driver.
DEBUG - 2025-08-22 11:22:56 --> User IP: ::1
DEBUG - 2025-08-22 11:22:59 --> Session: Class initialized using 'CodeIgniter\Session\Handlers\FileHandler' driver.
DEBUG - 2025-08-22 11:22:59 --> User IP: ::1
DEBUG - 2025-08-22 11:23:55 --> Session: Class initialized using 'CodeIgniter\Session\Handlers\FileHandler' driver.
DEBUG - 2025-08-22 11:23:55 --> User IP: ::1
DEBUG - 2025-08-22 11:23:58 --> Session: Class initialized using 'CodeIgniter\Session\Handlers\FileHandler' driver.
DEBUG - 2025-08-22 11:23:58 --> User IP: ::1
DEBUG - 2025-08-22 11:35:46 --> Session: Class initialized using 'CodeIgniter\Session\Handlers\FileHandler' driver.
DEBUG - 2025-08-22 11:35:46 --> User IP: ::1
DEBUG - 2025-08-22 11:50:11 --> Session: Class initialized using 'CodeIgniter\Session\Handlers\FileHandler' driver.
DEBUG - 2025-08-22 11:50:11 --> User IP: ::1
DEBUG - 2025-08-22 11:50:22 --> Session: Class initialized using 'CodeIgniter\Session\Handlers\FileHandler' driver.
DEBUG - 2025-08-22 11:50:22 --> User IP: ::1
DEBUG - 2025-08-22 11:50:25 --> Session: Class initialized using 'CodeIgniter\Session\Handlers\FileHandler' driver.
DEBUG - 2025-08-22 11:50:25 --> User IP: ::1
DEBUG - 2025-08-22 11:52:22 --> Session: Class initialized using 'CodeIgniter\Session\Handlers\FileHandler' driver.
DEBUG - 2025-08-22 11:52:22 --> User IP: ::1
DEBUG - 2025-08-22 11:52:31 --> Session: Class initialized using 'CodeIgniter\Session\Handlers\FileHandler' driver.
DEBUG - 2025-08-22 11:52:31 --> User IP: ::1
DEBUG - 2025-08-22 11:52:34 --> Session: Class initialized using 'CodeIgniter\Session\Handlers\FileHandler' driver.
DEBUG - 2025-08-22 11:52:34 --> User IP: ::1
DEBUG - 2025-08-22 11:52:52 --> Session: Class initialized using 'CodeIgniter\Session\Handlers\FileHandler' driver.
DEBUG - 2025-08-22 11:52:52 --> User IP: ::1
DEBUG - 2025-08-22 11:54:48 --> Session: Class initialized using 'CodeIgniter\Session\Handlers\FileHandler' driver.
DEBUG - 2025-08-22 11:54:48 --> User IP: ::1
DEBUG - 2025-08-22 11:54:59 --> Session: Class initialized using 'CodeIgniter\Session\Handlers\FileHandler' driver.
DEBUG - 2025-08-22 11:54:59 --> User IP: ::1
DEBUG - 2025-08-22 11:55:20 --> Session: Class initialized using 'CodeIgniter\Session\Handlers\FileHandler' driver.
DEBUG - 2025-08-22 11:55:20 --> User IP: ::1
DEBUG - 2025-08-22 11:55:28 --> Session: Class initialized using 'CodeIgniter\Session\Handlers\FileHandler' driver.
DEBUG - 2025-08-22 11:55:28 --> User IP: ::1
DEBUG - 2025-08-22 11:55:31 --> Session: Class initialized using 'CodeIgniter\Session\Handlers\FileHandler' driver.
DEBUG - 2025-08-22 11:55:31 --> User IP: ::1
DEBUG - 2025-08-22 11:55:53 --> Session: Class initialized using 'CodeIgniter\Session\Handlers\FileHandler' driver.
CRITICAL - 2025-08-22 11:55:53 --> CodeIgniter\HTTP\Exceptions\BadRequestException: The URI you submitted has disallowed characters: "["
[Method: GET, Route: uploads/intern_doc/GZI02/joining/%5B]
in SYSTEMPATH\Router\Router.php on line 737.
 1 SYSTEMPATH\Router\Router.php(204): CodeIgniter\Router\Router->checkDisallowedChars('uploads/intern_doc/GZI02/joining/[')
 2 SYSTEMPATH\CodeIgniter.php(834): CodeIgniter\Router\Router->handle('uploads/intern_doc/GZI02/joining/[')
 3 SYSTEMPATH\CodeIgniter.php(457): CodeIgniter\CodeIgniter->tryToRouteIt(Object(CodeIgniter\Router\RouteCollection))
 4 SYSTEMPATH\CodeIgniter.php(355): CodeIgniter\CodeIgniter->handleRequest(null, Object(Config\Cache), false)
 5 SYSTEMPATH\Boot.php(334): CodeIgniter\CodeIgniter->run()
 6 SYSTEMPATH\Boot.php(67): CodeIgniter\Boot::runCodeIgniter(Object(CodeIgniter\CodeIgniter))
 7 FCPATH\index.php(56): CodeIgniter\Boot::bootWeb(Object(Config\Paths))
DEBUG - 2025-08-22 11:58:17 --> Session: Class initialized using 'CodeIgniter\Session\Handlers\FileHandler' driver.
DEBUG - 2025-08-22 11:58:17 --> User IP: ::1
DEBUG - 2025-08-22 12:11:54 --> Session: Class initialized using 'CodeIgniter\Session\Handlers\FileHandler' driver.
DEBUG - 2025-08-22 12:11:54 --> User IP: ::1
DEBUG - 2025-08-22 12:11:58 --> Session: Class initialized using 'CodeIgniter\Session\Handlers\FileHandler' driver.
DEBUG - 2025-08-22 12:11:58 --> User IP: ::1
DEBUG - 2025-08-22 12:14:06 --> Session: Class initialized using 'CodeIgniter\Session\Handlers\FileHandler' driver.
DEBUG - 2025-08-22 12:14:06 --> User IP: ::1
DEBUG - 2025-08-22 12:14:16 --> Session: Class initialized using 'CodeIgniter\Session\Handlers\FileHandler' driver.
DEBUG - 2025-08-22 12:14:16 --> User IP: ::1
DEBUG - 2025-08-22 12:14:19 --> Session: Class initialized using 'CodeIgniter\Session\Handlers\FileHandler' driver.
DEBUG - 2025-08-22 12:14:19 --> User IP: ::1
DEBUG - 2025-08-22 12:14:52 --> Session: Class initialized using 'CodeIgniter\Session\Handlers\FileHandler' driver.
DEBUG - 2025-08-22 12:14:52 --> User IP: ::1
DEBUG - 2025-08-22 12:14:54 --> Session: Class initialized using 'CodeIgniter\Session\Handlers\FileHandler' driver.
DEBUG - 2025-08-22 12:14:54 --> User IP: ::1
DEBUG - 2025-08-22 12:18:26 --> Session: Class initialized using 'CodeIgniter\Session\Handlers\FileHandler' driver.
DEBUG - 2025-08-22 12:18:26 --> User IP: ::1
DEBUG - 2025-08-22 12:18:33 --> Session: Class initialized using 'CodeIgniter\Session\Handlers\FileHandler' driver.
DEBUG - 2025-08-22 12:18:33 --> User IP: ::1
DEBUG - 2025-08-22 12:18:36 --> Session: Class initialized using 'CodeIgniter\Session\Handlers\FileHandler' driver.
DEBUG - 2025-08-22 12:18:36 --> User IP: ::1
DEBUG - 2025-08-22 12:18:39 --> Session: Class initialized using 'CodeIgniter\Session\Handlers\FileHandler' driver.
DEBUG - 2025-08-22 12:18:39 --> User IP: ::1
DEBUG - 2025-08-22 12:18:50 --> Session: Class initialized using 'CodeIgniter\Session\Handlers\FileHandler' driver.
DEBUG - 2025-08-22 12:18:50 --> User IP: ::1
CRITICAL - 2025-08-22 12:18:50 --> ErrorException: unlink(C:\xampp\htdocs\ems\public\uploads/intern_doc/GZI02/joining/): Is a directory
[Method: POST, Route: hrms/deleteFile]
in APPPATH\Controllers\Hrms.php on line 802.
 1 [internal function]: CodeIgniter\Debug\Exceptions->errorHandler(2, 'unlink(C:\\xampp\\htdocs\\ems\\public\\uploads/intern_doc/GZI02/joining/): Is a directory', 'C:\\xampp\\htdocs\\ems\\app\\Controllers\\Hrms.php', 802)
 2 APPPATH\Controllers\Hrms.php(802): unlink('C:\\xampp\\htdocs\\ems\\public\\uploads/intern_doc/GZI02/joining/')
 3 SYSTEMPATH\CodeIgniter.php(933): App\Controllers\Hrms->deleteFile()
 4 SYSTEMPATH\CodeIgniter.php(509): CodeIgniter\CodeIgniter->runController(Object(App\Controllers\Hrms))
 5 SYSTEMPATH\CodeIgniter.php(355): CodeIgniter\CodeIgniter->handleRequest(null, Object(Config\Cache), false)
 6 SYSTEMPATH\Boot.php(334): CodeIgniter\CodeIgniter->run()
 7 SYSTEMPATH\Boot.php(67): CodeIgniter\Boot::runCodeIgniter(Object(CodeIgniter\CodeIgniter))
 8 FCPATH\index.php(56): CodeIgniter\Boot::bootWeb(Object(Config\Paths))
DEBUG - 2025-08-22 12:22:39 --> Session: Class initialized using 'CodeIgniter\Session\Handlers\FileHandler' driver.
DEBUG - 2025-08-22 12:22:39 --> User IP: ::1
DEBUG - 2025-08-22 12:22:53 --> Session: Class initialized using 'CodeIgniter\Session\Handlers\FileHandler' driver.
DEBUG - 2025-08-22 12:22:53 --> User IP: ::1
DEBUG - 2025-08-22 12:22:57 --> Session: Class initialized using 'CodeIgniter\Session\Handlers\FileHandler' driver.
DEBUG - 2025-08-22 12:22:57 --> User IP: ::1
DEBUG - 2025-08-22 12:23:08 --> Session: Class initialized using 'CodeIgniter\Session\Handlers\FileHandler' driver.
DEBUG - 2025-08-22 12:23:08 --> User IP: ::1
DEBUG - 2025-08-22 12:23:31 --> Session: Class initialized using 'CodeIgniter\Session\Handlers\FileHandler' driver.
DEBUG - 2025-08-22 12:23:31 --> User IP: ::1
DEBUG - 2025-08-22 12:23:42 --> Session: Class initialized using 'CodeIgniter\Session\Handlers\FileHandler' driver.
DEBUG - 2025-08-22 12:23:42 --> User IP: ::1
DEBUG - 2025-08-22 12:27:14 --> Session: Class initialized using 'CodeIgniter\Session\Handlers\FileHandler' driver.
DEBUG - 2025-08-22 12:27:14 --> User IP: ::1
DEBUG - 2025-08-22 12:27:32 --> Session: Class initialized using 'CodeIgniter\Session\Handlers\FileHandler' driver.
DEBUG - 2025-08-22 12:27:32 --> User IP: ::1
DEBUG - 2025-08-22 12:27:33 --> Session: Class initialized using 'CodeIgniter\Session\Handlers\FileHandler' driver.
DEBUG - 2025-08-22 12:27:33 --> User IP: ::1
DEBUG - 2025-08-22 12:27:37 --> Session: Class initialized using 'CodeIgniter\Session\Handlers\FileHandler' driver.
DEBUG - 2025-08-22 12:27:37 --> User IP: ::1
DEBUG - 2025-08-22 12:27:55 --> Session: Class initialized using 'CodeIgniter\Session\Handlers\FileHandler' driver.
DEBUG - 2025-08-22 12:27:55 --> User IP: ::1
DEBUG - 2025-08-22 12:28:03 --> Session: Class initialized using 'CodeIgniter\Session\Handlers\FileHandler' driver.
DEBUG - 2025-08-22 12:28:03 --> User IP: ::1
DEBUG - 2025-08-22 12:28:09 --> Session: Class initialized using 'CodeIgniter\Session\Handlers\FileHandler' driver.
DEBUG - 2025-08-22 12:28:09 --> User IP: ::1
DEBUG - 2025-08-22 12:28:19 --> Session: Class initialized using 'CodeIgniter\Session\Handlers\FileHandler' driver.
DEBUG - 2025-08-22 12:28:19 --> User IP: ::1
DEBUG - 2025-08-22 12:28:25 --> Session: Class initialized using 'CodeIgniter\Session\Handlers\FileHandler' driver.
DEBUG - 2025-08-22 12:28:25 --> User IP: ::1
DEBUG - 2025-08-22 12:28:28 --> Session: Class initialized using 'CodeIgniter\Session\Handlers\FileHandler' driver.
DEBUG - 2025-08-22 12:28:28 --> User IP: ::1
WARNING - 2025-08-22 12:28:28 --> [DEPRECATED] json_decode(): Passing null to parameter #1 ($json) of type string is deprecated in APPPATH\Controllers\Hrms.php on line 1015.
 1 APPPATH\Controllers\Hrms.php(1015): json_decode(null, true)
 2 SYSTEMPATH\CodeIgniter.php(933): App\Controllers\Hrms->getEmployeeDocs('GZ57')
 3 SYSTEMPATH\CodeIgniter.php(509): CodeIgniter\CodeIgniter->runController(Object(App\Controllers\Hrms))
 4 SYSTEMPATH\CodeIgniter.php(355): CodeIgniter\CodeIgniter->handleRequest(null, Object(Config\Cache), false)
 5 SYSTEMPATH\Boot.php(334): CodeIgniter\CodeIgniter->run()
 6 SYSTEMPATH\Boot.php(67): CodeIgniter\Boot::runCodeIgniter(Object(CodeIgniter\CodeIgniter))
 7 FCPATH\index.php(56): CodeIgniter\Boot::bootWeb(Object(Config\Paths))
DEBUG - 2025-08-22 12:29:27 --> Session: Class initialized using 'CodeIgniter\Session\Handlers\FileHandler' driver.
DEBUG - 2025-08-22 12:29:27 --> User IP: ::1
DEBUG - 2025-08-22 12:29:27 --> Session: Class initialized using 'CodeIgniter\Session\Handlers\FileHandler' driver.
DEBUG - 2025-08-22 12:29:27 --> User IP: ::1
DEBUG - 2025-08-22 12:29:32 --> Session: Class initialized using 'CodeIgniter\Session\Handlers\FileHandler' driver.
DEBUG - 2025-08-22 12:29:32 --> User IP: ::1
DEBUG - 2025-08-22 12:30:13 --> Session: Class initialized using 'CodeIgniter\Session\Handlers\FileHandler' driver.
DEBUG - 2025-08-22 12:30:13 --> User IP: ::1
DEBUG - 2025-08-22 12:30:13 --> Session: Class initialized using 'CodeIgniter\Session\Handlers\FileHandler' driver.
DEBUG - 2025-08-22 12:30:13 --> User IP: ::1
DEBUG - 2025-08-22 12:30:16 --> Session: Class initialized using 'CodeIgniter\Session\Handlers\FileHandler' driver.
DEBUG - 2025-08-22 12:30:16 --> User IP: ::1
DEBUG - 2025-08-22 12:30:28 --> Session: Class initialized using 'CodeIgniter\Session\Handlers\FileHandler' driver.
DEBUG - 2025-08-22 12:30:28 --> User IP: ::1
DEBUG - 2025-08-22 12:30:29 --> Session: Class initialized using 'CodeIgniter\Session\Handlers\FileHandler' driver.
DEBUG - 2025-08-22 12:30:29 --> User IP: ::1
DEBUG - 2025-08-22 12:30:31 --> Session: Class initialized using 'CodeIgniter\Session\Handlers\FileHandler' driver.
DEBUG - 2025-08-22 12:30:31 --> User IP: ::1
DEBUG - 2025-08-22 12:30:32 --> Session: Class initialized using 'CodeIgniter\Session\Handlers\FileHandler' driver.
DEBUG - 2025-08-22 12:30:32 --> User IP: ::1
DEBUG - 2025-08-22 12:30:34 --> Session: Class initialized using 'CodeIgniter\Session\Handlers\FileHandler' driver.
DEBUG - 2025-08-22 12:30:34 --> User IP: ::1
DEBUG - 2025-08-22 12:30:36 --> Session: Class initialized using 'CodeIgniter\Session\Handlers\FileHandler' driver.
DEBUG - 2025-08-22 12:30:36 --> User IP: ::1
DEBUG - 2025-08-22 12:30:38 --> Session: Class initialized using 'CodeIgniter\Session\Handlers\FileHandler' driver.
DEBUG - 2025-08-22 12:30:38 --> User IP: ::1
DEBUG - 2025-08-22 12:30:40 --> Session: Class initialized using 'CodeIgniter\Session\Handlers\FileHandler' driver.
DEBUG - 2025-08-22 12:30:40 --> User IP: ::1
DEBUG - 2025-08-22 12:30:41 --> Session: Class initialized using 'CodeIgniter\Session\Handlers\FileHandler' driver.
DEBUG - 2025-08-22 12:30:41 --> User IP: ::1
DEBUG - 2025-08-22 12:30:45 --> Session: Class initialized using 'CodeIgniter\Session\Handlers\FileHandler' driver.
DEBUG - 2025-08-22 12:30:45 --> User IP: ::1
DEBUG - 2025-08-22 12:30:45 --> Session: Class initialized using 'CodeIgniter\Session\Handlers\FileHandler' driver.
DEBUG - 2025-08-22 12:30:45 --> User IP: ::1
DEBUG - 2025-08-22 12:30:45 --> Session: Class initialized using 'CodeIgniter\Session\Handlers\FileHandler' driver.
DEBUG - 2025-08-22 12:30:45 --> User IP: ::1
DEBUG - 2025-08-22 12:31:12 --> Session: Class initialized using 'CodeIgniter\Session\Handlers\FileHandler' driver.
DEBUG - 2025-08-22 12:31:12 --> User IP: ::1
DEBUG - 2025-08-22 12:32:06 --> Session: Class initialized using 'CodeIgniter\Session\Handlers\FileHandler' driver.
DEBUG - 2025-08-22 12:32:06 --> User IP: ::1
DEBUG - 2025-08-22 12:32:07 --> Session: Class initialized using 'CodeIgniter\Session\Handlers\FileHandler' driver.
DEBUG - 2025-08-22 12:32:07 --> User IP: ::1
DEBUG - 2025-08-22 12:33:54 --> Session: Class initialized using 'CodeIgniter\Session\Handlers\FileHandler' driver.
DEBUG - 2025-08-22 12:33:54 --> User IP: ::1
DEBUG - 2025-08-22 12:34:01 --> Session: Class initialized using 'CodeIgniter\Session\Handlers\FileHandler' driver.
DEBUG - 2025-08-22 12:34:01 --> User IP: ::1
DEBUG - 2025-08-22 12:34:03 --> Session: Class initialized using 'CodeIgniter\Session\Handlers\FileHandler' driver.
DEBUG - 2025-08-22 12:34:03 --> User IP: ::1
DEBUG - 2025-08-22 12:34:05 --> Session: Class initialized using 'CodeIgniter\Session\Handlers\FileHandler' driver.
DEBUG - 2025-08-22 12:34:05 --> User IP: ::1
DEBUG - 2025-08-22 12:34:25 --> Session: Class initialized using 'CodeIgniter\Session\Handlers\FileHandler' driver.
DEBUG - 2025-08-22 12:34:25 --> User IP: ::1
DEBUG - 2025-08-22 12:34:25 --> Session: Class initialized using 'CodeIgniter\Session\Handlers\FileHandler' driver.
DEBUG - 2025-08-22 12:34:25 --> User IP: ::1
DEBUG - 2025-08-22 12:38:24 --> Session: Class initialized using 'CodeIgniter\Session\Handlers\FileHandler' driver.
DEBUG - 2025-08-22 12:38:24 --> User IP: ::1
DEBUG - 2025-08-22 12:38:36 --> Session: Class initialized using 'CodeIgniter\Session\Handlers\FileHandler' driver.
DEBUG - 2025-08-22 12:38:36 --> User IP: ::1
DEBUG - 2025-08-22 12:38:38 --> Session: Class initialized using 'CodeIgniter\Session\Handlers\FileHandler' driver.
DEBUG - 2025-08-22 12:38:38 --> User IP: ::1
DEBUG - 2025-08-22 12:38:40 --> Session: Class initialized using 'CodeIgniter\Session\Handlers\FileHandler' driver.
DEBUG - 2025-08-22 12:38:40 --> User IP: ::1
DEBUG - 2025-08-22 12:39:09 --> Session: Class initialized using 'CodeIgniter\Session\Handlers\FileHandler' driver.
DEBUG - 2025-08-22 12:39:09 --> User IP: ::1
DEBUG - 2025-08-22 12:39:31 --> Session: Class initialized using 'CodeIgniter\Session\Handlers\FileHandler' driver.
DEBUG - 2025-08-22 12:39:31 --> User IP: ::1
DEBUG - 2025-08-22 12:39:48 --> Session: Class initialized using 'CodeIgniter\Session\Handlers\FileHandler' driver.
DEBUG - 2025-08-22 12:39:48 --> User IP: ::1
DEBUG - 2025-08-22 12:41:42 --> Session: Class initialized using 'CodeIgniter\Session\Handlers\FileHandler' driver.
DEBUG - 2025-08-22 12:41:42 --> User IP: ::1
DEBUG - 2025-08-22 12:43:03 --> Session: Class initialized using 'CodeIgniter\Session\Handlers\FileHandler' driver.
DEBUG - 2025-08-22 12:43:03 --> User IP: ::1
DEBUG - 2025-08-22 12:43:04 --> Session: Class initialized using 'CodeIgniter\Session\Handlers\FileHandler' driver.
DEBUG - 2025-08-22 12:43:04 --> User IP: ::1
DEBUG - 2025-08-22 12:43:43 --> Session: Class initialized using 'CodeIgniter\Session\Handlers\FileHandler' driver.
DEBUG - 2025-08-22 12:43:43 --> User IP: ::1
DEBUG - 2025-08-22 12:43:43 --> Session: Class initialized using 'CodeIgniter\Session\Handlers\FileHandler' driver.
DEBUG - 2025-08-22 12:43:43 --> User IP: ::1
DEBUG - 2025-08-22 12:43:45 --> Session: Class initialized using 'CodeIgniter\Session\Handlers\FileHandler' driver.
DEBUG - 2025-08-22 12:43:45 --> User IP: ::1
DEBUG - 2025-08-22 12:43:48 --> Session: Class initialized using 'CodeIgniter\Session\Handlers\FileHandler' driver.
DEBUG - 2025-08-22 12:43:48 --> User IP: ::1
DEBUG - 2025-08-22 12:43:48 --> Session: Class initialized using 'CodeIgniter\Session\Handlers\FileHandler' driver.
DEBUG - 2025-08-22 12:43:48 --> User IP: ::1
DEBUG - 2025-08-22 12:43:49 --> Session: Class initialized using 'CodeIgniter\Session\Handlers\FileHandler' driver.
DEBUG - 2025-08-22 12:43:50 --> User IP: ::1
DEBUG - 2025-08-22 12:43:52 --> Session: Class initialized using 'CodeIgniter\Session\Handlers\FileHandler' driver.
DEBUG - 2025-08-22 12:43:52 --> User IP: ::1
DEBUG - 2025-08-22 12:44:08 --> Session: Class initialized using 'CodeIgniter\Session\Handlers\FileHandler' driver.
DEBUG - 2025-08-22 12:44:08 --> User IP: ::1
DEBUG - 2025-08-22 12:44:08 --> Session: Class initialized using 'CodeIgniter\Session\Handlers\FileHandler' driver.
DEBUG - 2025-08-22 12:44:08 --> User IP: ::1
DEBUG - 2025-08-22 12:44:21 --> Session: Class initialized using 'CodeIgniter\Session\Handlers\FileHandler' driver.
DEBUG - 2025-08-22 12:44:21 --> User IP: ::1
DEBUG - 2025-08-22 12:44:28 --> Session: Class initialized using 'CodeIgniter\Session\Handlers\FileHandler' driver.
DEBUG - 2025-08-22 12:44:28 --> User IP: ::1
DEBUG - 2025-08-22 12:45:14 --> Session: Class initialized using 'CodeIgniter\Session\Handlers\FileHandler' driver.
DEBUG - 2025-08-22 12:45:14 --> User IP: ::1
DEBUG - 2025-08-22 12:45:14 --> Session: Class initialized using 'CodeIgniter\Session\Handlers\FileHandler' driver.
DEBUG - 2025-08-22 12:45:14 --> User IP: ::1
DEBUG - 2025-08-22 12:45:45 --> Session: Class initialized using 'CodeIgniter\Session\Handlers\FileHandler' driver.
DEBUG - 2025-08-22 12:45:45 --> User IP: ::1
DEBUG - 2025-08-22 12:45:45 --> Session: Class initialized using 'CodeIgniter\Session\Handlers\FileHandler' driver.
DEBUG - 2025-08-22 12:45:45 --> User IP: ::1
DEBUG - 2025-08-22 12:45:53 --> Session: Class initialized using 'CodeIgniter\Session\Handlers\FileHandler' driver.
DEBUG - 2025-08-22 12:45:53 --> User IP: ::1
DEBUG - 2025-08-22 12:47:27 --> Session: Class initialized using 'CodeIgniter\Session\Handlers\FileHandler' driver.
DEBUG - 2025-08-22 12:47:27 --> User IP: ::1
DEBUG - 2025-08-22 12:47:27 --> Session: Class initialized using 'CodeIgniter\Session\Handlers\FileHandler' driver.
DEBUG - 2025-08-22 12:47:27 --> User IP: ::1
DEBUG - 2025-08-22 12:49:59 --> Session: Class initialized using 'CodeIgniter\Session\Handlers\FileHandler' driver.
DEBUG - 2025-08-22 12:49:59 --> User IP: ::1
