DEBUG - 2025-07-10 09:54:58 --> User IP: ::1
DEBUG - 2025-07-10 09:54:58 --> Session: Class initialized using 'CodeIgniter\Session\Handlers\FileHandler' driver.
DEBUG - 2025-07-10 09:54:59 --> User IP: ::1
DEBUG - 2025-07-10 09:54:59 --> User IP: ::1
DEBUG - 2025-07-10 09:54:59 --> User IP: ::1
DEBUG - 2025-07-10 09:55:11 --> User IP: ::1
DEBUG - 2025-07-10 09:55:11 --> Session: Class initialized using 'CodeIgniter\Session\Handlers\FileHandler' driver.
DEBUG - 2025-07-10 09:57:02 --> User IP: ::1
DEBUG - 2025-07-10 09:57:02 --> Session: Class initialized using 'CodeIgniter\Session\Handlers\FileHandler' driver.
DEBUG - 2025-07-10 09:57:03 --> User IP: ::1
DEBUG - 2025-07-10 09:57:03 --> Session: Class initialized using 'CodeIgniter\Session\Handlers\FileHandler' driver.
DEBUG - 2025-07-10 09:58:31 --> User IP: ::1
DEBUG - 2025-07-10 09:58:31 --> Session: Class initialized using 'CodeIgniter\Session\Handlers\FileHandler' driver.
DEBUG - 2025-07-10 09:58:34 --> User IP: ::1
DEBUG - 2025-07-10 09:58:34 --> Session: Class initialized using 'CodeIgniter\Session\Handlers\FileHandler' driver.
DEBUG - 2025-07-10 09:58:54 --> User IP: ::1
DEBUG - 2025-07-10 09:58:54 --> Session: Class initialized using 'CodeIgniter\Session\Handlers\FileHandler' driver.
DEBUG - 2025-07-10 09:59:14 --> User IP: ::1
DEBUG - 2025-07-10 09:59:14 --> Session: Class initialized using 'CodeIgniter\Session\Handlers\FileHandler' driver.
DEBUG - 2025-07-10 10:00:42 --> User IP: ::1
DEBUG - 2025-07-10 10:00:42 --> Session: Class initialized using 'CodeIgniter\Session\Handlers\FileHandler' driver.
DEBUG - 2025-07-10 10:00:43 --> User IP: ::1
DEBUG - 2025-07-10 10:00:43 --> Session: Class initialized using 'CodeIgniter\Session\Handlers\FileHandler' driver.
DEBUG - 2025-07-10 10:01:11 --> User IP: ::1
DEBUG - 2025-07-10 10:01:11 --> Session: Class initialized using 'CodeIgniter\Session\Handlers\FileHandler' driver.
DEBUG - 2025-07-10 10:01:30 --> User IP: ::1
DEBUG - 2025-07-10 10:01:30 --> Session: Class initialized using 'CodeIgniter\Session\Handlers\FileHandler' driver.
DEBUG - 2025-07-10 10:01:40 --> User IP: ::1
DEBUG - 2025-07-10 10:01:40 --> Session: Class initialized using 'CodeIgniter\Session\Handlers\FileHandler' driver.
DEBUG - 2025-07-10 10:01:41 --> User IP: ::1
DEBUG - 2025-07-10 10:01:41 --> Session: Class initialized using 'CodeIgniter\Session\Handlers\FileHandler' driver.
DEBUG - 2025-07-10 10:01:53 --> User IP: ::1
DEBUG - 2025-07-10 10:01:53 --> Session: Class initialized using 'CodeIgniter\Session\Handlers\FileHandler' driver.
DEBUG - 2025-07-10 10:01:54 --> User IP: ::1
DEBUG - 2025-07-10 10:01:54 --> Session: Class initialized using 'CodeIgniter\Session\Handlers\FileHandler' driver.
DEBUG - 2025-07-10 10:01:59 --> User IP: ::1
DEBUG - 2025-07-10 10:01:59 --> Session: Class initialized using 'CodeIgniter\Session\Handlers\FileHandler' driver.
DEBUG - 2025-07-10 10:02:04 --> User IP: ::1
DEBUG - 2025-07-10 10:02:04 --> Session: Class initialized using 'CodeIgniter\Session\Handlers\FileHandler' driver.
DEBUG - 2025-07-10 10:02:04 --> User IP: ::1
DEBUG - 2025-07-10 10:02:18 --> User IP: ::1
DEBUG - 2025-07-10 10:02:18 --> Session: Class initialized using 'CodeIgniter\Session\Handlers\FileHandler' driver.
DEBUG - 2025-07-10 10:03:28 --> User IP: ::1
DEBUG - 2025-07-10 10:03:28 --> Session: Class initialized using 'CodeIgniter\Session\Handlers\FileHandler' driver.
DEBUG - 2025-07-10 10:03:40 --> User IP: ::1
DEBUG - 2025-07-10 10:03:40 --> Session: Class initialized using 'CodeIgniter\Session\Handlers\FileHandler' driver.
DEBUG - 2025-07-10 10:03:41 --> User IP: ::1
DEBUG - 2025-07-10 10:03:41 --> Session: Class initialized using 'CodeIgniter\Session\Handlers\FileHandler' driver.
DEBUG - 2025-07-10 10:03:48 --> User IP: ::1
DEBUG - 2025-07-10 10:03:48 --> Session: Class initialized using 'CodeIgniter\Session\Handlers\FileHandler' driver.
DEBUG - 2025-07-10 10:03:52 --> User IP: ::1
DEBUG - 2025-07-10 10:03:52 --> Session: Class initialized using 'CodeIgniter\Session\Handlers\FileHandler' driver.
DEBUG - 2025-07-10 10:03:55 --> User IP: ::1
DEBUG - 2025-07-10 10:03:55 --> Session: Class initialized using 'CodeIgniter\Session\Handlers\FileHandler' driver.
DEBUG - 2025-07-10 10:05:40 --> User IP: ::1
DEBUG - 2025-07-10 10:05:40 --> Session: Class initialized using 'CodeIgniter\Session\Handlers\FileHandler' driver.
DEBUG - 2025-07-10 10:05:55 --> User IP: ::1
DEBUG - 2025-07-10 10:05:55 --> Session: Class initialized using 'CodeIgniter\Session\Handlers\FileHandler' driver.
DEBUG - 2025-07-10 10:05:55 --> User IP: ::1
DEBUG - 2025-07-10 10:05:55 --> Session: Class initialized using 'CodeIgniter\Session\Handlers\FileHandler' driver.
DEBUG - 2025-07-10 10:06:08 --> User IP: ::1
DEBUG - 2025-07-10 10:06:08 --> Session: Class initialized using 'CodeIgniter\Session\Handlers\FileHandler' driver.
DEBUG - 2025-07-10 10:19:35 --> User IP: ::1
DEBUG - 2025-07-10 10:19:35 --> Session: Class initialized using 'CodeIgniter\Session\Handlers\FileHandler' driver.
DEBUG - 2025-07-10 10:19:37 --> User IP: ::1
DEBUG - 2025-07-10 10:19:37 --> Session: Class initialized using 'CodeIgniter\Session\Handlers\FileHandler' driver.
DEBUG - 2025-07-10 10:19:39 --> User IP: ::1
DEBUG - 2025-07-10 10:19:39 --> Session: Class initialized using 'CodeIgniter\Session\Handlers\FileHandler' driver.
DEBUG - 2025-07-10 10:19:41 --> User IP: ::1
DEBUG - 2025-07-10 10:19:41 --> Session: Class initialized using 'CodeIgniter\Session\Handlers\FileHandler' driver.
DEBUG - 2025-07-10 10:19:43 --> User IP: ::1
DEBUG - 2025-07-10 10:19:43 --> Session: Class initialized using 'CodeIgniter\Session\Handlers\FileHandler' driver.
DEBUG - 2025-07-10 10:19:47 --> User IP: ::1
DEBUG - 2025-07-10 10:19:47 --> Session: Class initialized using 'CodeIgniter\Session\Handlers\FileHandler' driver.
DEBUG - 2025-07-10 10:19:56 --> User IP: ::1
DEBUG - 2025-07-10 10:19:56 --> Session: Class initialized using 'CodeIgniter\Session\Handlers\FileHandler' driver.
DEBUG - 2025-07-10 10:19:56 --> User IP: ::1
DEBUG - 2025-07-10 10:19:56 --> User IP: ::1
DEBUG - 2025-07-10 10:19:57 --> User IP: ::1
DEBUG - 2025-07-10 10:20:11 --> User IP: ::1
DEBUG - 2025-07-10 10:20:16 --> User IP: ::1
DEBUG - 2025-07-10 10:20:29 --> User IP: ::1
DEBUG - 2025-07-10 10:20:29 --> User IP: ::1
DEBUG - 2025-07-10 10:20:59 --> User IP: ::1
CRITICAL - 2025-07-10 10:20:59 --> ArgumentCountError: Too few arguments to function App\Controllers\PayRole::accounting(), 0 passed in C:\xampp\htdocs\gighz\system\CodeIgniter.php on line 933 and exactly 1 expected
[Method: GET, Route: payrole/accounting]
in APPPATH\Controllers\PayRole.php on line 1275.
 1 SYSTEMPATH\CodeIgniter.php(933): App\Controllers\PayRole->accounting()
 2 SYSTEMPATH\CodeIgniter.php(509): CodeIgniter\CodeIgniter->runController(Object(App\Controllers\PayRole))
 3 SYSTEMPATH\CodeIgniter.php(355): CodeIgniter\CodeIgniter->handleRequest(null, Object(Config\Cache), false)
 4 SYSTEMPATH\Boot.php(334): CodeIgniter\CodeIgniter->run()
 5 SYSTEMPATH\Boot.php(67): CodeIgniter\Boot::runCodeIgniter(Object(CodeIgniter\CodeIgniter))
 6 FCPATH\index.php(56): CodeIgniter\Boot::bootWeb(Object(Config\Paths))
DEBUG - 2025-07-10 10:21:33 --> User IP: ::1
DEBUG - 2025-07-10 10:21:33 --> Session: Class initialized using 'CodeIgniter\Session\Handlers\FileHandler' driver.
DEBUG - 2025-07-10 10:21:33 --> User IP: ::1
DEBUG - 2025-07-10 10:21:37 --> User IP: ::1
DEBUG - 2025-07-10 10:21:37 --> Session: Class initialized using 'CodeIgniter\Session\Handlers\FileHandler' driver.
DEBUG - 2025-07-10 10:21:38 --> User IP: ::1
DEBUG - 2025-07-10 10:21:56 --> User IP: ::1
DEBUG - 2025-07-10 10:21:56 --> Session: Class initialized using 'CodeIgniter\Session\Handlers\FileHandler' driver.
DEBUG - 2025-07-10 10:21:56 --> User IP: ::1
DEBUG - 2025-07-10 10:39:18 --> User IP: ::1
ERROR - 2025-07-10 10:39:18 --> mysqli_sql_exception: You have an error in your SQL syntax; check the manual that corresponds to your MySQL server version for the right syntax to use near 'TABLE employees SET attendance_id = '180' WHERE emp_id = NULL' at line 1 in C:\xampp\htdocs\gighz\system\Database\MySQLi\Connection.php:312
Stack trace:
#0 C:\xampp\htdocs\gighz\system\Database\MySQLi\Connection.php(312): mysqli->query('UPDATE TABLE em...', 0)
#1 C:\xampp\htdocs\gighz\system\Database\BaseConnection.php(734): CodeIgniter\Database\MySQLi\Connection->execute('UPDATE TABLE em...')
#2 C:\xampp\htdocs\gighz\system\Database\BaseConnection.php(648): CodeIgniter\Database\BaseConnection->simpleQuery('UPDATE TABLE em...')
#3 C:\xampp\htdocs\gighz\app\Controllers\PayRole.php(1526): CodeIgniter\Database\BaseConnection->query('UPDATE TABLE em...', Array)
#4 C:\xampp\htdocs\gighz\system\CodeIgniter.php(933): App\Controllers\PayRole->addattendanceid()
#5 C:\xampp\htdocs\gighz\system\CodeIgniter.php(509): CodeIgniter\CodeIgniter->runController(Object(App\Controllers\PayRole))
#6 C:\xampp\htdocs\gighz\system\CodeIgniter.php(355): CodeIgniter\CodeIgniter->handleRequest(NULL, Object(Config\Cache), false)
#7 C:\xampp\htdocs\gighz\system\Boot.php(334): CodeIgniter\CodeIgniter->run()
#8 C:\xampp\htdocs\gighz\system\Boot.php(67): CodeIgniter\Boot::runCodeIgniter(Object(CodeIgniter\CodeIgniter))
#9 C:\xampp\htdocs\gighz\public\index.php(56): CodeIgniter\Boot::bootWeb(Object(Config\Paths))
#10 {main}
CRITICAL - 2025-07-10 10:39:18 --> CodeIgniter\Database\Exceptions\DatabaseException: You have an error in your SQL syntax; check the manual that corresponds to your MySQL server version for the right syntax to use near 'TABLE employees SET attendance_id = '180' WHERE emp_id = NULL' at line 1
[Method: GET, Route: payrole/addattendanceid]
in SYSTEMPATH\Database\BaseConnection.php on line 688.
 1 APPPATH\Controllers\PayRole.php(1526): CodeIgniter\Database\BaseConnection->query('UPDATE TABLE employees SET attendance_id = ? WHERE emp_id = ?', [...])
 2 SYSTEMPATH\CodeIgniter.php(933): App\Controllers\PayRole->addattendanceid()
 3 SYSTEMPATH\CodeIgniter.php(509): CodeIgniter\CodeIgniter->runController(Object(App\Controllers\PayRole))
 4 SYSTEMPATH\CodeIgniter.php(355): CodeIgniter\CodeIgniter->handleRequest(null, Object(Config\Cache), false)
 5 SYSTEMPATH\Boot.php(334): CodeIgniter\CodeIgniter->run()
 6 SYSTEMPATH\Boot.php(67): CodeIgniter\Boot::runCodeIgniter(Object(CodeIgniter\CodeIgniter))
 7 FCPATH\index.php(56): CodeIgniter\Boot::bootWeb(Object(Config\Paths))
CRITICAL - 2025-07-10 10:39:18 --> [Caused by] CodeIgniter\Database\Exceptions\DatabaseException: You have an error in your SQL syntax; check the manual that corresponds to your MySQL server version for the right syntax to use near 'TABLE employees SET attendance_id = '180' WHERE emp_id = NULL' at line 1
in SYSTEMPATH\Database\MySQLi\Connection.php on line 317.
 1 SYSTEMPATH\Database\BaseConnection.php(734): CodeIgniter\Database\MySQLi\Connection->execute('UPDATE TABLE employees SET attendance_id = \'180\' WHERE emp_id = NULL')
 2 SYSTEMPATH\Database\BaseConnection.php(648): CodeIgniter\Database\BaseConnection->simpleQuery('UPDATE TABLE employees SET attendance_id = \'180\' WHERE emp_id = NULL')
 3 APPPATH\Controllers\PayRole.php(1526): CodeIgniter\Database\BaseConnection->query('UPDATE TABLE employees SET attendance_id = ? WHERE emp_id = ?', [...])
 4 SYSTEMPATH\CodeIgniter.php(933): App\Controllers\PayRole->addattendanceid()
 5 SYSTEMPATH\CodeIgniter.php(509): CodeIgniter\CodeIgniter->runController(Object(App\Controllers\PayRole))
 6 SYSTEMPATH\CodeIgniter.php(355): CodeIgniter\CodeIgniter->handleRequest(null, Object(Config\Cache), false)
 7 SYSTEMPATH\Boot.php(334): CodeIgniter\CodeIgniter->run()
 8 SYSTEMPATH\Boot.php(67): CodeIgniter\Boot::runCodeIgniter(Object(CodeIgniter\CodeIgniter))
 9 FCPATH\index.php(56): CodeIgniter\Boot::bootWeb(Object(Config\Paths))
CRITICAL - 2025-07-10 10:39:18 --> [Caused by] mysqli_sql_exception: You have an error in your SQL syntax; check the manual that corresponds to your MySQL server version for the right syntax to use near 'TABLE employees SET attendance_id = '180' WHERE emp_id = NULL' at line 1
in SYSTEMPATH\Database\MySQLi\Connection.php on line 312.
 1 SYSTEMPATH\Database\MySQLi\Connection.php(312): mysqli->query('UPDATE TABLE employees SET attendance_id = \'180\' WHERE emp_id = NULL', 0)
 2 SYSTEMPATH\Database\BaseConnection.php(734): CodeIgniter\Database\MySQLi\Connection->execute('UPDATE TABLE employees SET attendance_id = \'180\' WHERE emp_id = NULL')
 3 SYSTEMPATH\Database\BaseConnection.php(648): CodeIgniter\Database\BaseConnection->simpleQuery('UPDATE TABLE employees SET attendance_id = \'180\' WHERE emp_id = NULL')
 4 APPPATH\Controllers\PayRole.php(1526): CodeIgniter\Database\BaseConnection->query('UPDATE TABLE employees SET attendance_id = ? WHERE emp_id = ?', [...])
 5 SYSTEMPATH\CodeIgniter.php(933): App\Controllers\PayRole->addattendanceid()
 6 SYSTEMPATH\CodeIgniter.php(509): CodeIgniter\CodeIgniter->runController(Object(App\Controllers\PayRole))
 7 SYSTEMPATH\CodeIgniter.php(355): CodeIgniter\CodeIgniter->handleRequest(null, Object(Config\Cache), false)
 8 SYSTEMPATH\Boot.php(334): CodeIgniter\CodeIgniter->run()
 9 SYSTEMPATH\Boot.php(67): CodeIgniter\Boot::runCodeIgniter(Object(CodeIgniter\CodeIgniter))
10 FCPATH\index.php(56): CodeIgniter\Boot::bootWeb(Object(Config\Paths))
DEBUG - 2025-07-10 10:40:58 --> User IP: ::1
ERROR - 2025-07-10 10:40:58 --> mysqli_sql_exception: You have an error in your SQL syntax; check the manual that corresponds to your MySQL server version for the right syntax to use near 'TABLE employees SET attendance_id = '27' WHERE emp_id = 'GZ29'' at line 1 in C:\xampp\htdocs\gighz\system\Database\MySQLi\Connection.php:312
Stack trace:
#0 C:\xampp\htdocs\gighz\system\Database\MySQLi\Connection.php(312): mysqli->query('UPDATE TABLE em...', 0)
#1 C:\xampp\htdocs\gighz\system\Database\BaseConnection.php(734): CodeIgniter\Database\MySQLi\Connection->execute('UPDATE TABLE em...')
#2 C:\xampp\htdocs\gighz\system\Database\BaseConnection.php(648): CodeIgniter\Database\BaseConnection->simpleQuery('UPDATE TABLE em...')
#3 C:\xampp\htdocs\gighz\app\Controllers\PayRole.php(1527): CodeIgniter\Database\BaseConnection->query('UPDATE TABLE em...', Array)
#4 C:\xampp\htdocs\gighz\system\CodeIgniter.php(933): App\Controllers\PayRole->addattendanceid()
#5 C:\xampp\htdocs\gighz\system\CodeIgniter.php(509): CodeIgniter\CodeIgniter->runController(Object(App\Controllers\PayRole))
#6 C:\xampp\htdocs\gighz\system\CodeIgniter.php(355): CodeIgniter\CodeIgniter->handleRequest(NULL, Object(Config\Cache), false)
#7 C:\xampp\htdocs\gighz\system\Boot.php(334): CodeIgniter\CodeIgniter->run()
#8 C:\xampp\htdocs\gighz\system\Boot.php(67): CodeIgniter\Boot::runCodeIgniter(Object(CodeIgniter\CodeIgniter))
#9 C:\xampp\htdocs\gighz\public\index.php(56): CodeIgniter\Boot::bootWeb(Object(Config\Paths))
#10 {main}
CRITICAL - 2025-07-10 10:40:58 --> CodeIgniter\Database\Exceptions\DatabaseException: You have an error in your SQL syntax; check the manual that corresponds to your MySQL server version for the right syntax to use near 'TABLE employees SET attendance_id = '27' WHERE emp_id = 'GZ29'' at line 1
[Method: GET, Route: payrole/addattendanceid]
in SYSTEMPATH\Database\BaseConnection.php on line 688.
 1 APPPATH\Controllers\PayRole.php(1527): CodeIgniter\Database\BaseConnection->query('UPDATE TABLE employees SET attendance_id = ? WHERE emp_id = ?', [...])
 2 SYSTEMPATH\CodeIgniter.php(933): App\Controllers\PayRole->addattendanceid()
 3 SYSTEMPATH\CodeIgniter.php(509): CodeIgniter\CodeIgniter->runController(Object(App\Controllers\PayRole))
 4 SYSTEMPATH\CodeIgniter.php(355): CodeIgniter\CodeIgniter->handleRequest(null, Object(Config\Cache), false)
 5 SYSTEMPATH\Boot.php(334): CodeIgniter\CodeIgniter->run()
 6 SYSTEMPATH\Boot.php(67): CodeIgniter\Boot::runCodeIgniter(Object(CodeIgniter\CodeIgniter))
 7 FCPATH\index.php(56): CodeIgniter\Boot::bootWeb(Object(Config\Paths))
CRITICAL - 2025-07-10 10:40:58 --> [Caused by] CodeIgniter\Database\Exceptions\DatabaseException: You have an error in your SQL syntax; check the manual that corresponds to your MySQL server version for the right syntax to use near 'TABLE employees SET attendance_id = '27' WHERE emp_id = 'GZ29'' at line 1
in SYSTEMPATH\Database\MySQLi\Connection.php on line 317.
 1 SYSTEMPATH\Database\BaseConnection.php(734): CodeIgniter\Database\MySQLi\Connection->execute('UPDATE TABLE employees SET attendance_id = \'27\' WHERE emp_id = \'GZ29\'')
 2 SYSTEMPATH\Database\BaseConnection.php(648): CodeIgniter\Database\BaseConnection->simpleQuery('UPDATE TABLE employees SET attendance_id = \'27\' WHERE emp_id = \'GZ29\'')
 3 APPPATH\Controllers\PayRole.php(1527): CodeIgniter\Database\BaseConnection->query('UPDATE TABLE employees SET attendance_id = ? WHERE emp_id = ?', [...])
 4 SYSTEMPATH\CodeIgniter.php(933): App\Controllers\PayRole->addattendanceid()
 5 SYSTEMPATH\CodeIgniter.php(509): CodeIgniter\CodeIgniter->runController(Object(App\Controllers\PayRole))
 6 SYSTEMPATH\CodeIgniter.php(355): CodeIgniter\CodeIgniter->handleRequest(null, Object(Config\Cache), false)
 7 SYSTEMPATH\Boot.php(334): CodeIgniter\CodeIgniter->run()
 8 SYSTEMPATH\Boot.php(67): CodeIgniter\Boot::runCodeIgniter(Object(CodeIgniter\CodeIgniter))
 9 FCPATH\index.php(56): CodeIgniter\Boot::bootWeb(Object(Config\Paths))
CRITICAL - 2025-07-10 10:40:58 --> [Caused by] mysqli_sql_exception: You have an error in your SQL syntax; check the manual that corresponds to your MySQL server version for the right syntax to use near 'TABLE employees SET attendance_id = '27' WHERE emp_id = 'GZ29'' at line 1
in SYSTEMPATH\Database\MySQLi\Connection.php on line 312.
 1 SYSTEMPATH\Database\MySQLi\Connection.php(312): mysqli->query('UPDATE TABLE employees SET attendance_id = \'27\' WHERE emp_id = \'GZ29\'', 0)
 2 SYSTEMPATH\Database\BaseConnection.php(734): CodeIgniter\Database\MySQLi\Connection->execute('UPDATE TABLE employees SET attendance_id = \'27\' WHERE emp_id = \'GZ29\'')
 3 SYSTEMPATH\Database\BaseConnection.php(648): CodeIgniter\Database\BaseConnection->simpleQuery('UPDATE TABLE employees SET attendance_id = \'27\' WHERE emp_id = \'GZ29\'')
 4 APPPATH\Controllers\PayRole.php(1527): CodeIgniter\Database\BaseConnection->query('UPDATE TABLE employees SET attendance_id = ? WHERE emp_id = ?', [...])
 5 SYSTEMPATH\CodeIgniter.php(933): App\Controllers\PayRole->addattendanceid()
 6 SYSTEMPATH\CodeIgniter.php(509): CodeIgniter\CodeIgniter->runController(Object(App\Controllers\PayRole))
 7 SYSTEMPATH\CodeIgniter.php(355): CodeIgniter\CodeIgniter->handleRequest(null, Object(Config\Cache), false)
 8 SYSTEMPATH\Boot.php(334): CodeIgniter\CodeIgniter->run()
 9 SYSTEMPATH\Boot.php(67): CodeIgniter\Boot::runCodeIgniter(Object(CodeIgniter\CodeIgniter))
10 FCPATH\index.php(56): CodeIgniter\Boot::bootWeb(Object(Config\Paths))
DEBUG - 2025-07-10 10:41:37 --> User IP: ::1
DEBUG - 2025-07-10 11:02:07 --> User IP: ::1
DEBUG - 2025-07-10 11:02:07 --> Session: Class initialized using 'CodeIgniter\Session\Handlers\FileHandler' driver.
DEBUG - 2025-07-10 11:02:17 --> User IP: ::1
DEBUG - 2025-07-10 11:02:17 --> Session: Class initialized using 'CodeIgniter\Session\Handlers\FileHandler' driver.
DEBUG - 2025-07-10 11:02:17 --> User IP: ::1
DEBUG - 2025-07-10 11:02:17 --> Session: Class initialized using 'CodeIgniter\Session\Handlers\FileHandler' driver.
DEBUG - 2025-07-10 11:02:20 --> User IP: ::1
DEBUG - 2025-07-10 11:02:20 --> Session: Class initialized using 'CodeIgniter\Session\Handlers\FileHandler' driver.
DEBUG - 2025-07-10 11:02:24 --> User IP: ::1
DEBUG - 2025-07-10 11:02:24 --> Session: Class initialized using 'CodeIgniter\Session\Handlers\FileHandler' driver.
DEBUG - 2025-07-10 12:09:01 --> User IP: ::1
DEBUG - 2025-07-10 12:09:01 --> Session: Class initialized using 'CodeIgniter\Session\Handlers\FileHandler' driver.
DEBUG - 2025-07-10 12:09:02 --> User IP: ::1
DEBUG - 2025-07-10 12:09:02 --> Session: Class initialized using 'CodeIgniter\Session\Handlers\FileHandler' driver.
DEBUG - 2025-07-10 12:09:17 --> User IP: ::1
DEBUG - 2025-07-10 12:09:17 --> Session: Class initialized using 'CodeIgniter\Session\Handlers\FileHandler' driver.
DEBUG - 2025-07-10 12:09:17 --> User IP: ::1
DEBUG - 2025-07-10 12:09:17 --> Session: Class initialized using 'CodeIgniter\Session\Handlers\FileHandler' driver.
DEBUG - 2025-07-10 12:09:21 --> User IP: ::1
DEBUG - 2025-07-10 12:09:21 --> Session: Class initialized using 'CodeIgniter\Session\Handlers\FileHandler' driver.
DEBUG - 2025-07-10 12:09:23 --> User IP: ::1
DEBUG - 2025-07-10 12:09:23 --> Session: Class initialized using 'CodeIgniter\Session\Handlers\FileHandler' driver.
DEBUG - 2025-07-10 12:10:20 --> User IP: ::1
DEBUG - 2025-07-10 12:10:20 --> Session: Class initialized using 'CodeIgniter\Session\Handlers\FileHandler' driver.
DEBUG - 2025-07-10 12:10:22 --> User IP: ::1
DEBUG - 2025-07-10 12:10:22 --> Session: Class initialized using 'CodeIgniter\Session\Handlers\FileHandler' driver.
DEBUG - 2025-07-10 12:26:48 --> User IP: ::1
DEBUG - 2025-07-10 12:26:48 --> Session: Class initialized using 'CodeIgniter\Session\Handlers\FileHandler' driver.
DEBUG - 2025-07-10 12:26:53 --> User IP: ::1
DEBUG - 2025-07-10 12:26:53 --> Session: Class initialized using 'CodeIgniter\Session\Handlers\FileHandler' driver.
