DEBUG - 2025-08-10 04:10:19 --> Session: Class initialized using 'CodeIgniter\Session\Handlers\FileHandler' driver.
DEBUG - 2025-08-10 04:10:19 --> User IP: ::1
DEBUG - 2025-08-10 04:10:21 --> Session: Class initialized using 'CodeIgniter\Session\Handlers\FileHandler' driver.
DEBUG - 2025-08-10 04:10:21 --> User IP: ::1
DEBUG - 2025-08-10 04:10:22 --> Session: Class initialized using 'CodeIgniter\Session\Handlers\FileHandler' driver.
DEBUG - 2025-08-10 04:10:22 --> User IP: ::1
DEBUG - 2025-08-10 04:11:17 --> Session: Class initialized using 'CodeIgniter\Session\Handlers\FileHandler' driver.
DEBUG - 2025-08-10 04:11:17 --> User IP: ::1
DEBUG - 2025-08-10 04:11:29 --> Session: Class initialized using 'CodeIgniter\Session\Handlers\FileHandler' driver.
CRITICAL - 2025-08-10 04:11:29 --> CodeIgniter\HTTP\Exceptions\BadRequestException: The URI you submitted has disallowed characters: "[]"
[Method: GET, Route: uploads/employee_doc/GZ44/serving/appraisal/%5B%5D]
in SYSTEMPATH\Router\Router.php on line 737.
 1 SYSTEMPATH\Router\Router.php(204): CodeIgniter\Router\Router->checkDisallowedChars('uploads/employee_doc/GZ44/serving/appraisal/[]')
 2 SYSTEMPATH\CodeIgniter.php(834): CodeIgniter\Router\Router->handle('uploads/employee_doc/GZ44/serving/appraisal/[]')
 3 SYSTEMPATH\CodeIgniter.php(457): CodeIgniter\CodeIgniter->tryToRouteIt(Object(CodeIgniter\Router\RouteCollection))
 4 SYSTEMPATH\CodeIgniter.php(355): CodeIgniter\CodeIgniter->handleRequest(null, Object(Config\Cache), false)
 5 SYSTEMPATH\Boot.php(334): CodeIgniter\CodeIgniter->run()
 6 SYSTEMPATH\Boot.php(67): CodeIgniter\Boot::runCodeIgniter(Object(CodeIgniter\CodeIgniter))
 7 FCPATH\index.php(56): CodeIgniter\Boot::bootWeb(Object(Config\Paths))
DEBUG - 2025-08-10 04:11:34 --> Session: Class initialized using 'CodeIgniter\Session\Handlers\FileHandler' driver.
DEBUG - 2025-08-10 04:11:34 --> User IP: ::1
DEBUG - 2025-08-10 04:11:39 --> Session: Class initialized using 'CodeIgniter\Session\Handlers\FileHandler' driver.
DEBUG - 2025-08-10 04:11:39 --> User IP: ::1
DEBUG - 2025-08-10 04:22:09 --> Session: Class initialized using 'CodeIgniter\Session\Handlers\FileHandler' driver.
DEBUG - 2025-08-10 04:22:09 --> User IP: ::1
DEBUG - 2025-08-10 04:22:13 --> Session: Class initialized using 'CodeIgniter\Session\Handlers\FileHandler' driver.
DEBUG - 2025-08-10 04:22:13 --> User IP: ::1
DEBUG - 2025-08-10 04:22:34 --> Session: Class initialized using 'CodeIgniter\Session\Handlers\FileHandler' driver.
DEBUG - 2025-08-10 04:22:34 --> User IP: ::1
DEBUG - 2025-08-10 04:22:36 --> Session: Class initialized using 'CodeIgniter\Session\Handlers\FileHandler' driver.
DEBUG - 2025-08-10 04:22:36 --> User IP: ::1
DEBUG - 2025-08-10 04:27:34 --> Session: Class initialized using 'CodeIgniter\Session\Handlers\FileHandler' driver.
DEBUG - 2025-08-10 04:27:34 --> User IP: ::1
DEBUG - 2025-08-10 04:50:48 --> Session: Class initialized using 'CodeIgniter\Session\Handlers\FileHandler' driver.
DEBUG - 2025-08-10 04:50:48 --> User IP: ::1
DEBUG - 2025-08-10 05:02:46 --> Session: Class initialized using 'CodeIgniter\Session\Handlers\FileHandler' driver.
DEBUG - 2025-08-10 05:02:46 --> User IP: ::1
DEBUG - 2025-08-10 06:15:17 --> Session: Class initialized using 'CodeIgniter\Session\Handlers\FileHandler' driver.
DEBUG - 2025-08-10 06:15:17 --> User IP: ::1
DEBUG - 2025-08-10 06:19:27 --> Session: Class initialized using 'CodeIgniter\Session\Handlers\FileHandler' driver.
DEBUG - 2025-08-10 06:19:27 --> User IP: ::1
DEBUG - 2025-08-10 06:20:20 --> Session: Class initialized using 'CodeIgniter\Session\Handlers\FileHandler' driver.
DEBUG - 2025-08-10 06:20:20 --> User IP: ::1
DEBUG - 2025-08-10 06:20:28 --> Session: Class initialized using 'CodeIgniter\Session\Handlers\FileHandler' driver.
DEBUG - 2025-08-10 06:20:28 --> User IP: ::1
DEBUG - 2025-08-10 06:21:05 --> Session: Class initialized using 'CodeIgniter\Session\Handlers\FileHandler' driver.
DEBUG - 2025-08-10 06:21:05 --> User IP: ::1
DEBUG - 2025-08-10 06:21:17 --> Session: Class initialized using 'CodeIgniter\Session\Handlers\FileHandler' driver.
DEBUG - 2025-08-10 06:21:17 --> User IP: ::1
DEBUG - 2025-08-10 06:21:40 --> Session: Class initialized using 'CodeIgniter\Session\Handlers\FileHandler' driver.
DEBUG - 2025-08-10 06:21:40 --> User IP: ::1
DEBUG - 2025-08-10 06:21:51 --> Session: Class initialized using 'CodeIgniter\Session\Handlers\FileHandler' driver.
DEBUG - 2025-08-10 06:21:51 --> User IP: ::1
DEBUG - 2025-08-10 06:24:13 --> Session: Class initialized using 'CodeIgniter\Session\Handlers\FileHandler' driver.
DEBUG - 2025-08-10 06:24:13 --> User IP: ::1
DEBUG - 2025-08-10 06:24:46 --> Session: Class initialized using 'CodeIgniter\Session\Handlers\FileHandler' driver.
DEBUG - 2025-08-10 06:24:46 --> User IP: ::1
DEBUG - 2025-08-10 06:24:56 --> Session: Class initialized using 'CodeIgniter\Session\Handlers\FileHandler' driver.
DEBUG - 2025-08-10 06:24:56 --> User IP: ::1
DEBUG - 2025-08-10 06:55:51 --> Session: Class initialized using 'CodeIgniter\Session\Handlers\FileHandler' driver.
DEBUG - 2025-08-10 06:55:51 --> User IP: ::1
DEBUG - 2025-08-10 06:56:30 --> Session: Class initialized using 'CodeIgniter\Session\Handlers\FileHandler' driver.
DEBUG - 2025-08-10 06:56:30 --> User IP: ::1
DEBUG - 2025-08-10 07:20:16 --> Session: Class initialized using 'CodeIgniter\Session\Handlers\FileHandler' driver.
DEBUG - 2025-08-10 07:20:16 --> User IP: ::1
DEBUG - 2025-08-10 07:20:18 --> Session: Class initialized using 'CodeIgniter\Session\Handlers\FileHandler' driver.
DEBUG - 2025-08-10 07:20:18 --> User IP: ::1
DEBUG - 2025-08-10 07:20:18 --> Session: Class initialized using 'CodeIgniter\Session\Handlers\FileHandler' driver.
DEBUG - 2025-08-10 07:20:18 --> User IP: ::1
DEBUG - 2025-08-10 07:20:34 --> Session: Class initialized using 'CodeIgniter\Session\Handlers\FileHandler' driver.
DEBUG - 2025-08-10 07:20:34 --> User IP: ::1
DEBUG - 2025-08-10 07:24:59 --> Session: Class initialized using 'CodeIgniter\Session\Handlers\FileHandler' driver.
DEBUG - 2025-08-10 07:24:59 --> User IP: ::1
DEBUG - 2025-08-10 07:25:00 --> Session: Class initialized using 'CodeIgniter\Session\Handlers\FileHandler' driver.
DEBUG - 2025-08-10 07:25:00 --> User IP: ::1
DEBUG - 2025-08-10 07:45:19 --> Session: Class initialized using 'CodeIgniter\Session\Handlers\FileHandler' driver.
DEBUG - 2025-08-10 07:45:19 --> User IP: ::1
DEBUG - 2025-08-10 07:45:19 --> Session: Class initialized using 'CodeIgniter\Session\Handlers\FileHandler' driver.
DEBUG - 2025-08-10 07:45:19 --> User IP: ::1
DEBUG - 2025-08-10 07:45:26 --> Session: Class initialized using 'CodeIgniter\Session\Handlers\FileHandler' driver.
DEBUG - 2025-08-10 07:45:26 --> User IP: ::1
DEBUG - 2025-08-10 07:45:27 --> Session: Class initialized using 'CodeIgniter\Session\Handlers\FileHandler' driver.
DEBUG - 2025-08-10 07:45:27 --> User IP: ::1
DEBUG - 2025-08-10 07:45:37 --> Session: Class initialized using 'CodeIgniter\Session\Handlers\FileHandler' driver.
DEBUG - 2025-08-10 07:45:37 --> User IP: ::1
DEBUG - 2025-08-10 07:45:37 --> Session: Class initialized using 'CodeIgniter\Session\Handlers\FileHandler' driver.
DEBUG - 2025-08-10 07:45:37 --> User IP: ::1
DEBUG - 2025-08-10 07:45:53 --> Session: Class initialized using 'CodeIgniter\Session\Handlers\FileHandler' driver.
DEBUG - 2025-08-10 07:45:53 --> User IP: ::1
DEBUG - 2025-08-10 07:45:53 --> Session: Class initialized using 'CodeIgniter\Session\Handlers\FileHandler' driver.
DEBUG - 2025-08-10 07:45:53 --> User IP: ::1
DEBUG - 2025-08-10 07:52:51 --> Session: Class initialized using 'CodeIgniter\Session\Handlers\FileHandler' driver.
DEBUG - 2025-08-10 07:52:51 --> User IP: ::1
DEBUG - 2025-08-10 08:51:40 --> Session: Class initialized using 'CodeIgniter\Session\Handlers\FileHandler' driver.
DEBUG - 2025-08-10 08:51:40 --> User IP: ::1
DEBUG - 2025-08-10 08:51:43 --> Session: Class initialized using 'CodeIgniter\Session\Handlers\FileHandler' driver.
DEBUG - 2025-08-10 08:51:43 --> User IP: ::1
DEBUG - 2025-08-10 08:51:43 --> Session: Class initialized using 'CodeIgniter\Session\Handlers\FileHandler' driver.
DEBUG - 2025-08-10 08:51:43 --> User IP: ::1
DEBUG - 2025-08-10 08:55:37 --> Session: Class initialized using 'CodeIgniter\Session\Handlers\FileHandler' driver.
DEBUG - 2025-08-10 08:55:37 --> User IP: ::1
DEBUG - 2025-08-10 08:55:53 --> Session: Class initialized using 'CodeIgniter\Session\Handlers\FileHandler' driver.
DEBUG - 2025-08-10 08:55:53 --> User IP: ::1
DEBUG - 2025-08-10 08:56:46 --> Session: Class initialized using 'CodeIgniter\Session\Handlers\FileHandler' driver.
DEBUG - 2025-08-10 08:56:46 --> User IP: ::1
DEBUG - 2025-08-10 09:04:35 --> Session: Class initialized using 'CodeIgniter\Session\Handlers\FileHandler' driver.
DEBUG - 2025-08-10 09:04:35 --> User IP: ::1
DEBUG - 2025-08-10 09:05:26 --> Session: Class initialized using 'CodeIgniter\Session\Handlers\FileHandler' driver.
DEBUG - 2025-08-10 09:05:26 --> User IP: ::1
DEBUG - 2025-08-10 09:05:59 --> Session: Class initialized using 'CodeIgniter\Session\Handlers\FileHandler' driver.
DEBUG - 2025-08-10 09:05:59 --> User IP: ::1
DEBUG - 2025-08-10 09:08:17 --> Session: Class initialized using 'CodeIgniter\Session\Handlers\FileHandler' driver.
DEBUG - 2025-08-10 09:08:17 --> User IP: ::1
DEBUG - 2025-08-10 09:08:42 --> Session: Class initialized using 'CodeIgniter\Session\Handlers\FileHandler' driver.
DEBUG - 2025-08-10 09:08:42 --> User IP: ::1
DEBUG - 2025-08-10 09:09:00 --> Session: Class initialized using 'CodeIgniter\Session\Handlers\FileHandler' driver.
DEBUG - 2025-08-10 09:09:00 --> User IP: ::1
DEBUG - 2025-08-10 09:14:58 --> Session: Class initialized using 'CodeIgniter\Session\Handlers\FileHandler' driver.
DEBUG - 2025-08-10 09:14:58 --> User IP: ::1
DEBUG - 2025-08-10 09:16:47 --> Session: Class initialized using 'CodeIgniter\Session\Handlers\FileHandler' driver.
DEBUG - 2025-08-10 09:16:47 --> User IP: ::1
DEBUG - 2025-08-10 09:18:01 --> Session: Class initialized using 'CodeIgniter\Session\Handlers\FileHandler' driver.
DEBUG - 2025-08-10 09:18:01 --> User IP: ::1
DEBUG - 2025-08-10 09:18:07 --> Session: Class initialized using 'CodeIgniter\Session\Handlers\FileHandler' driver.
DEBUG - 2025-08-10 09:18:07 --> User IP: ::1
DEBUG - 2025-08-10 09:18:13 --> Session: Class initialized using 'CodeIgniter\Session\Handlers\FileHandler' driver.
DEBUG - 2025-08-10 09:18:13 --> User IP: ::1
DEBUG - 2025-08-10 09:18:19 --> Session: Class initialized using 'CodeIgniter\Session\Handlers\FileHandler' driver.
DEBUG - 2025-08-10 09:18:19 --> User IP: ::1
DEBUG - 2025-08-10 09:18:26 --> Session: Class initialized using 'CodeIgniter\Session\Handlers\FileHandler' driver.
DEBUG - 2025-08-10 09:18:26 --> User IP: ::1
DEBUG - 2025-08-10 09:18:29 --> Session: Class initialized using 'CodeIgniter\Session\Handlers\FileHandler' driver.
DEBUG - 2025-08-10 09:18:29 --> User IP: ::1
DEBUG - 2025-08-10 09:18:35 --> Session: Class initialized using 'CodeIgniter\Session\Handlers\FileHandler' driver.
DEBUG - 2025-08-10 09:18:35 --> User IP: ::1
DEBUG - 2025-08-10 09:21:02 --> Session: Class initialized using 'CodeIgniter\Session\Handlers\FileHandler' driver.
DEBUG - 2025-08-10 09:21:02 --> User IP: ::1
DEBUG - 2025-08-10 09:21:46 --> Session: Class initialized using 'CodeIgniter\Session\Handlers\FileHandler' driver.
DEBUG - 2025-08-10 09:21:46 --> User IP: ::1
DEBUG - 2025-08-10 09:22:08 --> Session: Class initialized using 'CodeIgniter\Session\Handlers\FileHandler' driver.
DEBUG - 2025-08-10 09:22:08 --> User IP: ::1
DEBUG - 2025-08-10 09:22:10 --> Session: Class initialized using 'CodeIgniter\Session\Handlers\FileHandler' driver.
DEBUG - 2025-08-10 09:22:10 --> User IP: ::1
DEBUG - 2025-08-10 09:37:35 --> Session: Class initialized using 'CodeIgniter\Session\Handlers\FileHandler' driver.
DEBUG - 2025-08-10 09:37:35 --> User IP: ::1
DEBUG - 2025-08-10 09:39:30 --> Session: Class initialized using 'CodeIgniter\Session\Handlers\FileHandler' driver.
DEBUG - 2025-08-10 09:39:30 --> User IP: ::1
DEBUG - 2025-08-10 09:39:32 --> Session: Class initialized using 'CodeIgniter\Session\Handlers\FileHandler' driver.
DEBUG - 2025-08-10 09:39:32 --> User IP: ::1
DEBUG - 2025-08-10 09:40:43 --> Session: Class initialized using 'CodeIgniter\Session\Handlers\FileHandler' driver.
DEBUG - 2025-08-10 09:40:43 --> User IP: ::1
DEBUG - 2025-08-10 09:40:45 --> Session: Class initialized using 'CodeIgniter\Session\Handlers\FileHandler' driver.
DEBUG - 2025-08-10 09:40:45 --> User IP: ::1
DEBUG - 2025-08-10 09:43:12 --> Session: Class initialized using 'CodeIgniter\Session\Handlers\FileHandler' driver.
DEBUG - 2025-08-10 09:43:12 --> User IP: ::1
DEBUG - 2025-08-10 09:43:33 --> Session: Class initialized using 'CodeIgniter\Session\Handlers\FileHandler' driver.
DEBUG - 2025-08-10 09:43:33 --> User IP: ::1
DEBUG - 2025-08-10 09:43:35 --> Session: Class initialized using 'CodeIgniter\Session\Handlers\FileHandler' driver.
DEBUG - 2025-08-10 09:43:35 --> User IP: ::1
DEBUG - 2025-08-10 09:45:00 --> Session: Class initialized using 'CodeIgniter\Session\Handlers\FileHandler' driver.
DEBUG - 2025-08-10 09:45:00 --> User IP: ::1
DEBUG - 2025-08-10 09:45:52 --> Session: Class initialized using 'CodeIgniter\Session\Handlers\FileHandler' driver.
DEBUG - 2025-08-10 09:45:52 --> User IP: ::1
DEBUG - 2025-08-10 09:51:02 --> Session: Class initialized using 'CodeIgniter\Session\Handlers\FileHandler' driver.
DEBUG - 2025-08-10 09:51:02 --> User IP: ::1
DEBUG - 2025-08-10 09:51:08 --> Session: Class initialized using 'CodeIgniter\Session\Handlers\FileHandler' driver.
DEBUG - 2025-08-10 09:51:08 --> User IP: ::1
DEBUG - 2025-08-10 09:51:28 --> Session: Class initialized using 'CodeIgniter\Session\Handlers\FileHandler' driver.
DEBUG - 2025-08-10 09:51:28 --> User IP: ::1
DEBUG - 2025-08-10 09:52:11 --> Session: Class initialized using 'CodeIgniter\Session\Handlers\FileHandler' driver.
DEBUG - 2025-08-10 09:52:11 --> User IP: ::1
DEBUG - 2025-08-10 09:52:20 --> Session: Class initialized using 'CodeIgniter\Session\Handlers\FileHandler' driver.
DEBUG - 2025-08-10 09:52:20 --> User IP: ::1
DEBUG - 2025-08-10 09:55:43 --> Session: Class initialized using 'CodeIgniter\Session\Handlers\FileHandler' driver.
DEBUG - 2025-08-10 09:55:43 --> User IP: ::1
DEBUG - 2025-08-10 09:55:46 --> Session: Class initialized using 'CodeIgniter\Session\Handlers\FileHandler' driver.
DEBUG - 2025-08-10 09:55:46 --> User IP: ::1
DEBUG - 2025-08-10 09:59:45 --> Session: Class initialized using 'CodeIgniter\Session\Handlers\FileHandler' driver.
DEBUG - 2025-08-10 09:59:45 --> User IP: ::1
DEBUG - 2025-08-10 09:59:58 --> Session: Class initialized using 'CodeIgniter\Session\Handlers\FileHandler' driver.
DEBUG - 2025-08-10 09:59:58 --> User IP: ::1
DEBUG - 2025-08-10 10:00:00 --> Session: Class initialized using 'CodeIgniter\Session\Handlers\FileHandler' driver.
DEBUG - 2025-08-10 10:00:00 --> User IP: ::1
DEBUG - 2025-08-10 10:00:12 --> Session: Class initialized using 'CodeIgniter\Session\Handlers\FileHandler' driver.
DEBUG - 2025-08-10 10:00:12 --> User IP: ::1
DEBUG - 2025-08-10 10:00:28 --> Session: Class initialized using 'CodeIgniter\Session\Handlers\FileHandler' driver.
DEBUG - 2025-08-10 10:00:28 --> User IP: ::1
DEBUG - 2025-08-10 10:03:02 --> Session: Class initialized using 'CodeIgniter\Session\Handlers\FileHandler' driver.
DEBUG - 2025-08-10 10:03:02 --> User IP: ::1
DEBUG - 2025-08-10 10:15:15 --> Session: Class initialized using 'CodeIgniter\Session\Handlers\FileHandler' driver.
DEBUG - 2025-08-10 10:15:15 --> User IP: ::1
DEBUG - 2025-08-10 10:53:53 --> Session: Class initialized using 'CodeIgniter\Session\Handlers\FileHandler' driver.
DEBUG - 2025-08-10 10:53:53 --> User IP: ::1
DEBUG - 2025-08-10 10:55:34 --> Session: Class initialized using 'CodeIgniter\Session\Handlers\FileHandler' driver.
DEBUG - 2025-08-10 10:55:34 --> User IP: ::1
DEBUG - 2025-08-10 11:00:41 --> Session: Class initialized using 'CodeIgniter\Session\Handlers\FileHandler' driver.
DEBUG - 2025-08-10 11:00:41 --> User IP: ::1
DEBUG - 2025-08-10 11:00:43 --> Session: Class initialized using 'CodeIgniter\Session\Handlers\FileHandler' driver.
DEBUG - 2025-08-10 11:00:43 --> User IP: ::1
DEBUG - 2025-08-10 11:01:05 --> Session: Class initialized using 'CodeIgniter\Session\Handlers\FileHandler' driver.
DEBUG - 2025-08-10 11:01:05 --> User IP: ::1
DEBUG - 2025-08-10 11:01:32 --> Session: Class initialized using 'CodeIgniter\Session\Handlers\FileHandler' driver.
DEBUG - 2025-08-10 11:01:32 --> User IP: ::1
DEBUG - 2025-08-10 11:01:32 --> Session: Class initialized using 'CodeIgniter\Session\Handlers\FileHandler' driver.
DEBUG - 2025-08-10 11:01:32 --> User IP: ::1
DEBUG - 2025-08-10 11:19:23 --> Session: Class initialized using 'CodeIgniter\Session\Handlers\FileHandler' driver.
DEBUG - 2025-08-10 11:19:23 --> User IP: ::1
DEBUG - 2025-08-10 11:19:23 --> Session: Class initialized using 'CodeIgniter\Session\Handlers\FileHandler' driver.
DEBUG - 2025-08-10 11:19:23 --> User IP: ::1
DEBUG - 2025-08-10 11:19:27 --> Session: Class initialized using 'CodeIgniter\Session\Handlers\FileHandler' driver.
DEBUG - 2025-08-10 11:19:27 --> User IP: ::1
CRITICAL - 2025-08-10 11:19:27 --> ErrorException: Undefined variable $disabled
[Method: GET, Route: hrms/appraisal_details/GZ44/2023-08-07]
in APPPATH\Views\hrms\appraisal_details.php on line 256.
 1 APPPATH\Views\hrms\appraisal_details.php(256): CodeIgniter\Debug\Exceptions->errorHandler(2, 'Undefined variable $disabled', 'C:\\xampp\\htdocs\\gighz\\app\\Views\\hrms\\appraisal_details.php', 256)
 2 SYSTEMPATH\View\View.php(234): include('C:\\xampp\\htdocs\\gighz\\app\\Views\\hrms\\appraisal_details.php')
 3 SYSTEMPATH\View\View.php(237): CodeIgniter\View\View->CodeIgniter\View\{closure}()
 4 SYSTEMPATH\Common.php(1171): CodeIgniter\View\View->render('hrms/appraisal_details', [], true)
 5 APPPATH\Controllers\Hrms.php(995): view('hrms/appraisal_details', [...])
 6 SYSTEMPATH\CodeIgniter.php(933): App\Controllers\Hrms->appraisal_details('GZ44', '2023-08-07')
 7 SYSTEMPATH\CodeIgniter.php(509): CodeIgniter\CodeIgniter->runController(Object(App\Controllers\Hrms))
 8 SYSTEMPATH\CodeIgniter.php(355): CodeIgniter\CodeIgniter->handleRequest(null, Object(Config\Cache), false)
 9 SYSTEMPATH\Boot.php(334): CodeIgniter\CodeIgniter->run()
10 SYSTEMPATH\Boot.php(67): CodeIgniter\Boot::runCodeIgniter(Object(CodeIgniter\CodeIgniter))
11 FCPATH\index.php(56): CodeIgniter\Boot::bootWeb(Object(Config\Paths))
DEBUG - 2025-08-10 11:19:34 --> Session: Class initialized using 'CodeIgniter\Session\Handlers\FileHandler' driver.
DEBUG - 2025-08-10 11:19:34 --> User IP: ::1
CRITICAL - 2025-08-10 11:19:34 --> ErrorException: Undefined variable $disabled
[Method: GET, Route: hrms/appraisal_details/GZ44/2024-08-07]
in APPPATH\Views\hrms\appraisal_details.php on line 256.
 1 APPPATH\Views\hrms\appraisal_details.php(256): CodeIgniter\Debug\Exceptions->errorHandler(2, 'Undefined variable $disabled', 'C:\\xampp\\htdocs\\gighz\\app\\Views\\hrms\\appraisal_details.php', 256)
 2 SYSTEMPATH\View\View.php(234): include('C:\\xampp\\htdocs\\gighz\\app\\Views\\hrms\\appraisal_details.php')
 3 SYSTEMPATH\View\View.php(237): CodeIgniter\View\View->CodeIgniter\View\{closure}()
 4 SYSTEMPATH\Common.php(1171): CodeIgniter\View\View->render('hrms/appraisal_details', [], true)
 5 APPPATH\Controllers\Hrms.php(995): view('hrms/appraisal_details', [...])
 6 SYSTEMPATH\CodeIgniter.php(933): App\Controllers\Hrms->appraisal_details('GZ44', '2024-08-07')
 7 SYSTEMPATH\CodeIgniter.php(509): CodeIgniter\CodeIgniter->runController(Object(App\Controllers\Hrms))
 8 SYSTEMPATH\CodeIgniter.php(355): CodeIgniter\CodeIgniter->handleRequest(null, Object(Config\Cache), false)
 9 SYSTEMPATH\Boot.php(334): CodeIgniter\CodeIgniter->run()
10 SYSTEMPATH\Boot.php(67): CodeIgniter\Boot::runCodeIgniter(Object(CodeIgniter\CodeIgniter))
11 FCPATH\index.php(56): CodeIgniter\Boot::bootWeb(Object(Config\Paths))
DEBUG - 2025-08-10 11:20:08 --> Session: Class initialized using 'CodeIgniter\Session\Handlers\FileHandler' driver.
DEBUG - 2025-08-10 11:20:08 --> User IP: ::1
DEBUG - 2025-08-10 11:20:08 --> Session: Class initialized using 'CodeIgniter\Session\Handlers\FileHandler' driver.
DEBUG - 2025-08-10 11:20:08 --> User IP: ::1
DEBUG - 2025-08-10 11:20:11 --> Session: Class initialized using 'CodeIgniter\Session\Handlers\FileHandler' driver.
DEBUG - 2025-08-10 11:20:11 --> User IP: ::1
DEBUG - 2025-08-10 11:20:14 --> Session: Class initialized using 'CodeIgniter\Session\Handlers\FileHandler' driver.
DEBUG - 2025-08-10 11:20:14 --> User IP: ::1
DEBUG - 2025-08-10 11:20:36 --> Session: Class initialized using 'CodeIgniter\Session\Handlers\FileHandler' driver.
DEBUG - 2025-08-10 11:20:36 --> User IP: ::1
DEBUG - 2025-08-10 11:20:36 --> Session: Class initialized using 'CodeIgniter\Session\Handlers\FileHandler' driver.
DEBUG - 2025-08-10 11:20:36 --> User IP: ::1
DEBUG - 2025-08-10 11:20:45 --> Session: Class initialized using 'CodeIgniter\Session\Handlers\FileHandler' driver.
DEBUG - 2025-08-10 11:20:45 --> User IP: ::1
DEBUG - 2025-08-10 11:21:24 --> Session: Class initialized using 'CodeIgniter\Session\Handlers\FileHandler' driver.
DEBUG - 2025-08-10 11:21:24 --> User IP: ::1
DEBUG - 2025-08-10 11:21:24 --> Session: Class initialized using 'CodeIgniter\Session\Handlers\FileHandler' driver.
DEBUG - 2025-08-10 11:21:24 --> User IP: ::1
DEBUG - 2025-08-10 11:21:28 --> Session: Class initialized using 'CodeIgniter\Session\Handlers\FileHandler' driver.
DEBUG - 2025-08-10 11:21:28 --> User IP: ::1
DEBUG - 2025-08-10 11:21:54 --> Session: Class initialized using 'CodeIgniter\Session\Handlers\FileHandler' driver.
DEBUG - 2025-08-10 11:21:54 --> User IP: ::1
DEBUG - 2025-08-10 11:21:54 --> Session: Class initialized using 'CodeIgniter\Session\Handlers\FileHandler' driver.
DEBUG - 2025-08-10 11:21:54 --> User IP: ::1
DEBUG - 2025-08-10 11:21:57 --> Session: Class initialized using 'CodeIgniter\Session\Handlers\FileHandler' driver.
DEBUG - 2025-08-10 11:21:57 --> User IP: ::1
DEBUG - 2025-08-10 11:28:08 --> Session: Class initialized using 'CodeIgniter\Session\Handlers\FileHandler' driver.
DEBUG - 2025-08-10 11:28:08 --> User IP: ::1
DEBUG - 2025-08-10 11:28:09 --> Session: Class initialized using 'CodeIgniter\Session\Handlers\FileHandler' driver.
DEBUG - 2025-08-10 11:28:09 --> User IP: ::1
DEBUG - 2025-08-10 11:28:26 --> Session: Class initialized using 'CodeIgniter\Session\Handlers\FileHandler' driver.
DEBUG - 2025-08-10 11:28:26 --> User IP: ::1
DEBUG - 2025-08-10 11:28:26 --> Session: Class initialized using 'CodeIgniter\Session\Handlers\FileHandler' driver.
DEBUG - 2025-08-10 11:28:26 --> User IP: ::1
DEBUG - 2025-08-10 11:28:31 --> Session: Class initialized using 'CodeIgniter\Session\Handlers\FileHandler' driver.
DEBUG - 2025-08-10 11:28:31 --> User IP: ::1
CRITICAL - 2025-08-10 11:28:31 --> ErrorException: Undefined variable $disabled
[Method: GET, Route: hrms/appraisal_details]
in APPPATH\Views\hrms\appraisal_details.php on line 260.
 1 APPPATH\Views\hrms\appraisal_details.php(260): CodeIgniter\Debug\Exceptions->errorHandler(2, 'Undefined variable $disabled', 'C:\\xampp\\htdocs\\gighz\\app\\Views\\hrms\\appraisal_details.php', 260)
 2 SYSTEMPATH\View\View.php(234): include('C:\\xampp\\htdocs\\gighz\\app\\Views\\hrms\\appraisal_details.php')
 3 SYSTEMPATH\View\View.php(237): CodeIgniter\View\View->CodeIgniter\View\{closure}()
 4 SYSTEMPATH\Common.php(1171): CodeIgniter\View\View->render('hrms/appraisal_details', [], true)
 5 APPPATH\Controllers\Hrms.php(997): view('hrms/appraisal_details', [...])
 6 SYSTEMPATH\CodeIgniter.php(933): App\Controllers\Hrms->appraisal_details()
 7 SYSTEMPATH\CodeIgniter.php(509): CodeIgniter\CodeIgniter->runController(Object(App\Controllers\Hrms))
 8 SYSTEMPATH\CodeIgniter.php(355): CodeIgniter\CodeIgniter->handleRequest(null, Object(Config\Cache), false)
 9 SYSTEMPATH\Boot.php(334): CodeIgniter\CodeIgniter->run()
10 SYSTEMPATH\Boot.php(67): CodeIgniter\Boot::runCodeIgniter(Object(CodeIgniter\CodeIgniter))
11 FCPATH\index.php(56): CodeIgniter\Boot::bootWeb(Object(Config\Paths))
DEBUG - 2025-08-10 11:30:49 --> Session: Class initialized using 'CodeIgniter\Session\Handlers\FileHandler' driver.
DEBUG - 2025-08-10 11:30:49 --> User IP: ::1
DEBUG - 2025-08-10 11:30:50 --> Session: Class initialized using 'CodeIgniter\Session\Handlers\FileHandler' driver.
DEBUG - 2025-08-10 11:30:50 --> User IP: ::1
DEBUG - 2025-08-10 11:31:01 --> Session: Class initialized using 'CodeIgniter\Session\Handlers\FileHandler' driver.
DEBUG - 2025-08-10 11:31:01 --> User IP: ::1
DEBUG - 2025-08-10 11:31:01 --> Session: Class initialized using 'CodeIgniter\Session\Handlers\FileHandler' driver.
DEBUG - 2025-08-10 11:31:01 --> User IP: ::1
DEBUG - 2025-08-10 11:31:05 --> Session: Class initialized using 'CodeIgniter\Session\Handlers\FileHandler' driver.
DEBUG - 2025-08-10 11:31:05 --> User IP: ::1
DEBUG - 2025-08-10 11:31:05 --> Session: Class initialized using 'CodeIgniter\Session\Handlers\FileHandler' driver.
DEBUG - 2025-08-10 11:31:05 --> User IP: ::1
DEBUG - 2025-08-10 11:32:03 --> Session: Class initialized using 'CodeIgniter\Session\Handlers\FileHandler' driver.
DEBUG - 2025-08-10 11:32:03 --> User IP: ::1
DEBUG - 2025-08-10 11:32:04 --> Session: Class initialized using 'CodeIgniter\Session\Handlers\FileHandler' driver.
DEBUG - 2025-08-10 11:32:04 --> User IP: ::1
DEBUG - 2025-08-10 11:32:14 --> Session: Class initialized using 'CodeIgniter\Session\Handlers\FileHandler' driver.
DEBUG - 2025-08-10 11:32:14 --> User IP: ::1
DEBUG - 2025-08-10 11:32:14 --> Session: Class initialized using 'CodeIgniter\Session\Handlers\FileHandler' driver.
DEBUG - 2025-08-10 11:32:14 --> User IP: ::1
DEBUG - 2025-08-10 11:36:14 --> Session: Class initialized using 'CodeIgniter\Session\Handlers\FileHandler' driver.
DEBUG - 2025-08-10 11:36:14 --> User IP: ::1
DEBUG - 2025-08-10 11:36:15 --> Session: Class initialized using 'CodeIgniter\Session\Handlers\FileHandler' driver.
DEBUG - 2025-08-10 11:36:15 --> User IP: ::1
DEBUG - 2025-08-10 11:36:16 --> Session: Class initialized using 'CodeIgniter\Session\Handlers\FileHandler' driver.
DEBUG - 2025-08-10 11:36:16 --> User IP: ::1
DEBUG - 2025-08-10 11:36:16 --> Session: Class initialized using 'CodeIgniter\Session\Handlers\FileHandler' driver.
DEBUG - 2025-08-10 11:36:16 --> User IP: ::1
DEBUG - 2025-08-10 11:41:49 --> Session: Class initialized using 'CodeIgniter\Session\Handlers\FileHandler' driver.
DEBUG - 2025-08-10 11:41:49 --> User IP: ::1
DEBUG - 2025-08-10 11:41:49 --> Session: Class initialized using 'CodeIgniter\Session\Handlers\FileHandler' driver.
DEBUG - 2025-08-10 11:41:49 --> User IP: ::1
DEBUG - 2025-08-10 11:45:11 --> Session: Class initialized using 'CodeIgniter\Session\Handlers\FileHandler' driver.
DEBUG - 2025-08-10 11:45:11 --> User IP: ::1
DEBUG - 2025-08-10 11:45:11 --> Session: Class initialized using 'CodeIgniter\Session\Handlers\FileHandler' driver.
DEBUG - 2025-08-10 11:45:11 --> User IP: ::1
DEBUG - 2025-08-10 11:45:14 --> Session: Class initialized using 'CodeIgniter\Session\Handlers\FileHandler' driver.
DEBUG - 2025-08-10 11:45:14 --> User IP: ::1
CRITICAL - 2025-08-10 11:45:14 --> ErrorException: Undefined variable $disabled
[Method: GET, Route: hrms/appraisal_details/2023-08-07]
in APPPATH\Views\hrms\appraisal_details.php on line 256.
 1 APPPATH\Views\hrms\appraisal_details.php(256): CodeIgniter\Debug\Exceptions->errorHandler(2, 'Undefined variable $disabled', 'C:\\xampp\\htdocs\\gighz\\app\\Views\\hrms\\appraisal_details.php', 256)
 2 SYSTEMPATH\View\View.php(234): include('C:\\xampp\\htdocs\\gighz\\app\\Views\\hrms\\appraisal_details.php')
 3 SYSTEMPATH\View\View.php(237): CodeIgniter\View\View->CodeIgniter\View\{closure}()
 4 SYSTEMPATH\Common.php(1171): CodeIgniter\View\View->render('hrms/appraisal_details', [], true)
 5 APPPATH\Controllers\Hrms.php(997): view('hrms/appraisal_details', [...])
 6 SYSTEMPATH\CodeIgniter.php(933): App\Controllers\Hrms->appraisal_details('2023-08-07')
 7 SYSTEMPATH\CodeIgniter.php(509): CodeIgniter\CodeIgniter->runController(Object(App\Controllers\Hrms))
 8 SYSTEMPATH\CodeIgniter.php(355): CodeIgniter\CodeIgniter->handleRequest(null, Object(Config\Cache), false)
 9 SYSTEMPATH\Boot.php(334): CodeIgniter\CodeIgniter->run()
10 SYSTEMPATH\Boot.php(67): CodeIgniter\Boot::runCodeIgniter(Object(CodeIgniter\CodeIgniter))
11 FCPATH\index.php(56): CodeIgniter\Boot::bootWeb(Object(Config\Paths))
DEBUG - 2025-08-10 11:45:36 --> Session: Class initialized using 'CodeIgniter\Session\Handlers\FileHandler' driver.
DEBUG - 2025-08-10 11:45:36 --> User IP: ::1
DEBUG - 2025-08-10 11:45:36 --> Session: Class initialized using 'CodeIgniter\Session\Handlers\FileHandler' driver.
DEBUG - 2025-08-10 11:45:36 --> User IP: ::1
DEBUG - 2025-08-10 11:45:38 --> Session: Class initialized using 'CodeIgniter\Session\Handlers\FileHandler' driver.
DEBUG - 2025-08-10 11:45:38 --> User IP: ::1
DEBUG - 2025-08-10 11:45:39 --> Session: Class initialized using 'CodeIgniter\Session\Handlers\FileHandler' driver.
DEBUG - 2025-08-10 11:45:39 --> User IP: ::1
DEBUG - 2025-08-10 11:47:10 --> Session: Class initialized using 'CodeIgniter\Session\Handlers\FileHandler' driver.
DEBUG - 2025-08-10 11:47:10 --> User IP: ::1
DEBUG - 2025-08-10 11:47:10 --> Session: Class initialized using 'CodeIgniter\Session\Handlers\FileHandler' driver.
DEBUG - 2025-08-10 11:47:10 --> User IP: ::1
DEBUG - 2025-08-10 11:47:27 --> Session: Class initialized using 'CodeIgniter\Session\Handlers\FileHandler' driver.
DEBUG - 2025-08-10 11:47:27 --> User IP: ::1
DEBUG - 2025-08-10 11:47:27 --> Session: Class initialized using 'CodeIgniter\Session\Handlers\FileHandler' driver.
DEBUG - 2025-08-10 11:47:27 --> User IP: ::1
DEBUG - 2025-08-10 11:47:28 --> Session: Class initialized using 'CodeIgniter\Session\Handlers\FileHandler' driver.
DEBUG - 2025-08-10 11:47:28 --> User IP: ::1
DEBUG - 2025-08-10 11:47:29 --> Session: Class initialized using 'CodeIgniter\Session\Handlers\FileHandler' driver.
DEBUG - 2025-08-10 11:47:29 --> User IP: ::1
DEBUG - 2025-08-10 11:47:31 --> Session: Class initialized using 'CodeIgniter\Session\Handlers\FileHandler' driver.
DEBUG - 2025-08-10 11:47:31 --> User IP: ::1
DEBUG - 2025-08-10 11:47:31 --> Session: Class initialized using 'CodeIgniter\Session\Handlers\FileHandler' driver.
DEBUG - 2025-08-10 11:47:31 --> User IP: ::1
DEBUG - 2025-08-10 11:48:08 --> Session: Class initialized using 'CodeIgniter\Session\Handlers\FileHandler' driver.
DEBUG - 2025-08-10 11:48:08 --> User IP: ::1
DEBUG - 2025-08-10 11:48:08 --> Session: Class initialized using 'CodeIgniter\Session\Handlers\FileHandler' driver.
DEBUG - 2025-08-10 11:48:08 --> User IP: ::1
DEBUG - 2025-08-10 11:48:14 --> Session: Class initialized using 'CodeIgniter\Session\Handlers\FileHandler' driver.
DEBUG - 2025-08-10 11:48:14 --> User IP: ::1
DEBUG - 2025-08-10 11:48:14 --> Session: Class initialized using 'CodeIgniter\Session\Handlers\FileHandler' driver.
DEBUG - 2025-08-10 11:48:14 --> User IP: ::1
DEBUG - 2025-08-10 11:48:21 --> Session: Class initialized using 'CodeIgniter\Session\Handlers\FileHandler' driver.
DEBUG - 2025-08-10 11:48:21 --> User IP: ::1
DEBUG - 2025-08-10 11:48:21 --> Session: Class initialized using 'CodeIgniter\Session\Handlers\FileHandler' driver.
DEBUG - 2025-08-10 11:48:21 --> User IP: ::1
DEBUG - 2025-08-10 11:48:38 --> Session: Class initialized using 'CodeIgniter\Session\Handlers\FileHandler' driver.
DEBUG - 2025-08-10 11:48:38 --> User IP: ::1
DEBUG - 2025-08-10 11:48:38 --> Session: Class initialized using 'CodeIgniter\Session\Handlers\FileHandler' driver.
DEBUG - 2025-08-10 11:48:38 --> User IP: ::1
DEBUG - 2025-08-10 11:48:40 --> Session: Class initialized using 'CodeIgniter\Session\Handlers\FileHandler' driver.
DEBUG - 2025-08-10 11:48:40 --> User IP: ::1
DEBUG - 2025-08-10 11:48:40 --> Session: Class initialized using 'CodeIgniter\Session\Handlers\FileHandler' driver.
DEBUG - 2025-08-10 11:48:40 --> User IP: ::1
DEBUG - 2025-08-10 11:52:20 --> Session: Class initialized using 'CodeIgniter\Session\Handlers\FileHandler' driver.
DEBUG - 2025-08-10 11:52:20 --> User IP: ::1
DEBUG - 2025-08-10 11:52:20 --> Session: Class initialized using 'CodeIgniter\Session\Handlers\FileHandler' driver.
DEBUG - 2025-08-10 11:52:20 --> User IP: ::1
DEBUG - 2025-08-10 11:52:23 --> Session: Class initialized using 'CodeIgniter\Session\Handlers\FileHandler' driver.
DEBUG - 2025-08-10 11:52:23 --> User IP: ::1
DEBUG - 2025-08-10 11:52:23 --> Session: Class initialized using 'CodeIgniter\Session\Handlers\FileHandler' driver.
DEBUG - 2025-08-10 11:52:23 --> User IP: ::1
DEBUG - 2025-08-10 11:52:25 --> Session: Class initialized using 'CodeIgniter\Session\Handlers\FileHandler' driver.
DEBUG - 2025-08-10 11:52:25 --> User IP: ::1
DEBUG - 2025-08-10 11:52:25 --> Session: Class initialized using 'CodeIgniter\Session\Handlers\FileHandler' driver.
DEBUG - 2025-08-10 11:52:25 --> User IP: ::1
DEBUG - 2025-08-10 11:52:27 --> Session: Class initialized using 'CodeIgniter\Session\Handlers\FileHandler' driver.
DEBUG - 2025-08-10 11:52:27 --> User IP: ::1
DEBUG - 2025-08-10 11:52:32 --> Session: Class initialized using 'CodeIgniter\Session\Handlers\FileHandler' driver.
DEBUG - 2025-08-10 11:52:32 --> User IP: ::1
DEBUG - 2025-08-10 11:52:32 --> Session: Class initialized using 'CodeIgniter\Session\Handlers\FileHandler' driver.
DEBUG - 2025-08-10 11:52:32 --> User IP: ::1
DEBUG - 2025-08-10 11:52:57 --> Session: Class initialized using 'CodeIgniter\Session\Handlers\FileHandler' driver.
DEBUG - 2025-08-10 11:52:57 --> User IP: ::1
DEBUG - 2025-08-10 11:52:57 --> Session: Class initialized using 'CodeIgniter\Session\Handlers\FileHandler' driver.
DEBUG - 2025-08-10 11:52:57 --> User IP: ::1
DEBUG - 2025-08-10 11:53:19 --> Session: Class initialized using 'CodeIgniter\Session\Handlers\FileHandler' driver.
DEBUG - 2025-08-10 11:53:19 --> User IP: ::1
DEBUG - 2025-08-10 11:53:19 --> Session: Class initialized using 'CodeIgniter\Session\Handlers\FileHandler' driver.
DEBUG - 2025-08-10 11:53:19 --> User IP: ::1
DEBUG - 2025-08-10 11:53:36 --> Session: Class initialized using 'CodeIgniter\Session\Handlers\FileHandler' driver.
DEBUG - 2025-08-10 11:53:36 --> User IP: ::1
DEBUG - 2025-08-10 11:53:36 --> Session: Class initialized using 'CodeIgniter\Session\Handlers\FileHandler' driver.
DEBUG - 2025-08-10 11:53:36 --> User IP: ::1
DEBUG - 2025-08-10 12:08:42 --> Session: Class initialized using 'CodeIgniter\Session\Handlers\FileHandler' driver.
DEBUG - 2025-08-10 12:08:42 --> User IP: ::1
DEBUG - 2025-08-10 12:08:42 --> Session: Class initialized using 'CodeIgniter\Session\Handlers\FileHandler' driver.
DEBUG - 2025-08-10 12:08:42 --> User IP: ::1
DEBUG - 2025-08-10 12:08:46 --> Session: Class initialized using 'CodeIgniter\Session\Handlers\FileHandler' driver.
DEBUG - 2025-08-10 12:08:46 --> User IP: ::1
CRITICAL - 2025-08-10 12:08:46 --> ErrorException: copy(C:\xampp\htdocs\gighz\writable\temp/NDA_Magendiran M.docx): Failed to open stream: No such file or directory
[Method: GET, Route: hrms/downloadNDA/GZ44]
in VENDORPATH\phpoffice\phpword\src\PhpWord\TemplateProcessor.php on line 1051.
 1 [internal function]: CodeIgniter\Debug\Exceptions->errorHandler(2, 'copy(C:\\xampp\\htdocs\\gighz\\writable\\temp/NDA_Magendiran M.docx): Failed to open stream: No such file or directory', 'C:\\xampp\\htdocs\\gighz\\vendor\\phpoffice\\phpword\\src\\PhpWord\\TemplateProcessor.php', 1051)
 2 VENDORPATH\phpoffice\phpword\src\PhpWord\TemplateProcessor.php(1051): copy('C:\\Users\\magendiran\\AppData\\Local\\Temp\\Php2B37.tmp', 'C:\\xampp\\htdocs\\gighz\\writable\\temp/NDA_Magendiran M.docx')
 3 APPPATH\Controllers\Hrms.php(1202): PhpOffice\PhpWord\TemplateProcessor->saveAs('C:\\xampp\\htdocs\\gighz\\writable\\temp/NDA_Magendiran M.docx')
 4 SYSTEMPATH\CodeIgniter.php(933): App\Controllers\Hrms->downloadNDA('GZ44')
 5 SYSTEMPATH\CodeIgniter.php(509): CodeIgniter\CodeIgniter->runController(Object(App\Controllers\Hrms))
 6 SYSTEMPATH\CodeIgniter.php(355): CodeIgniter\CodeIgniter->handleRequest(null, Object(Config\Cache), false)
 7 SYSTEMPATH\Boot.php(334): CodeIgniter\CodeIgniter->run()
 8 SYSTEMPATH\Boot.php(67): CodeIgniter\Boot::runCodeIgniter(Object(CodeIgniter\CodeIgniter))
 9 FCPATH\index.php(56): CodeIgniter\Boot::bootWeb(Object(Config\Paths))
DEBUG - 2025-08-10 12:11:11 --> Session: Class initialized using 'CodeIgniter\Session\Handlers\FileHandler' driver.
DEBUG - 2025-08-10 12:11:11 --> User IP: ::1
DEBUG - 2025-08-10 12:11:11 --> Session: Class initialized using 'CodeIgniter\Session\Handlers\FileHandler' driver.
DEBUG - 2025-08-10 12:11:11 --> User IP: ::1
DEBUG - 2025-08-10 12:11:13 --> Session: Class initialized using 'CodeIgniter\Session\Handlers\FileHandler' driver.
DEBUG - 2025-08-10 12:11:13 --> User IP: ::1
DEBUG - 2025-08-10 12:11:13 --> Session: Class initialized using 'CodeIgniter\Session\Handlers\FileHandler' driver.
DEBUG - 2025-08-10 12:11:13 --> User IP: ::1
DEBUG - 2025-08-10 12:11:15 --> Session: Class initialized using 'CodeIgniter\Session\Handlers\FileHandler' driver.
DEBUG - 2025-08-10 12:11:15 --> User IP: ::1
DEBUG - 2025-08-10 12:19:22 --> Session: Class initialized using 'CodeIgniter\Session\Handlers\FileHandler' driver.
DEBUG - 2025-08-10 12:19:22 --> User IP: ::1
DEBUG - 2025-08-10 12:19:22 --> Session: Class initialized using 'CodeIgniter\Session\Handlers\FileHandler' driver.
DEBUG - 2025-08-10 12:19:22 --> User IP: ::1
DEBUG - 2025-08-10 12:19:24 --> Session: Class initialized using 'CodeIgniter\Session\Handlers\FileHandler' driver.
DEBUG - 2025-08-10 12:19:24 --> User IP: ::1
DEBUG - 2025-08-10 12:21:53 --> Session: Class initialized using 'CodeIgniter\Session\Handlers\FileHandler' driver.
DEBUG - 2025-08-10 12:21:53 --> User IP: ::1
DEBUG - 2025-08-10 12:21:53 --> Session: Class initialized using 'CodeIgniter\Session\Handlers\FileHandler' driver.
DEBUG - 2025-08-10 12:21:53 --> User IP: ::1
DEBUG - 2025-08-10 12:21:55 --> Session: Class initialized using 'CodeIgniter\Session\Handlers\FileHandler' driver.
DEBUG - 2025-08-10 12:21:55 --> User IP: ::1
DEBUG - 2025-08-10 12:22:50 --> Session: Class initialized using 'CodeIgniter\Session\Handlers\FileHandler' driver.
DEBUG - 2025-08-10 12:22:50 --> User IP: ::1
DEBUG - 2025-08-10 12:22:51 --> Session: Class initialized using 'CodeIgniter\Session\Handlers\FileHandler' driver.
DEBUG - 2025-08-10 12:22:51 --> User IP: ::1
DEBUG - 2025-08-10 12:22:52 --> Session: Class initialized using 'CodeIgniter\Session\Handlers\FileHandler' driver.
DEBUG - 2025-08-10 12:22:52 --> User IP: ::1
DEBUG - 2025-08-10 12:27:26 --> Session: Class initialized using 'CodeIgniter\Session\Handlers\FileHandler' driver.
DEBUG - 2025-08-10 12:27:26 --> User IP: ::1
DEBUG - 2025-08-10 12:27:26 --> Session: Class initialized using 'CodeIgniter\Session\Handlers\FileHandler' driver.
DEBUG - 2025-08-10 12:27:26 --> User IP: ::1
DEBUG - 2025-08-10 12:27:45 --> Session: Class initialized using 'CodeIgniter\Session\Handlers\FileHandler' driver.
DEBUG - 2025-08-10 12:27:45 --> User IP: ::1
DEBUG - 2025-08-10 12:27:46 --> Session: Class initialized using 'CodeIgniter\Session\Handlers\FileHandler' driver.
DEBUG - 2025-08-10 12:27:46 --> User IP: ::1
DEBUG - 2025-08-10 12:29:27 --> Session: Class initialized using 'CodeIgniter\Session\Handlers\FileHandler' driver.
DEBUG - 2025-08-10 12:29:27 --> User IP: ::1
DEBUG - 2025-08-10 12:29:33 --> Session: Class initialized using 'CodeIgniter\Session\Handlers\FileHandler' driver.
DEBUG - 2025-08-10 12:29:33 --> User IP: ::1
DEBUG - 2025-08-10 12:30:54 --> Session: Class initialized using 'CodeIgniter\Session\Handlers\FileHandler' driver.
DEBUG - 2025-08-10 12:30:54 --> User IP: ::1
DEBUG - 2025-08-10 12:31:00 --> Session: Class initialized using 'CodeIgniter\Session\Handlers\FileHandler' driver.
DEBUG - 2025-08-10 12:31:00 --> User IP: ::1
DEBUG - 2025-08-10 12:32:42 --> Session: Class initialized using 'CodeIgniter\Session\Handlers\FileHandler' driver.
DEBUG - 2025-08-10 12:32:42 --> User IP: ::1
DEBUG - 2025-08-10 12:32:48 --> Session: Class initialized using 'CodeIgniter\Session\Handlers\FileHandler' driver.
DEBUG - 2025-08-10 12:32:48 --> User IP: ::1
DEBUG - 2025-08-10 12:32:59 --> Session: Class initialized using 'CodeIgniter\Session\Handlers\FileHandler' driver.
DEBUG - 2025-08-10 12:32:59 --> User IP: ::1
DEBUG - 2025-08-10 12:33:01 --> Session: Class initialized using 'CodeIgniter\Session\Handlers\FileHandler' driver.
DEBUG - 2025-08-10 12:33:01 --> User IP: ::1
DEBUG - 2025-08-10 12:33:07 --> Session: Class initialized using 'CodeIgniter\Session\Handlers\FileHandler' driver.
DEBUG - 2025-08-10 12:33:07 --> User IP: ::1
DEBUG - 2025-08-10 12:37:25 --> Session: Class initialized using 'CodeIgniter\Session\Handlers\FileHandler' driver.
DEBUG - 2025-08-10 12:37:25 --> User IP: ::1
DEBUG - 2025-08-10 12:37:28 --> Session: Class initialized using 'CodeIgniter\Session\Handlers\FileHandler' driver.
DEBUG - 2025-08-10 12:37:28 --> User IP: ::1
DEBUG - 2025-08-10 12:37:34 --> Session: Class initialized using 'CodeIgniter\Session\Handlers\FileHandler' driver.
DEBUG - 2025-08-10 12:37:34 --> User IP: ::1
DEBUG - 2025-08-10 12:37:39 --> Session: Class initialized using 'CodeIgniter\Session\Handlers\FileHandler' driver.
DEBUG - 2025-08-10 12:37:39 --> User IP: ::1
DEBUG - 2025-08-10 12:37:46 --> Session: Class initialized using 'CodeIgniter\Session\Handlers\FileHandler' driver.
DEBUG - 2025-08-10 12:37:46 --> User IP: ::1
DEBUG - 2025-08-10 12:38:02 --> Session: Class initialized using 'CodeIgniter\Session\Handlers\FileHandler' driver.
DEBUG - 2025-08-10 12:38:02 --> User IP: ::1
DEBUG - 2025-08-10 12:38:04 --> Session: Class initialized using 'CodeIgniter\Session\Handlers\FileHandler' driver.
DEBUG - 2025-08-10 12:38:04 --> User IP: ::1
DEBUG - 2025-08-10 12:38:10 --> Session: Class initialized using 'CodeIgniter\Session\Handlers\FileHandler' driver.
DEBUG - 2025-08-10 12:38:10 --> User IP: ::1
DEBUG - 2025-08-10 12:39:29 --> Session: Class initialized using 'CodeIgniter\Session\Handlers\FileHandler' driver.
DEBUG - 2025-08-10 12:39:30 --> User IP: ::1
DEBUG - 2025-08-10 12:39:30 --> Session: Class initialized using 'CodeIgniter\Session\Handlers\FileHandler' driver.
DEBUG - 2025-08-10 12:39:30 --> User IP: ::1
DEBUG - 2025-08-10 12:39:48 --> Session: Class initialized using 'CodeIgniter\Session\Handlers\FileHandler' driver.
DEBUG - 2025-08-10 12:39:48 --> User IP: ::1
DEBUG - 2025-08-10 12:39:56 --> Session: Class initialized using 'CodeIgniter\Session\Handlers\FileHandler' driver.
DEBUG - 2025-08-10 12:39:56 --> User IP: ::1
DEBUG - 2025-08-10 12:40:00 --> Session: Class initialized using 'CodeIgniter\Session\Handlers\FileHandler' driver.
DEBUG - 2025-08-10 12:40:00 --> User IP: ::1
