DEBUG - 2025-04-03 04:11:58 --> User IP: ::1
DEBUG - 2025-04-03 04:11:58 --> Session: Class initialized using 'CodeIgniter\Session\Handlers\FileHandler' driver.
DEBUG - 2025-04-03 04:13:36 --> User IP: ::1
DEBUG - 2025-04-03 04:13:36 --> Session: Class initialized using 'CodeIgniter\Session\Handlers\FileHandler' driver.
DEBUG - 2025-04-03 04:13:37 --> User IP: ::1
DEBUG - 2025-04-03 04:13:37 --> Session: Class initialized using 'CodeIgniter\Session\Handlers\FileHandler' driver.
DEBUG - 2025-04-03 04:13:38 --> User IP: ::1
DEBUG - 2025-04-03 04:13:38 --> Session: Class initialized using 'CodeIgniter\Session\Handlers\FileHandler' driver.
DEBUG - 2025-04-03 04:14:46 --> User IP: ::1
DEBUG - 2025-04-03 04:14:46 --> Session: Class initialized using 'CodeIgniter\Session\Handlers\FileHandler' driver.
DEBUG - 2025-04-03 04:14:46 --> User IP: ::1
DEBUG - 2025-04-03 04:14:46 --> Session: Class initialized using 'CodeIgniter\Session\Handlers\FileHandler' driver.
DEBUG - 2025-04-03 04:14:54 --> User IP: ::1
DEBUG - 2025-04-03 04:14:54 --> Session: Class initialized using 'CodeIgniter\Session\Handlers\FileHandler' driver.
DEBUG - 2025-04-03 04:14:56 --> User IP: ::1
DEBUG - 2025-04-03 04:14:56 --> Session: Class initialized using 'CodeIgniter\Session\Handlers\FileHandler' driver.
DEBUG - 2025-04-03 04:15:35 --> User IP: ::1
DEBUG - 2025-04-03 04:15:35 --> Session: Class initialized using 'CodeIgniter\Session\Handlers\FileHandler' driver.
DEBUG - 2025-04-03 04:15:35 --> User IP: ::1
DEBUG - 2025-04-03 04:15:35 --> Session: Class initialized using 'CodeIgniter\Session\Handlers\FileHandler' driver.
DEBUG - 2025-04-03 04:16:04 --> User IP: ::1
DEBUG - 2025-04-03 04:16:04 --> Session: Class initialized using 'CodeIgniter\Session\Handlers\FileHandler' driver.
DEBUG - 2025-04-03 04:16:29 --> User IP: ::1
DEBUG - 2025-04-03 04:16:29 --> Session: Class initialized using 'CodeIgniter\Session\Handlers\FileHandler' driver.
DEBUG - 2025-04-03 04:16:36 --> User IP: ::1
DEBUG - 2025-04-03 04:16:36 --> Session: Class initialized using 'CodeIgniter\Session\Handlers\FileHandler' driver.
DEBUG - 2025-04-03 04:17:45 --> User IP: ::1
DEBUG - 2025-04-03 04:17:45 --> Session: Class initialized using 'CodeIgniter\Session\Handlers\FileHandler' driver.
DEBUG - 2025-04-03 04:17:59 --> User IP: ::1
DEBUG - 2025-04-03 04:17:59 --> Session: Class initialized using 'CodeIgniter\Session\Handlers\FileHandler' driver.
DEBUG - 2025-04-03 04:18:09 --> User IP: ::1
DEBUG - 2025-04-03 04:18:09 --> Session: Class initialized using 'CodeIgniter\Session\Handlers\FileHandler' driver.
DEBUG - 2025-04-03 04:18:25 --> User IP: ::1
DEBUG - 2025-04-03 04:18:25 --> Session: Class initialized using 'CodeIgniter\Session\Handlers\FileHandler' driver.
DEBUG - 2025-04-03 04:18:26 --> User IP: ::1
DEBUG - 2025-04-03 04:18:26 --> Session: Class initialized using 'CodeIgniter\Session\Handlers\FileHandler' driver.
DEBUG - 2025-04-03 04:18:40 --> User IP: ::1
DEBUG - 2025-04-03 04:18:40 --> Session: Class initialized using 'CodeIgniter\Session\Handlers\FileHandler' driver.
DEBUG - 2025-04-03 04:18:58 --> User IP: ::1
DEBUG - 2025-04-03 04:18:58 --> Session: Class initialized using 'CodeIgniter\Session\Handlers\FileHandler' driver.
DEBUG - 2025-04-03 04:19:18 --> User IP: ::1
DEBUG - 2025-04-03 04:19:18 --> Session: Class initialized using 'CodeIgniter\Session\Handlers\FileHandler' driver.
DEBUG - 2025-04-03 04:19:20 --> User IP: ::1
DEBUG - 2025-04-03 04:19:20 --> Session: Class initialized using 'CodeIgniter\Session\Handlers\FileHandler' driver.
DEBUG - 2025-04-03 04:19:32 --> User IP: ::1
DEBUG - 2025-04-03 04:19:33 --> Session: Class initialized using 'CodeIgniter\Session\Handlers\FileHandler' driver.
DEBUG - 2025-04-03 04:19:41 --> User IP: ::1
DEBUG - 2025-04-03 04:19:42 --> Session: Class initialized using 'CodeIgniter\Session\Handlers\FileHandler' driver.
DEBUG - 2025-04-03 04:20:09 --> User IP: ::1
DEBUG - 2025-04-03 04:20:09 --> Session: Class initialized using 'CodeIgniter\Session\Handlers\FileHandler' driver.
DEBUG - 2025-04-03 04:20:29 --> User IP: ::1
DEBUG - 2025-04-03 04:20:29 --> Session: Class initialized using 'CodeIgniter\Session\Handlers\FileHandler' driver.
DEBUG - 2025-04-03 04:20:57 --> User IP: ::1
DEBUG - 2025-04-03 04:20:57 --> Session: Class initialized using 'CodeIgniter\Session\Handlers\FileHandler' driver.
DEBUG - 2025-04-03 04:20:59 --> User IP: ::1
DEBUG - 2025-04-03 04:20:59 --> Session: Class initialized using 'CodeIgniter\Session\Handlers\FileHandler' driver.
DEBUG - 2025-04-03 04:21:08 --> User IP: ::1
DEBUG - 2025-04-03 04:21:08 --> Session: Class initialized using 'CodeIgniter\Session\Handlers\FileHandler' driver.
DEBUG - 2025-04-03 04:21:26 --> User IP: ::1
DEBUG - 2025-04-03 04:21:26 --> Session: Class initialized using 'CodeIgniter\Session\Handlers\FileHandler' driver.
DEBUG - 2025-04-03 04:21:27 --> User IP: ::1
DEBUG - 2025-04-03 04:21:27 --> Session: Class initialized using 'CodeIgniter\Session\Handlers\FileHandler' driver.
DEBUG - 2025-04-03 04:21:35 --> User IP: ::1
DEBUG - 2025-04-03 04:21:35 --> Session: Class initialized using 'CodeIgniter\Session\Handlers\FileHandler' driver.
DEBUG - 2025-04-03 04:21:36 --> User IP: ::1
DEBUG - 2025-04-03 04:21:36 --> Session: Class initialized using 'CodeIgniter\Session\Handlers\FileHandler' driver.
DEBUG - 2025-04-03 04:22:04 --> User IP: ::1
DEBUG - 2025-04-03 04:22:04 --> Session: Class initialized using 'CodeIgniter\Session\Handlers\FileHandler' driver.
DEBUG - 2025-04-03 04:22:36 --> User IP: ::1
DEBUG - 2025-04-03 04:22:36 --> Session: Class initialized using 'CodeIgniter\Session\Handlers\FileHandler' driver.
DEBUG - 2025-04-03 04:22:38 --> User IP: ::1
DEBUG - 2025-04-03 04:22:38 --> Session: Class initialized using 'CodeIgniter\Session\Handlers\FileHandler' driver.
DEBUG - 2025-04-03 04:22:45 --> User IP: ::1
DEBUG - 2025-04-03 04:22:45 --> Session: Class initialized using 'CodeIgniter\Session\Handlers\FileHandler' driver.
DEBUG - 2025-04-03 04:22:47 --> User IP: ::1
DEBUG - 2025-04-03 04:22:47 --> Session: Class initialized using 'CodeIgniter\Session\Handlers\FileHandler' driver.
DEBUG - 2025-04-03 04:22:59 --> User IP: ::1
DEBUG - 2025-04-03 04:22:59 --> Session: Class initialized using 'CodeIgniter\Session\Handlers\FileHandler' driver.
DEBUG - 2025-04-03 04:47:05 --> User IP: ::1
DEBUG - 2025-04-03 04:47:05 --> Session: Class initialized using 'CodeIgniter\Session\Handlers\FileHandler' driver.
DEBUG - 2025-04-03 04:47:06 --> User IP: ::1
DEBUG - 2025-04-03 04:47:06 --> Session: Class initialized using 'CodeIgniter\Session\Handlers\FileHandler' driver.
DEBUG - 2025-04-03 04:48:50 --> User IP: ::1
DEBUG - 2025-04-03 04:48:50 --> Session: Class initialized using 'CodeIgniter\Session\Handlers\FileHandler' driver.
DEBUG - 2025-04-03 04:49:14 --> User IP: ::1
DEBUG - 2025-04-03 04:49:14 --> Session: Class initialized using 'CodeIgniter\Session\Handlers\FileHandler' driver.
DEBUG - 2025-04-03 04:49:49 --> User IP: ::1
DEBUG - 2025-04-03 04:49:49 --> Session: Class initialized using 'CodeIgniter\Session\Handlers\FileHandler' driver.
DEBUG - 2025-04-03 04:50:36 --> User IP: ::1
DEBUG - 2025-04-03 04:50:36 --> Session: Class initialized using 'CodeIgniter\Session\Handlers\FileHandler' driver.
DEBUG - 2025-04-03 04:51:51 --> User IP: ::1
DEBUG - 2025-04-03 04:51:51 --> Session: Class initialized using 'CodeIgniter\Session\Handlers\FileHandler' driver.
DEBUG - 2025-04-03 05:08:50 --> User IP: ::1
DEBUG - 2025-04-03 05:08:50 --> Session: Class initialized using 'CodeIgniter\Session\Handlers\FileHandler' driver.
DEBUG - 2025-04-03 05:12:54 --> User IP: ::1
DEBUG - 2025-04-03 05:12:54 --> Session: Class initialized using 'CodeIgniter\Session\Handlers\FileHandler' driver.
DEBUG - 2025-04-03 05:18:43 --> User IP: ::1
DEBUG - 2025-04-03 05:18:43 --> Session: Class initialized using 'CodeIgniter\Session\Handlers\FileHandler' driver.
DEBUG - 2025-04-03 05:18:44 --> User IP: ::1
DEBUG - 2025-04-03 05:18:44 --> Session: Class initialized using 'CodeIgniter\Session\Handlers\FileHandler' driver.
DEBUG - 2025-04-03 05:45:05 --> User IP: ::1
DEBUG - 2025-04-03 05:45:05 --> Session: Class initialized using 'CodeIgniter\Session\Handlers\FileHandler' driver.
DEBUG - 2025-04-03 05:45:09 --> User IP: ::1
DEBUG - 2025-04-03 05:45:09 --> Session: Class initialized using 'CodeIgniter\Session\Handlers\FileHandler' driver.
DEBUG - 2025-04-03 05:45:16 --> User IP: ::1
DEBUG - 2025-04-03 05:45:16 --> Session: Class initialized using 'CodeIgniter\Session\Handlers\FileHandler' driver.
DEBUG - 2025-04-03 05:45:26 --> User IP: ::1
DEBUG - 2025-04-03 05:45:26 --> Session: Class initialized using 'CodeIgniter\Session\Handlers\FileHandler' driver.
DEBUG - 2025-04-03 05:45:27 --> User IP: ::1
DEBUG - 2025-04-03 05:45:28 --> Session: Class initialized using 'CodeIgniter\Session\Handlers\FileHandler' driver.
DEBUG - 2025-04-03 05:45:37 --> User IP: ::1
DEBUG - 2025-04-03 05:45:38 --> Session: Class initialized using 'CodeIgniter\Session\Handlers\FileHandler' driver.
DEBUG - 2025-04-03 05:46:03 --> User IP: ::1
DEBUG - 2025-04-03 05:46:03 --> Session: Class initialized using 'CodeIgniter\Session\Handlers\FileHandler' driver.
DEBUG - 2025-04-03 05:46:35 --> User IP: ::1
DEBUG - 2025-04-03 05:46:35 --> Session: Class initialized using 'CodeIgniter\Session\Handlers\FileHandler' driver.
DEBUG - 2025-04-03 05:46:37 --> User IP: ::1
DEBUG - 2025-04-03 05:46:37 --> Session: Class initialized using 'CodeIgniter\Session\Handlers\FileHandler' driver.
DEBUG - 2025-04-03 05:54:54 --> User IP: ::1
DEBUG - 2025-04-03 05:54:54 --> Session: Class initialized using 'CodeIgniter\Session\Handlers\FileHandler' driver.
DEBUG - 2025-04-03 05:54:54 --> User IP: ::1
DEBUG - 2025-04-03 05:54:55 --> Session: Class initialized using 'CodeIgniter\Session\Handlers\FileHandler' driver.
DEBUG - 2025-04-03 05:54:58 --> User IP: ::1
DEBUG - 2025-04-03 05:54:58 --> Session: Class initialized using 'CodeIgniter\Session\Handlers\FileHandler' driver.
DEBUG - 2025-04-03 05:55:07 --> User IP: ::1
DEBUG - 2025-04-03 05:55:07 --> Session: Class initialized using 'CodeIgniter\Session\Handlers\FileHandler' driver.
DEBUG - 2025-04-03 05:55:07 --> User IP: ::1
DEBUG - 2025-04-03 05:55:07 --> Session: Class initialized using 'CodeIgniter\Session\Handlers\FileHandler' driver.
DEBUG - 2025-04-03 05:55:19 --> User IP: ::1
DEBUG - 2025-04-03 05:55:19 --> Session: Class initialized using 'CodeIgniter\Session\Handlers\FileHandler' driver.
DEBUG - 2025-04-03 05:55:27 --> User IP: ::1
DEBUG - 2025-04-03 05:55:27 --> User ID: 23, Date: 2025-03-31
DEBUG - 2025-04-03 06:07:47 --> User IP: ::1
DEBUG - 2025-04-03 06:07:47 --> Session: Class initialized using 'CodeIgniter\Session\Handlers\FileHandler' driver.
DEBUG - 2025-04-03 06:07:53 --> User IP: ::1
DEBUG - 2025-04-03 06:07:53 --> Session: Class initialized using 'CodeIgniter\Session\Handlers\FileHandler' driver.
DEBUG - 2025-04-03 06:07:54 --> User IP: ::1
DEBUG - 2025-04-03 06:07:54 --> Session: Class initialized using 'CodeIgniter\Session\Handlers\FileHandler' driver.
DEBUG - 2025-04-03 06:08:08 --> User IP: ::1
DEBUG - 2025-04-03 06:08:08 --> Session: Class initialized using 'CodeIgniter\Session\Handlers\FileHandler' driver.
DEBUG - 2025-04-03 06:08:19 --> User IP: ::1
DEBUG - 2025-04-03 06:08:19 --> Session: Class initialized using 'CodeIgniter\Session\Handlers\FileHandler' driver.
DEBUG - 2025-04-03 06:10:20 --> User IP: ::1
DEBUG - 2025-04-03 06:10:21 --> Session: Class initialized using 'CodeIgniter\Session\Handlers\FileHandler' driver.
DEBUG - 2025-04-03 06:11:02 --> User IP: ::1
DEBUG - 2025-04-03 06:11:02 --> Session: Class initialized using 'CodeIgniter\Session\Handlers\FileHandler' driver.
DEBUG - 2025-04-03 06:12:00 --> User IP: ::1
DEBUG - 2025-04-03 06:12:00 --> Session: Class initialized using 'CodeIgniter\Session\Handlers\FileHandler' driver.
DEBUG - 2025-04-03 06:12:14 --> User IP: ::1
DEBUG - 2025-04-03 06:12:14 --> Session: Class initialized using 'CodeIgniter\Session\Handlers\FileHandler' driver.
DEBUG - 2025-04-03 06:12:22 --> User IP: ::1
DEBUG - 2025-04-03 06:12:22 --> Session: Class initialized using 'CodeIgniter\Session\Handlers\FileHandler' driver.
DEBUG - 2025-04-03 06:12:56 --> User IP: ::1
DEBUG - 2025-04-03 06:12:56 --> Session: Class initialized using 'CodeIgniter\Session\Handlers\FileHandler' driver.
DEBUG - 2025-04-03 06:12:58 --> User IP: ::1
DEBUG - 2025-04-03 06:12:58 --> Session: Class initialized using 'CodeIgniter\Session\Handlers\FileHandler' driver.
DEBUG - 2025-04-03 06:13:16 --> User IP: ::1
DEBUG - 2025-04-03 06:13:16 --> Session: Class initialized using 'CodeIgniter\Session\Handlers\FileHandler' driver.
DEBUG - 2025-04-03 06:13:21 --> User IP: ::1
DEBUG - 2025-04-03 06:13:21 --> Session: Class initialized using 'CodeIgniter\Session\Handlers\FileHandler' driver.
DEBUG - 2025-04-03 06:13:28 --> User IP: ::1
DEBUG - 2025-04-03 06:13:28 --> Session: Class initialized using 'CodeIgniter\Session\Handlers\FileHandler' driver.
DEBUG - 2025-04-03 06:13:41 --> User IP: ::1
DEBUG - 2025-04-03 06:13:42 --> Session: Class initialized using 'CodeIgniter\Session\Handlers\FileHandler' driver.
DEBUG - 2025-04-03 06:13:56 --> User IP: ::1
DEBUG - 2025-04-03 06:13:56 --> Session: Class initialized using 'CodeIgniter\Session\Handlers\FileHandler' driver.
DEBUG - 2025-04-03 06:15:00 --> User IP: ::1
DEBUG - 2025-04-03 06:15:00 --> Session: Class initialized using 'CodeIgniter\Session\Handlers\FileHandler' driver.
DEBUG - 2025-04-03 06:15:16 --> User IP: ::1
DEBUG - 2025-04-03 06:15:16 --> Session: Class initialized using 'CodeIgniter\Session\Handlers\FileHandler' driver.
DEBUG - 2025-04-03 06:15:27 --> User IP: ::1
DEBUG - 2025-04-03 06:15:27 --> Session: Class initialized using 'CodeIgniter\Session\Handlers\FileHandler' driver.
DEBUG - 2025-04-03 06:15:38 --> User IP: ::1
DEBUG - 2025-04-03 06:15:38 --> Session: Class initialized using 'CodeIgniter\Session\Handlers\FileHandler' driver.
DEBUG - 2025-04-03 06:15:47 --> User IP: ::1
DEBUG - 2025-04-03 06:15:47 --> Session: Class initialized using 'CodeIgniter\Session\Handlers\FileHandler' driver.
DEBUG - 2025-04-03 06:16:05 --> User IP: ::1
DEBUG - 2025-04-03 06:16:06 --> Session: Class initialized using 'CodeIgniter\Session\Handlers\FileHandler' driver.
DEBUG - 2025-04-03 06:16:09 --> User IP: ::1
DEBUG - 2025-04-03 06:16:09 --> Session: Class initialized using 'CodeIgniter\Session\Handlers\FileHandler' driver.
DEBUG - 2025-04-03 06:16:26 --> User IP: ::1
DEBUG - 2025-04-03 06:16:26 --> Session: Class initialized using 'CodeIgniter\Session\Handlers\FileHandler' driver.
DEBUG - 2025-04-03 06:17:24 --> User IP: ::1
DEBUG - 2025-04-03 06:17:24 --> Session: Class initialized using 'CodeIgniter\Session\Handlers\FileHandler' driver.
DEBUG - 2025-04-03 06:17:34 --> User IP: ::1
DEBUG - 2025-04-03 06:17:34 --> Session: Class initialized using 'CodeIgniter\Session\Handlers\FileHandler' driver.
DEBUG - 2025-04-03 06:18:54 --> User IP: ::1
DEBUG - 2025-04-03 06:18:54 --> Session: Class initialized using 'CodeIgniter\Session\Handlers\FileHandler' driver.
DEBUG - 2025-04-03 06:18:55 --> User IP: ::1
DEBUG - 2025-04-03 06:18:55 --> Session: Class initialized using 'CodeIgniter\Session\Handlers\FileHandler' driver.
DEBUG - 2025-04-03 06:20:19 --> User IP: ::1
DEBUG - 2025-04-03 06:20:19 --> Session: Class initialized using 'CodeIgniter\Session\Handlers\FileHandler' driver.
DEBUG - 2025-04-03 06:20:19 --> User IP: ::1
DEBUG - 2025-04-03 06:20:19 --> Session: Class initialized using 'CodeIgniter\Session\Handlers\FileHandler' driver.
DEBUG - 2025-04-03 06:21:20 --> User IP: ::1
DEBUG - 2025-04-03 06:21:20 --> Session: Class initialized using 'CodeIgniter\Session\Handlers\FileHandler' driver.
DEBUG - 2025-04-03 06:21:20 --> User IP: ::1
DEBUG - 2025-04-03 06:21:20 --> Session: Class initialized using 'CodeIgniter\Session\Handlers\FileHandler' driver.
DEBUG - 2025-04-03 06:21:34 --> User IP: ::1
DEBUG - 2025-04-03 06:21:34 --> Session: Class initialized using 'CodeIgniter\Session\Handlers\FileHandler' driver.
DEBUG - 2025-04-03 06:21:43 --> User IP: ::1
DEBUG - 2025-04-03 06:21:43 --> Session: Class initialized using 'CodeIgniter\Session\Handlers\FileHandler' driver.
DEBUG - 2025-04-03 06:23:21 --> User IP: ::1
DEBUG - 2025-04-03 06:23:21 --> Session: Class initialized using 'CodeIgniter\Session\Handlers\FileHandler' driver.
DEBUG - 2025-04-03 06:24:32 --> User IP: ::1
DEBUG - 2025-04-03 06:24:32 --> Session: Class initialized using 'CodeIgniter\Session\Handlers\FileHandler' driver.
DEBUG - 2025-04-03 06:24:55 --> User IP: ::1
DEBUG - 2025-04-03 06:24:55 --> Session: Class initialized using 'CodeIgniter\Session\Handlers\FileHandler' driver.
DEBUG - 2025-04-03 06:28:17 --> User IP: ::1
DEBUG - 2025-04-03 06:28:17 --> Session: Class initialized using 'CodeIgniter\Session\Handlers\FileHandler' driver.
DEBUG - 2025-04-03 06:28:36 --> User IP: ::1
DEBUG - 2025-04-03 06:28:36 --> Session: Class initialized using 'CodeIgniter\Session\Handlers\FileHandler' driver.
DEBUG - 2025-04-03 06:28:53 --> User IP: ::1
DEBUG - 2025-04-03 06:28:53 --> Session: Class initialized using 'CodeIgniter\Session\Handlers\FileHandler' driver.
DEBUG - 2025-04-03 06:29:53 --> User IP: ::1
DEBUG - 2025-04-03 06:29:53 --> Session: Class initialized using 'CodeIgniter\Session\Handlers\FileHandler' driver.
DEBUG - 2025-04-03 06:29:56 --> User IP: ::1
DEBUG - 2025-04-03 06:29:56 --> Session: Class initialized using 'CodeIgniter\Session\Handlers\FileHandler' driver.
DEBUG - 2025-04-03 06:30:01 --> User IP: ::1
DEBUG - 2025-04-03 06:30:01 --> Session: Class initialized using 'CodeIgniter\Session\Handlers\FileHandler' driver.
DEBUG - 2025-04-03 06:30:02 --> User IP: ::1
DEBUG - 2025-04-03 06:30:02 --> Session: Class initialized using 'CodeIgniter\Session\Handlers\FileHandler' driver.
DEBUG - 2025-04-03 06:30:18 --> User IP: ::1
DEBUG - 2025-04-03 06:30:18 --> Session: Class initialized using 'CodeIgniter\Session\Handlers\FileHandler' driver.
DEBUG - 2025-04-03 06:30:31 --> User IP: ::1
DEBUG - 2025-04-03 06:30:31 --> Session: Class initialized using 'CodeIgniter\Session\Handlers\FileHandler' driver.
DEBUG - 2025-04-03 06:30:40 --> User IP: ::1
DEBUG - 2025-04-03 06:30:40 --> Session: Class initialized using 'CodeIgniter\Session\Handlers\FileHandler' driver.
DEBUG - 2025-04-03 06:31:13 --> User IP: ::1
DEBUG - 2025-04-03 06:31:13 --> Session: Class initialized using 'CodeIgniter\Session\Handlers\FileHandler' driver.
DEBUG - 2025-04-03 06:31:25 --> User IP: ::1
DEBUG - 2025-04-03 06:31:25 --> Session: Class initialized using 'CodeIgniter\Session\Handlers\FileHandler' driver.
DEBUG - 2025-04-03 06:32:44 --> User IP: ::1
DEBUG - 2025-04-03 06:32:44 --> Session: Class initialized using 'CodeIgniter\Session\Handlers\FileHandler' driver.
DEBUG - 2025-04-03 06:32:52 --> User IP: ::1
DEBUG - 2025-04-03 06:32:52 --> Session: Class initialized using 'CodeIgniter\Session\Handlers\FileHandler' driver.
DEBUG - 2025-04-03 06:32:52 --> User IP: ::1
DEBUG - 2025-04-03 06:32:52 --> Session: Class initialized using 'CodeIgniter\Session\Handlers\FileHandler' driver.
DEBUG - 2025-04-03 06:32:58 --> User IP: ::1
DEBUG - 2025-04-03 06:32:58 --> Session: Class initialized using 'CodeIgniter\Session\Handlers\FileHandler' driver.
DEBUG - 2025-04-03 06:32:58 --> User IP: ::1
DEBUG - 2025-04-03 06:32:58 --> Session: Class initialized using 'CodeIgniter\Session\Handlers\FileHandler' driver.
DEBUG - 2025-04-03 06:33:04 --> User IP: ::1
DEBUG - 2025-04-03 06:33:04 --> Session: Class initialized using 'CodeIgniter\Session\Handlers\FileHandler' driver.
DEBUG - 2025-04-03 06:33:08 --> User IP: ::1
DEBUG - 2025-04-03 06:33:08 --> Session: Class initialized using 'CodeIgniter\Session\Handlers\FileHandler' driver.
DEBUG - 2025-04-03 06:35:30 --> User IP: ::1
DEBUG - 2025-04-03 06:35:30 --> Session: Class initialized using 'CodeIgniter\Session\Handlers\FileHandler' driver.
DEBUG - 2025-04-03 06:35:30 --> User IP: ::1
DEBUG - 2025-04-03 06:35:30 --> Session: Class initialized using 'CodeIgniter\Session\Handlers\FileHandler' driver.
DEBUG - 2025-04-03 06:35:51 --> User IP: ::1
DEBUG - 2025-04-03 06:35:51 --> Session: Class initialized using 'CodeIgniter\Session\Handlers\FileHandler' driver.
DEBUG - 2025-04-03 06:35:51 --> User IP: ::1
DEBUG - 2025-04-03 06:35:51 --> Session: Class initialized using 'CodeIgniter\Session\Handlers\FileHandler' driver.
DEBUG - 2025-04-03 06:36:08 --> User IP: ::1
DEBUG - 2025-04-03 06:36:08 --> Session: Class initialized using 'CodeIgniter\Session\Handlers\FileHandler' driver.
DEBUG - 2025-04-03 06:36:50 --> User IP: ::1
DEBUG - 2025-04-03 06:36:50 --> Session: Class initialized using 'CodeIgniter\Session\Handlers\FileHandler' driver.
DEBUG - 2025-04-03 06:36:53 --> User IP: ::1
DEBUG - 2025-04-03 06:36:53 --> Session: Class initialized using 'CodeIgniter\Session\Handlers\FileHandler' driver.
DEBUG - 2025-04-03 06:36:57 --> User IP: ::1
DEBUG - 2025-04-03 06:36:57 --> Session: Class initialized using 'CodeIgniter\Session\Handlers\FileHandler' driver.
DEBUG - 2025-04-03 06:37:09 --> User IP: ::1
DEBUG - 2025-04-03 06:37:09 --> Session: Class initialized using 'CodeIgniter\Session\Handlers\FileHandler' driver.
DEBUG - 2025-04-03 06:37:36 --> User IP: ::1
DEBUG - 2025-04-03 06:37:36 --> Session: Class initialized using 'CodeIgniter\Session\Handlers\FileHandler' driver.
DEBUG - 2025-04-03 06:38:03 --> User IP: ::1
DEBUG - 2025-04-03 06:38:03 --> Session: Class initialized using 'CodeIgniter\Session\Handlers\FileHandler' driver.
DEBUG - 2025-04-03 06:38:23 --> User IP: ::1
DEBUG - 2025-04-03 06:38:23 --> Session: Class initialized using 'CodeIgniter\Session\Handlers\FileHandler' driver.
DEBUG - 2025-04-03 06:38:52 --> User IP: ::1
DEBUG - 2025-04-03 06:38:52 --> Session: Class initialized using 'CodeIgniter\Session\Handlers\FileHandler' driver.
DEBUG - 2025-04-03 06:39:31 --> User IP: ::1
DEBUG - 2025-04-03 06:39:31 --> Session: Class initialized using 'CodeIgniter\Session\Handlers\FileHandler' driver.
DEBUG - 2025-04-03 06:39:43 --> User IP: ::1
DEBUG - 2025-04-03 06:39:43 --> Session: Class initialized using 'CodeIgniter\Session\Handlers\FileHandler' driver.
DEBUG - 2025-04-03 06:39:47 --> User IP: ::1
DEBUG - 2025-04-03 06:39:47 --> Session: Class initialized using 'CodeIgniter\Session\Handlers\FileHandler' driver.
DEBUG - 2025-04-03 06:42:07 --> User IP: ::1
DEBUG - 2025-04-03 06:42:07 --> Session: Class initialized using 'CodeIgniter\Session\Handlers\FileHandler' driver.
DEBUG - 2025-04-03 06:42:09 --> User IP: ::1
DEBUG - 2025-04-03 06:42:09 --> Session: Class initialized using 'CodeIgniter\Session\Handlers\FileHandler' driver.
DEBUG - 2025-04-03 06:42:13 --> User IP: ::1
DEBUG - 2025-04-03 06:42:13 --> Session: Class initialized using 'CodeIgniter\Session\Handlers\FileHandler' driver.
DEBUG - 2025-04-03 06:42:15 --> User IP: ::1
DEBUG - 2025-04-03 06:42:15 --> Session: Class initialized using 'CodeIgniter\Session\Handlers\FileHandler' driver.
DEBUG - 2025-04-03 06:42:18 --> User IP: ::1
DEBUG - 2025-04-03 06:42:18 --> Session: Class initialized using 'CodeIgniter\Session\Handlers\FileHandler' driver.
DEBUG - 2025-04-03 06:42:30 --> User IP: ::1
CRITICAL - 2025-04-03 06:42:30 --> ErrorException: Cannot redeclare App\Controllers\Dashboard::demo1()
[Method: GET, Route: demo]
in APPPATH\Controllers\Dashboard.php on line 192.
 1 [internal function]: CodeIgniter\Debug\Exceptions->shutdownHandler()
DEBUG - 2025-04-03 06:42:43 --> User IP: ::1
DEBUG - 2025-04-03 06:42:51 --> User IP: ::1
DEBUG - 2025-04-03 06:42:51 --> Session: Class initialized using 'CodeIgniter\Session\Handlers\FileHandler' driver.
DEBUG - 2025-04-03 06:46:27 --> User IP: ::1
DEBUG - 2025-04-03 06:46:27 --> Session: Class initialized using 'CodeIgniter\Session\Handlers\FileHandler' driver.
DEBUG - 2025-04-03 06:48:15 --> User IP: ::1
DEBUG - 2025-04-03 06:48:15 --> Session: Class initialized using 'CodeIgniter\Session\Handlers\FileHandler' driver.
DEBUG - 2025-04-03 06:48:46 --> User IP: ::1
DEBUG - 2025-04-03 06:48:46 --> Session: Class initialized using 'CodeIgniter\Session\Handlers\FileHandler' driver.
DEBUG - 2025-04-03 06:48:48 --> User IP: ::1
DEBUG - 2025-04-03 06:48:48 --> Session: Class initialized using 'CodeIgniter\Session\Handlers\FileHandler' driver.
DEBUG - 2025-04-03 06:48:58 --> User IP: ::1
DEBUG - 2025-04-03 06:48:58 --> Session: Class initialized using 'CodeIgniter\Session\Handlers\FileHandler' driver.
DEBUG - 2025-04-03 06:50:12 --> User IP: ::1
DEBUG - 2025-04-03 06:50:12 --> Session: Class initialized using 'CodeIgniter\Session\Handlers\FileHandler' driver.
DEBUG - 2025-04-03 06:51:12 --> User IP: ::1
DEBUG - 2025-04-03 06:51:12 --> Session: Class initialized using 'CodeIgniter\Session\Handlers\FileHandler' driver.
DEBUG - 2025-04-03 06:51:23 --> User IP: ::1
DEBUG - 2025-04-03 06:51:23 --> Session: Class initialized using 'CodeIgniter\Session\Handlers\FileHandler' driver.
DEBUG - 2025-04-03 06:51:56 --> User IP: ::1
DEBUG - 2025-04-03 06:51:56 --> Session: Class initialized using 'CodeIgniter\Session\Handlers\FileHandler' driver.
DEBUG - 2025-04-03 06:52:27 --> User IP: ::1
DEBUG - 2025-04-03 06:52:27 --> Session: Class initialized using 'CodeIgniter\Session\Handlers\FileHandler' driver.
DEBUG - 2025-04-03 06:59:30 --> User IP: ::1
DEBUG - 2025-04-03 06:59:30 --> Session: Class initialized using 'CodeIgniter\Session\Handlers\FileHandler' driver.
DEBUG - 2025-04-03 07:03:36 --> User IP: ::1
DEBUG - 2025-04-03 07:03:36 --> Session: Class initialized using 'CodeIgniter\Session\Handlers\FileHandler' driver.
DEBUG - 2025-04-03 07:14:21 --> User IP: ::1
DEBUG - 2025-04-03 07:14:21 --> Session: Class initialized using 'CodeIgniter\Session\Handlers\FileHandler' driver.
CRITICAL - 2025-04-03 07:14:21 --> ErrorException: Undefined array key "status"
[Method: GET, Route: dashboard]
in APPPATH\Views\dashboard\index.php on line 87.
 1 APPPATH\Views\dashboard\index.php(87): CodeIgniter\Debug\Exceptions->errorHandler(2, 'Undefined array key "status"', 'C:\\xampp\\htdocs\\gighz\\app\\Views\\dashboard\\index.php', 87)
 2 SYSTEMPATH\View\View.php(234): include('C:\\xampp\\htdocs\\gighz\\app\\Views\\dashboard\\index.php')
 3 SYSTEMPATH\View\View.php(237): CodeIgniter\View\View->CodeIgniter\View\{closure}()
 4 SYSTEMPATH\Common.php(1171): CodeIgniter\View\View->render('dashboard/index', [], true)
 5 APPPATH\Controllers\Dashboard.php(40): view('dashboard/index', [...])
 6 SYSTEMPATH\CodeIgniter.php(933): App\Controllers\Dashboard->index()
 7 SYSTEMPATH\CodeIgniter.php(509): CodeIgniter\CodeIgniter->runController(Object(App\Controllers\Dashboard))
 8 SYSTEMPATH\CodeIgniter.php(355): CodeIgniter\CodeIgniter->handleRequest(null, Object(Config\Cache), false)
 9 SYSTEMPATH\Boot.php(334): CodeIgniter\CodeIgniter->run()
10 SYSTEMPATH\Boot.php(67): CodeIgniter\Boot::runCodeIgniter(Object(CodeIgniter\CodeIgniter))
11 FCPATH\index.php(56): CodeIgniter\Boot::bootWeb(Object(Config\Paths))
12 SYSTEMPATH\rewrite.php(44): require_once('C:\\xampp\\htdocs\\gighz\\public\\index.php')
DEBUG - 2025-04-03 07:14:42 --> User IP: ::1
DEBUG - 2025-04-03 07:14:42 --> Session: Class initialized using 'CodeIgniter\Session\Handlers\FileHandler' driver.
DEBUG - 2025-04-03 07:14:44 --> User IP: ::1
DEBUG - 2025-04-03 07:14:44 --> Session: Class initialized using 'CodeIgniter\Session\Handlers\FileHandler' driver.
DEBUG - 2025-04-03 07:14:45 --> User IP: ::1
DEBUG - 2025-04-03 07:14:45 --> Session: Class initialized using 'CodeIgniter\Session\Handlers\FileHandler' driver.
DEBUG - 2025-04-03 07:14:46 --> User IP: ::1
DEBUG - 2025-04-03 07:14:46 --> Session: Class initialized using 'CodeIgniter\Session\Handlers\FileHandler' driver.
DEBUG - 2025-04-03 07:15:55 --> User IP: ::1
DEBUG - 2025-04-03 07:15:55 --> Session: Class initialized using 'CodeIgniter\Session\Handlers\FileHandler' driver.
DEBUG - 2025-04-03 07:15:56 --> User IP: ::1
DEBUG - 2025-04-03 07:15:56 --> Session: Class initialized using 'CodeIgniter\Session\Handlers\FileHandler' driver.
DEBUG - 2025-04-03 07:18:06 --> User IP: ::1
DEBUG - 2025-04-03 07:18:06 --> Session: Class initialized using 'CodeIgniter\Session\Handlers\FileHandler' driver.
DEBUG - 2025-04-03 07:18:07 --> User IP: ::1
DEBUG - 2025-04-03 07:18:07 --> Session: Class initialized using 'CodeIgniter\Session\Handlers\FileHandler' driver.
DEBUG - 2025-04-03 07:18:56 --> User IP: ::1
DEBUG - 2025-04-03 07:18:56 --> Session: Class initialized using 'CodeIgniter\Session\Handlers\FileHandler' driver.
DEBUG - 2025-04-03 07:20:22 --> User IP: ::1
DEBUG - 2025-04-03 07:20:22 --> Session: Class initialized using 'CodeIgniter\Session\Handlers\FileHandler' driver.
DEBUG - 2025-04-03 07:20:24 --> User IP: ::1
DEBUG - 2025-04-03 07:20:24 --> Session: Class initialized using 'CodeIgniter\Session\Handlers\FileHandler' driver.
DEBUG - 2025-04-03 07:20:25 --> User IP: ::1
DEBUG - 2025-04-03 07:20:25 --> Session: Class initialized using 'CodeIgniter\Session\Handlers\FileHandler' driver.
DEBUG - 2025-04-03 07:20:46 --> User IP: ::1
DEBUG - 2025-04-03 07:20:46 --> Session: Class initialized using 'CodeIgniter\Session\Handlers\FileHandler' driver.
DEBUG - 2025-04-03 07:21:16 --> User IP: ::1
DEBUG - 2025-04-03 07:21:16 --> Session: Class initialized using 'CodeIgniter\Session\Handlers\FileHandler' driver.
DEBUG - 2025-04-03 07:22:56 --> User IP: ::1
DEBUG - 2025-04-03 07:22:56 --> Session: Class initialized using 'CodeIgniter\Session\Handlers\FileHandler' driver.
DEBUG - 2025-04-03 07:49:05 --> User IP: ::1
DEBUG - 2025-04-03 07:49:05 --> Session: Class initialized using 'CodeIgniter\Session\Handlers\FileHandler' driver.
DEBUG - 2025-04-03 07:50:02 --> User IP: ::1
DEBUG - 2025-04-03 07:50:02 --> Session: Class initialized using 'CodeIgniter\Session\Handlers\FileHandler' driver.
DEBUG - 2025-04-03 07:50:36 --> User IP: ::1
DEBUG - 2025-04-03 07:50:36 --> Session: Class initialized using 'CodeIgniter\Session\Handlers\FileHandler' driver.
DEBUG - 2025-04-03 07:50:46 --> User IP: ::1
DEBUG - 2025-04-03 07:50:46 --> Session: Class initialized using 'CodeIgniter\Session\Handlers\FileHandler' driver.
DEBUG - 2025-04-03 07:50:46 --> User IP: ::1
DEBUG - 2025-04-03 07:50:46 --> Session: Class initialized using 'CodeIgniter\Session\Handlers\FileHandler' driver.
DEBUG - 2025-04-03 07:50:52 --> User IP: ::1
DEBUG - 2025-04-03 07:50:52 --> Session: Class initialized using 'CodeIgniter\Session\Handlers\FileHandler' driver.
DEBUG - 2025-04-03 07:50:53 --> User IP: ::1
DEBUG - 2025-04-03 07:50:53 --> Session: Class initialized using 'CodeIgniter\Session\Handlers\FileHandler' driver.
DEBUG - 2025-04-03 08:19:42 --> User IP: ::1
DEBUG - 2025-04-03 08:19:42 --> Session: Class initialized using 'CodeIgniter\Session\Handlers\FileHandler' driver.
DEBUG - 2025-04-03 08:21:16 --> User IP: ::1
DEBUG - 2025-04-03 08:21:16 --> Session: Class initialized using 'CodeIgniter\Session\Handlers\FileHandler' driver.
DEBUG - 2025-04-03 08:22:04 --> User IP: ::1
DEBUG - 2025-04-03 08:22:04 --> Session: Class initialized using 'CodeIgniter\Session\Handlers\FileHandler' driver.
DEBUG - 2025-04-03 08:22:10 --> User IP: ::1
DEBUG - 2025-04-03 08:22:10 --> Session: Class initialized using 'CodeIgniter\Session\Handlers\FileHandler' driver.
DEBUG - 2025-04-03 08:22:10 --> User IP: ::1
DEBUG - 2025-04-03 08:22:10 --> Session: Class initialized using 'CodeIgniter\Session\Handlers\FileHandler' driver.
DEBUG - 2025-04-03 08:22:16 --> User IP: ::1
DEBUG - 2025-04-03 08:22:16 --> Session: Class initialized using 'CodeIgniter\Session\Handlers\FileHandler' driver.
DEBUG - 2025-04-03 08:22:17 --> User IP: ::1
DEBUG - 2025-04-03 08:22:17 --> Session: Class initialized using 'CodeIgniter\Session\Handlers\FileHandler' driver.
DEBUG - 2025-04-03 08:22:34 --> User IP: ::1
DEBUG - 2025-04-03 08:22:34 --> Session: Class initialized using 'CodeIgniter\Session\Handlers\FileHandler' driver.
DEBUG - 2025-04-03 08:22:40 --> User IP: ::1
DEBUG - 2025-04-03 08:22:40 --> Session: Class initialized using 'CodeIgniter\Session\Handlers\FileHandler' driver.
DEBUG - 2025-04-03 08:22:41 --> User IP: ::1
DEBUG - 2025-04-03 08:22:41 --> Session: Class initialized using 'CodeIgniter\Session\Handlers\FileHandler' driver.
DEBUG - 2025-04-03 08:22:49 --> User IP: ::1
DEBUG - 2025-04-03 08:22:49 --> Session: Class initialized using 'CodeIgniter\Session\Handlers\FileHandler' driver.
DEBUG - 2025-04-03 08:22:49 --> User IP: ::1
DEBUG - 2025-04-03 08:22:49 --> Session: Class initialized using 'CodeIgniter\Session\Handlers\FileHandler' driver.
DEBUG - 2025-04-03 08:22:54 --> User IP: ::1
DEBUG - 2025-04-03 08:22:54 --> Session: Class initialized using 'CodeIgniter\Session\Handlers\FileHandler' driver.
DEBUG - 2025-04-03 08:22:56 --> User IP: ::1
DEBUG - 2025-04-03 08:22:56 --> Session: Class initialized using 'CodeIgniter\Session\Handlers\FileHandler' driver.
DEBUG - 2025-04-03 08:22:56 --> User IP: ::1
DEBUG - 2025-04-03 08:22:56 --> Session: Class initialized using 'CodeIgniter\Session\Handlers\FileHandler' driver.
DEBUG - 2025-04-03 08:23:07 --> User IP: ::1
DEBUG - 2025-04-03 08:23:07 --> Session: Class initialized using 'CodeIgniter\Session\Handlers\FileHandler' driver.
DEBUG - 2025-04-03 08:23:07 --> User IP: ::1
DEBUG - 2025-04-03 08:23:07 --> Session: Class initialized using 'CodeIgniter\Session\Handlers\FileHandler' driver.
DEBUG - 2025-04-03 08:24:00 --> User IP: ::1
DEBUG - 2025-04-03 08:24:00 --> Session: Class initialized using 'CodeIgniter\Session\Handlers\FileHandler' driver.
DEBUG - 2025-04-03 08:24:49 --> User IP: ::1
DEBUG - 2025-04-03 08:24:49 --> Session: Class initialized using 'CodeIgniter\Session\Handlers\FileHandler' driver.
DEBUG - 2025-04-03 08:26:19 --> User IP: ::1
DEBUG - 2025-04-03 08:26:19 --> Session: Class initialized using 'CodeIgniter\Session\Handlers\FileHandler' driver.
DEBUG - 2025-04-03 08:26:26 --> User IP: ::1
DEBUG - 2025-04-03 08:26:26 --> Session: Class initialized using 'CodeIgniter\Session\Handlers\FileHandler' driver.
DEBUG - 2025-04-03 08:26:49 --> User IP: ::1
DEBUG - 2025-04-03 08:26:49 --> Session: Class initialized using 'CodeIgniter\Session\Handlers\FileHandler' driver.
DEBUG - 2025-04-03 08:27:04 --> User IP: ::1
DEBUG - 2025-04-03 08:27:04 --> Session: Class initialized using 'CodeIgniter\Session\Handlers\FileHandler' driver.
DEBUG - 2025-04-03 08:27:12 --> User IP: ::1
DEBUG - 2025-04-03 08:27:12 --> Session: Class initialized using 'CodeIgniter\Session\Handlers\FileHandler' driver.
DEBUG - 2025-04-03 08:27:33 --> User IP: ::1
DEBUG - 2025-04-03 08:27:33 --> Session: Class initialized using 'CodeIgniter\Session\Handlers\FileHandler' driver.
DEBUG - 2025-04-03 08:27:42 --> User IP: ::1
DEBUG - 2025-04-03 08:27:42 --> Session: Class initialized using 'CodeIgniter\Session\Handlers\FileHandler' driver.
DEBUG - 2025-04-03 08:28:05 --> User IP: ::1
DEBUG - 2025-04-03 08:28:05 --> Session: Class initialized using 'CodeIgniter\Session\Handlers\FileHandler' driver.
DEBUG - 2025-04-03 08:28:11 --> User IP: ::1
DEBUG - 2025-04-03 08:28:11 --> Session: Class initialized using 'CodeIgniter\Session\Handlers\FileHandler' driver.
DEBUG - 2025-04-03 08:28:13 --> User IP: ::1
DEBUG - 2025-04-03 08:28:13 --> Session: Class initialized using 'CodeIgniter\Session\Handlers\FileHandler' driver.
DEBUG - 2025-04-03 08:29:06 --> User IP: ::1
DEBUG - 2025-04-03 08:29:06 --> Session: Class initialized using 'CodeIgniter\Session\Handlers\FileHandler' driver.
DEBUG - 2025-04-03 08:29:19 --> User IP: ::1
DEBUG - 2025-04-03 08:29:19 --> Session: Class initialized using 'CodeIgniter\Session\Handlers\FileHandler' driver.
DEBUG - 2025-04-03 08:29:30 --> User IP: ::1
DEBUG - 2025-04-03 08:29:30 --> Session: Class initialized using 'CodeIgniter\Session\Handlers\FileHandler' driver.
DEBUG - 2025-04-03 08:29:40 --> User IP: ::1
DEBUG - 2025-04-03 08:29:40 --> Session: Class initialized using 'CodeIgniter\Session\Handlers\FileHandler' driver.
DEBUG - 2025-04-03 08:29:41 --> User IP: ::1
DEBUG - 2025-04-03 08:29:41 --> Session: Class initialized using 'CodeIgniter\Session\Handlers\FileHandler' driver.
DEBUG - 2025-04-03 08:30:14 --> User IP: ::1
DEBUG - 2025-04-03 08:30:14 --> Session: Class initialized using 'CodeIgniter\Session\Handlers\FileHandler' driver.
DEBUG - 2025-04-03 08:30:29 --> User IP: ::1
DEBUG - 2025-04-03 08:30:29 --> Session: Class initialized using 'CodeIgniter\Session\Handlers\FileHandler' driver.
DEBUG - 2025-04-03 09:27:29 --> User IP: ::1
DEBUG - 2025-04-03 09:27:29 --> Session: Class initialized using 'CodeIgniter\Session\Handlers\FileHandler' driver.
DEBUG - 2025-04-03 09:27:30 --> User IP: ::1
DEBUG - 2025-04-03 09:27:30 --> Session: Class initialized using 'CodeIgniter\Session\Handlers\FileHandler' driver.
DEBUG - 2025-04-03 09:27:31 --> User IP: ::1
DEBUG - 2025-04-03 09:27:31 --> Session: Class initialized using 'CodeIgniter\Session\Handlers\FileHandler' driver.
DEBUG - 2025-04-03 09:27:40 --> User IP: ::1
DEBUG - 2025-04-03 09:27:40 --> Session: Class initialized using 'CodeIgniter\Session\Handlers\FileHandler' driver.
DEBUG - 2025-04-03 09:29:13 --> User IP: ::1
DEBUG - 2025-04-03 09:29:13 --> Session: Class initialized using 'CodeIgniter\Session\Handlers\FileHandler' driver.
DEBUG - 2025-04-03 09:29:26 --> User IP: ::1
DEBUG - 2025-04-03 09:29:26 --> Session: Class initialized using 'CodeIgniter\Session\Handlers\FileHandler' driver.
DEBUG - 2025-04-03 09:29:50 --> User IP: ::1
DEBUG - 2025-04-03 09:29:50 --> Session: Class initialized using 'CodeIgniter\Session\Handlers\FileHandler' driver.
DEBUG - 2025-04-03 09:29:56 --> User IP: ::1
DEBUG - 2025-04-03 09:29:56 --> Session: Class initialized using 'CodeIgniter\Session\Handlers\FileHandler' driver.
DEBUG - 2025-04-03 09:30:12 --> User IP: ::1
DEBUG - 2025-04-03 09:30:12 --> Session: Class initialized using 'CodeIgniter\Session\Handlers\FileHandler' driver.
DEBUG - 2025-04-03 09:30:17 --> User IP: ::1
DEBUG - 2025-04-03 09:30:17 --> Session: Class initialized using 'CodeIgniter\Session\Handlers\FileHandler' driver.
DEBUG - 2025-04-03 09:30:36 --> User IP: ::1
DEBUG - 2025-04-03 09:30:36 --> Session: Class initialized using 'CodeIgniter\Session\Handlers\FileHandler' driver.
DEBUG - 2025-04-03 09:32:09 --> User IP: ::1
DEBUG - 2025-04-03 09:32:09 --> Session: Class initialized using 'CodeIgniter\Session\Handlers\FileHandler' driver.
DEBUG - 2025-04-03 09:32:25 --> User IP: ::1
DEBUG - 2025-04-03 09:32:25 --> Session: Class initialized using 'CodeIgniter\Session\Handlers\FileHandler' driver.
DEBUG - 2025-04-03 09:32:31 --> User IP: ::1
DEBUG - 2025-04-03 09:32:31 --> Session: Class initialized using 'CodeIgniter\Session\Handlers\FileHandler' driver.
DEBUG - 2025-04-03 09:32:33 --> User IP: ::1
DEBUG - 2025-04-03 09:32:33 --> Session: Class initialized using 'CodeIgniter\Session\Handlers\FileHandler' driver.
DEBUG - 2025-04-03 09:32:34 --> User IP: ::1
DEBUG - 2025-04-03 09:32:34 --> Session: Class initialized using 'CodeIgniter\Session\Handlers\FileHandler' driver.
DEBUG - 2025-04-03 09:32:48 --> User IP: ::1
DEBUG - 2025-04-03 09:32:48 --> Session: Class initialized using 'CodeIgniter\Session\Handlers\FileHandler' driver.
DEBUG - 2025-04-03 09:32:49 --> User IP: ::1
DEBUG - 2025-04-03 09:32:49 --> Session: Class initialized using 'CodeIgniter\Session\Handlers\FileHandler' driver.
DEBUG - 2025-04-03 09:33:12 --> User IP: ::1
DEBUG - 2025-04-03 09:33:12 --> Session: Class initialized using 'CodeIgniter\Session\Handlers\FileHandler' driver.
DEBUG - 2025-04-03 09:33:12 --> User IP: ::1
DEBUG - 2025-04-03 09:33:12 --> Session: Class initialized using 'CodeIgniter\Session\Handlers\FileHandler' driver.
DEBUG - 2025-04-03 09:33:18 --> User IP: ::1
DEBUG - 2025-04-03 09:33:18 --> Session: Class initialized using 'CodeIgniter\Session\Handlers\FileHandler' driver.
DEBUG - 2025-04-03 09:33:18 --> User IP: ::1
DEBUG - 2025-04-03 09:33:18 --> Session: Class initialized using 'CodeIgniter\Session\Handlers\FileHandler' driver.
DEBUG - 2025-04-03 09:34:26 --> User IP: ::1
DEBUG - 2025-04-03 09:34:26 --> Session: Class initialized using 'CodeIgniter\Session\Handlers\FileHandler' driver.
DEBUG - 2025-04-03 09:34:35 --> User IP: ::1
DEBUG - 2025-04-03 09:34:35 --> Session: Class initialized using 'CodeIgniter\Session\Handlers\FileHandler' driver.
DEBUG - 2025-04-03 09:34:35 --> User IP: ::1
DEBUG - 2025-04-03 09:34:35 --> Session: Class initialized using 'CodeIgniter\Session\Handlers\FileHandler' driver.
DEBUG - 2025-04-03 09:35:48 --> User IP: ::1
DEBUG - 2025-04-03 09:35:49 --> Session: Class initialized using 'CodeIgniter\Session\Handlers\FileHandler' driver.
DEBUG - 2025-04-03 09:35:49 --> User IP: ::1
DEBUG - 2025-04-03 09:35:49 --> Session: Class initialized using 'CodeIgniter\Session\Handlers\FileHandler' driver.
DEBUG - 2025-04-03 10:03:36 --> User IP: ::1
DEBUG - 2025-04-03 10:03:36 --> Session: Class initialized using 'CodeIgniter\Session\Handlers\FileHandler' driver.
DEBUG - 2025-04-03 10:04:15 --> User IP: ::1
DEBUG - 2025-04-03 10:04:15 --> Session: Class initialized using 'CodeIgniter\Session\Handlers\FileHandler' driver.
DEBUG - 2025-04-03 12:07:47 --> User IP: ::1
DEBUG - 2025-04-03 12:07:47 --> Session: Class initialized using 'CodeIgniter\Session\Handlers\FileHandler' driver.
DEBUG - 2025-04-03 12:07:47 --> User IP: ::1
DEBUG - 2025-04-03 12:07:47 --> Session: Class initialized using 'CodeIgniter\Session\Handlers\FileHandler' driver.
