DEBUG - 2025-03-17 06:27:02 --> Session: Class initialized using 'CodeIgniter\Session\Handlers\FileHandler' driver.
DEBUG - 2025-03-17 06:27:07 --> Session: Class initialized using 'CodeIgniter\Session\Handlers\FileHandler' driver.
DEBUG - 2025-03-17 06:27:20 --> Session: Class initialized using 'CodeIgniter\Session\Handlers\FileHandler' driver.
DEBUG - 2025-03-17 06:28:10 --> User ID: 5, Date: 2025-02-12
DEBUG - 2025-03-17 06:30:41 --> Session: Class initialized using 'CodeIgniter\Session\Handlers\FileHandler' driver.
DEBUG - 2025-03-17 06:32:35 --> Session: Class initialized using 'CodeIgniter\Session\Handlers\FileHandler' driver.
DEBUG - 2025-03-17 06:33:13 --> Session: Class initialized using 'CodeIgniter\Session\Handlers\FileHandler' driver.
DEBUG - 2025-03-17 06:39:55 --> Session: Class initialized using 'CodeIgniter\Session\Handlers\FileHandler' driver.
DEBUG - 2025-03-17 06:42:16 --> Session: Class initialized using 'CodeIgniter\Session\Handlers\FileHandler' driver.
DEBUG - 2025-03-17 06:43:30 --> Session: Class initialized using 'CodeIgniter\Session\Handlers\FileHandler' driver.
DEBUG - 2025-03-17 06:45:29 --> User ID: 27, Date: 2025-02-28
DEBUG - 2025-03-17 06:46:25 --> Session: Class initialized using 'CodeIgniter\Session\Handlers\FileHandler' driver.
DEBUG - 2025-03-17 06:47:59 --> User ID: 23, Date: 2025-02-10
DEBUG - 2025-03-17 06:48:34 --> User ID: 23, Date: 2025-02-10
DEBUG - 2025-03-17 06:48:37 --> Session: Class initialized using 'CodeIgniter\Session\Handlers\FileHandler' driver.
DEBUG - 2025-03-17 06:49:25 --> User ID: 23, Date: 2025-01-28
DEBUG - 2025-03-17 06:49:38 --> User ID: 23, Date: 2025-01-28
DEBUG - 2025-03-17 06:49:40 --> Session: Class initialized using 'CodeIgniter\Session\Handlers\FileHandler' driver.
DEBUG - 2025-03-17 06:52:12 --> User ID: 23, Date: 2025-01-30
DEBUG - 2025-03-17 06:52:47 --> User ID: 23, Date: 2025-01-30
DEBUG - 2025-03-17 06:52:50 --> Session: Class initialized using 'CodeIgniter\Session\Handlers\FileHandler' driver.
DEBUG - 2025-03-17 07:03:39 --> Session: Class initialized using 'CodeIgniter\Session\Handlers\FileHandler' driver.
CRITICAL - 2025-03-17 07:03:39 --> ErrorException: Undefined variable $emp_id
[Method: GET, Route: attendance]
in APPPATH\Views\Attendance\attendanceLogs.php on line 64.
 1 APPPATH\Views\Attendance\attendanceLogs.php(64): CodeIgniter\Debug\Exceptions->errorHandler(2, 'Undefined variable $emp_id', 'C:\\xampp\\htdocs\\gighz\\app\\Views\\Attendance\\attendanceLogs.php', 64)
 2 SYSTEMPATH\View\View.php(234): include('C:\\xampp\\htdocs\\gighz\\app\\Views\\Attendance\\attendanceLogs.php')
 3 SYSTEMPATH\View\View.php(237): CodeIgniter\View\View->CodeIgniter\View\{closure}()
 4 SYSTEMPATH\Common.php(1171): CodeIgniter\View\View->render('Attendance/attendanceLogs', [], true)
 5 APPPATH\Controllers\BiometricController.php(51): view('Attendance/attendanceLogs', [...])
 6 SYSTEMPATH\CodeIgniter.php(933): App\Controllers\BiometricController->index()
 7 SYSTEMPATH\CodeIgniter.php(509): CodeIgniter\CodeIgniter->runController(Object(App\Controllers\BiometricController))
 8 SYSTEMPATH\CodeIgniter.php(355): CodeIgniter\CodeIgniter->handleRequest(null, Object(Config\Cache), false)
 9 SYSTEMPATH\Boot.php(334): CodeIgniter\CodeIgniter->run()
10 SYSTEMPATH\Boot.php(67): CodeIgniter\Boot::runCodeIgniter(Object(CodeIgniter\CodeIgniter))
11 FCPATH\index.php(56): CodeIgniter\Boot::bootWeb(Object(Config\Paths))
12 SYSTEMPATH\rewrite.php(44): require_once('C:\\xampp\\htdocs\\gighz\\public\\index.php')
DEBUG - 2025-03-17 07:04:05 --> Session: Class initialized using 'CodeIgniter\Session\Handlers\FileHandler' driver.
DEBUG - 2025-03-17 07:06:44 --> Session: Class initialized using 'CodeIgniter\Session\Handlers\FileHandler' driver.
DEBUG - 2025-03-17 07:07:17 --> User ID: 17, Date: 2025-03-01
DEBUG - 2025-03-17 07:07:54 --> User ID: 17, Date: 2025-02-25
DEBUG - 2025-03-17 07:07:57 --> User ID: 9, Date: 2025-03-05
DEBUG - 2025-03-17 07:08:10 --> User ID: 9, Date: 2025-03-05
DEBUG - 2025-03-17 07:08:12 --> Session: Class initialized using 'CodeIgniter\Session\Handlers\FileHandler' driver.
DEBUG - 2025-03-17 07:08:17 --> User ID: 9, Date: 2025-03-05
DEBUG - 2025-03-17 07:08:28 --> User ID: 6, Date: 2025-03-05
DEBUG - 2025-03-17 07:08:52 --> User ID: 6, Date: 2025-03-05
DEBUG - 2025-03-17 07:08:54 --> Session: Class initialized using 'CodeIgniter\Session\Handlers\FileHandler' driver.
DEBUG - 2025-03-17 07:08:56 --> User ID: 6, Date: 2025-03-05
DEBUG - 2025-03-17 07:09:00 --> User ID: 10, Date: 2025-03-05
DEBUG - 2025-03-17 07:09:52 --> User ID: 10, Date: 2025-03-05
DEBUG - 2025-03-17 07:09:54 --> Session: Class initialized using 'CodeIgniter\Session\Handlers\FileHandler' driver.
DEBUG - 2025-03-17 07:09:56 --> User ID: 16, Date: 2025-02-28
DEBUG - 2025-03-17 07:10:27 --> User ID: 16, Date: 2025-02-28
DEBUG - 2025-03-17 07:10:29 --> Session: Class initialized using 'CodeIgniter\Session\Handlers\FileHandler' driver.
DEBUG - 2025-03-17 07:10:33 --> User ID: 4, Date: 2025-03-06
DEBUG - 2025-03-17 07:11:03 --> User ID: 4, Date: 2025-03-06
DEBUG - 2025-03-17 07:11:05 --> Session: Class initialized using 'CodeIgniter\Session\Handlers\FileHandler' driver.
DEBUG - 2025-03-17 07:11:11 --> User ID: 13, Date: 2025-03-06
DEBUG - 2025-03-17 07:11:17 --> User ID: 4, Date: 2025-03-11
DEBUG - 2025-03-17 07:11:20 --> User ID: 9, Date: 2025-03-07
DEBUG - 2025-03-17 07:11:23 --> User ID: 10, Date: 2025-03-07
DEBUG - 2025-03-17 07:11:25 --> User ID: 2, Date: 2025-03-06
DEBUG - 2025-03-17 07:11:29 --> User ID: 45, Date: 2025-03-08
DEBUG - 2025-03-17 07:11:33 --> User ID: 45, Date: 2025-03-07
DEBUG - 2025-03-17 07:11:36 --> User ID: 10, Date: 2025-03-07
DEBUG - 2025-03-17 07:11:39 --> User ID: 6, Date: 2025-03-11
DEBUG - 2025-03-17 07:11:43 --> User ID: 10, Date: 2025-03-13
DEBUG - 2025-03-17 07:11:47 --> User ID: 4, Date: 2025-03-14
DEBUG - 2025-03-17 07:11:49 --> User ID: 13, Date: 2025-03-14
DEBUG - 2025-03-17 07:11:57 --> User ID: 9, Date: 2025-03-14
DEBUG - 2025-03-17 07:12:00 --> User ID: 45, Date: 2025-03-14
DEBUG - 2025-03-17 07:12:01 --> User ID: 10, Date: 2025-03-13
DEBUG - 2025-03-17 07:12:19 --> User ID: 10, Date: 2025-03-13
DEBUG - 2025-03-17 07:12:20 --> Session: Class initialized using 'CodeIgniter\Session\Handlers\FileHandler' driver.
DEBUG - 2025-03-17 07:12:27 --> User ID: 10, Date: 2025-03-13
DEBUG - 2025-03-17 09:28:17 --> Session: Class initialized using 'CodeIgniter\Session\Handlers\FileHandler' driver.
DEBUG - 2025-03-17 09:28:21 --> Session: Class initialized using 'CodeIgniter\Session\Handlers\FileHandler' driver.
DEBUG - 2025-03-17 09:30:50 --> Session: Class initialized using 'CodeIgniter\Session\Handlers\FileHandler' driver.
DEBUG - 2025-03-17 09:31:30 --> Session: Class initialized using 'CodeIgniter\Session\Handlers\FileHandler' driver.
DEBUG - 2025-03-17 10:56:33 --> Session: Class initialized using 'CodeIgniter\Session\Handlers\FileHandler' driver.
DEBUG - 2025-03-17 11:42:47 --> User ID: 4, Date: 2025-03-14
DEBUG - 2025-03-17 11:43:09 --> User ID: 4, Date: 2025-03-14
DEBUG - 2025-03-17 11:43:11 --> Session: Class initialized using 'CodeIgniter\Session\Handlers\FileHandler' driver.
DEBUG - 2025-03-17 11:43:20 --> User ID: 4, Date: 2025-03-14
DEBUG - 2025-03-17 11:43:32 --> User ID: 13, Date: 2025-03-14
DEBUG - 2025-03-17 11:43:39 --> User ID: 13, Date: 2025-03-14
DEBUG - 2025-03-17 11:43:40 --> Session: Class initialized using 'CodeIgniter\Session\Handlers\FileHandler' driver.
DEBUG - 2025-03-17 11:43:58 --> User ID: 5, Date: 2025-03-14
DEBUG - 2025-03-17 11:44:13 --> Session: Class initialized using 'CodeIgniter\Session\Handlers\FileHandler' driver.
DEBUG - 2025-03-17 11:44:25 --> User ID: 17, Date: 2025-02-24
DEBUG - 2025-03-17 11:44:30 --> User ID: 17, Date: 2025-02-24
DEBUG - 2025-03-17 11:44:32 --> Session: Class initialized using 'CodeIgniter\Session\Handlers\FileHandler' driver.
DEBUG - 2025-03-17 11:51:02 --> Session: Class initialized using 'CodeIgniter\Session\Handlers\FileHandler' driver.
DEBUG - 2025-03-17 11:52:07 --> Session: Class initialized using 'CodeIgniter\Session\Handlers\FileHandler' driver.
DEBUG - 2025-03-17 11:52:10 --> User ID: 10, Date: 2025-01-27
DEBUG - 2025-03-17 11:52:21 --> User ID: 10, Date: 2025-01-27
DEBUG - 2025-03-17 11:52:23 --> Session: Class initialized using 'CodeIgniter\Session\Handlers\FileHandler' driver.
DEBUG - 2025-03-17 11:56:30 --> Session: Class initialized using 'CodeIgniter\Session\Handlers\FileHandler' driver.
DEBUG - 2025-03-17 11:56:30 --> Session: Class initialized using 'CodeIgniter\Session\Handlers\FileHandler' driver.
DEBUG - 2025-03-17 11:56:34 --> Session: Class initialized using 'CodeIgniter\Session\Handlers\FileHandler' driver.
DEBUG - 2025-03-17 11:56:43 --> Session: Class initialized using 'CodeIgniter\Session\Handlers\FileHandler' driver.
DEBUG - 2025-03-17 11:58:34 --> User ID: 9, Date: 2025-03-14
DEBUG - 2025-03-17 12:00:01 --> User ID: 9, Date: 2025-03-14
DEBUG - 2025-03-17 12:00:39 --> User ID: 10, Date: 2025-03-14
DEBUG - 2025-03-17 12:02:44 --> Session: Class initialized using 'CodeIgniter\Session\Handlers\FileHandler' driver.
DEBUG - 2025-03-17 12:02:44 --> Session: Class initialized using 'CodeIgniter\Session\Handlers\FileHandler' driver.
DEBUG - 2025-03-17 12:02:50 --> Session: Class initialized using 'CodeIgniter\Session\Handlers\FileHandler' driver.
DEBUG - 2025-03-17 12:02:56 --> Session: Class initialized using 'CodeIgniter\Session\Handlers\FileHandler' driver.
DEBUG - 2025-03-17 12:02:56 --> Session: Class initialized using 'CodeIgniter\Session\Handlers\FileHandler' driver.
DEBUG - 2025-03-17 12:03:02 --> Session: Class initialized using 'CodeIgniter\Session\Handlers\FileHandler' driver.
DEBUG - 2025-03-17 12:03:03 --> Session: Class initialized using 'CodeIgniter\Session\Handlers\FileHandler' driver.
DEBUG - 2025-03-17 12:03:13 --> Session: Class initialized using 'CodeIgniter\Session\Handlers\FileHandler' driver.
ERROR - 2025-03-17 12:03:15 --> Email: Unable to send email using SMTP. Your server might not be configured to send mail using this method.
ERROR - 2025-03-17 12:03:15 --> 220 ESMTP smtp.hostinger.com

hello: 250-smtp.hostinger.com
250-PIPELINING
250-SIZE 48811212
250-ETRN
250-STARTTLS
250-AUTH PLAIN LOGIN
250-ENHANCEDSTATUSCODES
250-8BITMIME
250-DSN
250 CHUNKING

from: 250 2.1.0 Ok

to: 501 5.1.3 Bad recipient address syntax

The following SMTP error was encountered: 501 5.1.3 Bad recipient address syntax

quit: 221 2.0.0 Bye

DEBUG - 2025-03-17 12:03:15 --> Session: Class initialized using 'CodeIgniter\Session\Handlers\FileHandler' driver.
DEBUG - 2025-03-17 12:03:26 --> Session: Class initialized using 'CodeIgniter\Session\Handlers\FileHandler' driver.
ERROR - 2025-03-17 12:03:28 --> Email: Unable to send email using SMTP. Your server might not be configured to send mail using this method.
ERROR - 2025-03-17 12:03:28 --> 220 ESMTP smtp.hostinger.com

hello: 250-smtp.hostinger.com
250-PIPELINING
250-SIZE 48811212
250-ETRN
250-STARTTLS
250-AUTH PLAIN LOGIN
250-ENHANCEDSTATUSCODES
250-8BITMIME
250-DSN
250 CHUNKING

from: 250 2.1.0 Ok

to: 501 5.1.3 Bad recipient address syntax

The following SMTP error was encountered: 501 5.1.3 Bad recipient address syntax

quit: 221 2.0.0 Bye

DEBUG - 2025-03-17 12:03:29 --> Session: Class initialized using 'CodeIgniter\Session\Handlers\FileHandler' driver.
DEBUG - 2025-03-17 12:09:53 --> Session: Class initialized using 'CodeIgniter\Session\Handlers\FileHandler' driver.
DEBUG - 2025-03-17 12:10:01 --> User ID: 2, Date: 2025-03-06
DEBUG - 2025-03-17 12:10:20 --> User ID: 2, Date: 2025-03-06
DEBUG - 2025-03-17 12:10:36 --> User ID: 2, Date: 2025-03-06
DEBUG - 2025-03-17 12:10:44 --> Session: Class initialized using 'CodeIgniter\Session\Handlers\FileHandler' driver.
DEBUG - 2025-03-17 12:19:37 --> Session: Class initialized using 'CodeIgniter\Session\Handlers\FileHandler' driver.
DEBUG - 2025-03-17 12:19:46 --> User ID: 13, Date: 2025-03-06
DEBUG - 2025-03-17 12:19:57 --> User ID: 13, Date: 2025-03-06
DEBUG - 2025-03-17 12:23:00 --> Session: Class initialized using 'CodeIgniter\Session\Handlers\FileHandler' driver.
DEBUG - 2025-03-17 12:23:13 --> Session: Class initialized using 'CodeIgniter\Session\Handlers\FileHandler' driver.
DEBUG - 2025-03-17 12:23:16 --> User ID: 27, Date: 2025-02-25
DEBUG - 2025-03-17 12:26:59 --> Session: Class initialized using 'CodeIgniter\Session\Handlers\FileHandler' driver.
DEBUG - 2025-03-17 12:27:01 --> User ID: 13, Date: 2025-02-25
DEBUG - 2025-03-17 12:27:12 --> User ID: 13, Date: 2025-03-06
DEBUG - 2025-03-17 12:27:44 --> User ID: 13, Date: 2025-03-06
DEBUG - 2025-03-17 12:27:46 --> User ID: 13, Date: 2025-03-06
DEBUG - 2025-03-17 12:28:41 --> Session: Class initialized using 'CodeIgniter\Session\Handlers\FileHandler' driver.
DEBUG - 2025-03-17 12:42:03 --> Session: Class initialized using 'CodeIgniter\Session\Handlers\FileHandler' driver.
DEBUG - 2025-03-17 12:42:08 --> User ID: 17, Date: 2025-03-06
DEBUG - 2025-03-17 12:42:37 --> User ID: 17, Date: 2025-03-06
DEBUG - 2025-03-17 12:42:40 --> User ID: 17, Date: 2025-03-06
DEBUG - 2025-03-17 12:42:48 --> Session: Class initialized using 'CodeIgniter\Session\Handlers\FileHandler' driver.
DEBUG - 2025-03-17 12:45:04 --> Session: Class initialized using 'CodeIgniter\Session\Handlers\FileHandler' driver.
DEBUG - 2025-03-17 12:45:09 --> User ID: 10, Date: 2025-03-07
DEBUG - 2025-03-17 12:45:55 --> User ID: 10, Date: 2025-03-07
DEBUG - 2025-03-17 12:45:57 --> Session: Class initialized using 'CodeIgniter\Session\Handlers\FileHandler' driver.
DEBUG - 2025-03-17 12:45:57 --> User ID: 10, Date: 2025-03-07
DEBUG - 2025-03-17 12:46:03 --> Session: Class initialized using 'CodeIgniter\Session\Handlers\FileHandler' driver.
