DEBUG - 2025-06-24 03:59:39 --> User IP: ::1
DEBUG - 2025-06-24 03:59:39 --> Session: Class initialized using 'CodeIgniter\Session\Handlers\FileHandler' driver.
DEBUG - 2025-06-24 03:59:40 --> User IP: ::1
DEBUG - 2025-06-24 03:59:40 --> User IP: ::1
DEBUG - 2025-06-24 03:59:51 --> User IP: ::1
DEBUG - 2025-06-24 04:00:18 --> User IP: ::1
DEBUG - 2025-06-24 04:00:18 --> Session: Class initialized using 'CodeIgniter\Session\Handlers\FileHandler' driver.
DEBUG - 2025-06-24 04:00:18 --> User IP: ::1
DEBUG - 2025-06-24 04:00:18 --> Session: Class initialized using 'CodeIgniter\Session\Handlers\FileHandler' driver.
DEBUG - 2025-06-24 04:00:31 --> User IP: ::1
DEBUG - 2025-06-24 04:00:31 --> Session: Class initialized using 'CodeIgniter\Session\Handlers\FileHandler' driver.
DEBUG - 2025-06-24 04:00:31 --> User IP: ::1
DEBUG - 2025-06-24 04:00:31 --> Session: Class initialized using 'CodeIgniter\Session\Handlers\FileHandler' driver.
DEBUG - 2025-06-24 04:00:44 --> User IP: ::1
DEBUG - 2025-06-24 04:00:44 --> Session: Class initialized using 'CodeIgniter\Session\Handlers\FileHandler' driver.
DEBUG - 2025-06-24 07:30:30 --> User IP: ::1
DEBUG - 2025-06-24 07:30:30 --> Session: Class initialized using 'CodeIgniter\Session\Handlers\FileHandler' driver.
DEBUG - 2025-06-24 07:30:30 --> User IP: ::1
DEBUG - 2025-06-24 07:30:31 --> User IP: ::1
DEBUG - 2025-06-24 08:02:58 --> User IP: ::1
DEBUG - 2025-06-24 08:03:47 --> User IP: ::1
DEBUG - 2025-06-24 08:06:59 --> User IP: ::1
CRITICAL - 2025-06-24 08:06:59 --> Error: Object of class DateTime could not be converted to string
[Method: GET, Route: payrole/dateCheck]
in APPPATH\Controllers\PayRole.php on line 1133.
 1 SYSTEMPATH\CodeIgniter.php(933): App\Controllers\PayRole->dateCheck()
 2 SYSTEMPATH\CodeIgniter.php(509): CodeIgniter\CodeIgniter->runController(Object(App\Controllers\PayRole))
 3 SYSTEMPATH\CodeIgniter.php(355): CodeIgniter\CodeIgniter->handleRequest(null, Object(Config\Cache), false)
 4 SYSTEMPATH\Boot.php(334): CodeIgniter\CodeIgniter->run()
 5 SYSTEMPATH\Boot.php(67): CodeIgniter\Boot::runCodeIgniter(Object(CodeIgniter\CodeIgniter))
 6 FCPATH\index.php(56): CodeIgniter\Boot::bootWeb(Object(Config\Paths))
DEBUG - 2025-06-24 08:07:11 --> User IP: ::1
DEBUG - 2025-06-24 08:08:46 --> User IP: ::1
DEBUG - 2025-06-24 08:08:48 --> User IP: ::1
DEBUG - 2025-06-24 08:09:36 --> User IP: ::1
DEBUG - 2025-06-24 08:09:37 --> User IP: ::1
DEBUG - 2025-06-24 08:09:52 --> User IP: ::1
DEBUG - 2025-06-24 08:09:53 --> User IP: ::1
DEBUG - 2025-06-24 08:10:29 --> User IP: ::1
DEBUG - 2025-06-24 08:10:48 --> User IP: ::1
DEBUG - 2025-06-24 08:10:54 --> User IP: ::1
DEBUG - 2025-06-24 08:11:00 --> User IP: ::1
DEBUG - 2025-06-24 08:11:06 --> User IP: ::1
DEBUG - 2025-06-24 08:12:14 --> User IP: ::1
DEBUG - 2025-06-24 08:12:15 --> User IP: ::1
DEBUG - 2025-06-24 08:12:21 --> User IP: ::1
DEBUG - 2025-06-24 08:12:53 --> User IP: ::1
DEBUG - 2025-06-24 08:13:07 --> User IP: ::1
DEBUG - 2025-06-24 08:13:14 --> User IP: ::1
DEBUG - 2025-06-24 08:13:22 --> User IP: ::1
DEBUG - 2025-06-24 08:13:25 --> User IP: ::1
DEBUG - 2025-06-24 09:35:34 --> User IP: ::1
DEBUG - 2025-06-24 09:35:34 --> Session: Class initialized using 'CodeIgniter\Session\Handlers\FileHandler' driver.
DEBUG - 2025-06-24 09:35:34 --> User IP: ::1
DEBUG - 2025-06-24 09:35:34 --> User IP: ::1
DEBUG - 2025-06-24 09:35:55 --> User IP: ::1
DEBUG - 2025-06-24 09:35:56 --> Session: Class initialized using 'CodeIgniter\Session\Handlers\FileHandler' driver.
DEBUG - 2025-06-24 09:35:56 --> User IP: ::1
DEBUG - 2025-06-24 09:35:56 --> User IP: ::1
DEBUG - 2025-06-24 09:45:22 --> User IP: ::1
DEBUG - 2025-06-24 09:45:22 --> Session: Class initialized using 'CodeIgniter\Session\Handlers\FileHandler' driver.
DEBUG - 2025-06-24 09:45:22 --> User IP: ::1
DEBUG - 2025-06-24 09:45:22 --> User IP: ::1
DEBUG - 2025-06-24 09:46:01 --> User IP: ::1
DEBUG - 2025-06-24 09:46:01 --> Session: Class initialized using 'CodeIgniter\Session\Handlers\FileHandler' driver.
DEBUG - 2025-06-24 09:46:02 --> User IP: ::1
DEBUG - 2025-06-24 09:46:02 --> User IP: ::1
DEBUG - 2025-06-24 09:46:41 --> User IP: ::1
DEBUG - 2025-06-24 09:46:41 --> Session: Class initialized using 'CodeIgniter\Session\Handlers\FileHandler' driver.
DEBUG - 2025-06-24 09:46:42 --> User IP: ::1
DEBUG - 2025-06-24 09:46:42 --> User IP: ::1
DEBUG - 2025-06-24 09:48:10 --> User IP: ::1
DEBUG - 2025-06-24 09:48:10 --> Session: Class initialized using 'CodeIgniter\Session\Handlers\FileHandler' driver.
DEBUG - 2025-06-24 09:48:11 --> User IP: ::1
DEBUG - 2025-06-24 09:48:11 --> User IP: ::1
DEBUG - 2025-06-24 09:53:09 --> User IP: ::1
DEBUG - 2025-06-24 09:53:09 --> Session: Class initialized using 'CodeIgniter\Session\Handlers\FileHandler' driver.
DEBUG - 2025-06-24 09:53:09 --> User IP: ::1
DEBUG - 2025-06-24 09:53:09 --> User IP: ::1
DEBUG - 2025-06-24 09:53:59 --> User IP: ::1
DEBUG - 2025-06-24 09:53:59 --> Session: Class initialized using 'CodeIgniter\Session\Handlers\FileHandler' driver.
DEBUG - 2025-06-24 09:54:00 --> User IP: ::1
DEBUG - 2025-06-24 09:54:00 --> User IP: ::1
DEBUG - 2025-06-24 09:54:35 --> User IP: ::1
DEBUG - 2025-06-24 09:54:35 --> Session: Class initialized using 'CodeIgniter\Session\Handlers\FileHandler' driver.
DEBUG - 2025-06-24 09:54:35 --> User IP: ::1
DEBUG - 2025-06-24 09:54:36 --> User IP: ::1
DEBUG - 2025-06-24 09:56:08 --> User IP: ::1
DEBUG - 2025-06-24 09:56:08 --> Session: Class initialized using 'CodeIgniter\Session\Handlers\FileHandler' driver.
DEBUG - 2025-06-24 09:56:08 --> User IP: ::1
DEBUG - 2025-06-24 09:56:08 --> User IP: ::1
DEBUG - 2025-06-24 09:56:10 --> User IP: ::1
DEBUG - 2025-06-24 09:56:10 --> Session: Class initialized using 'CodeIgniter\Session\Handlers\FileHandler' driver.
DEBUG - 2025-06-24 09:56:10 --> User IP: ::1
DEBUG - 2025-06-24 09:56:10 --> User IP: ::1
DEBUG - 2025-06-24 09:56:12 --> User IP: ::1
DEBUG - 2025-06-24 09:56:12 --> Session: Class initialized using 'CodeIgniter\Session\Handlers\FileHandler' driver.
DEBUG - 2025-06-24 09:56:12 --> User IP: ::1
DEBUG - 2025-06-24 09:56:12 --> User IP: ::1
DEBUG - 2025-06-24 09:57:11 --> User IP: ::1
DEBUG - 2025-06-24 09:57:11 --> Session: Class initialized using 'CodeIgniter\Session\Handlers\FileHandler' driver.
DEBUG - 2025-06-24 09:57:12 --> User IP: ::1
DEBUG - 2025-06-24 09:57:12 --> User IP: ::1
DEBUG - 2025-06-24 09:57:16 --> User IP: ::1
DEBUG - 2025-06-24 09:57:16 --> Session: Class initialized using 'CodeIgniter\Session\Handlers\FileHandler' driver.
DEBUG - 2025-06-24 09:57:17 --> User IP: ::1
DEBUG - 2025-06-24 09:57:17 --> User IP: ::1
DEBUG - 2025-06-24 09:57:45 --> User IP: ::1
DEBUG - 2025-06-24 09:57:45 --> Session: Class initialized using 'CodeIgniter\Session\Handlers\FileHandler' driver.
DEBUG - 2025-06-24 09:57:45 --> User IP: ::1
DEBUG - 2025-06-24 09:57:45 --> User IP: ::1
DEBUG - 2025-06-24 09:57:56 --> User IP: ::1
DEBUG - 2025-06-24 09:57:56 --> Session: Class initialized using 'CodeIgniter\Session\Handlers\FileHandler' driver.
DEBUG - 2025-06-24 09:57:56 --> User IP: ::1
DEBUG - 2025-06-24 09:57:56 --> User IP: ::1
DEBUG - 2025-06-24 09:58:17 --> User IP: ::1
DEBUG - 2025-06-24 09:58:17 --> Session: Class initialized using 'CodeIgniter\Session\Handlers\FileHandler' driver.
DEBUG - 2025-06-24 09:58:17 --> User IP: ::1
DEBUG - 2025-06-24 09:58:17 --> User IP: ::1
DEBUG - 2025-06-24 09:58:43 --> User IP: ::1
DEBUG - 2025-06-24 09:58:43 --> Session: Class initialized using 'CodeIgniter\Session\Handlers\FileHandler' driver.
DEBUG - 2025-06-24 09:58:43 --> User IP: ::1
DEBUG - 2025-06-24 09:58:43 --> User IP: ::1
DEBUG - 2025-06-24 09:58:58 --> User IP: ::1
DEBUG - 2025-06-24 09:58:58 --> Session: Class initialized using 'CodeIgniter\Session\Handlers\FileHandler' driver.
DEBUG - 2025-06-24 09:58:58 --> User IP: ::1
DEBUG - 2025-06-24 09:58:58 --> User IP: ::1
DEBUG - 2025-06-24 10:14:43 --> User IP: ::1
DEBUG - 2025-06-24 10:14:53 --> User IP: ::1
DEBUG - 2025-06-24 10:26:29 --> User IP: ::1
DEBUG - 2025-06-24 10:27:31 --> User IP: ::1
DEBUG - 2025-06-24 10:27:31 --> Session: Class initialized using 'CodeIgniter\Session\Handlers\FileHandler' driver.
DEBUG - 2025-06-24 10:27:32 --> User IP: ::1
DEBUG - 2025-06-24 10:27:32 --> User IP: ::1
DEBUG - 2025-06-24 10:34:10 --> User IP: ::1
DEBUG - 2025-06-24 10:34:10 --> Session: Class initialized using 'CodeIgniter\Session\Handlers\FileHandler' driver.
DEBUG - 2025-06-24 10:34:10 --> User IP: ::1
DEBUG - 2025-06-24 10:34:11 --> User IP: ::1
DEBUG - 2025-06-24 10:34:20 --> User IP: ::1
DEBUG - 2025-06-24 10:34:32 --> User IP: ::1
DEBUG - 2025-06-24 10:52:01 --> User IP: ::1
DEBUG - 2025-06-24 10:55:03 --> User IP: ::1
DEBUG - 2025-06-24 10:55:03 --> User IP: ::1
DEBUG - 2025-06-24 10:55:11 --> User IP: ::1
DEBUG - 2025-06-24 10:59:14 --> User IP: ::1
DEBUG - 2025-06-24 11:16:15 --> User IP: ::1
DEBUG - 2025-06-24 11:16:17 --> User IP: ::1
DEBUG - 2025-06-24 11:16:29 --> User IP: ::1
DEBUG - 2025-06-24 11:16:29 --> User IP: ::1
DEBUG - 2025-06-24 11:16:34 --> User IP: ::1
DEBUG - 2025-06-24 11:16:45 --> User IP: ::1
DEBUG - 2025-06-24 11:17:02 --> User IP: ::1
DEBUG - 2025-06-24 11:17:05 --> User IP: ::1
DEBUG - 2025-06-24 11:17:13 --> User IP: ::1
DEBUG - 2025-06-24 11:17:13 --> User IP: ::1
DEBUG - 2025-06-24 11:17:18 --> User IP: ::1
DEBUG - 2025-06-24 11:17:22 --> User IP: ::1
DEBUG - 2025-06-24 11:17:30 --> User IP: ::1
DEBUG - 2025-06-24 11:17:37 --> User IP: ::1
DEBUG - 2025-06-24 11:17:53 --> User IP: ::1
DEBUG - 2025-06-24 11:17:58 --> User IP: ::1
DEBUG - 2025-06-24 11:17:58 --> Session: Class initialized using 'CodeIgniter\Session\Handlers\FileHandler' driver.
DEBUG - 2025-06-24 11:17:59 --> User IP: ::1
DEBUG - 2025-06-24 11:17:59 --> User IP: ::1
DEBUG - 2025-06-24 11:18:16 --> User IP: ::1
DEBUG - 2025-06-24 11:18:18 --> User IP: ::1
DEBUG - 2025-06-24 11:18:20 --> User IP: ::1
DEBUG - 2025-06-24 11:18:26 --> User IP: ::1
DEBUG - 2025-06-24 11:18:26 --> User IP: ::1
DEBUG - 2025-06-24 11:18:32 --> User IP: ::1
DEBUG - 2025-06-24 11:18:35 --> User IP: ::1
DEBUG - 2025-06-24 11:18:43 --> User IP: ::1
DEBUG - 2025-06-24 11:18:49 --> User IP: ::1
DEBUG - 2025-06-24 11:18:52 --> User IP: ::1
DEBUG - 2025-06-24 11:18:57 --> User IP: ::1
DEBUG - 2025-06-24 11:19:05 --> User IP: ::1
DEBUG - 2025-06-24 11:20:15 --> User IP: ::1
DEBUG - 2025-06-24 11:20:18 --> User IP: ::1
DEBUG - 2025-06-24 11:20:20 --> User IP: ::1
DEBUG - 2025-06-24 11:20:50 --> User IP: ::1
DEBUG - 2025-06-24 11:20:55 --> User IP: ::1
DEBUG - 2025-06-24 11:21:28 --> User IP: ::1
DEBUG - 2025-06-24 11:21:37 --> User IP: ::1
DEBUG - 2025-06-24 11:21:37 --> User IP: ::1
DEBUG - 2025-06-24 11:22:45 --> User IP: ::1
DEBUG - 2025-06-24 11:24:17 --> User IP: ::1
DEBUG - 2025-06-24 11:24:19 --> User IP: ::1
DEBUG - 2025-06-24 11:24:47 --> User IP: ::1
DEBUG - 2025-06-24 11:24:49 --> User IP: ::1
DEBUG - 2025-06-24 11:33:07 --> User IP: ::1
DEBUG - 2025-06-24 11:33:07 --> User IP: ::1
DEBUG - 2025-06-24 11:37:30 --> User IP: ::1
DEBUG - 2025-06-24 11:37:30 --> User IP: ::1
DEBUG - 2025-06-24 11:38:21 --> User IP: ::1
DEBUG - 2025-06-24 11:53:57 --> User IP: ::1
DEBUG - 2025-06-24 11:53:57 --> Session: Class initialized using 'CodeIgniter\Session\Handlers\FileHandler' driver.
DEBUG - 2025-06-24 11:53:57 --> User IP: ::1
DEBUG - 2025-06-24 11:53:57 --> User IP: ::1
DEBUG - 2025-06-24 11:54:15 --> User IP: ::1
DEBUG - 2025-06-24 11:55:21 --> User IP: ::1
DEBUG - 2025-06-24 11:57:06 --> User IP: ::1
DEBUG - 2025-06-24 11:57:06 --> Session: Class initialized using 'CodeIgniter\Session\Handlers\FileHandler' driver.
DEBUG - 2025-06-24 11:57:07 --> User IP: ::1
DEBUG - 2025-06-24 11:57:07 --> User IP: ::1
DEBUG - 2025-06-24 11:57:14 --> User IP: ::1
DEBUG - 2025-06-24 12:26:07 --> User IP: ::1
DEBUG - 2025-06-24 12:26:07 --> Session: Class initialized using 'CodeIgniter\Session\Handlers\FileHandler' driver.
DEBUG - 2025-06-24 12:26:07 --> User IP: ::1
DEBUG - 2025-06-24 12:26:07 --> Session: Class initialized using 'CodeIgniter\Session\Handlers\FileHandler' driver.
DEBUG - 2025-06-24 12:26:15 --> User IP: ::1
DEBUG - 2025-06-24 12:26:15 --> Session: Class initialized using 'CodeIgniter\Session\Handlers\FileHandler' driver.
DEBUG - 2025-06-24 12:26:15 --> User IP: ::1
DEBUG - 2025-06-24 12:26:15 --> Session: Class initialized using 'CodeIgniter\Session\Handlers\FileHandler' driver.
DEBUG - 2025-06-24 12:26:26 --> User IP: ::1
DEBUG - 2025-06-24 12:26:26 --> Session: Class initialized using 'CodeIgniter\Session\Handlers\FileHandler' driver.
DEBUG - 2025-06-24 12:26:34 --> User IP: ::1
DEBUG - 2025-06-24 12:26:34 --> Session: Class initialized using 'CodeIgniter\Session\Handlers\FileHandler' driver.
DEBUG - 2025-06-24 12:29:12 --> User IP: ::1
DEBUG - 2025-06-24 12:29:12 --> Session: Class initialized using 'CodeIgniter\Session\Handlers\FileHandler' driver.
DEBUG - 2025-06-24 12:29:12 --> User IP: ::1
DEBUG - 2025-06-24 12:29:12 --> User IP: ::1
DEBUG - 2025-06-24 12:29:19 --> User IP: ::1
DEBUG - 2025-06-24 12:54:33 --> User IP: ::1
DEBUG - 2025-06-24 12:54:33 --> Session: Class initialized using 'CodeIgniter\Session\Handlers\FileHandler' driver.
DEBUG - 2025-06-24 12:54:43 --> User IP: ::1
DEBUG - 2025-06-24 12:54:43 --> Session: Class initialized using 'CodeIgniter\Session\Handlers\FileHandler' driver.
DEBUG - 2025-06-24 13:02:42 --> User IP: ::1
DEBUG - 2025-06-24 13:02:42 --> Session: Class initialized using 'CodeIgniter\Session\Handlers\FileHandler' driver.
DEBUG - 2025-06-24 13:03:01 --> User IP: ::1
DEBUG - 2025-06-24 13:03:01 --> Session: Class initialized using 'CodeIgniter\Session\Handlers\FileHandler' driver.
DEBUG - 2025-06-24 13:03:46 --> User IP: ::1
DEBUG - 2025-06-24 13:03:46 --> Session: Class initialized using 'CodeIgniter\Session\Handlers\FileHandler' driver.
DEBUG - 2025-06-24 13:03:57 --> User IP: ::1
DEBUG - 2025-06-24 13:03:57 --> Session: Class initialized using 'CodeIgniter\Session\Handlers\FileHandler' driver.
DEBUG - 2025-06-24 13:06:57 --> User IP: ::1
DEBUG - 2025-06-24 13:06:57 --> Session: Class initialized using 'CodeIgniter\Session\Handlers\FileHandler' driver.
