DEBUG - 2025-07-24 05:52:16 --> Session: Class initialized using 'CodeIgniter\Session\Handlers\FileHandler' driver.
DEBUG - 2025-07-24 05:52:16 --> User IP: ::1
DEBUG - 2025-07-24 05:52:29 --> Session: Class initialized using 'CodeIgniter\Session\Handlers\FileHandler' driver.
DEBUG - 2025-07-24 05:52:29 --> User IP: ::1
DEBUG - 2025-07-24 05:52:29 --> Session: Class initialized using 'CodeIgniter\Session\Handlers\FileHandler' driver.
DEBUG - 2025-07-24 05:52:29 --> User IP: ::1
DEBUG - 2025-07-24 05:52:38 --> Session: Class initialized using 'CodeIgniter\Session\Handlers\FileHandler' driver.
DEBUG - 2025-07-24 05:52:38 --> User IP: ::1
DEBUG - 2025-07-24 05:52:38 --> Session: Class initialized using 'CodeIgniter\Session\Handlers\FileHandler' driver.
DEBUG - 2025-07-24 05:52:38 --> User IP: ::1
DEBUG - 2025-07-24 05:52:47 --> Session: Class initialized using 'CodeIgniter\Session\Handlers\FileHandler' driver.
DEBUG - 2025-07-24 05:52:47 --> User IP: ::1
DEBUG - 2025-07-24 05:56:13 --> Session: Class initialized using 'CodeIgniter\Session\Handlers\FileHandler' driver.
DEBUG - 2025-07-24 05:56:13 --> User IP: ::1
DEBUG - 2025-07-24 05:56:18 --> Session: Class initialized using 'CodeIgniter\Session\Handlers\FileHandler' driver.
DEBUG - 2025-07-24 05:56:18 --> User IP: ::1
DEBUG - 2025-07-24 05:56:57 --> Session: Class initialized using 'CodeIgniter\Session\Handlers\FileHandler' driver.
DEBUG - 2025-07-24 05:56:57 --> User IP: ::1
DEBUG - 2025-07-24 06:12:52 --> Session: Class initialized using 'CodeIgniter\Session\Handlers\FileHandler' driver.
DEBUG - 2025-07-24 06:12:52 --> User IP: ::1
DEBUG - 2025-07-24 06:13:18 --> Session: Class initialized using 'CodeIgniter\Session\Handlers\FileHandler' driver.
DEBUG - 2025-07-24 06:13:18 --> User IP: ::1
DEBUG - 2025-07-24 06:14:32 --> Session: Class initialized using 'CodeIgniter\Session\Handlers\FileHandler' driver.
DEBUG - 2025-07-24 06:14:32 --> User IP: ::1
DEBUG - 2025-07-24 06:14:44 --> Session: Class initialized using 'CodeIgniter\Session\Handlers\FileHandler' driver.
DEBUG - 2025-07-24 06:14:44 --> User IP: ::1
DEBUG - 2025-07-24 06:15:01 --> Session: Class initialized using 'CodeIgniter\Session\Handlers\FileHandler' driver.
DEBUG - 2025-07-24 06:15:01 --> User IP: ::1
DEBUG - 2025-07-24 06:17:01 --> Session: Class initialized using 'CodeIgniter\Session\Handlers\FileHandler' driver.
DEBUG - 2025-07-24 06:17:01 --> User IP: ::1
DEBUG - 2025-07-24 06:17:13 --> Session: Class initialized using 'CodeIgniter\Session\Handlers\FileHandler' driver.
DEBUG - 2025-07-24 06:17:13 --> User IP: ::1
DEBUG - 2025-07-24 06:19:07 --> Session: Class initialized using 'CodeIgniter\Session\Handlers\FileHandler' driver.
DEBUG - 2025-07-24 06:19:07 --> User IP: ::1
DEBUG - 2025-07-24 06:19:22 --> Session: Class initialized using 'CodeIgniter\Session\Handlers\FileHandler' driver.
DEBUG - 2025-07-24 06:19:22 --> User IP: ::1
DEBUG - 2025-07-24 06:20:18 --> Session: Class initialized using 'CodeIgniter\Session\Handlers\FileHandler' driver.
DEBUG - 2025-07-24 06:20:18 --> User IP: ::1
DEBUG - 2025-07-24 06:20:31 --> Session: Class initialized using 'CodeIgniter\Session\Handlers\FileHandler' driver.
DEBUG - 2025-07-24 06:20:31 --> User IP: ::1
DEBUG - 2025-07-24 06:24:17 --> Session: Class initialized using 'CodeIgniter\Session\Handlers\FileHandler' driver.
DEBUG - 2025-07-24 06:24:17 --> User IP: ::1
DEBUG - 2025-07-24 06:24:34 --> Session: Class initialized using 'CodeIgniter\Session\Handlers\FileHandler' driver.
DEBUG - 2025-07-24 06:24:34 --> User IP: ::1
DEBUG - 2025-07-24 06:36:15 --> Session: Class initialized using 'CodeIgniter\Session\Handlers\FileHandler' driver.
DEBUG - 2025-07-24 06:36:15 --> User IP: ::1
DEBUG - 2025-07-24 06:36:18 --> Session: Class initialized using 'CodeIgniter\Session\Handlers\FileHandler' driver.
DEBUG - 2025-07-24 06:36:18 --> User IP: ::1
DEBUG - 2025-07-24 06:40:44 --> Session: Class initialized using 'CodeIgniter\Session\Handlers\FileHandler' driver.
DEBUG - 2025-07-24 06:40:44 --> User IP: ::1
DEBUG - 2025-07-24 06:40:46 --> Session: Class initialized using 'CodeIgniter\Session\Handlers\FileHandler' driver.
DEBUG - 2025-07-24 06:40:46 --> User IP: ::1
DEBUG - 2025-07-24 06:48:14 --> Session: Class initialized using 'CodeIgniter\Session\Handlers\FileHandler' driver.
DEBUG - 2025-07-24 06:48:14 --> User IP: ::1
DEBUG - 2025-07-24 06:48:16 --> Session: Class initialized using 'CodeIgniter\Session\Handlers\FileHandler' driver.
DEBUG - 2025-07-24 06:48:16 --> User IP: ::1
DEBUG - 2025-07-24 06:52:14 --> Session: Class initialized using 'CodeIgniter\Session\Handlers\FileHandler' driver.
DEBUG - 2025-07-24 06:52:14 --> User IP: ::1
DEBUG - 2025-07-24 06:52:16 --> Session: Class initialized using 'CodeIgniter\Session\Handlers\FileHandler' driver.
DEBUG - 2025-07-24 06:52:16 --> User IP: ::1
DEBUG - 2025-07-24 06:53:12 --> Session: Class initialized using 'CodeIgniter\Session\Handlers\FileHandler' driver.
DEBUG - 2025-07-24 06:53:12 --> User IP: ::1
DEBUG - 2025-07-24 06:53:14 --> Session: Class initialized using 'CodeIgniter\Session\Handlers\FileHandler' driver.
DEBUG - 2025-07-24 06:53:14 --> User IP: ::1
DEBUG - 2025-07-24 07:06:34 --> Session: Class initialized using 'CodeIgniter\Session\Handlers\FileHandler' driver.
DEBUG - 2025-07-24 07:06:34 --> User IP: ::1
DEBUG - 2025-07-24 07:06:35 --> Session: Class initialized using 'CodeIgniter\Session\Handlers\FileHandler' driver.
DEBUG - 2025-07-24 07:06:35 --> User IP: ::1
DEBUG - 2025-07-24 07:06:43 --> Session: Class initialized using 'CodeIgniter\Session\Handlers\FileHandler' driver.
DEBUG - 2025-07-24 07:06:43 --> User IP: ::1
DEBUG - 2025-07-24 07:07:33 --> Session: Class initialized using 'CodeIgniter\Session\Handlers\FileHandler' driver.
DEBUG - 2025-07-24 07:07:33 --> User IP: ::1
DEBUG - 2025-07-24 07:07:35 --> Session: Class initialized using 'CodeIgniter\Session\Handlers\FileHandler' driver.
DEBUG - 2025-07-24 07:07:35 --> User IP: ::1
DEBUG - 2025-07-24 07:08:26 --> Session: Class initialized using 'CodeIgniter\Session\Handlers\FileHandler' driver.
DEBUG - 2025-07-24 07:08:26 --> User IP: ::1
DEBUG - 2025-07-24 07:08:27 --> Session: Class initialized using 'CodeIgniter\Session\Handlers\FileHandler' driver.
DEBUG - 2025-07-24 07:08:27 --> User IP: ::1
DEBUG - 2025-07-24 07:08:47 --> Session: Class initialized using 'CodeIgniter\Session\Handlers\FileHandler' driver.
DEBUG - 2025-07-24 07:08:47 --> User IP: ::1
DEBUG - 2025-07-24 07:08:49 --> Session: Class initialized using 'CodeIgniter\Session\Handlers\FileHandler' driver.
DEBUG - 2025-07-24 07:08:49 --> User IP: ::1
DEBUG - 2025-07-24 07:09:37 --> Session: Class initialized using 'CodeIgniter\Session\Handlers\FileHandler' driver.
DEBUG - 2025-07-24 07:09:37 --> User IP: ::1
DEBUG - 2025-07-24 07:09:38 --> Session: Class initialized using 'CodeIgniter\Session\Handlers\FileHandler' driver.
DEBUG - 2025-07-24 07:09:38 --> User IP: ::1
DEBUG - 2025-07-24 07:33:01 --> Session: Class initialized using 'CodeIgniter\Session\Handlers\FileHandler' driver.
DEBUG - 2025-07-24 07:33:01 --> User IP: ::1
DEBUG - 2025-07-24 07:33:03 --> Session: Class initialized using 'CodeIgniter\Session\Handlers\FileHandler' driver.
DEBUG - 2025-07-24 07:33:03 --> User IP: ::1
DEBUG - 2025-07-24 07:36:01 --> Session: Class initialized using 'CodeIgniter\Session\Handlers\FileHandler' driver.
DEBUG - 2025-07-24 07:36:01 --> User IP: ::1
DEBUG - 2025-07-24 07:36:03 --> Session: Class initialized using 'CodeIgniter\Session\Handlers\FileHandler' driver.
DEBUG - 2025-07-24 07:36:03 --> User IP: ::1
DEBUG - 2025-07-24 07:36:23 --> Session: Class initialized using 'CodeIgniter\Session\Handlers\FileHandler' driver.
DEBUG - 2025-07-24 07:36:23 --> User IP: ::1
DEBUG - 2025-07-24 07:43:53 --> Session: Class initialized using 'CodeIgniter\Session\Handlers\FileHandler' driver.
DEBUG - 2025-07-24 07:43:53 --> User IP: ::1
DEBUG - 2025-07-24 07:43:54 --> Session: Class initialized using 'CodeIgniter\Session\Handlers\FileHandler' driver.
DEBUG - 2025-07-24 07:43:54 --> User IP: ::1
DEBUG - 2025-07-24 07:44:35 --> Session: Class initialized using 'CodeIgniter\Session\Handlers\FileHandler' driver.
DEBUG - 2025-07-24 07:44:35 --> User IP: ::1
DEBUG - 2025-07-24 07:44:38 --> Session: Class initialized using 'CodeIgniter\Session\Handlers\FileHandler' driver.
DEBUG - 2025-07-24 07:44:38 --> User IP: ::1
DEBUG - 2025-07-24 08:27:57 --> Session: Class initialized using 'CodeIgniter\Session\Handlers\FileHandler' driver.
DEBUG - 2025-07-24 08:27:57 --> User IP: ::1
DEBUG - 2025-07-24 08:27:59 --> Session: Class initialized using 'CodeIgniter\Session\Handlers\FileHandler' driver.
DEBUG - 2025-07-24 08:27:59 --> User IP: ::1
DEBUG - 2025-07-24 08:31:25 --> Session: Class initialized using 'CodeIgniter\Session\Handlers\FileHandler' driver.
DEBUG - 2025-07-24 08:31:25 --> User IP: ::1
DEBUG - 2025-07-24 08:31:28 --> Session: Class initialized using 'CodeIgniter\Session\Handlers\FileHandler' driver.
DEBUG - 2025-07-24 08:31:28 --> User IP: ::1
DEBUG - 2025-07-24 08:32:15 --> Session: Class initialized using 'CodeIgniter\Session\Handlers\FileHandler' driver.
DEBUG - 2025-07-24 08:32:15 --> User IP: ::1
DEBUG - 2025-07-24 08:32:17 --> Session: Class initialized using 'CodeIgniter\Session\Handlers\FileHandler' driver.
DEBUG - 2025-07-24 08:32:17 --> User IP: ::1
DEBUG - 2025-07-24 08:43:37 --> Session: Class initialized using 'CodeIgniter\Session\Handlers\FileHandler' driver.
DEBUG - 2025-07-24 08:43:37 --> User IP: ::1
DEBUG - 2025-07-24 08:43:40 --> Session: Class initialized using 'CodeIgniter\Session\Handlers\FileHandler' driver.
DEBUG - 2025-07-24 08:43:40 --> User IP: ::1
DEBUG - 2025-07-24 08:44:12 --> Session: Class initialized using 'CodeIgniter\Session\Handlers\FileHandler' driver.
DEBUG - 2025-07-24 08:44:12 --> User IP: ::1
DEBUG - 2025-07-24 08:44:14 --> Session: Class initialized using 'CodeIgniter\Session\Handlers\FileHandler' driver.
DEBUG - 2025-07-24 08:44:14 --> User IP: ::1
DEBUG - 2025-07-24 08:44:18 --> Session: Class initialized using 'CodeIgniter\Session\Handlers\FileHandler' driver.
DEBUG - 2025-07-24 08:44:18 --> User IP: ::1
DEBUG - 2025-07-24 08:45:08 --> Session: Class initialized using 'CodeIgniter\Session\Handlers\FileHandler' driver.
DEBUG - 2025-07-24 08:45:08 --> User IP: ::1
DEBUG - 2025-07-24 08:45:11 --> Session: Class initialized using 'CodeIgniter\Session\Handlers\FileHandler' driver.
DEBUG - 2025-07-24 08:45:11 --> User IP: ::1
DEBUG - 2025-07-24 08:45:39 --> Session: Class initialized using 'CodeIgniter\Session\Handlers\FileHandler' driver.
DEBUG - 2025-07-24 08:45:39 --> User IP: ::1
DEBUG - 2025-07-24 08:53:17 --> Session: Class initialized using 'CodeIgniter\Session\Handlers\FileHandler' driver.
DEBUG - 2025-07-24 08:53:17 --> User IP: ::1
DEBUG - 2025-07-24 09:03:27 --> Session: Class initialized using 'CodeIgniter\Session\Handlers\FileHandler' driver.
DEBUG - 2025-07-24 09:03:27 --> User IP: ::1
DEBUG - 2025-07-24 09:03:32 --> Session: Class initialized using 'CodeIgniter\Session\Handlers\FileHandler' driver.
DEBUG - 2025-07-24 09:03:32 --> User IP: ::1
DEBUG - 2025-07-24 09:03:48 --> Session: Class initialized using 'CodeIgniter\Session\Handlers\FileHandler' driver.
DEBUG - 2025-07-24 09:03:48 --> User IP: ::1
DEBUG - 2025-07-24 09:03:50 --> Session: Class initialized using 'CodeIgniter\Session\Handlers\FileHandler' driver.
DEBUG - 2025-07-24 09:03:50 --> User IP: ::1
DEBUG - 2025-07-24 09:03:54 --> Session: Class initialized using 'CodeIgniter\Session\Handlers\FileHandler' driver.
DEBUG - 2025-07-24 09:03:54 --> User IP: ::1
DEBUG - 2025-07-24 09:13:53 --> Session: Class initialized using 'CodeIgniter\Session\Handlers\FileHandler' driver.
DEBUG - 2025-07-24 09:13:53 --> User IP: ::1
DEBUG - 2025-07-24 09:13:57 --> Session: Class initialized using 'CodeIgniter\Session\Handlers\FileHandler' driver.
DEBUG - 2025-07-24 09:13:57 --> User IP: ::1
DEBUG - 2025-07-24 09:13:59 --> Session: Class initialized using 'CodeIgniter\Session\Handlers\FileHandler' driver.
DEBUG - 2025-07-24 09:13:59 --> User IP: ::1
DEBUG - 2025-07-24 09:18:06 --> Session: Class initialized using 'CodeIgniter\Session\Handlers\FileHandler' driver.
DEBUG - 2025-07-24 09:18:06 --> User IP: ::1
DEBUG - 2025-07-24 09:18:12 --> Session: Class initialized using 'CodeIgniter\Session\Handlers\FileHandler' driver.
DEBUG - 2025-07-24 09:18:12 --> User IP: ::1
DEBUG - 2025-07-24 09:18:23 --> Session: Class initialized using 'CodeIgniter\Session\Handlers\FileHandler' driver.
DEBUG - 2025-07-24 09:18:23 --> User IP: ::1
DEBUG - 2025-07-24 09:18:24 --> Session: Class initialized using 'CodeIgniter\Session\Handlers\FileHandler' driver.
DEBUG - 2025-07-24 09:18:24 --> User IP: ::1
DEBUG - 2025-07-24 09:20:08 --> Session: Class initialized using 'CodeIgniter\Session\Handlers\FileHandler' driver.
DEBUG - 2025-07-24 09:20:08 --> User IP: ::1
DEBUG - 2025-07-24 09:20:28 --> Session: Class initialized using 'CodeIgniter\Session\Handlers\FileHandler' driver.
DEBUG - 2025-07-24 09:20:28 --> User IP: ::1
DEBUG - 2025-07-24 09:22:00 --> Session: Class initialized using 'CodeIgniter\Session\Handlers\FileHandler' driver.
DEBUG - 2025-07-24 09:22:00 --> User IP: ::1
DEBUG - 2025-07-24 09:22:00 --> Session: Class initialized using 'CodeIgniter\Session\Handlers\FileHandler' driver.
DEBUG - 2025-07-24 09:22:00 --> User IP: ::1
DEBUG - 2025-07-24 09:22:59 --> Session: Class initialized using 'CodeIgniter\Session\Handlers\FileHandler' driver.
DEBUG - 2025-07-24 09:22:59 --> User IP: ::1
DEBUG - 2025-07-24 09:34:15 --> Session: Class initialized using 'CodeIgniter\Session\Handlers\FileHandler' driver.
DEBUG - 2025-07-24 09:34:15 --> User IP: ::1
DEBUG - 2025-07-24 10:47:26 --> Session: Class initialized using 'CodeIgniter\Session\Handlers\FileHandler' driver.
DEBUG - 2025-07-24 10:47:26 --> User IP: ::1
DEBUG - 2025-07-24 10:47:29 --> Session: Class initialized using 'CodeIgniter\Session\Handlers\FileHandler' driver.
DEBUG - 2025-07-24 10:47:29 --> User IP: ::1
DEBUG - 2025-07-24 10:47:35 --> Session: Class initialized using 'CodeIgniter\Session\Handlers\FileHandler' driver.
DEBUG - 2025-07-24 10:47:35 --> User IP: ::1
DEBUG - 2025-07-24 10:49:33 --> Session: Class initialized using 'CodeIgniter\Session\Handlers\FileHandler' driver.
DEBUG - 2025-07-24 10:49:33 --> User IP: ::1
DEBUG - 2025-07-24 10:49:36 --> Session: Class initialized using 'CodeIgniter\Session\Handlers\FileHandler' driver.
DEBUG - 2025-07-24 10:49:36 --> User IP: ::1
DEBUG - 2025-07-24 10:49:39 --> Session: Class initialized using 'CodeIgniter\Session\Handlers\FileHandler' driver.
DEBUG - 2025-07-24 10:49:39 --> User IP: ::1
DEBUG - 2025-07-24 10:49:40 --> Session: Class initialized using 'CodeIgniter\Session\Handlers\FileHandler' driver.
DEBUG - 2025-07-24 10:49:40 --> User IP: ::1
DEBUG - 2025-07-24 10:49:45 --> Session: Class initialized using 'CodeIgniter\Session\Handlers\FileHandler' driver.
DEBUG - 2025-07-24 10:49:45 --> User IP: ::1
DEBUG - 2025-07-24 10:49:49 --> Session: Class initialized using 'CodeIgniter\Session\Handlers\FileHandler' driver.
DEBUG - 2025-07-24 10:49:49 --> User IP: ::1
DEBUG - 2025-07-24 10:50:04 --> Session: Class initialized using 'CodeIgniter\Session\Handlers\FileHandler' driver.
DEBUG - 2025-07-24 10:50:04 --> User IP: ::1
DEBUG - 2025-07-24 10:50:06 --> Session: Class initialized using 'CodeIgniter\Session\Handlers\FileHandler' driver.
DEBUG - 2025-07-24 10:50:06 --> User IP: ::1
DEBUG - 2025-07-24 10:50:38 --> Session: Class initialized using 'CodeIgniter\Session\Handlers\FileHandler' driver.
DEBUG - 2025-07-24 10:50:38 --> User IP: ::1
DEBUG - 2025-07-24 10:50:40 --> Session: Class initialized using 'CodeIgniter\Session\Handlers\FileHandler' driver.
DEBUG - 2025-07-24 10:50:40 --> User IP: ::1
DEBUG - 2025-07-24 10:50:48 --> Session: Class initialized using 'CodeIgniter\Session\Handlers\FileHandler' driver.
DEBUG - 2025-07-24 10:50:48 --> User IP: ::1
DEBUG - 2025-07-24 10:50:50 --> Session: Class initialized using 'CodeIgniter\Session\Handlers\FileHandler' driver.
DEBUG - 2025-07-24 10:50:50 --> User IP: ::1
DEBUG - 2025-07-24 10:50:59 --> Session: Class initialized using 'CodeIgniter\Session\Handlers\FileHandler' driver.
DEBUG - 2025-07-24 10:50:59 --> User IP: ::1
DEBUG - 2025-07-24 10:51:02 --> Session: Class initialized using 'CodeIgniter\Session\Handlers\FileHandler' driver.
DEBUG - 2025-07-24 10:51:02 --> User IP: ::1
DEBUG - 2025-07-24 10:51:46 --> Session: Class initialized using 'CodeIgniter\Session\Handlers\FileHandler' driver.
DEBUG - 2025-07-24 10:51:46 --> User IP: ::1
DEBUG - 2025-07-24 10:51:49 --> Session: Class initialized using 'CodeIgniter\Session\Handlers\FileHandler' driver.
DEBUG - 2025-07-24 10:51:49 --> User IP: ::1
DEBUG - 2025-07-24 10:51:58 --> Session: Class initialized using 'CodeIgniter\Session\Handlers\FileHandler' driver.
DEBUG - 2025-07-24 10:51:58 --> User IP: ::1
DEBUG - 2025-07-24 10:52:00 --> Session: Class initialized using 'CodeIgniter\Session\Handlers\FileHandler' driver.
DEBUG - 2025-07-24 10:52:00 --> User IP: ::1
DEBUG - 2025-07-24 10:52:22 --> Session: Class initialized using 'CodeIgniter\Session\Handlers\FileHandler' driver.
DEBUG - 2025-07-24 10:52:22 --> User IP: ::1
DEBUG - 2025-07-24 10:52:31 --> Session: Class initialized using 'CodeIgniter\Session\Handlers\FileHandler' driver.
DEBUG - 2025-07-24 10:52:31 --> User IP: ::1
DEBUG - 2025-07-24 10:52:37 --> Session: Class initialized using 'CodeIgniter\Session\Handlers\FileHandler' driver.
DEBUG - 2025-07-24 10:52:37 --> User IP: ::1
DEBUG - 2025-07-24 10:53:28 --> Session: Class initialized using 'CodeIgniter\Session\Handlers\FileHandler' driver.
DEBUG - 2025-07-24 10:53:28 --> User IP: ::1
ERROR - 2025-07-24 10:53:29 --> mysqli_sql_exception: Unknown column 'course_name' in 'field list' in C:\xampp\htdocs\gighz\system\Database\MySQLi\Connection.php:312
Stack trace:
#0 C:\xampp\htdocs\gighz\system\Database\MySQLi\Connection.php(312): mysqli->query('INSERT INTO `in...', 0)
#1 C:\xampp\htdocs\gighz\system\Database\BaseConnection.php(734): CodeIgniter\Database\MySQLi\Connection->execute('INSERT INTO `in...')
#2 C:\xampp\htdocs\gighz\system\Database\BaseConnection.php(648): CodeIgniter\Database\BaseConnection->simpleQuery('INSERT INTO `in...')
#3 C:\xampp\htdocs\gighz\system\Database\BaseBuilder.php(2340): CodeIgniter\Database\BaseConnection->query('INSERT INTO `in...', Array, false)
#4 C:\xampp\htdocs\gighz\app\Controllers\Hrms.php(184): CodeIgniter\Database\BaseBuilder->insert(Array)
#5 C:\xampp\htdocs\gighz\system\CodeIgniter.php(933): App\Controllers\Hrms->saveRequirement()
#6 C:\xampp\htdocs\gighz\system\CodeIgniter.php(509): CodeIgniter\CodeIgniter->runController(Object(App\Controllers\Hrms))
#7 C:\xampp\htdocs\gighz\system\CodeIgniter.php(355): CodeIgniter\CodeIgniter->handleRequest(NULL, Object(Config\Cache), false)
#8 C:\xampp\htdocs\gighz\system\Boot.php(334): CodeIgniter\CodeIgniter->run()
#9 C:\xampp\htdocs\gighz\system\Boot.php(67): CodeIgniter\Boot::runCodeIgniter(Object(CodeIgniter\CodeIgniter))
#10 C:\xampp\htdocs\gighz\public\index.php(56): CodeIgniter\Boot::bootWeb(Object(Config\Paths))
#11 {main}
CRITICAL - 2025-07-24 10:53:29 --> CodeIgniter\Database\Exceptions\DatabaseException: Unknown column 'course_name' in 'field list'
[Method: POST, Route: hrms/saveRequirement]
in SYSTEMPATH\Database\BaseConnection.php on line 688.
 1 SYSTEMPATH\Database\BaseBuilder.php(2340): CodeIgniter\Database\BaseConnection->query('INSERT INTO `interns` (`intern_id`, `name`, `first_name`, `last_name`, `initial`, `college`, `course_name`, `personal_mail`, `phone_no`, `resume`, `dob`, `department`, `mode_of_apply`, `gender`) VALUES (:intern_id:, :name:, :first_name:, :last_name:, :initial:, :college:, :course_name:, :personal_mail:, :phone_no:, :resume:, :dob:, :department:, :mode_of_apply:, :gender:)', [...], false)
 2 APPPATH\Controllers\Hrms.php(184): CodeIgniter\Database\BaseBuilder->insert([...])
 3 SYSTEMPATH\CodeIgniter.php(933): App\Controllers\Hrms->saveRequirement()
 4 SYSTEMPATH\CodeIgniter.php(509): CodeIgniter\CodeIgniter->runController(Object(App\Controllers\Hrms))
 5 SYSTEMPATH\CodeIgniter.php(355): CodeIgniter\CodeIgniter->handleRequest(null, Object(Config\Cache), false)
 6 SYSTEMPATH\Boot.php(334): CodeIgniter\CodeIgniter->run()
 7 SYSTEMPATH\Boot.php(67): CodeIgniter\Boot::runCodeIgniter(Object(CodeIgniter\CodeIgniter))
 8 FCPATH\index.php(56): CodeIgniter\Boot::bootWeb(Object(Config\Paths))
CRITICAL - 2025-07-24 10:53:29 --> [Caused by] CodeIgniter\Database\Exceptions\DatabaseException: Unknown column 'course_name' in 'field list'
in SYSTEMPATH\Database\MySQLi\Connection.php on line 317.
 1 SYSTEMPATH\Database\BaseConnection.php(734): CodeIgniter\Database\MySQLi\Connection->execute('INSERT INTO `interns` (`intern_id`, `name`, `first_name`, `last_name`, `initial`, `college`, `course_name`, `personal_mail`, `phone_no`, `resume`, `dob`, `department`, `mode_of_apply`, `gender`) VALUES (\'GZI01\', \'Gokul Dhas k\', \'Gokul\', \'Dhas\', \'k\', \'SIT\', \'BE Mech\', \'gokul123@gmail.com\', \'9876543210\', \'SIT\', \'2000-03-14\', \'1\', \'college\', \'male\')')
 2 SYSTEMPATH\Database\BaseConnection.php(648): CodeIgniter\Database\BaseConnection->simpleQuery('INSERT INTO `interns` (`intern_id`, `name`, `first_name`, `last_name`, `initial`, `college`, `course_name`, `personal_mail`, `phone_no`, `resume`, `dob`, `department`, `mode_of_apply`, `gender`) VALUES (\'GZI01\', \'Gokul Dhas k\', \'Gokul\', \'Dhas\', \'k\', \'SIT\', \'BE Mech\', \'gokul123@gmail.com\', \'9876543210\', \'SIT\', \'2000-03-14\', \'1\', \'college\', \'male\')')
 3 SYSTEMPATH\Database\BaseBuilder.php(2340): CodeIgniter\Database\BaseConnection->query('INSERT INTO `interns` (`intern_id`, `name`, `first_name`, `last_name`, `initial`, `college`, `course_name`, `personal_mail`, `phone_no`, `resume`, `dob`, `department`, `mode_of_apply`, `gender`) VALUES (:intern_id:, :name:, :first_name:, :last_name:, :initial:, :college:, :course_name:, :personal_mail:, :phone_no:, :resume:, :dob:, :department:, :mode_of_apply:, :gender:)', [...], false)
 4 APPPATH\Controllers\Hrms.php(184): CodeIgniter\Database\BaseBuilder->insert([...])
 5 SYSTEMPATH\CodeIgniter.php(933): App\Controllers\Hrms->saveRequirement()
 6 SYSTEMPATH\CodeIgniter.php(509): CodeIgniter\CodeIgniter->runController(Object(App\Controllers\Hrms))
 7 SYSTEMPATH\CodeIgniter.php(355): CodeIgniter\CodeIgniter->handleRequest(null, Object(Config\Cache), false)
 8 SYSTEMPATH\Boot.php(334): CodeIgniter\CodeIgniter->run()
 9 SYSTEMPATH\Boot.php(67): CodeIgniter\Boot::runCodeIgniter(Object(CodeIgniter\CodeIgniter))
10 FCPATH\index.php(56): CodeIgniter\Boot::bootWeb(Object(Config\Paths))
CRITICAL - 2025-07-24 10:53:29 --> [Caused by] mysqli_sql_exception: Unknown column 'course_name' in 'field list'
in SYSTEMPATH\Database\MySQLi\Connection.php on line 312.
 1 SYSTEMPATH\Database\MySQLi\Connection.php(312): mysqli->query('INSERT INTO `interns` (`intern_id`, `name`, `first_name`, `last_name`, `initial`, `college`, `course_name`, `personal_mail`, `phone_no`, `resume`, `dob`, `department`, `mode_of_apply`, `gender`) VALUES (\'GZI01\', \'Gokul Dhas k\', \'Gokul\', \'Dhas\', \'k\', \'SIT\', \'BE Mech\', \'gokul123@gmail.com\', \'9876543210\', \'SIT\', \'2000-03-14\', \'1\', \'college\', \'male\')', 0)
 2 SYSTEMPATH\Database\BaseConnection.php(734): CodeIgniter\Database\MySQLi\Connection->execute('INSERT INTO `interns` (`intern_id`, `name`, `first_name`, `last_name`, `initial`, `college`, `course_name`, `personal_mail`, `phone_no`, `resume`, `dob`, `department`, `mode_of_apply`, `gender`) VALUES (\'GZI01\', \'Gokul Dhas k\', \'Gokul\', \'Dhas\', \'k\', \'SIT\', \'BE Mech\', \'gokul123@gmail.com\', \'9876543210\', \'SIT\', \'2000-03-14\', \'1\', \'college\', \'male\')')
 3 SYSTEMPATH\Database\BaseConnection.php(648): CodeIgniter\Database\BaseConnection->simpleQuery('INSERT INTO `interns` (`intern_id`, `name`, `first_name`, `last_name`, `initial`, `college`, `course_name`, `personal_mail`, `phone_no`, `resume`, `dob`, `department`, `mode_of_apply`, `gender`) VALUES (\'GZI01\', \'Gokul Dhas k\', \'Gokul\', \'Dhas\', \'k\', \'SIT\', \'BE Mech\', \'gokul123@gmail.com\', \'9876543210\', \'SIT\', \'2000-03-14\', \'1\', \'college\', \'male\')')
 4 SYSTEMPATH\Database\BaseBuilder.php(2340): CodeIgniter\Database\BaseConnection->query('INSERT INTO `interns` (`intern_id`, `name`, `first_name`, `last_name`, `initial`, `college`, `course_name`, `personal_mail`, `phone_no`, `resume`, `dob`, `department`, `mode_of_apply`, `gender`) VALUES (:intern_id:, :name:, :first_name:, :last_name:, :initial:, :college:, :course_name:, :personal_mail:, :phone_no:, :resume:, :dob:, :department:, :mode_of_apply:, :gender:)', [...], false)
 5 APPPATH\Controllers\Hrms.php(184): CodeIgniter\Database\BaseBuilder->insert([...])
 6 SYSTEMPATH\CodeIgniter.php(933): App\Controllers\Hrms->saveRequirement()
 7 SYSTEMPATH\CodeIgniter.php(509): CodeIgniter\CodeIgniter->runController(Object(App\Controllers\Hrms))
 8 SYSTEMPATH\CodeIgniter.php(355): CodeIgniter\CodeIgniter->handleRequest(null, Object(Config\Cache), false)
 9 SYSTEMPATH\Boot.php(334): CodeIgniter\CodeIgniter->run()
10 SYSTEMPATH\Boot.php(67): CodeIgniter\Boot::runCodeIgniter(Object(CodeIgniter\CodeIgniter))
11 FCPATH\index.php(56): CodeIgniter\Boot::bootWeb(Object(Config\Paths))
DEBUG - 2025-07-24 11:14:52 --> Session: Class initialized using 'CodeIgniter\Session\Handlers\FileHandler' driver.
DEBUG - 2025-07-24 11:14:52 --> User IP: ::1
DEBUG - 2025-07-24 11:14:55 --> Session: Class initialized using 'CodeIgniter\Session\Handlers\FileHandler' driver.
DEBUG - 2025-07-24 11:14:55 --> User IP: ::1
DEBUG - 2025-07-24 11:14:59 --> Session: Class initialized using 'CodeIgniter\Session\Handlers\FileHandler' driver.
DEBUG - 2025-07-24 11:14:59 --> User IP: ::1
DEBUG - 2025-07-24 11:18:17 --> Session: Class initialized using 'CodeIgniter\Session\Handlers\FileHandler' driver.
DEBUG - 2025-07-24 11:18:17 --> User IP: ::1
DEBUG - 2025-07-24 11:18:22 --> Session: Class initialized using 'CodeIgniter\Session\Handlers\FileHandler' driver.
DEBUG - 2025-07-24 11:18:22 --> User IP: ::1
DEBUG - 2025-07-24 11:18:40 --> Session: Class initialized using 'CodeIgniter\Session\Handlers\FileHandler' driver.
DEBUG - 2025-07-24 11:18:40 --> User IP: ::1
DEBUG - 2025-07-24 11:18:41 --> Session: Class initialized using 'CodeIgniter\Session\Handlers\FileHandler' driver.
DEBUG - 2025-07-24 11:18:41 --> User IP: ::1
DEBUG - 2025-07-24 11:21:06 --> Session: Class initialized using 'CodeIgniter\Session\Handlers\FileHandler' driver.
DEBUG - 2025-07-24 11:21:06 --> User IP: ::1
DEBUG - 2025-07-24 11:21:18 --> Session: Class initialized using 'CodeIgniter\Session\Handlers\FileHandler' driver.
DEBUG - 2025-07-24 11:21:18 --> User IP: ::1
DEBUG - 2025-07-24 11:24:04 --> Session: Class initialized using 'CodeIgniter\Session\Handlers\FileHandler' driver.
DEBUG - 2025-07-24 11:24:04 --> User IP: ::1
DEBUG - 2025-07-24 11:30:43 --> Session: Class initialized using 'CodeIgniter\Session\Handlers\FileHandler' driver.
DEBUG - 2025-07-24 11:30:43 --> User IP: ::1
DEBUG - 2025-07-24 11:30:46 --> Session: Class initialized using 'CodeIgniter\Session\Handlers\FileHandler' driver.
DEBUG - 2025-07-24 11:30:46 --> User IP: ::1
DEBUG - 2025-07-24 11:30:58 --> Session: Class initialized using 'CodeIgniter\Session\Handlers\FileHandler' driver.
DEBUG - 2025-07-24 11:30:58 --> User IP: ::1
DEBUG - 2025-07-24 11:35:21 --> Session: Class initialized using 'CodeIgniter\Session\Handlers\FileHandler' driver.
DEBUG - 2025-07-24 11:35:21 --> User IP: ::1
DEBUG - 2025-07-24 11:35:25 --> Session: Class initialized using 'CodeIgniter\Session\Handlers\FileHandler' driver.
DEBUG - 2025-07-24 11:35:25 --> User IP: ::1
DEBUG - 2025-07-24 11:35:39 --> Session: Class initialized using 'CodeIgniter\Session\Handlers\FileHandler' driver.
DEBUG - 2025-07-24 11:35:39 --> User IP: ::1
DEBUG - 2025-07-24 11:40:24 --> Session: Class initialized using 'CodeIgniter\Session\Handlers\FileHandler' driver.
DEBUG - 2025-07-24 11:40:24 --> User IP: ::1
DEBUG - 2025-07-24 11:40:28 --> Session: Class initialized using 'CodeIgniter\Session\Handlers\FileHandler' driver.
DEBUG - 2025-07-24 11:40:28 --> User IP: ::1
DEBUG - 2025-07-24 11:43:45 --> Session: Class initialized using 'CodeIgniter\Session\Handlers\FileHandler' driver.
DEBUG - 2025-07-24 11:43:45 --> User IP: ::1
DEBUG - 2025-07-24 11:43:45 --> Session: Class initialized using 'CodeIgniter\Session\Handlers\FileHandler' driver.
DEBUG - 2025-07-24 11:43:45 --> User IP: ::1
DEBUG - 2025-07-24 11:43:53 --> Session: Class initialized using 'CodeIgniter\Session\Handlers\FileHandler' driver.
DEBUG - 2025-07-24 11:43:53 --> User IP: ::1
DEBUG - 2025-07-24 11:44:18 --> Session: Class initialized using 'CodeIgniter\Session\Handlers\FileHandler' driver.
DEBUG - 2025-07-24 11:44:18 --> User IP: ::1
DEBUG - 2025-07-24 11:44:18 --> Session: Class initialized using 'CodeIgniter\Session\Handlers\FileHandler' driver.
DEBUG - 2025-07-24 11:44:18 --> User IP: ::1
DEBUG - 2025-07-24 11:44:38 --> Session: Class initialized using 'CodeIgniter\Session\Handlers\FileHandler' driver.
DEBUG - 2025-07-24 11:44:38 --> User IP: ::1
DEBUG - 2025-07-24 11:44:53 --> Session: Class initialized using 'CodeIgniter\Session\Handlers\FileHandler' driver.
DEBUG - 2025-07-24 11:44:53 --> User IP: ::1
DEBUG - 2025-07-24 11:44:54 --> Session: Class initialized using 'CodeIgniter\Session\Handlers\FileHandler' driver.
DEBUG - 2025-07-24 11:44:54 --> User IP: ::1
DEBUG - 2025-07-24 12:07:40 --> Session: Class initialized using 'CodeIgniter\Session\Handlers\FileHandler' driver.
DEBUG - 2025-07-24 12:07:40 --> User IP: ::1
DEBUG - 2025-07-24 12:07:44 --> Session: Class initialized using 'CodeIgniter\Session\Handlers\FileHandler' driver.
DEBUG - 2025-07-24 12:07:44 --> User IP: ::1
DEBUG - 2025-07-24 12:07:50 --> Session: Class initialized using 'CodeIgniter\Session\Handlers\FileHandler' driver.
DEBUG - 2025-07-24 12:07:50 --> User IP: ::1
DEBUG - 2025-07-24 12:08:07 --> Session: Class initialized using 'CodeIgniter\Session\Handlers\FileHandler' driver.
DEBUG - 2025-07-24 12:08:07 --> User IP: ::1
DEBUG - 2025-07-24 12:08:08 --> Session: Class initialized using 'CodeIgniter\Session\Handlers\FileHandler' driver.
DEBUG - 2025-07-24 12:08:08 --> User IP: ::1
DEBUG - 2025-07-24 12:37:15 --> Session: Class initialized using 'CodeIgniter\Session\Handlers\FileHandler' driver.
DEBUG - 2025-07-24 12:37:15 --> User IP: ::1
DEBUG - 2025-07-24 12:40:38 --> Session: Class initialized using 'CodeIgniter\Session\Handlers\FileHandler' driver.
DEBUG - 2025-07-24 12:40:38 --> User IP: ::1
DEBUG - 2025-07-24 12:41:50 --> Session: Class initialized using 'CodeIgniter\Session\Handlers\FileHandler' driver.
DEBUG - 2025-07-24 12:41:50 --> User IP: ::1
DEBUG - 2025-07-24 12:42:10 --> Session: Class initialized using 'CodeIgniter\Session\Handlers\FileHandler' driver.
DEBUG - 2025-07-24 12:42:10 --> User IP: ::1
DEBUG - 2025-07-24 12:42:19 --> Session: Class initialized using 'CodeIgniter\Session\Handlers\FileHandler' driver.
DEBUG - 2025-07-24 12:42:19 --> User IP: ::1
DEBUG - 2025-07-24 12:42:20 --> Session: Class initialized using 'CodeIgniter\Session\Handlers\FileHandler' driver.
DEBUG - 2025-07-24 12:42:20 --> User IP: ::1
