DEBUG - 2025-04-09 08:08:00 --> User IP: ::1
DEBUG - 2025-04-09 08:08:00 --> Session: Class initialized using 'CodeIgniter\Session\Handlers\FileHandler' driver.
DEBUG - 2025-04-09 08:08:09 --> User IP: ::1
DEBUG - 2025-04-09 08:08:09 --> Session: Class initialized using 'CodeIgniter\Session\Handlers\FileHandler' driver.
DEBUG - 2025-04-09 08:08:09 --> User IP: ::1
DEBUG - 2025-04-09 08:08:09 --> Session: Class initialized using 'CodeIgniter\Session\Handlers\FileHandler' driver.
DEBUG - 2025-04-09 08:30:28 --> User IP: ::1
DEBUG - 2025-04-09 08:30:28 --> Session: Class initialized using 'CodeIgniter\Session\Handlers\FileHandler' driver.
CRITICAL - 2025-04-09 08:30:29 --> ErrorException: foreach() argument must be of type array|object, int given
[Method: GET, Route: dashboard]
in APPPATH\Models\AttendanceModel.php on line 391.
 1 APPPATH\Models\AttendanceModel.php(391): CodeIgniter\Debug\Exceptions->errorHandler(2, 'foreach() argument must be of type array|object, int given', 'C:\\xampp\\htdocs\\gighz\\app\\Models\\AttendanceModel.php', 391)
 2 APPPATH\Controllers\Dashboard.php(32): App\Models\AttendanceModel->getEmployeesLeaves('GZ29')
 3 SYSTEMPATH\CodeIgniter.php(933): App\Controllers\Dashboard->index()
 4 SYSTEMPATH\CodeIgniter.php(509): CodeIgniter\CodeIgniter->runController(Object(App\Controllers\Dashboard))
 5 SYSTEMPATH\CodeIgniter.php(355): CodeIgniter\CodeIgniter->handleRequest(null, Object(Config\Cache), false)
 6 SYSTEMPATH\Boot.php(334): CodeIgniter\CodeIgniter->run()
 7 SYSTEMPATH\Boot.php(67): CodeIgniter\Boot::runCodeIgniter(Object(CodeIgniter\CodeIgniter))
 8 FCPATH\index.php(56): CodeIgniter\Boot::bootWeb(Object(Config\Paths))
 9 SYSTEMPATH\rewrite.php(44): require_once('C:\\xampp\\htdocs\\gighz\\public\\index.php')
DEBUG - 2025-04-09 08:30:35 --> User IP: ::1
DEBUG - 2025-04-09 08:30:35 --> Session: Class initialized using 'CodeIgniter\Session\Handlers\FileHandler' driver.
CRITICAL - 2025-04-09 08:30:35 --> ErrorException: foreach() argument must be of type array|object, int given
[Method: GET, Route: dashboard]
in APPPATH\Models\AttendanceModel.php on line 391.
 1 APPPATH\Models\AttendanceModel.php(391): CodeIgniter\Debug\Exceptions->errorHandler(2, 'foreach() argument must be of type array|object, int given', 'C:\\xampp\\htdocs\\gighz\\app\\Models\\AttendanceModel.php', 391)
 2 APPPATH\Controllers\Dashboard.php(32): App\Models\AttendanceModel->getEmployeesLeaves('GZ29')
 3 SYSTEMPATH\CodeIgniter.php(933): App\Controllers\Dashboard->index()
 4 SYSTEMPATH\CodeIgniter.php(509): CodeIgniter\CodeIgniter->runController(Object(App\Controllers\Dashboard))
 5 SYSTEMPATH\CodeIgniter.php(355): CodeIgniter\CodeIgniter->handleRequest(null, Object(Config\Cache), false)
 6 SYSTEMPATH\Boot.php(334): CodeIgniter\CodeIgniter->run()
 7 SYSTEMPATH\Boot.php(67): CodeIgniter\Boot::runCodeIgniter(Object(CodeIgniter\CodeIgniter))
 8 FCPATH\index.php(56): CodeIgniter\Boot::bootWeb(Object(Config\Paths))
 9 SYSTEMPATH\rewrite.php(44): require_once('C:\\xampp\\htdocs\\gighz\\public\\index.php')
DEBUG - 2025-04-09 08:31:27 --> User IP: ::1
DEBUG - 2025-04-09 08:31:27 --> Session: Class initialized using 'CodeIgniter\Session\Handlers\FileHandler' driver.
DEBUG - 2025-04-09 08:31:31 --> User IP: ::1
DEBUG - 2025-04-09 08:31:31 --> Session: Class initialized using 'CodeIgniter\Session\Handlers\FileHandler' driver.
DEBUG - 2025-04-09 08:31:45 --> User IP: ::1
DEBUG - 2025-04-09 08:31:45 --> Session: Class initialized using 'CodeIgniter\Session\Handlers\FileHandler' driver.
CRITICAL - 2025-04-09 08:31:45 --> ErrorException: Undefined array key "approved"
[Method: GET, Route: employee-attendance]
in APPPATH\Models\AttendanceModel.php on line 359.
 1 APPPATH\Models\AttendanceModel.php(359): CodeIgniter\Debug\Exceptions->errorHandler(2, 'Undefined array key "approved"', 'C:\\xampp\\htdocs\\gighz\\app\\Models\\AttendanceModel.php', 359)
 2 APPPATH\Controllers\Dashboard.php(84): App\Models\AttendanceModel->getEmployeesLeaves('GZ29', '02', '2025')
 3 SYSTEMPATH\CodeIgniter.php(933): App\Controllers\Dashboard->getEmployeesAttendance()
 4 SYSTEMPATH\CodeIgniter.php(509): CodeIgniter\CodeIgniter->runController(Object(App\Controllers\Dashboard))
 5 SYSTEMPATH\CodeIgniter.php(355): CodeIgniter\CodeIgniter->handleRequest(null, Object(Config\Cache), false)
 6 SYSTEMPATH\Boot.php(334): CodeIgniter\CodeIgniter->run()
 7 SYSTEMPATH\Boot.php(67): CodeIgniter\Boot::runCodeIgniter(Object(CodeIgniter\CodeIgniter))
 8 FCPATH\index.php(56): CodeIgniter\Boot::bootWeb(Object(Config\Paths))
 9 SYSTEMPATH\rewrite.php(44): require_once('C:\\xampp\\htdocs\\gighz\\public\\index.php')
DEBUG - 2025-04-09 08:33:19 --> User IP: ::1
DEBUG - 2025-04-09 08:33:19 --> Session: Class initialized using 'CodeIgniter\Session\Handlers\FileHandler' driver.
DEBUG - 2025-04-09 08:33:27 --> User IP: ::1
DEBUG - 2025-04-09 08:33:27 --> Session: Class initialized using 'CodeIgniter\Session\Handlers\FileHandler' driver.
DEBUG - 2025-04-09 08:33:31 --> User IP: ::1
DEBUG - 2025-04-09 08:33:31 --> Session: Class initialized using 'CodeIgniter\Session\Handlers\FileHandler' driver.
DEBUG - 2025-04-09 08:33:36 --> User IP: ::1
DEBUG - 2025-04-09 08:33:36 --> Session: Class initialized using 'CodeIgniter\Session\Handlers\FileHandler' driver.
DEBUG - 2025-04-09 08:35:40 --> User IP: ::1
DEBUG - 2025-04-09 08:35:40 --> Session: Class initialized using 'CodeIgniter\Session\Handlers\FileHandler' driver.
DEBUG - 2025-04-09 08:37:57 --> User IP: ::1
DEBUG - 2025-04-09 08:37:57 --> Session: Class initialized using 'CodeIgniter\Session\Handlers\FileHandler' driver.
DEBUG - 2025-04-09 08:38:01 --> User IP: ::1
DEBUG - 2025-04-09 08:38:01 --> Session: Class initialized using 'CodeIgniter\Session\Handlers\FileHandler' driver.
DEBUG - 2025-04-09 08:38:06 --> User IP: ::1
DEBUG - 2025-04-09 08:38:06 --> Session: Class initialized using 'CodeIgniter\Session\Handlers\FileHandler' driver.
DEBUG - 2025-04-09 08:38:09 --> User IP: ::1
DEBUG - 2025-04-09 08:38:09 --> Session: Class initialized using 'CodeIgniter\Session\Handlers\FileHandler' driver.
DEBUG - 2025-04-09 08:38:25 --> User IP: ::1
DEBUG - 2025-04-09 08:38:25 --> Session: Class initialized using 'CodeIgniter\Session\Handlers\FileHandler' driver.
DEBUG - 2025-04-09 08:38:29 --> User IP: ::1
DEBUG - 2025-04-09 08:38:29 --> Session: Class initialized using 'CodeIgniter\Session\Handlers\FileHandler' driver.
DEBUG - 2025-04-09 08:38:42 --> User IP: ::1
DEBUG - 2025-04-09 08:38:42 --> Session: Class initialized using 'CodeIgniter\Session\Handlers\FileHandler' driver.
DEBUG - 2025-04-09 08:38:42 --> User IP: ::1
DEBUG - 2025-04-09 08:38:42 --> Session: Class initialized using 'CodeIgniter\Session\Handlers\FileHandler' driver.
DEBUG - 2025-04-09 08:38:51 --> User IP: ::1
DEBUG - 2025-04-09 08:38:51 --> Session: Class initialized using 'CodeIgniter\Session\Handlers\FileHandler' driver.
DEBUG - 2025-04-09 08:38:52 --> User IP: ::1
DEBUG - 2025-04-09 08:38:52 --> Session: Class initialized using 'CodeIgniter\Session\Handlers\FileHandler' driver.
DEBUG - 2025-04-09 08:38:54 --> User IP: ::1
DEBUG - 2025-04-09 08:38:55 --> Session: Class initialized using 'CodeIgniter\Session\Handlers\FileHandler' driver.
DEBUG - 2025-04-09 08:38:58 --> User IP: ::1
DEBUG - 2025-04-09 08:38:58 --> Session: Class initialized using 'CodeIgniter\Session\Handlers\FileHandler' driver.
DEBUG - 2025-04-09 08:39:01 --> User IP: ::1
DEBUG - 2025-04-09 08:39:02 --> Session: Class initialized using 'CodeIgniter\Session\Handlers\FileHandler' driver.
DEBUG - 2025-04-09 08:39:20 --> User IP: ::1
DEBUG - 2025-04-09 08:39:20 --> Session: Class initialized using 'CodeIgniter\Session\Handlers\FileHandler' driver.
DEBUG - 2025-04-09 08:39:30 --> User IP: ::1
DEBUG - 2025-04-09 08:39:30 --> Session: Class initialized using 'CodeIgniter\Session\Handlers\FileHandler' driver.
DEBUG - 2025-04-09 08:39:33 --> User IP: ::1
DEBUG - 2025-04-09 08:39:33 --> Session: Class initialized using 'CodeIgniter\Session\Handlers\FileHandler' driver.
DEBUG - 2025-04-09 08:39:36 --> User IP: ::1
DEBUG - 2025-04-09 08:39:36 --> Session: Class initialized using 'CodeIgniter\Session\Handlers\FileHandler' driver.
DEBUG - 2025-04-09 09:42:22 --> User IP: ::1
DEBUG - 2025-04-09 09:42:22 --> Session: Class initialized using 'CodeIgniter\Session\Handlers\FileHandler' driver.
DEBUG - 2025-04-09 09:44:16 --> User IP: ::1
DEBUG - 2025-04-09 09:44:16 --> Session: Class initialized using 'CodeIgniter\Session\Handlers\FileHandler' driver.
DEBUG - 2025-04-09 09:44:25 --> User IP: ::1
DEBUG - 2025-04-09 09:44:25 --> Session: Class initialized using 'CodeIgniter\Session\Handlers\FileHandler' driver.
DEBUG - 2025-04-09 09:45:03 --> User IP: ::1
DEBUG - 2025-04-09 09:45:03 --> Session: Class initialized using 'CodeIgniter\Session\Handlers\FileHandler' driver.
DEBUG - 2025-04-09 09:45:45 --> User IP: ::1
DEBUG - 2025-04-09 09:45:45 --> Session: Class initialized using 'CodeIgniter\Session\Handlers\FileHandler' driver.
DEBUG - 2025-04-09 09:45:50 --> User IP: ::1
DEBUG - 2025-04-09 09:45:50 --> Session: Class initialized using 'CodeIgniter\Session\Handlers\FileHandler' driver.
DEBUG - 2025-04-09 09:46:06 --> User IP: ::1
DEBUG - 2025-04-09 09:46:06 --> Session: Class initialized using 'CodeIgniter\Session\Handlers\FileHandler' driver.
DEBUG - 2025-04-09 09:46:32 --> User IP: ::1
DEBUG - 2025-04-09 09:46:32 --> Session: Class initialized using 'CodeIgniter\Session\Handlers\FileHandler' driver.
DEBUG - 2025-04-09 09:46:34 --> User IP: ::1
DEBUG - 2025-04-09 09:46:34 --> Session: Class initialized using 'CodeIgniter\Session\Handlers\FileHandler' driver.
DEBUG - 2025-04-09 09:46:35 --> User IP: ::1
DEBUG - 2025-04-09 09:46:35 --> Session: Class initialized using 'CodeIgniter\Session\Handlers\FileHandler' driver.
DEBUG - 2025-04-09 09:46:43 --> User IP: ::1
DEBUG - 2025-04-09 09:46:43 --> Session: Class initialized using 'CodeIgniter\Session\Handlers\FileHandler' driver.
DEBUG - 2025-04-09 09:46:52 --> User IP: ::1
DEBUG - 2025-04-09 09:46:52 --> Session: Class initialized using 'CodeIgniter\Session\Handlers\FileHandler' driver.
DEBUG - 2025-04-09 09:46:59 --> User IP: ::1
DEBUG - 2025-04-09 09:46:59 --> Session: Class initialized using 'CodeIgniter\Session\Handlers\FileHandler' driver.
DEBUG - 2025-04-09 09:47:02 --> User IP: ::1
DEBUG - 2025-04-09 09:47:02 --> Session: Class initialized using 'CodeIgniter\Session\Handlers\FileHandler' driver.
DEBUG - 2025-04-09 09:47:13 --> User IP: ::1
DEBUG - 2025-04-09 09:47:13 --> Session: Class initialized using 'CodeIgniter\Session\Handlers\FileHandler' driver.
DEBUG - 2025-04-09 09:47:18 --> User IP: ::1
DEBUG - 2025-04-09 09:47:19 --> Session: Class initialized using 'CodeIgniter\Session\Handlers\FileHandler' driver.
DEBUG - 2025-04-09 09:47:34 --> User IP: ::1
DEBUG - 2025-04-09 09:47:35 --> Session: Class initialized using 'CodeIgniter\Session\Handlers\FileHandler' driver.
DEBUG - 2025-04-09 09:47:46 --> User IP: ::1
DEBUG - 2025-04-09 09:47:46 --> Session: Class initialized using 'CodeIgniter\Session\Handlers\FileHandler' driver.
DEBUG - 2025-04-09 09:47:54 --> User IP: ::1
DEBUG - 2025-04-09 09:47:54 --> Session: Class initialized using 'CodeIgniter\Session\Handlers\FileHandler' driver.
DEBUG - 2025-04-09 09:47:59 --> User IP: ::1
DEBUG - 2025-04-09 09:47:59 --> Session: Class initialized using 'CodeIgniter\Session\Handlers\FileHandler' driver.
DEBUG - 2025-04-09 11:39:42 --> User IP: ::1
DEBUG - 2025-04-09 11:39:42 --> Session: Class initialized using 'CodeIgniter\Session\Handlers\FileHandler' driver.
