DEBUG - 2025-05-29 07:00:53 --> User IP: ::1
DEBUG - 2025-05-29 07:00:54 --> Session: Class initialized using 'CodeIgniter\Session\Handlers\FileHandler' driver.
DEBUG - 2025-05-29 07:01:01 --> User IP: ::1
DEBUG - 2025-05-29 07:01:01 --> Session: Class initialized using 'CodeIgniter\Session\Handlers\FileHandler' driver.
DEBUG - 2025-05-29 07:01:02 --> User IP: ::1
DEBUG - 2025-05-29 07:01:02 --> Session: Class initialized using 'CodeIgniter\Session\Handlers\FileHandler' driver.
DEBUG - 2025-05-29 07:01:04 --> User IP: ::1
DEBUG - 2025-05-29 07:01:04 --> Session: Class initialized using 'CodeIgniter\Session\Handlers\FileHandler' driver.
DEBUG - 2025-05-29 07:01:05 --> User IP: ::1
DEBUG - 2025-05-29 07:01:05 --> Session: Class initialized using 'CodeIgniter\Session\Handlers\FileHandler' driver.
DEBUG - 2025-05-29 07:01:07 --> User IP: ::1
DEBUG - 2025-05-29 07:01:07 --> Session: Class initialized using 'CodeIgniter\Session\Handlers\FileHandler' driver.
DEBUG - 2025-05-29 07:01:15 --> User IP: ::1
DEBUG - 2025-05-29 07:01:15 --> User ID: 45, Date: 2025-05-26
DEBUG - 2025-05-29 07:03:54 --> User IP: ::1
DEBUG - 2025-05-29 07:03:54 --> Session: Class initialized using 'CodeIgniter\Session\Handlers\FileHandler' driver.
DEBUG - 2025-05-29 07:03:59 --> User IP: ::1
DEBUG - 2025-05-29 07:03:59 --> User ID: 9, Date: 2025-05-26
DEBUG - 2025-05-29 07:04:04 --> User IP: ::1
DEBUG - 2025-05-29 07:04:04 --> User ID: 23, Date: 2025-05-26
DEBUG - 2025-05-29 07:04:10 --> User IP: ::1
DEBUG - 2025-05-29 07:04:10 --> User ID: 23, Date: 2025-05-27
DEBUG - 2025-05-29 07:04:28 --> User IP: ::1
DEBUG - 2025-05-29 07:04:28 --> Session: Class initialized using 'CodeIgniter\Session\Handlers\FileHandler' driver.
DEBUG - 2025-05-29 07:04:31 --> User IP: ::1
DEBUG - 2025-05-29 07:04:31 --> User ID: 23, Date: 2025-05-26
DEBUG - 2025-05-29 07:04:38 --> User IP: ::1
DEBUG - 2025-05-29 07:04:38 --> User ID: 23, Date: 2025-05-27
DEBUG - 2025-05-29 07:08:10 --> User IP: ::1
DEBUG - 2025-05-29 07:08:10 --> Session: Class initialized using 'CodeIgniter\Session\Handlers\FileHandler' driver.
DEBUG - 2025-05-29 07:08:15 --> User IP: ::1
DEBUG - 2025-05-29 07:08:15 --> User ID: 23, Date: 2025-05-26
DEBUG - 2025-05-29 07:08:25 --> User IP: ::1
DEBUG - 2025-05-29 07:08:25 --> User ID: 23, Date: 2025-05-27
DEBUG - 2025-05-29 07:19:52 --> User IP: ::1
DEBUG - 2025-05-29 07:22:36 --> User IP: ::1
DEBUG - 2025-05-29 07:24:19 --> User IP: ::1
DEBUG - 2025-05-29 07:25:01 --> User IP: ::1
DEBUG - 2025-05-29 07:25:25 --> User IP: ::1
DEBUG - 2025-05-29 07:25:30 --> User IP: ::1
DEBUG - 2025-05-29 07:27:32 --> User IP: ::1
DEBUG - 2025-05-29 07:27:45 --> User IP: ::1
DEBUG - 2025-05-29 07:27:50 --> User IP: ::1
DEBUG - 2025-05-29 07:32:16 --> User IP: ::1
DEBUG - 2025-05-29 07:32:27 --> User IP: ::1
CRITICAL - 2025-05-29 07:32:27 --> Error: Object of class DateInterval could not be converted to string
[Method: GET, Route: biometriccontroller/addOverMidnight/09:30/18:30/]
in APPPATH\Controllers\BiometricController.php on line 728.
 1 SYSTEMPATH\CodeIgniter.php(933): App\Controllers\BiometricController->addOverMidnight('09:30', '18:30')
 2 SYSTEMPATH\CodeIgniter.php(509): CodeIgniter\CodeIgniter->runController(Object(App\Controllers\BiometricController))
 3 SYSTEMPATH\CodeIgniter.php(355): CodeIgniter\CodeIgniter->handleRequest(null, Object(Config\Cache), false)
 4 SYSTEMPATH\Boot.php(334): CodeIgniter\CodeIgniter->run()
 5 SYSTEMPATH\Boot.php(67): CodeIgniter\Boot::runCodeIgniter(Object(CodeIgniter\CodeIgniter))
 6 FCPATH\index.php(56): CodeIgniter\Boot::bootWeb(Object(Config\Paths))
 7 SYSTEMPATH\rewrite.php(44): require_once('C:\\xampp\\htdocs\\gighz\\public\\index.php')
DEBUG - 2025-05-29 07:32:34 --> User IP: ::1
DEBUG - 2025-05-29 07:33:24 --> User IP: ::1
DEBUG - 2025-05-29 07:33:24 --> Session: Class initialized using 'CodeIgniter\Session\Handlers\FileHandler' driver.
DEBUG - 2025-05-29 07:33:30 --> User IP: ::1
DEBUG - 2025-05-29 07:33:30 --> User ID: 4, Date: 2025-05-26
DEBUG - 2025-05-29 07:34:50 --> User IP: ::1
DEBUG - 2025-05-29 07:34:50 --> Session: Class initialized using 'CodeIgniter\Session\Handlers\FileHandler' driver.
DEBUG - 2025-05-29 07:34:59 --> User IP: ::1
DEBUG - 2025-05-29 07:34:59 --> Session: Class initialized using 'CodeIgniter\Session\Handlers\FileHandler' driver.
DEBUG - 2025-05-29 07:35:02 --> User IP: ::1
DEBUG - 2025-05-29 07:35:02 --> User ID: 45, Date: 2025-05-26
DEBUG - 2025-05-29 07:35:09 --> User IP: ::1
DEBUG - 2025-05-29 07:35:09 --> User ID: 45, Date: 2025-05-27
DEBUG - 2025-05-29 07:52:23 --> User IP: ::1
DEBUG - 2025-05-29 07:52:23 --> Session: Class initialized using 'CodeIgniter\Session\Handlers\FileHandler' driver.
DEBUG - 2025-05-29 07:52:24 --> User IP: ::1
DEBUG - 2025-05-29 07:52:25 --> User ID: 1, Date: 2025-05-26
DEBUG - 2025-05-29 07:52:30 --> User IP: ::1
DEBUG - 2025-05-29 07:52:31 --> User ID: 23, Date: 2025-05-26
DEBUG - 2025-05-29 07:52:35 --> User IP: ::1
DEBUG - 2025-05-29 07:52:35 --> User ID: 23, Date: 2025-05-27
DEBUG - 2025-05-29 07:52:54 --> User IP: ::1
DEBUG - 2025-05-29 07:52:54 --> User ID: 23, Date: 2025-05-27
DEBUG - 2025-05-29 07:52:56 --> User IP: ::1
DEBUG - 2025-05-29 07:52:56 --> Session: Class initialized using 'CodeIgniter\Session\Handlers\FileHandler' driver.
DEBUG - 2025-05-29 07:53:01 --> User IP: ::1
DEBUG - 2025-05-29 07:53:01 --> User ID: 23, Date: 2025-05-27
DEBUG - 2025-05-29 07:53:17 --> User IP: ::1
DEBUG - 2025-05-29 07:53:17 --> User ID: 23, Date: 2025-05-26
DEBUG - 2025-05-29 07:53:22 --> User IP: ::1
DEBUG - 2025-05-29 07:53:22 --> User ID: 23, Date: 2025-05-27
DEBUG - 2025-05-29 07:54:45 --> User IP: ::1
DEBUG - 2025-05-29 07:54:46 --> Session: Class initialized using 'CodeIgniter\Session\Handlers\FileHandler' driver.
DEBUG - 2025-05-29 07:54:47 --> User IP: ::1
DEBUG - 2025-05-29 07:54:47 --> User ID: 23, Date: 2025-05-26
DEBUG - 2025-05-29 07:54:52 --> User IP: ::1
DEBUG - 2025-05-29 07:54:52 --> User ID: 23, Date: 2025-05-27
DEBUG - 2025-05-29 07:56:00 --> User IP: ::1
DEBUG - 2025-05-29 07:56:00 --> User ID: 23, Date: 2025-05-26
DEBUG - 2025-05-29 07:56:03 --> User IP: ::1
DEBUG - 2025-05-29 07:56:03 --> User ID: 23, Date: 2025-05-27
DEBUG - 2025-05-29 07:56:12 --> User IP: ::1
DEBUG - 2025-05-29 07:56:12 --> User ID: 23, Date: 2025-05-27
DEBUG - 2025-05-29 07:56:13 --> User IP: ::1
DEBUG - 2025-05-29 07:56:13 --> Session: Class initialized using 'CodeIgniter\Session\Handlers\FileHandler' driver.
DEBUG - 2025-05-29 07:56:17 --> User IP: ::1
DEBUG - 2025-05-29 07:56:17 --> User ID: 23, Date: 2025-05-27
DEBUG - 2025-05-29 07:57:31 --> User IP: ::1
DEBUG - 2025-05-29 07:57:31 --> User ID: 23, Date: 2025-05-27
DEBUG - 2025-05-29 07:57:32 --> User IP: ::1
DEBUG - 2025-05-29 07:57:32 --> Session: Class initialized using 'CodeIgniter\Session\Handlers\FileHandler' driver.
DEBUG - 2025-05-29 07:57:34 --> User IP: ::1
DEBUG - 2025-05-29 07:57:34 --> User ID: 23, Date: 2025-05-27
DEBUG - 2025-05-29 07:57:40 --> User IP: ::1
DEBUG - 2025-05-29 07:57:40 --> User ID: 23, Date: 2025-05-27
DEBUG - 2025-05-29 07:57:42 --> User IP: ::1
DEBUG - 2025-05-29 07:57:43 --> Session: Class initialized using 'CodeIgniter\Session\Handlers\FileHandler' driver.
DEBUG - 2025-05-29 07:57:46 --> User IP: ::1
DEBUG - 2025-05-29 07:57:46 --> User ID: 23, Date: 2025-05-27
DEBUG - 2025-05-29 07:57:53 --> User IP: ::1
DEBUG - 2025-05-29 07:57:53 --> User ID: 23, Date: 2025-05-27
DEBUG - 2025-05-29 07:57:54 --> User IP: ::1
DEBUG - 2025-05-29 07:57:54 --> Session: Class initialized using 'CodeIgniter\Session\Handlers\FileHandler' driver.
DEBUG - 2025-05-29 07:58:02 --> User IP: ::1
DEBUG - 2025-05-29 07:58:02 --> User ID: 23, Date: 2025-05-26
DEBUG - 2025-05-29 08:00:57 --> User IP: ::1
DEBUG - 2025-05-29 08:00:57 --> Session: Class initialized using 'CodeIgniter\Session\Handlers\FileHandler' driver.
DEBUG - 2025-05-29 08:01:02 --> User IP: ::1
DEBUG - 2025-05-29 08:01:02 --> User ID: 1, Date: 2025-05-26
DEBUG - 2025-05-29 08:01:13 --> User IP: ::1
DEBUG - 2025-05-29 08:01:13 --> User ID: 1, Date: 2025-05-27
DEBUG - 2025-05-29 08:02:32 --> User IP: ::1
DEBUG - 2025-05-29 08:02:32 --> Session: Class initialized using 'CodeIgniter\Session\Handlers\FileHandler' driver.
DEBUG - 2025-05-29 08:02:35 --> User IP: ::1
DEBUG - 2025-05-29 08:02:35 --> User ID: 16, Date: 2025-05-26
DEBUG - 2025-05-29 08:02:41 --> User IP: ::1
DEBUG - 2025-05-29 08:02:41 --> User ID: 1, Date: 2025-05-26
DEBUG - 2025-05-29 08:02:48 --> User IP: ::1
DEBUG - 2025-05-29 08:02:48 --> User ID: 1, Date: 2025-05-27
DEBUG - 2025-05-29 08:04:59 --> User IP: ::1
DEBUG - 2025-05-29 08:05:00 --> Session: Class initialized using 'CodeIgniter\Session\Handlers\FileHandler' driver.
DEBUG - 2025-05-29 08:05:03 --> User IP: ::1
DEBUG - 2025-05-29 08:05:03 --> User ID: 1, Date: 2025-05-26
DEBUG - 2025-05-29 08:05:09 --> User IP: ::1
DEBUG - 2025-05-29 08:05:09 --> User ID: 1, Date: 2025-05-27
DEBUG - 2025-05-29 08:05:59 --> User IP: ::1
DEBUG - 2025-05-29 08:05:59 --> Session: Class initialized using 'CodeIgniter\Session\Handlers\FileHandler' driver.
DEBUG - 2025-05-29 08:06:02 --> User IP: ::1
DEBUG - 2025-05-29 08:06:02 --> User ID: 1, Date: 2025-05-26
DEBUG - 2025-05-29 08:06:05 --> User IP: ::1
DEBUG - 2025-05-29 08:06:05 --> User ID: 1, Date: 2025-05-27
DEBUG - 2025-05-29 08:08:57 --> User IP: ::1
DEBUG - 2025-05-29 08:08:57 --> Session: Class initialized using 'CodeIgniter\Session\Handlers\FileHandler' driver.
DEBUG - 2025-05-29 08:09:00 --> User IP: ::1
DEBUG - 2025-05-29 08:09:00 --> User ID: 45, Date: 2025-05-26
DEBUG - 2025-05-29 08:09:03 --> User IP: ::1
DEBUG - 2025-05-29 08:09:03 --> User ID: 45, Date: 2025-05-27
DEBUG - 2025-05-29 08:09:09 --> User IP: ::1
DEBUG - 2025-05-29 08:11:59 --> User IP: ::1
DEBUG - 2025-05-29 08:11:59 --> Session: Class initialized using 'CodeIgniter\Session\Handlers\FileHandler' driver.
DEBUG - 2025-05-29 08:12:03 --> User IP: ::1
DEBUG - 2025-05-29 08:12:03 --> User ID: 23, Date: 2025-05-26
DEBUG - 2025-05-29 08:12:08 --> User IP: ::1
DEBUG - 2025-05-29 08:12:08 --> User ID: 1, Date: 2025-05-26
DEBUG - 2025-05-29 08:12:19 --> User IP: ::1
DEBUG - 2025-05-29 08:12:19 --> User ID: 23, Date: 2025-05-26
DEBUG - 2025-05-29 08:12:32 --> User IP: ::1
DEBUG - 2025-05-29 08:12:33 --> User ID: 1, Date: 2025-05-26
DEBUG - 2025-05-29 08:12:36 --> User IP: ::1
DEBUG - 2025-05-29 08:12:36 --> User ID: 16, Date: 2025-05-26
DEBUG - 2025-05-29 08:12:38 --> User IP: ::1
DEBUG - 2025-05-29 08:12:38 --> User ID: 45, Date: 2025-05-26
DEBUG - 2025-05-29 08:12:42 --> User IP: ::1
DEBUG - 2025-05-29 08:12:42 --> User ID: 1, Date: 2025-05-27
DEBUG - 2025-05-29 08:12:46 --> User IP: ::1
DEBUG - 2025-05-29 08:12:46 --> User ID: 1, Date: 2025-05-26
DEBUG - 2025-05-29 08:12:53 --> User IP: ::1
DEBUG - 2025-05-29 08:12:53 --> User ID: 1, Date: 2025-05-27
DEBUG - 2025-05-29 08:13:15 --> User IP: ::1
DEBUG - 2025-05-29 08:27:22 --> User IP: ::1
DEBUG - 2025-05-29 08:27:22 --> Session: Class initialized using 'CodeIgniter\Session\Handlers\FileHandler' driver.
DEBUG - 2025-05-29 08:27:33 --> User IP: ::1
DEBUG - 2025-05-29 08:27:33 --> User ID: 1, Date: 2025-05-26
DEBUG - 2025-05-29 08:27:43 --> User IP: ::1
DEBUG - 2025-05-29 08:27:43 --> User ID: 1, Date: 2025-05-27
DEBUG - 2025-05-29 08:27:51 --> User IP: ::1
DEBUG - 2025-05-29 08:27:51 --> Session: Class initialized using 'CodeIgniter\Session\Handlers\FileHandler' driver.
DEBUG - 2025-05-29 08:27:53 --> User IP: ::1
DEBUG - 2025-05-29 08:27:53 --> User ID: 45, Date: 2025-05-26
DEBUG - 2025-05-29 08:27:55 --> User IP: ::1
DEBUG - 2025-05-29 08:27:55 --> User ID: 45, Date: 2025-05-27
DEBUG - 2025-05-29 08:28:13 --> User IP: ::1
DEBUG - 2025-05-29 08:28:13 --> Session: Class initialized using 'CodeIgniter\Session\Handlers\FileHandler' driver.
DEBUG - 2025-05-29 08:28:20 --> User IP: ::1
DEBUG - 2025-05-29 08:28:20 --> Session: Class initialized using 'CodeIgniter\Session\Handlers\FileHandler' driver.
DEBUG - 2025-05-29 08:28:22 --> User IP: ::1
DEBUG - 2025-05-29 08:28:22 --> User ID: 45, Date: 2025-05-26
DEBUG - 2025-05-29 08:28:25 --> User IP: ::1
DEBUG - 2025-05-29 08:28:25 --> User ID: 45, Date: 2025-05-27
DEBUG - 2025-05-29 08:32:32 --> User IP: ::1
DEBUG - 2025-05-29 08:32:32 --> Session: Class initialized using 'CodeIgniter\Session\Handlers\FileHandler' driver.
DEBUG - 2025-05-29 08:32:39 --> User IP: ::1
DEBUG - 2025-05-29 08:32:39 --> User ID: 23, Date: 2025-05-26
DEBUG - 2025-05-29 08:33:00 --> User IP: ::1
DEBUG - 2025-05-29 08:33:00 --> User ID: 23, Date: 2025-05-27
DEBUG - 2025-05-29 08:33:07 --> User IP: ::1
DEBUG - 2025-05-29 08:33:15 --> User IP: ::1
DEBUG - 2025-05-29 08:33:15 --> Session: Class initialized using 'CodeIgniter\Session\Handlers\FileHandler' driver.
DEBUG - 2025-05-29 08:35:42 --> User IP: ::1
DEBUG - 2025-05-29 08:35:42 --> User ID: 23, Date: 2025-05-27
DEBUG - 2025-05-29 08:35:47 --> User IP: ::1
DEBUG - 2025-05-29 08:35:47 --> User ID: 23, Date: 2025-05-27
DEBUG - 2025-05-29 08:35:55 --> User IP: ::1
DEBUG - 2025-05-29 08:35:55 --> User ID: 9, Date: 2025-05-27
DEBUG - 2025-05-29 08:35:59 --> User IP: ::1
DEBUG - 2025-05-29 08:35:59 --> User ID: 9, Date: 2025-05-27
DEBUG - 2025-05-29 08:36:12 --> User IP: ::1
DEBUG - 2025-05-29 08:36:12 --> User ID: 45, Date: 2025-05-25
DEBUG - 2025-05-29 08:36:15 --> User IP: ::1
DEBUG - 2025-05-29 08:36:15 --> User ID: 45, Date: 2025-05-27
DEBUG - 2025-05-29 08:36:19 --> User IP: ::1
DEBUG - 2025-05-29 08:36:19 --> User ID: 9, Date: 2025-05-25
DEBUG - 2025-05-29 08:36:23 --> User IP: ::1
DEBUG - 2025-05-29 08:36:23 --> User ID: 9, Date: 2025-05-27
DEBUG - 2025-05-29 08:41:13 --> User IP: ::1
DEBUG - 2025-05-29 08:41:13 --> Session: Class initialized using 'CodeIgniter\Session\Handlers\FileHandler' driver.
DEBUG - 2025-05-29 08:41:16 --> User IP: ::1
DEBUG - 2025-05-29 08:41:16 --> User ID: 9, Date: 2025-05-26
DEBUG - 2025-05-29 08:41:21 --> User IP: ::1
DEBUG - 2025-05-29 08:41:21 --> User ID: 9, Date: 2025-05-26
DEBUG - 2025-05-29 08:41:26 --> User IP: ::1
DEBUG - 2025-05-29 08:41:26 --> Session: Class initialized using 'CodeIgniter\Session\Handlers\FileHandler' driver.
DEBUG - 2025-05-29 08:41:30 --> User IP: ::1
DEBUG - 2025-05-29 08:41:30 --> User ID: 9, Date: 2025-05-26
DEBUG - 2025-05-29 08:41:33 --> User IP: ::1
DEBUG - 2025-05-29 08:41:33 --> User ID: 9, Date: 2025-05-27
DEBUG - 2025-05-29 08:41:44 --> User IP: ::1
DEBUG - 2025-05-29 08:41:44 --> User ID: 45, Date: 2025-05-26
DEBUG - 2025-05-29 08:42:39 --> User IP: ::1
DEBUG - 2025-05-29 08:42:39 --> Session: Class initialized using 'CodeIgniter\Session\Handlers\FileHandler' driver.
DEBUG - 2025-05-29 08:42:41 --> User IP: ::1
DEBUG - 2025-05-29 08:42:41 --> User ID: 45, Date: 2025-05-26
DEBUG - 2025-05-29 08:42:47 --> User IP: ::1
DEBUG - 2025-05-29 08:42:47 --> User ID: 45, Date: 2025-05-26
DEBUG - 2025-05-29 08:43:29 --> User IP: ::1
DEBUG - 2025-05-29 08:43:29 --> Session: Class initialized using 'CodeIgniter\Session\Handlers\FileHandler' driver.
DEBUG - 2025-05-29 08:43:31 --> User IP: ::1
DEBUG - 2025-05-29 08:43:31 --> User ID: 9, Date: 2025-05-26
DEBUG - 2025-05-29 08:43:34 --> User IP: ::1
DEBUG - 2025-05-29 08:43:34 --> User ID: 1, Date: 2025-05-26
DEBUG - 2025-05-29 08:43:38 --> User IP: ::1
DEBUG - 2025-05-29 08:43:38 --> User ID: 1, Date: 2026-01-16
DEBUG - 2025-05-29 08:45:24 --> User IP: ::1
DEBUG - 2025-05-29 08:45:24 --> Session: Class initialized using 'CodeIgniter\Session\Handlers\FileHandler' driver.
DEBUG - 2025-05-29 08:45:26 --> User IP: ::1
DEBUG - 2025-05-29 08:45:26 --> User ID: 9, Date: 2025-05-26
DEBUG - 2025-05-29 08:45:28 --> User IP: ::1
DEBUG - 2025-05-29 08:45:28 --> User ID: 23, Date: 2025-05-26
DEBUG - 2025-05-29 08:45:33 --> User IP: ::1
DEBUG - 2025-05-29 08:45:33 --> User ID: 23, Date: 2025-05-26
DEBUG - 2025-05-29 08:47:04 --> User IP: ::1
DEBUG - 2025-05-29 08:47:04 --> Session: Class initialized using 'CodeIgniter\Session\Handlers\FileHandler' driver.
DEBUG - 2025-05-29 08:47:06 --> User IP: ::1
DEBUG - 2025-05-29 08:47:06 --> User ID: 23, Date: 2025-05-26
DEBUG - 2025-05-29 08:47:11 --> User IP: ::1
DEBUG - 2025-05-29 08:47:11 --> User ID: 23, Date: 2025-05-26
DEBUG - 2025-05-29 08:47:34 --> User IP: ::1
DEBUG - 2025-05-29 08:47:34 --> Session: Class initialized using 'CodeIgniter\Session\Handlers\FileHandler' driver.
DEBUG - 2025-05-29 08:47:36 --> User IP: ::1
DEBUG - 2025-05-29 08:47:36 --> User ID: 23, Date: 2025-05-26
DEBUG - 2025-05-29 08:47:39 --> User IP: ::1
DEBUG - 2025-05-29 08:47:39 --> User ID: 23, Date: 2025-05-26
DEBUG - 2025-05-29 08:48:39 --> User IP: ::1
DEBUG - 2025-05-29 08:48:39 --> Session: Class initialized using 'CodeIgniter\Session\Handlers\FileHandler' driver.
DEBUG - 2025-05-29 08:48:41 --> User IP: ::1
DEBUG - 2025-05-29 08:48:41 --> User ID: 23, Date: 2025-05-26
DEBUG - 2025-05-29 08:48:44 --> User IP: ::1
DEBUG - 2025-05-29 08:48:44 --> User ID: 23, Date: 2025-05-26
DEBUG - 2025-05-29 08:48:52 --> User IP: ::1
DEBUG - 2025-05-29 08:48:52 --> Session: Class initialized using 'CodeIgniter\Session\Handlers\FileHandler' driver.
DEBUG - 2025-05-29 08:48:56 --> User IP: ::1
DEBUG - 2025-05-29 08:48:56 --> User ID: 23, Date: 2025-05-26
DEBUG - 2025-05-29 08:48:58 --> User IP: ::1
DEBUG - 2025-05-29 08:48:58 --> User ID: 23, Date: 2025-05-26
DEBUG - 2025-05-29 08:49:57 --> User IP: ::1
DEBUG - 2025-05-29 08:49:57 --> Session: Class initialized using 'CodeIgniter\Session\Handlers\FileHandler' driver.
DEBUG - 2025-05-29 08:49:59 --> User IP: ::1
DEBUG - 2025-05-29 08:49:59 --> User ID: 23, Date: 2025-05-26
DEBUG - 2025-05-29 08:50:02 --> User IP: ::1
DEBUG - 2025-05-29 08:50:02 --> User ID: 23, Date: 2025-05-26
DEBUG - 2025-05-29 08:50:24 --> User IP: ::1
DEBUG - 2025-05-29 08:50:24 --> Session: Class initialized using 'CodeIgniter\Session\Handlers\FileHandler' driver.
DEBUG - 2025-05-29 08:50:30 --> User IP: ::1
DEBUG - 2025-05-29 08:50:30 --> User ID: 23, Date: 2025-05-26
DEBUG - 2025-05-29 08:50:33 --> User IP: ::1
DEBUG - 2025-05-29 08:50:33 --> User ID: 23, Date: 2025-05-26
DEBUG - 2025-05-29 09:50:32 --> User IP: ::1
DEBUG - 2025-05-29 09:50:32 --> Session: Class initialized using 'CodeIgniter\Session\Handlers\FileHandler' driver.
DEBUG - 2025-05-29 09:50:54 --> User IP: ::1
DEBUG - 2025-05-29 09:50:54 --> User ID: 23, Date: 2025-05-26
DEBUG - 2025-05-29 09:51:37 --> User IP: ::1
DEBUG - 2025-05-29 09:51:37 --> Session: Class initialized using 'CodeIgniter\Session\Handlers\FileHandler' driver.
DEBUG - 2025-05-29 09:51:39 --> User IP: ::1
DEBUG - 2025-05-29 09:51:39 --> User ID: 23, Date: 2025-05-26
DEBUG - 2025-05-29 09:51:45 --> User IP: ::1
DEBUG - 2025-05-29 09:51:45 --> User ID: 23, Date: 2025-05-26
DEBUG - 2025-05-29 09:51:46 --> User IP: ::1
DEBUG - 2025-05-29 09:54:17 --> User IP: ::1
DEBUG - 2025-05-29 09:54:17 --> Session: Class initialized using 'CodeIgniter\Session\Handlers\FileHandler' driver.
DEBUG - 2025-05-29 09:54:20 --> User IP: ::1
DEBUG - 2025-05-29 09:54:20 --> User ID: 23, Date: 2025-05-26
DEBUG - 2025-05-29 09:54:28 --> User IP: ::1
DEBUG - 2025-05-29 09:54:28 --> User ID: 23, Date: 2025-05-27
DEBUG - 2025-05-29 09:54:45 --> User IP: ::1
DEBUG - 2025-05-29 09:54:45 --> User ID: 1, Date: 2025-05-25
DEBUG - 2025-05-29 09:54:48 --> User IP: ::1
DEBUG - 2025-05-29 09:54:49 --> User ID: 1, Date: 2025-05-26
DEBUG - 2025-05-29 09:54:56 --> User IP: ::1
DEBUG - 2025-05-29 09:54:56 --> User ID: 1, Date: 2025-05-27
DEBUG - 2025-05-29 09:54:58 --> User IP: ::1
DEBUG - 2025-05-29 09:54:58 --> User ID: 1, Date: 2025-05-28
DEBUG - 2025-05-29 09:56:27 --> User IP: ::1
DEBUG - 2025-05-29 09:56:27 --> User ID: 45, Date: 2025-05-25
DEBUG - 2025-05-29 09:56:30 --> User IP: ::1
DEBUG - 2025-05-29 09:56:30 --> User ID: 45, Date: 2025-05-26
DEBUG - 2025-05-29 10:01:18 --> User IP: ::1
DEBUG - 2025-05-29 10:01:18 --> User ID: 45, Date: 2025-05-25
DEBUG - 2025-05-29 10:01:31 --> User IP: ::1
DEBUG - 2025-05-29 10:01:31 --> User ID: 27, Date: 2025-05-27
DEBUG - 2025-05-29 10:01:37 --> User IP: ::1
DEBUG - 2025-05-29 10:01:37 --> User ID: 27, Date: 2025-05-26
DEBUG - 2025-05-29 10:01:44 --> User IP: ::1
DEBUG - 2025-05-29 10:01:44 --> User ID: 27, Date: 2025-05-27
DEBUG - 2025-05-29 10:02:19 --> User IP: ::1
DEBUG - 2025-05-29 10:02:49 --> User IP: ::1
DEBUG - 2025-05-29 10:02:49 --> Session: Class initialized using 'CodeIgniter\Session\Handlers\FileHandler' driver.
DEBUG - 2025-05-29 10:09:10 --> User IP: ::1
DEBUG - 2025-05-29 10:09:10 --> Session: Class initialized using 'CodeIgniter\Session\Handlers\FileHandler' driver.
DEBUG - 2025-05-29 10:21:16 --> User IP: ::1
DEBUG - 2025-05-29 10:21:16 --> Session: Class initialized using 'CodeIgniter\Session\Handlers\FileHandler' driver.
DEBUG - 2025-05-29 10:21:45 --> User IP: ::1
DEBUG - 2025-05-29 10:21:45 --> Session: Class initialized using 'CodeIgniter\Session\Handlers\FileHandler' driver.
DEBUG - 2025-05-29 10:21:48 --> User IP: ::1
DEBUG - 2025-05-29 10:21:48 --> Session: Class initialized using 'CodeIgniter\Session\Handlers\FileHandler' driver.
DEBUG - 2025-05-29 10:25:08 --> User IP: ::1
DEBUG - 2025-05-29 10:25:08 --> Session: Class initialized using 'CodeIgniter\Session\Handlers\FileHandler' driver.
DEBUG - 2025-05-29 10:25:11 --> User IP: ::1
DEBUG - 2025-05-29 10:25:11 --> Session: Class initialized using 'CodeIgniter\Session\Handlers\FileHandler' driver.
DEBUG - 2025-05-29 10:25:37 --> User IP: ::1
DEBUG - 2025-05-29 10:25:37 --> Session: Class initialized using 'CodeIgniter\Session\Handlers\FileHandler' driver.
DEBUG - 2025-05-29 12:05:38 --> User IP: ::1
DEBUG - 2025-05-29 12:05:38 --> Session: Class initialized using 'CodeIgniter\Session\Handlers\FileHandler' driver.
