DEBUG - 2025-03-27 05:41:45 --> User IP: ::1
DEBUG - 2025-03-27 05:41:46 --> Session: Class initialized using 'CodeIgniter\Session\Handlers\FileHandler' driver.
DEBUG - 2025-03-27 05:42:00 --> User IP: ::1
DEBUG - 2025-03-27 05:42:00 --> Session: Class initialized using 'CodeIgniter\Session\Handlers\FileHandler' driver.
DEBUG - 2025-03-27 05:42:00 --> User IP: ::1
DEBUG - 2025-03-27 05:42:00 --> Session: Class initialized using 'CodeIgniter\Session\Handlers\FileHandler' driver.
DEBUG - 2025-03-27 05:42:02 --> User IP: ::1
DEBUG - 2025-03-27 05:42:02 --> Session: Class initialized using 'CodeIgniter\Session\Handlers\FileHandler' driver.
DEBUG - 2025-03-27 05:42:04 --> User IP: ::1
DEBUG - 2025-03-27 05:42:04 --> Session: Class initialized using 'CodeIgniter\Session\Handlers\FileHandler' driver.
DEBUG - 2025-03-27 05:47:18 --> User IP: ::1
DEBUG - 2025-03-27 05:47:18 --> Session: Class initialized using 'CodeIgniter\Session\Handlers\FileHandler' driver.
DEBUG - 2025-03-27 07:02:18 --> User IP: ::1
DEBUG - 2025-03-27 07:02:18 --> Session: Class initialized using 'CodeIgniter\Session\Handlers\FileHandler' driver.
DEBUG - 2025-03-27 07:02:21 --> User IP: ::1
DEBUG - 2025-03-27 07:02:21 --> Session: Class initialized using 'CodeIgniter\Session\Handlers\FileHandler' driver.
DEBUG - 2025-03-27 07:02:22 --> User IP: ::1
DEBUG - 2025-03-27 07:03:33 --> User IP: ::1
DEBUG - 2025-03-27 07:04:30 --> User IP: ::1
DEBUG - 2025-03-27 07:16:15 --> User IP: ::1
DEBUG - 2025-03-27 07:18:32 --> User IP: ::1
DEBUG - 2025-03-27 07:18:32 --> Session: Class initialized using 'CodeIgniter\Session\Handlers\FileHandler' driver.
DEBUG - 2025-03-27 07:18:34 --> User IP: ::1
DEBUG - 2025-03-27 07:18:34 --> Session: Class initialized using 'CodeIgniter\Session\Handlers\FileHandler' driver.
DEBUG - 2025-03-27 07:18:36 --> User IP: ::1
DEBUG - 2025-03-27 07:18:36 --> Session: Class initialized using 'CodeIgniter\Session\Handlers\FileHandler' driver.
DEBUG - 2025-03-27 07:18:40 --> User IP: ::1
DEBUG - 2025-03-27 07:18:40 --> Session: Class initialized using 'CodeIgniter\Session\Handlers\FileHandler' driver.
DEBUG - 2025-03-27 07:58:57 --> User IP: ::1
DEBUG - 2025-03-27 07:58:57 --> Session: Class initialized using 'CodeIgniter\Session\Handlers\FileHandler' driver.
DEBUG - 2025-03-27 08:08:58 --> User IP: ::1
DEBUG - 2025-03-27 08:08:58 --> Session: Class initialized using 'CodeIgniter\Session\Handlers\FileHandler' driver.
DEBUG - 2025-03-27 08:17:42 --> User IP: ::1
DEBUG - 2025-03-27 08:17:43 --> User IP: ::1
DEBUG - 2025-03-27 08:17:45 --> User IP: ::1
DEBUG - 2025-03-27 08:18:58 --> User IP: ::1
DEBUG - 2025-03-27 08:18:58 --> Session: Class initialized using 'CodeIgniter\Session\Handlers\FileHandler' driver.
DEBUG - 2025-03-27 08:21:04 --> User IP: ::1
CRITICAL - 2025-03-27 08:21:04 --> ErrorException: Undefined variable $datas
[Method: GET, Route: demo]
in APPPATH\Views\requirments\EmployeeAttendance.php on line 9.
 1 APPPATH\Views\requirments\EmployeeAttendance.php(9): CodeIgniter\Debug\Exceptions->errorHandler(2, 'Undefined variable $datas', 'C:\\xampp\\htdocs\\gighz\\app\\Views\\requirments\\EmployeeAttendance.php', 9)
 2 SYSTEMPATH\View\View.php(234): include('C:\\xampp\\htdocs\\gighz\\app\\Views\\requirments\\EmployeeAttendance.php')
 3 SYSTEMPATH\View\View.php(237): CodeIgniter\View\View->CodeIgniter\View\{closure}()
 4 SYSTEMPATH\Common.php(1171): CodeIgniter\View\View->render('requirments/EmployeeAttendance', [], true)
 5 APPPATH\Controllers\Dashboard.php(44): view('requirments/EmployeeAttendance', [...])
 6 SYSTEMPATH\CodeIgniter.php(933): App\Controllers\Dashboard->demo()
 7 SYSTEMPATH\CodeIgniter.php(509): CodeIgniter\CodeIgniter->runController(Object(App\Controllers\Dashboard))
 8 SYSTEMPATH\CodeIgniter.php(355): CodeIgniter\CodeIgniter->handleRequest(null, Object(Config\Cache), false)
 9 SYSTEMPATH\Boot.php(334): CodeIgniter\CodeIgniter->run()
10 SYSTEMPATH\Boot.php(67): CodeIgniter\Boot::runCodeIgniter(Object(CodeIgniter\CodeIgniter))
11 FCPATH\index.php(56): CodeIgniter\Boot::bootWeb(Object(Config\Paths))
12 SYSTEMPATH\rewrite.php(44): require_once('C:\\xampp\\htdocs\\gighz\\public\\index.php')
DEBUG - 2025-03-27 08:22:36 --> User IP: ::1
CRITICAL - 2025-03-27 08:22:36 --> ErrorException: Undefined array key "present"
[Method: GET, Route: demo]
in APPPATH\Views\requirments\EmployeeAttendance.php on line 11.
 1 APPPATH\Views\requirments\EmployeeAttendance.php(11): CodeIgniter\Debug\Exceptions->errorHandler(2, 'Undefined array key "present"', 'C:\\xampp\\htdocs\\gighz\\app\\Views\\requirments\\EmployeeAttendance.php', 11)
 2 SYSTEMPATH\View\View.php(234): include('C:\\xampp\\htdocs\\gighz\\app\\Views\\requirments\\EmployeeAttendance.php')
 3 SYSTEMPATH\View\View.php(237): CodeIgniter\View\View->CodeIgniter\View\{closure}()
 4 SYSTEMPATH\Common.php(1171): CodeIgniter\View\View->render('requirments/EmployeeAttendance', [], true)
 5 APPPATH\Controllers\Dashboard.php(44): view('requirments/EmployeeAttendance', [...])
 6 SYSTEMPATH\CodeIgniter.php(933): App\Controllers\Dashboard->demo()
 7 SYSTEMPATH\CodeIgniter.php(509): CodeIgniter\CodeIgniter->runController(Object(App\Controllers\Dashboard))
 8 SYSTEMPATH\CodeIgniter.php(355): CodeIgniter\CodeIgniter->handleRequest(null, Object(Config\Cache), false)
 9 SYSTEMPATH\Boot.php(334): CodeIgniter\CodeIgniter->run()
10 SYSTEMPATH\Boot.php(67): CodeIgniter\Boot::runCodeIgniter(Object(CodeIgniter\CodeIgniter))
11 FCPATH\index.php(56): CodeIgniter\Boot::bootWeb(Object(Config\Paths))
12 SYSTEMPATH\rewrite.php(44): require_once('C:\\xampp\\htdocs\\gighz\\public\\index.php')
DEBUG - 2025-03-27 08:22:47 --> User IP: ::1
CRITICAL - 2025-03-27 08:22:47 --> ErrorException: Undefined array key "absent"
[Method: GET, Route: demo]
in APPPATH\Views\requirments\EmployeeAttendance.php on line 12.
 1 APPPATH\Views\requirments\EmployeeAttendance.php(12): CodeIgniter\Debug\Exceptions->errorHandler(2, 'Undefined array key "absent"', 'C:\\xampp\\htdocs\\gighz\\app\\Views\\requirments\\EmployeeAttendance.php', 12)
 2 SYSTEMPATH\View\View.php(234): include('C:\\xampp\\htdocs\\gighz\\app\\Views\\requirments\\EmployeeAttendance.php')
 3 SYSTEMPATH\View\View.php(237): CodeIgniter\View\View->CodeIgniter\View\{closure}()
 4 SYSTEMPATH\Common.php(1171): CodeIgniter\View\View->render('requirments/EmployeeAttendance', [], true)
 5 APPPATH\Controllers\Dashboard.php(44): view('requirments/EmployeeAttendance', [...])
 6 SYSTEMPATH\CodeIgniter.php(933): App\Controllers\Dashboard->demo()
 7 SYSTEMPATH\CodeIgniter.php(509): CodeIgniter\CodeIgniter->runController(Object(App\Controllers\Dashboard))
 8 SYSTEMPATH\CodeIgniter.php(355): CodeIgniter\CodeIgniter->handleRequest(null, Object(Config\Cache), false)
 9 SYSTEMPATH\Boot.php(334): CodeIgniter\CodeIgniter->run()
10 SYSTEMPATH\Boot.php(67): CodeIgniter\Boot::runCodeIgniter(Object(CodeIgniter\CodeIgniter))
11 FCPATH\index.php(56): CodeIgniter\Boot::bootWeb(Object(Config\Paths))
12 SYSTEMPATH\rewrite.php(44): require_once('C:\\xampp\\htdocs\\gighz\\public\\index.php')
DEBUG - 2025-03-27 08:22:53 --> User IP: ::1
DEBUG - 2025-03-27 08:28:19 --> User IP: ::1
DEBUG - 2025-03-27 08:28:43 --> User IP: ::1
DEBUG - 2025-03-27 08:28:43 --> Session: Class initialized using 'CodeIgniter\Session\Handlers\FileHandler' driver.
DEBUG - 2025-03-27 08:28:49 --> User IP: ::1
DEBUG - 2025-03-27 08:28:49 --> User ID: 23, Date: 2025-03-26
DEBUG - 2025-03-27 08:28:52 --> User IP: ::1
DEBUG - 2025-03-27 08:28:54 --> User IP: ::1
DEBUG - 2025-03-27 08:28:54 --> Session: Class initialized using 'CodeIgniter\Session\Handlers\FileHandler' driver.
DEBUG - 2025-03-27 08:28:56 --> User IP: ::1
DEBUG - 2025-03-27 08:28:56 --> User ID: 23, Date: 2025-03-26
DEBUG - 2025-03-27 08:29:04 --> User IP: ::1
DEBUG - 2025-03-27 08:29:55 --> User IP: ::1
DEBUG - 2025-03-27 08:29:55 --> User ID: 23, Date: 2025-03-26
DEBUG - 2025-03-27 08:30:00 --> User IP: ::1
DEBUG - 2025-03-27 08:30:03 --> User IP: ::1
DEBUG - 2025-03-27 08:30:03 --> Session: Class initialized using 'CodeIgniter\Session\Handlers\FileHandler' driver.
DEBUG - 2025-03-27 08:44:17 --> User IP: ::1
DEBUG - 2025-03-27 08:44:17 --> Session: Class initialized using 'CodeIgniter\Session\Handlers\FileHandler' driver.
DEBUG - 2025-03-27 08:45:39 --> User IP: ::1
DEBUG - 2025-03-27 08:46:59 --> User IP: ::1
DEBUG - 2025-03-27 10:45:22 --> User IP: ::1
DEBUG - 2025-03-27 10:45:23 --> Session: Class initialized using 'CodeIgniter\Session\Handlers\FileHandler' driver.
DEBUG - 2025-03-27 10:45:24 --> User IP: ::1
DEBUG - 2025-03-27 10:45:25 --> Session: Class initialized using 'CodeIgniter\Session\Handlers\FileHandler' driver.
DEBUG - 2025-03-27 10:47:54 --> User IP: ::1
DEBUG - 2025-03-27 10:47:54 --> Session: Class initialized using 'CodeIgniter\Session\Handlers\FileHandler' driver.
DEBUG - 2025-03-27 10:49:53 --> User IP: ::1
DEBUG - 2025-03-27 10:49:53 --> Session: Class initialized using 'CodeIgniter\Session\Handlers\FileHandler' driver.
DEBUG - 2025-03-27 11:00:19 --> User IP: ::1
DEBUG - 2025-03-27 11:00:19 --> Session: Class initialized using 'CodeIgniter\Session\Handlers\FileHandler' driver.
DEBUG - 2025-03-27 11:04:25 --> User IP: ::1
DEBUG - 2025-03-27 11:04:25 --> Session: Class initialized using 'CodeIgniter\Session\Handlers\FileHandler' driver.
DEBUG - 2025-03-27 12:24:31 --> User IP: ::1
DEBUG - 2025-03-27 12:24:31 --> User ID: 16, Date: 2025-02-25
DEBUG - 2025-03-27 12:24:52 --> User IP: ::1
DEBUG - 2025-03-27 12:24:52 --> User ID: 16, Date: 2025-03-24
DEBUG - 2025-03-27 12:27:38 --> User IP: ::1
DEBUG - 2025-03-27 12:31:16 --> User IP: ::1
DEBUG - 2025-03-27 12:34:30 --> User IP: ::1
DEBUG - 2025-03-27 12:49:49 --> User IP: ::1
DEBUG - 2025-03-27 12:50:00 --> User IP: ::1
DEBUG - 2025-03-27 12:50:13 --> User IP: ::1
DEBUG - 2025-03-27 12:50:39 --> User IP: ::1
DEBUG - 2025-03-27 12:51:16 --> User IP: ::1
DEBUG - 2025-03-27 12:51:18 --> User IP: ::1
DEBUG - 2025-03-27 13:06:19 --> User IP: ::1
DEBUG - 2025-03-27 13:06:52 --> User IP: ::1
DEBUG - 2025-03-27 13:07:20 --> User IP: ::1
DEBUG - 2025-03-27 13:07:34 --> User IP: ::1
DEBUG - 2025-03-27 13:07:58 --> User IP: ::1
DEBUG - 2025-03-27 13:08:00 --> User IP: ::1
DEBUG - 2025-03-27 13:08:01 --> User IP: ::1
DEBUG - 2025-03-27 13:08:06 --> User IP: ::1
DEBUG - 2025-03-27 13:08:11 --> User IP: ::1
DEBUG - 2025-03-27 13:08:24 --> User IP: ::1
DEBUG - 2025-03-27 13:08:53 --> User IP: ::1
DEBUG - 2025-03-27 13:08:59 --> User IP: ::1
DEBUG - 2025-03-27 13:09:05 --> User IP: ::1
DEBUG - 2025-03-27 13:09:07 --> User IP: ::1
DEBUG - 2025-03-27 13:09:32 --> User IP: ::1
DEBUG - 2025-03-27 13:09:34 --> User IP: ::1
DEBUG - 2025-03-27 13:09:58 --> User IP: ::1
DEBUG - 2025-03-27 13:11:02 --> User IP: ::1
DEBUG - 2025-03-27 13:11:13 --> User IP: ::1
DEBUG - 2025-03-27 13:11:20 --> User IP: ::1
DEBUG - 2025-03-27 13:11:25 --> User IP: ::1
DEBUG - 2025-03-27 13:11:29 --> User IP: ::1
DEBUG - 2025-03-27 13:11:48 --> User IP: ::1
DEBUG - 2025-03-27 13:11:56 --> User IP: ::1
DEBUG - 2025-03-27 13:12:01 --> User IP: ::1
DEBUG - 2025-03-27 13:12:21 --> User IP: ::1
DEBUG - 2025-03-27 13:13:23 --> User IP: ::1
DEBUG - 2025-03-27 13:13:25 --> User IP: ::1
DEBUG - 2025-03-27 13:13:26 --> User IP: ::1
DEBUG - 2025-03-27 13:13:27 --> User IP: ::1
DEBUG - 2025-03-27 13:13:27 --> User IP: ::1
DEBUG - 2025-03-27 13:13:40 --> User IP: ::1
DEBUG - 2025-03-27 13:14:07 --> User IP: ::1
DEBUG - 2025-03-27 13:14:21 --> User IP: ::1
DEBUG - 2025-03-27 13:14:30 --> User IP: ::1
DEBUG - 2025-03-27 13:14:52 --> User IP: ::1
DEBUG - 2025-03-27 13:16:10 --> User IP: ::1
DEBUG - 2025-03-27 13:16:21 --> User IP: ::1
