DEBUG - 2025-06-27 05:47:10 --> User IP: ::1
DEBUG - 2025-06-27 05:47:10 --> Session: Class initialized using 'CodeIgniter\Session\Handlers\FileHandler' driver.
DEBUG - 2025-06-27 05:47:11 --> User IP: ::1
DEBUG - 2025-06-27 05:47:11 --> User IP: ::1
DEBUG - 2025-06-27 05:47:14 --> User IP: ::1
DEBUG - 2025-06-27 05:53:39 --> User IP: ::1
DEBUG - 2025-06-27 05:53:54 --> User IP: ::1
DEBUG - 2025-06-27 05:53:56 --> User IP: ::1
DEBUG - 2025-06-27 05:54:36 --> User IP: ::1
DEBUG - 2025-06-27 05:54:42 --> User IP: ::1
DEBUG - 2025-06-27 05:55:16 --> User IP: ::1
DEBUG - 2025-06-27 05:55:17 --> User IP: ::1
DEBUG - 2025-06-27 05:55:25 --> User IP: ::1
DEBUG - 2025-06-27 05:55:27 --> User IP: ::1
DEBUG - 2025-06-27 05:56:07 --> User IP: ::1
DEBUG - 2025-06-27 05:56:08 --> User IP: ::1
DEBUG - 2025-06-27 05:56:08 --> User IP: ::1
DEBUG - 2025-06-27 05:56:17 --> User IP: ::1
DEBUG - 2025-06-27 05:57:00 --> User IP: ::1
DEBUG - 2025-06-27 05:57:10 --> User IP: ::1
DEBUG - 2025-06-27 05:57:34 --> User IP: ::1
DEBUG - 2025-06-27 05:58:05 --> User IP: ::1
DEBUG - 2025-06-27 06:06:38 --> User IP: ::1
DEBUG - 2025-06-27 06:06:38 --> Session: Class initialized using 'CodeIgniter\Session\Handlers\FileHandler' driver.
DEBUG - 2025-06-27 06:10:46 --> User IP: ::1
DEBUG - 2025-06-27 06:10:46 --> Session: Class initialized using 'CodeIgniter\Session\Handlers\FileHandler' driver.
DEBUG - 2025-06-27 06:10:46 --> User IP: ::1
DEBUG - 2025-06-27 06:15:13 --> User IP: ::1
DEBUG - 2025-06-27 06:15:13 --> Session: Class initialized using 'CodeIgniter\Session\Handlers\FileHandler' driver.
DEBUG - 2025-06-27 06:15:14 --> User IP: ::1
DEBUG - 2025-06-27 06:16:07 --> User IP: ::1
DEBUG - 2025-06-27 06:16:07 --> Session: Class initialized using 'CodeIgniter\Session\Handlers\FileHandler' driver.
DEBUG - 2025-06-27 06:16:07 --> User IP: ::1
DEBUG - 2025-06-27 06:18:29 --> User IP: ::1
DEBUG - 2025-06-27 06:18:29 --> Session: Class initialized using 'CodeIgniter\Session\Handlers\FileHandler' driver.
DEBUG - 2025-06-27 06:18:29 --> User IP: ::1
DEBUG - 2025-06-27 06:18:34 --> User IP: ::1
DEBUG - 2025-06-27 06:20:39 --> User IP: ::1
DEBUG - 2025-06-27 06:20:39 --> Session: Class initialized using 'CodeIgniter\Session\Handlers\FileHandler' driver.
DEBUG - 2025-06-27 06:20:39 --> User IP: ::1
DEBUG - 2025-06-27 06:20:41 --> User IP: ::1
DEBUG - 2025-06-27 06:20:50 --> User IP: ::1
DEBUG - 2025-06-27 06:20:55 --> User IP: ::1
DEBUG - 2025-06-27 06:26:00 --> User IP: ::1
DEBUG - 2025-06-27 06:26:00 --> Session: Class initialized using 'CodeIgniter\Session\Handlers\FileHandler' driver.
DEBUG - 2025-06-27 06:26:01 --> User IP: ::1
DEBUG - 2025-06-27 06:26:18 --> User IP: ::1
DEBUG - 2025-06-27 06:26:18 --> Session: Class initialized using 'CodeIgniter\Session\Handlers\FileHandler' driver.
DEBUG - 2025-06-27 06:26:18 --> User IP: ::1
DEBUG - 2025-06-27 06:26:22 --> User IP: ::1
DEBUG - 2025-06-27 06:26:23 --> Session: Class initialized using 'CodeIgniter\Session\Handlers\FileHandler' driver.
DEBUG - 2025-06-27 06:26:23 --> User IP: ::1
DEBUG - 2025-06-27 06:26:58 --> User IP: ::1
DEBUG - 2025-06-27 06:26:58 --> Session: Class initialized using 'CodeIgniter\Session\Handlers\FileHandler' driver.
DEBUG - 2025-06-27 06:26:59 --> User IP: ::1
DEBUG - 2025-06-27 06:27:10 --> User IP: ::1
DEBUG - 2025-06-27 06:27:19 --> User IP: ::1
DEBUG - 2025-06-27 06:27:26 --> User IP: ::1
DEBUG - 2025-06-27 06:27:35 --> User IP: ::1
DEBUG - 2025-06-27 06:31:45 --> User IP: ::1
DEBUG - 2025-06-27 06:31:45 --> Session: Class initialized using 'CodeIgniter\Session\Handlers\FileHandler' driver.
DEBUG - 2025-06-27 06:31:46 --> User IP: ::1
DEBUG - 2025-06-27 06:32:46 --> User IP: ::1
DEBUG - 2025-06-27 06:32:46 --> Session: Class initialized using 'CodeIgniter\Session\Handlers\FileHandler' driver.
DEBUG - 2025-06-27 06:32:47 --> User IP: ::1
DEBUG - 2025-06-27 06:33:12 --> User IP: ::1
DEBUG - 2025-06-27 06:33:12 --> Session: Class initialized using 'CodeIgniter\Session\Handlers\FileHandler' driver.
DEBUG - 2025-06-27 06:33:12 --> User IP: ::1
DEBUG - 2025-06-27 06:34:36 --> User IP: ::1
DEBUG - 2025-06-27 06:34:36 --> Session: Class initialized using 'CodeIgniter\Session\Handlers\FileHandler' driver.
DEBUG - 2025-06-27 06:34:37 --> User IP: ::1
DEBUG - 2025-06-27 06:34:50 --> User IP: ::1
DEBUG - 2025-06-27 06:34:50 --> Session: Class initialized using 'CodeIgniter\Session\Handlers\FileHandler' driver.
DEBUG - 2025-06-27 06:34:51 --> User IP: ::1
DEBUG - 2025-06-27 06:34:53 --> User IP: ::1
DEBUG - 2025-06-27 06:34:53 --> Session: Class initialized using 'CodeIgniter\Session\Handlers\FileHandler' driver.
DEBUG - 2025-06-27 06:34:53 --> User IP: ::1
DEBUG - 2025-06-27 06:34:56 --> User IP: ::1
DEBUG - 2025-06-27 06:34:56 --> Session: Class initialized using 'CodeIgniter\Session\Handlers\FileHandler' driver.
DEBUG - 2025-06-27 06:34:56 --> User IP: ::1
DEBUG - 2025-06-27 06:35:03 --> User IP: ::1
DEBUG - 2025-06-27 06:35:03 --> Session: Class initialized using 'CodeIgniter\Session\Handlers\FileHandler' driver.
DEBUG - 2025-06-27 06:35:04 --> User IP: ::1
DEBUG - 2025-06-27 06:35:25 --> User IP: ::1
DEBUG - 2025-06-27 06:35:25 --> Session: Class initialized using 'CodeIgniter\Session\Handlers\FileHandler' driver.
DEBUG - 2025-06-27 06:35:26 --> User IP: ::1
DEBUG - 2025-06-27 06:36:08 --> User IP: ::1
DEBUG - 2025-06-27 06:36:08 --> Session: Class initialized using 'CodeIgniter\Session\Handlers\FileHandler' driver.
DEBUG - 2025-06-27 06:36:09 --> User IP: ::1
DEBUG - 2025-06-27 06:37:09 --> User IP: ::1
DEBUG - 2025-06-27 06:37:09 --> Session: Class initialized using 'CodeIgniter\Session\Handlers\FileHandler' driver.
DEBUG - 2025-06-27 06:37:10 --> User IP: ::1
DEBUG - 2025-06-27 06:37:17 --> User IP: ::1
DEBUG - 2025-06-27 06:37:17 --> Session: Class initialized using 'CodeIgniter\Session\Handlers\FileHandler' driver.
DEBUG - 2025-06-27 06:37:17 --> User IP: ::1
DEBUG - 2025-06-27 06:37:23 --> User IP: ::1
DEBUG - 2025-06-27 06:37:23 --> Session: Class initialized using 'CodeIgniter\Session\Handlers\FileHandler' driver.
DEBUG - 2025-06-27 06:37:24 --> User IP: ::1
DEBUG - 2025-06-27 06:37:37 --> User IP: ::1
DEBUG - 2025-06-27 06:37:37 --> Session: Class initialized using 'CodeIgniter\Session\Handlers\FileHandler' driver.
DEBUG - 2025-06-27 06:37:38 --> User IP: ::1
DEBUG - 2025-06-27 06:37:47 --> User IP: ::1
DEBUG - 2025-06-27 06:37:47 --> Session: Class initialized using 'CodeIgniter\Session\Handlers\FileHandler' driver.
DEBUG - 2025-06-27 06:37:47 --> User IP: ::1
DEBUG - 2025-06-27 06:38:27 --> User IP: ::1
DEBUG - 2025-06-27 06:38:27 --> Session: Class initialized using 'CodeIgniter\Session\Handlers\FileHandler' driver.
DEBUG - 2025-06-27 06:38:28 --> User IP: ::1
DEBUG - 2025-06-27 06:38:48 --> User IP: ::1
DEBUG - 2025-06-27 06:38:48 --> Session: Class initialized using 'CodeIgniter\Session\Handlers\FileHandler' driver.
DEBUG - 2025-06-27 06:38:49 --> User IP: ::1
DEBUG - 2025-06-27 06:39:39 --> User IP: ::1
DEBUG - 2025-06-27 06:39:39 --> Session: Class initialized using 'CodeIgniter\Session\Handlers\FileHandler' driver.
DEBUG - 2025-06-27 06:39:40 --> User IP: ::1
DEBUG - 2025-06-27 06:39:43 --> User IP: ::1
DEBUG - 2025-06-27 06:39:43 --> Session: Class initialized using 'CodeIgniter\Session\Handlers\FileHandler' driver.
DEBUG - 2025-06-27 06:39:44 --> User IP: ::1
DEBUG - 2025-06-27 06:40:02 --> User IP: ::1
DEBUG - 2025-06-27 06:40:02 --> Session: Class initialized using 'CodeIgniter\Session\Handlers\FileHandler' driver.
DEBUG - 2025-06-27 06:40:03 --> User IP: ::1
DEBUG - 2025-06-27 06:41:51 --> User IP: ::1
DEBUG - 2025-06-27 06:41:51 --> Session: Class initialized using 'CodeIgniter\Session\Handlers\FileHandler' driver.
DEBUG - 2025-06-27 06:41:52 --> User IP: ::1
DEBUG - 2025-06-27 06:42:02 --> User IP: ::1
DEBUG - 2025-06-27 06:42:02 --> Session: Class initialized using 'CodeIgniter\Session\Handlers\FileHandler' driver.
DEBUG - 2025-06-27 06:42:03 --> User IP: ::1
DEBUG - 2025-06-27 06:42:17 --> User IP: ::1
DEBUG - 2025-06-27 06:42:17 --> Session: Class initialized using 'CodeIgniter\Session\Handlers\FileHandler' driver.
DEBUG - 2025-06-27 06:42:18 --> User IP: ::1
DEBUG - 2025-06-27 06:42:24 --> User IP: ::1
DEBUG - 2025-06-27 06:42:24 --> Session: Class initialized using 'CodeIgniter\Session\Handlers\FileHandler' driver.
DEBUG - 2025-06-27 06:42:24 --> User IP: ::1
DEBUG - 2025-06-27 06:42:43 --> User IP: ::1
DEBUG - 2025-06-27 06:42:43 --> Session: Class initialized using 'CodeIgniter\Session\Handlers\FileHandler' driver.
DEBUG - 2025-06-27 06:42:43 --> User IP: ::1
DEBUG - 2025-06-27 06:42:50 --> User IP: ::1
DEBUG - 2025-06-27 06:42:50 --> Session: Class initialized using 'CodeIgniter\Session\Handlers\FileHandler' driver.
DEBUG - 2025-06-27 06:42:51 --> User IP: ::1
DEBUG - 2025-06-27 06:43:01 --> User IP: ::1
DEBUG - 2025-06-27 06:43:01 --> Session: Class initialized using 'CodeIgniter\Session\Handlers\FileHandler' driver.
DEBUG - 2025-06-27 06:43:01 --> User IP: ::1
DEBUG - 2025-06-27 06:43:45 --> User IP: ::1
DEBUG - 2025-06-27 06:43:45 --> Session: Class initialized using 'CodeIgniter\Session\Handlers\FileHandler' driver.
DEBUG - 2025-06-27 06:43:45 --> User IP: ::1
DEBUG - 2025-06-27 06:43:58 --> User IP: ::1
DEBUG - 2025-06-27 06:43:58 --> Session: Class initialized using 'CodeIgniter\Session\Handlers\FileHandler' driver.
DEBUG - 2025-06-27 06:43:59 --> User IP: ::1
DEBUG - 2025-06-27 06:44:09 --> User IP: ::1
DEBUG - 2025-06-27 06:44:09 --> Session: Class initialized using 'CodeIgniter\Session\Handlers\FileHandler' driver.
DEBUG - 2025-06-27 06:44:10 --> User IP: ::1
DEBUG - 2025-06-27 06:45:27 --> User IP: ::1
DEBUG - 2025-06-27 06:45:27 --> Session: Class initialized using 'CodeIgniter\Session\Handlers\FileHandler' driver.
DEBUG - 2025-06-27 06:45:27 --> User IP: ::1
DEBUG - 2025-06-27 06:47:33 --> User IP: ::1
DEBUG - 2025-06-27 06:47:33 --> Session: Class initialized using 'CodeIgniter\Session\Handlers\FileHandler' driver.
DEBUG - 2025-06-27 06:47:34 --> User IP: ::1
DEBUG - 2025-06-27 06:47:47 --> User IP: ::1
DEBUG - 2025-06-27 07:07:27 --> User IP: ::1
DEBUG - 2025-06-27 07:07:27 --> Session: Class initialized using 'CodeIgniter\Session\Handlers\FileHandler' driver.
DEBUG - 2025-06-27 07:07:27 --> User IP: ::1
DEBUG - 2025-06-27 07:07:33 --> User IP: ::1
DEBUG - 2025-06-27 07:07:36 --> User IP: ::1
ERROR - 2025-06-27 07:07:36 --> mysqli_sql_exception: You have an error in your SQL syntax; check the manual that corresponds to your MySQL server version for the right syntax to use near '? AND pay_type =? AND transaction_type = ?' at line 1 in C:\xampp\htdocs\gighz\system\Database\MySQLi\Connection.php:312
Stack trace:
#0 C:\xampp\htdocs\gighz\system\Database\MySQLi\Connection.php(312): mysqli->query('SELECT * FROM p...', 0)
#1 C:\xampp\htdocs\gighz\system\Database\BaseConnection.php(734): CodeIgniter\Database\MySQLi\Connection->execute('SELECT * FROM p...')
#2 C:\xampp\htdocs\gighz\system\Database\BaseConnection.php(648): CodeIgniter\Database\BaseConnection->simpleQuery('SELECT * FROM p...')
#3 C:\xampp\htdocs\gighz\app\Controllers\PayRole.php(1201): CodeIgniter\Database\BaseConnection->query('SELECT * FROM p...')
#4 C:\xampp\htdocs\gighz\system\CodeIgniter.php(933): App\Controllers\PayRole->getemployeespayments()
#5 C:\xampp\htdocs\gighz\system\CodeIgniter.php(509): CodeIgniter\CodeIgniter->runController(Object(App\Controllers\PayRole))
#6 C:\xampp\htdocs\gighz\system\CodeIgniter.php(355): CodeIgniter\CodeIgniter->handleRequest(NULL, Object(Config\Cache), false)
#7 C:\xampp\htdocs\gighz\system\Boot.php(334): CodeIgniter\CodeIgniter->run()
#8 C:\xampp\htdocs\gighz\system\Boot.php(67): CodeIgniter\Boot::runCodeIgniter(Object(CodeIgniter\CodeIgniter))
#9 C:\xampp\htdocs\gighz\public\index.php(56): CodeIgniter\Boot::bootWeb(Object(Config\Paths))
#10 {main}
CRITICAL - 2025-06-27 07:07:36 --> CodeIgniter\Database\Exceptions\DatabaseException: You have an error in your SQL syntax; check the manual that corresponds to your MySQL server version for the right syntax to use near '? AND pay_type =? AND transaction_type = ?' at line 1
[Method: GET, Route: payrole/getemployeespayments]
in SYSTEMPATH\Database\BaseConnection.php on line 688.
 1 APPPATH\Controllers\PayRole.php(1201): CodeIgniter\Database\BaseConnection->query('SELECT * FROM payments WHERE pay_empid =? AND pay_type =? AND transaction_type = ?')
 2 SYSTEMPATH\CodeIgniter.php(933): App\Controllers\PayRole->getemployeespayments()
 3 SYSTEMPATH\CodeIgniter.php(509): CodeIgniter\CodeIgniter->runController(Object(App\Controllers\PayRole))
 4 SYSTEMPATH\CodeIgniter.php(355): CodeIgniter\CodeIgniter->handleRequest(null, Object(Config\Cache), false)
 5 SYSTEMPATH\Boot.php(334): CodeIgniter\CodeIgniter->run()
 6 SYSTEMPATH\Boot.php(67): CodeIgniter\Boot::runCodeIgniter(Object(CodeIgniter\CodeIgniter))
 7 FCPATH\index.php(56): CodeIgniter\Boot::bootWeb(Object(Config\Paths))
CRITICAL - 2025-06-27 07:07:36 --> [Caused by] CodeIgniter\Database\Exceptions\DatabaseException: You have an error in your SQL syntax; check the manual that corresponds to your MySQL server version for the right syntax to use near '? AND pay_type =? AND transaction_type = ?' at line 1
in SYSTEMPATH\Database\MySQLi\Connection.php on line 317.
 1 SYSTEMPATH\Database\BaseConnection.php(734): CodeIgniter\Database\MySQLi\Connection->execute('SELECT * FROM payments WHERE pay_empid =? AND pay_type =? AND transaction_type = ?')
 2 SYSTEMPATH\Database\BaseConnection.php(648): CodeIgniter\Database\BaseConnection->simpleQuery('SELECT * FROM payments WHERE pay_empid =? AND pay_type =? AND transaction_type = ?')
 3 APPPATH\Controllers\PayRole.php(1201): CodeIgniter\Database\BaseConnection->query('SELECT * FROM payments WHERE pay_empid =? AND pay_type =? AND transaction_type = ?')
 4 SYSTEMPATH\CodeIgniter.php(933): App\Controllers\PayRole->getemployeespayments()
 5 SYSTEMPATH\CodeIgniter.php(509): CodeIgniter\CodeIgniter->runController(Object(App\Controllers\PayRole))
 6 SYSTEMPATH\CodeIgniter.php(355): CodeIgniter\CodeIgniter->handleRequest(null, Object(Config\Cache), false)
 7 SYSTEMPATH\Boot.php(334): CodeIgniter\CodeIgniter->run()
 8 SYSTEMPATH\Boot.php(67): CodeIgniter\Boot::runCodeIgniter(Object(CodeIgniter\CodeIgniter))
 9 FCPATH\index.php(56): CodeIgniter\Boot::bootWeb(Object(Config\Paths))
CRITICAL - 2025-06-27 07:07:36 --> [Caused by] mysqli_sql_exception: You have an error in your SQL syntax; check the manual that corresponds to your MySQL server version for the right syntax to use near '? AND pay_type =? AND transaction_type = ?' at line 1
in SYSTEMPATH\Database\MySQLi\Connection.php on line 312.
 1 SYSTEMPATH\Database\MySQLi\Connection.php(312): mysqli->query('SELECT * FROM payments WHERE pay_empid =? AND pay_type =? AND transaction_type = ?', 0)
 2 SYSTEMPATH\Database\BaseConnection.php(734): CodeIgniter\Database\MySQLi\Connection->execute('SELECT * FROM payments WHERE pay_empid =? AND pay_type =? AND transaction_type = ?')
 3 SYSTEMPATH\Database\BaseConnection.php(648): CodeIgniter\Database\BaseConnection->simpleQuery('SELECT * FROM payments WHERE pay_empid =? AND pay_type =? AND transaction_type = ?')
 4 APPPATH\Controllers\PayRole.php(1201): CodeIgniter\Database\BaseConnection->query('SELECT * FROM payments WHERE pay_empid =? AND pay_type =? AND transaction_type = ?')
 5 SYSTEMPATH\CodeIgniter.php(933): App\Controllers\PayRole->getemployeespayments()
 6 SYSTEMPATH\CodeIgniter.php(509): CodeIgniter\CodeIgniter->runController(Object(App\Controllers\PayRole))
 7 SYSTEMPATH\CodeIgniter.php(355): CodeIgniter\CodeIgniter->handleRequest(null, Object(Config\Cache), false)
 8 SYSTEMPATH\Boot.php(334): CodeIgniter\CodeIgniter->run()
 9 SYSTEMPATH\Boot.php(67): CodeIgniter\Boot::runCodeIgniter(Object(CodeIgniter\CodeIgniter))
10 FCPATH\index.php(56): CodeIgniter\Boot::bootWeb(Object(Config\Paths))
DEBUG - 2025-06-27 07:08:34 --> User IP: ::1
DEBUG - 2025-06-27 07:08:34 --> Session: Class initialized using 'CodeIgniter\Session\Handlers\FileHandler' driver.
DEBUG - 2025-06-27 07:08:34 --> User IP: ::1
DEBUG - 2025-06-27 08:39:56 --> User IP: ::1
DEBUG - 2025-06-27 08:39:56 --> Session: Class initialized using 'CodeIgniter\Session\Handlers\FileHandler' driver.
DEBUG - 2025-06-27 08:39:56 --> User IP: ::1
DEBUG - 2025-06-27 08:40:04 --> User IP: ::1
DEBUG - 2025-06-27 08:40:04 --> Session: Class initialized using 'CodeIgniter\Session\Handlers\FileHandler' driver.
DEBUG - 2025-06-27 08:40:05 --> User IP: ::1
DEBUG - 2025-06-27 08:40:27 --> User IP: ::1
DEBUG - 2025-06-27 08:40:27 --> Session: Class initialized using 'CodeIgniter\Session\Handlers\FileHandler' driver.
DEBUG - 2025-06-27 08:40:27 --> User IP: ::1
DEBUG - 2025-06-27 08:40:45 --> User IP: ::1
DEBUG - 2025-06-27 08:40:45 --> Session: Class initialized using 'CodeIgniter\Session\Handlers\FileHandler' driver.
DEBUG - 2025-06-27 08:40:46 --> User IP: ::1
DEBUG - 2025-06-27 08:40:56 --> User IP: ::1
DEBUG - 2025-06-27 08:40:56 --> Session: Class initialized using 'CodeIgniter\Session\Handlers\FileHandler' driver.
DEBUG - 2025-06-27 08:40:56 --> User IP: ::1
DEBUG - 2025-06-27 08:41:28 --> User IP: ::1
DEBUG - 2025-06-27 08:41:34 --> User IP: ::1
DEBUG - 2025-06-27 08:42:30 --> User IP: ::1
DEBUG - 2025-06-27 08:42:30 --> Session: Class initialized using 'CodeIgniter\Session\Handlers\FileHandler' driver.
DEBUG - 2025-06-27 08:42:30 --> User IP: ::1
DEBUG - 2025-06-27 08:42:34 --> User IP: ::1
DEBUG - 2025-06-27 08:42:35 --> User IP: ::1
DEBUG - 2025-06-27 08:42:43 --> User IP: ::1
DEBUG - 2025-06-27 08:43:30 --> User IP: ::1
DEBUG - 2025-06-27 08:43:30 --> Session: Class initialized using 'CodeIgniter\Session\Handlers\FileHandler' driver.
DEBUG - 2025-06-27 08:43:31 --> User IP: ::1
DEBUG - 2025-06-27 08:43:35 --> User IP: ::1
DEBUG - 2025-06-27 08:43:41 --> User IP: ::1
DEBUG - 2025-06-27 09:54:59 --> User IP: ::1
DEBUG - 2025-06-27 09:54:59 --> Session: Class initialized using 'CodeIgniter\Session\Handlers\FileHandler' driver.
DEBUG - 2025-06-27 09:55:00 --> User IP: ::1
DEBUG - 2025-06-27 09:55:02 --> User IP: ::1
DEBUG - 2025-06-27 09:55:02 --> Session: Class initialized using 'CodeIgniter\Session\Handlers\FileHandler' driver.
DEBUG - 2025-06-27 09:55:03 --> User IP: ::1
DEBUG - 2025-06-27 09:55:14 --> User IP: ::1
DEBUG - 2025-06-27 09:55:14 --> Session: Class initialized using 'CodeIgniter\Session\Handlers\FileHandler' driver.
DEBUG - 2025-06-27 09:55:15 --> User IP: ::1
DEBUG - 2025-06-27 09:55:33 --> User IP: ::1
DEBUG - 2025-06-27 09:55:33 --> Session: Class initialized using 'CodeIgniter\Session\Handlers\FileHandler' driver.
DEBUG - 2025-06-27 09:55:34 --> User IP: ::1
DEBUG - 2025-06-27 09:56:22 --> User IP: ::1
DEBUG - 2025-06-27 09:56:22 --> Session: Class initialized using 'CodeIgniter\Session\Handlers\FileHandler' driver.
DEBUG - 2025-06-27 09:56:23 --> User IP: ::1
DEBUG - 2025-06-27 09:57:24 --> User IP: ::1
DEBUG - 2025-06-27 09:57:31 --> User IP: ::1
DEBUG - 2025-06-27 09:57:46 --> User IP: ::1
DEBUG - 2025-06-27 09:57:46 --> Session: Class initialized using 'CodeIgniter\Session\Handlers\FileHandler' driver.
DEBUG - 2025-06-27 09:57:47 --> User IP: ::1
DEBUG - 2025-06-27 09:57:50 --> User IP: ::1
DEBUG - 2025-06-27 09:57:54 --> User IP: ::1
DEBUG - 2025-06-27 09:59:30 --> User IP: ::1
DEBUG - 2025-06-27 09:59:30 --> Session: Class initialized using 'CodeIgniter\Session\Handlers\FileHandler' driver.
DEBUG - 2025-06-27 09:59:31 --> User IP: ::1
DEBUG - 2025-06-27 09:59:39 --> User IP: ::1
DEBUG - 2025-06-27 09:59:45 --> User IP: ::1
DEBUG - 2025-06-27 10:02:03 --> User IP: ::1
DEBUG - 2025-06-27 10:02:03 --> Session: Class initialized using 'CodeIgniter\Session\Handlers\FileHandler' driver.
DEBUG - 2025-06-27 10:02:04 --> User IP: ::1
DEBUG - 2025-06-27 10:02:11 --> User IP: ::1
DEBUG - 2025-06-27 10:02:15 --> User IP: ::1
DEBUG - 2025-06-27 10:02:30 --> User IP: ::1
DEBUG - 2025-06-27 10:04:10 --> User IP: ::1
DEBUG - 2025-06-27 10:04:10 --> Session: Class initialized using 'CodeIgniter\Session\Handlers\FileHandler' driver.
DEBUG - 2025-06-27 10:04:11 --> User IP: ::1
DEBUG - 2025-06-27 10:04:19 --> User IP: ::1
DEBUG - 2025-06-27 10:04:24 --> User IP: ::1
DEBUG - 2025-06-27 10:05:04 --> User IP: ::1
DEBUG - 2025-06-27 10:05:14 --> User IP: ::1
DEBUG - 2025-06-27 10:11:03 --> User IP: ::1
DEBUG - 2025-06-27 10:11:03 --> Session: Class initialized using 'CodeIgniter\Session\Handlers\FileHandler' driver.
DEBUG - 2025-06-27 10:11:03 --> User IP: ::1
DEBUG - 2025-06-27 10:11:08 --> User IP: ::1
DEBUG - 2025-06-27 10:11:13 --> User IP: ::1
DEBUG - 2025-06-27 10:11:37 --> User IP: ::1
DEBUG - 2025-06-27 10:12:46 --> User IP: ::1
DEBUG - 2025-06-27 10:12:46 --> Session: Class initialized using 'CodeIgniter\Session\Handlers\FileHandler' driver.
DEBUG - 2025-06-27 10:12:46 --> User IP: ::1
DEBUG - 2025-06-27 10:12:49 --> User IP: ::1
DEBUG - 2025-06-27 10:12:54 --> User IP: ::1
DEBUG - 2025-06-27 10:13:14 --> User IP: ::1
DEBUG - 2025-06-27 10:18:44 --> User IP: ::1
DEBUG - 2025-06-27 10:18:44 --> Session: Class initialized using 'CodeIgniter\Session\Handlers\FileHandler' driver.
DEBUG - 2025-06-27 10:18:45 --> User IP: ::1
DEBUG - 2025-06-27 10:18:49 --> User IP: ::1
DEBUG - 2025-06-27 10:18:54 --> User IP: ::1
DEBUG - 2025-06-27 10:19:01 --> User IP: ::1
DEBUG - 2025-06-27 10:19:38 --> User IP: ::1
DEBUG - 2025-06-27 10:19:39 --> Session: Class initialized using 'CodeIgniter\Session\Handlers\FileHandler' driver.
DEBUG - 2025-06-27 10:19:39 --> User IP: ::1
DEBUG - 2025-06-27 10:20:25 --> User IP: ::1
DEBUG - 2025-06-27 10:20:25 --> Session: Class initialized using 'CodeIgniter\Session\Handlers\FileHandler' driver.
DEBUG - 2025-06-27 10:20:25 --> User IP: ::1
DEBUG - 2025-06-27 10:20:28 --> User IP: ::1
DEBUG - 2025-06-27 10:20:33 --> User IP: ::1
DEBUG - 2025-06-27 10:20:45 --> User IP: ::1
DEBUG - 2025-06-27 10:22:01 --> User IP: ::1
DEBUG - 2025-06-27 10:22:02 --> Session: Class initialized using 'CodeIgniter\Session\Handlers\FileHandler' driver.
DEBUG - 2025-06-27 10:22:02 --> User IP: ::1
DEBUG - 2025-06-27 10:22:07 --> User IP: ::1
DEBUG - 2025-06-27 10:22:13 --> User IP: ::1
DEBUG - 2025-06-27 10:22:17 --> User IP: ::1
DEBUG - 2025-06-27 10:22:24 --> User IP: ::1
DEBUG - 2025-06-27 10:33:08 --> User IP: ::1
DEBUG - 2025-06-27 10:33:08 --> Session: Class initialized using 'CodeIgniter\Session\Handlers\FileHandler' driver.
DEBUG - 2025-06-27 10:33:08 --> User IP: ::1
DEBUG - 2025-06-27 10:33:12 --> User IP: ::1
DEBUG - 2025-06-27 10:33:17 --> User IP: ::1
DEBUG - 2025-06-27 10:35:06 --> User IP: ::1
DEBUG - 2025-06-27 10:36:05 --> User IP: ::1
DEBUG - 2025-06-27 10:36:05 --> Session: Class initialized using 'CodeIgniter\Session\Handlers\FileHandler' driver.
DEBUG - 2025-06-27 10:36:06 --> User IP: ::1
DEBUG - 2025-06-27 10:36:22 --> User IP: ::1
DEBUG - 2025-06-27 10:36:27 --> User IP: ::1
DEBUG - 2025-06-27 10:40:27 --> User IP: ::1
DEBUG - 2025-06-27 10:40:27 --> Session: Class initialized using 'CodeIgniter\Session\Handlers\FileHandler' driver.
DEBUG - 2025-06-27 10:40:27 --> User IP: ::1
DEBUG - 2025-06-27 10:40:31 --> User IP: ::1
DEBUG - 2025-06-27 10:40:34 --> User IP: ::1
DEBUG - 2025-06-27 10:40:38 --> User IP: ::1
DEBUG - 2025-06-27 10:40:40 --> User IP: ::1
DEBUG - 2025-06-27 10:40:45 --> User IP: ::1
DEBUG - 2025-06-27 10:40:51 --> User IP: ::1
DEBUG - 2025-06-27 10:41:16 --> User IP: ::1
DEBUG - 2025-06-27 10:41:16 --> Session: Class initialized using 'CodeIgniter\Session\Handlers\FileHandler' driver.
DEBUG - 2025-06-27 10:41:16 --> User IP: ::1
DEBUG - 2025-06-27 10:41:50 --> User IP: ::1
DEBUG - 2025-06-27 10:41:53 --> User IP: ::1
DEBUG - 2025-06-27 10:42:37 --> User IP: ::1
DEBUG - 2025-06-27 10:42:37 --> Session: Class initialized using 'CodeIgniter\Session\Handlers\FileHandler' driver.
DEBUG - 2025-06-27 10:42:37 --> User IP: ::1
DEBUG - 2025-06-27 10:55:07 --> User IP: ::1
DEBUG - 2025-06-27 10:55:07 --> Session: Class initialized using 'CodeIgniter\Session\Handlers\FileHandler' driver.
DEBUG - 2025-06-27 10:55:08 --> User IP: ::1
DEBUG - 2025-06-27 10:55:08 --> User IP: ::1
DEBUG - 2025-06-27 10:55:13 --> User IP: ::1
DEBUG - 2025-06-27 10:55:20 --> User IP: ::1
DEBUG - 2025-06-27 10:55:57 --> User IP: ::1
DEBUG - 2025-06-27 10:56:00 --> User IP: ::1
DEBUG - 2025-06-27 12:28:44 --> User IP: ::1
DEBUG - 2025-06-27 12:28:46 --> User IP: ::1
DEBUG - 2025-06-27 12:28:51 --> User IP: ::1
DEBUG - 2025-06-27 12:28:52 --> User IP: ::1
DEBUG - 2025-06-27 12:28:58 --> User IP: ::1
DEBUG - 2025-06-27 12:48:18 --> User IP: ::1
DEBUG - 2025-06-27 12:48:18 --> Session: Class initialized using 'CodeIgniter\Session\Handlers\FileHandler' driver.
DEBUG - 2025-06-27 12:48:18 --> User IP: ::1
DEBUG - 2025-06-27 12:48:19 --> Session: Class initialized using 'CodeIgniter\Session\Handlers\FileHandler' driver.
DEBUG - 2025-06-27 12:48:26 --> User IP: ::1
DEBUG - 2025-06-27 12:48:26 --> Session: Class initialized using 'CodeIgniter\Session\Handlers\FileHandler' driver.
DEBUG - 2025-06-27 12:48:26 --> User IP: ::1
DEBUG - 2025-06-27 12:48:26 --> Session: Class initialized using 'CodeIgniter\Session\Handlers\FileHandler' driver.
DEBUG - 2025-06-27 12:52:42 --> User IP: ::1
DEBUG - 2025-06-27 12:52:42 --> Session: Class initialized using 'CodeIgniter\Session\Handlers\FileHandler' driver.
DEBUG - 2025-06-27 12:52:43 --> User IP: ::1
DEBUG - 2025-06-27 12:52:43 --> User IP: ::1
DEBUG - 2025-06-27 12:52:50 --> User IP: ::1
DEBUG - 2025-06-27 12:52:50 --> Session: Class initialized using 'CodeIgniter\Session\Handlers\FileHandler' driver.
DEBUG - 2025-06-27 12:52:51 --> User IP: ::1
DEBUG - 2025-06-27 12:52:58 --> User IP: ::1
DEBUG - 2025-06-27 12:53:02 --> User IP: ::1
DEBUG - 2025-06-27 12:53:43 --> User IP: ::1
DEBUG - 2025-06-27 12:53:43 --> Session: Class initialized using 'CodeIgniter\Session\Handlers\FileHandler' driver.
DEBUG - 2025-06-27 12:53:43 --> User IP: ::1
DEBUG - 2025-06-27 12:53:47 --> User IP: ::1
DEBUG - 2025-06-27 12:53:51 --> User IP: ::1
DEBUG - 2025-06-27 12:54:00 --> User IP: ::1
DEBUG - 2025-06-27 12:54:42 --> User IP: ::1
DEBUG - 2025-06-27 12:54:42 --> Session: Class initialized using 'CodeIgniter\Session\Handlers\FileHandler' driver.
DEBUG - 2025-06-27 12:54:43 --> User IP: ::1
DEBUG - 2025-06-27 12:54:46 --> User IP: ::1
DEBUG - 2025-06-27 12:54:51 --> User IP: ::1
