DEBUG - 2025-09-19 04:08:50 --> Session: Class initialized using 'CodeIgniter\Session\Handlers\FileHandler' driver.
DEBUG - 2025-09-19 04:08:50 --> User IP: ::1
DEBUG - 2025-09-19 04:08:52 --> Session: Class initialized using 'CodeIgniter\Session\Handlers\FileHandler' driver.
DEBUG - 2025-09-19 04:09:04 --> Session: Class initialized using 'CodeIgniter\Session\Handlers\FileHandler' driver.
DEBUG - 2025-09-19 04:09:04 --> User IP: ::1
DEBUG - 2025-09-19 04:09:05 --> Session: Class initialized using 'CodeIgniter\Session\Handlers\FileHandler' driver.
DEBUG - 2025-09-19 04:09:05 --> User IP: ::1
DEBUG - 2025-09-19 04:09:06 --> Session: Class initialized using 'CodeIgniter\Session\Handlers\FileHandler' driver.
DEBUG - 2025-09-19 04:09:06 --> User IP: ::1
ERROR - 2025-09-19 04:09:17 --> Error connecting to the database: ErrorException: mysqli::real_connect(): php_network_getaddresses: getaddrinfo for srv827.hstgr.io failed: This is usually a temporary error during hostname resolution and means that the local server did not receive a response from an authoritative server.  in C:\xampp\htdocs\gighz-people\system\Database\MySQLi\Connection.php:186
Stack trace:
#0 [internal function]: CodeIgniter\Debug\Exceptions->errorHandler(2, 'mysqli::real_co...', 'C:\\xampp\\htdocs...', 186)
#1 C:\xampp\htdocs\gighz-people\system\Database\MySQLi\Connection.php(186): mysqli->real_connect('srv827.hstgr.io', 'u853418576_Test', Object(SensitiveParameterValue), 'u853418576_Test', 3306, '', 0)
#2 C:\xampp\htdocs\gighz-people\system\Database\BaseConnection.php(421): CodeIgniter\Database\MySQLi\Connection->connect(false)
#3 C:\xampp\htdocs\gighz-people\system\Database\BaseConnection.php(616): CodeIgniter\Database\BaseConnection->initialize()
#4 C:\xampp\htdocs\gighz-people\app\Controllers\Dashboard.php(407): CodeIgniter\Database\BaseConnection->query('SELECT * FROM t...', Array)
#5 C:\xampp\htdocs\gighz-people\app\Controllers\Dashboard.php(136): App\Controllers\Dashboard->getworkedRRAndGeneralWorks('GZ44', '2025-8-25', '2025-9-24')
#6 C:\xampp\htdocs\gighz-people\system\CodeIgniter.php(933): App\Controllers\Dashboard->dashboardDatas()
#7 C:\xampp\htdocs\gighz-people\system\CodeIgniter.php(509): CodeIgniter\CodeIgniter->runController(Object(App\Controllers\Dashboard))
#8 C:\xampp\htdocs\gighz-people\system\CodeIgniter.php(355): CodeIgniter\CodeIgniter->handleRequest(NULL, Object(Config\Cache), false)
#9 C:\xampp\htdocs\gighz-people\system\Boot.php(334): CodeIgniter\CodeIgniter->run()
#10 C:\xampp\htdocs\gighz-people\system\Boot.php(67): CodeIgniter\Boot::runCodeIgniter(Object(CodeIgniter\CodeIgniter))
#11 C:\xampp\htdocs\gighz-people\public\index.php(56): CodeIgniter\Boot::bootWeb(Object(Config\Paths))
#12 {main}

Next mysqli_sql_exception: php_network_getaddresses: getaddrinfo for srv827.hstgr.io failed: This is usually a temporary error during hostname resolution and means that the local server did not receive a response from an authoritative server.  in C:\xampp\htdocs\gighz-people\system\Database\MySQLi\Connection.php:186
Stack trace:
#0 C:\xampp\htdocs\gighz-people\system\Database\MySQLi\Connection.php(186): mysqli->real_connect('srv827.hstgr.io', 'u853418576_Test', Object(SensitiveParameterValue), 'u853418576_Test', 3306, '', 0)
#1 C:\xampp\htdocs\gighz-people\system\Database\BaseConnection.php(421): CodeIgniter\Database\MySQLi\Connection->connect(false)
#2 C:\xampp\htdocs\gighz-people\system\Database\BaseConnection.php(616): CodeIgniter\Database\BaseConnection->initialize()
#3 C:\xampp\htdocs\gighz-people\app\Controllers\Dashboard.php(407): CodeIgniter\Database\BaseConnection->query('SELECT * FROM t...', Array)
#4 C:\xampp\htdocs\gighz-people\app\Controllers\Dashboard.php(136): App\Controllers\Dashboard->getworkedRRAndGeneralWorks('GZ44', '2025-8-25', '2025-9-24')
#5 C:\xampp\htdocs\gighz-people\system\CodeIgniter.php(933): App\Controllers\Dashboard->dashboardDatas()
#6 C:\xampp\htdocs\gighz-people\system\CodeIgniter.php(509): CodeIgniter\CodeIgniter->runController(Object(App\Controllers\Dashboard))
#7 C:\xampp\htdocs\gighz-people\system\CodeIgniter.php(355): CodeIgniter\CodeIgniter->handleRequest(NULL, Object(Config\Cache), false)
#8 C:\xampp\htdocs\gighz-people\system\Boot.php(334): CodeIgniter\CodeIgniter->run()
#9 C:\xampp\htdocs\gighz-people\system\Boot.php(67): CodeIgniter\Boot::runCodeIgniter(Object(CodeIgniter\CodeIgniter))
#10 C:\xampp\htdocs\gighz-people\public\index.php(56): CodeIgniter\Boot::bootWeb(Object(Config\Paths))
#11 {main}

Next CodeIgniter\Database\Exceptions\DatabaseException: php_network_getaddresses: getaddrinfo for srv827.hstgr.io failed: This is usually a temporary error during hostname resolution and means that the local server did not receive a response from an authoritative server.  in C:\xampp\htdocs\gighz-people\system\Database\MySQLi\Connection.php:231
Stack trace:
#0 C:\xampp\htdocs\gighz-people\system\Database\BaseConnection.php(421): CodeIgniter\Database\MySQLi\Connection->connect(false)
#1 C:\xampp\htdocs\gighz-people\system\Database\BaseConnection.php(616): CodeIgniter\Database\BaseConnection->initialize()
#2 C:\xampp\htdocs\gighz-people\app\Controllers\Dashboard.php(407): CodeIgniter\Database\BaseConnection->query('SELECT * FROM t...', Array)
#3 C:\xampp\htdocs\gighz-people\app\Controllers\Dashboard.php(136): App\Controllers\Dashboard->getworkedRRAndGeneralWorks('GZ44', '2025-8-25', '2025-9-24')
#4 C:\xampp\htdocs\gighz-people\system\CodeIgniter.php(933): App\Controllers\Dashboard->dashboardDatas()
#5 C:\xampp\htdocs\gighz-people\system\CodeIgniter.php(509): CodeIgniter\CodeIgniter->runController(Object(App\Controllers\Dashboard))
#6 C:\xampp\htdocs\gighz-people\system\CodeIgniter.php(355): CodeIgniter\CodeIgniter->handleRequest(NULL, Object(Config\Cache), false)
#7 C:\xampp\htdocs\gighz-people\system\Boot.php(334): CodeIgniter\CodeIgniter->run()
#8 C:\xampp\htdocs\gighz-people\system\Boot.php(67): CodeIgniter\Boot::runCodeIgniter(Object(CodeIgniter\CodeIgniter))
#9 C:\xampp\htdocs\gighz-people\public\index.php(56): CodeIgniter\Boot::bootWeb(Object(Config\Paths))
#10 {main}
CRITICAL - 2025-09-19 04:09:17 --> CodeIgniter\Database\Exceptions\DatabaseException: Unable to connect to the database.
Main connection [MySQLi]: php_network_getaddresses: getaddrinfo for srv827.hstgr.io failed: This is usually a temporary error during hostname resolution and means that the local server did not receive a response from an authoritative server. 
[Method: POST, Route: dashboard/dashboardDatas]
in SYSTEMPATH\Database\BaseConnection.php on line 467.
 1 SYSTEMPATH\Database\BaseConnection.php(616): CodeIgniter\Database\BaseConnection->initialize()
 2 APPPATH\Controllers\Dashboard.php(407): CodeIgniter\Database\BaseConnection->query('SELECT * FROM tbl_timesheet 
         WHERE timesheet_user_id = ? 
         AND timesheet_date BETWEEN ? AND ?', [...])
 3 APPPATH\Controllers\Dashboard.php(136): App\Controllers\Dashboard->getworkedRRAndGeneralWorks('GZ44', '2025-8-25', '2025-9-24')
 4 SYSTEMPATH\CodeIgniter.php(933): App\Controllers\Dashboard->dashboardDatas()
 5 SYSTEMPATH\CodeIgniter.php(509): CodeIgniter\CodeIgniter->runController(Object(App\Controllers\Dashboard))
 6 SYSTEMPATH\CodeIgniter.php(355): CodeIgniter\CodeIgniter->handleRequest(null, Object(Config\Cache), false)
 7 SYSTEMPATH\Boot.php(334): CodeIgniter\CodeIgniter->run()
 8 SYSTEMPATH\Boot.php(67): CodeIgniter\Boot::runCodeIgniter(Object(CodeIgniter\CodeIgniter))
 9 FCPATH\index.php(56): CodeIgniter\Boot::bootWeb(Object(Config\Paths))
DEBUG - 2025-09-19 04:09:28 --> Session: Class initialized using 'CodeIgniter\Session\Handlers\FileHandler' driver.
DEBUG - 2025-09-19 04:09:28 --> User IP: ::1
DEBUG - 2025-09-19 04:13:01 --> Session: Class initialized using 'CodeIgniter\Session\Handlers\FileHandler' driver.
DEBUG - 2025-09-19 04:13:01 --> User IP: ::1
DEBUG - 2025-09-19 04:13:04 --> Session: Class initialized using 'CodeIgniter\Session\Handlers\FileHandler' driver.
DEBUG - 2025-09-19 04:13:04 --> User IP: ::1
DEBUG - 2025-09-19 04:15:22 --> Session: Class initialized using 'CodeIgniter\Session\Handlers\FileHandler' driver.
DEBUG - 2025-09-19 04:15:22 --> User IP: ::1
DEBUG - 2025-09-19 04:16:23 --> Session: Class initialized using 'CodeIgniter\Session\Handlers\FileHandler' driver.
DEBUG - 2025-09-19 04:16:23 --> User IP: ::1
DEBUG - 2025-09-19 04:17:06 --> Session: Class initialized using 'CodeIgniter\Session\Handlers\FileHandler' driver.
DEBUG - 2025-09-19 04:17:06 --> User IP: ::1
DEBUG - 2025-09-19 04:17:57 --> Session: Class initialized using 'CodeIgniter\Session\Handlers\FileHandler' driver.
DEBUG - 2025-09-19 04:17:57 --> User IP: ::1
DEBUG - 2025-09-19 04:18:44 --> Session: Class initialized using 'CodeIgniter\Session\Handlers\FileHandler' driver.
DEBUG - 2025-09-19 04:18:44 --> User IP: ::1
DEBUG - 2025-09-19 04:20:32 --> Session: Class initialized using 'CodeIgniter\Session\Handlers\FileHandler' driver.
DEBUG - 2025-09-19 04:20:33 --> User IP: ::1
DEBUG - 2025-09-19 04:22:17 --> Session: Class initialized using 'CodeIgniter\Session\Handlers\FileHandler' driver.
DEBUG - 2025-09-19 04:22:17 --> User IP: ::1
DEBUG - 2025-09-19 04:23:18 --> Session: Class initialized using 'CodeIgniter\Session\Handlers\FileHandler' driver.
DEBUG - 2025-09-19 04:23:18 --> User IP: ::1
DEBUG - 2025-09-19 04:24:05 --> Session: Class initialized using 'CodeIgniter\Session\Handlers\FileHandler' driver.
DEBUG - 2025-09-19 04:24:05 --> User IP: ::1
DEBUG - 2025-09-19 04:24:36 --> Session: Class initialized using 'CodeIgniter\Session\Handlers\FileHandler' driver.
DEBUG - 2025-09-19 04:24:36 --> User IP: ::1
DEBUG - 2025-09-19 04:26:44 --> Session: Class initialized using 'CodeIgniter\Session\Handlers\FileHandler' driver.
DEBUG - 2025-09-19 04:26:45 --> User IP: ::1
DEBUG - 2025-09-19 04:36:13 --> Session: Class initialized using 'CodeIgniter\Session\Handlers\FileHandler' driver.
DEBUG - 2025-09-19 04:36:13 --> User IP: ::1
DEBUG - 2025-09-19 04:37:17 --> Session: Class initialized using 'CodeIgniter\Session\Handlers\FileHandler' driver.
DEBUG - 2025-09-19 04:37:17 --> User IP: ::1
DEBUG - 2025-09-19 04:39:19 --> Session: Class initialized using 'CodeIgniter\Session\Handlers\FileHandler' driver.
DEBUG - 2025-09-19 04:39:19 --> User IP: ::1
DEBUG - 2025-09-19 04:39:43 --> Session: Class initialized using 'CodeIgniter\Session\Handlers\FileHandler' driver.
DEBUG - 2025-09-19 04:39:43 --> User IP: ::1
DEBUG - 2025-09-19 04:41:12 --> Session: Class initialized using 'CodeIgniter\Session\Handlers\FileHandler' driver.
DEBUG - 2025-09-19 04:41:12 --> User IP: ::1
DEBUG - 2025-09-19 04:41:33 --> Session: Class initialized using 'CodeIgniter\Session\Handlers\FileHandler' driver.
DEBUG - 2025-09-19 04:41:33 --> User IP: ::1
DEBUG - 2025-09-19 04:41:47 --> Session: Class initialized using 'CodeIgniter\Session\Handlers\FileHandler' driver.
DEBUG - 2025-09-19 04:41:47 --> User IP: ::1
DEBUG - 2025-09-19 04:42:48 --> Session: Class initialized using 'CodeIgniter\Session\Handlers\FileHandler' driver.
DEBUG - 2025-09-19 04:42:48 --> User IP: ::1
DEBUG - 2025-09-19 04:44:05 --> Session: Class initialized using 'CodeIgniter\Session\Handlers\FileHandler' driver.
DEBUG - 2025-09-19 04:44:05 --> User IP: ::1
DEBUG - 2025-09-19 04:44:58 --> Session: Class initialized using 'CodeIgniter\Session\Handlers\FileHandler' driver.
DEBUG - 2025-09-19 04:44:58 --> User IP: ::1
DEBUG - 2025-09-19 04:46:06 --> Session: Class initialized using 'CodeIgniter\Session\Handlers\FileHandler' driver.
DEBUG - 2025-09-19 04:46:06 --> User IP: ::1
DEBUG - 2025-09-19 04:47:18 --> Session: Class initialized using 'CodeIgniter\Session\Handlers\FileHandler' driver.
DEBUG - 2025-09-19 04:47:18 --> User IP: ::1
DEBUG - 2025-09-19 04:49:47 --> Session: Class initialized using 'CodeIgniter\Session\Handlers\FileHandler' driver.
DEBUG - 2025-09-19 04:49:47 --> User IP: ::1
DEBUG - 2025-09-19 04:50:31 --> Session: Class initialized using 'CodeIgniter\Session\Handlers\FileHandler' driver.
DEBUG - 2025-09-19 04:50:31 --> User IP: ::1
DEBUG - 2025-09-19 04:51:17 --> Session: Class initialized using 'CodeIgniter\Session\Handlers\FileHandler' driver.
DEBUG - 2025-09-19 04:51:17 --> User IP: ::1
DEBUG - 2025-09-19 04:53:28 --> Session: Class initialized using 'CodeIgniter\Session\Handlers\FileHandler' driver.
DEBUG - 2025-09-19 04:53:28 --> User IP: ::1
DEBUG - 2025-09-19 04:54:38 --> Session: Class initialized using 'CodeIgniter\Session\Handlers\FileHandler' driver.
DEBUG - 2025-09-19 04:54:38 --> User IP: ::1
DEBUG - 2025-09-19 04:55:22 --> Session: Class initialized using 'CodeIgniter\Session\Handlers\FileHandler' driver.
DEBUG - 2025-09-19 04:55:22 --> User IP: ::1
DEBUG - 2025-09-19 04:56:18 --> Session: Class initialized using 'CodeIgniter\Session\Handlers\FileHandler' driver.
DEBUG - 2025-09-19 04:56:18 --> User IP: ::1
DEBUG - 2025-09-19 04:57:21 --> Session: Class initialized using 'CodeIgniter\Session\Handlers\FileHandler' driver.
DEBUG - 2025-09-19 04:57:21 --> User IP: ::1
DEBUG - 2025-09-19 04:57:40 --> Session: Class initialized using 'CodeIgniter\Session\Handlers\FileHandler' driver.
DEBUG - 2025-09-19 04:57:40 --> User IP: ::1
DEBUG - 2025-09-19 04:59:51 --> Session: Class initialized using 'CodeIgniter\Session\Handlers\FileHandler' driver.
DEBUG - 2025-09-19 04:59:51 --> User IP: ::1
DEBUG - 2025-09-19 05:01:48 --> Session: Class initialized using 'CodeIgniter\Session\Handlers\FileHandler' driver.
DEBUG - 2025-09-19 05:01:48 --> User IP: ::1
DEBUG - 2025-09-19 05:03:05 --> Session: Class initialized using 'CodeIgniter\Session\Handlers\FileHandler' driver.
DEBUG - 2025-09-19 05:03:05 --> User IP: ::1
DEBUG - 2025-09-19 05:17:51 --> Session: Class initialized using 'CodeIgniter\Session\Handlers\FileHandler' driver.
DEBUG - 2025-09-19 05:17:51 --> User IP: ::1
DEBUG - 2025-09-19 05:21:08 --> Session: Class initialized using 'CodeIgniter\Session\Handlers\FileHandler' driver.
DEBUG - 2025-09-19 05:21:08 --> User IP: ::1
DEBUG - 2025-09-19 05:21:38 --> Session: Class initialized using 'CodeIgniter\Session\Handlers\FileHandler' driver.
DEBUG - 2025-09-19 05:21:38 --> User IP: ::1
DEBUG - 2025-09-19 05:21:47 --> Session: Class initialized using 'CodeIgniter\Session\Handlers\FileHandler' driver.
DEBUG - 2025-09-19 05:21:47 --> User IP: ::1
DEBUG - 2025-09-19 05:22:06 --> Session: Class initialized using 'CodeIgniter\Session\Handlers\FileHandler' driver.
DEBUG - 2025-09-19 05:22:06 --> User IP: ::1
DEBUG - 2025-09-19 05:22:08 --> Session: Class initialized using 'CodeIgniter\Session\Handlers\FileHandler' driver.
DEBUG - 2025-09-19 05:22:08 --> User IP: ::1
DEBUG - 2025-09-19 05:22:39 --> Session: Class initialized using 'CodeIgniter\Session\Handlers\FileHandler' driver.
DEBUG - 2025-09-19 05:22:39 --> User IP: ::1
DEBUG - 2025-09-19 05:23:42 --> Session: Class initialized using 'CodeIgniter\Session\Handlers\FileHandler' driver.
DEBUG - 2025-09-19 05:23:42 --> User IP: ::1
DEBUG - 2025-09-19 05:23:54 --> Session: Class initialized using 'CodeIgniter\Session\Handlers\FileHandler' driver.
DEBUG - 2025-09-19 05:23:54 --> User IP: ::1
DEBUG - 2025-09-19 05:24:18 --> Session: Class initialized using 'CodeIgniter\Session\Handlers\FileHandler' driver.
DEBUG - 2025-09-19 05:24:18 --> User IP: ::1
DEBUG - 2025-09-19 05:25:39 --> Session: Class initialized using 'CodeIgniter\Session\Handlers\FileHandler' driver.
DEBUG - 2025-09-19 05:25:39 --> User IP: ::1
DEBUG - 2025-09-19 05:39:32 --> Session: Class initialized using 'CodeIgniter\Session\Handlers\FileHandler' driver.
DEBUG - 2025-09-19 05:39:32 --> User IP: ::1
DEBUG - 2025-09-19 05:40:36 --> Session: Class initialized using 'CodeIgniter\Session\Handlers\FileHandler' driver.
DEBUG - 2025-09-19 05:40:36 --> User IP: ::1
DEBUG - 2025-09-19 05:41:31 --> Session: Class initialized using 'CodeIgniter\Session\Handlers\FileHandler' driver.
DEBUG - 2025-09-19 05:41:31 --> User IP: ::1
DEBUG - 2025-09-19 05:42:12 --> Session: Class initialized using 'CodeIgniter\Session\Handlers\FileHandler' driver.
DEBUG - 2025-09-19 05:42:12 --> User IP: ::1
DEBUG - 2025-09-19 05:42:24 --> Session: Class initialized using 'CodeIgniter\Session\Handlers\FileHandler' driver.
DEBUG - 2025-09-19 05:42:24 --> User IP: ::1
DEBUG - 2025-09-19 05:43:32 --> Session: Class initialized using 'CodeIgniter\Session\Handlers\FileHandler' driver.
DEBUG - 2025-09-19 05:43:32 --> User IP: ::1
DEBUG - 2025-09-19 05:43:54 --> Session: Class initialized using 'CodeIgniter\Session\Handlers\FileHandler' driver.
DEBUG - 2025-09-19 05:43:54 --> User IP: ::1
DEBUG - 2025-09-19 05:46:40 --> Session: Class initialized using 'CodeIgniter\Session\Handlers\FileHandler' driver.
DEBUG - 2025-09-19 05:46:40 --> User IP: ::1
DEBUG - 2025-09-19 05:47:24 --> Session: Class initialized using 'CodeIgniter\Session\Handlers\FileHandler' driver.
DEBUG - 2025-09-19 05:47:24 --> User IP: ::1
DEBUG - 2025-09-19 05:47:51 --> Session: Class initialized using 'CodeIgniter\Session\Handlers\FileHandler' driver.
DEBUG - 2025-09-19 05:47:51 --> User IP: ::1
DEBUG - 2025-09-19 05:48:03 --> Session: Class initialized using 'CodeIgniter\Session\Handlers\FileHandler' driver.
DEBUG - 2025-09-19 05:48:03 --> User IP: ::1
DEBUG - 2025-09-19 05:51:51 --> Session: Class initialized using 'CodeIgniter\Session\Handlers\FileHandler' driver.
DEBUG - 2025-09-19 05:51:51 --> User IP: ::1
DEBUG - 2025-09-19 05:53:35 --> Session: Class initialized using 'CodeIgniter\Session\Handlers\FileHandler' driver.
DEBUG - 2025-09-19 05:53:35 --> User IP: ::1
DEBUG - 2025-09-19 05:54:06 --> Session: Class initialized using 'CodeIgniter\Session\Handlers\FileHandler' driver.
DEBUG - 2025-09-19 05:54:06 --> User IP: ::1
DEBUG - 2025-09-19 05:54:16 --> Session: Class initialized using 'CodeIgniter\Session\Handlers\FileHandler' driver.
DEBUG - 2025-09-19 05:54:16 --> User IP: ::1
DEBUG - 2025-09-19 05:54:21 --> Session: Class initialized using 'CodeIgniter\Session\Handlers\FileHandler' driver.
DEBUG - 2025-09-19 05:54:21 --> User IP: ::1
DEBUG - 2025-09-19 05:54:26 --> Session: Class initialized using 'CodeIgniter\Session\Handlers\FileHandler' driver.
DEBUG - 2025-09-19 05:54:26 --> User IP: ::1
DEBUG - 2025-09-19 05:55:05 --> Session: Class initialized using 'CodeIgniter\Session\Handlers\FileHandler' driver.
DEBUG - 2025-09-19 05:55:05 --> User IP: ::1
DEBUG - 2025-09-19 05:55:16 --> Session: Class initialized using 'CodeIgniter\Session\Handlers\FileHandler' driver.
DEBUG - 2025-09-19 05:55:16 --> User IP: ::1
DEBUG - 2025-09-19 05:55:46 --> Session: Class initialized using 'CodeIgniter\Session\Handlers\FileHandler' driver.
DEBUG - 2025-09-19 05:55:46 --> User IP: ::1
DEBUG - 2025-09-19 05:56:08 --> Session: Class initialized using 'CodeIgniter\Session\Handlers\FileHandler' driver.
DEBUG - 2025-09-19 05:56:08 --> User IP: ::1
DEBUG - 2025-09-19 05:56:32 --> Session: Class initialized using 'CodeIgniter\Session\Handlers\FileHandler' driver.
DEBUG - 2025-09-19 05:56:32 --> User IP: ::1
DEBUG - 2025-09-19 05:56:42 --> Session: Class initialized using 'CodeIgniter\Session\Handlers\FileHandler' driver.
DEBUG - 2025-09-19 05:56:42 --> User IP: ::1
DEBUG - 2025-09-19 05:56:55 --> Session: Class initialized using 'CodeIgniter\Session\Handlers\FileHandler' driver.
DEBUG - 2025-09-19 05:56:55 --> User IP: ::1
DEBUG - 2025-09-19 05:57:17 --> Session: Class initialized using 'CodeIgniter\Session\Handlers\FileHandler' driver.
DEBUG - 2025-09-19 05:57:17 --> User IP: ::1
DEBUG - 2025-09-19 06:01:12 --> Session: Class initialized using 'CodeIgniter\Session\Handlers\FileHandler' driver.
DEBUG - 2025-09-19 06:01:12 --> User IP: ::1
DEBUG - 2025-09-19 06:01:22 --> Session: Class initialized using 'CodeIgniter\Session\Handlers\FileHandler' driver.
DEBUG - 2025-09-19 06:01:22 --> User IP: ::1
DEBUG - 2025-09-19 06:01:34 --> Session: Class initialized using 'CodeIgniter\Session\Handlers\FileHandler' driver.
DEBUG - 2025-09-19 06:01:34 --> User IP: ::1
DEBUG - 2025-09-19 06:01:39 --> Session: Class initialized using 'CodeIgniter\Session\Handlers\FileHandler' driver.
DEBUG - 2025-09-19 06:01:39 --> User IP: ::1
DEBUG - 2025-09-19 06:01:45 --> Session: Class initialized using 'CodeIgniter\Session\Handlers\FileHandler' driver.
DEBUG - 2025-09-19 06:01:45 --> User IP: ::1
DEBUG - 2025-09-19 06:02:43 --> Session: Class initialized using 'CodeIgniter\Session\Handlers\FileHandler' driver.
DEBUG - 2025-09-19 06:02:43 --> User IP: ::1
DEBUG - 2025-09-19 06:03:06 --> Session: Class initialized using 'CodeIgniter\Session\Handlers\FileHandler' driver.
DEBUG - 2025-09-19 06:03:06 --> User IP: ::1
DEBUG - 2025-09-19 06:03:07 --> Session: Class initialized using 'CodeIgniter\Session\Handlers\FileHandler' driver.
DEBUG - 2025-09-19 06:03:07 --> User IP: ::1
DEBUG - 2025-09-19 06:03:36 --> Session: Class initialized using 'CodeIgniter\Session\Handlers\FileHandler' driver.
DEBUG - 2025-09-19 06:03:36 --> User IP: ::1
DEBUG - 2025-09-19 06:03:49 --> Session: Class initialized using 'CodeIgniter\Session\Handlers\FileHandler' driver.
DEBUG - 2025-09-19 06:03:49 --> User IP: ::1
DEBUG - 2025-09-19 06:03:51 --> Session: Class initialized using 'CodeIgniter\Session\Handlers\FileHandler' driver.
DEBUG - 2025-09-19 06:03:51 --> User IP: ::1
DEBUG - 2025-09-19 06:03:52 --> Session: Class initialized using 'CodeIgniter\Session\Handlers\FileHandler' driver.
DEBUG - 2025-09-19 06:03:52 --> User IP: ::1
DEBUG - 2025-09-19 06:04:38 --> Session: Class initialized using 'CodeIgniter\Session\Handlers\FileHandler' driver.
DEBUG - 2025-09-19 06:04:38 --> User IP: ::1
DEBUG - 2025-09-19 06:05:00 --> Session: Class initialized using 'CodeIgniter\Session\Handlers\FileHandler' driver.
DEBUG - 2025-09-19 06:05:00 --> User IP: ::1
DEBUG - 2025-09-19 06:05:03 --> Session: Class initialized using 'CodeIgniter\Session\Handlers\FileHandler' driver.
DEBUG - 2025-09-19 06:05:03 --> User IP: ::1
DEBUG - 2025-09-19 06:05:20 --> Session: Class initialized using 'CodeIgniter\Session\Handlers\FileHandler' driver.
DEBUG - 2025-09-19 06:05:20 --> User IP: ::1
DEBUG - 2025-09-19 06:05:32 --> Session: Class initialized using 'CodeIgniter\Session\Handlers\FileHandler' driver.
DEBUG - 2025-09-19 06:05:32 --> User IP: ::1
DEBUG - 2025-09-19 06:08:38 --> Session: Class initialized using 'CodeIgniter\Session\Handlers\FileHandler' driver.
DEBUG - 2025-09-19 06:08:38 --> User IP: ::1
DEBUG - 2025-09-19 06:08:38 --> Session: Class initialized using 'CodeIgniter\Session\Handlers\FileHandler' driver.
DEBUG - 2025-09-19 06:08:38 --> User IP: ::1
DEBUG - 2025-09-19 06:08:46 --> Session: Class initialized using 'CodeIgniter\Session\Handlers\FileHandler' driver.
DEBUG - 2025-09-19 06:08:46 --> User IP: ::1
DEBUG - 2025-09-19 06:26:15 --> Session: Class initialized using 'CodeIgniter\Session\Handlers\FileHandler' driver.
DEBUG - 2025-09-19 06:26:15 --> User IP: ::1
DEBUG - 2025-09-19 06:26:30 --> Session: Class initialized using 'CodeIgniter\Session\Handlers\FileHandler' driver.
DEBUG - 2025-09-19 06:26:30 --> User IP: ::1
DEBUG - 2025-09-19 06:44:37 --> Session: Class initialized using 'CodeIgniter\Session\Handlers\FileHandler' driver.
DEBUG - 2025-09-19 06:44:37 --> User IP: ::1
DEBUG - 2025-09-19 06:47:41 --> Session: Class initialized using 'CodeIgniter\Session\Handlers\FileHandler' driver.
DEBUG - 2025-09-19 06:47:41 --> User IP: ::1
DEBUG - 2025-09-19 06:48:02 --> Session: Class initialized using 'CodeIgniter\Session\Handlers\FileHandler' driver.
DEBUG - 2025-09-19 06:48:02 --> User IP: ::1
DEBUG - 2025-09-19 06:48:04 --> Session: Class initialized using 'CodeIgniter\Session\Handlers\FileHandler' driver.
DEBUG - 2025-09-19 06:48:04 --> User IP: ::1
DEBUG - 2025-09-19 06:48:05 --> Session: Class initialized using 'CodeIgniter\Session\Handlers\FileHandler' driver.
DEBUG - 2025-09-19 06:48:05 --> User IP: ::1
DEBUG - 2025-09-19 06:48:14 --> Session: Class initialized using 'CodeIgniter\Session\Handlers\FileHandler' driver.
DEBUG - 2025-09-19 06:48:14 --> User IP: ::1
DEBUG - 2025-09-19 06:49:29 --> Session: Class initialized using 'CodeIgniter\Session\Handlers\FileHandler' driver.
DEBUG - 2025-09-19 06:49:29 --> User IP: ::1
DEBUG - 2025-09-19 06:58:44 --> Session: Class initialized using 'CodeIgniter\Session\Handlers\FileHandler' driver.
DEBUG - 2025-09-19 06:58:44 --> User IP: ::1
DEBUG - 2025-09-19 07:12:56 --> Session: Class initialized using 'CodeIgniter\Session\Handlers\FileHandler' driver.
DEBUG - 2025-09-19 07:12:56 --> User IP: ::1
DEBUG - 2025-09-19 07:12:56 --> User ID: 23, Date: 2025-09-16
DEBUG - 2025-09-19 07:26:52 --> Session: Class initialized using 'CodeIgniter\Session\Handlers\FileHandler' driver.
DEBUG - 2025-09-19 07:26:52 --> User IP: ::1
DEBUG - 2025-09-19 07:26:54 --> Session: Class initialized using 'CodeIgniter\Session\Handlers\FileHandler' driver.
DEBUG - 2025-09-19 07:26:54 --> User IP: ::1
DEBUG - 2025-09-19 07:27:07 --> Session: Class initialized using 'CodeIgniter\Session\Handlers\FileHandler' driver.
DEBUG - 2025-09-19 07:27:07 --> User IP: ::1
DEBUG - 2025-09-19 07:32:20 --> Session: Class initialized using 'CodeIgniter\Session\Handlers\FileHandler' driver.
DEBUG - 2025-09-19 07:32:20 --> User IP: ::1
DEBUG - 2025-09-19 07:32:40 --> Session: Class initialized using 'CodeIgniter\Session\Handlers\FileHandler' driver.
DEBUG - 2025-09-19 07:32:40 --> User IP: ::1
DEBUG - 2025-09-19 07:33:09 --> Session: Class initialized using 'CodeIgniter\Session\Handlers\FileHandler' driver.
DEBUG - 2025-09-19 07:33:09 --> User IP: ::1
DEBUG - 2025-09-19 07:33:24 --> Session: Class initialized using 'CodeIgniter\Session\Handlers\FileHandler' driver.
DEBUG - 2025-09-19 07:33:24 --> User IP: ::1
DEBUG - 2025-09-19 07:42:28 --> Session: Class initialized using 'CodeIgniter\Session\Handlers\FileHandler' driver.
DEBUG - 2025-09-19 07:42:28 --> User IP: ::1
DEBUG - 2025-09-19 07:42:44 --> Session: Class initialized using 'CodeIgniter\Session\Handlers\FileHandler' driver.
DEBUG - 2025-09-19 07:42:44 --> User IP: ::1
DEBUG - 2025-09-19 07:42:45 --> Session: Class initialized using 'CodeIgniter\Session\Handlers\FileHandler' driver.
DEBUG - 2025-09-19 07:42:45 --> User IP: ::1
DEBUG - 2025-09-19 07:42:47 --> Session: Class initialized using 'CodeIgniter\Session\Handlers\FileHandler' driver.
DEBUG - 2025-09-19 07:42:47 --> User IP: ::1
DEBUG - 2025-09-19 07:43:15 --> Session: Class initialized using 'CodeIgniter\Session\Handlers\FileHandler' driver.
DEBUG - 2025-09-19 07:43:15 --> User IP: ::1
DEBUG - 2025-09-19 07:43:55 --> Session: Class initialized using 'CodeIgniter\Session\Handlers\FileHandler' driver.
DEBUG - 2025-09-19 07:43:55 --> User IP: ::1
DEBUG - 2025-09-19 07:44:02 --> Session: Class initialized using 'CodeIgniter\Session\Handlers\FileHandler' driver.
DEBUG - 2025-09-19 07:44:02 --> User IP: ::1
DEBUG - 2025-09-19 07:46:38 --> Session: Class initialized using 'CodeIgniter\Session\Handlers\FileHandler' driver.
DEBUG - 2025-09-19 07:46:38 --> User IP: ::1
DEBUG - 2025-09-19 07:47:20 --> Session: Class initialized using 'CodeIgniter\Session\Handlers\FileHandler' driver.
DEBUG - 2025-09-19 07:47:20 --> User IP: ::1
DEBUG - 2025-09-19 08:41:22 --> Session: Class initialized using 'CodeIgniter\Session\Handlers\FileHandler' driver.
DEBUG - 2025-09-19 08:41:22 --> User IP: ::1
DEBUG - 2025-09-19 08:42:02 --> Session: Class initialized using 'CodeIgniter\Session\Handlers\FileHandler' driver.
DEBUG - 2025-09-19 08:42:02 --> User IP: ::1
DEBUG - 2025-09-19 08:42:25 --> Session: Class initialized using 'CodeIgniter\Session\Handlers\FileHandler' driver.
DEBUG - 2025-09-19 08:42:25 --> User IP: ::1
DEBUG - 2025-09-19 08:43:44 --> Session: Class initialized using 'CodeIgniter\Session\Handlers\FileHandler' driver.
DEBUG - 2025-09-19 08:43:44 --> User IP: ::1
DEBUG - 2025-09-19 08:43:48 --> Session: Class initialized using 'CodeIgniter\Session\Handlers\FileHandler' driver.
DEBUG - 2025-09-19 08:43:48 --> User IP: ::1
DEBUG - 2025-09-19 08:44:18 --> Session: Class initialized using 'CodeIgniter\Session\Handlers\FileHandler' driver.
DEBUG - 2025-09-19 08:44:18 --> User IP: ::1
DEBUG - 2025-09-19 08:45:01 --> Session: Class initialized using 'CodeIgniter\Session\Handlers\FileHandler' driver.
DEBUG - 2025-09-19 08:45:01 --> User IP: ::1
DEBUG - 2025-09-19 08:45:33 --> Session: Class initialized using 'CodeIgniter\Session\Handlers\FileHandler' driver.
DEBUG - 2025-09-19 08:45:33 --> User IP: ::1
DEBUG - 2025-09-19 08:46:00 --> Session: Class initialized using 'CodeIgniter\Session\Handlers\FileHandler' driver.
DEBUG - 2025-09-19 08:46:00 --> User IP: ::1
DEBUG - 2025-09-19 08:46:09 --> Session: Class initialized using 'CodeIgniter\Session\Handlers\FileHandler' driver.
DEBUG - 2025-09-19 08:46:09 --> User IP: ::1
DEBUG - 2025-09-19 08:46:25 --> Session: Class initialized using 'CodeIgniter\Session\Handlers\FileHandler' driver.
DEBUG - 2025-09-19 08:46:25 --> User IP: ::1
DEBUG - 2025-09-19 08:48:09 --> Session: Class initialized using 'CodeIgniter\Session\Handlers\FileHandler' driver.
DEBUG - 2025-09-19 08:48:09 --> User IP: ::1
DEBUG - 2025-09-19 08:48:15 --> Session: Class initialized using 'CodeIgniter\Session\Handlers\FileHandler' driver.
DEBUG - 2025-09-19 08:48:15 --> User IP: ::1
DEBUG - 2025-09-19 08:48:45 --> Session: Class initialized using 'CodeIgniter\Session\Handlers\FileHandler' driver.
DEBUG - 2025-09-19 08:48:45 --> User IP: ::1
DEBUG - 2025-09-19 08:49:00 --> Session: Class initialized using 'CodeIgniter\Session\Handlers\FileHandler' driver.
DEBUG - 2025-09-19 08:49:00 --> User IP: ::1
DEBUG - 2025-09-19 08:49:12 --> Session: Class initialized using 'CodeIgniter\Session\Handlers\FileHandler' driver.
DEBUG - 2025-09-19 08:49:12 --> User IP: ::1
DEBUG - 2025-09-19 08:50:05 --> Session: Class initialized using 'CodeIgniter\Session\Handlers\FileHandler' driver.
DEBUG - 2025-09-19 08:50:05 --> User IP: ::1
DEBUG - 2025-09-19 08:50:12 --> Session: Class initialized using 'CodeIgniter\Session\Handlers\FileHandler' driver.
DEBUG - 2025-09-19 08:50:12 --> User IP: ::1
DEBUG - 2025-09-19 08:50:29 --> Session: Class initialized using 'CodeIgniter\Session\Handlers\FileHandler' driver.
DEBUG - 2025-09-19 08:50:29 --> User IP: ::1
DEBUG - 2025-09-19 08:50:38 --> Session: Class initialized using 'CodeIgniter\Session\Handlers\FileHandler' driver.
DEBUG - 2025-09-19 08:50:38 --> User IP: ::1
DEBUG - 2025-09-19 08:51:00 --> Session: Class initialized using 'CodeIgniter\Session\Handlers\FileHandler' driver.
DEBUG - 2025-09-19 08:51:00 --> User IP: ::1
DEBUG - 2025-09-19 08:51:34 --> Session: Class initialized using 'CodeIgniter\Session\Handlers\FileHandler' driver.
DEBUG - 2025-09-19 08:51:34 --> User IP: ::1
DEBUG - 2025-09-19 08:58:07 --> Session: Class initialized using 'CodeIgniter\Session\Handlers\FileHandler' driver.
DEBUG - 2025-09-19 08:58:07 --> User IP: ::1
DEBUG - 2025-09-19 08:58:10 --> Session: Class initialized using 'CodeIgniter\Session\Handlers\FileHandler' driver.
DEBUG - 2025-09-19 08:58:10 --> User IP: ::1
DEBUG - 2025-09-19 08:58:35 --> Session: Class initialized using 'CodeIgniter\Session\Handlers\FileHandler' driver.
DEBUG - 2025-09-19 08:58:35 --> User IP: ::1
DEBUG - 2025-09-19 08:58:39 --> Session: Class initialized using 'CodeIgniter\Session\Handlers\FileHandler' driver.
DEBUG - 2025-09-19 08:58:39 --> User IP: ::1
DEBUG - 2025-09-19 08:58:40 --> Session: Class initialized using 'CodeIgniter\Session\Handlers\FileHandler' driver.
DEBUG - 2025-09-19 08:58:40 --> User IP: ::1
DEBUG - 2025-09-19 08:58:59 --> Session: Class initialized using 'CodeIgniter\Session\Handlers\FileHandler' driver.
DEBUG - 2025-09-19 08:58:59 --> User IP: ::1
DEBUG - 2025-09-19 08:59:03 --> Session: Class initialized using 'CodeIgniter\Session\Handlers\FileHandler' driver.
DEBUG - 2025-09-19 08:59:03 --> User IP: ::1
DEBUG - 2025-09-19 08:59:34 --> Session: Class initialized using 'CodeIgniter\Session\Handlers\FileHandler' driver.
DEBUG - 2025-09-19 08:59:34 --> User IP: ::1
DEBUG - 2025-09-19 08:59:38 --> Session: Class initialized using 'CodeIgniter\Session\Handlers\FileHandler' driver.
DEBUG - 2025-09-19 08:59:38 --> User IP: ::1
DEBUG - 2025-09-19 08:59:58 --> Session: Class initialized using 'CodeIgniter\Session\Handlers\FileHandler' driver.
DEBUG - 2025-09-19 08:59:58 --> User IP: ::1
DEBUG - 2025-09-19 09:00:43 --> Session: Class initialized using 'CodeIgniter\Session\Handlers\FileHandler' driver.
DEBUG - 2025-09-19 09:00:43 --> User IP: ::1
DEBUG - 2025-09-19 09:00:52 --> Session: Class initialized using 'CodeIgniter\Session\Handlers\FileHandler' driver.
DEBUG - 2025-09-19 09:00:52 --> User IP: ::1
DEBUG - 2025-09-19 09:01:11 --> Session: Class initialized using 'CodeIgniter\Session\Handlers\FileHandler' driver.
DEBUG - 2025-09-19 09:01:11 --> User IP: ::1
DEBUG - 2025-09-19 09:01:27 --> Session: Class initialized using 'CodeIgniter\Session\Handlers\FileHandler' driver.
DEBUG - 2025-09-19 09:01:27 --> User IP: ::1
DEBUG - 2025-09-19 09:01:28 --> Session: Class initialized using 'CodeIgniter\Session\Handlers\FileHandler' driver.
DEBUG - 2025-09-19 09:01:28 --> User IP: ::1
DEBUG - 2025-09-19 09:04:21 --> Session: Class initialized using 'CodeIgniter\Session\Handlers\FileHandler' driver.
DEBUG - 2025-09-19 09:04:21 --> User IP: ::1
DEBUG - 2025-09-19 09:04:22 --> Session: Class initialized using 'CodeIgniter\Session\Handlers\FileHandler' driver.
DEBUG - 2025-09-19 09:04:22 --> User IP: ::1
DEBUG - 2025-09-19 09:04:25 --> Session: Class initialized using 'CodeIgniter\Session\Handlers\FileHandler' driver.
DEBUG - 2025-09-19 09:04:25 --> User IP: ::1
DEBUG - 2025-09-19 09:04:26 --> Session: Class initialized using 'CodeIgniter\Session\Handlers\FileHandler' driver.
DEBUG - 2025-09-19 09:04:26 --> User IP: ::1
DEBUG - 2025-09-19 09:04:46 --> Session: Class initialized using 'CodeIgniter\Session\Handlers\FileHandler' driver.
DEBUG - 2025-09-19 09:04:46 --> User IP: ::1
DEBUG - 2025-09-19 09:04:46 --> Session: Class initialized using 'CodeIgniter\Session\Handlers\FileHandler' driver.
DEBUG - 2025-09-19 09:04:46 --> User IP: ::1
DEBUG - 2025-09-19 09:05:18 --> Session: Class initialized using 'CodeIgniter\Session\Handlers\FileHandler' driver.
DEBUG - 2025-09-19 09:05:18 --> User IP: ::1
DEBUG - 2025-09-19 09:06:39 --> Session: Class initialized using 'CodeIgniter\Session\Handlers\FileHandler' driver.
DEBUG - 2025-09-19 09:06:39 --> User IP: ::1
DEBUG - 2025-09-19 09:08:00 --> Session: Class initialized using 'CodeIgniter\Session\Handlers\FileHandler' driver.
DEBUG - 2025-09-19 09:08:00 --> User IP: ::1
DEBUG - 2025-09-19 09:10:18 --> Session: Class initialized using 'CodeIgniter\Session\Handlers\FileHandler' driver.
DEBUG - 2025-09-19 09:10:18 --> User IP: ::1
DEBUG - 2025-09-19 09:10:36 --> Session: Class initialized using 'CodeIgniter\Session\Handlers\FileHandler' driver.
DEBUG - 2025-09-19 09:10:36 --> User IP: ::1
DEBUG - 2025-09-19 09:11:43 --> Session: Class initialized using 'CodeIgniter\Session\Handlers\FileHandler' driver.
DEBUG - 2025-09-19 09:11:43 --> User IP: ::1
DEBUG - 2025-09-19 09:11:51 --> Session: Class initialized using 'CodeIgniter\Session\Handlers\FileHandler' driver.
DEBUG - 2025-09-19 09:11:51 --> User IP: ::1
DEBUG - 2025-09-19 09:15:25 --> Session: Class initialized using 'CodeIgniter\Session\Handlers\FileHandler' driver.
DEBUG - 2025-09-19 09:15:25 --> User IP: ::1
DEBUG - 2025-09-19 09:15:39 --> Session: Class initialized using 'CodeIgniter\Session\Handlers\FileHandler' driver.
DEBUG - 2025-09-19 09:15:39 --> User IP: ::1
DEBUG - 2025-09-19 09:16:55 --> Session: Class initialized using 'CodeIgniter\Session\Handlers\FileHandler' driver.
DEBUG - 2025-09-19 09:16:55 --> User IP: ::1
DEBUG - 2025-09-19 09:17:39 --> Session: Class initialized using 'CodeIgniter\Session\Handlers\FileHandler' driver.
DEBUG - 2025-09-19 09:17:39 --> User IP: ::1
DEBUG - 2025-09-19 09:19:52 --> Session: Class initialized using 'CodeIgniter\Session\Handlers\FileHandler' driver.
DEBUG - 2025-09-19 09:19:52 --> User IP: ::1
DEBUG - 2025-09-19 09:19:53 --> Session: Class initialized using 'CodeIgniter\Session\Handlers\FileHandler' driver.
DEBUG - 2025-09-19 09:19:53 --> User IP: ::1
DEBUG - 2025-09-19 09:19:57 --> Session: Class initialized using 'CodeIgniter\Session\Handlers\FileHandler' driver.
DEBUG - 2025-09-19 09:19:57 --> User IP: ::1
DEBUG - 2025-09-19 09:26:45 --> Session: Class initialized using 'CodeIgniter\Session\Handlers\FileHandler' driver.
DEBUG - 2025-09-19 09:26:45 --> User IP: ::1
DEBUG - 2025-09-19 09:26:45 --> User ID: 23, Date: 2025-09-16
DEBUG - 2025-09-19 09:28:27 --> Session: Class initialized using 'CodeIgniter\Session\Handlers\FileHandler' driver.
DEBUG - 2025-09-19 09:28:27 --> User IP: ::1
DEBUG - 2025-09-19 09:29:17 --> Session: Class initialized using 'CodeIgniter\Session\Handlers\FileHandler' driver.
DEBUG - 2025-09-19 09:29:17 --> User IP: ::1
DEBUG - 2025-09-19 09:29:20 --> Session: Class initialized using 'CodeIgniter\Session\Handlers\FileHandler' driver.
DEBUG - 2025-09-19 09:29:20 --> User IP: ::1
DEBUG - 2025-09-19 09:29:25 --> Session: Class initialized using 'CodeIgniter\Session\Handlers\FileHandler' driver.
DEBUG - 2025-09-19 09:29:25 --> User IP: ::1
DEBUG - 2025-09-19 09:30:12 --> Session: Class initialized using 'CodeIgniter\Session\Handlers\FileHandler' driver.
DEBUG - 2025-09-19 09:30:12 --> User IP: ::1
DEBUG - 2025-09-19 09:31:48 --> Session: Class initialized using 'CodeIgniter\Session\Handlers\FileHandler' driver.
DEBUG - 2025-09-19 09:31:48 --> User IP: ::1
DEBUG - 2025-09-19 09:32:11 --> Session: Class initialized using 'CodeIgniter\Session\Handlers\FileHandler' driver.
DEBUG - 2025-09-19 09:32:11 --> User IP: ::1
DEBUG - 2025-09-19 09:32:23 --> Session: Class initialized using 'CodeIgniter\Session\Handlers\FileHandler' driver.
DEBUG - 2025-09-19 09:32:23 --> User IP: ::1
DEBUG - 2025-09-19 09:32:36 --> Session: Class initialized using 'CodeIgniter\Session\Handlers\FileHandler' driver.
DEBUG - 2025-09-19 09:32:36 --> User IP: ::1
DEBUG - 2025-09-19 09:32:45 --> Session: Class initialized using 'CodeIgniter\Session\Handlers\FileHandler' driver.
DEBUG - 2025-09-19 09:32:45 --> User IP: ::1
DEBUG - 2025-09-19 09:32:54 --> Session: Class initialized using 'CodeIgniter\Session\Handlers\FileHandler' driver.
DEBUG - 2025-09-19 09:32:54 --> User IP: ::1
DEBUG - 2025-09-19 09:33:11 --> Session: Class initialized using 'CodeIgniter\Session\Handlers\FileHandler' driver.
DEBUG - 2025-09-19 09:33:11 --> User IP: ::1
DEBUG - 2025-09-19 09:33:34 --> Session: Class initialized using 'CodeIgniter\Session\Handlers\FileHandler' driver.
DEBUG - 2025-09-19 09:33:34 --> User IP: ::1
DEBUG - 2025-09-19 09:33:36 --> Session: Class initialized using 'CodeIgniter\Session\Handlers\FileHandler' driver.
DEBUG - 2025-09-19 09:33:36 --> User IP: ::1
DEBUG - 2025-09-19 09:33:37 --> Session: Class initialized using 'CodeIgniter\Session\Handlers\FileHandler' driver.
DEBUG - 2025-09-19 09:33:37 --> User IP: ::1
DEBUG - 2025-09-19 09:33:37 --> Session: Class initialized using 'CodeIgniter\Session\Handlers\FileHandler' driver.
DEBUG - 2025-09-19 09:33:37 --> User IP: ::1
DEBUG - 2025-09-19 09:33:38 --> Session: Class initialized using 'CodeIgniter\Session\Handlers\FileHandler' driver.
DEBUG - 2025-09-19 09:33:38 --> User IP: ::1
DEBUG - 2025-09-19 09:33:42 --> Session: Class initialized using 'CodeIgniter\Session\Handlers\FileHandler' driver.
DEBUG - 2025-09-19 09:33:42 --> User IP: ::1
DEBUG - 2025-09-19 09:33:54 --> Session: Class initialized using 'CodeIgniter\Session\Handlers\FileHandler' driver.
DEBUG - 2025-09-19 09:33:54 --> User IP: ::1
DEBUG - 2025-09-19 09:34:06 --> Session: Class initialized using 'CodeIgniter\Session\Handlers\FileHandler' driver.
DEBUG - 2025-09-19 09:34:06 --> User IP: ::1
DEBUG - 2025-09-19 09:34:12 --> Session: Class initialized using 'CodeIgniter\Session\Handlers\FileHandler' driver.
DEBUG - 2025-09-19 09:34:12 --> User IP: ::1
DEBUG - 2025-09-19 09:34:21 --> Session: Class initialized using 'CodeIgniter\Session\Handlers\FileHandler' driver.
DEBUG - 2025-09-19 09:34:21 --> User IP: ::1
DEBUG - 2025-09-19 09:34:28 --> Session: Class initialized using 'CodeIgniter\Session\Handlers\FileHandler' driver.
DEBUG - 2025-09-19 09:34:28 --> User IP: ::1
DEBUG - 2025-09-19 09:34:37 --> Session: Class initialized using 'CodeIgniter\Session\Handlers\FileHandler' driver.
DEBUG - 2025-09-19 09:34:37 --> User IP: ::1
DEBUG - 2025-09-19 09:34:47 --> Session: Class initialized using 'CodeIgniter\Session\Handlers\FileHandler' driver.
DEBUG - 2025-09-19 09:34:47 --> User IP: ::1
DEBUG - 2025-09-19 09:35:03 --> Session: Class initialized using 'CodeIgniter\Session\Handlers\FileHandler' driver.
DEBUG - 2025-09-19 09:35:03 --> User IP: ::1
DEBUG - 2025-09-19 09:35:33 --> Session: Class initialized using 'CodeIgniter\Session\Handlers\FileHandler' driver.
DEBUG - 2025-09-19 09:35:33 --> User IP: ::1
DEBUG - 2025-09-19 09:35:40 --> Session: Class initialized using 'CodeIgniter\Session\Handlers\FileHandler' driver.
DEBUG - 2025-09-19 09:35:40 --> User IP: ::1
DEBUG - 2025-09-19 09:43:24 --> Session: Class initialized using 'CodeIgniter\Session\Handlers\FileHandler' driver.
DEBUG - 2025-09-19 09:43:24 --> User IP: ::1
DEBUG - 2025-09-19 09:46:25 --> Session: Class initialized using 'CodeIgniter\Session\Handlers\FileHandler' driver.
DEBUG - 2025-09-19 09:46:25 --> User IP: ::1
DEBUG - 2025-09-19 09:46:32 --> Session: Class initialized using 'CodeIgniter\Session\Handlers\FileHandler' driver.
DEBUG - 2025-09-19 09:46:32 --> User IP: ::1
DEBUG - 2025-09-19 09:47:13 --> Session: Class initialized using 'CodeIgniter\Session\Handlers\FileHandler' driver.
DEBUG - 2025-09-19 09:47:13 --> User IP: ::1
DEBUG - 2025-09-19 09:47:37 --> Session: Class initialized using 'CodeIgniter\Session\Handlers\FileHandler' driver.
DEBUG - 2025-09-19 09:47:37 --> User IP: ::1
DEBUG - 2025-09-19 09:48:10 --> Session: Class initialized using 'CodeIgniter\Session\Handlers\FileHandler' driver.
DEBUG - 2025-09-19 09:48:10 --> User IP: ::1
DEBUG - 2025-09-19 09:49:22 --> Session: Class initialized using 'CodeIgniter\Session\Handlers\FileHandler' driver.
DEBUG - 2025-09-19 09:49:22 --> User IP: ::1
DEBUG - 2025-09-19 09:49:37 --> Session: Class initialized using 'CodeIgniter\Session\Handlers\FileHandler' driver.
DEBUG - 2025-09-19 09:49:37 --> User IP: ::1
DEBUG - 2025-09-19 09:50:02 --> Session: Class initialized using 'CodeIgniter\Session\Handlers\FileHandler' driver.
DEBUG - 2025-09-19 09:50:02 --> User IP: ::1
DEBUG - 2025-09-19 09:50:05 --> Session: Class initialized using 'CodeIgniter\Session\Handlers\FileHandler' driver.
DEBUG - 2025-09-19 09:50:05 --> User IP: ::1
DEBUG - 2025-09-19 09:50:35 --> Session: Class initialized using 'CodeIgniter\Session\Handlers\FileHandler' driver.
DEBUG - 2025-09-19 09:50:35 --> User IP: ::1
DEBUG - 2025-09-19 09:50:37 --> Session: Class initialized using 'CodeIgniter\Session\Handlers\FileHandler' driver.
DEBUG - 2025-09-19 09:50:37 --> User IP: ::1
DEBUG - 2025-09-19 09:50:52 --> Session: Class initialized using 'CodeIgniter\Session\Handlers\FileHandler' driver.
DEBUG - 2025-09-19 09:50:52 --> User IP: ::1
DEBUG - 2025-09-19 09:50:54 --> Session: Class initialized using 'CodeIgniter\Session\Handlers\FileHandler' driver.
DEBUG - 2025-09-19 09:50:54 --> User IP: ::1
DEBUG - 2025-09-19 09:50:57 --> Session: Class initialized using 'CodeIgniter\Session\Handlers\FileHandler' driver.
DEBUG - 2025-09-19 09:50:57 --> User IP: ::1
DEBUG - 2025-09-19 09:51:05 --> Session: Class initialized using 'CodeIgniter\Session\Handlers\FileHandler' driver.
DEBUG - 2025-09-19 09:51:05 --> User IP: ::1
DEBUG - 2025-09-19 09:51:23 --> Session: Class initialized using 'CodeIgniter\Session\Handlers\FileHandler' driver.
DEBUG - 2025-09-19 09:51:23 --> User IP: ::1
DEBUG - 2025-09-19 09:51:25 --> Session: Class initialized using 'CodeIgniter\Session\Handlers\FileHandler' driver.
DEBUG - 2025-09-19 09:51:25 --> User IP: ::1
DEBUG - 2025-09-19 09:51:31 --> Session: Class initialized using 'CodeIgniter\Session\Handlers\FileHandler' driver.
DEBUG - 2025-09-19 09:51:31 --> User IP: ::1
DEBUG - 2025-09-19 09:51:32 --> Session: Class initialized using 'CodeIgniter\Session\Handlers\FileHandler' driver.
DEBUG - 2025-09-19 09:51:32 --> User IP: ::1
DEBUG - 2025-09-19 09:51:32 --> Session: Class initialized using 'CodeIgniter\Session\Handlers\FileHandler' driver.
DEBUG - 2025-09-19 09:51:32 --> User IP: ::1
DEBUG - 2025-09-19 09:51:33 --> Session: Class initialized using 'CodeIgniter\Session\Handlers\FileHandler' driver.
DEBUG - 2025-09-19 09:51:33 --> User IP: ::1
DEBUG - 2025-09-19 09:51:41 --> Session: Class initialized using 'CodeIgniter\Session\Handlers\FileHandler' driver.
DEBUG - 2025-09-19 09:51:41 --> User IP: ::1
DEBUG - 2025-09-19 09:52:07 --> Session: Class initialized using 'CodeIgniter\Session\Handlers\FileHandler' driver.
DEBUG - 2025-09-19 09:52:07 --> User IP: ::1
DEBUG - 2025-09-19 09:52:48 --> Session: Class initialized using 'CodeIgniter\Session\Handlers\FileHandler' driver.
DEBUG - 2025-09-19 09:52:48 --> User IP: ::1
DEBUG - 2025-09-19 09:52:50 --> Session: Class initialized using 'CodeIgniter\Session\Handlers\FileHandler' driver.
DEBUG - 2025-09-19 09:52:50 --> User IP: ::1
DEBUG - 2025-09-19 09:52:59 --> Session: Class initialized using 'CodeIgniter\Session\Handlers\FileHandler' driver.
DEBUG - 2025-09-19 09:52:59 --> User IP: ::1
DEBUG - 2025-09-19 09:53:26 --> Session: Class initialized using 'CodeIgniter\Session\Handlers\FileHandler' driver.
DEBUG - 2025-09-19 09:53:26 --> User IP: ::1
DEBUG - 2025-09-19 09:53:28 --> Session: Class initialized using 'CodeIgniter\Session\Handlers\FileHandler' driver.
DEBUG - 2025-09-19 09:53:28 --> User IP: ::1
DEBUG - 2025-09-19 09:53:34 --> Session: Class initialized using 'CodeIgniter\Session\Handlers\FileHandler' driver.
DEBUG - 2025-09-19 09:53:34 --> User IP: ::1
DEBUG - 2025-09-19 09:53:36 --> Session: Class initialized using 'CodeIgniter\Session\Handlers\FileHandler' driver.
DEBUG - 2025-09-19 09:53:36 --> User IP: ::1
DEBUG - 2025-09-19 09:53:41 --> Session: Class initialized using 'CodeIgniter\Session\Handlers\FileHandler' driver.
DEBUG - 2025-09-19 09:53:41 --> User IP: ::1
DEBUG - 2025-09-19 09:58:43 --> Session: Class initialized using 'CodeIgniter\Session\Handlers\FileHandler' driver.
DEBUG - 2025-09-19 09:58:43 --> User IP: ::1
CRITICAL - 2025-09-19 09:58:43 --> ErrorException: Undefined array key 1
[Method: GET, Route: dashboard/getEmployeesAttendance]
in APPPATH\Views\requirments\EmployeeAttendance.php on line 213.
 1 APPPATH\Views\requirments\EmployeeAttendance.php(213): CodeIgniter\Debug\Exceptions->errorHandler(2, 'Undefined array key 1', 'C:\\xampp\\htdocs\\gighz-people\\app\\Views\\requirments\\EmployeeAttendance.php', 213)
 2 SYSTEMPATH\View\View.php(234): include('C:\\xampp\\htdocs\\gighz-people\\app\\Views\\requirments\\EmployeeAttendance.php')
 3 SYSTEMPATH\View\View.php(237): CodeIgniter\View\View->CodeIgniter\View\{closure}()
 4 SYSTEMPATH\Common.php(1171): CodeIgniter\View\View->render('requirments/EmployeeAttendance', [], true)
 5 APPPATH\Controllers\Dashboard.php(241): view('requirments/EmployeeAttendance', [...])
 6 SYSTEMPATH\CodeIgniter.php(933): App\Controllers\Dashboard->getEmployeesAttendance()
 7 SYSTEMPATH\CodeIgniter.php(509): CodeIgniter\CodeIgniter->runController(Object(App\Controllers\Dashboard))
 8 SYSTEMPATH\CodeIgniter.php(355): CodeIgniter\CodeIgniter->handleRequest(null, Object(Config\Cache), false)
 9 SYSTEMPATH\Boot.php(334): CodeIgniter\CodeIgniter->run()
10 SYSTEMPATH\Boot.php(67): CodeIgniter\Boot::runCodeIgniter(Object(CodeIgniter\CodeIgniter))
11 FCPATH\index.php(56): CodeIgniter\Boot::bootWeb(Object(Config\Paths))
DEBUG - 2025-09-19 09:59:16 --> Session: Class initialized using 'CodeIgniter\Session\Handlers\FileHandler' driver.
DEBUG - 2025-09-19 09:59:16 --> User IP: ::1
DEBUG - 2025-09-19 10:04:11 --> Session: Class initialized using 'CodeIgniter\Session\Handlers\FileHandler' driver.
DEBUG - 2025-09-19 10:04:11 --> User IP: ::1
DEBUG - 2025-09-19 10:04:31 --> Session: Class initialized using 'CodeIgniter\Session\Handlers\FileHandler' driver.
DEBUG - 2025-09-19 10:04:31 --> User IP: ::1
DEBUG - 2025-09-19 10:05:36 --> Session: Class initialized using 'CodeIgniter\Session\Handlers\FileHandler' driver.
DEBUG - 2025-09-19 10:05:36 --> User IP: ::1
DEBUG - 2025-09-19 10:05:40 --> Session: Class initialized using 'CodeIgniter\Session\Handlers\FileHandler' driver.
DEBUG - 2025-09-19 10:05:40 --> User IP: ::1
DEBUG - 2025-09-19 10:05:49 --> Session: Class initialized using 'CodeIgniter\Session\Handlers\FileHandler' driver.
DEBUG - 2025-09-19 10:05:49 --> User IP: ::1
DEBUG - 2025-09-19 10:12:12 --> Session: Class initialized using 'CodeIgniter\Session\Handlers\FileHandler' driver.
DEBUG - 2025-09-19 10:12:12 --> User IP: ::1
DEBUG - 2025-09-19 10:12:45 --> Session: Class initialized using 'CodeIgniter\Session\Handlers\FileHandler' driver.
DEBUG - 2025-09-19 10:12:45 --> User IP: ::1
DEBUG - 2025-09-19 10:12:46 --> Session: Class initialized using 'CodeIgniter\Session\Handlers\FileHandler' driver.
DEBUG - 2025-09-19 10:12:46 --> User IP: ::1
DEBUG - 2025-09-19 10:12:48 --> Session: Class initialized using 'CodeIgniter\Session\Handlers\FileHandler' driver.
DEBUG - 2025-09-19 10:12:48 --> User IP: ::1
DEBUG - 2025-09-19 10:14:01 --> Session: Class initialized using 'CodeIgniter\Session\Handlers\FileHandler' driver.
DEBUG - 2025-09-19 10:14:01 --> User IP: ::1
DEBUG - 2025-09-19 10:15:32 --> Session: Class initialized using 'CodeIgniter\Session\Handlers\FileHandler' driver.
DEBUG - 2025-09-19 10:15:32 --> User IP: ::1
DEBUG - 2025-09-19 10:17:10 --> Session: Class initialized using 'CodeIgniter\Session\Handlers\FileHandler' driver.
DEBUG - 2025-09-19 10:17:10 --> User IP: ::1
DEBUG - 2025-09-19 10:17:12 --> Session: Class initialized using 'CodeIgniter\Session\Handlers\FileHandler' driver.
DEBUG - 2025-09-19 10:17:12 --> User IP: ::1
DEBUG - 2025-09-19 10:18:57 --> Session: Class initialized using 'CodeIgniter\Session\Handlers\FileHandler' driver.
DEBUG - 2025-09-19 10:18:57 --> User IP: ::1
DEBUG - 2025-09-19 10:19:34 --> Session: Class initialized using 'CodeIgniter\Session\Handlers\FileHandler' driver.
DEBUG - 2025-09-19 10:19:34 --> User IP: ::1
DEBUG - 2025-09-19 10:19:49 --> Session: Class initialized using 'CodeIgniter\Session\Handlers\FileHandler' driver.
DEBUG - 2025-09-19 10:19:49 --> User IP: ::1
DEBUG - 2025-09-19 10:20:14 --> Session: Class initialized using 'CodeIgniter\Session\Handlers\FileHandler' driver.
DEBUG - 2025-09-19 10:20:14 --> User IP: ::1
DEBUG - 2025-09-19 10:20:32 --> Session: Class initialized using 'CodeIgniter\Session\Handlers\FileHandler' driver.
DEBUG - 2025-09-19 10:20:32 --> User IP: ::1
DEBUG - 2025-09-19 10:21:43 --> Session: Class initialized using 'CodeIgniter\Session\Handlers\FileHandler' driver.
DEBUG - 2025-09-19 10:21:43 --> User IP: ::1
DEBUG - 2025-09-19 10:21:45 --> Session: Class initialized using 'CodeIgniter\Session\Handlers\FileHandler' driver.
DEBUG - 2025-09-19 10:21:45 --> User IP: ::1
DEBUG - 2025-09-19 10:22:41 --> Session: Class initialized using 'CodeIgniter\Session\Handlers\FileHandler' driver.
DEBUG - 2025-09-19 10:22:41 --> User IP: ::1
DEBUG - 2025-09-19 10:23:53 --> Session: Class initialized using 'CodeIgniter\Session\Handlers\FileHandler' driver.
DEBUG - 2025-09-19 10:23:53 --> User IP: ::1
DEBUG - 2025-09-19 10:24:43 --> Session: Class initialized using 'CodeIgniter\Session\Handlers\FileHandler' driver.
DEBUG - 2025-09-19 10:24:43 --> User IP: ::1
DEBUG - 2025-09-19 10:26:23 --> Session: Class initialized using 'CodeIgniter\Session\Handlers\FileHandler' driver.
DEBUG - 2025-09-19 10:26:23 --> User IP: ::1
DEBUG - 2025-09-19 10:26:26 --> Session: Class initialized using 'CodeIgniter\Session\Handlers\FileHandler' driver.
DEBUG - 2025-09-19 10:26:26 --> User IP: ::1
DEBUG - 2025-09-19 10:26:26 --> User ID: 23, Date: 2025-09-16
DEBUG - 2025-09-19 10:26:33 --> Session: Class initialized using 'CodeIgniter\Session\Handlers\FileHandler' driver.
DEBUG - 2025-09-19 10:26:33 --> User IP: ::1
DEBUG - 2025-09-19 10:26:33 --> User ID: 23, Date: 2025-09-15
DEBUG - 2025-09-19 10:26:51 --> Session: Class initialized using 'CodeIgniter\Session\Handlers\FileHandler' driver.
DEBUG - 2025-09-19 10:26:51 --> User IP: ::1
DEBUG - 2025-09-19 10:26:52 --> Session: Class initialized using 'CodeIgniter\Session\Handlers\FileHandler' driver.
DEBUG - 2025-09-19 10:26:52 --> User IP: ::1
DEBUG - 2025-09-19 10:26:52 --> User ID: 23, Date: 2025-09-16
DEBUG - 2025-09-19 10:28:12 --> Session: Class initialized using 'CodeIgniter\Session\Handlers\FileHandler' driver.
DEBUG - 2025-09-19 10:28:12 --> User IP: ::1
DEBUG - 2025-09-19 10:28:24 --> Session: Class initialized using 'CodeIgniter\Session\Handlers\FileHandler' driver.
DEBUG - 2025-09-19 10:28:24 --> User IP: ::1
DEBUG - 2025-09-19 10:28:27 --> Session: Class initialized using 'CodeIgniter\Session\Handlers\FileHandler' driver.
DEBUG - 2025-09-19 10:28:27 --> User IP: ::1
DEBUG - 2025-09-19 10:28:27 --> User ID: 23, Date: 2025-09-16
DEBUG - 2025-09-19 10:31:46 --> Session: Class initialized using 'CodeIgniter\Session\Handlers\FileHandler' driver.
DEBUG - 2025-09-19 10:31:46 --> User IP: ::1
DEBUG - 2025-09-19 10:33:44 --> Session: Class initialized using 'CodeIgniter\Session\Handlers\FileHandler' driver.
DEBUG - 2025-09-19 10:33:44 --> User IP: ::1
DEBUG - 2025-09-19 10:35:06 --> Session: Class initialized using 'CodeIgniter\Session\Handlers\FileHandler' driver.
DEBUG - 2025-09-19 10:35:06 --> User IP: ::1
DEBUG - 2025-09-19 10:35:18 --> Session: Class initialized using 'CodeIgniter\Session\Handlers\FileHandler' driver.
DEBUG - 2025-09-19 10:35:18 --> User IP: ::1
DEBUG - 2025-09-19 10:35:59 --> Session: Class initialized using 'CodeIgniter\Session\Handlers\FileHandler' driver.
DEBUG - 2025-09-19 10:35:59 --> User IP: ::1
DEBUG - 2025-09-19 10:36:19 --> Session: Class initialized using 'CodeIgniter\Session\Handlers\FileHandler' driver.
DEBUG - 2025-09-19 10:36:19 --> User IP: ::1
DEBUG - 2025-09-19 10:36:26 --> Session: Class initialized using 'CodeIgniter\Session\Handlers\FileHandler' driver.
DEBUG - 2025-09-19 10:36:26 --> User IP: ::1
DEBUG - 2025-09-19 10:36:32 --> Session: Class initialized using 'CodeIgniter\Session\Handlers\FileHandler' driver.
DEBUG - 2025-09-19 10:36:32 --> User IP: ::1
DEBUG - 2025-09-19 10:36:58 --> Session: Class initialized using 'CodeIgniter\Session\Handlers\FileHandler' driver.
DEBUG - 2025-09-19 10:36:58 --> User IP: ::1
DEBUG - 2025-09-19 10:37:25 --> Session: Class initialized using 'CodeIgniter\Session\Handlers\FileHandler' driver.
DEBUG - 2025-09-19 10:37:25 --> User IP: ::1
DEBUG - 2025-09-19 10:37:25 --> User ID: 23, Date: 2025-09-16
DEBUG - 2025-09-19 10:37:32 --> Session: Class initialized using 'CodeIgniter\Session\Handlers\FileHandler' driver.
DEBUG - 2025-09-19 10:37:32 --> User IP: ::1
DEBUG - 2025-09-19 10:37:32 --> User ID: 23, Date: 2025-09-12
DEBUG - 2025-09-19 10:37:35 --> Session: Class initialized using 'CodeIgniter\Session\Handlers\FileHandler' driver.
DEBUG - 2025-09-19 10:37:35 --> User IP: ::1
DEBUG - 2025-09-19 10:37:35 --> User ID: 23, Date: 2025-09-16
DEBUG - 2025-09-19 10:38:21 --> Session: Class initialized using 'CodeIgniter\Session\Handlers\FileHandler' driver.
DEBUG - 2025-09-19 10:38:21 --> User IP: ::1
DEBUG - 2025-09-19 10:38:24 --> Session: Class initialized using 'CodeIgniter\Session\Handlers\FileHandler' driver.
DEBUG - 2025-09-19 10:38:24 --> User IP: ::1
DEBUG - 2025-09-19 10:38:24 --> User ID: 23, Date: 2025-09-16
DEBUG - 2025-09-19 10:38:25 --> Session: Class initialized using 'CodeIgniter\Session\Handlers\FileHandler' driver.
DEBUG - 2025-09-19 10:38:25 --> User IP: ::1
DEBUG - 2025-09-19 10:38:25 --> User ID: 23, Date: 2025-09-15
DEBUG - 2025-09-19 10:38:29 --> Session: Class initialized using 'CodeIgniter\Session\Handlers\FileHandler' driver.
DEBUG - 2025-09-19 10:38:29 --> User IP: ::1
DEBUG - 2025-09-19 10:38:29 --> User ID: 23, Date: 2025-09-16
DEBUG - 2025-09-19 10:38:31 --> Session: Class initialized using 'CodeIgniter\Session\Handlers\FileHandler' driver.
DEBUG - 2025-09-19 10:38:31 --> User IP: ::1
DEBUG - 2025-09-19 10:38:31 --> User ID: 23, Date: 2025-09-14
DEBUG - 2025-09-19 10:40:34 --> Session: Class initialized using 'CodeIgniter\Session\Handlers\FileHandler' driver.
DEBUG - 2025-09-19 10:40:34 --> User IP: ::1
DEBUG - 2025-09-19 10:40:36 --> Session: Class initialized using 'CodeIgniter\Session\Handlers\FileHandler' driver.
DEBUG - 2025-09-19 10:40:36 --> User IP: ::1
DEBUG - 2025-09-19 10:40:36 --> User ID: 23, Date: 2025-09-15
DEBUG - 2025-09-19 10:41:00 --> Session: Class initialized using 'CodeIgniter\Session\Handlers\FileHandler' driver.
DEBUG - 2025-09-19 10:41:00 --> User IP: ::1
DEBUG - 2025-09-19 10:41:07 --> Session: Class initialized using 'CodeIgniter\Session\Handlers\FileHandler' driver.
DEBUG - 2025-09-19 10:41:07 --> User IP: ::1
DEBUG - 2025-09-19 10:41:26 --> Session: Class initialized using 'CodeIgniter\Session\Handlers\FileHandler' driver.
DEBUG - 2025-09-19 10:41:26 --> User IP: ::1
DEBUG - 2025-09-19 11:02:53 --> Session: Class initialized using 'CodeIgniter\Session\Handlers\FileHandler' driver.
DEBUG - 2025-09-19 11:02:53 --> User IP: ::1
DEBUG - 2025-09-19 11:02:54 --> Session: Class initialized using 'CodeIgniter\Session\Handlers\FileHandler' driver.
DEBUG - 2025-09-19 11:02:54 --> User IP: ::1
DEBUG - 2025-09-19 11:03:44 --> Session: Class initialized using 'CodeIgniter\Session\Handlers\FileHandler' driver.
DEBUG - 2025-09-19 11:03:44 --> User IP: ::1
DEBUG - 2025-09-19 11:04:06 --> Session: Class initialized using 'CodeIgniter\Session\Handlers\FileHandler' driver.
DEBUG - 2025-09-19 11:04:06 --> User IP: ::1
DEBUG - 2025-09-19 11:09:14 --> Session: Class initialized using 'CodeIgniter\Session\Handlers\FileHandler' driver.
DEBUG - 2025-09-19 11:09:14 --> User IP: ::1
DEBUG - 2025-09-19 11:09:40 --> Session: Class initialized using 'CodeIgniter\Session\Handlers\FileHandler' driver.
DEBUG - 2025-09-19 11:09:40 --> User IP: ::1
DEBUG - 2025-09-19 11:09:43 --> Session: Class initialized using 'CodeIgniter\Session\Handlers\FileHandler' driver.
DEBUG - 2025-09-19 11:09:43 --> User IP: ::1
DEBUG - 2025-09-19 11:10:02 --> Session: Class initialized using 'CodeIgniter\Session\Handlers\FileHandler' driver.
DEBUG - 2025-09-19 11:10:02 --> User IP: ::1
DEBUG - 2025-09-19 11:10:13 --> Session: Class initialized using 'CodeIgniter\Session\Handlers\FileHandler' driver.
DEBUG - 2025-09-19 11:10:13 --> User IP: ::1
DEBUG - 2025-09-19 11:10:16 --> Session: Class initialized using 'CodeIgniter\Session\Handlers\FileHandler' driver.
DEBUG - 2025-09-19 11:10:16 --> User IP: ::1
DEBUG - 2025-09-19 11:10:36 --> Session: Class initialized using 'CodeIgniter\Session\Handlers\FileHandler' driver.
DEBUG - 2025-09-19 11:10:36 --> User IP: ::1
DEBUG - 2025-09-19 11:10:48 --> Session: Class initialized using 'CodeIgniter\Session\Handlers\FileHandler' driver.
DEBUG - 2025-09-19 11:10:48 --> User IP: ::1
DEBUG - 2025-09-19 11:10:49 --> Session: Class initialized using 'CodeIgniter\Session\Handlers\FileHandler' driver.
DEBUG - 2025-09-19 11:10:49 --> User IP: ::1
DEBUG - 2025-09-19 11:10:50 --> Session: Class initialized using 'CodeIgniter\Session\Handlers\FileHandler' driver.
DEBUG - 2025-09-19 11:10:50 --> User IP: ::1
DEBUG - 2025-09-19 11:11:20 --> Session: Class initialized using 'CodeIgniter\Session\Handlers\FileHandler' driver.
DEBUG - 2025-09-19 11:11:20 --> User IP: ::1
DEBUG - 2025-09-19 11:11:45 --> Session: Class initialized using 'CodeIgniter\Session\Handlers\FileHandler' driver.
DEBUG - 2025-09-19 11:11:45 --> User IP: ::1
DEBUG - 2025-09-19 11:11:53 --> Session: Class initialized using 'CodeIgniter\Session\Handlers\FileHandler' driver.
DEBUG - 2025-09-19 11:11:53 --> User IP: ::1
DEBUG - 2025-09-19 11:12:03 --> Session: Class initialized using 'CodeIgniter\Session\Handlers\FileHandler' driver.
DEBUG - 2025-09-19 11:12:03 --> User IP: ::1
DEBUG - 2025-09-19 11:12:07 --> Session: Class initialized using 'CodeIgniter\Session\Handlers\FileHandler' driver.
DEBUG - 2025-09-19 11:12:07 --> User IP: ::1
DEBUG - 2025-09-19 11:12:10 --> Session: Class initialized using 'CodeIgniter\Session\Handlers\FileHandler' driver.
DEBUG - 2025-09-19 11:12:10 --> User IP: ::1
DEBUG - 2025-09-19 11:13:57 --> Session: Class initialized using 'CodeIgniter\Session\Handlers\FileHandler' driver.
DEBUG - 2025-09-19 11:13:57 --> User IP: ::1
DEBUG - 2025-09-19 11:14:26 --> Session: Class initialized using 'CodeIgniter\Session\Handlers\FileHandler' driver.
DEBUG - 2025-09-19 11:14:26 --> User IP: ::1
DEBUG - 2025-09-19 11:14:29 --> Session: Class initialized using 'CodeIgniter\Session\Handlers\FileHandler' driver.
DEBUG - 2025-09-19 11:14:29 --> User IP: ::1
DEBUG - 2025-09-19 11:14:38 --> Session: Class initialized using 'CodeIgniter\Session\Handlers\FileHandler' driver.
DEBUG - 2025-09-19 11:14:38 --> User IP: ::1
DEBUG - 2025-09-19 11:15:06 --> Session: Class initialized using 'CodeIgniter\Session\Handlers\FileHandler' driver.
DEBUG - 2025-09-19 11:15:06 --> User IP: ::1
DEBUG - 2025-09-19 11:15:26 --> Session: Class initialized using 'CodeIgniter\Session\Handlers\FileHandler' driver.
DEBUG - 2025-09-19 11:15:26 --> User IP: ::1
DEBUG - 2025-09-19 11:18:26 --> Session: Class initialized using 'CodeIgniter\Session\Handlers\FileHandler' driver.
DEBUG - 2025-09-19 11:18:26 --> User IP: ::1
DEBUG - 2025-09-19 11:21:42 --> Session: Class initialized using 'CodeIgniter\Session\Handlers\FileHandler' driver.
DEBUG - 2025-09-19 11:21:42 --> User IP: ::1
DEBUG - 2025-09-19 11:22:11 --> Session: Class initialized using 'CodeIgniter\Session\Handlers\FileHandler' driver.
DEBUG - 2025-09-19 11:22:11 --> User IP: ::1
DEBUG - 2025-09-19 11:22:24 --> Session: Class initialized using 'CodeIgniter\Session\Handlers\FileHandler' driver.
DEBUG - 2025-09-19 11:22:24 --> User IP: ::1
DEBUG - 2025-09-19 11:22:36 --> Session: Class initialized using 'CodeIgniter\Session\Handlers\FileHandler' driver.
DEBUG - 2025-09-19 11:22:36 --> User IP: ::1
DEBUG - 2025-09-19 11:23:41 --> Session: Class initialized using 'CodeIgniter\Session\Handlers\FileHandler' driver.
DEBUG - 2025-09-19 11:23:41 --> User IP: ::1
DEBUG - 2025-09-19 11:23:56 --> Session: Class initialized using 'CodeIgniter\Session\Handlers\FileHandler' driver.
DEBUG - 2025-09-19 11:23:56 --> User IP: ::1
DEBUG - 2025-09-19 11:24:06 --> Session: Class initialized using 'CodeIgniter\Session\Handlers\FileHandler' driver.
DEBUG - 2025-09-19 11:24:06 --> User IP: ::1
DEBUG - 2025-09-19 11:24:14 --> Session: Class initialized using 'CodeIgniter\Session\Handlers\FileHandler' driver.
DEBUG - 2025-09-19 11:24:14 --> User IP: ::1
DEBUG - 2025-09-19 11:24:43 --> Session: Class initialized using 'CodeIgniter\Session\Handlers\FileHandler' driver.
DEBUG - 2025-09-19 11:24:43 --> User IP: ::1
DEBUG - 2025-09-19 11:25:18 --> Session: Class initialized using 'CodeIgniter\Session\Handlers\FileHandler' driver.
DEBUG - 2025-09-19 11:25:18 --> User IP: ::1
DEBUG - 2025-09-19 11:27:37 --> Session: Class initialized using 'CodeIgniter\Session\Handlers\FileHandler' driver.
DEBUG - 2025-09-19 11:27:37 --> User IP: ::1
DEBUG - 2025-09-19 11:27:47 --> Session: Class initialized using 'CodeIgniter\Session\Handlers\FileHandler' driver.
DEBUG - 2025-09-19 11:27:47 --> User IP: ::1
DEBUG - 2025-09-19 11:27:54 --> Session: Class initialized using 'CodeIgniter\Session\Handlers\FileHandler' driver.
DEBUG - 2025-09-19 11:27:54 --> User IP: ::1
DEBUG - 2025-09-19 11:28:26 --> Session: Class initialized using 'CodeIgniter\Session\Handlers\FileHandler' driver.
DEBUG - 2025-09-19 11:28:26 --> User IP: ::1
DEBUG - 2025-09-19 11:29:09 --> Session: Class initialized using 'CodeIgniter\Session\Handlers\FileHandler' driver.
DEBUG - 2025-09-19 11:29:09 --> User IP: ::1
DEBUG - 2025-09-19 11:29:16 --> Session: Class initialized using 'CodeIgniter\Session\Handlers\FileHandler' driver.
DEBUG - 2025-09-19 11:29:16 --> User IP: ::1
DEBUG - 2025-09-19 11:29:54 --> Session: Class initialized using 'CodeIgniter\Session\Handlers\FileHandler' driver.
DEBUG - 2025-09-19 11:29:54 --> User IP: ::1
DEBUG - 2025-09-19 11:31:01 --> Session: Class initialized using 'CodeIgniter\Session\Handlers\FileHandler' driver.
DEBUG - 2025-09-19 11:31:01 --> User IP: ::1
DEBUG - 2025-09-19 11:31:49 --> Session: Class initialized using 'CodeIgniter\Session\Handlers\FileHandler' driver.
DEBUG - 2025-09-19 11:31:49 --> User IP: ::1
DEBUG - 2025-09-19 11:32:35 --> Session: Class initialized using 'CodeIgniter\Session\Handlers\FileHandler' driver.
DEBUG - 2025-09-19 11:32:35 --> User IP: ::1
DEBUG - 2025-09-19 11:32:44 --> Session: Class initialized using 'CodeIgniter\Session\Handlers\FileHandler' driver.
DEBUG - 2025-09-19 11:32:44 --> User IP: ::1
DEBUG - 2025-09-19 11:33:34 --> Session: Class initialized using 'CodeIgniter\Session\Handlers\FileHandler' driver.
DEBUG - 2025-09-19 11:33:34 --> User IP: ::1
DEBUG - 2025-09-19 11:33:34 --> User ID: 23, Date: 2025-08-25
DEBUG - 2025-09-19 11:34:35 --> Session: Class initialized using 'CodeIgniter\Session\Handlers\FileHandler' driver.
DEBUG - 2025-09-19 11:34:35 --> User IP: ::1
DEBUG - 2025-09-19 11:34:38 --> Session: Class initialized using 'CodeIgniter\Session\Handlers\FileHandler' driver.
DEBUG - 2025-09-19 11:34:38 --> User IP: ::1
DEBUG - 2025-09-19 11:36:32 --> Session: Class initialized using 'CodeIgniter\Session\Handlers\FileHandler' driver.
DEBUG - 2025-09-19 11:36:32 --> User IP: ::1
DEBUG - 2025-09-19 11:42:07 --> Session: Class initialized using 'CodeIgniter\Session\Handlers\FileHandler' driver.
DEBUG - 2025-09-19 11:42:07 --> User IP: ::1
DEBUG - 2025-09-19 11:42:15 --> Session: Class initialized using 'CodeIgniter\Session\Handlers\FileHandler' driver.
DEBUG - 2025-09-19 11:42:15 --> User IP: ::1
DEBUG - 2025-09-19 11:42:24 --> Session: Class initialized using 'CodeIgniter\Session\Handlers\FileHandler' driver.
DEBUG - 2025-09-19 11:42:24 --> User IP: ::1
DEBUG - 2025-09-19 11:42:31 --> Session: Class initialized using 'CodeIgniter\Session\Handlers\FileHandler' driver.
DEBUG - 2025-09-19 11:42:31 --> User IP: ::1
DEBUG - 2025-09-19 11:42:31 --> User ID: 23, Date: 2025-09-16
DEBUG - 2025-09-19 11:42:32 --> Session: Class initialized using 'CodeIgniter\Session\Handlers\FileHandler' driver.
DEBUG - 2025-09-19 11:42:32 --> User IP: ::1
DEBUG - 2025-09-19 11:42:32 --> User ID: 23, Date: 2025-09-15
DEBUG - 2025-09-19 11:42:34 --> Session: Class initialized using 'CodeIgniter\Session\Handlers\FileHandler' driver.
DEBUG - 2025-09-19 11:42:34 --> User IP: ::1
DEBUG - 2025-09-19 11:42:34 --> User ID: 23, Date: 2025-09-14
DEBUG - 2025-09-19 11:42:35 --> Session: Class initialized using 'CodeIgniter\Session\Handlers\FileHandler' driver.
DEBUG - 2025-09-19 11:42:35 --> User IP: ::1
DEBUG - 2025-09-19 11:42:35 --> User ID: 23, Date: 2025-09-13
DEBUG - 2025-09-19 11:42:35 --> Session: Class initialized using 'CodeIgniter\Session\Handlers\FileHandler' driver.
DEBUG - 2025-09-19 11:42:35 --> User IP: ::1
DEBUG - 2025-09-19 11:42:36 --> User ID: 23, Date: 2025-09-14
DEBUG - 2025-09-19 11:42:37 --> Session: Class initialized using 'CodeIgniter\Session\Handlers\FileHandler' driver.
DEBUG - 2025-09-19 11:42:37 --> User IP: ::1
DEBUG - 2025-09-19 11:42:37 --> User ID: 23, Date: 2025-09-13
DEBUG - 2025-09-19 11:42:38 --> Session: Class initialized using 'CodeIgniter\Session\Handlers\FileHandler' driver.
DEBUG - 2025-09-19 11:42:38 --> User IP: ::1
DEBUG - 2025-09-19 11:42:38 --> User ID: 23, Date: 2025-09-12
DEBUG - 2025-09-19 11:42:39 --> Session: Class initialized using 'CodeIgniter\Session\Handlers\FileHandler' driver.
DEBUG - 2025-09-19 11:42:39 --> User IP: ::1
DEBUG - 2025-09-19 11:42:39 --> User ID: 23, Date: 2025-09-11
DEBUG - 2025-09-19 11:43:57 --> Session: Class initialized using 'CodeIgniter\Session\Handlers\FileHandler' driver.
DEBUG - 2025-09-19 11:43:57 --> User IP: ::1
DEBUG - 2025-09-19 11:44:02 --> Session: Class initialized using 'CodeIgniter\Session\Handlers\FileHandler' driver.
DEBUG - 2025-09-19 11:44:02 --> User IP: ::1
DEBUG - 2025-09-19 11:44:11 --> Session: Class initialized using 'CodeIgniter\Session\Handlers\FileHandler' driver.
DEBUG - 2025-09-19 11:44:11 --> User IP: ::1
DEBUG - 2025-09-19 11:44:34 --> Session: Class initialized using 'CodeIgniter\Session\Handlers\FileHandler' driver.
DEBUG - 2025-09-19 11:44:34 --> User IP: ::1
DEBUG - 2025-09-19 11:44:45 --> Session: Class initialized using 'CodeIgniter\Session\Handlers\FileHandler' driver.
DEBUG - 2025-09-19 11:44:45 --> User IP: ::1
DEBUG - 2025-09-19 11:45:22 --> Session: Class initialized using 'CodeIgniter\Session\Handlers\FileHandler' driver.
DEBUG - 2025-09-19 11:45:22 --> User IP: ::1
DEBUG - 2025-09-19 11:45:59 --> Session: Class initialized using 'CodeIgniter\Session\Handlers\FileHandler' driver.
DEBUG - 2025-09-19 11:45:59 --> User IP: ::1
DEBUG - 2025-09-19 11:45:59 --> User ID: 23, Date: 2025-09-15
DEBUG - 2025-09-19 11:46:17 --> Session: Class initialized using 'CodeIgniter\Session\Handlers\FileHandler' driver.
DEBUG - 2025-09-19 11:46:17 --> User IP: ::1
DEBUG - 2025-09-19 11:46:19 --> Session: Class initialized using 'CodeIgniter\Session\Handlers\FileHandler' driver.
DEBUG - 2025-09-19 11:46:19 --> User IP: ::1
DEBUG - 2025-09-19 11:46:19 --> User ID: 23, Date: 2025-09-15
DEBUG - 2025-09-19 11:47:13 --> Session: Class initialized using 'CodeIgniter\Session\Handlers\FileHandler' driver.
DEBUG - 2025-09-19 11:47:13 --> User IP: ::1
DEBUG - 2025-09-19 11:47:17 --> Session: Class initialized using 'CodeIgniter\Session\Handlers\FileHandler' driver.
DEBUG - 2025-09-19 11:47:17 --> User IP: ::1
DEBUG - 2025-09-19 11:47:17 --> User ID: 23, Date: 2025-09-13
DEBUG - 2025-09-19 11:47:24 --> Session: Class initialized using 'CodeIgniter\Session\Handlers\FileHandler' driver.
DEBUG - 2025-09-19 11:47:24 --> User IP: ::1
DEBUG - 2025-09-19 11:47:27 --> Session: Class initialized using 'CodeIgniter\Session\Handlers\FileHandler' driver.
DEBUG - 2025-09-19 11:47:27 --> User IP: ::1
DEBUG - 2025-09-19 11:47:27 --> User ID: 23, Date: 2025-09-13
DEBUG - 2025-09-19 11:48:41 --> Session: Class initialized using 'CodeIgniter\Session\Handlers\FileHandler' driver.
DEBUG - 2025-09-19 11:48:41 --> User IP: ::1
DEBUG - 2025-09-19 11:48:42 --> Session: Class initialized using 'CodeIgniter\Session\Handlers\FileHandler' driver.
DEBUG - 2025-09-19 11:48:42 --> User IP: ::1
DEBUG - 2025-09-19 11:48:42 --> User ID: 23, Date: 2025-09-14
DEBUG - 2025-09-19 11:48:43 --> Session: Class initialized using 'CodeIgniter\Session\Handlers\FileHandler' driver.
DEBUG - 2025-09-19 11:48:43 --> User IP: ::1
DEBUG - 2025-09-19 11:48:43 --> User ID: 23, Date: 2025-09-15
DEBUG - 2025-09-19 11:48:57 --> Session: Class initialized using 'CodeIgniter\Session\Handlers\FileHandler' driver.
DEBUG - 2025-09-19 11:48:57 --> User IP: ::1
DEBUG - 2025-09-19 11:48:59 --> Session: Class initialized using 'CodeIgniter\Session\Handlers\FileHandler' driver.
DEBUG - 2025-09-19 11:48:59 --> User IP: ::1
DEBUG - 2025-09-19 11:48:59 --> User ID: 23, Date: 2025-09-16
DEBUG - 2025-09-19 11:49:01 --> Session: Class initialized using 'CodeIgniter\Session\Handlers\FileHandler' driver.
DEBUG - 2025-09-19 11:49:01 --> User IP: ::1
DEBUG - 2025-09-19 11:49:04 --> Session: Class initialized using 'CodeIgniter\Session\Handlers\FileHandler' driver.
DEBUG - 2025-09-19 11:49:04 --> User IP: ::1
DEBUG - 2025-09-19 11:49:04 --> User ID: 23, Date: 2025-09-16
DEBUG - 2025-09-19 11:50:17 --> Session: Class initialized using 'CodeIgniter\Session\Handlers\FileHandler' driver.
DEBUG - 2025-09-19 11:50:17 --> User IP: ::1
DEBUG - 2025-09-19 11:50:19 --> Session: Class initialized using 'CodeIgniter\Session\Handlers\FileHandler' driver.
DEBUG - 2025-09-19 11:50:19 --> User IP: ::1
DEBUG - 2025-09-19 11:50:19 --> User ID: 23, Date: 2025-09-15
DEBUG - 2025-09-19 11:50:31 --> Session: Class initialized using 'CodeIgniter\Session\Handlers\FileHandler' driver.
DEBUG - 2025-09-19 11:50:31 --> User IP: ::1
DEBUG - 2025-09-19 11:50:34 --> Session: Class initialized using 'CodeIgniter\Session\Handlers\FileHandler' driver.
DEBUG - 2025-09-19 11:50:34 --> User IP: ::1
DEBUG - 2025-09-19 11:50:34 --> User ID: 23, Date: 2025-09-15
DEBUG - 2025-09-19 11:50:43 --> Session: Class initialized using 'CodeIgniter\Session\Handlers\FileHandler' driver.
DEBUG - 2025-09-19 11:50:43 --> User IP: ::1
DEBUG - 2025-09-19 11:50:45 --> Session: Class initialized using 'CodeIgniter\Session\Handlers\FileHandler' driver.
DEBUG - 2025-09-19 11:50:45 --> User IP: ::1
DEBUG - 2025-09-19 11:50:45 --> User ID: 23, Date: 2025-09-16
DEBUG - 2025-09-19 11:51:05 --> Session: Class initialized using 'CodeIgniter\Session\Handlers\FileHandler' driver.
DEBUG - 2025-09-19 11:51:05 --> User IP: ::1
DEBUG - 2025-09-19 11:51:10 --> Session: Class initialized using 'CodeIgniter\Session\Handlers\FileHandler' driver.
DEBUG - 2025-09-19 11:51:10 --> User IP: ::1
DEBUG - 2025-09-19 11:51:10 --> User ID: 23, Date: 2025-09-14
DEBUG - 2025-09-19 11:51:12 --> Session: Class initialized using 'CodeIgniter\Session\Handlers\FileHandler' driver.
DEBUG - 2025-09-19 11:51:12 --> User IP: ::1
DEBUG - 2025-09-19 11:51:12 --> User ID: 23, Date: 2025-09-15
DEBUG - 2025-09-19 11:51:30 --> Session: Class initialized using 'CodeIgniter\Session\Handlers\FileHandler' driver.
DEBUG - 2025-09-19 11:51:30 --> User IP: ::1
DEBUG - 2025-09-19 11:51:38 --> Session: Class initialized using 'CodeIgniter\Session\Handlers\FileHandler' driver.
DEBUG - 2025-09-19 11:51:38 --> User IP: ::1
DEBUG - 2025-09-19 11:51:45 --> Session: Class initialized using 'CodeIgniter\Session\Handlers\FileHandler' driver.
DEBUG - 2025-09-19 11:51:45 --> User IP: ::1
DEBUG - 2025-09-19 11:52:31 --> Session: Class initialized using 'CodeIgniter\Session\Handlers\FileHandler' driver.
DEBUG - 2025-09-19 11:52:31 --> User IP: ::1
DEBUG - 2025-09-19 11:52:32 --> Session: Class initialized using 'CodeIgniter\Session\Handlers\FileHandler' driver.
DEBUG - 2025-09-19 11:52:32 --> User IP: ::1
DEBUG - 2025-09-19 11:52:33 --> Session: Class initialized using 'CodeIgniter\Session\Handlers\FileHandler' driver.
DEBUG - 2025-09-19 11:52:33 --> User IP: ::1
DEBUG - 2025-09-19 11:53:06 --> Session: Class initialized using 'CodeIgniter\Session\Handlers\FileHandler' driver.
DEBUG - 2025-09-19 11:53:06 --> User IP: ::1
DEBUG - 2025-09-19 11:53:08 --> Session: Class initialized using 'CodeIgniter\Session\Handlers\FileHandler' driver.
DEBUG - 2025-09-19 11:53:08 --> User IP: ::1
DEBUG - 2025-09-19 11:53:34 --> Session: Class initialized using 'CodeIgniter\Session\Handlers\FileHandler' driver.
DEBUG - 2025-09-19 11:53:34 --> User IP: ::1
DEBUG - 2025-09-19 11:53:36 --> Session: Class initialized using 'CodeIgniter\Session\Handlers\FileHandler' driver.
DEBUG - 2025-09-19 11:53:36 --> User IP: ::1
DEBUG - 2025-09-19 11:55:20 --> Session: Class initialized using 'CodeIgniter\Session\Handlers\FileHandler' driver.
DEBUG - 2025-09-19 11:55:20 --> User IP: ::1
DEBUG - 2025-09-19 11:57:28 --> Session: Class initialized using 'CodeIgniter\Session\Handlers\FileHandler' driver.
DEBUG - 2025-09-19 11:57:28 --> User IP: ::1
DEBUG - 2025-09-19 11:57:41 --> Session: Class initialized using 'CodeIgniter\Session\Handlers\FileHandler' driver.
DEBUG - 2025-09-19 11:57:41 --> User IP: ::1
DEBUG - 2025-09-19 11:57:44 --> Session: Class initialized using 'CodeIgniter\Session\Handlers\FileHandler' driver.
DEBUG - 2025-09-19 11:57:44 --> User IP: ::1
DEBUG - 2025-09-19 11:57:53 --> Session: Class initialized using 'CodeIgniter\Session\Handlers\FileHandler' driver.
DEBUG - 2025-09-19 11:57:53 --> User IP: ::1
DEBUG - 2025-09-19 11:58:03 --> Session: Class initialized using 'CodeIgniter\Session\Handlers\FileHandler' driver.
DEBUG - 2025-09-19 11:58:03 --> User IP: ::1
DEBUG - 2025-09-19 11:59:40 --> Session: Class initialized using 'CodeIgniter\Session\Handlers\FileHandler' driver.
DEBUG - 2025-09-19 11:59:40 --> User IP: ::1
DEBUG - 2025-09-19 11:59:44 --> Session: Class initialized using 'CodeIgniter\Session\Handlers\FileHandler' driver.
DEBUG - 2025-09-19 11:59:44 --> User IP: ::1
DEBUG - 2025-09-19 11:59:44 --> User ID: 23, Date: 2025-09-15
DEBUG - 2025-09-19 11:59:55 --> Session: Class initialized using 'CodeIgniter\Session\Handlers\FileHandler' driver.
DEBUG - 2025-09-19 11:59:55 --> User IP: ::1
DEBUG - 2025-09-19 11:59:59 --> Session: Class initialized using 'CodeIgniter\Session\Handlers\FileHandler' driver.
DEBUG - 2025-09-19 11:59:59 --> User IP: ::1
DEBUG - 2025-09-19 11:59:59 --> User ID: 23, Date: 2025-09-16
DEBUG - 2025-09-19 12:00:47 --> Session: Class initialized using 'CodeIgniter\Session\Handlers\FileHandler' driver.
DEBUG - 2025-09-19 12:00:47 --> User IP: ::1
DEBUG - 2025-09-19 12:00:55 --> Session: Class initialized using 'CodeIgniter\Session\Handlers\FileHandler' driver.
DEBUG - 2025-09-19 12:00:55 --> User IP: ::1
DEBUG - 2025-09-19 12:01:20 --> Session: Class initialized using 'CodeIgniter\Session\Handlers\FileHandler' driver.
DEBUG - 2025-09-19 12:01:20 --> User IP: ::1
DEBUG - 2025-09-19 12:01:25 --> Session: Class initialized using 'CodeIgniter\Session\Handlers\FileHandler' driver.
DEBUG - 2025-09-19 12:01:25 --> User IP: ::1
DEBUG - 2025-09-19 12:01:25 --> User ID: 23, Date: 2025-09-13
DEBUG - 2025-09-19 12:01:27 --> Session: Class initialized using 'CodeIgniter\Session\Handlers\FileHandler' driver.
DEBUG - 2025-09-19 12:01:27 --> User IP: ::1
DEBUG - 2025-09-19 12:01:27 --> User ID: 23, Date: 2025-09-15
DEBUG - 2025-09-19 12:01:28 --> Session: Class initialized using 'CodeIgniter\Session\Handlers\FileHandler' driver.
DEBUG - 2025-09-19 12:01:28 --> User IP: ::1
DEBUG - 2025-09-19 12:01:28 --> User ID: 23, Date: 2025-09-16
DEBUG - 2025-09-19 12:02:20 --> Session: Class initialized using 'CodeIgniter\Session\Handlers\FileHandler' driver.
DEBUG - 2025-09-19 12:02:20 --> User IP: ::1
DEBUG - 2025-09-19 12:02:33 --> Session: Class initialized using 'CodeIgniter\Session\Handlers\FileHandler' driver.
DEBUG - 2025-09-19 12:02:33 --> User IP: ::1
DEBUG - 2025-09-19 12:02:48 --> Session: Class initialized using 'CodeIgniter\Session\Handlers\FileHandler' driver.
DEBUG - 2025-09-19 12:02:48 --> User IP: ::1
DEBUG - 2025-09-19 12:02:52 --> Session: Class initialized using 'CodeIgniter\Session\Handlers\FileHandler' driver.
DEBUG - 2025-09-19 12:02:52 --> User IP: ::1
DEBUG - 2025-09-19 12:04:01 --> Session: Class initialized using 'CodeIgniter\Session\Handlers\FileHandler' driver.
DEBUG - 2025-09-19 12:04:02 --> User IP: ::1
DEBUG - 2025-09-19 12:04:06 --> Session: Class initialized using 'CodeIgniter\Session\Handlers\FileHandler' driver.
DEBUG - 2025-09-19 12:04:06 --> User IP: ::1
DEBUG - 2025-09-19 12:04:28 --> Session: Class initialized using 'CodeIgniter\Session\Handlers\FileHandler' driver.
DEBUG - 2025-09-19 12:04:28 --> User IP: ::1
DEBUG - 2025-09-19 12:04:35 --> Session: Class initialized using 'CodeIgniter\Session\Handlers\FileHandler' driver.
DEBUG - 2025-09-19 12:04:35 --> User IP: ::1
DEBUG - 2025-09-19 12:04:46 --> Session: Class initialized using 'CodeIgniter\Session\Handlers\FileHandler' driver.
DEBUG - 2025-09-19 12:04:46 --> User IP: ::1
DEBUG - 2025-09-19 12:04:46 --> User ID: 23, Date: 2025-09-16
DEBUG - 2025-09-19 12:04:47 --> Session: Class initialized using 'CodeIgniter\Session\Handlers\FileHandler' driver.
DEBUG - 2025-09-19 12:04:47 --> User IP: ::1
DEBUG - 2025-09-19 12:04:47 --> User ID: 23, Date: 2025-09-15
DEBUG - 2025-09-19 12:04:50 --> Session: Class initialized using 'CodeIgniter\Session\Handlers\FileHandler' driver.
DEBUG - 2025-09-19 12:04:50 --> User IP: ::1
DEBUG - 2025-09-19 12:04:50 --> User ID: 23, Date: 2025-09-13
DEBUG - 2025-09-19 12:06:12 --> Session: Class initialized using 'CodeIgniter\Session\Handlers\FileHandler' driver.
DEBUG - 2025-09-19 12:06:12 --> User IP: ::1
DEBUG - 2025-09-19 12:06:14 --> Session: Class initialized using 'CodeIgniter\Session\Handlers\FileHandler' driver.
DEBUG - 2025-09-19 12:06:14 --> User IP: ::1
DEBUG - 2025-09-19 12:06:49 --> Session: Class initialized using 'CodeIgniter\Session\Handlers\FileHandler' driver.
DEBUG - 2025-09-19 12:06:49 --> User IP: ::1
DEBUG - 2025-09-19 12:07:12 --> Session: Class initialized using 'CodeIgniter\Session\Handlers\FileHandler' driver.
DEBUG - 2025-09-19 12:07:12 --> User IP: ::1
DEBUG - 2025-09-19 12:07:27 --> Session: Class initialized using 'CodeIgniter\Session\Handlers\FileHandler' driver.
DEBUG - 2025-09-19 12:07:27 --> User IP: ::1
DEBUG - 2025-09-19 12:07:31 --> Session: Class initialized using 'CodeIgniter\Session\Handlers\FileHandler' driver.
DEBUG - 2025-09-19 12:07:31 --> User IP: ::1
DEBUG - 2025-09-19 12:07:31 --> User ID: 23, Date: 2025-09-16
DEBUG - 2025-09-19 12:07:38 --> Session: Class initialized using 'CodeIgniter\Session\Handlers\FileHandler' driver.
DEBUG - 2025-09-19 12:07:38 --> User IP: ::1
DEBUG - 2025-09-19 12:07:44 --> Session: Class initialized using 'CodeIgniter\Session\Handlers\FileHandler' driver.
DEBUG - 2025-09-19 12:07:44 --> User IP: ::1
DEBUG - 2025-09-19 12:08:34 --> Session: Class initialized using 'CodeIgniter\Session\Handlers\FileHandler' driver.
DEBUG - 2025-09-19 12:08:34 --> User IP: ::1
DEBUG - 2025-09-19 12:08:55 --> Session: Class initialized using 'CodeIgniter\Session\Handlers\FileHandler' driver.
DEBUG - 2025-09-19 12:08:55 --> User IP: ::1
DEBUG - 2025-09-19 12:09:09 --> Session: Class initialized using 'CodeIgniter\Session\Handlers\FileHandler' driver.
DEBUG - 2025-09-19 12:09:09 --> User IP: ::1
DEBUG - 2025-09-19 12:09:09 --> User ID: 23, Date: 2025-09-12
DEBUG - 2025-09-19 12:09:09 --> Session: Class initialized using 'CodeIgniter\Session\Handlers\FileHandler' driver.
DEBUG - 2025-09-19 12:09:09 --> User IP: ::1
DEBUG - 2025-09-19 12:09:09 --> User ID: 23, Date: 2025-09-13
DEBUG - 2025-09-19 12:09:49 --> Session: Class initialized using 'CodeIgniter\Session\Handlers\FileHandler' driver.
DEBUG - 2025-09-19 12:09:49 --> User IP: ::1
DEBUG - 2025-09-19 12:09:57 --> Session: Class initialized using 'CodeIgniter\Session\Handlers\FileHandler' driver.
DEBUG - 2025-09-19 12:09:57 --> User IP: ::1
DEBUG - 2025-09-19 12:10:09 --> Session: Class initialized using 'CodeIgniter\Session\Handlers\FileHandler' driver.
DEBUG - 2025-09-19 12:10:09 --> User IP: ::1
DEBUG - 2025-09-19 12:10:23 --> Session: Class initialized using 'CodeIgniter\Session\Handlers\FileHandler' driver.
DEBUG - 2025-09-19 12:10:23 --> User IP: ::1
DEBUG - 2025-09-19 12:10:23 --> User ID: 23, Date: 2025-08-26
DEBUG - 2025-09-19 12:10:35 --> Session: Class initialized using 'CodeIgniter\Session\Handlers\FileHandler' driver.
DEBUG - 2025-09-19 12:10:35 --> User IP: ::1
DEBUG - 2025-09-19 12:10:56 --> Session: Class initialized using 'CodeIgniter\Session\Handlers\FileHandler' driver.
DEBUG - 2025-09-19 12:10:56 --> User IP: ::1
DEBUG - 2025-09-19 12:10:56 --> User ID: 23, Date: 2025-06-24
DEBUG - 2025-09-19 12:12:46 --> Session: Class initialized using 'CodeIgniter\Session\Handlers\FileHandler' driver.
DEBUG - 2025-09-19 12:12:46 --> User IP: ::1
DEBUG - 2025-09-19 12:13:50 --> Session: Class initialized using 'CodeIgniter\Session\Handlers\FileHandler' driver.
DEBUG - 2025-09-19 12:13:50 --> User IP: ::1
DEBUG - 2025-09-19 12:23:28 --> Session: Class initialized using 'CodeIgniter\Session\Handlers\FileHandler' driver.
DEBUG - 2025-09-19 12:23:28 --> User IP: ::1
DEBUG - 2025-09-19 12:23:28 --> User ID: 23, Date: 2025-06-24
DEBUG - 2025-09-19 12:30:51 --> Session: Class initialized using 'CodeIgniter\Session\Handlers\FileHandler' driver.
DEBUG - 2025-09-19 12:30:51 --> User IP: ::1
DEBUG - 2025-09-19 12:31:15 --> Session: Class initialized using 'CodeIgniter\Session\Handlers\FileHandler' driver.
DEBUG - 2025-09-19 12:31:15 --> User IP: ::1
DEBUG - 2025-09-19 12:31:25 --> Session: Class initialized using 'CodeIgniter\Session\Handlers\FileHandler' driver.
DEBUG - 2025-09-19 12:31:25 --> User IP: ::1
DEBUG - 2025-09-19 12:32:18 --> Session: Class initialized using 'CodeIgniter\Session\Handlers\FileHandler' driver.
DEBUG - 2025-09-19 12:32:18 --> User IP: ::1
DEBUG - 2025-09-19 12:32:26 --> Session: Class initialized using 'CodeIgniter\Session\Handlers\FileHandler' driver.
DEBUG - 2025-09-19 12:32:26 --> User IP: ::1
DEBUG - 2025-09-19 12:32:30 --> Session: Class initialized using 'CodeIgniter\Session\Handlers\FileHandler' driver.
DEBUG - 2025-09-19 12:32:30 --> User IP: ::1
DEBUG - 2025-09-19 12:32:40 --> Session: Class initialized using 'CodeIgniter\Session\Handlers\FileHandler' driver.
DEBUG - 2025-09-19 12:32:40 --> User IP: ::1
DEBUG - 2025-09-19 12:33:06 --> Session: Class initialized using 'CodeIgniter\Session\Handlers\FileHandler' driver.
DEBUG - 2025-09-19 12:33:06 --> User IP: ::1
DEBUG - 2025-09-19 12:33:16 --> Session: Class initialized using 'CodeIgniter\Session\Handlers\FileHandler' driver.
DEBUG - 2025-09-19 12:33:16 --> User IP: ::1
DEBUG - 2025-09-19 12:33:35 --> Session: Class initialized using 'CodeIgniter\Session\Handlers\FileHandler' driver.
DEBUG - 2025-09-19 12:33:35 --> User IP: ::1
DEBUG - 2025-09-19 12:33:43 --> Session: Class initialized using 'CodeIgniter\Session\Handlers\FileHandler' driver.
DEBUG - 2025-09-19 12:33:43 --> User IP: ::1
DEBUG - 2025-09-19 12:33:53 --> Session: Class initialized using 'CodeIgniter\Session\Handlers\FileHandler' driver.
DEBUG - 2025-09-19 12:33:53 --> User IP: ::1
DEBUG - 2025-09-19 12:34:00 --> Session: Class initialized using 'CodeIgniter\Session\Handlers\FileHandler' driver.
DEBUG - 2025-09-19 12:34:00 --> User IP: ::1
DEBUG - 2025-09-19 12:34:00 --> User ID: 23, Date: 2025-06-24
DEBUG - 2025-09-19 12:34:04 --> Session: Class initialized using 'CodeIgniter\Session\Handlers\FileHandler' driver.
DEBUG - 2025-09-19 12:34:04 --> User IP: ::1
DEBUG - 2025-09-19 12:34:04 --> User ID: 23, Date: 2025-06-23
DEBUG - 2025-09-19 12:34:04 --> Session: Class initialized using 'CodeIgniter\Session\Handlers\FileHandler' driver.
DEBUG - 2025-09-19 12:34:04 --> User IP: ::1
DEBUG - 2025-09-19 12:34:04 --> User ID: 23, Date: 2025-06-24
DEBUG - 2025-09-19 12:34:30 --> Session: Class initialized using 'CodeIgniter\Session\Handlers\FileHandler' driver.
DEBUG - 2025-09-19 12:34:30 --> User IP: ::1
