DEBUG - 2025-09-24 05:56:44 --> Session: Class initialized using 'CodeIgniter\Session\Handlers\FileHandler' driver.
DEBUG - 2025-09-24 05:56:44 --> User IP: ::1
DEBUG - 2025-09-24 05:56:45 --> Session: Class initialized using 'CodeIgniter\Session\Handlers\FileHandler' driver.
DEBUG - 2025-09-24 05:56:47 --> Session: Class initialized using 'CodeIgniter\Session\Handlers\FileHandler' driver.
DEBUG - 2025-09-24 05:56:47 --> User IP: ::1
DEBUG - 2025-09-24 05:56:47 --> Session: Class initialized using 'CodeIgniter\Session\Handlers\FileHandler' driver.
DEBUG - 2025-09-24 05:56:47 --> User IP: ::1
DEBUG - 2025-09-24 05:56:48 --> Session: Class initialized using 'CodeIgniter\Session\Handlers\FileHandler' driver.
DEBUG - 2025-09-24 05:56:48 --> User IP: ::1
DEBUG - 2025-09-24 05:57:55 --> Session: Class initialized using 'CodeIgniter\Session\Handlers\FileHandler' driver.
DEBUG - 2025-09-24 05:57:55 --> User IP: ::1
DEBUG - 2025-09-24 05:57:56 --> Session: Class initialized using 'CodeIgniter\Session\Handlers\FileHandler' driver.
DEBUG - 2025-09-24 05:57:56 --> User IP: ::1
DEBUG - 2025-09-24 05:58:01 --> Session: Class initialized using 'CodeIgniter\Session\Handlers\FileHandler' driver.
DEBUG - 2025-09-24 05:58:01 --> User IP: ::1
DEBUG - 2025-09-24 06:03:38 --> Session: Class initialized using 'CodeIgniter\Session\Handlers\FileHandler' driver.
DEBUG - 2025-09-24 06:03:38 --> User IP: ::1
DEBUG - 2025-09-24 06:03:39 --> Session: Class initialized using 'CodeIgniter\Session\Handlers\FileHandler' driver.
DEBUG - 2025-09-24 06:03:39 --> User IP: ::1
DEBUG - 2025-09-24 06:03:59 --> Session: Class initialized using 'CodeIgniter\Session\Handlers\FileHandler' driver.
DEBUG - 2025-09-24 06:03:59 --> User IP: ::1
DEBUG - 2025-09-24 06:18:14 --> Session: Class initialized using 'CodeIgniter\Session\Handlers\FileHandler' driver.
DEBUG - 2025-09-24 06:18:14 --> User IP: ::1
DEBUG - 2025-09-24 06:18:14 --> Session: Class initialized using 'CodeIgniter\Session\Handlers\FileHandler' driver.
DEBUG - 2025-09-24 06:18:14 --> User IP: ::1
DEBUG - 2025-09-24 06:18:28 --> Session: Class initialized using 'CodeIgniter\Session\Handlers\FileHandler' driver.
DEBUG - 2025-09-24 06:18:28 --> User IP: ::1
DEBUG - 2025-09-24 06:18:38 --> Session: Class initialized using 'CodeIgniter\Session\Handlers\FileHandler' driver.
DEBUG - 2025-09-24 06:18:38 --> User IP: ::1
DEBUG - 2025-09-24 06:18:38 --> Session: Class initialized using 'CodeIgniter\Session\Handlers\FileHandler' driver.
DEBUG - 2025-09-24 06:18:38 --> User IP: ::1
DEBUG - 2025-09-24 06:18:48 --> Session: Class initialized using 'CodeIgniter\Session\Handlers\FileHandler' driver.
DEBUG - 2025-09-24 06:18:48 --> User IP: ::1
DEBUG - 2025-09-24 06:19:13 --> Session: Class initialized using 'CodeIgniter\Session\Handlers\FileHandler' driver.
DEBUG - 2025-09-24 06:19:13 --> User IP: ::1
DEBUG - 2025-09-24 06:19:13 --> Session: Class initialized using 'CodeIgniter\Session\Handlers\FileHandler' driver.
DEBUG - 2025-09-24 06:19:13 --> User IP: ::1
DEBUG - 2025-09-24 06:19:16 --> Session: Class initialized using 'CodeIgniter\Session\Handlers\FileHandler' driver.
DEBUG - 2025-09-24 06:19:16 --> User IP: ::1
DEBUG - 2025-09-24 06:19:18 --> Session: Class initialized using 'CodeIgniter\Session\Handlers\FileHandler' driver.
DEBUG - 2025-09-24 06:19:18 --> User IP: ::1
DEBUG - 2025-09-24 06:19:19 --> Session: Class initialized using 'CodeIgniter\Session\Handlers\FileHandler' driver.
DEBUG - 2025-09-24 06:19:19 --> User IP: ::1
DEBUG - 2025-09-24 06:19:23 --> Session: Class initialized using 'CodeIgniter\Session\Handlers\FileHandler' driver.
DEBUG - 2025-09-24 06:19:23 --> User IP: ::1
DEBUG - 2025-09-24 06:22:08 --> Session: Class initialized using 'CodeIgniter\Session\Handlers\FileHandler' driver.
DEBUG - 2025-09-24 06:22:08 --> User IP: ::1
DEBUG - 2025-09-24 06:22:09 --> Session: Class initialized using 'CodeIgniter\Session\Handlers\FileHandler' driver.
DEBUG - 2025-09-24 06:22:09 --> User IP: ::1
DEBUG - 2025-09-24 06:22:14 --> Session: Class initialized using 'CodeIgniter\Session\Handlers\FileHandler' driver.
DEBUG - 2025-09-24 06:22:14 --> User IP: ::1
DEBUG - 2025-09-24 06:23:21 --> Session: Class initialized using 'CodeIgniter\Session\Handlers\FileHandler' driver.
DEBUG - 2025-09-24 06:23:21 --> User IP: ::1
DEBUG - 2025-09-24 06:23:28 --> Session: Class initialized using 'CodeIgniter\Session\Handlers\FileHandler' driver.
DEBUG - 2025-09-24 06:23:28 --> User IP: ::1
DEBUG - 2025-09-24 06:23:58 --> Session: Class initialized using 'CodeIgniter\Session\Handlers\FileHandler' driver.
DEBUG - 2025-09-24 06:23:58 --> User IP: ::1
DEBUG - 2025-09-24 06:25:38 --> Session: Class initialized using 'CodeIgniter\Session\Handlers\FileHandler' driver.
DEBUG - 2025-09-24 06:25:38 --> User IP: ::1
DEBUG - 2025-09-24 06:25:39 --> Session: Class initialized using 'CodeIgniter\Session\Handlers\FileHandler' driver.
DEBUG - 2025-09-24 06:25:39 --> User IP: ::1
DEBUG - 2025-09-24 06:25:44 --> Session: Class initialized using 'CodeIgniter\Session\Handlers\FileHandler' driver.
DEBUG - 2025-09-24 06:25:44 --> User IP: ::1
DEBUG - 2025-09-24 06:36:48 --> Session: Class initialized using 'CodeIgniter\Session\Handlers\FileHandler' driver.
DEBUG - 2025-09-24 06:36:48 --> User IP: ::1
DEBUG - 2025-09-24 06:36:55 --> Session: Class initialized using 'CodeIgniter\Session\Handlers\FileHandler' driver.
DEBUG - 2025-09-24 06:36:55 --> User IP: ::1
DEBUG - 2025-09-24 06:37:06 --> Session: Class initialized using 'CodeIgniter\Session\Handlers\FileHandler' driver.
DEBUG - 2025-09-24 06:37:06 --> User IP: ::1
DEBUG - 2025-09-24 06:37:30 --> Session: Class initialized using 'CodeIgniter\Session\Handlers\FileHandler' driver.
DEBUG - 2025-09-24 06:37:30 --> User IP: ::1
DEBUG - 2025-09-24 06:39:54 --> Session: Class initialized using 'CodeIgniter\Session\Handlers\FileHandler' driver.
DEBUG - 2025-09-24 06:39:54 --> User IP: ::1
DEBUG - 2025-09-24 06:40:58 --> Session: Class initialized using 'CodeIgniter\Session\Handlers\FileHandler' driver.
DEBUG - 2025-09-24 06:40:58 --> User IP: ::1
DEBUG - 2025-09-24 06:43:40 --> Session: Class initialized using 'CodeIgniter\Session\Handlers\FileHandler' driver.
DEBUG - 2025-09-24 06:43:40 --> User IP: ::1
DEBUG - 2025-09-24 06:44:25 --> Session: Class initialized using 'CodeIgniter\Session\Handlers\FileHandler' driver.
DEBUG - 2025-09-24 06:44:25 --> User IP: ::1
DEBUG - 2025-09-24 06:44:28 --> Session: Class initialized using 'CodeIgniter\Session\Handlers\FileHandler' driver.
DEBUG - 2025-09-24 06:44:28 --> User IP: ::1
DEBUG - 2025-09-24 06:44:31 --> Session: Class initialized using 'CodeIgniter\Session\Handlers\FileHandler' driver.
DEBUG - 2025-09-24 06:44:31 --> User IP: ::1
DEBUG - 2025-09-24 06:44:32 --> Session: Class initialized using 'CodeIgniter\Session\Handlers\FileHandler' driver.
DEBUG - 2025-09-24 06:44:32 --> User IP: ::1
DEBUG - 2025-09-24 06:44:41 --> Session: Class initialized using 'CodeIgniter\Session\Handlers\FileHandler' driver.
DEBUG - 2025-09-24 06:44:41 --> User IP: ::1
DEBUG - 2025-09-24 06:45:13 --> Session: Class initialized using 'CodeIgniter\Session\Handlers\FileHandler' driver.
DEBUG - 2025-09-24 06:45:13 --> User IP: ::1
DEBUG - 2025-09-24 06:46:39 --> Session: Class initialized using 'CodeIgniter\Session\Handlers\FileHandler' driver.
DEBUG - 2025-09-24 06:46:39 --> User IP: ::1
DEBUG - 2025-09-24 06:46:43 --> Session: Class initialized using 'CodeIgniter\Session\Handlers\FileHandler' driver.
DEBUG - 2025-09-24 06:46:43 --> User IP: ::1
DEBUG - 2025-09-24 06:46:45 --> Session: Class initialized using 'CodeIgniter\Session\Handlers\FileHandler' driver.
DEBUG - 2025-09-24 06:46:45 --> User IP: ::1
DEBUG - 2025-09-24 06:46:47 --> Session: Class initialized using 'CodeIgniter\Session\Handlers\FileHandler' driver.
DEBUG - 2025-09-24 06:46:47 --> User IP: ::1
DEBUG - 2025-09-24 06:46:48 --> Session: Class initialized using 'CodeIgniter\Session\Handlers\FileHandler' driver.
DEBUG - 2025-09-24 06:46:48 --> User IP: ::1
DEBUG - 2025-09-24 06:46:55 --> Session: Class initialized using 'CodeIgniter\Session\Handlers\FileHandler' driver.
DEBUG - 2025-09-24 06:46:55 --> User IP: ::1
DEBUG - 2025-09-24 06:47:28 --> Session: Class initialized using 'CodeIgniter\Session\Handlers\FileHandler' driver.
DEBUG - 2025-09-24 06:47:28 --> User IP: ::1
DEBUG - 2025-09-24 06:47:33 --> Session: Class initialized using 'CodeIgniter\Session\Handlers\FileHandler' driver.
DEBUG - 2025-09-24 06:47:33 --> User IP: ::1
DEBUG - 2025-09-24 06:47:36 --> Session: Class initialized using 'CodeIgniter\Session\Handlers\FileHandler' driver.
DEBUG - 2025-09-24 06:47:36 --> User IP: ::1
DEBUG - 2025-09-24 06:49:02 --> Session: Class initialized using 'CodeIgniter\Session\Handlers\FileHandler' driver.
DEBUG - 2025-09-24 06:49:02 --> User IP: ::1
DEBUG - 2025-09-24 06:49:09 --> Session: Class initialized using 'CodeIgniter\Session\Handlers\FileHandler' driver.
DEBUG - 2025-09-24 06:49:09 --> User IP: ::1
DEBUG - 2025-09-24 06:49:17 --> Session: Class initialized using 'CodeIgniter\Session\Handlers\FileHandler' driver.
DEBUG - 2025-09-24 06:49:17 --> User IP: ::1
DEBUG - 2025-09-24 06:49:30 --> Session: Class initialized using 'CodeIgniter\Session\Handlers\FileHandler' driver.
DEBUG - 2025-09-24 06:49:30 --> User IP: ::1
DEBUG - 2025-09-24 06:51:17 --> Session: Class initialized using 'CodeIgniter\Session\Handlers\FileHandler' driver.
DEBUG - 2025-09-24 06:52:12 --> Session: Class initialized using 'CodeIgniter\Session\Handlers\FileHandler' driver.
DEBUG - 2025-09-24 06:52:12 --> User IP: ::1
DEBUG - 2025-09-24 06:52:14 --> Session: Class initialized using 'CodeIgniter\Session\Handlers\FileHandler' driver.
DEBUG - 2025-09-24 06:52:14 --> User IP: ::1
DEBUG - 2025-09-24 06:52:21 --> Session: Class initialized using 'CodeIgniter\Session\Handlers\FileHandler' driver.
DEBUG - 2025-09-24 06:52:34 --> Session: Class initialized using 'CodeIgniter\Session\Handlers\FileHandler' driver.
DEBUG - 2025-09-24 06:52:34 --> User IP: ::1
DEBUG - 2025-09-24 06:52:45 --> Session: Class initialized using 'CodeIgniter\Session\Handlers\FileHandler' driver.
DEBUG - 2025-09-24 06:52:45 --> User IP: ::1
DEBUG - 2025-09-24 06:52:47 --> Session: Class initialized using 'CodeIgniter\Session\Handlers\FileHandler' driver.
DEBUG - 2025-09-24 06:52:47 --> User IP: ::1
DEBUG - 2025-09-24 06:52:51 --> Session: Class initialized using 'CodeIgniter\Session\Handlers\FileHandler' driver.
DEBUG - 2025-09-24 06:52:51 --> User IP: ::1
DEBUG - 2025-09-24 06:53:00 --> Session: Class initialized using 'CodeIgniter\Session\Handlers\FileHandler' driver.
DEBUG - 2025-09-24 06:53:00 --> User IP: ::1
DEBUG - 2025-09-24 06:54:55 --> Session: Class initialized using 'CodeIgniter\Session\Handlers\FileHandler' driver.
DEBUG - 2025-09-24 06:54:55 --> User IP: ::1
DEBUG - 2025-09-24 06:55:02 --> Session: Class initialized using 'CodeIgniter\Session\Handlers\FileHandler' driver.
DEBUG - 2025-09-24 06:55:02 --> User IP: ::1
DEBUG - 2025-09-24 06:55:23 --> Session: Class initialized using 'CodeIgniter\Session\Handlers\FileHandler' driver.
DEBUG - 2025-09-24 06:55:23 --> User IP: ::1
DEBUG - 2025-09-24 06:55:53 --> Session: Class initialized using 'CodeIgniter\Session\Handlers\FileHandler' driver.
DEBUG - 2025-09-24 06:55:53 --> User IP: ::1
DEBUG - 2025-09-24 06:55:54 --> Session: Class initialized using 'CodeIgniter\Session\Handlers\FileHandler' driver.
DEBUG - 2025-09-24 06:55:54 --> User IP: ::1
DEBUG - 2025-09-24 06:55:58 --> Session: Class initialized using 'CodeIgniter\Session\Handlers\FileHandler' driver.
DEBUG - 2025-09-24 06:55:58 --> User IP: ::1
DEBUG - 2025-09-24 06:56:56 --> Session: Class initialized using 'CodeIgniter\Session\Handlers\FileHandler' driver.
DEBUG - 2025-09-24 06:56:56 --> User IP: ::1
DEBUG - 2025-09-24 06:56:57 --> Session: Class initialized using 'CodeIgniter\Session\Handlers\FileHandler' driver.
DEBUG - 2025-09-24 06:56:57 --> User IP: ::1
DEBUG - 2025-09-24 06:57:13 --> Session: Class initialized using 'CodeIgniter\Session\Handlers\FileHandler' driver.
DEBUG - 2025-09-24 06:57:13 --> User IP: ::1
DEBUG - 2025-09-24 06:57:14 --> Session: Class initialized using 'CodeIgniter\Session\Handlers\FileHandler' driver.
DEBUG - 2025-09-24 06:57:14 --> User IP: ::1
DEBUG - 2025-09-24 06:57:24 --> Session: Class initialized using 'CodeIgniter\Session\Handlers\FileHandler' driver.
DEBUG - 2025-09-24 06:57:24 --> User IP: ::1
DEBUG - 2025-09-24 06:58:03 --> Session: Class initialized using 'CodeIgniter\Session\Handlers\FileHandler' driver.
DEBUG - 2025-09-24 06:58:03 --> User IP: ::1
DEBUG - 2025-09-24 06:58:04 --> Session: Class initialized using 'CodeIgniter\Session\Handlers\FileHandler' driver.
DEBUG - 2025-09-24 06:58:04 --> User IP: ::1
DEBUG - 2025-09-24 06:58:19 --> Session: Class initialized using 'CodeIgniter\Session\Handlers\FileHandler' driver.
DEBUG - 2025-09-24 06:58:19 --> User IP: ::1
DEBUG - 2025-09-24 07:03:55 --> Session: Class initialized using 'CodeIgniter\Session\Handlers\FileHandler' driver.
DEBUG - 2025-09-24 07:03:55 --> User IP: ::1
DEBUG - 2025-09-24 07:03:55 --> Session: Class initialized using 'CodeIgniter\Session\Handlers\FileHandler' driver.
DEBUG - 2025-09-24 07:03:55 --> User IP: ::1
DEBUG - 2025-09-24 07:03:56 --> Session: Class initialized using 'CodeIgniter\Session\Handlers\FileHandler' driver.
DEBUG - 2025-09-24 07:03:56 --> User IP: ::1
DEBUG - 2025-09-24 07:04:00 --> Session: Class initialized using 'CodeIgniter\Session\Handlers\FileHandler' driver.
DEBUG - 2025-09-24 07:04:00 --> User IP: ::1
DEBUG - 2025-09-24 07:04:10 --> Session: Class initialized using 'CodeIgniter\Session\Handlers\FileHandler' driver.
DEBUG - 2025-09-24 07:04:10 --> User IP: ::1
DEBUG - 2025-09-24 07:04:10 --> Session: Class initialized using 'CodeIgniter\Session\Handlers\FileHandler' driver.
DEBUG - 2025-09-24 07:04:10 --> User IP: ::1
DEBUG - 2025-09-24 07:04:11 --> Session: Class initialized using 'CodeIgniter\Session\Handlers\FileHandler' driver.
DEBUG - 2025-09-24 07:04:11 --> User IP: ::1
DEBUG - 2025-09-24 07:04:35 --> Session: Class initialized using 'CodeIgniter\Session\Handlers\FileHandler' driver.
DEBUG - 2025-09-24 07:04:35 --> User IP: ::1
DEBUG - 2025-09-24 07:04:36 --> Session: Class initialized using 'CodeIgniter\Session\Handlers\FileHandler' driver.
DEBUG - 2025-09-24 07:04:36 --> User IP: ::1
DEBUG - 2025-09-24 07:04:39 --> Session: Class initialized using 'CodeIgniter\Session\Handlers\FileHandler' driver.
DEBUG - 2025-09-24 07:04:39 --> User IP: ::1
DEBUG - 2025-09-24 07:04:59 --> Session: Class initialized using 'CodeIgniter\Session\Handlers\FileHandler' driver.
DEBUG - 2025-09-24 07:04:59 --> User IP: ::1
DEBUG - 2025-09-24 07:05:00 --> Session: Class initialized using 'CodeIgniter\Session\Handlers\FileHandler' driver.
DEBUG - 2025-09-24 07:05:00 --> User IP: ::1
DEBUG - 2025-09-24 07:05:00 --> Session: Class initialized using 'CodeIgniter\Session\Handlers\FileHandler' driver.
DEBUG - 2025-09-24 07:05:00 --> User IP: ::1
DEBUG - 2025-09-24 09:44:12 --> Session: Class initialized using 'CodeIgniter\Session\Handlers\FileHandler' driver.
DEBUG - 2025-09-24 09:44:12 --> User IP: ::1
DEBUG - 2025-09-24 09:44:13 --> Session: Class initialized using 'CodeIgniter\Session\Handlers\FileHandler' driver.
DEBUG - 2025-09-24 09:44:13 --> User IP: ::1
DEBUG - 2025-09-24 09:44:14 --> Session: Class initialized using 'CodeIgniter\Session\Handlers\FileHandler' driver.
DEBUG - 2025-09-24 09:44:15 --> Session: Class initialized using 'CodeIgniter\Session\Handlers\FileHandler' driver.
DEBUG - 2025-09-24 09:44:15 --> User IP: ::1
DEBUG - 2025-09-24 09:44:21 --> Session: Class initialized using 'CodeIgniter\Session\Handlers\FileHandler' driver.
DEBUG - 2025-09-24 09:44:21 --> User IP: ::1
DEBUG - 2025-09-24 09:44:22 --> Session: Class initialized using 'CodeIgniter\Session\Handlers\FileHandler' driver.
DEBUG - 2025-09-24 09:44:22 --> User IP: ::1
DEBUG - 2025-09-24 09:44:23 --> Session: Class initialized using 'CodeIgniter\Session\Handlers\FileHandler' driver.
DEBUG - 2025-09-24 09:44:23 --> User IP: ::1
DEBUG - 2025-09-24 09:44:42 --> Session: Class initialized using 'CodeIgniter\Session\Handlers\FileHandler' driver.
DEBUG - 2025-09-24 09:44:42 --> User IP: ::1
DEBUG - 2025-09-24 09:44:43 --> Session: Class initialized using 'CodeIgniter\Session\Handlers\FileHandler' driver.
DEBUG - 2025-09-24 09:44:43 --> User IP: ::1
DEBUG - 2025-09-24 09:48:15 --> Session: Class initialized using 'CodeIgniter\Session\Handlers\FileHandler' driver.
DEBUG - 2025-09-24 09:48:15 --> User IP: ::1
DEBUG - 2025-09-24 09:48:20 --> Session: Class initialized using 'CodeIgniter\Session\Handlers\FileHandler' driver.
DEBUG - 2025-09-24 09:48:20 --> User IP: ::1
DEBUG - 2025-09-24 09:50:20 --> Session: Class initialized using 'CodeIgniter\Session\Handlers\FileHandler' driver.
DEBUG - 2025-09-24 09:50:20 --> User IP: ::1
DEBUG - 2025-09-24 09:50:24 --> Session: Class initialized using 'CodeIgniter\Session\Handlers\FileHandler' driver.
DEBUG - 2025-09-24 09:50:24 --> User IP: ::1
DEBUG - 2025-09-24 09:59:37 --> Session: Class initialized using 'CodeIgniter\Session\Handlers\FileHandler' driver.
DEBUG - 2025-09-24 09:59:37 --> User IP: ::1
DEBUG - 2025-09-24 09:59:41 --> Session: Class initialized using 'CodeIgniter\Session\Handlers\FileHandler' driver.
DEBUG - 2025-09-24 09:59:41 --> User IP: ::1
DEBUG - 2025-09-24 10:00:12 --> Session: Class initialized using 'CodeIgniter\Session\Handlers\FileHandler' driver.
DEBUG - 2025-09-24 10:00:12 --> User IP: ::1
DEBUG - 2025-09-24 10:00:12 --> Session: Class initialized using 'CodeIgniter\Session\Handlers\FileHandler' driver.
DEBUG - 2025-09-24 10:00:12 --> User IP: ::1
DEBUG - 2025-09-24 10:03:04 --> Session: Class initialized using 'CodeIgniter\Session\Handlers\FileHandler' driver.
DEBUG - 2025-09-24 10:03:05 --> User IP: ::1
DEBUG - 2025-09-24 10:03:07 --> Session: Class initialized using 'CodeIgniter\Session\Handlers\FileHandler' driver.
DEBUG - 2025-09-24 10:03:07 --> User IP: ::1
DEBUG - 2025-09-24 10:03:23 --> Session: Class initialized using 'CodeIgniter\Session\Handlers\FileHandler' driver.
DEBUG - 2025-09-24 10:03:23 --> User IP: ::1
DEBUG - 2025-09-24 10:03:23 --> Session: Class initialized using 'CodeIgniter\Session\Handlers\FileHandler' driver.
DEBUG - 2025-09-24 10:03:23 --> User IP: ::1
DEBUG - 2025-09-24 10:03:28 --> Session: Class initialized using 'CodeIgniter\Session\Handlers\FileHandler' driver.
DEBUG - 2025-09-24 10:03:28 --> User IP: ::1
DEBUG - 2025-09-24 10:03:29 --> Session: Class initialized using 'CodeIgniter\Session\Handlers\FileHandler' driver.
DEBUG - 2025-09-24 10:03:29 --> User IP: ::1
DEBUG - 2025-09-24 10:03:38 --> Session: Class initialized using 'CodeIgniter\Session\Handlers\FileHandler' driver.
DEBUG - 2025-09-24 10:03:38 --> User IP: ::1
DEBUG - 2025-09-24 10:03:39 --> Session: Class initialized using 'CodeIgniter\Session\Handlers\FileHandler' driver.
DEBUG - 2025-09-24 10:03:39 --> User IP: ::1
DEBUG - 2025-09-24 10:03:49 --> Session: Class initialized using 'CodeIgniter\Session\Handlers\FileHandler' driver.
DEBUG - 2025-09-24 10:03:49 --> User IP: ::1
DEBUG - 2025-09-24 10:03:50 --> Session: Class initialized using 'CodeIgniter\Session\Handlers\FileHandler' driver.
DEBUG - 2025-09-24 10:03:50 --> User IP: ::1
DEBUG - 2025-09-24 10:04:08 --> Session: Class initialized using 'CodeIgniter\Session\Handlers\FileHandler' driver.
DEBUG - 2025-09-24 10:04:08 --> User IP: ::1
DEBUG - 2025-09-24 10:04:09 --> Session: Class initialized using 'CodeIgniter\Session\Handlers\FileHandler' driver.
DEBUG - 2025-09-24 10:04:09 --> User IP: ::1
DEBUG - 2025-09-24 10:04:22 --> Session: Class initialized using 'CodeIgniter\Session\Handlers\FileHandler' driver.
DEBUG - 2025-09-24 10:04:22 --> User IP: ::1
DEBUG - 2025-09-24 10:04:22 --> Session: Class initialized using 'CodeIgniter\Session\Handlers\FileHandler' driver.
DEBUG - 2025-09-24 10:04:22 --> User IP: ::1
DEBUG - 2025-09-24 10:04:37 --> Session: Class initialized using 'CodeIgniter\Session\Handlers\FileHandler' driver.
DEBUG - 2025-09-24 10:04:37 --> User IP: ::1
DEBUG - 2025-09-24 10:04:37 --> Session: Class initialized using 'CodeIgniter\Session\Handlers\FileHandler' driver.
DEBUG - 2025-09-24 10:04:37 --> User IP: ::1
DEBUG - 2025-09-24 10:06:41 --> Session: Class initialized using 'CodeIgniter\Session\Handlers\FileHandler' driver.
DEBUG - 2025-09-24 10:06:41 --> User IP: ::1
DEBUG - 2025-09-24 10:06:42 --> Session: Class initialized using 'CodeIgniter\Session\Handlers\FileHandler' driver.
DEBUG - 2025-09-24 10:06:42 --> User IP: ::1
DEBUG - 2025-09-24 10:06:56 --> Session: Class initialized using 'CodeIgniter\Session\Handlers\FileHandler' driver.
DEBUG - 2025-09-24 10:06:56 --> User IP: ::1
DEBUG - 2025-09-24 10:06:57 --> Session: Class initialized using 'CodeIgniter\Session\Handlers\FileHandler' driver.
DEBUG - 2025-09-24 10:06:57 --> User IP: ::1
DEBUG - 2025-09-24 10:07:22 --> Session: Class initialized using 'CodeIgniter\Session\Handlers\FileHandler' driver.
DEBUG - 2025-09-24 10:07:22 --> User IP: ::1
DEBUG - 2025-09-24 10:07:23 --> Session: Class initialized using 'CodeIgniter\Session\Handlers\FileHandler' driver.
DEBUG - 2025-09-24 10:07:23 --> User IP: ::1
DEBUG - 2025-09-24 10:09:53 --> Session: Class initialized using 'CodeIgniter\Session\Handlers\FileHandler' driver.
DEBUG - 2025-09-24 10:09:53 --> User IP: ::1
DEBUG - 2025-09-24 10:09:54 --> Session: Class initialized using 'CodeIgniter\Session\Handlers\FileHandler' driver.
DEBUG - 2025-09-24 10:09:54 --> User IP: ::1
DEBUG - 2025-09-24 10:10:31 --> Session: Class initialized using 'CodeIgniter\Session\Handlers\FileHandler' driver.
DEBUG - 2025-09-24 10:10:31 --> User IP: ::1
DEBUG - 2025-09-24 10:10:32 --> Session: Class initialized using 'CodeIgniter\Session\Handlers\FileHandler' driver.
DEBUG - 2025-09-24 10:10:32 --> User IP: ::1
DEBUG - 2025-09-24 10:10:41 --> Session: Class initialized using 'CodeIgniter\Session\Handlers\FileHandler' driver.
DEBUG - 2025-09-24 10:10:41 --> User IP: ::1
DEBUG - 2025-09-24 10:10:41 --> Session: Class initialized using 'CodeIgniter\Session\Handlers\FileHandler' driver.
DEBUG - 2025-09-24 10:10:42 --> User IP: ::1
DEBUG - 2025-09-24 10:12:23 --> Session: Class initialized using 'CodeIgniter\Session\Handlers\FileHandler' driver.
DEBUG - 2025-09-24 10:12:23 --> User IP: ::1
DEBUG - 2025-09-24 10:12:24 --> Session: Class initialized using 'CodeIgniter\Session\Handlers\FileHandler' driver.
DEBUG - 2025-09-24 10:12:24 --> User IP: ::1
DEBUG - 2025-09-24 10:12:31 --> Session: Class initialized using 'CodeIgniter\Session\Handlers\FileHandler' driver.
DEBUG - 2025-09-24 10:12:31 --> User IP: ::1
DEBUG - 2025-09-24 10:12:31 --> Session: Class initialized using 'CodeIgniter\Session\Handlers\FileHandler' driver.
DEBUG - 2025-09-24 10:12:31 --> User IP: ::1
DEBUG - 2025-09-24 10:15:11 --> Session: Class initialized using 'CodeIgniter\Session\Handlers\FileHandler' driver.
DEBUG - 2025-09-24 10:15:11 --> User IP: ::1
DEBUG - 2025-09-24 10:15:12 --> Session: Class initialized using 'CodeIgniter\Session\Handlers\FileHandler' driver.
DEBUG - 2025-09-24 10:15:12 --> User IP: ::1
DEBUG - 2025-09-24 10:19:37 --> Session: Class initialized using 'CodeIgniter\Session\Handlers\FileHandler' driver.
DEBUG - 2025-09-24 10:19:37 --> User IP: ::1
DEBUG - 2025-09-24 10:19:37 --> Session: Class initialized using 'CodeIgniter\Session\Handlers\FileHandler' driver.
DEBUG - 2025-09-24 10:19:37 --> User IP: ::1
DEBUG - 2025-09-24 10:24:02 --> Session: Class initialized using 'CodeIgniter\Session\Handlers\FileHandler' driver.
DEBUG - 2025-09-24 10:24:02 --> User IP: ::1
DEBUG - 2025-09-24 10:24:03 --> Session: Class initialized using 'CodeIgniter\Session\Handlers\FileHandler' driver.
DEBUG - 2025-09-24 10:24:03 --> User IP: ::1
DEBUG - 2025-09-24 10:25:33 --> Session: Class initialized using 'CodeIgniter\Session\Handlers\FileHandler' driver.
DEBUG - 2025-09-24 10:25:33 --> User IP: ::1
DEBUG - 2025-09-24 10:25:37 --> Session: Class initialized using 'CodeIgniter\Session\Handlers\FileHandler' driver.
DEBUG - 2025-09-24 10:25:37 --> User IP: ::1
DEBUG - 2025-09-24 10:27:54 --> Session: Class initialized using 'CodeIgniter\Session\Handlers\FileHandler' driver.
DEBUG - 2025-09-24 10:27:54 --> User IP: ::1
DEBUG - 2025-09-24 10:27:58 --> Session: Class initialized using 'CodeIgniter\Session\Handlers\FileHandler' driver.
DEBUG - 2025-09-24 10:27:58 --> User IP: ::1
DEBUG - 2025-09-24 10:28:07 --> Session: Class initialized using 'CodeIgniter\Session\Handlers\FileHandler' driver.
DEBUG - 2025-09-24 10:28:07 --> User IP: ::1
DEBUG - 2025-09-24 10:28:08 --> Session: Class initialized using 'CodeIgniter\Session\Handlers\FileHandler' driver.
DEBUG - 2025-09-24 10:28:08 --> User IP: ::1
DEBUG - 2025-09-24 10:28:17 --> Session: Class initialized using 'CodeIgniter\Session\Handlers\FileHandler' driver.
DEBUG - 2025-09-24 10:28:17 --> User IP: ::1
DEBUG - 2025-09-24 10:28:24 --> Session: Class initialized using 'CodeIgniter\Session\Handlers\FileHandler' driver.
DEBUG - 2025-09-24 10:28:24 --> User IP: ::1
DEBUG - 2025-09-24 10:28:26 --> Session: Class initialized using 'CodeIgniter\Session\Handlers\FileHandler' driver.
DEBUG - 2025-09-24 10:28:26 --> User IP: ::1
DEBUG - 2025-09-24 10:28:44 --> Session: Class initialized using 'CodeIgniter\Session\Handlers\FileHandler' driver.
DEBUG - 2025-09-24 10:28:44 --> User IP: ::1
DEBUG - 2025-09-24 10:28:48 --> Session: Class initialized using 'CodeIgniter\Session\Handlers\FileHandler' driver.
DEBUG - 2025-09-24 10:28:48 --> User IP: ::1
DEBUG - 2025-09-24 10:28:50 --> Session: Class initialized using 'CodeIgniter\Session\Handlers\FileHandler' driver.
DEBUG - 2025-09-24 10:28:50 --> User IP: ::1
DEBUG - 2025-09-24 10:29:01 --> Session: Class initialized using 'CodeIgniter\Session\Handlers\FileHandler' driver.
DEBUG - 2025-09-24 10:29:01 --> User IP: ::1
DEBUG - 2025-09-24 10:29:10 --> Session: Class initialized using 'CodeIgniter\Session\Handlers\FileHandler' driver.
DEBUG - 2025-09-24 10:29:10 --> User IP: ::1
DEBUG - 2025-09-24 10:47:17 --> Session: Class initialized using 'CodeIgniter\Session\Handlers\FileHandler' driver.
DEBUG - 2025-09-24 10:47:17 --> User IP: ::1
DEBUG - 2025-09-24 10:47:21 --> Session: Class initialized using 'CodeIgniter\Session\Handlers\FileHandler' driver.
DEBUG - 2025-09-24 10:47:21 --> User IP: ::1
DEBUG - 2025-09-24 10:47:28 --> Session: Class initialized using 'CodeIgniter\Session\Handlers\FileHandler' driver.
DEBUG - 2025-09-24 10:47:28 --> User IP: ::1
DEBUG - 2025-09-24 10:47:34 --> Session: Class initialized using 'CodeIgniter\Session\Handlers\FileHandler' driver.
DEBUG - 2025-09-24 10:47:34 --> User IP: ::1
DEBUG - 2025-09-24 10:47:38 --> Session: Class initialized using 'CodeIgniter\Session\Handlers\FileHandler' driver.
DEBUG - 2025-09-24 10:47:38 --> User IP: ::1
DEBUG - 2025-09-24 10:47:46 --> Session: Class initialized using 'CodeIgniter\Session\Handlers\FileHandler' driver.
DEBUG - 2025-09-24 10:47:46 --> User IP: ::1
DEBUG - 2025-09-24 10:49:29 --> Session: Class initialized using 'CodeIgniter\Session\Handlers\FileHandler' driver.
DEBUG - 2025-09-24 10:49:29 --> User IP: ::1
DEBUG - 2025-09-24 10:49:30 --> Session: Class initialized using 'CodeIgniter\Session\Handlers\FileHandler' driver.
DEBUG - 2025-09-24 10:49:30 --> User IP: ::1
DEBUG - 2025-09-24 10:50:08 --> Session: Class initialized using 'CodeIgniter\Session\Handlers\FileHandler' driver.
DEBUG - 2025-09-24 10:50:08 --> User IP: ::1
DEBUG - 2025-09-24 10:50:09 --> Session: Class initialized using 'CodeIgniter\Session\Handlers\FileHandler' driver.
DEBUG - 2025-09-24 10:50:09 --> User IP: ::1
DEBUG - 2025-09-24 10:50:14 --> Session: Class initialized using 'CodeIgniter\Session\Handlers\FileHandler' driver.
DEBUG - 2025-09-24 10:50:14 --> User IP: ::1
DEBUG - 2025-09-24 10:50:15 --> Session: Class initialized using 'CodeIgniter\Session\Handlers\FileHandler' driver.
DEBUG - 2025-09-24 10:50:15 --> User IP: ::1
DEBUG - 2025-09-24 10:50:25 --> Session: Class initialized using 'CodeIgniter\Session\Handlers\FileHandler' driver.
DEBUG - 2025-09-24 10:50:25 --> User IP: ::1
DEBUG - 2025-09-24 10:50:26 --> Session: Class initialized using 'CodeIgniter\Session\Handlers\FileHandler' driver.
DEBUG - 2025-09-24 10:50:26 --> User IP: ::1
DEBUG - 2025-09-24 10:51:11 --> Session: Class initialized using 'CodeIgniter\Session\Handlers\FileHandler' driver.
DEBUG - 2025-09-24 10:51:11 --> User IP: ::1
DEBUG - 2025-09-24 10:51:11 --> Session: Class initialized using 'CodeIgniter\Session\Handlers\FileHandler' driver.
DEBUG - 2025-09-24 10:51:11 --> User IP: ::1
DEBUG - 2025-09-24 10:53:21 --> Session: Class initialized using 'CodeIgniter\Session\Handlers\FileHandler' driver.
DEBUG - 2025-09-24 10:53:21 --> User IP: ::1
DEBUG - 2025-09-24 10:53:22 --> Session: Class initialized using 'CodeIgniter\Session\Handlers\FileHandler' driver.
DEBUG - 2025-09-24 10:53:22 --> User IP: ::1
DEBUG - 2025-09-24 10:53:35 --> Session: Class initialized using 'CodeIgniter\Session\Handlers\FileHandler' driver.
DEBUG - 2025-09-24 10:53:35 --> User IP: ::1
DEBUG - 2025-09-24 10:53:35 --> Session: Class initialized using 'CodeIgniter\Session\Handlers\FileHandler' driver.
DEBUG - 2025-09-24 10:53:35 --> User IP: ::1
DEBUG - 2025-09-24 10:53:47 --> Session: Class initialized using 'CodeIgniter\Session\Handlers\FileHandler' driver.
DEBUG - 2025-09-24 10:53:47 --> User IP: ::1
DEBUG - 2025-09-24 10:53:48 --> Session: Class initialized using 'CodeIgniter\Session\Handlers\FileHandler' driver.
DEBUG - 2025-09-24 10:53:48 --> User IP: ::1
DEBUG - 2025-09-24 10:53:58 --> Session: Class initialized using 'CodeIgniter\Session\Handlers\FileHandler' driver.
DEBUG - 2025-09-24 10:53:58 --> User IP: ::1
DEBUG - 2025-09-24 10:53:59 --> Session: Class initialized using 'CodeIgniter\Session\Handlers\FileHandler' driver.
DEBUG - 2025-09-24 10:53:59 --> User IP: ::1
DEBUG - 2025-09-24 10:54:16 --> Session: Class initialized using 'CodeIgniter\Session\Handlers\FileHandler' driver.
DEBUG - 2025-09-24 10:54:16 --> User IP: ::1
DEBUG - 2025-09-24 10:54:16 --> Session: Class initialized using 'CodeIgniter\Session\Handlers\FileHandler' driver.
DEBUG - 2025-09-24 10:54:16 --> User IP: ::1
DEBUG - 2025-09-24 10:54:31 --> Session: Class initialized using 'CodeIgniter\Session\Handlers\FileHandler' driver.
DEBUG - 2025-09-24 10:54:31 --> User IP: ::1
DEBUG - 2025-09-24 10:54:32 --> Session: Class initialized using 'CodeIgniter\Session\Handlers\FileHandler' driver.
DEBUG - 2025-09-24 10:54:32 --> User IP: ::1
DEBUG - 2025-09-24 10:54:56 --> Session: Class initialized using 'CodeIgniter\Session\Handlers\FileHandler' driver.
DEBUG - 2025-09-24 10:54:56 --> User IP: ::1
DEBUG - 2025-09-24 10:54:57 --> Session: Class initialized using 'CodeIgniter\Session\Handlers\FileHandler' driver.
DEBUG - 2025-09-24 10:54:57 --> User IP: ::1
DEBUG - 2025-09-24 10:55:09 --> Session: Class initialized using 'CodeIgniter\Session\Handlers\FileHandler' driver.
DEBUG - 2025-09-24 10:55:09 --> User IP: ::1
DEBUG - 2025-09-24 10:55:10 --> Session: Class initialized using 'CodeIgniter\Session\Handlers\FileHandler' driver.
DEBUG - 2025-09-24 10:55:10 --> User IP: ::1
DEBUG - 2025-09-24 10:55:21 --> Session: Class initialized using 'CodeIgniter\Session\Handlers\FileHandler' driver.
DEBUG - 2025-09-24 10:55:21 --> User IP: ::1
DEBUG - 2025-09-24 10:55:21 --> Session: Class initialized using 'CodeIgniter\Session\Handlers\FileHandler' driver.
DEBUG - 2025-09-24 10:55:21 --> User IP: ::1
DEBUG - 2025-09-24 10:55:28 --> Session: Class initialized using 'CodeIgniter\Session\Handlers\FileHandler' driver.
DEBUG - 2025-09-24 10:55:28 --> User IP: ::1
DEBUG - 2025-09-24 10:55:29 --> Session: Class initialized using 'CodeIgniter\Session\Handlers\FileHandler' driver.
DEBUG - 2025-09-24 10:55:29 --> User IP: ::1
DEBUG - 2025-09-24 10:56:35 --> Session: Class initialized using 'CodeIgniter\Session\Handlers\FileHandler' driver.
DEBUG - 2025-09-24 10:56:35 --> User IP: ::1
DEBUG - 2025-09-24 10:56:36 --> Session: Class initialized using 'CodeIgniter\Session\Handlers\FileHandler' driver.
DEBUG - 2025-09-24 10:56:36 --> User IP: ::1
DEBUG - 2025-09-24 10:56:40 --> Session: Class initialized using 'CodeIgniter\Session\Handlers\FileHandler' driver.
DEBUG - 2025-09-24 10:56:40 --> User IP: ::1
DEBUG - 2025-09-24 10:56:41 --> Session: Class initialized using 'CodeIgniter\Session\Handlers\FileHandler' driver.
DEBUG - 2025-09-24 10:56:41 --> User IP: ::1
DEBUG - 2025-09-24 10:56:52 --> Session: Class initialized using 'CodeIgniter\Session\Handlers\FileHandler' driver.
DEBUG - 2025-09-24 10:56:52 --> User IP: ::1
DEBUG - 2025-09-24 10:56:53 --> Session: Class initialized using 'CodeIgniter\Session\Handlers\FileHandler' driver.
DEBUG - 2025-09-24 10:56:53 --> User IP: ::1
DEBUG - 2025-09-24 10:57:22 --> Session: Class initialized using 'CodeIgniter\Session\Handlers\FileHandler' driver.
DEBUG - 2025-09-24 10:57:22 --> User IP: ::1
DEBUG - 2025-09-24 10:57:23 --> Session: Class initialized using 'CodeIgniter\Session\Handlers\FileHandler' driver.
DEBUG - 2025-09-24 10:57:23 --> User IP: ::1
DEBUG - 2025-09-24 10:57:28 --> Session: Class initialized using 'CodeIgniter\Session\Handlers\FileHandler' driver.
DEBUG - 2025-09-24 10:57:28 --> User IP: ::1
DEBUG - 2025-09-24 10:57:29 --> Session: Class initialized using 'CodeIgniter\Session\Handlers\FileHandler' driver.
DEBUG - 2025-09-24 10:57:29 --> User IP: ::1
DEBUG - 2025-09-24 10:57:38 --> Session: Class initialized using 'CodeIgniter\Session\Handlers\FileHandler' driver.
DEBUG - 2025-09-24 10:57:38 --> User IP: ::1
DEBUG - 2025-09-24 10:57:39 --> Session: Class initialized using 'CodeIgniter\Session\Handlers\FileHandler' driver.
DEBUG - 2025-09-24 10:57:39 --> User IP: ::1
DEBUG - 2025-09-24 11:15:48 --> Session: Class initialized using 'CodeIgniter\Session\Handlers\FileHandler' driver.
DEBUG - 2025-09-24 11:15:48 --> User IP: ::1
CRITICAL - 2025-09-24 11:15:48 --> ErrorException: Undefined variable $user_role
[Method: GET, Route: hrcontroller/companyHoliday]
in APPPATH\Views\leave\companyHoliday.php on line 82.
 1 APPPATH\Views\leave\companyHoliday.php(82): CodeIgniter\Debug\Exceptions->errorHandler(2, 'Undefined variable $user_role', 'C:\\xampp\\htdocs\\gighz-people\\app\\Views\\leave\\companyHoliday.php', 82)
 2 SYSTEMPATH\View\View.php(234): include('C:\\xampp\\htdocs\\gighz-people\\app\\Views\\leave\\companyHoliday.php')
 3 SYSTEMPATH\View\View.php(237): CodeIgniter\View\View->CodeIgniter\View\{closure}()
 4 SYSTEMPATH\Common.php(1171): CodeIgniter\View\View->render('leave\\companyHoliday', [], true)
 5 APPPATH\Controllers\HRController.php(627): view('leave\\companyHoliday', [...])
 6 SYSTEMPATH\CodeIgniter.php(933): App\Controllers\HRController->companyHoliday()
 7 SYSTEMPATH\CodeIgniter.php(509): CodeIgniter\CodeIgniter->runController(Object(App\Controllers\HRController))
 8 SYSTEMPATH\CodeIgniter.php(355): CodeIgniter\CodeIgniter->handleRequest(null, Object(Config\Cache), false)
 9 SYSTEMPATH\Boot.php(334): CodeIgniter\CodeIgniter->run()
10 SYSTEMPATH\Boot.php(67): CodeIgniter\Boot::runCodeIgniter(Object(CodeIgniter\CodeIgniter))
11 FCPATH\index.php(56): CodeIgniter\Boot::bootWeb(Object(Config\Paths))
DEBUG - 2025-09-24 11:16:09 --> Session: Class initialized using 'CodeIgniter\Session\Handlers\FileHandler' driver.
DEBUG - 2025-09-24 11:16:09 --> User IP: ::1
DEBUG - 2025-09-24 11:16:10 --> Session: Class initialized using 'CodeIgniter\Session\Handlers\FileHandler' driver.
DEBUG - 2025-09-24 11:16:10 --> User IP: ::1
DEBUG - 2025-09-24 11:17:20 --> Session: Class initialized using 'CodeIgniter\Session\Handlers\FileHandler' driver.
DEBUG - 2025-09-24 11:17:20 --> User IP: ::1
DEBUG - 2025-09-24 11:17:21 --> Session: Class initialized using 'CodeIgniter\Session\Handlers\FileHandler' driver.
DEBUG - 2025-09-24 11:17:21 --> User IP: ::1
DEBUG - 2025-09-24 11:21:32 --> Session: Class initialized using 'CodeIgniter\Session\Handlers\FileHandler' driver.
DEBUG - 2025-09-24 11:21:32 --> User IP: ::1
DEBUG - 2025-09-24 11:21:34 --> Session: Class initialized using 'CodeIgniter\Session\Handlers\FileHandler' driver.
DEBUG - 2025-09-24 11:21:34 --> User IP: ::1
DEBUG - 2025-09-24 11:21:47 --> Session: Class initialized using 'CodeIgniter\Session\Handlers\FileHandler' driver.
DEBUG - 2025-09-24 11:21:47 --> User IP: ::1
DEBUG - 2025-09-24 11:21:47 --> Session: Class initialized using 'CodeIgniter\Session\Handlers\FileHandler' driver.
DEBUG - 2025-09-24 11:21:47 --> User IP: ::1
DEBUG - 2025-09-24 11:21:58 --> Session: Class initialized using 'CodeIgniter\Session\Handlers\FileHandler' driver.
DEBUG - 2025-09-24 11:21:58 --> User IP: ::1
DEBUG - 2025-09-24 11:21:59 --> Session: Class initialized using 'CodeIgniter\Session\Handlers\FileHandler' driver.
DEBUG - 2025-09-24 11:21:59 --> User IP: ::1
DEBUG - 2025-09-24 11:22:06 --> Session: Class initialized using 'CodeIgniter\Session\Handlers\FileHandler' driver.
DEBUG - 2025-09-24 11:22:06 --> User IP: ::1
DEBUG - 2025-09-24 11:22:07 --> Session: Class initialized using 'CodeIgniter\Session\Handlers\FileHandler' driver.
DEBUG - 2025-09-24 11:22:07 --> User IP: ::1
DEBUG - 2025-09-24 11:22:21 --> Session: Class initialized using 'CodeIgniter\Session\Handlers\FileHandler' driver.
DEBUG - 2025-09-24 11:22:21 --> User IP: ::1
DEBUG - 2025-09-24 11:22:21 --> Session: Class initialized using 'CodeIgniter\Session\Handlers\FileHandler' driver.
DEBUG - 2025-09-24 11:22:21 --> User IP: ::1
DEBUG - 2025-09-24 11:22:31 --> Session: Class initialized using 'CodeIgniter\Session\Handlers\FileHandler' driver.
DEBUG - 2025-09-24 11:22:31 --> User IP: ::1
DEBUG - 2025-09-24 11:22:32 --> Session: Class initialized using 'CodeIgniter\Session\Handlers\FileHandler' driver.
DEBUG - 2025-09-24 11:22:32 --> User IP: ::1
DEBUG - 2025-09-24 11:23:06 --> Session: Class initialized using 'CodeIgniter\Session\Handlers\FileHandler' driver.
DEBUG - 2025-09-24 11:23:06 --> User IP: ::1
DEBUG - 2025-09-24 11:23:06 --> Session: Class initialized using 'CodeIgniter\Session\Handlers\FileHandler' driver.
DEBUG - 2025-09-24 11:23:06 --> User IP: ::1
DEBUG - 2025-09-24 11:23:17 --> Session: Class initialized using 'CodeIgniter\Session\Handlers\FileHandler' driver.
DEBUG - 2025-09-24 11:23:17 --> User IP: ::1
DEBUG - 2025-09-24 11:23:17 --> Session: Class initialized using 'CodeIgniter\Session\Handlers\FileHandler' driver.
DEBUG - 2025-09-24 11:23:17 --> User IP: ::1
DEBUG - 2025-09-24 11:23:52 --> Session: Class initialized using 'CodeIgniter\Session\Handlers\FileHandler' driver.
DEBUG - 2025-09-24 11:23:52 --> User IP: ::1
DEBUG - 2025-09-24 11:23:52 --> Session: Class initialized using 'CodeIgniter\Session\Handlers\FileHandler' driver.
DEBUG - 2025-09-24 11:23:52 --> User IP: ::1
DEBUG - 2025-09-24 11:24:06 --> Session: Class initialized using 'CodeIgniter\Session\Handlers\FileHandler' driver.
DEBUG - 2025-09-24 11:24:06 --> User IP: ::1
DEBUG - 2025-09-24 11:24:07 --> Session: Class initialized using 'CodeIgniter\Session\Handlers\FileHandler' driver.
DEBUG - 2025-09-24 11:24:07 --> User IP: ::1
DEBUG - 2025-09-24 11:24:22 --> Session: Class initialized using 'CodeIgniter\Session\Handlers\FileHandler' driver.
DEBUG - 2025-09-24 11:24:22 --> User IP: ::1
DEBUG - 2025-09-24 11:24:23 --> Session: Class initialized using 'CodeIgniter\Session\Handlers\FileHandler' driver.
DEBUG - 2025-09-24 11:24:23 --> User IP: ::1
DEBUG - 2025-09-24 11:24:33 --> Session: Class initialized using 'CodeIgniter\Session\Handlers\FileHandler' driver.
DEBUG - 2025-09-24 11:24:33 --> User IP: ::1
DEBUG - 2025-09-24 11:24:34 --> Session: Class initialized using 'CodeIgniter\Session\Handlers\FileHandler' driver.
DEBUG - 2025-09-24 11:24:34 --> User IP: ::1
DEBUG - 2025-09-24 11:24:37 --> Session: Class initialized using 'CodeIgniter\Session\Handlers\FileHandler' driver.
DEBUG - 2025-09-24 11:24:37 --> User IP: ::1
DEBUG - 2025-09-24 11:24:38 --> Session: Class initialized using 'CodeIgniter\Session\Handlers\FileHandler' driver.
DEBUG - 2025-09-24 11:24:38 --> User IP: ::1
DEBUG - 2025-09-24 11:24:44 --> Session: Class initialized using 'CodeIgniter\Session\Handlers\FileHandler' driver.
DEBUG - 2025-09-24 11:24:44 --> User IP: ::1
DEBUG - 2025-09-24 11:24:45 --> Session: Class initialized using 'CodeIgniter\Session\Handlers\FileHandler' driver.
DEBUG - 2025-09-24 11:24:45 --> User IP: ::1
DEBUG - 2025-09-24 11:24:50 --> Session: Class initialized using 'CodeIgniter\Session\Handlers\FileHandler' driver.
DEBUG - 2025-09-24 11:24:50 --> User IP: ::1
DEBUG - 2025-09-24 11:24:50 --> Session: Class initialized using 'CodeIgniter\Session\Handlers\FileHandler' driver.
DEBUG - 2025-09-24 11:24:50 --> User IP: ::1
DEBUG - 2025-09-24 11:25:12 --> Session: Class initialized using 'CodeIgniter\Session\Handlers\FileHandler' driver.
DEBUG - 2025-09-24 11:25:12 --> User IP: ::1
DEBUG - 2025-09-24 11:25:13 --> Session: Class initialized using 'CodeIgniter\Session\Handlers\FileHandler' driver.
DEBUG - 2025-09-24 11:25:13 --> User IP: ::1
DEBUG - 2025-09-24 11:25:56 --> Session: Class initialized using 'CodeIgniter\Session\Handlers\FileHandler' driver.
DEBUG - 2025-09-24 11:25:56 --> User IP: ::1
DEBUG - 2025-09-24 11:25:57 --> Session: Class initialized using 'CodeIgniter\Session\Handlers\FileHandler' driver.
DEBUG - 2025-09-24 11:25:57 --> User IP: ::1
DEBUG - 2025-09-24 11:26:20 --> Session: Class initialized using 'CodeIgniter\Session\Handlers\FileHandler' driver.
DEBUG - 2025-09-24 11:26:20 --> User IP: ::1
DEBUG - 2025-09-24 11:26:21 --> Session: Class initialized using 'CodeIgniter\Session\Handlers\FileHandler' driver.
DEBUG - 2025-09-24 11:26:21 --> User IP: ::1
DEBUG - 2025-09-24 11:41:45 --> Session: Class initialized using 'CodeIgniter\Session\Handlers\FileHandler' driver.
DEBUG - 2025-09-24 11:41:45 --> User IP: ::1
DEBUG - 2025-09-24 11:41:46 --> Session: Class initialized using 'CodeIgniter\Session\Handlers\FileHandler' driver.
DEBUG - 2025-09-24 11:41:46 --> User IP: ::1
DEBUG - 2025-09-24 11:41:56 --> Session: Class initialized using 'CodeIgniter\Session\Handlers\FileHandler' driver.
DEBUG - 2025-09-24 11:41:56 --> User IP: ::1
DEBUG - 2025-09-24 11:41:57 --> Session: Class initialized using 'CodeIgniter\Session\Handlers\FileHandler' driver.
DEBUG - 2025-09-24 11:41:57 --> User IP: ::1
DEBUG - 2025-09-24 11:44:41 --> Session: Class initialized using 'CodeIgniter\Session\Handlers\FileHandler' driver.
DEBUG - 2025-09-24 11:44:41 --> User IP: ::1
DEBUG - 2025-09-24 11:44:42 --> Session: Class initialized using 'CodeIgniter\Session\Handlers\FileHandler' driver.
DEBUG - 2025-09-24 11:44:42 --> User IP: ::1
DEBUG - 2025-09-24 11:44:52 --> Session: Class initialized using 'CodeIgniter\Session\Handlers\FileHandler' driver.
DEBUG - 2025-09-24 11:44:52 --> User IP: ::1
DEBUG - 2025-09-24 11:44:53 --> Session: Class initialized using 'CodeIgniter\Session\Handlers\FileHandler' driver.
DEBUG - 2025-09-24 11:44:53 --> User IP: ::1
DEBUG - 2025-09-24 12:04:19 --> Session: Class initialized using 'CodeIgniter\Session\Handlers\FileHandler' driver.
DEBUG - 2025-09-24 12:04:19 --> User IP: ::1
DEBUG - 2025-09-24 12:04:20 --> Session: Class initialized using 'CodeIgniter\Session\Handlers\FileHandler' driver.
DEBUG - 2025-09-24 12:04:20 --> User IP: ::1
DEBUG - 2025-09-24 12:09:27 --> Session: Class initialized using 'CodeIgniter\Session\Handlers\FileHandler' driver.
DEBUG - 2025-09-24 12:09:27 --> User IP: ::1
DEBUG - 2025-09-24 12:09:28 --> Session: Class initialized using 'CodeIgniter\Session\Handlers\FileHandler' driver.
DEBUG - 2025-09-24 12:09:28 --> User IP: ::1
DEBUG - 2025-09-24 12:15:02 --> Session: Class initialized using 'CodeIgniter\Session\Handlers\FileHandler' driver.
DEBUG - 2025-09-24 12:15:02 --> User IP: ::1
DEBUG - 2025-09-24 12:15:02 --> Session: Class initialized using 'CodeIgniter\Session\Handlers\FileHandler' driver.
DEBUG - 2025-09-24 12:15:02 --> User IP: ::1
DEBUG - 2025-09-24 12:15:22 --> Session: Class initialized using 'CodeIgniter\Session\Handlers\FileHandler' driver.
DEBUG - 2025-09-24 12:15:32 --> Session: Class initialized using 'CodeIgniter\Session\Handlers\FileHandler' driver.
DEBUG - 2025-09-24 12:15:56 --> Session: Class initialized using 'CodeIgniter\Session\Handlers\FileHandler' driver.
DEBUG - 2025-09-24 12:15:56 --> User IP: ::1
DEBUG - 2025-09-24 12:15:58 --> Session: Class initialized using 'CodeIgniter\Session\Handlers\FileHandler' driver.
DEBUG - 2025-09-24 12:15:58 --> User IP: ::1
DEBUG - 2025-09-24 12:16:16 --> Session: Class initialized using 'CodeIgniter\Session\Handlers\FileHandler' driver.
DEBUG - 2025-09-24 12:16:16 --> User IP: ::1
DEBUG - 2025-09-24 12:17:06 --> Session: Class initialized using 'CodeIgniter\Session\Handlers\FileHandler' driver.
DEBUG - 2025-09-24 12:17:06 --> User IP: ::1
DEBUG - 2025-09-24 12:17:07 --> Session: Class initialized using 'CodeIgniter\Session\Handlers\FileHandler' driver.
DEBUG - 2025-09-24 12:17:07 --> User IP: ::1
DEBUG - 2025-09-24 12:17:27 --> Session: Class initialized using 'CodeIgniter\Session\Handlers\FileHandler' driver.
DEBUG - 2025-09-24 12:17:27 --> User IP: ::1
DEBUG - 2025-09-24 12:20:45 --> Session: Class initialized using 'CodeIgniter\Session\Handlers\FileHandler' driver.
DEBUG - 2025-09-24 12:20:45 --> User IP: ::1
DEBUG - 2025-09-24 12:20:46 --> Session: Class initialized using 'CodeIgniter\Session\Handlers\FileHandler' driver.
DEBUG - 2025-09-24 12:20:46 --> User IP: ::1
DEBUG - 2025-09-24 12:23:51 --> Session: Class initialized using 'CodeIgniter\Session\Handlers\FileHandler' driver.
DEBUG - 2025-09-24 12:23:51 --> User IP: ::1
DEBUG - 2025-09-24 12:23:52 --> Session: Class initialized using 'CodeIgniter\Session\Handlers\FileHandler' driver.
DEBUG - 2025-09-24 12:23:52 --> User IP: ::1
DEBUG - 2025-09-24 12:24:11 --> Session: Class initialized using 'CodeIgniter\Session\Handlers\FileHandler' driver.
DEBUG - 2025-09-24 12:24:11 --> User IP: ::1
DEBUG - 2025-09-24 12:24:24 --> Session: Class initialized using 'CodeIgniter\Session\Handlers\FileHandler' driver.
DEBUG - 2025-09-24 12:24:24 --> User IP: ::1
DEBUG - 2025-09-24 12:24:24 --> Session: Class initialized using 'CodeIgniter\Session\Handlers\FileHandler' driver.
DEBUG - 2025-09-24 12:24:24 --> User IP: ::1
DEBUG - 2025-09-24 12:25:06 --> Session: Class initialized using 'CodeIgniter\Session\Handlers\FileHandler' driver.
DEBUG - 2025-09-24 12:25:06 --> User IP: ::1
DEBUG - 2025-09-24 12:26:24 --> Session: Class initialized using 'CodeIgniter\Session\Handlers\FileHandler' driver.
DEBUG - 2025-09-24 12:26:24 --> User IP: ::1
DEBUG - 2025-09-24 12:26:28 --> Session: Class initialized using 'CodeIgniter\Session\Handlers\FileHandler' driver.
DEBUG - 2025-09-24 12:26:28 --> User IP: ::1
DEBUG - 2025-09-24 12:26:48 --> Session: Class initialized using 'CodeIgniter\Session\Handlers\FileHandler' driver.
DEBUG - 2025-09-24 12:26:48 --> User IP: ::1
DEBUG - 2025-09-24 12:26:50 --> Session: Class initialized using 'CodeIgniter\Session\Handlers\FileHandler' driver.
DEBUG - 2025-09-24 12:26:50 --> User IP: ::1
DEBUG - 2025-09-24 12:27:03 --> Session: Class initialized using 'CodeIgniter\Session\Handlers\FileHandler' driver.
DEBUG - 2025-09-24 12:27:03 --> User IP: ::1
DEBUG - 2025-09-24 12:27:03 --> Session: Class initialized using 'CodeIgniter\Session\Handlers\FileHandler' driver.
DEBUG - 2025-09-24 12:27:03 --> User IP: ::1
DEBUG - 2025-09-24 12:29:12 --> Session: Class initialized using 'CodeIgniter\Session\Handlers\FileHandler' driver.
DEBUG - 2025-09-24 12:29:12 --> User IP: ::1
DEBUG - 2025-09-24 12:29:13 --> Session: Class initialized using 'CodeIgniter\Session\Handlers\FileHandler' driver.
DEBUG - 2025-09-24 12:29:13 --> User IP: ::1
DEBUG - 2025-09-24 12:32:04 --> Session: Class initialized using 'CodeIgniter\Session\Handlers\FileHandler' driver.
DEBUG - 2025-09-24 12:32:04 --> User IP: ::1
DEBUG - 2025-09-24 12:32:04 --> Session: Class initialized using 'CodeIgniter\Session\Handlers\FileHandler' driver.
DEBUG - 2025-09-24 12:32:04 --> User IP: ::1
DEBUG - 2025-09-24 12:32:50 --> Session: Class initialized using 'CodeIgniter\Session\Handlers\FileHandler' driver.
DEBUG - 2025-09-24 12:32:50 --> User IP: ::1
DEBUG - 2025-09-24 12:32:50 --> Session: Class initialized using 'CodeIgniter\Session\Handlers\FileHandler' driver.
DEBUG - 2025-09-24 12:32:50 --> User IP: ::1
DEBUG - 2025-09-24 12:34:57 --> Session: Class initialized using 'CodeIgniter\Session\Handlers\FileHandler' driver.
DEBUG - 2025-09-24 12:34:57 --> User IP: ::1
DEBUG - 2025-09-24 12:35:08 --> Session: Class initialized using 'CodeIgniter\Session\Handlers\FileHandler' driver.
DEBUG - 2025-09-24 12:35:08 --> User IP: ::1
DEBUG - 2025-09-24 12:35:21 --> Session: Class initialized using 'CodeIgniter\Session\Handlers\FileHandler' driver.
DEBUG - 2025-09-24 12:35:21 --> User IP: ::1
DEBUG - 2025-09-24 12:36:17 --> Session: Class initialized using 'CodeIgniter\Session\Handlers\FileHandler' driver.
DEBUG - 2025-09-24 12:36:17 --> User IP: ::1
DEBUG - 2025-09-24 12:36:17 --> Session: Class initialized using 'CodeIgniter\Session\Handlers\FileHandler' driver.
DEBUG - 2025-09-24 12:36:17 --> User IP: ::1
DEBUG - 2025-09-24 12:36:20 --> Session: Class initialized using 'CodeIgniter\Session\Handlers\FileHandler' driver.
DEBUG - 2025-09-24 12:36:20 --> User IP: ::1
DEBUG - 2025-09-24 12:36:28 --> Session: Class initialized using 'CodeIgniter\Session\Handlers\FileHandler' driver.
DEBUG - 2025-09-24 12:36:28 --> User IP: ::1
DEBUG - 2025-09-24 12:36:29 --> Session: Class initialized using 'CodeIgniter\Session\Handlers\FileHandler' driver.
DEBUG - 2025-09-24 12:36:29 --> User IP: ::1
DEBUG - 2025-09-24 12:36:31 --> Session: Class initialized using 'CodeIgniter\Session\Handlers\FileHandler' driver.
DEBUG - 2025-09-24 12:36:31 --> User IP: ::1
DEBUG - 2025-09-24 12:36:50 --> Session: Class initialized using 'CodeIgniter\Session\Handlers\FileHandler' driver.
DEBUG - 2025-09-24 12:36:50 --> User IP: ::1
DEBUG - 2025-09-24 12:36:50 --> Session: Class initialized using 'CodeIgniter\Session\Handlers\FileHandler' driver.
DEBUG - 2025-09-24 12:36:50 --> User IP: ::1
DEBUG - 2025-09-24 12:36:54 --> Session: Class initialized using 'CodeIgniter\Session\Handlers\FileHandler' driver.
DEBUG - 2025-09-24 12:36:54 --> User IP: ::1
DEBUG - 2025-09-24 12:36:58 --> Session: Class initialized using 'CodeIgniter\Session\Handlers\FileHandler' driver.
DEBUG - 2025-09-24 12:36:58 --> User IP: ::1
DEBUG - 2025-09-24 12:36:59 --> Session: Class initialized using 'CodeIgniter\Session\Handlers\FileHandler' driver.
DEBUG - 2025-09-24 12:36:59 --> User IP: ::1
DEBUG - 2025-09-24 12:37:01 --> Session: Class initialized using 'CodeIgniter\Session\Handlers\FileHandler' driver.
DEBUG - 2025-09-24 12:37:01 --> User IP: ::1
DEBUG - 2025-09-24 12:37:28 --> Session: Class initialized using 'CodeIgniter\Session\Handlers\FileHandler' driver.
DEBUG - 2025-09-24 12:37:28 --> User IP: ::1
DEBUG - 2025-09-24 12:37:28 --> Session: Class initialized using 'CodeIgniter\Session\Handlers\FileHandler' driver.
DEBUG - 2025-09-24 12:37:28 --> User IP: ::1
DEBUG - 2025-09-24 12:37:30 --> Session: Class initialized using 'CodeIgniter\Session\Handlers\FileHandler' driver.
DEBUG - 2025-09-24 12:37:30 --> User IP: ::1
DEBUG - 2025-09-24 12:37:33 --> Session: Class initialized using 'CodeIgniter\Session\Handlers\FileHandler' driver.
DEBUG - 2025-09-24 12:37:33 --> User IP: ::1
DEBUG - 2025-09-24 12:37:55 --> Session: Class initialized using 'CodeIgniter\Session\Handlers\FileHandler' driver.
DEBUG - 2025-09-24 12:37:55 --> User IP: ::1
DEBUG - 2025-09-24 12:37:55 --> Session: Class initialized using 'CodeIgniter\Session\Handlers\FileHandler' driver.
DEBUG - 2025-09-24 12:37:55 --> User IP: ::1
DEBUG - 2025-09-24 12:37:55 --> Session: Class initialized using 'CodeIgniter\Session\Handlers\FileHandler' driver.
DEBUG - 2025-09-24 12:37:55 --> User IP: ::1
DEBUG - 2025-09-24 12:38:03 --> Session: Class initialized using 'CodeIgniter\Session\Handlers\FileHandler' driver.
DEBUG - 2025-09-24 12:38:03 --> User IP: ::1
DEBUG - 2025-09-24 12:38:04 --> Session: Class initialized using 'CodeIgniter\Session\Handlers\FileHandler' driver.
DEBUG - 2025-09-24 12:38:04 --> User IP: ::1
DEBUG - 2025-09-24 12:39:45 --> Session: Class initialized using 'CodeIgniter\Session\Handlers\FileHandler' driver.
DEBUG - 2025-09-24 12:39:45 --> User IP: ::1
DEBUG - 2025-09-24 12:39:46 --> Session: Class initialized using 'CodeIgniter\Session\Handlers\FileHandler' driver.
DEBUG - 2025-09-24 12:39:47 --> User IP: ::1
DEBUG - 2025-09-24 12:40:06 --> Session: Class initialized using 'CodeIgniter\Session\Handlers\FileHandler' driver.
DEBUG - 2025-09-24 12:40:06 --> User IP: ::1
DEBUG - 2025-09-24 12:40:06 --> Session: Class initialized using 'CodeIgniter\Session\Handlers\FileHandler' driver.
DEBUG - 2025-09-24 12:40:06 --> User IP: ::1
DEBUG - 2025-09-24 12:40:06 --> Session: Class initialized using 'CodeIgniter\Session\Handlers\FileHandler' driver.
DEBUG - 2025-09-24 12:40:06 --> User IP: ::1
DEBUG - 2025-09-24 12:40:20 --> Session: Class initialized using 'CodeIgniter\Session\Handlers\FileHandler' driver.
DEBUG - 2025-09-24 12:40:20 --> User IP: ::1
DEBUG - 2025-09-24 12:40:25 --> Session: Class initialized using 'CodeIgniter\Session\Handlers\FileHandler' driver.
DEBUG - 2025-09-24 12:40:25 --> User IP: ::1
DEBUG - 2025-09-24 12:40:30 --> Session: Class initialized using 'CodeIgniter\Session\Handlers\FileHandler' driver.
DEBUG - 2025-09-24 12:40:30 --> User IP: ::1
DEBUG - 2025-09-24 12:40:31 --> Session: Class initialized using 'CodeIgniter\Session\Handlers\FileHandler' driver.
DEBUG - 2025-09-24 12:40:31 --> User IP: ::1
DEBUG - 2025-09-24 12:42:21 --> Session: Class initialized using 'CodeIgniter\Session\Handlers\FileHandler' driver.
DEBUG - 2025-09-24 12:42:21 --> User IP: ::1
DEBUG - 2025-09-24 12:42:21 --> Session: Class initialized using 'CodeIgniter\Session\Handlers\FileHandler' driver.
DEBUG - 2025-09-24 12:42:21 --> User IP: ::1
DEBUG - 2025-09-24 12:44:26 --> Session: Class initialized using 'CodeIgniter\Session\Handlers\FileHandler' driver.
DEBUG - 2025-09-24 12:44:26 --> User IP: ::1
DEBUG - 2025-09-24 12:44:30 --> Session: Class initialized using 'CodeIgniter\Session\Handlers\FileHandler' driver.
DEBUG - 2025-09-24 12:44:30 --> User IP: ::1
DEBUG - 2025-09-24 12:44:49 --> Session: Class initialized using 'CodeIgniter\Session\Handlers\FileHandler' driver.
DEBUG - 2025-09-24 12:44:49 --> User IP: ::1
DEBUG - 2025-09-24 12:44:50 --> Session: Class initialized using 'CodeIgniter\Session\Handlers\FileHandler' driver.
DEBUG - 2025-09-24 12:44:50 --> User IP: ::1
DEBUG - 2025-09-24 12:44:50 --> Session: Class initialized using 'CodeIgniter\Session\Handlers\FileHandler' driver.
DEBUG - 2025-09-24 12:44:50 --> User IP: ::1
DEBUG - 2025-09-24 12:44:55 --> Session: Class initialized using 'CodeIgniter\Session\Handlers\FileHandler' driver.
DEBUG - 2025-09-24 12:44:55 --> User IP: ::1
DEBUG - 2025-09-24 12:49:38 --> Session: Class initialized using 'CodeIgniter\Session\Handlers\FileHandler' driver.
DEBUG - 2025-09-24 12:49:38 --> User IP: ::1
DEBUG - 2025-09-24 12:49:42 --> Session: Class initialized using 'CodeIgniter\Session\Handlers\FileHandler' driver.
DEBUG - 2025-09-24 12:49:42 --> User IP: ::1
DEBUG - 2025-09-24 12:49:52 --> Session: Class initialized using 'CodeIgniter\Session\Handlers\FileHandler' driver.
DEBUG - 2025-09-24 12:49:52 --> User IP: ::1
DEBUG - 2025-09-24 12:49:57 --> Session: Class initialized using 'CodeIgniter\Session\Handlers\FileHandler' driver.
DEBUG - 2025-09-24 12:49:57 --> User IP: ::1
DEBUG - 2025-09-24 12:49:57 --> Session: Class initialized using 'CodeIgniter\Session\Handlers\FileHandler' driver.
DEBUG - 2025-09-24 12:49:57 --> User IP: ::1
DEBUG - 2025-09-24 12:49:58 --> Session: Class initialized using 'CodeIgniter\Session\Handlers\FileHandler' driver.
DEBUG - 2025-09-24 12:49:58 --> User IP: ::1
DEBUG - 2025-09-24 12:50:04 --> Session: Class initialized using 'CodeIgniter\Session\Handlers\FileHandler' driver.
DEBUG - 2025-09-24 12:50:04 --> User IP: ::1
DEBUG - 2025-09-24 12:50:09 --> Session: Class initialized using 'CodeIgniter\Session\Handlers\FileHandler' driver.
DEBUG - 2025-09-24 12:50:09 --> User IP: ::1
DEBUG - 2025-09-24 12:50:10 --> Session: Class initialized using 'CodeIgniter\Session\Handlers\FileHandler' driver.
DEBUG - 2025-09-24 12:50:10 --> User IP: ::1
DEBUG - 2025-09-24 12:50:10 --> Session: Class initialized using 'CodeIgniter\Session\Handlers\FileHandler' driver.
DEBUG - 2025-09-24 12:50:10 --> User IP: ::1
DEBUG - 2025-09-24 12:50:28 --> Session: Class initialized using 'CodeIgniter\Session\Handlers\FileHandler' driver.
DEBUG - 2025-09-24 12:50:28 --> User IP: ::1
DEBUG - 2025-09-24 12:50:28 --> Session: Class initialized using 'CodeIgniter\Session\Handlers\FileHandler' driver.
DEBUG - 2025-09-24 12:50:28 --> User IP: ::1
DEBUG - 2025-09-24 12:50:28 --> Session: Class initialized using 'CodeIgniter\Session\Handlers\FileHandler' driver.
DEBUG - 2025-09-24 12:50:28 --> User IP: ::1
DEBUG - 2025-09-24 12:50:40 --> Session: Class initialized using 'CodeIgniter\Session\Handlers\FileHandler' driver.
DEBUG - 2025-09-24 12:50:40 --> User IP: ::1
DEBUG - 2025-09-24 12:50:41 --> Session: Class initialized using 'CodeIgniter\Session\Handlers\FileHandler' driver.
DEBUG - 2025-09-24 12:50:41 --> User IP: ::1
DEBUG - 2025-09-24 12:50:41 --> Session: Class initialized using 'CodeIgniter\Session\Handlers\FileHandler' driver.
DEBUG - 2025-09-24 12:50:41 --> User IP: ::1
DEBUG - 2025-09-24 12:55:49 --> Session: Class initialized using 'CodeIgniter\Session\Handlers\FileHandler' driver.
DEBUG - 2025-09-24 12:55:49 --> User IP: ::1
DEBUG - 2025-09-24 12:55:49 --> Session: Class initialized using 'CodeIgniter\Session\Handlers\FileHandler' driver.
DEBUG - 2025-09-24 12:55:49 --> User IP: ::1
DEBUG - 2025-09-24 12:56:02 --> Session: Class initialized using 'CodeIgniter\Session\Handlers\FileHandler' driver.
DEBUG - 2025-09-24 12:56:02 --> User IP: ::1
DEBUG - 2025-09-24 12:56:09 --> Session: Class initialized using 'CodeIgniter\Session\Handlers\FileHandler' driver.
DEBUG - 2025-09-24 12:56:09 --> User IP: ::1
DEBUG - 2025-09-24 12:56:37 --> Session: Class initialized using 'CodeIgniter\Session\Handlers\FileHandler' driver.
DEBUG - 2025-09-24 12:56:37 --> User IP: ::1
DEBUG - 2025-09-24 12:56:41 --> Session: Class initialized using 'CodeIgniter\Session\Handlers\FileHandler' driver.
DEBUG - 2025-09-24 12:56:41 --> User IP: ::1
DEBUG - 2025-09-24 12:57:01 --> Session: Class initialized using 'CodeIgniter\Session\Handlers\FileHandler' driver.
DEBUG - 2025-09-24 12:57:01 --> User IP: ::1
DEBUG - 2025-09-24 12:57:01 --> Session: Class initialized using 'CodeIgniter\Session\Handlers\FileHandler' driver.
DEBUG - 2025-09-24 12:57:01 --> User IP: ::1
