DEBUG - 2025-03-24 04:24:33 --> Session: Class initialized using 'CodeIgniter\Session\Handlers\FileHandler' driver.
DEBUG - 2025-03-24 04:24:45 --> Session: Class initialized using 'CodeIgniter\Session\Handlers\FileHandler' driver.
DEBUG - 2025-03-24 04:24:46 --> Session: Class initialized using 'CodeIgniter\Session\Handlers\FileHandler' driver.
DEBUG - 2025-03-24 04:24:48 --> Session: Class initialized using 'CodeIgniter\Session\Handlers\FileHandler' driver.
DEBUG - 2025-03-24 04:25:41 --> Session: Class initialized using 'CodeIgniter\Session\Handlers\FileHandler' driver.
DEBUG - 2025-03-24 04:26:24 --> Session: Class initialized using 'CodeIgniter\Session\Handlers\FileHandler' driver.
DEBUG - 2025-03-24 04:26:35 --> Session: Class initialized using 'CodeIgniter\Session\Handlers\FileHandler' driver.
DEBUG - 2025-03-24 04:26:39 --> Session: Class initialized using 'CodeIgniter\Session\Handlers\FileHandler' driver.
DEBUG - 2025-03-24 04:29:02 --> Session: Class initialized using 'CodeIgniter\Session\Handlers\FileHandler' driver.
DEBUG - 2025-03-24 04:29:02 --> Session: Class initialized using 'CodeIgniter\Session\Handlers\FileHandler' driver.
DEBUG - 2025-03-24 04:29:08 --> Session: Class initialized using 'CodeIgniter\Session\Handlers\FileHandler' driver.
DEBUG - 2025-03-24 04:39:09 --> Session: Class initialized using 'CodeIgniter\Session\Handlers\FileHandler' driver.
DEBUG - 2025-03-24 04:49:09 --> Session: Class initialized using 'CodeIgniter\Session\Handlers\FileHandler' driver.
DEBUG - 2025-03-24 04:59:09 --> Session: Class initialized using 'CodeIgniter\Session\Handlers\FileHandler' driver.
DEBUG - 2025-03-24 04:59:46 --> Session: Class initialized using 'CodeIgniter\Session\Handlers\FileHandler' driver.
DEBUG - 2025-03-24 04:59:49 --> Session: Class initialized using 'CodeIgniter\Session\Handlers\FileHandler' driver.
DEBUG - 2025-03-24 04:59:50 --> Session: Class initialized using 'CodeIgniter\Session\Handlers\FileHandler' driver.
DEBUG - 2025-03-24 04:59:59 --> Session: Class initialized using 'CodeIgniter\Session\Handlers\FileHandler' driver.
CRITICAL - 2025-03-24 06:37:04 --> CodeIgniter\Filters\Exceptions\FilterException: "maintenance" filter must have a matching alias defined.
[Method: GET, Route: /]
in SYSTEMPATH\Filters\Filters.php on line 778.
 1 SYSTEMPATH\Filters\Filters.php(778): CodeIgniter\Filters\Exceptions\FilterException::forNoAlias('maintenance')
 2 SYSTEMPATH\Filters\Filters.php(406): CodeIgniter\Filters\Filters->processAliasesToClass('before')
 3 SYSTEMPATH\Filters\Filters.php(181): CodeIgniter\Filters\Filters->initialize('')
 4 SYSTEMPATH\CodeIgniter.php(481): CodeIgniter\Filters\Filters->run('', 'before')
 5 SYSTEMPATH\CodeIgniter.php(355): CodeIgniter\CodeIgniter->handleRequest(null, Object(Config\Cache), false)
 6 SYSTEMPATH\Boot.php(334): CodeIgniter\CodeIgniter->run()
 7 SYSTEMPATH\Boot.php(67): CodeIgniter\Boot::runCodeIgniter(Object(CodeIgniter\CodeIgniter))
 8 FCPATH\index.php(56): CodeIgniter\Boot::bootWeb(Object(Config\Paths))
 9 SYSTEMPATH\rewrite.php(44): require_once('C:\\xampp\\htdocs\\gighz\\public\\index.php')
CRITICAL - 2025-03-24 06:37:05 --> CodeIgniter\Filters\Exceptions\FilterException: "maintenance" filter must have a matching alias defined.
[Method: GET, Route: /]
in SYSTEMPATH\Filters\Filters.php on line 778.
 1 SYSTEMPATH\Filters\Filters.php(778): CodeIgniter\Filters\Exceptions\FilterException::forNoAlias('maintenance')
 2 SYSTEMPATH\Filters\Filters.php(406): CodeIgniter\Filters\Filters->processAliasesToClass('before')
 3 SYSTEMPATH\Filters\Filters.php(181): CodeIgniter\Filters\Filters->initialize('')
 4 SYSTEMPATH\CodeIgniter.php(481): CodeIgniter\Filters\Filters->run('', 'before')
 5 SYSTEMPATH\CodeIgniter.php(355): CodeIgniter\CodeIgniter->handleRequest(null, Object(Config\Cache), false)
 6 SYSTEMPATH\Boot.php(334): CodeIgniter\CodeIgniter->run()
 7 SYSTEMPATH\Boot.php(67): CodeIgniter\Boot::runCodeIgniter(Object(CodeIgniter\CodeIgniter))
 8 FCPATH\index.php(56): CodeIgniter\Boot::bootWeb(Object(Config\Paths))
 9 SYSTEMPATH\rewrite.php(44): require_once('C:\\xampp\\htdocs\\gighz\\public\\index.php')
DEBUG - 2025-03-24 06:49:18 --> Session: Class initialized using 'CodeIgniter\Session\Handlers\FileHandler' driver.
DEBUG - 2025-03-24 06:59:31 --> Session: Class initialized using 'CodeIgniter\Session\Handlers\FileHandler' driver.
DEBUG - 2025-03-24 07:06:39 --> User IP: ::1
DEBUG - 2025-03-24 07:06:42 --> User IP: ::1
DEBUG - 2025-03-24 07:11:08 --> User IP: ::1
DEBUG - 2025-03-24 07:11:09 --> User IP: ::1
DEBUG - 2025-03-24 07:11:10 --> User IP: ::1
DEBUG - 2025-03-24 07:11:10 --> User IP: ::1
DEBUG - 2025-03-24 07:11:10 --> User IP: ::1
DEBUG - 2025-03-24 07:11:10 --> User IP: ::1
DEBUG - 2025-03-24 07:11:11 --> User IP: ::1
DEBUG - 2025-03-24 07:11:12 --> User IP: ::1
DEBUG - 2025-03-24 07:11:12 --> User IP: ::1
DEBUG - 2025-03-24 07:11:12 --> User IP: ::1
DEBUG - 2025-03-24 07:11:46 --> User IP: ::1
DEBUG - 2025-03-24 07:11:46 --> Session: Class initialized using 'CodeIgniter\Session\Handlers\FileHandler' driver.
DEBUG - 2025-03-24 07:24:25 --> User IP: ::1
DEBUG - 2025-03-24 07:24:25 --> Session: Class initialized using 'CodeIgniter\Session\Handlers\FileHandler' driver.
DEBUG - 2025-03-24 07:24:40 --> User IP: ::1
DEBUG - 2025-03-24 07:24:40 --> Session: Class initialized using 'CodeIgniter\Session\Handlers\FileHandler' driver.
DEBUG - 2025-03-24 07:27:51 --> User IP: ::1
DEBUG - 2025-03-24 07:27:51 --> Session: Class initialized using 'CodeIgniter\Session\Handlers\FileHandler' driver.
DEBUG - 2025-03-24 07:38:11 --> User IP: ::1
DEBUG - 2025-03-24 07:38:11 --> Session: Class initialized using 'CodeIgniter\Session\Handlers\FileHandler' driver.
DEBUG - 2025-03-24 07:38:11 --> User IP: ::1
DEBUG - 2025-03-24 07:38:11 --> Session: Class initialized using 'CodeIgniter\Session\Handlers\FileHandler' driver.
DEBUG - 2025-03-24 07:38:13 --> User IP: ::1
DEBUG - 2025-03-24 07:38:13 --> Session: Class initialized using 'CodeIgniter\Session\Handlers\FileHandler' driver.
DEBUG - 2025-03-24 07:38:17 --> User IP: ::1
DEBUG - 2025-03-24 07:38:17 --> Session: Class initialized using 'CodeIgniter\Session\Handlers\FileHandler' driver.
DEBUG - 2025-03-24 07:38:52 --> User IP: ::1
DEBUG - 2025-03-24 07:38:52 --> Session: Class initialized using 'CodeIgniter\Session\Handlers\FileHandler' driver.
DEBUG - 2025-03-24 07:39:21 --> User IP: ::1
DEBUG - 2025-03-24 07:39:21 --> Session: Class initialized using 'CodeIgniter\Session\Handlers\FileHandler' driver.
DEBUG - 2025-03-24 07:39:26 --> User IP: ::1
DEBUG - 2025-03-24 07:39:26 --> User ID: 4, Date: 2025-03-21
DEBUG - 2025-03-24 07:43:51 --> User IP: ::1
DEBUG - 2025-03-24 07:43:51 --> Session: Class initialized using 'CodeIgniter\Session\Handlers\FileHandler' driver.
DEBUG - 2025-03-24 07:43:54 --> User IP: ::1
DEBUG - 2025-03-24 07:43:54 --> Session: Class initialized using 'CodeIgniter\Session\Handlers\FileHandler' driver.
DEBUG - 2025-03-24 07:44:27 --> User IP: ::1
DEBUG - 2025-03-24 07:44:27 --> User ID: 10, Date: 2025-03-21
DEBUG - 2025-03-24 07:44:46 --> User IP: ::1
DEBUG - 2025-03-24 07:44:46 --> Session: Class initialized using 'CodeIgniter\Session\Handlers\FileHandler' driver.
DEBUG - 2025-03-24 07:45:16 --> User IP: ::1
DEBUG - 2025-03-24 07:45:17 --> Session: Class initialized using 'CodeIgniter\Session\Handlers\FileHandler' driver.
DEBUG - 2025-03-24 07:45:18 --> User IP: ::1
DEBUG - 2025-03-24 07:45:18 --> User ID: 2, Date: 2025-03-21
DEBUG - 2025-03-24 07:49:05 --> User IP: ::1
CRITICAL - 2025-03-24 07:49:05 --> ParseError: syntax error, unexpected token "function", expecting "("
[Method: GET, Route: attendance/getPunchRecords]
in APPPATH\Controllers\BiometricController.php on line 188.
 1 SYSTEMPATH\Autoloader\Autoloader.php(295): CodeIgniter\Autoloader\Autoloader->includeFile('C:\\xampp\\htdocs\\gighz\\app\\Controllers\\BiometricController.php')
 2 SYSTEMPATH\Autoloader\Autoloader.php(271): CodeIgniter\Autoloader\Autoloader->loadInNamespace('App\\Controllers\\BiometricController')
 3 [internal function]: CodeIgniter\Autoloader\Autoloader->loadClass('App\\Controllers\\BiometricController')
 4 SYSTEMPATH\CodeIgniter.php(887): class_exists('\\App\\Controllers\\BiometricController', true)
 5 SYSTEMPATH\CodeIgniter.php(496): CodeIgniter\CodeIgniter->startController()
 6 SYSTEMPATH\CodeIgniter.php(355): CodeIgniter\CodeIgniter->handleRequest(null, Object(Config\Cache), false)
 7 SYSTEMPATH\Boot.php(334): CodeIgniter\CodeIgniter->run()
 8 SYSTEMPATH\Boot.php(67): CodeIgniter\Boot::runCodeIgniter(Object(CodeIgniter\CodeIgniter))
 9 FCPATH\index.php(56): CodeIgniter\Boot::bootWeb(Object(Config\Paths))
10 SYSTEMPATH\rewrite.php(44): require_once('C:\\xampp\\htdocs\\gighz\\public\\index.php')
DEBUG - 2025-03-24 07:49:17 --> User IP: ::1
CRITICAL - 2025-03-24 07:49:17 --> ParseError: syntax error, unexpected token "function", expecting "("
[Method: GET, Route: attendance]
in APPPATH\Controllers\BiometricController.php on line 188.
 1 SYSTEMPATH\Autoloader\Autoloader.php(295): CodeIgniter\Autoloader\Autoloader->includeFile('C:\\xampp\\htdocs\\gighz\\app\\Controllers\\BiometricController.php')
 2 SYSTEMPATH\Autoloader\Autoloader.php(271): CodeIgniter\Autoloader\Autoloader->loadInNamespace('App\\Controllers\\BiometricController')
 3 [internal function]: CodeIgniter\Autoloader\Autoloader->loadClass('App\\Controllers\\BiometricController')
 4 SYSTEMPATH\CodeIgniter.php(887): class_exists('\\App\\Controllers\\BiometricController', true)
 5 SYSTEMPATH\CodeIgniter.php(496): CodeIgniter\CodeIgniter->startController()
 6 SYSTEMPATH\CodeIgniter.php(355): CodeIgniter\CodeIgniter->handleRequest(null, Object(Config\Cache), false)
 7 SYSTEMPATH\Boot.php(334): CodeIgniter\CodeIgniter->run()
 8 SYSTEMPATH\Boot.php(67): CodeIgniter\Boot::runCodeIgniter(Object(CodeIgniter\CodeIgniter))
 9 FCPATH\index.php(56): CodeIgniter\Boot::bootWeb(Object(Config\Paths))
10 SYSTEMPATH\rewrite.php(44): require_once('C:\\xampp\\htdocs\\gighz\\public\\index.php')
DEBUG - 2025-03-24 07:49:19 --> User IP: ::1
CRITICAL - 2025-03-24 07:49:19 --> ParseError: syntax error, unexpected token "function", expecting "("
[Method: GET, Route: attendance]
in APPPATH\Controllers\BiometricController.php on line 188.
 1 SYSTEMPATH\Autoloader\Autoloader.php(295): CodeIgniter\Autoloader\Autoloader->includeFile('C:\\xampp\\htdocs\\gighz\\app\\Controllers\\BiometricController.php')
 2 SYSTEMPATH\Autoloader\Autoloader.php(271): CodeIgniter\Autoloader\Autoloader->loadInNamespace('App\\Controllers\\BiometricController')
 3 [internal function]: CodeIgniter\Autoloader\Autoloader->loadClass('App\\Controllers\\BiometricController')
 4 SYSTEMPATH\CodeIgniter.php(887): class_exists('\\App\\Controllers\\BiometricController', true)
 5 SYSTEMPATH\CodeIgniter.php(496): CodeIgniter\CodeIgniter->startController()
 6 SYSTEMPATH\CodeIgniter.php(355): CodeIgniter\CodeIgniter->handleRequest(null, Object(Config\Cache), false)
 7 SYSTEMPATH\Boot.php(334): CodeIgniter\CodeIgniter->run()
 8 SYSTEMPATH\Boot.php(67): CodeIgniter\Boot::runCodeIgniter(Object(CodeIgniter\CodeIgniter))
 9 FCPATH\index.php(56): CodeIgniter\Boot::bootWeb(Object(Config\Paths))
10 SYSTEMPATH\rewrite.php(44): require_once('C:\\xampp\\htdocs\\gighz\\public\\index.php')
DEBUG - 2025-03-24 07:49:25 --> User IP: ::1
DEBUG - 2025-03-24 07:49:25 --> Session: Class initialized using 'CodeIgniter\Session\Handlers\FileHandler' driver.
DEBUG - 2025-03-24 07:49:27 --> User IP: ::1
DEBUG - 2025-03-24 07:49:28 --> User ID: 4, Date: 2025-03-21
DEBUG - 2025-03-24 07:57:14 --> User IP: ::1
DEBUG - 2025-03-24 07:57:14 --> Session: Class initialized using 'CodeIgniter\Session\Handlers\FileHandler' driver.
DEBUG - 2025-03-24 07:57:17 --> User IP: ::1
DEBUG - 2025-03-24 07:57:17 --> User ID: 17, Date: 2025-03-21
DEBUG - 2025-03-24 07:58:50 --> User IP: ::1
DEBUG - 2025-03-24 07:58:50 --> Session: Class initialized using 'CodeIgniter\Session\Handlers\FileHandler' driver.
DEBUG - 2025-03-24 07:58:52 --> User IP: ::1
DEBUG - 2025-03-24 07:58:52 --> User ID: 17, Date: 2025-03-21
DEBUG - 2025-03-24 07:58:55 --> User IP: ::1
DEBUG - 2025-03-24 07:58:58 --> User IP: ::1
DEBUG - 2025-03-24 07:58:58 --> Session: Class initialized using 'CodeIgniter\Session\Handlers\FileHandler' driver.
DEBUG - 2025-03-24 08:03:40 --> User IP: ::1
DEBUG - 2025-03-24 08:03:40 --> Session: Class initialized using 'CodeIgniter\Session\Handlers\FileHandler' driver.
DEBUG - 2025-03-24 08:03:42 --> User IP: ::1
DEBUG - 2025-03-24 08:03:43 --> User ID: 17, Date: 2025-03-21
DEBUG - 2025-03-24 08:04:34 --> User IP: ::1
DEBUG - 2025-03-24 08:04:34 --> Session: Class initialized using 'CodeIgniter\Session\Handlers\FileHandler' driver.
DEBUG - 2025-03-24 08:04:35 --> User IP: ::1
DEBUG - 2025-03-24 08:04:36 --> User ID: 17, Date: 2025-03-21
DEBUG - 2025-03-24 08:11:12 --> User IP: ::1
DEBUG - 2025-03-24 08:11:12 --> Session: Class initialized using 'CodeIgniter\Session\Handlers\FileHandler' driver.
DEBUG - 2025-03-24 08:11:22 --> User IP: ::1
DEBUG - 2025-03-24 08:11:22 --> Session: Class initialized using 'CodeIgniter\Session\Handlers\FileHandler' driver.
DEBUG - 2025-03-24 08:11:28 --> User IP: ::1
DEBUG - 2025-03-24 08:11:28 --> User ID: 17, Date: 2025-03-21
DEBUG - 2025-03-24 08:11:32 --> User IP: ::1
CRITICAL - 2025-03-24 08:11:32 --> TypeError: CodeIgniter\BaseModel::timeToString(): Argument #1 ($properties) must be of type array, string given, called in C:\xampp\htdocs\gighz\system\BaseModel.php on line 1872
[Method: POST, Route: attendance/changeWorkType]
in SYSTEMPATH\BaseModel.php on line 1761.
 1 SYSTEMPATH\BaseModel.php(1872): CodeIgniter\BaseModel->timeToString('OD')
 2 SYSTEMPATH\BaseModel.php(996): CodeIgniter\BaseModel->transformDataToArray('OD', 'update')
 3 SYSTEMPATH\Model.php(863): CodeIgniter\BaseModel->update([...], 'OD')
 4 APPPATH\Controllers\BiometricController.php(196): CodeIgniter\Model->update('total_hours', 'OD')
 5 SYSTEMPATH\CodeIgniter.php(933): App\Controllers\BiometricController->chanegTypeOfWork()
 6 SYSTEMPATH\CodeIgniter.php(509): CodeIgniter\CodeIgniter->runController(Object(App\Controllers\BiometricController))
 7 SYSTEMPATH\CodeIgniter.php(355): CodeIgniter\CodeIgniter->handleRequest(null, Object(Config\Cache), false)
 8 SYSTEMPATH\Boot.php(334): CodeIgniter\CodeIgniter->run()
 9 SYSTEMPATH\Boot.php(67): CodeIgniter\Boot::runCodeIgniter(Object(CodeIgniter\CodeIgniter))
10 FCPATH\index.php(56): CodeIgniter\Boot::bootWeb(Object(Config\Paths))
11 SYSTEMPATH\rewrite.php(44): require_once('C:\\xampp\\htdocs\\gighz\\public\\index.php')
DEBUG - 2025-03-24 08:14:44 --> User IP: ::1
DEBUG - 2025-03-24 08:14:44 --> User ID: 17, Date: 2025-03-21
DEBUG - 2025-03-24 08:16:15 --> User IP: ::1
DEBUG - 2025-03-24 08:16:15 --> Session: Class initialized using 'CodeIgniter\Session\Handlers\FileHandler' driver.
DEBUG - 2025-03-24 08:16:20 --> User IP: ::1
CRITICAL - 2025-03-24 08:16:20 --> TypeError: CodeIgniter\BaseModel::timeToString(): Argument #1 ($properties) must be of type array, string given, called in C:\xampp\htdocs\gighz\system\BaseModel.php on line 1872
[Method: GET, Route: attendance/changeWorkType]
in SYSTEMPATH\BaseModel.php on line 1761.
 1 SYSTEMPATH\BaseModel.php(1872): CodeIgniter\BaseModel->timeToString('OD')
 2 SYSTEMPATH\BaseModel.php(996): CodeIgniter\BaseModel->transformDataToArray('OD', 'update')
 3 SYSTEMPATH\Model.php(863): CodeIgniter\BaseModel->update([...], 'OD')
 4 APPPATH\Controllers\BiometricController.php(199): CodeIgniter\Model->update('total_hours', 'OD')
 5 SYSTEMPATH\CodeIgniter.php(933): App\Controllers\BiometricController->chanegTypeOfWork()
 6 SYSTEMPATH\CodeIgniter.php(509): CodeIgniter\CodeIgniter->runController(Object(App\Controllers\BiometricController))
 7 SYSTEMPATH\CodeIgniter.php(355): CodeIgniter\CodeIgniter->handleRequest(null, Object(Config\Cache), false)
 8 SYSTEMPATH\Boot.php(334): CodeIgniter\CodeIgniter->run()
 9 SYSTEMPATH\Boot.php(67): CodeIgniter\Boot::runCodeIgniter(Object(CodeIgniter\CodeIgniter))
10 FCPATH\index.php(56): CodeIgniter\Boot::bootWeb(Object(Config\Paths))
11 SYSTEMPATH\rewrite.php(44): require_once('C:\\xampp\\htdocs\\gighz\\public\\index.php')
DEBUG - 2025-03-24 08:18:03 --> User IP: ::1
CRITICAL - 2025-03-24 08:18:03 --> TypeError: CodeIgniter\BaseModel::timeToString(): Argument #1 ($properties) must be of type array, string given, called in C:\xampp\htdocs\gighz\system\BaseModel.php on line 1872
[Method: GET, Route: attendance/changeWorkType]
in SYSTEMPATH\BaseModel.php on line 1761.
 1 SYSTEMPATH\BaseModel.php(1872): CodeIgniter\BaseModel->timeToString('OD')
 2 SYSTEMPATH\BaseModel.php(996): CodeIgniter\BaseModel->transformDataToArray('OD', 'update')
 3 SYSTEMPATH\Model.php(863): CodeIgniter\BaseModel->update([...], 'OD')
 4 APPPATH\Controllers\BiometricController.php(199): CodeIgniter\Model->update('total_hours', 'OD')
 5 SYSTEMPATH\CodeIgniter.php(933): App\Controllers\BiometricController->chanegTypeOfWork()
 6 SYSTEMPATH\CodeIgniter.php(509): CodeIgniter\CodeIgniter->runController(Object(App\Controllers\BiometricController))
 7 SYSTEMPATH\CodeIgniter.php(355): CodeIgniter\CodeIgniter->handleRequest(null, Object(Config\Cache), false)
 8 SYSTEMPATH\Boot.php(334): CodeIgniter\CodeIgniter->run()
 9 SYSTEMPATH\Boot.php(67): CodeIgniter\Boot::runCodeIgniter(Object(CodeIgniter\CodeIgniter))
10 FCPATH\index.php(56): CodeIgniter\Boot::bootWeb(Object(Config\Paths))
11 SYSTEMPATH\rewrite.php(44): require_once('C:\\xampp\\htdocs\\gighz\\public\\index.php')
DEBUG - 2025-03-24 08:18:52 --> User IP: ::1
DEBUG - 2025-03-24 08:18:52 --> Session: Class initialized using 'CodeIgniter\Session\Handlers\FileHandler' driver.
DEBUG - 2025-03-24 08:18:59 --> User IP: ::1
DEBUG - 2025-03-24 08:21:46 --> User IP: ::1
DEBUG - 2025-03-24 08:21:46 --> Session: Class initialized using 'CodeIgniter\Session\Handlers\FileHandler' driver.
DEBUG - 2025-03-24 08:22:11 --> User IP: ::1
DEBUG - 2025-03-24 08:22:11 --> User ID: 45, Date: 2025-03-21
DEBUG - 2025-03-24 08:22:33 --> User IP: ::1
DEBUG - 2025-03-24 08:22:33 --> Session: Class initialized using 'CodeIgniter\Session\Handlers\FileHandler' driver.
DEBUG - 2025-03-24 08:22:35 --> User IP: ::1
DEBUG - 2025-03-24 08:22:35 --> User ID: 45, Date: 2025-03-21
DEBUG - 2025-03-24 08:22:40 --> User IP: ::1
DEBUG - 2025-03-24 08:22:43 --> User IP: ::1
DEBUG - 2025-03-24 08:22:43 --> Session: Class initialized using 'CodeIgniter\Session\Handlers\FileHandler' driver.
DEBUG - 2025-03-24 08:22:47 --> User IP: ::1
DEBUG - 2025-03-24 08:22:47 --> User ID: 16, Date: 2025-03-21
DEBUG - 2025-03-24 08:22:50 --> User IP: ::1
DEBUG - 2025-03-24 08:22:51 --> User IP: ::1
DEBUG - 2025-03-24 08:22:51 --> Session: Class initialized using 'CodeIgniter\Session\Handlers\FileHandler' driver.
DEBUG - 2025-03-24 08:22:53 --> User IP: ::1
DEBUG - 2025-03-24 08:22:53 --> User ID: 1, Date: 2025-03-21
DEBUG - 2025-03-24 08:22:56 --> User IP: ::1
DEBUG - 2025-03-24 08:22:58 --> User IP: ::1
DEBUG - 2025-03-24 08:22:58 --> Session: Class initialized using 'CodeIgniter\Session\Handlers\FileHandler' driver.
DEBUG - 2025-03-24 09:48:24 --> User IP: ::1
DEBUG - 2025-03-24 09:48:25 --> Session: Class initialized using 'CodeIgniter\Session\Handlers\FileHandler' driver.
DEBUG - 2025-03-24 09:48:55 --> User IP: ::1
DEBUG - 2025-03-24 09:48:55 --> User ID: 23, Date: 2025-03-22
DEBUG - 2025-03-24 09:49:27 --> User IP: ::1
DEBUG - 2025-03-24 09:49:27 --> User ID: 17, Date: 2025-03-21
DEBUG - 2025-03-24 09:57:16 --> User IP: ::1
DEBUG - 2025-03-24 09:57:16 --> Session: Class initialized using 'CodeIgniter\Session\Handlers\FileHandler' driver.
DEBUG - 2025-03-24 09:57:52 --> User IP: ::1
DEBUG - 2025-03-24 09:57:52 --> Session: Class initialized using 'CodeIgniter\Session\Handlers\FileHandler' driver.
DEBUG - 2025-03-24 09:58:45 --> User IP: ::1
DEBUG - 2025-03-24 09:58:45 --> Session: Class initialized using 'CodeIgniter\Session\Handlers\FileHandler' driver.
DEBUG - 2025-03-24 09:58:47 --> User IP: ::1
DEBUG - 2025-03-24 09:58:47 --> Session: Class initialized using 'CodeIgniter\Session\Handlers\FileHandler' driver.
DEBUG - 2025-03-24 09:58:48 --> User IP: ::1
DEBUG - 2025-03-24 09:58:48 --> Session: Class initialized using 'CodeIgniter\Session\Handlers\FileHandler' driver.
DEBUG - 2025-03-24 09:58:55 --> User IP: ::1
DEBUG - 2025-03-24 09:58:55 --> Session: Class initialized using 'CodeIgniter\Session\Handlers\FileHandler' driver.
DEBUG - 2025-03-24 09:59:14 --> User IP: ::1
DEBUG - 2025-03-24 09:59:14 --> Session: Class initialized using 'CodeIgniter\Session\Handlers\FileHandler' driver.
DEBUG - 2025-03-24 09:59:37 --> User IP: ::1
DEBUG - 2025-03-24 09:59:37 --> Session: Class initialized using 'CodeIgniter\Session\Handlers\FileHandler' driver.
DEBUG - 2025-03-24 10:01:05 --> User IP: ::1
DEBUG - 2025-03-24 10:01:05 --> Session: Class initialized using 'CodeIgniter\Session\Handlers\FileHandler' driver.
DEBUG - 2025-03-24 10:04:01 --> User IP: ::1
DEBUG - 2025-03-24 10:04:01 --> Session: Class initialized using 'CodeIgniter\Session\Handlers\FileHandler' driver.
DEBUG - 2025-03-24 10:04:24 --> User IP: ::1
DEBUG - 2025-03-24 10:04:24 --> User ID: 45, Date: 2025-03-21
DEBUG - 2025-03-24 10:05:21 --> User IP: ::1
DEBUG - 2025-03-24 10:05:21 --> Session: Class initialized using 'CodeIgniter\Session\Handlers\FileHandler' driver.
DEBUG - 2025-03-24 10:10:52 --> User IP: ::1
DEBUG - 2025-03-24 10:10:52 --> Session: Class initialized using 'CodeIgniter\Session\Handlers\FileHandler' driver.
DEBUG - 2025-03-24 10:11:15 --> User IP: ::1
DEBUG - 2025-03-24 10:11:15 --> Session: Class initialized using 'CodeIgniter\Session\Handlers\FileHandler' driver.
DEBUG - 2025-03-24 10:13:37 --> User IP: ::1
DEBUG - 2025-03-24 10:13:37 --> Session: Class initialized using 'CodeIgniter\Session\Handlers\FileHandler' driver.
DEBUG - 2025-03-24 10:13:39 --> User IP: ::1
DEBUG - 2025-03-24 10:13:39 --> Session: Class initialized using 'CodeIgniter\Session\Handlers\FileHandler' driver.
DEBUG - 2025-03-24 10:15:52 --> User IP: ::1
DEBUG - 2025-03-24 10:15:52 --> Session: Class initialized using 'CodeIgniter\Session\Handlers\FileHandler' driver.
DEBUG - 2025-03-24 10:16:28 --> User IP: ::1
DEBUG - 2025-03-24 10:16:28 --> User ID: 17, Date: 2025-03-21
DEBUG - 2025-03-24 10:16:33 --> User IP: ::1
DEBUG - 2025-03-24 10:16:34 --> User IP: ::1
DEBUG - 2025-03-24 10:16:34 --> Session: Class initialized using 'CodeIgniter\Session\Handlers\FileHandler' driver.
DEBUG - 2025-03-24 10:16:40 --> User IP: ::1
DEBUG - 2025-03-24 10:16:40 --> User ID: 45, Date: 2025-03-21
DEBUG - 2025-03-24 10:16:44 --> User IP: ::1
DEBUG - 2025-03-24 10:16:46 --> User IP: ::1
DEBUG - 2025-03-24 10:16:46 --> Session: Class initialized using 'CodeIgniter\Session\Handlers\FileHandler' driver.
DEBUG - 2025-03-24 10:16:52 --> User IP: ::1
DEBUG - 2025-03-24 10:16:52 --> User ID: 16, Date: 2025-03-21
DEBUG - 2025-03-24 10:17:00 --> User IP: ::1
DEBUG - 2025-03-24 10:17:02 --> User IP: ::1
DEBUG - 2025-03-24 10:17:02 --> Session: Class initialized using 'CodeIgniter\Session\Handlers\FileHandler' driver.
DEBUG - 2025-03-24 10:17:04 --> User IP: ::1
DEBUG - 2025-03-24 10:17:04 --> User ID: 1, Date: 2025-03-21
DEBUG - 2025-03-24 10:17:07 --> User IP: ::1
DEBUG - 2025-03-24 10:17:08 --> User IP: ::1
DEBUG - 2025-03-24 10:17:08 --> Session: Class initialized using 'CodeIgniter\Session\Handlers\FileHandler' driver.
DEBUG - 2025-03-24 10:17:46 --> User IP: ::1
DEBUG - 2025-03-24 10:17:46 --> User ID: 17, Date: 2025-03-15
DEBUG - 2025-03-24 10:17:53 --> User IP: ::1
DEBUG - 2025-03-24 10:17:55 --> User IP: ::1
DEBUG - 2025-03-24 10:17:55 --> Session: Class initialized using 'CodeIgniter\Session\Handlers\FileHandler' driver.
DEBUG - 2025-03-24 10:17:57 --> User IP: ::1
DEBUG - 2025-03-24 10:17:57 --> User ID: 2, Date: 2025-03-15
DEBUG - 2025-03-24 10:18:01 --> User IP: ::1
DEBUG - 2025-03-24 10:18:03 --> User IP: ::1
DEBUG - 2025-03-24 10:18:03 --> Session: Class initialized using 'CodeIgniter\Session\Handlers\FileHandler' driver.
DEBUG - 2025-03-24 10:18:04 --> User IP: ::1
DEBUG - 2025-03-24 10:18:04 --> User ID: 45, Date: 2025-03-15
DEBUG - 2025-03-24 10:18:06 --> User IP: ::1
DEBUG - 2025-03-24 10:18:08 --> User IP: ::1
DEBUG - 2025-03-24 10:18:08 --> Session: Class initialized using 'CodeIgniter\Session\Handlers\FileHandler' driver.
DEBUG - 2025-03-24 10:18:09 --> User IP: ::1
DEBUG - 2025-03-24 10:18:09 --> User ID: 1, Date: 2025-03-15
DEBUG - 2025-03-24 10:18:25 --> User IP: ::1
DEBUG - 2025-03-24 10:18:27 --> User IP: ::1
DEBUG - 2025-03-24 10:18:27 --> Session: Class initialized using 'CodeIgniter\Session\Handlers\FileHandler' driver.
DEBUG - 2025-03-24 10:18:40 --> User IP: ::1
DEBUG - 2025-03-24 10:18:40 --> User ID: 16, Date: 2025-03-15
DEBUG - 2025-03-24 10:18:50 --> User IP: ::1
DEBUG - 2025-03-24 10:18:51 --> User IP: ::1
DEBUG - 2025-03-24 10:18:52 --> Session: Class initialized using 'CodeIgniter\Session\Handlers\FileHandler' driver.
DEBUG - 2025-03-24 10:18:55 --> User IP: ::1
DEBUG - 2025-03-24 10:18:55 --> User ID: 16, Date: 2025-03-15
DEBUG - 2025-03-24 10:19:03 --> User IP: ::1
DEBUG - 2025-03-24 10:19:03 --> User ID: 2, Date: 2025-03-15
DEBUG - 2025-03-24 10:19:14 --> User IP: ::1
DEBUG - 2025-03-24 10:19:16 --> User IP: ::1
DEBUG - 2025-03-24 10:19:16 --> Session: Class initialized using 'CodeIgniter\Session\Handlers\FileHandler' driver.
DEBUG - 2025-03-24 10:20:15 --> User IP: ::1
DEBUG - 2025-03-24 10:20:15 --> Session: Class initialized using 'CodeIgniter\Session\Handlers\FileHandler' driver.
DEBUG - 2025-03-24 10:20:19 --> User IP: ::1
DEBUG - 2025-03-24 10:20:19 --> User ID: 2, Date: 2025-03-15
DEBUG - 2025-03-24 10:20:22 --> User IP: ::1
DEBUG - 2025-03-24 10:20:22 --> User ID: 2, Date: 2025-03-12
DEBUG - 2025-03-24 10:20:28 --> User IP: ::1
DEBUG - 2025-03-24 10:20:29 --> User IP: ::1
DEBUG - 2025-03-24 10:20:30 --> Session: Class initialized using 'CodeIgniter\Session\Handlers\FileHandler' driver.
DEBUG - 2025-03-24 10:20:40 --> User IP: ::1
DEBUG - 2025-03-24 10:20:40 --> User ID: 2, Date: 2025-03-12
DEBUG - 2025-03-24 10:20:43 --> User IP: ::1
DEBUG - 2025-03-24 10:20:43 --> User ID: 2, Date: 2025-03-12
